<?xml version="1.0" encoding="UTF-8"?>
<testsuite name="com.myshop.products.ProductServiceIT" time="3.606" tests="5" errors="0" skipped="0" failures="4">
  <properties>
    <property name="java.runtime.name" value="Java(TM) SE Runtime Environment"/>
    <property name="sun.boot.library.path" value="C:\Program Files\Java\jdk1.8.0_144\jre\bin"/>
    <property name="java.vm.version" value="25.144-b01"/>
    <property name="java.vm.vendor" value="Oracle Corporation"/>
    <property name="maven.multiModuleProjectDirectory" value="F:\workspace\myshop\products"/>
    <property name="java.vendor.url" value="http://java.oracle.com/"/>
    <property name="path.separator" value=";"/>
    <property name="guice.disable.misplaced.annotation.check" value="true"/>
    <property name="java.vm.name" value="Java HotSpot(TM) 64-Bit Server VM"/>
    <property name="file.encoding.pkg" value="sun.io"/>
    <property name="user.script" value=""/>
    <property name="user.country" value="AU"/>
    <property name="sun.java.launcher" value="SUN_STANDARD"/>
    <property name="sun.os.patch.level" value=""/>
    <property name="java.vm.specification.name" value="Java Virtual Machine Specification"/>
    <property name="user.dir" value="F:\workspace\myshop\products"/>
    <property name="java.runtime.version" value="1.8.0_144-b01"/>
    <property name="java.awt.graphicsenv" value="sun.awt.Win32GraphicsEnvironment"/>
    <property name="java.endorsed.dirs" value="C:\Program Files\Java\jdk1.8.0_144\jre\lib\endorsed"/>
    <property name="os.arch" value="amd64"/>
    <property name="java.io.tmpdir" value="C:\Users\WINDOW~1\AppData\Local\Temp\"/>
    <property name="line.separator" value="&#10;"/>
    <property name="java.vm.specification.vendor" value="Oracle Corporation"/>
    <property name="user.variant" value=""/>
    <property name="os.name" value="Windows 10"/>
    <property name="classworlds.conf" value="F:\workspace\.metadata\.plugins\org.eclipse.m2e.launching\launches\m2conf7369709331555596311.tmp"/>
    <property name="sun.jnu.encoding" value="Cp1252"/>
    <property name="java.library.path" value="C:\Program Files\Java\jdk1.8.0_144\bin;C:\WINDOWS\Sun\Java\bin;C:\WINDOWS\system32;C:\WINDOWS;C:/Program Files/Java/jre1.8.0_144/bin/server;C:/Program Files/Java/jre1.8.0_144/bin;C:/Program Files/Java/jre1.8.0_144/lib/amd64;C:\Program Files\Docker\Docker\Resources\bin;C:\ProgramData\Oracle\Java\javapath;C:\WINDOWS\system32;C:\WINDOWS;C:\WINDOWS\System32\Wbem;C:\WINDOWS\System32\WindowsPowerShell\v1.0\;C:\Program Files\PuTTY\;C:\Program Files\nodejs\;C:\Users\Windows User\AppData\Local\Microsoft\WindowsApps;C:\Users\Windows User\AppData\Local\atom\bin;C:\Users\Windows User\AppData\Roaming\npm;C:\Program Files\Microsoft VS Code\bin;C:\Users\Windows User\AppData\Local\GitHubDesktop\bin;F:\workspace_angular\learn\oshop\node_modules\firebase-tools\bin;;%USERPROFILE%\AppData\Local\Microsoft\WindowsApps;F:\sts-bundle\sts-3.9.1.RELEASE;;."/>
    <property name="java.specification.name" value="Java Platform API Specification"/>
    <property name="java.class.version" value="52.0"/>
    <property name="sun.management.compiler" value="HotSpot 64-Bit Tiered Compilers"/>
    <property name="os.version" value="10.0"/>
    <property name="user.home" value="C:\Users\Windows User"/>
    <property name="user.timezone" value="Australia/Sydney"/>
    <property name="java.awt.printerjob" value="sun.awt.windows.WPrinterJob"/>
    <property name="java.specification.version" value="1.8"/>
    <property name="file.encoding" value="Cp1252"/>
    <property name="user.name" value="Windows User"/>
    <property name="java.class.path" value="F:\sts-bundle\sts-3.9.1.RELEASE\plugins\org.eclipse.m2e.maven.runtime_1.8.2.20171007-0216\jars\plexus-classworlds-2.5.2.jar"/>
    <property name="java.vm.specification.version" value="1.8"/>
    <property name="sun.arch.data.model" value="64"/>
    <property name="java.home" value="C:\Program Files\Java\jdk1.8.0_144\jre"/>
    <property name="sun.java.command" value="org.codehaus.plexus.classworlds.launcher.Launcher -B install"/>
    <property name="java.specification.vendor" value="Oracle Corporation"/>
    <property name="user.language" value="en"/>
    <property name="awt.toolkit" value="sun.awt.windows.WToolkit"/>
    <property name="java.vm.info" value="mixed mode"/>
    <property name="java.version" value="1.8.0_144"/>
    <property name="java.ext.dirs" value="C:\Program Files\Java\jdk1.8.0_144\jre\lib\ext;C:\WINDOWS\Sun\Java\lib\ext"/>
    <property name="sun.boot.class.path" value="C:\Program Files\Java\jdk1.8.0_144\jre\lib\resources.jar;C:\Program Files\Java\jdk1.8.0_144\jre\lib\rt.jar;C:\Program Files\Java\jdk1.8.0_144\jre\lib\sunrsasign.jar;C:\Program Files\Java\jdk1.8.0_144\jre\lib\jsse.jar;C:\Program Files\Java\jdk1.8.0_144\jre\lib\jce.jar;C:\Program Files\Java\jdk1.8.0_144\jre\lib\charsets.jar;C:\Program Files\Java\jdk1.8.0_144\jre\lib\jfr.jar;C:\Program Files\Java\jdk1.8.0_144\jre\classes"/>
    <property name="java.vendor" value="Oracle Corporation"/>
    <property name="maven.home" value="F:\workspace\myshop\products\EMBEDDED"/>
    <property name="file.separator" value="\"/>
    <property name="java.vendor.url.bug" value="http://bugreport.sun.com/bugreport/"/>
    <property name="sun.cpu.endian" value="little"/>
    <property name="sun.io.unicode.encoding" value="UnicodeLittle"/>
    <property name="sun.desktop" value="windows"/>
    <property name="sun.cpu.isalist" value="amd64"/>
  </properties>
  <testcase name="testFetchProduct" classname="com.myshop.products.ProductServiceIT" time="1.658">
    <failure message="1 expectation failed.&#10;Response body doesn&apos;t match expectation.&#10;Expected: a string containing &quot;-KrqgOLs07ZkbapP4EGi&quot;&#10;  Actual: &#10;" type="java.lang.AssertionError">java.lang.AssertionError: 1 expectation failed.
Response body doesn't match expectation.
Expected: a string containing "-KrqgOLs07ZkbapP4EGi"
  Actual: 

	at sun.reflect.NativeConstructorAccessorImpl.newInstance0(Native Method)
	at sun.reflect.NativeConstructorAccessorImpl.newInstance(NativeConstructorAccessorImpl.java:62)
	at sun.reflect.DelegatingConstructorAccessorImpl.newInstance(DelegatingConstructorAccessorImpl.java:45)
	at java.lang.reflect.Constructor.newInstance(Constructor.java:423)
	at org.codehaus.groovy.reflection.CachedConstructor.invoke(CachedConstructor.java:83)
	at org.codehaus.groovy.reflection.CachedConstructor.doConstructorInvoke(CachedConstructor.java:77)
	at org.codehaus.groovy.runtime.callsite.ConstructorSite$ConstructorSiteNoUnwrap.callConstructor(ConstructorSite.java:84)
	at org.codehaus.groovy.runtime.callsite.CallSiteArray.defaultCallConstructor(CallSiteArray.java:60)
	at org.codehaus.groovy.runtime.callsite.AbstractCallSite.callConstructor(AbstractCallSite.java:235)
	at org.codehaus.groovy.runtime.callsite.AbstractCallSite.callConstructor(AbstractCallSite.java:247)
	at com.jayway.restassured.internal.ResponseSpecificationImpl$HamcrestAssertionClosure.validate(ResponseSpecificationImpl.groovy:598)
	at com.jayway.restassured.internal.ResponseSpecificationImpl$HamcrestAssertionClosure$validate$1.call(Unknown Source)
	at com.jayway.restassured.internal.ResponseSpecificationImpl.validateResponseIfRequired(ResponseSpecificationImpl.groovy:760)
	at sun.reflect.NativeMethodAccessorImpl.invoke0(Native Method)
	at sun.reflect.NativeMethodAccessorImpl.invoke(NativeMethodAccessorImpl.java:62)
	at sun.reflect.DelegatingMethodAccessorImpl.invoke(DelegatingMethodAccessorImpl.java:43)
	at java.lang.reflect.Method.invoke(Method.java:498)
	at org.codehaus.groovy.runtime.callsite.PogoMetaMethodSite$PogoCachedMethodSiteNoUnwrapNoCoerce.invoke(PogoMetaMethodSite.java:210)
	at org.codehaus.groovy.runtime.callsite.PogoMetaMethodSite.callCurrent(PogoMetaMethodSite.java:59)
	at org.codehaus.groovy.runtime.callsite.CallSiteArray.defaultCallCurrent(CallSiteArray.java:52)
	at org.codehaus.groovy.runtime.callsite.AbstractCallSite.callCurrent(AbstractCallSite.java:154)
	at org.codehaus.groovy.runtime.callsite.AbstractCallSite.callCurrent(AbstractCallSite.java:166)
	at com.jayway.restassured.internal.ResponseSpecificationImpl.content(ResponseSpecificationImpl.groovy:92)
	at com.jayway.restassured.specification.ResponseSpecification$content$1.callCurrent(Unknown Source)
	at org.codehaus.groovy.runtime.callsite.CallSiteArray.defaultCallCurrent(CallSiteArray.java:52)
	at org.codehaus.groovy.runtime.callsite.AbstractCallSite.callCurrent(AbstractCallSite.java:154)
	at org.codehaus.groovy.runtime.callsite.AbstractCallSite.callCurrent(AbstractCallSite.java:174)
	at com.jayway.restassured.internal.ResponseSpecificationImpl.body(ResponseSpecificationImpl.groovy:230)
	at com.jayway.restassured.internal.ValidatableResponseOptionsImpl.body(ValidatableResponseOptionsImpl.java:258)
	at com.myshop.products.ProductServiceIT.testFetchProduct(ProductServiceIT.java:93)
</failure>
    <system-out><![CDATA[23:46:15.324 [main] DEBUG org.springframework.test.context.junit4.SpringJUnit4ClassRunner - SpringJUnit4ClassRunner constructor called with [class com.myshop.products.ProductServiceIT]
23:46:15.347 [main] DEBUG org.springframework.test.context.BootstrapUtils - Instantiating CacheAwareContextLoaderDelegate from class [org.springframework.test.context.cache.DefaultCacheAwareContextLoaderDelegate]
23:46:15.367 [main] DEBUG org.springframework.test.context.BootstrapUtils - Instantiating BootstrapContext using constructor [public org.springframework.test.context.support.DefaultBootstrapContext(java.lang.Class,org.springframework.test.context.CacheAwareContextLoaderDelegate)]
23:46:15.401 [main] DEBUG org.springframework.test.context.BootstrapUtils - Instantiating TestContextBootstrapper for test class [com.myshop.products.ProductServiceIT] from class [org.springframework.boot.test.context.SpringBootTestContextBootstrapper]
23:46:15.440 [main] DEBUG org.springframework.test.context.support.AbstractContextLoader - Did not detect default resource location for test class [com.myshop.products.ProductServiceIT]: class path resource [com/myshop/products/ProductServiceIT-context.xml] does not exist
23:46:15.440 [main] DEBUG org.springframework.test.context.support.AbstractContextLoader - Did not detect default resource location for test class [com.myshop.products.ProductServiceIT]: class path resource [com/myshop/products/ProductServiceITContext.groovy] does not exist
23:46:15.440 [main] INFO org.springframework.test.context.support.AbstractContextLoader - Could not detect default resource locations for test class [com.myshop.products.ProductServiceIT]: no resource found for suffixes {-context.xml, Context.groovy}.
23:46:15.533 [main] DEBUG org.springframework.test.context.support.ActiveProfilesUtils - Could not find an 'annotation declaring class' for annotation type [org.springframework.test.context.ActiveProfiles] and class [com.myshop.products.ProductServiceIT]
23:46:15.589 [main] DEBUG org.springframework.boot.test.context.SpringBootTestContextBootstrapper - @TestExecutionListeners is not present for class [com.myshop.products.ProductServiceIT]: using defaults.
23:46:15.598 [main] INFO org.springframework.boot.test.context.SpringBootTestContextBootstrapper - Loaded default TestExecutionListener class names from location [META-INF/spring.factories]: [org.springframework.boot.test.mock.mockito.MockitoTestExecutionListener, org.springframework.boot.test.mock.mockito.ResetMocksTestExecutionListener, org.springframework.boot.test.autoconfigure.restdocs.RestDocsTestExecutionListener, org.springframework.boot.test.autoconfigure.web.client.MockRestServiceServerResetTestExecutionListener, org.springframework.boot.test.autoconfigure.web.servlet.MockMvcPrintOnlyOnFailureTestExecutionListener, org.springframework.boot.test.autoconfigure.web.servlet.WebDriverTestExecutionListener, org.springframework.test.context.web.ServletTestExecutionListener, org.springframework.test.context.support.DirtiesContextBeforeModesTestExecutionListener, org.springframework.test.context.support.DependencyInjectionTestExecutionListener, org.springframework.test.context.support.DirtiesContextTestExecutionListener, org.springframework.test.context.transaction.TransactionalTestExecutionListener, org.springframework.test.context.jdbc.SqlScriptsTestExecutionListener]
23:46:15.634 [main] INFO org.springframework.boot.test.context.SpringBootTestContextBootstrapper - Using TestExecutionListeners: [org.springframework.test.context.web.ServletTestExecutionListener@4516af24, org.springframework.test.context.support.DirtiesContextBeforeModesTestExecutionListener@4ae82894, org.springframework.boot.test.autoconfigure.SpringBootDependencyInjectionTestExecutionListener@543788f3, org.springframework.test.context.support.DirtiesContextTestExecutionListener@6d3af739, org.springframework.test.context.transaction.TransactionalTestExecutionListener@1da51a35, org.springframework.test.context.jdbc.SqlScriptsTestExecutionListener@16022d9d, org.springframework.boot.test.mock.mockito.MockitoTestExecutionListener@7e9a5fbe, org.springframework.boot.test.autoconfigure.restdocs.RestDocsTestExecutionListener@44a3ec6b, org.springframework.boot.test.mock.mockito.ResetMocksTestExecutionListener@71623278, org.springframework.boot.test.autoconfigure.web.client.MockRestServiceServerResetTestExecutionListener@768b970c, org.springframework.boot.test.autoconfigure.web.servlet.WebDriverTestExecutionListener@5a4041cc, org.springframework.boot.test.autoconfigure.web.servlet.MockMvcPrintOnlyOnFailureTestExecutionListener@15b3e5b]
23:46:15.637 [main] DEBUG org.springframework.test.annotation.ProfileValueUtils - Retrieved @ProfileValueSourceConfiguration [null] for test class [com.myshop.products.ProductServiceIT]
23:46:15.638 [main] DEBUG org.springframework.test.annotation.ProfileValueUtils - Retrieved ProfileValueSource type [class org.springframework.test.annotation.SystemProfileValueSource] for class [com.myshop.products.ProductServiceIT]
23:46:15.642 [main] DEBUG org.springframework.test.context.junit4.SpringJUnit4ClassRunner - SpringJUnit4ClassRunner constructor called with [class com.myshop.products.ProductServiceIT]
23:46:15.642 [main] DEBUG org.springframework.test.context.BootstrapUtils - Instantiating CacheAwareContextLoaderDelegate from class [org.springframework.test.context.cache.DefaultCacheAwareContextLoaderDelegate]
23:46:15.642 [main] DEBUG org.springframework.test.context.BootstrapUtils - Instantiating BootstrapContext using constructor [public org.springframework.test.context.support.DefaultBootstrapContext(java.lang.Class,org.springframework.test.context.CacheAwareContextLoaderDelegate)]
23:46:15.643 [main] DEBUG org.springframework.test.context.BootstrapUtils - Instantiating TestContextBootstrapper for test class [com.myshop.products.ProductServiceIT] from class [org.springframework.boot.test.context.SpringBootTestContextBootstrapper]
23:46:15.644 [main] DEBUG org.springframework.test.context.support.AbstractContextLoader - Did not detect default resource location for test class [com.myshop.products.ProductServiceIT]: class path resource [com/myshop/products/ProductServiceIT-context.xml] does not exist
23:46:15.645 [main] DEBUG org.springframework.test.context.support.AbstractContextLoader - Did not detect default resource location for test class [com.myshop.products.ProductServiceIT]: class path resource [com/myshop/products/ProductServiceITContext.groovy] does not exist
23:46:15.645 [main] INFO org.springframework.test.context.support.AbstractContextLoader - Could not detect default resource locations for test class [com.myshop.products.ProductServiceIT]: no resource found for suffixes {-context.xml, Context.groovy}.
23:46:15.654 [main] DEBUG org.springframework.test.context.support.ActiveProfilesUtils - Could not find an 'annotation declaring class' for annotation type [org.springframework.test.context.ActiveProfiles] and class [com.myshop.products.ProductServiceIT]
23:46:15.658 [main] DEBUG org.springframework.boot.test.context.SpringBootTestContextBootstrapper - @TestExecutionListeners is not present for class [com.myshop.products.ProductServiceIT]: using defaults.
23:46:15.663 [main] INFO org.springframework.boot.test.context.SpringBootTestContextBootstrapper - Loaded default TestExecutionListener class names from location [META-INF/spring.factories]: [org.springframework.boot.test.mock.mockito.MockitoTestExecutionListener, org.springframework.boot.test.mock.mockito.ResetMocksTestExecutionListener, org.springframework.boot.test.autoconfigure.restdocs.RestDocsTestExecutionListener, org.springframework.boot.test.autoconfigure.web.client.MockRestServiceServerResetTestExecutionListener, org.springframework.boot.test.autoconfigure.web.servlet.MockMvcPrintOnlyOnFailureTestExecutionListener, org.springframework.boot.test.autoconfigure.web.servlet.WebDriverTestExecutionListener, org.springframework.test.context.web.ServletTestExecutionListener, org.springframework.test.context.support.DirtiesContextBeforeModesTestExecutionListener, org.springframework.test.context.support.DependencyInjectionTestExecutionListener, org.springframework.test.context.support.DirtiesContextTestExecutionListener, org.springframework.test.context.transaction.TransactionalTestExecutionListener, org.springframework.test.context.jdbc.SqlScriptsTestExecutionListener]
23:46:15.668 [main] INFO org.springframework.boot.test.context.SpringBootTestContextBootstrapper - Using TestExecutionListeners: [org.springframework.test.context.web.ServletTestExecutionListener@37574691, org.springframework.test.context.support.DirtiesContextBeforeModesTestExecutionListener@25359ed8, org.springframework.boot.test.autoconfigure.SpringBootDependencyInjectionTestExecutionListener@21a947fe, org.springframework.test.context.support.DirtiesContextTestExecutionListener@5606c0b, org.springframework.test.context.transaction.TransactionalTestExecutionListener@80ec1f8, org.springframework.test.context.jdbc.SqlScriptsTestExecutionListener@1445d7f, org.springframework.boot.test.mock.mockito.MockitoTestExecutionListener@6a396c1e, org.springframework.boot.test.autoconfigure.restdocs.RestDocsTestExecutionListener@6c3f5566, org.springframework.boot.test.mock.mockito.ResetMocksTestExecutionListener@12405818, org.springframework.boot.test.autoconfigure.web.client.MockRestServiceServerResetTestExecutionListener@314c508a, org.springframework.boot.test.autoconfigure.web.servlet.WebDriverTestExecutionListener@10b48321, org.springframework.boot.test.autoconfigure.web.servlet.MockMvcPrintOnlyOnFailureTestExecutionListener@6b67034]
23:46:15.669 [main] DEBUG org.springframework.test.annotation.ProfileValueUtils - Retrieved @ProfileValueSourceConfiguration [null] for test class [com.myshop.products.ProductServiceIT]
23:46:15.669 [main] DEBUG org.springframework.test.annotation.ProfileValueUtils - Retrieved ProfileValueSource type [class org.springframework.test.annotation.SystemProfileValueSource] for class [com.myshop.products.ProductServiceIT]
23:46:15.670 [main] DEBUG org.springframework.test.annotation.ProfileValueUtils - Retrieved @ProfileValueSourceConfiguration [null] for test class [com.myshop.products.ProductServiceIT]
23:46:15.671 [main] DEBUG org.springframework.test.annotation.ProfileValueUtils - Retrieved ProfileValueSource type [class org.springframework.test.annotation.SystemProfileValueSource] for class [com.myshop.products.ProductServiceIT]
23:46:15.676 [main] DEBUG org.springframework.test.context.support.AbstractDirtiesContextTestExecutionListener - Before test class: context [DefaultTestContext@15d9bc04 testClass = ProductServiceIT, testInstance = [null], testMethod = [null], testException = [null], mergedContextConfiguration = [WebMergedContextConfiguration@473b46c3 testClass = ProductServiceIT, locations = '{}', classes = '{class com.myshop.products.ProductApp, class com.myshop.products.ProductApp}', contextInitializerClasses = '[]', activeProfiles = '{}', propertySourceLocations = '{}', propertySourceProperties = '{org.springframework.boot.test.context.SpringBootTestContextBootstrapper=true, server.port=0}', contextCustomizers = set[org.springframework.boot.test.context.SpringBootTestContextCustomizer@6e6c3152, org.springframework.boot.test.context.filter.ExcludeFilterContextCustomizer@32709393, org.springframework.boot.test.mock.mockito.MockitoContextCustomizer@0, org.springframework.boot.test.autoconfigure.properties.PropertyMappingContextCustomizer@0, org.springframework.boot.test.autoconfigure.web.servlet.WebDriverContextCustomizerFactory$Customizer@10bbd20a], resourceBasePath = 'src/main/webapp', contextLoader = 'org.springframework.boot.test.context.SpringBootContextLoader', parent = [null]]], class annotated with @DirtiesContext [false] with mode [null].
23:46:15.678 [main] DEBUG org.springframework.test.annotation.ProfileValueUtils - Retrieved @ProfileValueSourceConfiguration [null] for test class [com.myshop.products.ProductServiceIT]
23:46:15.678 [main] DEBUG org.springframework.test.annotation.ProfileValueUtils - Retrieved ProfileValueSource type [class org.springframework.test.annotation.SystemProfileValueSource] for class [com.myshop.products.ProductServiceIT]
23:46:15.679 [main] DEBUG org.springframework.test.context.support.DependencyInjectionTestExecutionListener - Performing dependency injection for test context [[DefaultTestContext@15d9bc04 testClass = ProductServiceIT, testInstance = com.myshop.products.ProductServiceIT@dd3b207, testMethod = [null], testException = [null], mergedContextConfiguration = [WebMergedContextConfiguration@473b46c3 testClass = ProductServiceIT, locations = '{}', classes = '{class com.myshop.products.ProductApp, class com.myshop.products.ProductApp}', contextInitializerClasses = '[]', activeProfiles = '{}', propertySourceLocations = '{}', propertySourceProperties = '{org.springframework.boot.test.context.SpringBootTestContextBootstrapper=true, server.port=0}', contextCustomizers = set[org.springframework.boot.test.context.SpringBootTestContextCustomizer@6e6c3152, org.springframework.boot.test.context.filter.ExcludeFilterContextCustomizer@32709393, org.springframework.boot.test.mock.mockito.MockitoContextCustomizer@0, org.springframework.boot.test.autoconfigure.properties.PropertyMappingContextCustomizer@0, org.springframework.boot.test.autoconfigure.web.servlet.WebDriverContextCustomizerFactory$Customizer@10bbd20a], resourceBasePath = 'src/main/webapp', contextLoader = 'org.springframework.boot.test.context.SpringBootContextLoader', parent = [null]]]].
23:46:15.788 [main] DEBUG org.springframework.core.env.StandardEnvironment - Adding [systemProperties] PropertySource with lowest search precedence
23:46:15.789 [main] DEBUG org.springframework.core.env.StandardEnvironment - Adding [systemEnvironment] PropertySource with lowest search precedence
23:46:15.789 [main] DEBUG org.springframework.core.env.StandardEnvironment - Initialized StandardEnvironment with PropertySources [systemProperties,systemEnvironment]
23:46:15.791 [main] DEBUG org.springframework.test.context.support.TestPropertySourceUtils - Adding inlined properties to environment: {spring.jmx.enabled=false, org.springframework.boot.test.context.SpringBootTestContextBootstrapper=true, server.port=0}
23:46:15.792 [main] DEBUG org.springframework.core.env.StandardEnvironment - Adding [Inlined Test Properties] PropertySource with highest search precedence
2018-01-08 23:46:17.260  INFO 6624 --- [           main] s.c.a.AnnotationConfigApplicationContext : Refreshing org.springframework.context.annotation.AnnotationConfigApplicationContext@7905a0b8: startup date [Mon Jan 08 23:46:17 AEDT 2018]; root of context hierarchy
2018-01-08 23:46:17.706  INFO 6624 --- [           main] trationDelegate$BeanPostProcessorChecker : Bean 'configurationPropertiesRebinderAutoConfiguration' of type [class org.springframework.cloud.autoconfigure.ConfigurationPropertiesRebinderAutoConfiguration$$EnhancerBySpringCGLIB$$a3b6fb80] is not eligible for getting processed by all BeanPostProcessors (for example: not eligible for auto-proxying)

  .   ____          _            __ _ _
 /\\ / ___'_ __ _ _(_)_ __  __ _ \ \ \ \
( ( )\___ | '_ | '_| | '_ \/ _` | \ \ \ \
 \\/  ___)| |_)| | | | | || (_| |  ) ) ) )
  '  |____| .__|_| |_|_| |_\__, | / / / /
 =========|_|==============|___/=/_/_/_/
 :: Spring Boot ::        (v1.4.1.RELEASE)

2018-01-08 23:46:19.069  INFO 6624 --- [           main] com.myshop.products.ProductServiceIT     : No active profile set, falling back to default profiles: default
2018-01-08 23:46:19.076  INFO 6624 --- [           main] ationConfigEmbeddedWebApplicationContext : Refreshing org.springframework.boot.context.embedded.AnnotationConfigEmbeddedWebApplicationContext@736ac09a: startup date [Mon Jan 08 23:46:19 AEDT 2018]; parent: org.springframework.context.annotation.AnnotationConfigApplicationContext@7905a0b8
2018-01-08 23:46:21.016  INFO 6624 --- [           main] o.s.cloud.context.scope.GenericScope     : BeanFactory id=c86eb460-a065-3020-af65-ec433b32d589
2018-01-08 23:46:21.289  INFO 6624 --- [           main] trationDelegate$BeanPostProcessorChecker : Bean 'org.springframework.transaction.annotation.ProxyTransactionManagementConfiguration' of type [class org.springframework.transaction.annotation.ProxyTransactionManagementConfiguration$$EnhancerBySpringCGLIB$$879cf883] is not eligible for getting processed by all BeanPostProcessors (for example: not eligible for auto-proxying)
2018-01-08 23:46:21.358  INFO 6624 --- [           main] trationDelegate$BeanPostProcessorChecker : Bean 'org.springframework.cloud.autoconfigure.ConfigurationPropertiesRebinderAutoConfiguration' of type [class org.springframework.cloud.autoconfigure.ConfigurationPropertiesRebinderAutoConfiguration$$EnhancerBySpringCGLIB$$a3b6fb80] is not eligible for getting processed by all BeanPostProcessors (for example: not eligible for auto-proxying)
2018-01-08 23:46:22.216  INFO 6624 --- [           main] s.b.c.e.t.TomcatEmbeddedServletContainer : Tomcat initialized with port(s): 0 (http)
2018-01-08 23:46:22.245  INFO 6624 --- [           main] o.apache.catalina.core.StandardService   : Starting service Tomcat
2018-01-08 23:46:22.247  INFO 6624 --- [           main] org.apache.catalina.core.StandardEngine  : Starting Servlet Engine: Apache Tomcat/8.5.5
2018-01-08 23:46:22.512  INFO 6624 --- [ost-startStop-1] o.a.c.c.C.[Tomcat].[localhost].[/]       : Initializing Spring embedded WebApplicationContext
2018-01-08 23:46:24.029  INFO 6624 --- [ost-startStop-1] o.s.b.w.servlet.FilterRegistrationBean   : Mapping filter: 'metricsFilter' to: [/*]
2018-01-08 23:46:24.029  INFO 6624 --- [ost-startStop-1] o.s.b.w.servlet.FilterRegistrationBean   : Mapping filter: 'characterEncodingFilter' to: [/*]
2018-01-08 23:46:24.030  INFO 6624 --- [ost-startStop-1] o.s.b.w.servlet.FilterRegistrationBean   : Mapping filter: 'hiddenHttpMethodFilter' to: [/*]
2018-01-08 23:46:24.033  INFO 6624 --- [ost-startStop-1] o.s.b.w.servlet.FilterRegistrationBean   : Mapping filter: 'httpPutFormContentFilter' to: [/*]
2018-01-08 23:46:24.034  INFO 6624 --- [ost-startStop-1] o.s.b.w.servlet.FilterRegistrationBean   : Mapping filter: 'requestContextFilter' to: [/*]
2018-01-08 23:46:24.035  INFO 6624 --- [ost-startStop-1] o.s.b.w.servlet.FilterRegistrationBean   : Mapping filter: 'loggingFilter' to urls: [/*]
2018-01-08 23:46:24.035  INFO 6624 --- [ost-startStop-1] o.s.b.w.servlet.FilterRegistrationBean   : Mapping filter: 'webRequestLoggingFilter' to: [/*]
2018-01-08 23:46:24.036  INFO 6624 --- [ost-startStop-1] o.s.b.w.servlet.FilterRegistrationBean   : Mapping filter: 'applicationContextIdFilter' to: [/*]
2018-01-08 23:46:24.039  INFO 6624 --- [ost-startStop-1] o.s.b.w.servlet.ServletRegistrationBean  : Mapping servlet: 'dispatcherServlet' to [/]
2018-01-08 23:46:24 [localhost-startStop-1] DEBUG o.s.b.w.f.OrderedRequestContextFilter - Initializing filter 'requestContextFilter'
2018-01-08 23:46:24 [localhost-startStop-1] DEBUG o.s.b.w.f.OrderedRequestContextFilter - Filter 'requestContextFilter' configured successfully
2018-01-08 23:46:24 [localhost-startStop-1] DEBUG o.s.b.w.f.ApplicationContextHeaderFilter - Initializing filter 'applicationContextIdFilter'
2018-01-08 23:46:24 [localhost-startStop-1] DEBUG o.s.b.w.f.ApplicationContextHeaderFilter - Filter 'applicationContextIdFilter' configured successfully
2018-01-08 23:46:24 [localhost-startStop-1] DEBUG o.s.b.w.f.OrderedHttpPutFormContentFilter - Initializing filter 'httpPutFormContentFilter'
2018-01-08 23:46:24 [localhost-startStop-1] DEBUG o.s.b.w.f.OrderedHttpPutFormContentFilter - Filter 'httpPutFormContentFilter' configured successfully
2018-01-08 23:46:24 [localhost-startStop-1] DEBUG o.s.b.w.f.OrderedHiddenHttpMethodFilter - Initializing filter 'hiddenHttpMethodFilter'
2018-01-08 23:46:24 [localhost-startStop-1] DEBUG o.s.b.w.f.OrderedHiddenHttpMethodFilter - Filter 'hiddenHttpMethodFilter' configured successfully
2018-01-08 23:46:24 [localhost-startStop-1] DEBUG o.s.b.w.f.OrderedCharacterEncodingFilter - Initializing filter 'characterEncodingFilter'
2018-01-08 23:46:24 [localhost-startStop-1] DEBUG o.s.b.w.f.OrderedCharacterEncodingFilter - Filter 'characterEncodingFilter' configured successfully
2018-01-08 23:46:24 [localhost-startStop-1] DEBUG o.s.b.a.trace.WebRequestTraceFilter - Initializing filter 'webRequestLoggingFilter'
2018-01-08 23:46:24 [localhost-startStop-1] DEBUG o.s.b.a.trace.WebRequestTraceFilter - Filter 'webRequestLoggingFilter' configured successfully
2018-01-08 23:46:24 [localhost-startStop-1] DEBUG o.s.b.a.autoconfigure.MetricsFilter - Initializing filter 'metricsFilter'
2018-01-08 23:46:24 [localhost-startStop-1] DEBUG o.s.b.a.autoconfigure.MetricsFilter - Filter 'metricsFilter' configured successfully
2018-01-08 23:46:24 [main] DEBUG o.s.b.f.s.DefaultListableBeanFactory - Pre-instantiating singletons in org.springframework.beans.factory.support.DefaultListableBeanFactory@1d4664d7: defining beans [org.springframework.context.annotation.internalConfigurationAnnotationProcessor,org.springframework.context.annotation.internalAutowiredAnnotationProcessor,org.springframework.context.annotation.internalRequiredAnnotationProcessor,org.springframework.context.annotation.internalCommonAnnotationProcessor,org.springframework.context.event.internalEventListenerProcessor,org.springframework.context.event.internalEventListenerFactory,testRestTemplate,org.springframework.boot.test.mock.mockito.MockitoPostProcessor$SpyPostProcessor,org.springframework.boot.test.mock.mockito.MockitoPostProcessor,productApp,org.springframework.boot.autoconfigure.internalCachingMetadataReaderFactory,org.springframework.context.annotation.ConfigurationClassPostProcessor.importAwareProcessor,org.springframework.context.annotation.ConfigurationClassPostProcessor.enhancedConfigurationProcessor,commonConfig,productController,productDAOImpl,productServiceImpl,myShopControllerAdvice,loggerfilter,servletComponentRegisteringPostProcessor,org.springframework.cloud.config.server.config.ConfigServerConfiguration,enableConfigServerMarker,org.springframework.boot.autoconfigure.AutoConfigurationPackages,org.springframework.boot.autoconfigure.PropertyPlaceholderAutoConfiguration,org.springframework.boot.autoconfigure.condition.BeanTypeRegistry,propertySourcesPlaceholderConfigurer,org.springframework.boot.autoconfigure.jackson.JacksonAutoConfiguration$Jackson2ObjectMapperBuilderCustomizerConfiguration,standardJacksonObjectMapperBuilderCustomizer,spring.jackson-org.springframework.boot.autoconfigure.jackson.JacksonProperties,org.springframework.boot.context.properties.ConfigurationPropertiesBindingPostProcessor,org.springframework.boot.context.properties.ConfigurationPropertiesBindingPostProcessor.store,org.springframework.boot.autoconfigure.jackson.JacksonAutoConfiguration$JacksonObjectMapperBuilderConfiguration,jacksonObjectMapperBuilder,org.springframework.boot.autoconfigure.jackson.JacksonAutoConfiguration$JacksonObjectMapperConfiguration,jacksonObjectMapper,org.springframework.boot.autoconfigure.jackson.JacksonAutoConfiguration,jsonComponentModule,org.springframework.boot.autoconfigure.websocket.WebSocketAutoConfiguration$TomcatWebSocketConfiguration,websocketContainerCustomizer,org.springframework.boot.autoconfigure.websocket.WebSocketAutoConfiguration,org.springframework.boot.autoconfigure.web.EmbeddedServletContainerAutoConfiguration$EmbeddedTomcat,tomcatEmbeddedServletContainerFactory,org.springframework.boot.autoconfigure.web.EmbeddedServletContainerAutoConfiguration,embeddedServletContainerCustomizerBeanPostProcessor,errorPageRegistrarBeanPostProcessor,org.springframework.boot.autoconfigure.web.DispatcherServletAutoConfiguration$DispatcherServletConfiguration,dispatcherServlet,spring.mvc-org.springframework.boot.autoconfigure.web.WebMvcProperties,org.springframework.boot.autoconfigure.web.DispatcherServletAutoConfiguration$DispatcherServletRegistrationConfiguration,dispatcherServletRegistration,org.springframework.boot.autoconfigure.web.DispatcherServletAutoConfiguration,org.springframework.boot.autoconfigure.web.ErrorMvcAutoConfiguration$WhitelabelErrorViewConfiguration,error,beanNameViewResolver,org.springframework.boot.autoconfigure.web.ErrorMvcAutoConfiguration,errorAttributes,basicErrorController,errorPageCustomizer,conventionErrorViewResolver,preserveErrorControllerTargetClassPostProcessor,spring.resources-org.springframework.boot.autoconfigure.web.ResourceProperties,org.springframework.boot.autoconfigure.web.WebMvcAutoConfiguration$EnableWebMvcConfiguration,requestMappingHandlerAdapter,requestMappingHandlerMapping,mvcPathMatcher,mvcUrlPathHelper,mvcContentNegotiationManager,viewControllerHandlerMapping,beanNameHandlerMapping,resourceHandlerMapping,mvcResourceUrlProvider,defaultServletHandlerMapping,mvcConversionService,mvcValidator,mvcUriComponentsContributor,httpRequestHandlerAdapter,simpleControllerHandlerAdapter,handlerExceptionResolver,mvcViewResolver,org.springframework.boot.autoconfigure.web.WebMvcAutoConfiguration$WebMvcAutoConfigurationAdapter$FaviconConfiguration,faviconHandlerMapping,faviconRequestHandler,org.springframework.boot.autoconfigure.web.WebMvcAutoConfiguration$WebMvcAutoConfigurationAdapter,defaultViewResolver,viewResolver,welcomePageHandlerMapping,requestContextFilter,org.springframework.boot.autoconfigure.web.WebMvcAutoConfiguration,hiddenHttpMethodFilter,httpPutFormContentFilter,org.springframework.cloud.commons.util.UtilAutoConfiguration,inetUtilsProperties,inetUtils,org.springframework.boot.actuate.autoconfigure.AuditAutoConfiguration$AuditEventRepositoryConfiguration,auditEventRepository,org.springframework.boot.actuate.autoconfigure.AuditAutoConfiguration,auditListener,org.springframework.boot.autoconfigure.jdbc.DataSourceConfiguration$Tomcat,dataSource,org.springframework.boot.autoconfigure.jdbc.DataSourceAutoConfiguration$PooledDataSourceConfiguration,org.springframework.boot.autoconfigure.jdbc.metadata.DataSourcePoolMetadataProvidersConfiguration$TomcatDataSourcePoolMetadataProviderConfiguration,tomcatPoolDataSourceMetadataProvider,org.springframework.boot.autoconfigure.jdbc.metadata.DataSourcePoolMetadataProvidersConfiguration,org.springframework.boot.autoconfigure.jdbc.DataSourceAutoConfiguration,dataSourceInitializer,spring.datasource-org.springframework.boot.autoconfigure.jdbc.DataSourceProperties,dataSourceInitializerPostProcessor,org.springframework.boot.autoconfigure.info.ProjectInfoAutoConfiguration,spring.info-org.springframework.boot.autoconfigure.info.ProjectInfoProperties,org.springframework.boot.actuate.autoconfigure.InfoContributorAutoConfiguration,envInfoContributor,management.info-org.springframework.boot.actuate.autoconfigure.InfoContributorProperties,org.springframework.boot.actuate.autoconfigure.HealthIndicatorAutoConfiguration$DiskSpaceHealthIndicatorConfiguration,diskSpaceHealthIndicator,diskSpaceHealthIndicatorProperties,org.springframework.boot.actuate.autoconfigure.HealthIndicatorAutoConfiguration$DataSourcesHealthIndicatorConfiguration,dbHealthIndicator,org.springframework.boot.actuate.autoconfigure.HealthIndicatorAutoConfiguration,healthAggregator,management.health.status-org.springframework.boot.actuate.autoconfigure.HealthIndicatorProperties,org.springframework.boot.actuate.autoconfigure.MetricRepositoryAutoConfiguration$FastMetricServicesConfiguration,counterBuffers,gaugeBuffers,actuatorMetricReader,counterService,gaugeService,org.springframework.boot.actuate.autoconfigure.MetricRepositoryAutoConfiguration,org.springframework.boot.actuate.autoconfigure.PublicMetricsAutoConfiguration$TomcatMetricsConfiguration,tomcatPublicMetrics,org.springframework.boot.actuate.autoconfigure.PublicMetricsAutoConfiguration$DataSourceMetricsConfiguration,dataSourcePublicMetrics,org.springframework.boot.actuate.autoconfigure.PublicMetricsAutoConfiguration,systemPublicMetrics,metricReaderPublicMetrics,org.springframework.boot.actuate.autoconfigure.EndpointAutoConfiguration$RequestMappingEndpointConfiguration,requestMappingEndpoint,org.springframework.boot.actuate.autoconfigure.EndpointAutoConfiguration,environmentEndpoint,healthEndpoint,beansEndpoint,infoEndpoint,metricsEndpoint,traceEndpoint,dumpEndpoint,autoConfigurationReportEndpoint,shutdownEndpoint,configurationPropertiesReportEndpoint,endpoints-org.springframework.boot.actuate.endpoint.EndpointProperties,org.springframework.boot.autoconfigure.web.ServerPropertiesAutoConfiguration,serverProperties,duplicateServerPropertiesDetector,org.springframework.boot.actuate.autoconfigure.ManagementServerPropertiesAutoConfiguration,managementServerProperties,org.springframework.boot.autoconfigure.web.HttpMessageConvertersAutoConfiguration$StringHttpMessageConverterConfiguration,stringHttpMessageConverter,spring.http.encoding-org.springframework.boot.autoconfigure.web.HttpEncodingProperties,org.springframework.boot.autoconfigure.web.JacksonHttpMessageConvertersConfiguration$MappingJackson2XmlHttpMessageConverterConfiguration,mappingJackson2XmlHttpMessageConverter,org.springframework.boot.autoconfigure.web.JacksonHttpMessageConvertersConfiguration$MappingJackson2HttpMessageConverterConfiguration,mappingJackson2HttpMessageConverter,org.springframework.boot.autoconfigure.web.JacksonHttpMessageConvertersConfiguration,org.springframework.boot.autoconfigure.web.HttpMessageConvertersAutoConfiguration,messageConverters,org.springframework.boot.actuate.autoconfigure.EndpointWebMvcManagementContextConfiguration,endpointHandlerMapping,mvcEndpoints,environmentMvcEndpoint,heapdumpMvcEndpoint,healthMvcEndpoint,metricsMvcEndpoint,endpoints.health-org.springframework.boot.actuate.autoconfigure.HealthMvcEndpointProperties,endpoints.cors-org.springframework.boot.actuate.autoconfigure.EndpointCorsProperties,org.springframework.boot.actuate.autoconfigure.EndpointWebMvcAutoConfiguration$EndpointWebMvcConfiguration,org.springframework.boot.actuate.autoconfigure.EndpointWebMvcAutoConfiguration$ApplicationContextFilterConfiguration,applicationContextIdFilter,org.springframework.boot.actuate.autoconfigure.EndpointWebMvcAutoConfiguration,managementContextResolver,managementServletContext,org.springframework.boot.actuate.autoconfigure.MetricExportAutoConfiguration$MetricExportPropertiesConfiguration,spring.metrics.export-org.springframework.boot.actuate.metrics.export.MetricExportProperties,org.springframework.boot.actuate.autoconfigure.MetricExportAutoConfiguration$StatsdConfiguration,org.springframework.scheduling.annotation.SchedulingConfiguration,org.springframework.context.annotation.internalScheduledAnnotationProcessor,org.springframework.boot.actuate.autoconfigure.MetricExportAutoConfiguration,metricWritersMetricExporter,org.springframework.boot.actuate.autoconfigure.MetricFilterAutoConfiguration,metricsFilter,endpoints.metrics.filter-org.springframework.boot.actuate.autoconfigure.MetricFilterProperties,org.springframework.boot.actuate.autoconfigure.TraceRepositoryAutoConfiguration,traceRepository,org.springframework.boot.actuate.autoconfigure.TraceWebFilterAutoConfiguration,webRequestLoggingFilter,management.trace-org.springframework.boot.actuate.trace.TraceProperties,org.springframework.boot.autoconfigure.context.ConfigurationPropertiesAutoConfiguration,org.springframework.boot.autoconfigure.dao.PersistenceExceptionTranslationAutoConfiguration,persistenceExceptionTranslationPostProcessor,org.springframework.transaction.annotation.ProxyTransactionManagementConfiguration,org.springframework.transaction.config.internalTransactionAdvisor,transactionAttributeSource,transactionInterceptor,org.springframework.transaction.config.internalTransactionalEventListenerFactory,org.springframework.boot.autoconfigure.jdbc.DataSourceTransactionManagerAutoConfiguration$TransactionManagementConfiguration,org.springframework.aop.config.internalAutoProxyCreator,org.springframework.boot.autoconfigure.jdbc.DataSourceTransactionManagerAutoConfiguration$DataSourceTransactionManagerConfiguration,transactionManager,org.springframework.boot.autoconfigure.jdbc.DataSourceTransactionManagerAutoConfiguration,org.springframework.boot.autoconfigure.jdbc.JdbcTemplateAutoConfiguration,jdbcTemplate,namedParameterJdbcTemplate,org.springframework.boot.autoconfigure.transaction.TransactionAutoConfiguration,transactionTemplate,org.springframework.boot.autoconfigure.web.HttpEncodingAutoConfiguration,characterEncodingFilter,localeCharsetMappingsCustomizer,org.springframework.boot.autoconfigure.web.MultipartAutoConfiguration,multipartConfigElement,multipartResolver,spring.http.multipart-org.springframework.boot.autoconfigure.web.MultipartProperties,org.springframework.boot.autoconfigure.web.WebClientAutoConfiguration$RestTemplateConfiguration,restTemplateBuilder,org.springframework.boot.autoconfigure.web.WebClientAutoConfiguration,org.springframework.cloud.autoconfigure.ConfigurationPropertiesRebinderAutoConfiguration,configurationPropertiesBeans,configurationPropertiesRebinder,org.springframework.cloud.autoconfigure.RefreshEndpointAutoConfiguration$RefreshEndpointConfiguration,refreshEndpoint,refreshEventListener,org.springframework.cloud.autoconfigure.RefreshEndpointAutoConfiguration$RestartEndpointWithoutIntegration,restartEndpoint,org.springframework.cloud.autoconfigure.RefreshEndpointAutoConfiguration,refreshScopeHealthIndicator,pauseEndpoint,resumeEndpoint,org.springframework.cloud.autoconfigure.LifecycleMvcEndpointAutoConfiguration,environmentManagerEndpoint,refreshMvcEndpoint,restartMvcEndpoint,pauseMvcEndpoint,resumeMvcEndpoint,org.springframework.cloud.autoconfigure.RefreshAutoConfiguration$RefreshScopeConfiguration,org.springframework.cloud.autoconfigure.RefreshAutoConfiguration,loggingRebinder,environmentManager,contextRefresher,org.springframework.cloud.client.discovery.noop.NoopDiscoveryClientAutoConfiguration,discoveryClient,org.springframework.cloud.config.client.ConfigClientAutoConfiguration,configClientProperties,configClientHealthProperties,org.springframework.cloud.config.server.config.EnvironmentRepositoryConfiguration$DefaultEnvironmentWatch,environmentWatch,org.springframework.cloud.config.server.config.EnvironmentRepositoryConfiguration$GitRepositoryConfiguration,environmentRepository,org.springframework.cloud.config.server.config.EnvironmentRepositoryConfiguration,configServerHealthIndicator,org.springframework.cloud.config.server.config.ResourceRepositoryConfiguration,resourceRepository,spring.cloud.config.server-org.springframework.cloud.config.server.config.ConfigServerProperties,org.springframework.cloud.config.server.config.ConfigServerEncryptionConfiguration,encryptionController,org.springframework.cloud.config.server.config.ConfigServerMvcConfiguration,environmentController,resourceController,org.springframework.cloud.config.server.config.ConfigServerAutoConfiguration,org.springframework.cloud.config.server.config.EncryptionAutoConfiguration,encrypt-org.springframework.cloud.bootstrap.encrypt.KeyProperties,org.springframework.cloud.config.server.config.SingleEncryptorAutoConfiguration,textEncryptorLocator,refreshScope,com.myshop.products.common.logging.LoggingConfigListener]; parent: org.springframework.beans.factory.support.DefaultListableBeanFactory@6b7906b3
2018-01-08 23:46:24 [main] DEBUG o.s.b.f.s.DefaultListableBeanFactory - Returning cached instance of singleton bean 'org.springframework.context.annotation.internalConfigurationAnnotationProcessor'
2018-01-08 23:46:24 [main] DEBUG o.s.b.f.s.DefaultListableBeanFactory - Returning cached instance of singleton bean 'org.springframework.context.annotation.internalAutowiredAnnotationProcessor'
2018-01-08 23:46:24 [main] DEBUG o.s.b.f.s.DefaultListableBeanFactory - Returning cached instance of singleton bean 'org.springframework.context.annotation.internalRequiredAnnotationProcessor'
2018-01-08 23:46:24 [main] DEBUG o.s.b.f.s.DefaultListableBeanFactory - Returning cached instance of singleton bean 'org.springframework.context.annotation.internalCommonAnnotationProcessor'
2018-01-08 23:46:24 [main] DEBUG o.s.b.f.s.DefaultListableBeanFactory - Creating shared instance of singleton bean 'org.springframework.context.event.internalEventListenerProcessor'
2018-01-08 23:46:24 [main] DEBUG o.s.b.f.s.DefaultListableBeanFactory - Creating instance of bean 'org.springframework.context.event.internalEventListenerProcessor'
2018-01-08 23:46:24 [main] DEBUG o.s.b.f.s.DefaultListableBeanFactory - Eagerly caching bean 'org.springframework.context.event.internalEventListenerProcessor' to allow for resolving potential circular references
2018-01-08 23:46:24 [main] DEBUG o.s.b.f.s.DefaultListableBeanFactory - Returning cached instance of singleton bean 'org.springframework.transaction.config.internalTransactionAdvisor'
2018-01-08 23:46:24 [main] DEBUG o.s.b.f.s.DefaultListableBeanFactory - Finished creating instance of bean 'org.springframework.context.event.internalEventListenerProcessor'
2018-01-08 23:46:24 [main] DEBUG o.s.b.f.s.DefaultListableBeanFactory - Creating shared instance of singleton bean 'org.springframework.context.event.internalEventListenerFactory'
2018-01-08 23:46:24 [main] DEBUG o.s.b.f.s.DefaultListableBeanFactory - Creating instance of bean 'org.springframework.context.event.internalEventListenerFactory'
2018-01-08 23:46:24 [main] DEBUG o.s.b.f.s.DefaultListableBeanFactory - Eagerly caching bean 'org.springframework.context.event.internalEventListenerFactory' to allow for resolving potential circular references
2018-01-08 23:46:24 [main] DEBUG o.s.b.f.s.DefaultListableBeanFactory - Returning cached instance of singleton bean 'org.springframework.transaction.config.internalTransactionAdvisor'
2018-01-08 23:46:24 [main] DEBUG o.s.b.f.s.DefaultListableBeanFactory - Finished creating instance of bean 'org.springframework.context.event.internalEventListenerFactory'
2018-01-08 23:46:24 [main] DEBUG o.s.b.f.s.DefaultListableBeanFactory - Creating shared instance of singleton bean 'testRestTemplate'
2018-01-08 23:46:24 [main] DEBUG o.s.b.f.s.DefaultListableBeanFactory - Creating instance of bean 'testRestTemplate'
2018-01-08 23:46:24 [main] DEBUG o.s.b.f.s.DefaultListableBeanFactory - Eagerly caching bean 'testRestTemplate' to allow for resolving potential circular references
2018-01-08 23:46:24 [main] DEBUG o.s.b.f.s.DefaultListableBeanFactory - Creating shared instance of singleton bean 'restTemplateBuilder'
2018-01-08 23:46:24 [main] DEBUG o.s.b.f.s.DefaultListableBeanFactory - Creating instance of bean 'restTemplateBuilder'
2018-01-08 23:46:24 [main] DEBUG o.s.b.f.s.DefaultListableBeanFactory - Creating shared instance of singleton bean 'org.springframework.boot.autoconfigure.web.WebClientAutoConfiguration$RestTemplateConfiguration'
2018-01-08 23:46:24 [main] DEBUG o.s.b.f.s.DefaultListableBeanFactory - Creating instance of bean 'org.springframework.boot.autoconfigure.web.WebClientAutoConfiguration$RestTemplateConfiguration'
2018-01-08 23:46:24 [main] DEBUG o.s.c.LocalVariableTableParameterNameDiscoverer - Cannot find '.class' file for class [class org.springframework.boot.autoconfigure.web.WebClientAutoConfiguration$RestTemplateConfiguration$$EnhancerBySpringCGLIB$$8ecc6f9a] - unable to determine constructor/method parameter names
2018-01-08 23:46:24 [main] DEBUG o.s.b.f.s.DefaultListableBeanFactory - Eagerly caching bean 'org.springframework.boot.autoconfigure.web.WebClientAutoConfiguration$RestTemplateConfiguration' to allow for resolving potential circular references
2018-01-08 23:46:24 [main] DEBUG o.s.b.f.s.DefaultListableBeanFactory - Returning cached instance of singleton bean 'org.springframework.transaction.config.internalTransactionAdvisor'
2018-01-08 23:46:24 [main] DEBUG o.s.b.f.s.DefaultListableBeanFactory - Finished creating instance of bean 'org.springframework.boot.autoconfigure.web.WebClientAutoConfiguration$RestTemplateConfiguration'
2018-01-08 23:46:24 [main] DEBUG o.s.b.f.s.DefaultListableBeanFactory - Creating shared instance of singleton bean 'messageConverters'
2018-01-08 23:46:24 [main] DEBUG o.s.b.f.s.DefaultListableBeanFactory - Creating instance of bean 'messageConverters'
2018-01-08 23:46:24 [main] DEBUG o.s.b.f.s.DefaultListableBeanFactory - Creating shared instance of singleton bean 'org.springframework.boot.autoconfigure.web.HttpMessageConvertersAutoConfiguration'
2018-01-08 23:46:24 [main] DEBUG o.s.b.f.s.DefaultListableBeanFactory - Creating instance of bean 'org.springframework.boot.autoconfigure.web.HttpMessageConvertersAutoConfiguration'
2018-01-08 23:46:24 [main] DEBUG o.s.c.LocalVariableTableParameterNameDiscoverer - Cannot find '.class' file for class [class org.springframework.boot.autoconfigure.web.HttpMessageConvertersAutoConfiguration$$EnhancerBySpringCGLIB$$185516e3] - unable to determine constructor/method parameter names
2018-01-08 23:46:24 [main] DEBUG o.s.b.f.s.DefaultListableBeanFactory - Creating shared instance of singleton bean 'stringHttpMessageConverter'
2018-01-08 23:46:24 [main] DEBUG o.s.b.f.s.DefaultListableBeanFactory - Creating instance of bean 'stringHttpMessageConverter'
2018-01-08 23:46:24 [main] DEBUG o.s.b.f.s.DefaultListableBeanFactory - Creating shared instance of singleton bean 'org.springframework.boot.autoconfigure.web.HttpMessageConvertersAutoConfiguration$StringHttpMessageConverterConfiguration'
2018-01-08 23:46:24 [main] DEBUG o.s.b.f.s.DefaultListableBeanFactory - Creating instance of bean 'org.springframework.boot.autoconfigure.web.HttpMessageConvertersAutoConfiguration$StringHttpMessageConverterConfiguration'
2018-01-08 23:46:24 [main] DEBUG o.s.c.LocalVariableTableParameterNameDiscoverer - Cannot find '.class' file for class [class org.springframework.boot.autoconfigure.web.HttpMessageConvertersAutoConfiguration$StringHttpMessageConverterConfiguration$$EnhancerBySpringCGLIB$$d4cb2183] - unable to determine constructor/method parameter names
2018-01-08 23:46:24 [main] DEBUG o.s.b.f.s.DefaultListableBeanFactory - Returning cached instance of singleton bean 'spring.http.encoding-org.springframework.boot.autoconfigure.web.HttpEncodingProperties'
2018-01-08 23:46:24 [main] DEBUG o.s.b.f.s.DefaultListableBeanFactory - Autowiring by type from bean name 'org.springframework.boot.autoconfigure.web.HttpMessageConvertersAutoConfiguration$StringHttpMessageConverterConfiguration' via constructor to bean named 'spring.http.encoding-org.springframework.boot.autoconfigure.web.HttpEncodingProperties'
2018-01-08 23:46:24 [main] DEBUG o.s.b.f.s.DefaultListableBeanFactory - Eagerly caching bean 'org.springframework.boot.autoconfigure.web.HttpMessageConvertersAutoConfiguration$StringHttpMessageConverterConfiguration' to allow for resolving potential circular references
2018-01-08 23:46:24 [main] DEBUG o.s.b.f.s.DefaultListableBeanFactory - Returning cached instance of singleton bean 'org.springframework.transaction.config.internalTransactionAdvisor'
2018-01-08 23:46:24 [main] DEBUG o.s.b.f.s.DefaultListableBeanFactory - Finished creating instance of bean 'org.springframework.boot.autoconfigure.web.HttpMessageConvertersAutoConfiguration$StringHttpMessageConverterConfiguration'
2018-01-08 23:46:24 [main] DEBUG o.s.b.f.s.DefaultListableBeanFactory - Eagerly caching bean 'stringHttpMessageConverter' to allow for resolving potential circular references
2018-01-08 23:46:24 [main] DEBUG o.s.b.f.s.DefaultListableBeanFactory - Returning cached instance of singleton bean 'org.springframework.transaction.config.internalTransactionAdvisor'
2018-01-08 23:46:24 [main] DEBUG o.s.b.f.s.DefaultListableBeanFactory - Finished creating instance of bean 'stringHttpMessageConverter'
2018-01-08 23:46:24 [main] DEBUG o.s.b.f.s.DefaultListableBeanFactory - Creating shared instance of singleton bean 'mappingJackson2XmlHttpMessageConverter'
2018-01-08 23:46:24 [main] DEBUG o.s.b.f.s.DefaultListableBeanFactory - Creating instance of bean 'mappingJackson2XmlHttpMessageConverter'
2018-01-08 23:46:24 [main] DEBUG o.s.b.f.s.DefaultListableBeanFactory - Creating shared instance of singleton bean 'org.springframework.boot.autoconfigure.web.JacksonHttpMessageConvertersConfiguration$MappingJackson2XmlHttpMessageConverterConfiguration'
2018-01-08 23:46:24 [main] DEBUG o.s.b.f.s.DefaultListableBeanFactory - Creating instance of bean 'org.springframework.boot.autoconfigure.web.JacksonHttpMessageConvertersConfiguration$MappingJackson2XmlHttpMessageConverterConfiguration'
2018-01-08 23:46:24 [main] DEBUG o.s.b.f.s.DefaultListableBeanFactory - Eagerly caching bean 'org.springframework.boot.autoconfigure.web.JacksonHttpMessageConvertersConfiguration$MappingJackson2XmlHttpMessageConverterConfiguration' to allow for resolving potential circular references
2018-01-08 23:46:24 [main] DEBUG o.s.b.f.s.DefaultListableBeanFactory - Returning cached instance of singleton bean 'org.springframework.transaction.config.internalTransactionAdvisor'
2018-01-08 23:46:24 [main] DEBUG o.s.b.f.s.DefaultListableBeanFactory - Finished creating instance of bean 'org.springframework.boot.autoconfigure.web.JacksonHttpMessageConvertersConfiguration$MappingJackson2XmlHttpMessageConverterConfiguration'
2018-01-08 23:46:24 [main] DEBUG o.s.b.f.s.DefaultListableBeanFactory - Creating shared instance of singleton bean 'jacksonObjectMapperBuilder'
2018-01-08 23:46:24 [main] DEBUG o.s.b.f.s.DefaultListableBeanFactory - Creating instance of bean 'jacksonObjectMapperBuilder'
2018-01-08 23:46:24 [main] DEBUG o.s.b.f.s.DefaultListableBeanFactory - Creating shared instance of singleton bean 'org.springframework.boot.autoconfigure.jackson.JacksonAutoConfiguration$JacksonObjectMapperBuilderConfiguration'
2018-01-08 23:46:24 [main] DEBUG o.s.b.f.s.DefaultListableBeanFactory - Creating instance of bean 'org.springframework.boot.autoconfigure.jackson.JacksonAutoConfiguration$JacksonObjectMapperBuilderConfiguration'
2018-01-08 23:46:24 [main] DEBUG o.s.c.LocalVariableTableParameterNameDiscoverer - Cannot find '.class' file for class [class org.springframework.boot.autoconfigure.jackson.JacksonAutoConfiguration$JacksonObjectMapperBuilderConfiguration$$EnhancerBySpringCGLIB$$957d3a2d] - unable to determine constructor/method parameter names
2018-01-08 23:46:24 [main] DEBUG o.s.b.f.s.DefaultListableBeanFactory - Creating shared instance of singleton bean 'spring.jackson-org.springframework.boot.autoconfigure.jackson.JacksonProperties'
2018-01-08 23:46:24 [main] DEBUG o.s.b.f.s.DefaultListableBeanFactory - Creating instance of bean 'spring.jackson-org.springframework.boot.autoconfigure.jackson.JacksonProperties'
2018-01-08 23:46:24 [main] DEBUG o.s.b.f.s.DefaultListableBeanFactory - Eagerly caching bean 'spring.jackson-org.springframework.boot.autoconfigure.jackson.JacksonProperties' to allow for resolving potential circular references
2018-01-08 23:46:24 [main] DEBUG o.s.core.env.MutablePropertySources - Adding [decrypted] PropertySource with lowest search precedence
2018-01-08 23:46:24 [main] DEBUG o.s.core.env.MutablePropertySources - Adding [Inlined Test Properties] PropertySource with lowest search precedence
2018-01-08 23:46:24 [main] DEBUG o.s.core.env.MutablePropertySources - Adding [systemProperties] PropertySource with lowest search precedence
2018-01-08 23:46:24 [main] DEBUG o.s.core.env.MutablePropertySources - Adding [systemEnvironment] PropertySource with lowest search precedence
2018-01-08 23:46:24 [main] DEBUG o.s.core.env.MutablePropertySources - Adding [random] PropertySource with lowest search precedence
2018-01-08 23:46:24 [main] DEBUG o.s.core.env.MutablePropertySources - Adding [configServerClient] PropertySource with lowest search precedence
2018-01-08 23:46:24 [main] DEBUG o.s.core.env.MutablePropertySources - Adding [applicationConfig: [classpath:/application.yml]] PropertySource with lowest search precedence
2018-01-08 23:46:24 [main] DEBUG o.s.core.env.MutablePropertySources - Adding [springCloudClientHostInfo] PropertySource with lowest search precedence
2018-01-08 23:46:24 [main] DEBUG o.s.core.env.MutablePropertySources - Adding [defaultProperties] PropertySource with lowest search precedence
2018-01-08 23:46:24 [main] DEBUG o.s.core.env.MutablePropertySources - Adding [localProperties] PropertySource with lowest search precedence
2018-01-08 23:46:24 [main] DEBUG o.s.b.f.s.DefaultListableBeanFactory - Returning cached instance of singleton bean 'org.springframework.transaction.config.internalTransactionAdvisor'
2018-01-08 23:46:24 [main] DEBUG o.s.b.f.s.DefaultListableBeanFactory - Finished creating instance of bean 'spring.jackson-org.springframework.boot.autoconfigure.jackson.JacksonProperties'
2018-01-08 23:46:24 [main] DEBUG o.s.b.f.s.DefaultListableBeanFactory - Creating shared instance of singleton bean 'standardJacksonObjectMapperBuilderCustomizer'
2018-01-08 23:46:24 [main] DEBUG o.s.b.f.s.DefaultListableBeanFactory - Creating instance of bean 'standardJacksonObjectMapperBuilderCustomizer'
2018-01-08 23:46:24 [main] DEBUG o.s.b.f.s.DefaultListableBeanFactory - Creating shared instance of singleton bean 'org.springframework.boot.autoconfigure.jackson.JacksonAutoConfiguration$Jackson2ObjectMapperBuilderCustomizerConfiguration'
2018-01-08 23:46:24 [main] DEBUG o.s.b.f.s.DefaultListableBeanFactory - Creating instance of bean 'org.springframework.boot.autoconfigure.jackson.JacksonAutoConfiguration$Jackson2ObjectMapperBuilderCustomizerConfiguration'
2018-01-08 23:46:24 [main] DEBUG o.s.b.f.s.DefaultListableBeanFactory - Eagerly caching bean 'org.springframework.boot.autoconfigure.jackson.JacksonAutoConfiguration$Jackson2ObjectMapperBuilderCustomizerConfiguration' to allow for resolving potential circular references
2018-01-08 23:46:24 [main] DEBUG o.s.b.f.s.DefaultListableBeanFactory - Returning cached instance of singleton bean 'org.springframework.transaction.config.internalTransactionAdvisor'
2018-01-08 23:46:24 [main] DEBUG o.s.b.f.s.DefaultListableBeanFactory - Finished creating instance of bean 'org.springframework.boot.autoconfigure.jackson.JacksonAutoConfiguration$Jackson2ObjectMapperBuilderCustomizerConfiguration'
2018-01-08 23:46:24 [main] DEBUG o.s.b.f.s.DefaultListableBeanFactory - Returning cached instance of singleton bean 'spring.jackson-org.springframework.boot.autoconfigure.jackson.JacksonProperties'
2018-01-08 23:46:24 [main] DEBUG o.s.b.f.s.DefaultListableBeanFactory - Autowiring by type from bean name 'standardJacksonObjectMapperBuilderCustomizer' via factory method to bean named 'org.springframework.boot.context.embedded.AnnotationConfigEmbeddedWebApplicationContext@736ac09a'
2018-01-08 23:46:24 [main] DEBUG o.s.b.f.s.DefaultListableBeanFactory - Autowiring by type from bean name 'standardJacksonObjectMapperBuilderCustomizer' via factory method to bean named 'spring.jackson-org.springframework.boot.autoconfigure.jackson.JacksonProperties'
2018-01-08 23:46:24 [main] DEBUG o.s.b.f.s.DefaultListableBeanFactory - Eagerly caching bean 'standardJacksonObjectMapperBuilderCustomizer' to allow for resolving potential circular references
2018-01-08 23:46:24 [main] DEBUG o.s.b.f.s.DefaultListableBeanFactory - Returning cached instance of singleton bean 'org.springframework.transaction.config.internalTransactionAdvisor'
2018-01-08 23:46:24 [main] DEBUG o.s.b.f.s.DefaultListableBeanFactory - Finished creating instance of bean 'standardJacksonObjectMapperBuilderCustomizer'
2018-01-08 23:46:24 [main] DEBUG o.s.b.f.s.DefaultListableBeanFactory - Autowiring by type from bean name 'org.springframework.boot.autoconfigure.jackson.JacksonAutoConfiguration$JacksonObjectMapperBuilderConfiguration' via constructor to bean named 'org.springframework.boot.context.embedded.AnnotationConfigEmbeddedWebApplicationContext@736ac09a'
2018-01-08 23:46:24 [main] DEBUG o.s.b.f.s.DefaultListableBeanFactory - Autowiring by type from bean name 'org.springframework.boot.autoconfigure.jackson.JacksonAutoConfiguration$JacksonObjectMapperBuilderConfiguration' via constructor to bean named 'spring.jackson-org.springframework.boot.autoconfigure.jackson.JacksonProperties'
2018-01-08 23:46:24 [main] DEBUG o.s.b.f.s.DefaultListableBeanFactory - Autowiring by type from bean name 'org.springframework.boot.autoconfigure.jackson.JacksonAutoConfiguration$JacksonObjectMapperBuilderConfiguration' via constructor to bean named 'standardJacksonObjectMapperBuilderCustomizer'
2018-01-08 23:46:24 [main] DEBUG o.s.b.f.s.DefaultListableBeanFactory - Eagerly caching bean 'org.springframework.boot.autoconfigure.jackson.JacksonAutoConfiguration$JacksonObjectMapperBuilderConfiguration' to allow for resolving potential circular references
2018-01-08 23:46:24 [main] DEBUG o.s.b.f.s.DefaultListableBeanFactory - Returning cached instance of singleton bean 'org.springframework.transaction.config.internalTransactionAdvisor'
2018-01-08 23:46:24 [main] DEBUG o.s.b.f.s.DefaultListableBeanFactory - Finished creating instance of bean 'org.springframework.boot.autoconfigure.jackson.JacksonAutoConfiguration$JacksonObjectMapperBuilderConfiguration'
2018-01-08 23:46:24 [main] DEBUG o.s.b.f.s.DefaultListableBeanFactory - Returning cached instance of singleton bean 'standardJacksonObjectMapperBuilderCustomizer'
2018-01-08 23:46:24 [main] DEBUG o.s.b.f.s.DefaultListableBeanFactory - Autowiring by type from bean name 'jacksonObjectMapperBuilder' via factory method to bean named 'standardJacksonObjectMapperBuilderCustomizer'
2018-01-08 23:46:24 [main] DEBUG o.s.b.f.s.DefaultListableBeanFactory - Creating shared instance of singleton bean 'jsonComponentModule'
2018-01-08 23:46:24 [main] DEBUG o.s.b.f.s.DefaultListableBeanFactory - Creating instance of bean 'jsonComponentModule'
2018-01-08 23:46:24 [main] DEBUG o.s.b.f.s.DefaultListableBeanFactory - Creating shared instance of singleton bean 'org.springframework.boot.autoconfigure.jackson.JacksonAutoConfiguration'
2018-01-08 23:46:24 [main] DEBUG o.s.b.f.s.DefaultListableBeanFactory - Creating instance of bean 'org.springframework.boot.autoconfigure.jackson.JacksonAutoConfiguration'
2018-01-08 23:46:24 [main] DEBUG o.s.b.f.s.DefaultListableBeanFactory - Eagerly caching bean 'org.springframework.boot.autoconfigure.jackson.JacksonAutoConfiguration' to allow for resolving potential circular references
2018-01-08 23:46:24 [main] DEBUG o.s.b.f.s.DefaultListableBeanFactory - Returning cached instance of singleton bean 'org.springframework.transaction.config.internalTransactionAdvisor'
2018-01-08 23:46:24 [main] DEBUG o.s.b.f.s.DefaultListableBeanFactory - Finished creating instance of bean 'org.springframework.boot.autoconfigure.jackson.JacksonAutoConfiguration'
2018-01-08 23:46:24 [main] DEBUG o.s.c.a.CommonAnnotationBeanPostProcessor - Found init method on class [org.springframework.boot.jackson.JsonComponentModule]: public void org.springframework.boot.jackson.JsonComponentModule.registerJsonComponents()
2018-01-08 23:46:24 [main] DEBUG o.s.c.a.CommonAnnotationBeanPostProcessor - Registered init method on class [org.springframework.boot.jackson.JsonComponentModule]: org.springframework.beans.factory.annotation.InitDestroyAnnotationBeanPostProcessor$LifecycleElement@65126ba1
2018-01-08 23:46:24 [main] DEBUG o.s.b.f.s.DefaultListableBeanFactory - Eagerly caching bean 'jsonComponentModule' to allow for resolving potential circular references
2018-01-08 23:46:24 [main] DEBUG o.s.c.a.CommonAnnotationBeanPostProcessor - Invoking init method on bean 'jsonComponentModule': public void org.springframework.boot.jackson.JsonComponentModule.registerJsonComponents()
2018-01-08 23:46:25 [main] DEBUG o.s.b.f.s.DefaultListableBeanFactory - Returning cached instance of singleton bean 'org.springframework.transaction.config.internalTransactionAdvisor'
2018-01-08 23:46:25 [main] DEBUG o.s.b.f.s.DefaultListableBeanFactory - Finished creating instance of bean 'jsonComponentModule'
2018-01-08 23:46:25 [main] DEBUG o.s.b.f.s.DefaultListableBeanFactory - Eagerly caching bean 'jacksonObjectMapperBuilder' to allow for resolving potential circular references
2018-01-08 23:46:25 [main] DEBUG o.s.b.f.s.DefaultListableBeanFactory - Returning cached instance of singleton bean 'org.springframework.transaction.config.internalTransactionAdvisor'
2018-01-08 23:46:25 [main] DEBUG o.s.b.f.s.DefaultListableBeanFactory - Finished creating instance of bean 'jacksonObjectMapperBuilder'
2018-01-08 23:46:25 [main] DEBUG o.s.b.f.s.DefaultListableBeanFactory - Autowiring by type from bean name 'mappingJackson2XmlHttpMessageConverter' via factory method to bean named 'jacksonObjectMapperBuilder'
2018-01-08 23:46:25 [main] DEBUG o.s.b.f.s.DefaultListableBeanFactory - Eagerly caching bean 'mappingJackson2XmlHttpMessageConverter' to allow for resolving potential circular references
2018-01-08 23:46:25 [main] DEBUG o.s.b.f.s.DefaultListableBeanFactory - Returning cached instance of singleton bean 'org.springframework.transaction.config.internalTransactionAdvisor'
2018-01-08 23:46:25 [main] DEBUG o.s.b.f.s.DefaultListableBeanFactory - Finished creating instance of bean 'mappingJackson2XmlHttpMessageConverter'
2018-01-08 23:46:25 [main] DEBUG o.s.b.f.s.DefaultListableBeanFactory - Creating shared instance of singleton bean 'mappingJackson2HttpMessageConverter'
2018-01-08 23:46:25 [main] DEBUG o.s.b.f.s.DefaultListableBeanFactory - Creating instance of bean 'mappingJackson2HttpMessageConverter'
2018-01-08 23:46:25 [main] DEBUG o.s.b.f.s.DefaultListableBeanFactory - Creating shared instance of singleton bean 'org.springframework.boot.autoconfigure.web.JacksonHttpMessageConvertersConfiguration$MappingJackson2HttpMessageConverterConfiguration'
2018-01-08 23:46:25 [main] DEBUG o.s.b.f.s.DefaultListableBeanFactory - Creating instance of bean 'org.springframework.boot.autoconfigure.web.JacksonHttpMessageConvertersConfiguration$MappingJackson2HttpMessageConverterConfiguration'
2018-01-08 23:46:25 [main] DEBUG o.s.b.f.s.DefaultListableBeanFactory - Eagerly caching bean 'org.springframework.boot.autoconfigure.web.JacksonHttpMessageConvertersConfiguration$MappingJackson2HttpMessageConverterConfiguration' to allow for resolving potential circular references
2018-01-08 23:46:25 [main] DEBUG o.s.b.f.s.DefaultListableBeanFactory - Returning cached instance of singleton bean 'org.springframework.transaction.config.internalTransactionAdvisor'
2018-01-08 23:46:25 [main] DEBUG o.s.b.f.s.DefaultListableBeanFactory - Finished creating instance of bean 'org.springframework.boot.autoconfigure.web.JacksonHttpMessageConvertersConfiguration$MappingJackson2HttpMessageConverterConfiguration'
2018-01-08 23:46:25 [main] DEBUG o.s.b.f.s.DefaultListableBeanFactory - Creating shared instance of singleton bean 'jacksonObjectMapper'
2018-01-08 23:46:25 [main] DEBUG o.s.b.f.s.DefaultListableBeanFactory - Creating instance of bean 'jacksonObjectMapper'
2018-01-08 23:46:25 [main] DEBUG o.s.b.f.s.DefaultListableBeanFactory - Creating shared instance of singleton bean 'org.springframework.boot.autoconfigure.jackson.JacksonAutoConfiguration$JacksonObjectMapperConfiguration'
2018-01-08 23:46:25 [main] DEBUG o.s.b.f.s.DefaultListableBeanFactory - Creating instance of bean 'org.springframework.boot.autoconfigure.jackson.JacksonAutoConfiguration$JacksonObjectMapperConfiguration'
2018-01-08 23:46:25 [main] DEBUG o.s.b.f.s.DefaultListableBeanFactory - Eagerly caching bean 'org.springframework.boot.autoconfigure.jackson.JacksonAutoConfiguration$JacksonObjectMapperConfiguration' to allow for resolving potential circular references
2018-01-08 23:46:25 [main] DEBUG o.s.b.f.s.DefaultListableBeanFactory - Returning cached instance of singleton bean 'org.springframework.transaction.config.internalTransactionAdvisor'
2018-01-08 23:46:25 [main] DEBUG o.s.b.f.s.DefaultListableBeanFactory - Finished creating instance of bean 'org.springframework.boot.autoconfigure.jackson.JacksonAutoConfiguration$JacksonObjectMapperConfiguration'
2018-01-08 23:46:25 [main] DEBUG o.s.b.f.s.DefaultListableBeanFactory - Returning cached instance of singleton bean 'jacksonObjectMapperBuilder'
2018-01-08 23:46:25 [main] DEBUG o.s.b.f.s.DefaultListableBeanFactory - Autowiring by type from bean name 'jacksonObjectMapper' via factory method to bean named 'jacksonObjectMapperBuilder'
2018-01-08 23:46:25 [main] DEBUG o.s.b.f.s.DefaultListableBeanFactory - Eagerly caching bean 'jacksonObjectMapper' to allow for resolving potential circular references
2018-01-08 23:46:25 [main] DEBUG o.s.b.f.s.DefaultListableBeanFactory - Returning cached instance of singleton bean 'org.springframework.transaction.config.internalTransactionAdvisor'
2018-01-08 23:46:25 [main] DEBUG o.s.b.f.s.DefaultListableBeanFactory - Finished creating instance of bean 'jacksonObjectMapper'
2018-01-08 23:46:25 [main] DEBUG o.s.b.f.s.DefaultListableBeanFactory - Autowiring by type from bean name 'mappingJackson2HttpMessageConverter' via factory method to bean named 'jacksonObjectMapper'
2018-01-08 23:46:25 [main] DEBUG o.s.b.f.s.DefaultListableBeanFactory - Eagerly caching bean 'mappingJackson2HttpMessageConverter' to allow for resolving potential circular references
2018-01-08 23:46:25 [main] DEBUG o.s.b.f.s.DefaultListableBeanFactory - Returning cached instance of singleton bean 'org.springframework.transaction.config.internalTransactionAdvisor'
2018-01-08 23:46:25 [main] DEBUG o.s.b.f.s.DefaultListableBeanFactory - Finished creating instance of bean 'mappingJackson2HttpMessageConverter'
2018-01-08 23:46:25 [main] DEBUG o.s.b.f.s.DefaultListableBeanFactory - Eagerly caching bean 'org.springframework.boot.autoconfigure.web.HttpMessageConvertersAutoConfiguration' to allow for resolving potential circular references
2018-01-08 23:46:25 [main] DEBUG o.s.b.f.s.DefaultListableBeanFactory - Returning cached instance of singleton bean 'org.springframework.transaction.config.internalTransactionAdvisor'
2018-01-08 23:46:25 [main] DEBUG o.s.b.f.s.DefaultListableBeanFactory - Finished creating instance of bean 'org.springframework.boot.autoconfigure.web.HttpMessageConvertersAutoConfiguration'
2018-01-08 23:46:25 [main] DEBUG o.s.b.f.s.DefaultListableBeanFactory - Eagerly caching bean 'messageConverters' to allow for resolving potential circular references
2018-01-08 23:46:25 [main] DEBUG o.s.b.f.s.DefaultListableBeanFactory - Returning cached instance of singleton bean 'org.springframework.transaction.config.internalTransactionAdvisor'
2018-01-08 23:46:25 [main] DEBUG o.s.b.f.s.DefaultListableBeanFactory - Finished creating instance of bean 'messageConverters'
2018-01-08 23:46:25 [main] DEBUG o.s.b.f.s.DefaultListableBeanFactory - Eagerly caching bean 'restTemplateBuilder' to allow for resolving potential circular references
2018-01-08 23:46:25 [main] DEBUG o.s.b.f.s.DefaultListableBeanFactory - Returning cached instance of singleton bean 'org.springframework.transaction.config.internalTransactionAdvisor'
2018-01-08 23:46:25 [main] DEBUG o.s.b.f.s.DefaultListableBeanFactory - Finished creating instance of bean 'restTemplateBuilder'
2018-01-08 23:46:25 [main] DEBUG o.s.b.f.s.DefaultListableBeanFactory - Returning cached instance of singleton bean 'tomcatEmbeddedServletContainerFactory'
2018-01-08 23:46:25 [main] DEBUG o.s.b.f.s.DefaultListableBeanFactory - Returning cached instance of singleton bean 'org.springframework.transaction.config.internalTransactionAdvisor'
2018-01-08 23:46:25 [main] DEBUG o.s.b.f.s.DefaultListableBeanFactory - Finished creating instance of bean 'testRestTemplate'
2018-01-08 23:46:25 [main] DEBUG o.s.b.f.s.DefaultListableBeanFactory - Returning cached instance of singleton bean 'org.springframework.boot.test.mock.mockito.MockitoPostProcessor$SpyPostProcessor'
2018-01-08 23:46:25 [main] DEBUG o.s.b.f.s.DefaultListableBeanFactory - Returning cached instance of singleton bean 'org.springframework.boot.test.mock.mockito.MockitoPostProcessor'
2018-01-08 23:46:25 [main] DEBUG o.s.b.f.s.DefaultListableBeanFactory - Creating shared instance of singleton bean 'productApp'
2018-01-08 23:46:25 [main] DEBUG o.s.b.f.s.DefaultListableBeanFactory - Creating instance of bean 'productApp'
2018-01-08 23:46:25 [main] DEBUG o.s.b.f.s.DefaultListableBeanFactory - Eagerly caching bean 'productApp' to allow for resolving potential circular references
2018-01-08 23:46:25 [main] DEBUG o.s.b.f.s.DefaultListableBeanFactory - Returning cached instance of singleton bean 'org.springframework.transaction.config.internalTransactionAdvisor'
2018-01-08 23:46:25 [main] DEBUG o.s.b.f.s.DefaultListableBeanFactory - Finished creating instance of bean 'productApp'
2018-01-08 23:46:25 [main] DEBUG o.s.b.f.s.DefaultListableBeanFactory - Returning cached instance of singleton bean 'org.springframework.boot.autoconfigure.internalCachingMetadataReaderFactory'
2018-01-08 23:46:25 [main] DEBUG o.s.b.f.s.DefaultListableBeanFactory - Returning cached instance of singleton bean 'org.springframework.context.annotation.ConfigurationClassPostProcessor.importAwareProcessor'
2018-01-08 23:46:25 [main] DEBUG o.s.b.f.s.DefaultListableBeanFactory - Returning cached instance of singleton bean 'org.springframework.context.annotation.ConfigurationClassPostProcessor.enhancedConfigurationProcessor'
2018-01-08 23:46:25 [main] DEBUG o.s.b.f.s.DefaultListableBeanFactory - Returning cached instance of singleton bean 'commonConfig'
2018-01-08 23:46:25 [main] DEBUG o.s.b.f.s.DefaultListableBeanFactory - Creating shared instance of singleton bean 'productController'
2018-01-08 23:46:25 [main] DEBUG o.s.b.f.s.DefaultListableBeanFactory - Creating instance of bean 'productController'
2018-01-08 23:46:25 [main] DEBUG o.s.b.f.annotation.InjectionMetadata - Registered injected element on class [com.myshop.products.controller.ProductController]: AutowiredFieldElement for com.myshop.products.service.ProductService com.myshop.products.controller.ProductController.productServiceImpl
2018-01-08 23:46:25 [main] DEBUG o.s.b.f.s.DefaultListableBeanFactory - Eagerly caching bean 'productController' to allow for resolving potential circular references
2018-01-08 23:46:25 [main] DEBUG o.s.b.f.annotation.InjectionMetadata - Processing injected element of bean 'productController': AutowiredFieldElement for com.myshop.products.service.ProductService com.myshop.products.controller.ProductController.productServiceImpl
2018-01-08 23:46:25 [main] DEBUG o.s.b.f.s.DefaultListableBeanFactory - Creating shared instance of singleton bean 'productServiceImpl'
2018-01-08 23:46:25 [main] DEBUG o.s.b.f.s.DefaultListableBeanFactory - Creating instance of bean 'productServiceImpl'
2018-01-08 23:46:25 [main] DEBUG o.s.b.f.annotation.InjectionMetadata - Registered injected element on class [com.myshop.products.service.ProductServiceImpl]: AutowiredFieldElement for private com.myshop.products.dao.ProductDAO com.myshop.products.service.ProductServiceImpl.productDAOImpl
2018-01-08 23:46:25 [main] DEBUG o.s.b.f.s.DefaultListableBeanFactory - Eagerly caching bean 'productServiceImpl' to allow for resolving potential circular references
2018-01-08 23:46:25 [main] DEBUG o.s.b.f.annotation.InjectionMetadata - Processing injected element of bean 'productServiceImpl': AutowiredFieldElement for private com.myshop.products.dao.ProductDAO com.myshop.products.service.ProductServiceImpl.productDAOImpl
2018-01-08 23:46:25 [main] DEBUG o.s.b.f.s.DefaultListableBeanFactory - Creating shared instance of singleton bean 'productDAOImpl'
2018-01-08 23:46:25 [main] DEBUG o.s.b.f.s.DefaultListableBeanFactory - Creating instance of bean 'productDAOImpl'
2018-01-08 23:46:25 [main] DEBUG o.s.c.a.CommonAnnotationBeanPostProcessor - Found init method on class [com.myshop.products.dao.ProductDAOImpl]: public void com.myshop.products.dao.ProductDAOImpl.init()
2018-01-08 23:46:25 [main] DEBUG o.s.c.a.CommonAnnotationBeanPostProcessor - Registered init method on class [com.myshop.products.dao.ProductDAOImpl]: org.springframework.beans.factory.annotation.InitDestroyAnnotationBeanPostProcessor$LifecycleElement@316510
2018-01-08 23:46:25 [main] DEBUG o.s.b.f.annotation.InjectionMetadata - Registered injected element on class [com.myshop.products.dao.ProductDAOImpl]: AutowiredFieldElement for private javax.sql.DataSource com.myshop.products.dao.ProductDAOImpl.dataSource
2018-01-08 23:46:25 [main] DEBUG o.s.b.f.s.DefaultListableBeanFactory - Eagerly caching bean 'productDAOImpl' to allow for resolving potential circular references
2018-01-08 23:46:25 [main] DEBUG o.s.b.f.annotation.InjectionMetadata - Processing injected element of bean 'productDAOImpl': AutowiredFieldElement for private javax.sql.DataSource com.myshop.products.dao.ProductDAOImpl.dataSource
2018-01-08 23:46:25 [main] DEBUG o.s.b.f.s.DefaultListableBeanFactory - Creating shared instance of singleton bean 'dataSource'
2018-01-08 23:46:25 [main] DEBUG o.s.b.f.s.DefaultListableBeanFactory - Creating instance of bean 'dataSource'
2018-01-08 23:46:25 [main] DEBUG o.s.b.f.s.DefaultListableBeanFactory - Creating shared instance of singleton bean 'org.springframework.boot.autoconfigure.jdbc.DataSourceConfiguration$Tomcat'
2018-01-08 23:46:25 [main] DEBUG o.s.b.f.s.DefaultListableBeanFactory - Creating instance of bean 'org.springframework.boot.autoconfigure.jdbc.DataSourceConfiguration$Tomcat'
2018-01-08 23:46:25 [main] DEBUG o.s.b.f.s.DefaultListableBeanFactory - Eagerly caching bean 'org.springframework.boot.autoconfigure.jdbc.DataSourceConfiguration$Tomcat' to allow for resolving potential circular references
2018-01-08 23:46:25 [main] DEBUG o.s.b.f.s.DefaultListableBeanFactory - Returning cached instance of singleton bean 'org.springframework.transaction.config.internalTransactionAdvisor'
2018-01-08 23:46:25 [main] DEBUG o.s.b.f.s.DefaultListableBeanFactory - Finished creating instance of bean 'org.springframework.boot.autoconfigure.jdbc.DataSourceConfiguration$Tomcat'
2018-01-08 23:46:25 [main] DEBUG o.s.b.f.s.DefaultListableBeanFactory - Creating shared instance of singleton bean 'spring.datasource-org.springframework.boot.autoconfigure.jdbc.DataSourceProperties'
2018-01-08 23:46:25 [main] DEBUG o.s.b.f.s.DefaultListableBeanFactory - Creating instance of bean 'spring.datasource-org.springframework.boot.autoconfigure.jdbc.DataSourceProperties'
2018-01-08 23:46:25 [main] DEBUG o.s.b.f.s.DefaultListableBeanFactory - Eagerly caching bean 'spring.datasource-org.springframework.boot.autoconfigure.jdbc.DataSourceProperties' to allow for resolving potential circular references
2018-01-08 23:46:25 [main] DEBUG o.s.core.env.MutablePropertySources - Adding [decrypted] PropertySource with lowest search precedence
2018-01-08 23:46:25 [main] DEBUG o.s.core.env.MutablePropertySources - Adding [Inlined Test Properties] PropertySource with lowest search precedence
2018-01-08 23:46:25 [main] DEBUG o.s.core.env.MutablePropertySources - Adding [systemProperties] PropertySource with lowest search precedence
2018-01-08 23:46:25 [main] DEBUG o.s.core.env.MutablePropertySources - Adding [systemEnvironment] PropertySource with lowest search precedence
2018-01-08 23:46:25 [main] DEBUG o.s.core.env.MutablePropertySources - Adding [random] PropertySource with lowest search precedence
2018-01-08 23:46:25 [main] DEBUG o.s.core.env.MutablePropertySources - Adding [configServerClient] PropertySource with lowest search precedence
2018-01-08 23:46:25 [main] DEBUG o.s.core.env.MutablePropertySources - Adding [applicationConfig: [classpath:/application.yml]] PropertySource with lowest search precedence
2018-01-08 23:46:25 [main] DEBUG o.s.core.env.MutablePropertySources - Adding [springCloudClientHostInfo] PropertySource with lowest search precedence
2018-01-08 23:46:25 [main] DEBUG o.s.core.env.MutablePropertySources - Adding [defaultProperties] PropertySource with lowest search precedence
2018-01-08 23:46:25 [main] DEBUG o.s.core.env.MutablePropertySources - Adding [localProperties] PropertySource with lowest search precedence
2018-01-08 23:46:25 [main] DEBUG o.s.core.env.MutablePropertySources - Adding [decrypted] PropertySource with lowest search precedence
2018-01-08 23:46:25 [main] DEBUG o.s.core.env.MutablePropertySources - Adding [Inlined Test Properties] PropertySource with lowest search precedence
2018-01-08 23:46:25 [main] DEBUG o.s.core.env.MutablePropertySources - Adding [systemProperties] PropertySource with lowest search precedence
2018-01-08 23:46:25 [main] DEBUG o.s.core.env.MutablePropertySources - Adding [systemEnvironment] PropertySource with lowest search precedence
2018-01-08 23:46:25 [main] DEBUG o.s.core.env.MutablePropertySources - Adding [random] PropertySource with lowest search precedence
2018-01-08 23:46:25 [main] DEBUG o.s.core.env.MutablePropertySources - Adding [configServerClient] PropertySource with lowest search precedence
2018-01-08 23:46:25 [main] DEBUG o.s.core.env.MutablePropertySources - Adding [applicationConfig: [classpath:/application.yml]] PropertySource with lowest search precedence
2018-01-08 23:46:25 [main] DEBUG o.s.core.env.MutablePropertySources - Adding [springCloudClientHostInfo] PropertySource with lowest search precedence
2018-01-08 23:46:25 [main] DEBUG o.s.core.env.MutablePropertySources - Adding [defaultProperties] PropertySource with lowest search precedence
2018-01-08 23:46:25 [main] DEBUG o.s.core.env.MutablePropertySources - Adding [localProperties] PropertySource with lowest search precedence
2018-01-08 23:46:25 [main] DEBUG o.s.c.e.PropertySourcesPropertyResolver - Found key 'spring.datasource.password' in [decrypted] with type [String]
2018-01-08 23:46:25 [main] DEBUG o.s.core.env.MutablePropertySources - Adding [decrypted] PropertySource with lowest search precedence
2018-01-08 23:46:25 [main] DEBUG o.s.core.env.MutablePropertySources - Adding [Inlined Test Properties] PropertySource with lowest search precedence
2018-01-08 23:46:25 [main] DEBUG o.s.core.env.MutablePropertySources - Adding [systemProperties] PropertySource with lowest search precedence
2018-01-08 23:46:25 [main] DEBUG o.s.core.env.MutablePropertySources - Adding [systemEnvironment] PropertySource with lowest search precedence
2018-01-08 23:46:25 [main] DEBUG o.s.core.env.MutablePropertySources - Adding [random] PropertySource with lowest search precedence
2018-01-08 23:46:25 [main] DEBUG o.s.core.env.MutablePropertySources - Adding [configServerClient] PropertySource with lowest search precedence
2018-01-08 23:46:25 [main] DEBUG o.s.core.env.MutablePropertySources - Adding [applicationConfig: [classpath:/application.yml]] PropertySource with lowest search precedence
2018-01-08 23:46:25 [main] DEBUG o.s.core.env.MutablePropertySources - Adding [springCloudClientHostInfo] PropertySource with lowest search precedence
2018-01-08 23:46:25 [main] DEBUG o.s.core.env.MutablePropertySources - Adding [defaultProperties] PropertySource with lowest search precedence
2018-01-08 23:46:25 [main] DEBUG o.s.core.env.MutablePropertySources - Adding [localProperties] PropertySource with lowest search precedence
2018-01-08 23:46:25 [main] DEBUG o.s.c.e.PropertySourcesPropertyResolver - Found key 'spring.datasource.url' in [applicationConfig: [classpath:/application.yml]] with type [String]
2018-01-08 23:46:25 [main] DEBUG o.s.core.env.MutablePropertySources - Adding [decrypted] PropertySource with lowest search precedence
2018-01-08 23:46:25 [main] DEBUG o.s.core.env.MutablePropertySources - Adding [Inlined Test Properties] PropertySource with lowest search precedence
2018-01-08 23:46:25 [main] DEBUG o.s.core.env.MutablePropertySources - Adding [systemProperties] PropertySource with lowest search precedence
2018-01-08 23:46:25 [main] DEBUG o.s.core.env.MutablePropertySources - Adding [systemEnvironment] PropertySource with lowest search precedence
2018-01-08 23:46:25 [main] DEBUG o.s.core.env.MutablePropertySources - Adding [random] PropertySource with lowest search precedence
2018-01-08 23:46:25 [main] DEBUG o.s.core.env.MutablePropertySources - Adding [configServerClient] PropertySource with lowest search precedence
2018-01-08 23:46:25 [main] DEBUG o.s.core.env.MutablePropertySources - Adding [applicationConfig: [classpath:/application.yml]] PropertySource with lowest search precedence
2018-01-08 23:46:25 [main] DEBUG o.s.core.env.MutablePropertySources - Adding [springCloudClientHostInfo] PropertySource with lowest search precedence
2018-01-08 23:46:25 [main] DEBUG o.s.core.env.MutablePropertySources - Adding [defaultProperties] PropertySource with lowest search precedence
2018-01-08 23:46:25 [main] DEBUG o.s.core.env.MutablePropertySources - Adding [localProperties] PropertySource with lowest search precedence
2018-01-08 23:46:25 [main] DEBUG o.s.c.e.PropertySourcesPropertyResolver - Found key 'spring.datasource.username' in [applicationConfig: [classpath:/application.yml]] with type [String]
2018-01-08 23:46:25 [main] DEBUG o.s.core.env.MutablePropertySources - Adding [decrypted] PropertySource with lowest search precedence
2018-01-08 23:46:25 [main] DEBUG o.s.core.env.MutablePropertySources - Adding [Inlined Test Properties] PropertySource with lowest search precedence
2018-01-08 23:46:25 [main] DEBUG o.s.core.env.MutablePropertySources - Adding [systemProperties] PropertySource with lowest search precedence
2018-01-08 23:46:25 [main] DEBUG o.s.core.env.MutablePropertySources - Adding [systemEnvironment] PropertySource with lowest search precedence
2018-01-08 23:46:25 [main] DEBUG o.s.core.env.MutablePropertySources - Adding [random] PropertySource with lowest search precedence
2018-01-08 23:46:25 [main] DEBUG o.s.core.env.MutablePropertySources - Adding [configServerClient] PropertySource with lowest search precedence
2018-01-08 23:46:25 [main] DEBUG o.s.core.env.MutablePropertySources - Adding [applicationConfig: [classpath:/application.yml]] PropertySource with lowest search precedence
2018-01-08 23:46:25 [main] DEBUG o.s.core.env.MutablePropertySources - Adding [springCloudClientHostInfo] PropertySource with lowest search precedence
2018-01-08 23:46:25 [main] DEBUG o.s.core.env.MutablePropertySources - Adding [defaultProperties] PropertySource with lowest search precedence
2018-01-08 23:46:25 [main] DEBUG o.s.core.env.MutablePropertySources - Adding [localProperties] PropertySource with lowest search precedence
2018-01-08 23:46:25 [main] DEBUG o.s.c.e.PropertySourcesPropertyResolver - Found key 'spring.datasource.password' in [decrypted] with type [String]
2018-01-08 23:46:25 [main] DEBUG o.s.b.f.s.DefaultListableBeanFactory - Invoking afterPropertiesSet() on bean with name 'spring.datasource-org.springframework.boot.autoconfigure.jdbc.DataSourceProperties'
2018-01-08 23:46:25 [main] DEBUG o.s.b.f.s.DefaultListableBeanFactory - Returning cached instance of singleton bean 'org.springframework.transaction.config.internalTransactionAdvisor'
2018-01-08 23:46:25 [main] DEBUG o.s.b.f.s.DefaultListableBeanFactory - Finished creating instance of bean 'spring.datasource-org.springframework.boot.autoconfigure.jdbc.DataSourceProperties'
2018-01-08 23:46:25 [main] DEBUG o.s.b.f.s.DefaultListableBeanFactory - Autowiring by type from bean name 'dataSource' via factory method to bean named 'spring.datasource-org.springframework.boot.autoconfigure.jdbc.DataSourceProperties'
2018-01-08 23:46:25 [main] DEBUG o.s.b.f.s.DefaultListableBeanFactory - Eagerly caching bean 'dataSource' to allow for resolving potential circular references
2018-01-08 23:46:25 [main] DEBUG o.s.core.env.MutablePropertySources - Adding [decrypted] PropertySource with lowest search precedence
2018-01-08 23:46:25 [main] DEBUG o.s.core.env.MutablePropertySources - Adding [Inlined Test Properties] PropertySource with lowest search precedence
2018-01-08 23:46:25 [main] DEBUG o.s.core.env.MutablePropertySources - Adding [systemProperties] PropertySource with lowest search precedence
2018-01-08 23:46:25 [main] DEBUG o.s.core.env.MutablePropertySources - Adding [systemEnvironment] PropertySource with lowest search precedence
2018-01-08 23:46:25 [main] DEBUG o.s.core.env.MutablePropertySources - Adding [random] PropertySource with lowest search precedence
2018-01-08 23:46:25 [main] DEBUG o.s.core.env.MutablePropertySources - Adding [configServerClient] PropertySource with lowest search precedence
2018-01-08 23:46:25 [main] DEBUG o.s.core.env.MutablePropertySources - Adding [applicationConfig: [classpath:/application.yml]] PropertySource with lowest search precedence
2018-01-08 23:46:25 [main] DEBUG o.s.core.env.MutablePropertySources - Adding [springCloudClientHostInfo] PropertySource with lowest search precedence
2018-01-08 23:46:25 [main] DEBUG o.s.core.env.MutablePropertySources - Adding [defaultProperties] PropertySource with lowest search precedence
2018-01-08 23:46:25 [main] DEBUG o.s.core.env.MutablePropertySources - Adding [localProperties] PropertySource with lowest search precedence
2018-01-08 23:46:25 [main] DEBUG o.s.b.f.s.DefaultListableBeanFactory - Creating shared instance of singleton bean 'dataSourceInitializer'
2018-01-08 23:46:25 [main] DEBUG o.s.b.f.s.DefaultListableBeanFactory - Creating instance of bean 'dataSourceInitializer'
2018-01-08 23:46:25 [main] DEBUG o.s.b.f.s.DefaultListableBeanFactory - Creating shared instance of singleton bean 'org.springframework.boot.autoconfigure.jdbc.DataSourceAutoConfiguration'
2018-01-08 23:46:25 [main] DEBUG o.s.b.f.s.DefaultListableBeanFactory - Creating instance of bean 'org.springframework.boot.autoconfigure.jdbc.DataSourceAutoConfiguration'
2018-01-08 23:46:25 [main] DEBUG o.s.b.f.s.DefaultListableBeanFactory - Eagerly caching bean 'org.springframework.boot.autoconfigure.jdbc.DataSourceAutoConfiguration' to allow for resolving potential circular references
2018-01-08 23:46:25 [main] DEBUG o.s.b.f.s.DefaultListableBeanFactory - Returning cached instance of singleton bean 'org.springframework.transaction.config.internalTransactionAdvisor'
2018-01-08 23:46:25 [main] DEBUG o.s.b.f.s.DefaultListableBeanFactory - Finished creating instance of bean 'org.springframework.boot.autoconfigure.jdbc.DataSourceAutoConfiguration'
2018-01-08 23:46:25 [main] DEBUG o.s.c.a.CommonAnnotationBeanPostProcessor - Found init method on class [org.springframework.boot.autoconfigure.jdbc.DataSourceInitializer]: public void org.springframework.boot.autoconfigure.jdbc.DataSourceInitializer.init()
2018-01-08 23:46:25 [main] DEBUG o.s.c.a.CommonAnnotationBeanPostProcessor - Registered init method on class [org.springframework.boot.autoconfigure.jdbc.DataSourceInitializer]: org.springframework.beans.factory.annotation.InitDestroyAnnotationBeanPostProcessor$LifecycleElement@316510
2018-01-08 23:46:25 [main] DEBUG o.s.b.f.annotation.InjectionMetadata - Registered injected element on class [org.springframework.boot.autoconfigure.jdbc.DataSourceInitializer]: AutowiredFieldElement for private org.springframework.context.ConfigurableApplicationContext org.springframework.boot.autoconfigure.jdbc.DataSourceInitializer.applicationContext
2018-01-08 23:46:25 [main] DEBUG o.s.b.f.annotation.InjectionMetadata - Registered injected element on class [org.springframework.boot.autoconfigure.jdbc.DataSourceInitializer]: AutowiredFieldElement for private org.springframework.boot.autoconfigure.jdbc.DataSourceProperties org.springframework.boot.autoconfigure.jdbc.DataSourceInitializer.properties
2018-01-08 23:46:25 [main] DEBUG o.s.b.f.s.DefaultListableBeanFactory - Eagerly caching bean 'dataSourceInitializer' to allow for resolving potential circular references
2018-01-08 23:46:25 [main] DEBUG o.s.b.f.annotation.InjectionMetadata - Processing injected element of bean 'dataSourceInitializer': AutowiredFieldElement for private org.springframework.context.ConfigurableApplicationContext org.springframework.boot.autoconfigure.jdbc.DataSourceInitializer.applicationContext
2018-01-08 23:46:25 [main] DEBUG o.s.b.f.a.AutowiredAnnotationBeanPostProcessor - Autowiring by type from bean name 'dataSourceInitializer' to bean named 'org.springframework.boot.context.embedded.AnnotationConfigEmbeddedWebApplicationContext@736ac09a'
2018-01-08 23:46:25 [main] DEBUG o.s.b.f.annotation.InjectionMetadata - Processing injected element of bean 'dataSourceInitializer': AutowiredFieldElement for private org.springframework.boot.autoconfigure.jdbc.DataSourceProperties org.springframework.boot.autoconfigure.jdbc.DataSourceInitializer.properties
2018-01-08 23:46:25 [main] DEBUG o.s.b.f.s.DefaultListableBeanFactory - Returning cached instance of singleton bean 'spring.datasource-org.springframework.boot.autoconfigure.jdbc.DataSourceProperties'
2018-01-08 23:46:25 [main] DEBUG o.s.b.f.a.AutowiredAnnotationBeanPostProcessor - Autowiring by type from bean name 'dataSourceInitializer' to bean named 'spring.datasource-org.springframework.boot.autoconfigure.jdbc.DataSourceProperties'
2018-01-08 23:46:25 [main] DEBUG o.s.c.a.CommonAnnotationBeanPostProcessor - Invoking init method on bean 'dataSourceInitializer': public void org.springframework.boot.autoconfigure.jdbc.DataSourceInitializer.init()
2018-01-08 23:46:25 [main] DEBUG o.s.b.f.s.DefaultListableBeanFactory - Returning cached instance of singleton bean 'org.springframework.transaction.config.internalTransactionAdvisor'
2018-01-08 23:46:25 [main] DEBUG o.s.b.f.s.DefaultListableBeanFactory - Returning eagerly cached instance of singleton bean 'dataSource' that is not fully initialized yet - a consequence of a circular reference
2018-01-08 23:46:25 [main] DEBUG o.s.c.i.s.PathMatchingResourcePatternResolver - Resolved classpath location [schema-all.sql] to resources []
2018-01-08 23:46:25 [main] DEBUG o.s.c.i.s.PathMatchingResourcePatternResolver - Resolved classpath location [schema.sql] to resources []
2018-01-08 23:46:25 [main] DEBUG o.s.b.f.s.DefaultListableBeanFactory - Returning cached instance of singleton bean 'org.springframework.transaction.config.internalTransactionAdvisor'
2018-01-08 23:46:25 [main] DEBUG o.s.b.f.s.DefaultListableBeanFactory - Finished creating instance of bean 'dataSourceInitializer'
2018-01-08 23:46:25 [main] DEBUG o.s.b.f.s.DefaultListableBeanFactory - Finished creating instance of bean 'dataSource'
2018-01-08 23:46:25 [main] DEBUG o.s.b.f.a.AutowiredAnnotationBeanPostProcessor - Autowiring by type from bean name 'productDAOImpl' to bean named 'dataSource'
2018-01-08 23:46:25 [main] DEBUG o.s.c.a.CommonAnnotationBeanPostProcessor - Invoking init method on bean 'productDAOImpl': public void com.myshop.products.dao.ProductDAOImpl.init()
2018-01-08 23:46:25 [main] DEBUG o.s.b.f.s.DefaultListableBeanFactory - Returning cached instance of singleton bean 'org.springframework.transaction.config.internalTransactionAdvisor'
2018-01-08 23:46:25 [main] DEBUG o.s.aop.framework.CglibAopProxy - Creating CGLIB proxy: target source is SingletonTargetSource for target object [com.myshop.products.dao.ProductDAOImpl@49e2b3c5]
2018-01-08 23:46:25 [main] DEBUG o.s.aop.framework.CglibAopProxy - Unable to apply any optimisations to advised method: public void com.myshop.products.dao.ProductDAOImpl.init()
2018-01-08 23:46:25 [main] DEBUG o.s.aop.framework.CglibAopProxy - Unable to apply any optimisations to advised method: public void com.myshop.products.dao.ProductDAOImpl.updateProduct(com.myshop.products.model.Products) throws org.springframework.dao.DataAccessException
2018-01-08 23:46:25 [main] DEBUG o.s.aop.framework.CglibAopProxy - Unable to apply any optimisations to advised method: public void com.myshop.products.dao.ProductDAOImpl.deleteProduct(java.lang.String) throws org.springframework.dao.DataAccessException
2018-01-08 23:46:25 [main] DEBUG o.s.aop.framework.CglibAopProxy - Unable to apply any optimisations to advised method: public void com.myshop.products.dao.ProductDAOImpl.createProduct(com.myshop.products.model.Products) throws org.springframework.dao.DataAccessException
2018-01-08 23:46:25 [main] DEBUG o.s.aop.framework.CglibAopProxy - Unable to apply any optimisations to advised method: public java.util.List com.myshop.products.dao.ProductDAOImpl.fetchProduct(java.lang.String) throws org.springframework.dao.DataAccessException
2018-01-08 23:46:25 [main] DEBUG o.s.aop.framework.CglibAopProxy - Found 'equals' method: public boolean java.lang.Object.equals(java.lang.Object)
2018-01-08 23:46:25 [main] DEBUG o.s.aop.framework.CglibAopProxy - Unable to apply any optimisations to advised method: public java.lang.String java.lang.Object.toString()
2018-01-08 23:46:25 [main] DEBUG o.s.aop.framework.CglibAopProxy - Found 'hashCode' method: public native int java.lang.Object.hashCode()
2018-01-08 23:46:25 [main] DEBUG o.s.aop.framework.CglibAopProxy - Unable to apply any optimisations to advised method: protected native java.lang.Object java.lang.Object.clone() throws java.lang.CloneNotSupportedException
2018-01-08 23:46:25 [main] DEBUG o.s.aop.framework.CglibAopProxy - Method is declared on Advised interface: public abstract int org.springframework.aop.framework.Advised.indexOf(org.springframework.aop.Advisor)
2018-01-08 23:46:25 [main] DEBUG o.s.aop.framework.CglibAopProxy - Method is declared on Advised interface: public abstract int org.springframework.aop.framework.Advised.indexOf(org.aopalliance.aop.Advice)
2018-01-08 23:46:25 [main] DEBUG o.s.aop.framework.CglibAopProxy - Method is declared on Advised interface: public abstract boolean org.springframework.aop.framework.Advised.isFrozen()
2018-01-08 23:46:25 [main] DEBUG o.s.aop.framework.CglibAopProxy - Method is declared on Advised interface: public abstract void org.springframework.aop.framework.Advised.setTargetSource(org.springframework.aop.TargetSource)
2018-01-08 23:46:25 [main] DEBUG o.s.aop.framework.CglibAopProxy - Method is declared on Advised interface: public abstract boolean org.springframework.aop.framework.Advised.isProxyTargetClass()
2018-01-08 23:46:25 [main] DEBUG o.s.aop.framework.CglibAopProxy - Method is declared on Advised interface: public abstract org.springframework.aop.TargetSource org.springframework.aop.framework.Advised.getTargetSource()
2018-01-08 23:46:25 [main] DEBUG o.s.aop.framework.CglibAopProxy - Method is declared on Advised interface: public abstract void org.springframework.aop.framework.Advised.setExposeProxy(boolean)
2018-01-08 23:46:25 [main] DEBUG o.s.aop.framework.CglibAopProxy - Method is declared on Advised interface: public abstract void org.springframework.aop.framework.Advised.addAdvisor(int,org.springframework.aop.Advisor) throws org.springframework.aop.framework.AopConfigException
2018-01-08 23:46:25 [main] DEBUG o.s.aop.framework.CglibAopProxy - Method is declared on Advised interface: public abstract void org.springframework.aop.framework.Advised.addAdvisor(org.springframework.aop.Advisor) throws org.springframework.aop.framework.AopConfigException
2018-01-08 23:46:25 [main] DEBUG o.s.aop.framework.CglibAopProxy - Method is declared on Advised interface: public abstract boolean org.springframework.aop.framework.Advised.isExposeProxy()
2018-01-08 23:46:25 [main] DEBUG o.s.aop.framework.CglibAopProxy - Method is declared on Advised interface: public abstract java.lang.Class[] org.springframework.aop.framework.Advised.getProxiedInterfaces()
2018-01-08 23:46:25 [main] DEBUG o.s.aop.framework.CglibAopProxy - Method is declared on Advised interface: public abstract java.lang.String org.springframework.aop.framework.Advised.toProxyConfigString()
2018-01-08 23:46:25 [main] DEBUG o.s.aop.framework.CglibAopProxy - Method is declared on Advised interface: public abstract boolean org.springframework.aop.framework.Advised.isInterfaceProxied(java.lang.Class)
2018-01-08 23:46:25 [main] DEBUG o.s.aop.framework.CglibAopProxy - Method is declared on Advised interface: public abstract org.springframework.aop.Advisor[] org.springframework.aop.framework.Advised.getAdvisors()
2018-01-08 23:46:25 [main] DEBUG o.s.aop.framework.CglibAopProxy - Method is declared on Advised interface: public abstract boolean org.springframework.aop.framework.Advised.removeAdvisor(org.springframework.aop.Advisor)
2018-01-08 23:46:25 [main] DEBUG o.s.aop.framework.CglibAopProxy - Method is declared on Advised interface: public abstract void org.springframework.aop.framework.Advised.removeAdvisor(int) throws org.springframework.aop.framework.AopConfigException
2018-01-08 23:46:25 [main] DEBUG o.s.aop.framework.CglibAopProxy - Method is declared on Advised interface: public abstract boolean org.springframework.aop.framework.Advised.removeAdvice(org.aopalliance.aop.Advice)
2018-01-08 23:46:25 [main] DEBUG o.s.aop.framework.CglibAopProxy - Method is declared on Advised interface: public abstract boolean org.springframework.aop.framework.Advised.isPreFiltered()
2018-01-08 23:46:25 [main] DEBUG o.s.aop.framework.CglibAopProxy - Method is declared on Advised interface: public abstract boolean org.springframework.aop.framework.Advised.replaceAdvisor(org.springframework.aop.Advisor,org.springframework.aop.Advisor) throws org.springframework.aop.framework.AopConfigException
2018-01-08 23:46:25 [main] DEBUG o.s.aop.framework.CglibAopProxy - Method is declared on Advised interface: public abstract void org.springframework.aop.framework.Advised.addAdvice(org.aopalliance.aop.Advice) throws org.springframework.aop.framework.AopConfigException
2018-01-08 23:46:25 [main] DEBUG o.s.aop.framework.CglibAopProxy - Method is declared on Advised interface: public abstract void org.springframework.aop.framework.Advised.addAdvice(int,org.aopalliance.aop.Advice) throws org.springframework.aop.framework.AopConfigException
2018-01-08 23:46:25 [main] DEBUG o.s.aop.framework.CglibAopProxy - Method is declared on Advised interface: public abstract void org.springframework.aop.framework.Advised.setPreFiltered(boolean)
2018-01-08 23:46:25 [main] DEBUG o.s.aop.framework.CglibAopProxy - Method is declared on Advised interface: public abstract java.lang.Class org.springframework.aop.TargetClassAware.getTargetClass()
2018-01-08 23:46:25 [main] DEBUG o.s.b.f.s.DefaultListableBeanFactory - Finished creating instance of bean 'productDAOImpl'
2018-01-08 23:46:25 [main] DEBUG o.s.b.f.a.AutowiredAnnotationBeanPostProcessor - Autowiring by type from bean name 'productServiceImpl' to bean named 'productDAOImpl'
2018-01-08 23:46:25 [main] DEBUG o.s.b.f.s.DefaultListableBeanFactory - Returning cached instance of singleton bean 'org.springframework.transaction.config.internalTransactionAdvisor'
2018-01-08 23:46:25 [main] DEBUG o.s.b.f.s.DefaultListableBeanFactory - Finished creating instance of bean 'productServiceImpl'
2018-01-08 23:46:25 [main] DEBUG o.s.b.f.a.AutowiredAnnotationBeanPostProcessor - Autowiring by type from bean name 'productController' to bean named 'productServiceImpl'
2018-01-08 23:46:25 [main] DEBUG o.s.b.f.s.DefaultListableBeanFactory - Returning cached instance of singleton bean 'org.springframework.transaction.config.internalTransactionAdvisor'
2018-01-08 23:46:25 [main] DEBUG o.s.b.f.s.DefaultListableBeanFactory - Finished creating instance of bean 'productController'
2018-01-08 23:46:25 [main] DEBUG o.s.b.f.s.DefaultListableBeanFactory - Returning cached instance of singleton bean 'productDAOImpl'
2018-01-08 23:46:25 [main] DEBUG o.s.b.f.s.DefaultListableBeanFactory - Returning cached instance of singleton bean 'productServiceImpl'
2018-01-08 23:46:25 [main] DEBUG o.s.b.f.s.DefaultListableBeanFactory - Creating shared instance of singleton bean 'myShopControllerAdvice'
2018-01-08 23:46:25 [main] DEBUG o.s.b.f.s.DefaultListableBeanFactory - Creating instance of bean 'myShopControllerAdvice'
2018-01-08 23:46:25 [main] DEBUG o.s.b.f.s.DefaultListableBeanFactory - Eagerly caching bean 'myShopControllerAdvice' to allow for resolving potential circular references
2018-01-08 23:46:25 [main] DEBUG o.s.b.f.s.DefaultListableBeanFactory - Returning cached instance of singleton bean 'org.springframework.transaction.config.internalTransactionAdvisor'
2018-01-08 23:46:25 [main] DEBUG o.s.b.f.s.DefaultListableBeanFactory - Finished creating instance of bean 'myShopControllerAdvice'
2018-01-08 23:46:25 [main] DEBUG o.s.b.f.s.DefaultListableBeanFactory - Returning cached instance of singleton bean 'loggerfilter'
2018-01-08 23:46:25 [main] DEBUG o.s.b.f.s.DefaultListableBeanFactory - Returning cached instance of singleton bean 'servletComponentRegisteringPostProcessor'
2018-01-08 23:46:25 [main] DEBUG o.s.b.f.s.DefaultListableBeanFactory - Creating shared instance of singleton bean 'org.springframework.cloud.config.server.config.ConfigServerConfiguration'
2018-01-08 23:46:25 [main] DEBUG o.s.b.f.s.DefaultListableBeanFactory - Creating instance of bean 'org.springframework.cloud.config.server.config.ConfigServerConfiguration'
2018-01-08 23:46:25 [main] DEBUG o.s.b.f.s.DefaultListableBeanFactory - Eagerly caching bean 'org.springframework.cloud.config.server.config.ConfigServerConfiguration' to allow for resolving potential circular references
2018-01-08 23:46:25 [main] DEBUG o.s.b.f.s.DefaultListableBeanFactory - Returning cached instance of singleton bean 'org.springframework.transaction.config.internalTransactionAdvisor'
2018-01-08 23:46:25 [main] DEBUG o.s.b.f.s.DefaultListableBeanFactory - Finished creating instance of bean 'org.springframework.cloud.config.server.config.ConfigServerConfiguration'
2018-01-08 23:46:25 [main] DEBUG o.s.b.f.s.DefaultListableBeanFactory - Creating shared instance of singleton bean 'enableConfigServerMarker'
2018-01-08 23:46:25 [main] DEBUG o.s.b.f.s.DefaultListableBeanFactory - Creating instance of bean 'enableConfigServerMarker'
2018-01-08 23:46:25 [main] DEBUG o.s.b.f.s.DefaultListableBeanFactory - Returning cached instance of singleton bean 'org.springframework.cloud.config.server.config.ConfigServerConfiguration'
2018-01-08 23:46:25 [main] DEBUG o.s.b.f.s.DefaultListableBeanFactory - Eagerly caching bean 'enableConfigServerMarker' to allow for resolving potential circular references
2018-01-08 23:46:25 [main] DEBUG o.s.b.f.s.DefaultListableBeanFactory - Returning cached instance of singleton bean 'org.springframework.transaction.config.internalTransactionAdvisor'
2018-01-08 23:46:25 [main] DEBUG o.s.b.f.s.DefaultListableBeanFactory - Finished creating instance of bean 'enableConfigServerMarker'
2018-01-08 23:46:25 [main] DEBUG o.s.b.f.s.DefaultListableBeanFactory - Creating shared instance of singleton bean 'org.springframework.boot.autoconfigure.AutoConfigurationPackages'
2018-01-08 23:46:25 [main] DEBUG o.s.b.f.s.DefaultListableBeanFactory - Creating instance of bean 'org.springframework.boot.autoconfigure.AutoConfigurationPackages'
2018-01-08 23:46:25 [main] DEBUG o.s.b.f.s.DefaultListableBeanFactory - Eagerly caching bean 'org.springframework.boot.autoconfigure.AutoConfigurationPackages' to allow for resolving potential circular references
2018-01-08 23:46:25 [main] DEBUG o.s.b.f.s.DefaultListableBeanFactory - Returning cached instance of singleton bean 'org.springframework.transaction.config.internalTransactionAdvisor'
2018-01-08 23:46:25 [main] DEBUG o.s.b.f.s.DefaultListableBeanFactory - Finished creating instance of bean 'org.springframework.boot.autoconfigure.AutoConfigurationPackages'
2018-01-08 23:46:25 [main] DEBUG o.s.b.f.s.DefaultListableBeanFactory - Creating shared instance of singleton bean 'org.springframework.boot.autoconfigure.PropertyPlaceholderAutoConfiguration'
2018-01-08 23:46:25 [main] DEBUG o.s.b.f.s.DefaultListableBeanFactory - Creating instance of bean 'org.springframework.boot.autoconfigure.PropertyPlaceholderAutoConfiguration'
2018-01-08 23:46:25 [main] DEBUG o.s.b.f.s.DefaultListableBeanFactory - Eagerly caching bean 'org.springframework.boot.autoconfigure.PropertyPlaceholderAutoConfiguration' to allow for resolving potential circular references
2018-01-08 23:46:25 [main] DEBUG o.s.b.f.s.DefaultListableBeanFactory - Returning cached instance of singleton bean 'org.springframework.transaction.config.internalTransactionAdvisor'
2018-01-08 23:46:25 [main] DEBUG o.s.b.f.s.DefaultListableBeanFactory - Finished creating instance of bean 'org.springframework.boot.autoconfigure.PropertyPlaceholderAutoConfiguration'
2018-01-08 23:46:25 [main] DEBUG o.s.b.f.s.DefaultListableBeanFactory - Returning cached instance of singleton bean 'org.springframework.boot.autoconfigure.condition.BeanTypeRegistry'
2018-01-08 23:46:25 [main] DEBUG o.s.b.f.s.DefaultListableBeanFactory - Returning cached instance of singleton bean 'propertySourcesPlaceholderConfigurer'
2018-01-08 23:46:25 [main] DEBUG o.s.b.f.s.DefaultListableBeanFactory - Returning cached instance of singleton bean 'org.springframework.boot.autoconfigure.jackson.JacksonAutoConfiguration$Jackson2ObjectMapperBuilderCustomizerConfiguration'
2018-01-08 23:46:25 [main] DEBUG o.s.b.f.s.DefaultListableBeanFactory - Returning cached instance of singleton bean 'standardJacksonObjectMapperBuilderCustomizer'
2018-01-08 23:46:25 [main] DEBUG o.s.b.f.s.DefaultListableBeanFactory - Returning cached instance of singleton bean 'spring.jackson-org.springframework.boot.autoconfigure.jackson.JacksonProperties'
2018-01-08 23:46:25 [main] DEBUG o.s.b.f.s.DefaultListableBeanFactory - Returning cached instance of singleton bean 'org.springframework.boot.context.properties.ConfigurationPropertiesBindingPostProcessor'
2018-01-08 23:46:25 [main] DEBUG o.s.b.f.s.DefaultListableBeanFactory - Returning cached instance of singleton bean 'org.springframework.boot.context.properties.ConfigurationPropertiesBindingPostProcessor.store'
2018-01-08 23:46:25 [main] DEBUG o.s.b.f.s.DefaultListableBeanFactory - Returning cached instance of singleton bean 'org.springframework.boot.autoconfigure.jackson.JacksonAutoConfiguration$JacksonObjectMapperBuilderConfiguration'
2018-01-08 23:46:25 [main] DEBUG o.s.b.f.s.DefaultListableBeanFactory - Returning cached instance of singleton bean 'jacksonObjectMapperBuilder'
2018-01-08 23:46:25 [main] DEBUG o.s.b.f.s.DefaultListableBeanFactory - Returning cached instance of singleton bean 'org.springframework.boot.autoconfigure.jackson.JacksonAutoConfiguration$JacksonObjectMapperConfiguration'
2018-01-08 23:46:25 [main] DEBUG o.s.b.f.s.DefaultListableBeanFactory - Returning cached instance of singleton bean 'jacksonObjectMapper'
2018-01-08 23:46:25 [main] DEBUG o.s.b.f.s.DefaultListableBeanFactory - Returning cached instance of singleton bean 'org.springframework.boot.autoconfigure.jackson.JacksonAutoConfiguration'
2018-01-08 23:46:25 [main] DEBUG o.s.b.f.s.DefaultListableBeanFactory - Returning cached instance of singleton bean 'jsonComponentModule'
2018-01-08 23:46:25 [main] DEBUG o.s.b.f.s.DefaultListableBeanFactory - Returning cached instance of singleton bean 'org.springframework.boot.autoconfigure.websocket.WebSocketAutoConfiguration$TomcatWebSocketConfiguration'
2018-01-08 23:46:25 [main] DEBUG o.s.b.f.s.DefaultListableBeanFactory - Returning cached instance of singleton bean 'websocketContainerCustomizer'
2018-01-08 23:46:25 [main] DEBUG o.s.b.f.s.DefaultListableBeanFactory - Creating shared instance of singleton bean 'org.springframework.boot.autoconfigure.websocket.WebSocketAutoConfiguration'
2018-01-08 23:46:25 [main] DEBUG o.s.b.f.s.DefaultListableBeanFactory - Creating instance of bean 'org.springframework.boot.autoconfigure.websocket.WebSocketAutoConfiguration'
2018-01-08 23:46:25 [main] DEBUG o.s.b.f.s.DefaultListableBeanFactory - Eagerly caching bean 'org.springframework.boot.autoconfigure.websocket.WebSocketAutoConfiguration' to allow for resolving potential circular references
2018-01-08 23:46:25 [main] DEBUG o.s.b.f.s.DefaultListableBeanFactory - Returning cached instance of singleton bean 'org.springframework.transaction.config.internalTransactionAdvisor'
2018-01-08 23:46:25 [main] DEBUG o.s.b.f.s.DefaultListableBeanFactory - Finished creating instance of bean 'org.springframework.boot.autoconfigure.websocket.WebSocketAutoConfiguration'
2018-01-08 23:46:25 [main] DEBUG o.s.b.f.s.DefaultListableBeanFactory - Returning cached instance of singleton bean 'org.springframework.boot.autoconfigure.web.EmbeddedServletContainerAutoConfiguration$EmbeddedTomcat'
2018-01-08 23:46:25 [main] DEBUG o.s.b.f.s.DefaultListableBeanFactory - Returning cached instance of singleton bean 'tomcatEmbeddedServletContainerFactory'
2018-01-08 23:46:25 [main] DEBUG o.s.b.f.s.DefaultListableBeanFactory - Creating shared instance of singleton bean 'org.springframework.boot.autoconfigure.web.EmbeddedServletContainerAutoConfiguration'
2018-01-08 23:46:25 [main] DEBUG o.s.b.f.s.DefaultListableBeanFactory - Creating instance of bean 'org.springframework.boot.autoconfigure.web.EmbeddedServletContainerAutoConfiguration'
2018-01-08 23:46:25 [main] DEBUG o.s.b.f.s.DefaultListableBeanFactory - Eagerly caching bean 'org.springframework.boot.autoconfigure.web.EmbeddedServletContainerAutoConfiguration' to allow for resolving potential circular references
2018-01-08 23:46:25 [main] DEBUG o.s.b.f.s.DefaultListableBeanFactory - Returning cached instance of singleton bean 'org.springframework.transaction.config.internalTransactionAdvisor'
2018-01-08 23:46:25 [main] DEBUG o.s.b.f.s.DefaultListableBeanFactory - Finished creating instance of bean 'org.springframework.boot.autoconfigure.web.EmbeddedServletContainerAutoConfiguration'
2018-01-08 23:46:25 [main] DEBUG o.s.b.f.s.DefaultListableBeanFactory - Returning cached instance of singleton bean 'embeddedServletContainerCustomizerBeanPostProcessor'
2018-01-08 23:46:25 [main] DEBUG o.s.b.f.s.DefaultListableBeanFactory - Returning cached instance of singleton bean 'errorPageRegistrarBeanPostProcessor'
2018-01-08 23:46:25 [main] DEBUG o.s.b.f.s.DefaultListableBeanFactory - Returning cached instance of singleton bean 'org.springframework.boot.autoconfigure.web.DispatcherServletAutoConfiguration$DispatcherServletConfiguration'
2018-01-08 23:46:25 [main] DEBUG o.s.b.f.s.DefaultListableBeanFactory - Returning cached instance of singleton bean 'dispatcherServlet'
2018-01-08 23:46:25 [main] DEBUG o.s.b.f.s.DefaultListableBeanFactory - Returning cached instance of singleton bean 'spring.mvc-org.springframework.boot.autoconfigure.web.WebMvcProperties'
2018-01-08 23:46:25 [main] DEBUG o.s.b.f.s.DefaultListableBeanFactory - Returning cached instance of singleton bean 'org.springframework.boot.autoconfigure.web.DispatcherServletAutoConfiguration$DispatcherServletRegistrationConfiguration'
2018-01-08 23:46:25 [main] DEBUG o.s.b.f.s.DefaultListableBeanFactory - Returning cached instance of singleton bean 'dispatcherServletRegistration'
2018-01-08 23:46:25 [main] DEBUG o.s.b.f.s.DefaultListableBeanFactory - Creating shared instance of singleton bean 'org.springframework.boot.autoconfigure.web.DispatcherServletAutoConfiguration'
2018-01-08 23:46:25 [main] DEBUG o.s.b.f.s.DefaultListableBeanFactory - Creating instance of bean 'org.springframework.boot.autoconfigure.web.DispatcherServletAutoConfiguration'
2018-01-08 23:46:25 [main] DEBUG o.s.b.f.s.DefaultListableBeanFactory - Eagerly caching bean 'org.springframework.boot.autoconfigure.web.DispatcherServletAutoConfiguration' to allow for resolving potential circular references
2018-01-08 23:46:25 [main] DEBUG o.s.b.f.s.DefaultListableBeanFactory - Returning cached instance of singleton bean 'org.springframework.transaction.config.internalTransactionAdvisor'
2018-01-08 23:46:25 [main] DEBUG o.s.b.f.s.DefaultListableBeanFactory - Finished creating instance of bean 'org.springframework.boot.autoconfigure.web.DispatcherServletAutoConfiguration'
2018-01-08 23:46:25 [main] DEBUG o.s.b.f.s.DefaultListableBeanFactory - Creating shared instance of singleton bean 'org.springframework.boot.autoconfigure.web.ErrorMvcAutoConfiguration$WhitelabelErrorViewConfiguration'
2018-01-08 23:46:25 [main] DEBUG o.s.b.f.s.DefaultListableBeanFactory - Creating instance of bean 'org.springframework.boot.autoconfigure.web.ErrorMvcAutoConfiguration$WhitelabelErrorViewConfiguration'
2018-01-08 23:46:25 [main] DEBUG o.s.b.f.s.DefaultListableBeanFactory - Eagerly caching bean 'org.springframework.boot.autoconfigure.web.ErrorMvcAutoConfiguration$WhitelabelErrorViewConfiguration' to allow for resolving potential circular references
2018-01-08 23:46:25 [main] DEBUG o.s.b.f.s.DefaultListableBeanFactory - Returning cached instance of singleton bean 'org.springframework.transaction.config.internalTransactionAdvisor'
2018-01-08 23:46:25 [main] DEBUG o.s.b.f.s.DefaultListableBeanFactory - Finished creating instance of bean 'org.springframework.boot.autoconfigure.web.ErrorMvcAutoConfiguration$WhitelabelErrorViewConfiguration'
2018-01-08 23:46:25 [main] DEBUG o.s.b.f.s.DefaultListableBeanFactory - Creating shared instance of singleton bean 'error'
2018-01-08 23:46:25 [main] DEBUG o.s.b.f.s.DefaultListableBeanFactory - Creating instance of bean 'error'
2018-01-08 23:46:25 [main] DEBUG o.s.b.f.s.DefaultListableBeanFactory - Returning cached instance of singleton bean 'org.springframework.boot.autoconfigure.web.ErrorMvcAutoConfiguration$WhitelabelErrorViewConfiguration'
2018-01-08 23:46:25 [main] DEBUG o.s.b.f.s.DefaultListableBeanFactory - Eagerly caching bean 'error' to allow for resolving potential circular references
2018-01-08 23:46:25 [main] DEBUG o.s.b.f.s.DefaultListableBeanFactory - Returning cached instance of singleton bean 'org.springframework.transaction.config.internalTransactionAdvisor'
2018-01-08 23:46:25 [main] DEBUG o.s.b.f.s.DefaultListableBeanFactory - Finished creating instance of bean 'error'
2018-01-08 23:46:25 [main] DEBUG o.s.b.f.s.DefaultListableBeanFactory - Creating shared instance of singleton bean 'beanNameViewResolver'
2018-01-08 23:46:25 [main] DEBUG o.s.b.f.s.DefaultListableBeanFactory - Creating instance of bean 'beanNameViewResolver'
2018-01-08 23:46:25 [main] DEBUG o.s.b.f.s.DefaultListableBeanFactory - Returning cached instance of singleton bean 'org.springframework.boot.autoconfigure.web.ErrorMvcAutoConfiguration$WhitelabelErrorViewConfiguration'
2018-01-08 23:46:25 [main] DEBUG o.s.b.f.s.DefaultListableBeanFactory - Eagerly caching bean 'beanNameViewResolver' to allow for resolving potential circular references
2018-01-08 23:46:25 [main] DEBUG o.s.b.f.s.DefaultListableBeanFactory - Returning cached instance of singleton bean 'org.springframework.transaction.config.internalTransactionAdvisor'
2018-01-08 23:46:25 [main] DEBUG o.s.b.f.s.DefaultListableBeanFactory - Finished creating instance of bean 'beanNameViewResolver'
2018-01-08 23:46:25 [main] DEBUG o.s.b.f.s.DefaultListableBeanFactory - Returning cached instance of singleton bean 'org.springframework.boot.autoconfigure.web.ErrorMvcAutoConfiguration'
2018-01-08 23:46:25 [main] DEBUG o.s.b.f.s.DefaultListableBeanFactory - Returning cached instance of singleton bean 'errorAttributes'
2018-01-08 23:46:25 [main] DEBUG o.s.b.f.s.DefaultListableBeanFactory - Creating shared instance of singleton bean 'basicErrorController'
2018-01-08 23:46:25 [main] DEBUG o.s.b.f.s.DefaultListableBeanFactory - Creating instance of bean 'basicErrorController'
2018-01-08 23:46:25 [main] DEBUG o.s.b.f.s.DefaultListableBeanFactory - Returning cached instance of singleton bean 'org.springframework.boot.autoconfigure.web.ErrorMvcAutoConfiguration'
2018-01-08 23:46:25 [main] DEBUG o.s.b.f.s.DefaultListableBeanFactory - Returning cached instance of singleton bean 'errorAttributes'
2018-01-08 23:46:25 [main] DEBUG o.s.b.f.s.DefaultListableBeanFactory - Autowiring by type from bean name 'basicErrorController' via factory method to bean named 'errorAttributes'
2018-01-08 23:46:25 [main] DEBUG o.s.b.f.s.DefaultListableBeanFactory - Eagerly caching bean 'basicErrorController' to allow for resolving potential circular references
2018-01-08 23:46:25 [main] DEBUG o.s.b.f.s.DefaultListableBeanFactory - Returning cached instance of singleton bean 'org.springframework.transaction.config.internalTransactionAdvisor'
2018-01-08 23:46:25 [main] DEBUG o.s.b.f.s.DefaultListableBeanFactory - Finished creating instance of bean 'basicErrorController'
2018-01-08 23:46:25 [main] DEBUG o.s.b.f.s.DefaultListableBeanFactory - Returning cached instance of singleton bean 'errorPageCustomizer'
2018-01-08 23:46:25 [main] DEBUG o.s.b.f.s.DefaultListableBeanFactory - Returning cached instance of singleton bean 'conventionErrorViewResolver'
2018-01-08 23:46:25 [main] DEBUG o.s.b.f.s.DefaultListableBeanFactory - Returning cached instance of singleton bean 'preserveErrorControllerTargetClassPostProcessor'
2018-01-08 23:46:25 [main] DEBUG o.s.b.f.s.DefaultListableBeanFactory - Returning cached instance of singleton bean 'spring.resources-org.springframework.boot.autoconfigure.web.ResourceProperties'
2018-01-08 23:46:25 [main] DEBUG o.s.b.f.s.DefaultListableBeanFactory - Creating shared instance of singleton bean 'org.springframework.boot.autoconfigure.web.WebMvcAutoConfiguration$EnableWebMvcConfiguration'
2018-01-08 23:46:25 [main] DEBUG o.s.b.f.s.DefaultListableBeanFactory - Creating instance of bean 'org.springframework.boot.autoconfigure.web.WebMvcAutoConfiguration$EnableWebMvcConfiguration'
2018-01-08 23:46:26 [main] DEBUG o.s.c.LocalVariableTableParameterNameDiscoverer - Cannot find '.class' file for class [class org.springframework.boot.autoconfigure.web.WebMvcAutoConfiguration$EnableWebMvcConfiguration$$EnhancerBySpringCGLIB$$deca9a8c] - unable to determine constructor/method parameter names
2018-01-08 23:46:26 [main] DEBUG o.s.b.f.s.DefaultListableBeanFactory - Autowiring by type from bean name 'org.springframework.boot.autoconfigure.web.WebMvcAutoConfiguration$EnableWebMvcConfiguration' via constructor to bean named 'org.springframework.beans.factory.support.DefaultListableBeanFactory@1d4664d7'
2018-01-08 23:46:26 [main] DEBUG o.s.b.f.s.DefaultListableBeanFactory - Returning cached instance of singleton bean 'spring.mvc-org.springframework.boot.autoconfigure.web.WebMvcProperties'
2018-01-08 23:46:26 [main] DEBUG o.s.b.f.annotation.InjectionMetadata - Registered injected element on class [org.springframework.boot.autoconfigure.web.WebMvcAutoConfiguration$EnableWebMvcConfiguration$$EnhancerBySpringCGLIB$$deca9a8c]: AutowiredMethodElement for public void org.springframework.web.servlet.config.annotation.DelegatingWebMvcConfiguration.setConfigurers(java.util.List)
2018-01-08 23:46:26 [main] DEBUG o.s.b.f.s.DefaultListableBeanFactory - Eagerly caching bean 'org.springframework.boot.autoconfigure.web.WebMvcAutoConfiguration$EnableWebMvcConfiguration' to allow for resolving potential circular references
2018-01-08 23:46:26 [main] DEBUG o.s.b.f.annotation.InjectionMetadata - Processing injected element of bean 'org.springframework.boot.autoconfigure.web.WebMvcAutoConfiguration$EnableWebMvcConfiguration': AutowiredMethodElement for public void org.springframework.web.servlet.config.annotation.DelegatingWebMvcConfiguration.setConfigurers(java.util.List)
2018-01-08 23:46:26 [main] DEBUG o.s.b.f.s.DefaultListableBeanFactory - Creating shared instance of singleton bean 'org.springframework.boot.autoconfigure.web.WebMvcAutoConfiguration$WebMvcAutoConfigurationAdapter'
2018-01-08 23:46:26 [main] DEBUG o.s.b.f.s.DefaultListableBeanFactory - Creating instance of bean 'org.springframework.boot.autoconfigure.web.WebMvcAutoConfiguration$WebMvcAutoConfigurationAdapter'
2018-01-08 23:46:26 [main] DEBUG o.s.c.LocalVariableTableParameterNameDiscoverer - Cannot find '.class' file for class [class org.springframework.boot.autoconfigure.web.WebMvcAutoConfiguration$WebMvcAutoConfigurationAdapter$$EnhancerBySpringCGLIB$$72a04fff] - unable to determine constructor/method parameter names
2018-01-08 23:46:26 [main] DEBUG o.s.b.f.s.DefaultListableBeanFactory - Returning cached instance of singleton bean 'spring.resources-org.springframework.boot.autoconfigure.web.ResourceProperties'
2018-01-08 23:46:26 [main] DEBUG o.s.b.f.s.DefaultListableBeanFactory - Returning cached instance of singleton bean 'spring.mvc-org.springframework.boot.autoconfigure.web.WebMvcProperties'
2018-01-08 23:46:26 [main] DEBUG o.s.b.f.s.DefaultListableBeanFactory - Returning cached instance of singleton bean 'messageConverters'
2018-01-08 23:46:26 [main] DEBUG o.s.b.f.s.DefaultListableBeanFactory - Autowiring by type from bean name 'org.springframework.boot.autoconfigure.web.WebMvcAutoConfiguration$WebMvcAutoConfigurationAdapter' via constructor to bean named 'spring.resources-org.springframework.boot.autoconfigure.web.ResourceProperties'
2018-01-08 23:46:26 [main] DEBUG o.s.b.f.s.DefaultListableBeanFactory - Autowiring by type from bean name 'org.springframework.boot.autoconfigure.web.WebMvcAutoConfiguration$WebMvcAutoConfigurationAdapter' via constructor to bean named 'spring.mvc-org.springframework.boot.autoconfigure.web.WebMvcProperties'
2018-01-08 23:46:26 [main] DEBUG o.s.b.f.s.DefaultListableBeanFactory - Autowiring by type from bean name 'org.springframework.boot.autoconfigure.web.WebMvcAutoConfiguration$WebMvcAutoConfigurationAdapter' via constructor to bean named 'org.springframework.beans.factory.support.DefaultListableBeanFactory@1d4664d7'
2018-01-08 23:46:26 [main] DEBUG o.s.b.f.s.DefaultListableBeanFactory - Autowiring by type from bean name 'org.springframework.boot.autoconfigure.web.WebMvcAutoConfiguration$WebMvcAutoConfigurationAdapter' via constructor to bean named 'messageConverters'
2018-01-08 23:46:26 [main] DEBUG o.s.b.f.s.DefaultListableBeanFactory - Eagerly caching bean 'org.springframework.boot.autoconfigure.web.WebMvcAutoConfiguration$WebMvcAutoConfigurationAdapter' to allow for resolving potential circular references
2018-01-08 23:46:26 [main] DEBUG o.s.b.f.s.DefaultListableBeanFactory - Returning cached instance of singleton bean 'org.springframework.transaction.config.internalTransactionAdvisor'
2018-01-08 23:46:26 [main] DEBUG o.s.b.f.s.DefaultListableBeanFactory - Finished creating instance of bean 'org.springframework.boot.autoconfigure.web.WebMvcAutoConfiguration$WebMvcAutoConfigurationAdapter'
2018-01-08 23:46:26 [main] DEBUG o.s.b.f.s.DefaultListableBeanFactory - Creating shared instance of singleton bean 'heapdumpMvcEndpoint'
2018-01-08 23:46:26 [main] DEBUG o.s.b.f.s.DefaultListableBeanFactory - Creating instance of bean 'heapdumpMvcEndpoint'
2018-01-08 23:46:26 [main] DEBUG o.s.b.f.s.DefaultListableBeanFactory - Creating shared instance of singleton bean 'org.springframework.boot.actuate.autoconfigure.EndpointWebMvcManagementContextConfiguration'
2018-01-08 23:46:26 [main] DEBUG o.s.b.f.s.DefaultListableBeanFactory - Creating instance of bean 'org.springframework.boot.actuate.autoconfigure.EndpointWebMvcManagementContextConfiguration'
2018-01-08 23:46:26 [main] DEBUG o.s.b.f.annotation.InjectionMetadata - Registered injected element on class [org.springframework.boot.actuate.autoconfigure.EndpointWebMvcManagementContextConfiguration$$EnhancerBySpringCGLIB$$65710a78]: AutowiredFieldElement for private org.springframework.boot.actuate.autoconfigure.HealthMvcEndpointProperties org.springframework.boot.actuate.autoconfigure.EndpointWebMvcManagementContextConfiguration.healthMvcEndpointProperties
2018-01-08 23:46:26 [main] DEBUG o.s.b.f.annotation.InjectionMetadata - Registered injected element on class [org.springframework.boot.actuate.autoconfigure.EndpointWebMvcManagementContextConfiguration$$EnhancerBySpringCGLIB$$65710a78]: AutowiredFieldElement for private org.springframework.boot.actuate.autoconfigure.ManagementServerProperties org.springframework.boot.actuate.autoconfigure.EndpointWebMvcManagementContextConfiguration.managementServerProperties
2018-01-08 23:46:26 [main] DEBUG o.s.b.f.annotation.InjectionMetadata - Registered injected element on class [org.springframework.boot.actuate.autoconfigure.EndpointWebMvcManagementContextConfiguration$$EnhancerBySpringCGLIB$$65710a78]: AutowiredFieldElement for private org.springframework.boot.actuate.autoconfigure.EndpointCorsProperties org.springframework.boot.actuate.autoconfigure.EndpointWebMvcManagementContextConfiguration.corsProperties
2018-01-08 23:46:26 [main] DEBUG o.s.b.f.annotation.InjectionMetadata - Registered injected element on class [org.springframework.boot.actuate.autoconfigure.EndpointWebMvcManagementContextConfiguration$$EnhancerBySpringCGLIB$$65710a78]: AutowiredFieldElement for private java.util.List org.springframework.boot.actuate.autoconfigure.EndpointWebMvcManagementContextConfiguration.mappingCustomizers
2018-01-08 23:46:26 [main] DEBUG o.s.b.f.s.DefaultListableBeanFactory - Eagerly caching bean 'org.springframework.boot.actuate.autoconfigure.EndpointWebMvcManagementContextConfiguration' to allow for resolving potential circular references
2018-01-08 23:46:26 [main] DEBUG o.s.b.f.annotation.InjectionMetadata - Processing injected element of bean 'org.springframework.boot.actuate.autoconfigure.EndpointWebMvcManagementContextConfiguration': AutowiredFieldElement for private org.springframework.boot.actuate.autoconfigure.HealthMvcEndpointProperties org.springframework.boot.actuate.autoconfigure.EndpointWebMvcManagementContextConfiguration.healthMvcEndpointProperties
2018-01-08 23:46:26 [main] DEBUG o.s.b.f.s.DefaultListableBeanFactory - Creating shared instance of singleton bean 'endpoints.health-org.springframework.boot.actuate.autoconfigure.HealthMvcEndpointProperties'
2018-01-08 23:46:26 [main] DEBUG o.s.b.f.s.DefaultListableBeanFactory - Creating instance of bean 'endpoints.health-org.springframework.boot.actuate.autoconfigure.HealthMvcEndpointProperties'
2018-01-08 23:46:26 [main] DEBUG o.s.b.f.s.DefaultListableBeanFactory - Eagerly caching bean 'endpoints.health-org.springframework.boot.actuate.autoconfigure.HealthMvcEndpointProperties' to allow for resolving potential circular references
2018-01-08 23:46:26 [main] DEBUG o.s.core.env.MutablePropertySources - Adding [decrypted] PropertySource with lowest search precedence
2018-01-08 23:46:26 [main] DEBUG o.s.core.env.MutablePropertySources - Adding [Inlined Test Properties] PropertySource with lowest search precedence
2018-01-08 23:46:26 [main] DEBUG o.s.core.env.MutablePropertySources - Adding [systemProperties] PropertySource with lowest search precedence
2018-01-08 23:46:26 [main] DEBUG o.s.core.env.MutablePropertySources - Adding [systemEnvironment] PropertySource with lowest search precedence
2018-01-08 23:46:26 [main] DEBUG o.s.core.env.MutablePropertySources - Adding [random] PropertySource with lowest search precedence
2018-01-08 23:46:26 [main] DEBUG o.s.core.env.MutablePropertySources - Adding [configServerClient] PropertySource with lowest search precedence
2018-01-08 23:46:26 [main] DEBUG o.s.core.env.MutablePropertySources - Adding [applicationConfig: [classpath:/application.yml]] PropertySource with lowest search precedence
2018-01-08 23:46:26 [main] DEBUG o.s.core.env.MutablePropertySources - Adding [springCloudClientHostInfo] PropertySource with lowest search precedence
2018-01-08 23:46:26 [main] DEBUG o.s.core.env.MutablePropertySources - Adding [defaultProperties] PropertySource with lowest search precedence
2018-01-08 23:46:26 [main] DEBUG o.s.core.env.MutablePropertySources - Adding [localProperties] PropertySource with lowest search precedence
2018-01-08 23:46:26 [main] DEBUG o.s.b.f.s.DefaultListableBeanFactory - Returning cached instance of singleton bean 'org.springframework.transaction.config.internalTransactionAdvisor'
2018-01-08 23:46:26 [main] DEBUG o.s.b.f.s.DefaultListableBeanFactory - Finished creating instance of bean 'endpoints.health-org.springframework.boot.actuate.autoconfigure.HealthMvcEndpointProperties'
2018-01-08 23:46:26 [main] DEBUG o.s.b.f.a.AutowiredAnnotationBeanPostProcessor - Autowiring by type from bean name 'org.springframework.boot.actuate.autoconfigure.EndpointWebMvcManagementContextConfiguration' to bean named 'endpoints.health-org.springframework.boot.actuate.autoconfigure.HealthMvcEndpointProperties'
2018-01-08 23:46:26 [main] DEBUG o.s.b.f.annotation.InjectionMetadata - Processing injected element of bean 'org.springframework.boot.actuate.autoconfigure.EndpointWebMvcManagementContextConfiguration': AutowiredFieldElement for private org.springframework.boot.actuate.autoconfigure.ManagementServerProperties org.springframework.boot.actuate.autoconfigure.EndpointWebMvcManagementContextConfiguration.managementServerProperties
2018-01-08 23:46:26 [main] DEBUG o.s.b.f.s.DefaultListableBeanFactory - Creating shared instance of singleton bean 'managementServerProperties'
2018-01-08 23:46:26 [main] DEBUG o.s.b.f.s.DefaultListableBeanFactory - Creating instance of bean 'managementServerProperties'
2018-01-08 23:46:26 [main] DEBUG o.s.b.f.s.DefaultListableBeanFactory - Creating shared instance of singleton bean 'org.springframework.boot.actuate.autoconfigure.ManagementServerPropertiesAutoConfiguration'
2018-01-08 23:46:26 [main] DEBUG o.s.b.f.s.DefaultListableBeanFactory - Creating instance of bean 'org.springframework.boot.actuate.autoconfigure.ManagementServerPropertiesAutoConfiguration'
2018-01-08 23:46:26 [main] DEBUG o.s.b.f.s.DefaultListableBeanFactory - Eagerly caching bean 'org.springframework.boot.actuate.autoconfigure.ManagementServerPropertiesAutoConfiguration' to allow for resolving potential circular references
2018-01-08 23:46:26 [main] DEBUG o.s.b.f.s.DefaultListableBeanFactory - Returning cached instance of singleton bean 'org.springframework.transaction.config.internalTransactionAdvisor'
2018-01-08 23:46:26 [main] DEBUG o.s.b.f.s.DefaultListableBeanFactory - Finished creating instance of bean 'org.springframework.boot.actuate.autoconfigure.ManagementServerPropertiesAutoConfiguration'
2018-01-08 23:46:26 [main] DEBUG o.s.b.f.s.DefaultListableBeanFactory - Eagerly caching bean 'managementServerProperties' to allow for resolving potential circular references
2018-01-08 23:46:26 [main] DEBUG o.s.core.env.MutablePropertySources - Adding [decrypted] PropertySource with lowest search precedence
2018-01-08 23:46:26 [main] DEBUG o.s.core.env.MutablePropertySources - Adding [Inlined Test Properties] PropertySource with lowest search precedence
2018-01-08 23:46:26 [main] DEBUG o.s.core.env.MutablePropertySources - Adding [systemProperties] PropertySource with lowest search precedence
2018-01-08 23:46:26 [main] DEBUG o.s.core.env.MutablePropertySources - Adding [systemEnvironment] PropertySource with lowest search precedence
2018-01-08 23:46:26 [main] DEBUG o.s.core.env.MutablePropertySources - Adding [random] PropertySource with lowest search precedence
2018-01-08 23:46:26 [main] DEBUG o.s.core.env.MutablePropertySources - Adding [configServerClient] PropertySource with lowest search precedence
2018-01-08 23:46:26 [main] DEBUG o.s.core.env.MutablePropertySources - Adding [applicationConfig: [classpath:/application.yml]] PropertySource with lowest search precedence
2018-01-08 23:46:26 [main] DEBUG o.s.core.env.MutablePropertySources - Adding [springCloudClientHostInfo] PropertySource with lowest search precedence
2018-01-08 23:46:26 [main] DEBUG o.s.core.env.MutablePropertySources - Adding [defaultProperties] PropertySource with lowest search precedence
2018-01-08 23:46:26 [main] DEBUG o.s.core.env.MutablePropertySources - Adding [localProperties] PropertySource with lowest search precedence
2018-01-08 23:46:26 [main] DEBUG o.s.b.f.s.DefaultListableBeanFactory - Returning cached instance of singleton bean 'org.springframework.transaction.config.internalTransactionAdvisor'
2018-01-08 23:46:26 [main] DEBUG o.s.b.f.s.DefaultListableBeanFactory - Finished creating instance of bean 'managementServerProperties'
2018-01-08 23:46:26 [main] DEBUG o.s.b.f.a.AutowiredAnnotationBeanPostProcessor - Autowiring by type from bean name 'org.springframework.boot.actuate.autoconfigure.EndpointWebMvcManagementContextConfiguration' to bean named 'managementServerProperties'
2018-01-08 23:46:26 [main] DEBUG o.s.b.f.annotation.InjectionMetadata - Processing injected element of bean 'org.springframework.boot.actuate.autoconfigure.EndpointWebMvcManagementContextConfiguration': AutowiredFieldElement for private org.springframework.boot.actuate.autoconfigure.EndpointCorsProperties org.springframework.boot.actuate.autoconfigure.EndpointWebMvcManagementContextConfiguration.corsProperties
2018-01-08 23:46:26 [main] DEBUG o.s.b.f.s.DefaultListableBeanFactory - Creating shared instance of singleton bean 'endpoints.cors-org.springframework.boot.actuate.autoconfigure.EndpointCorsProperties'
2018-01-08 23:46:26 [main] DEBUG o.s.b.f.s.DefaultListableBeanFactory - Creating instance of bean 'endpoints.cors-org.springframework.boot.actuate.autoconfigure.EndpointCorsProperties'
2018-01-08 23:46:26 [main] DEBUG o.s.b.f.s.DefaultListableBeanFactory - Eagerly caching bean 'endpoints.cors-org.springframework.boot.actuate.autoconfigure.EndpointCorsProperties' to allow for resolving potential circular references
2018-01-08 23:46:26 [main] DEBUG o.s.core.env.MutablePropertySources - Adding [decrypted] PropertySource with lowest search precedence
2018-01-08 23:46:26 [main] DEBUG o.s.core.env.MutablePropertySources - Adding [Inlined Test Properties] PropertySource with lowest search precedence
2018-01-08 23:46:26 [main] DEBUG o.s.core.env.MutablePropertySources - Adding [systemProperties] PropertySource with lowest search precedence
2018-01-08 23:46:26 [main] DEBUG o.s.core.env.MutablePropertySources - Adding [systemEnvironment] PropertySource with lowest search precedence
2018-01-08 23:46:26 [main] DEBUG o.s.core.env.MutablePropertySources - Adding [random] PropertySource with lowest search precedence
2018-01-08 23:46:26 [main] DEBUG o.s.core.env.MutablePropertySources - Adding [configServerClient] PropertySource with lowest search precedence
2018-01-08 23:46:26 [main] DEBUG o.s.core.env.MutablePropertySources - Adding [applicationConfig: [classpath:/application.yml]] PropertySource with lowest search precedence
2018-01-08 23:46:26 [main] DEBUG o.s.core.env.MutablePropertySources - Adding [springCloudClientHostInfo] PropertySource with lowest search precedence
2018-01-08 23:46:26 [main] DEBUG o.s.core.env.MutablePropertySources - Adding [defaultProperties] PropertySource with lowest search precedence
2018-01-08 23:46:26 [main] DEBUG o.s.core.env.MutablePropertySources - Adding [localProperties] PropertySource with lowest search precedence
2018-01-08 23:46:26 [main] DEBUG o.s.b.f.s.DefaultListableBeanFactory - Returning cached instance of singleton bean 'org.springframework.transaction.config.internalTransactionAdvisor'
2018-01-08 23:46:26 [main] DEBUG o.s.b.f.s.DefaultListableBeanFactory - Finished creating instance of bean 'endpoints.cors-org.springframework.boot.actuate.autoconfigure.EndpointCorsProperties'
2018-01-08 23:46:26 [main] DEBUG o.s.b.f.a.AutowiredAnnotationBeanPostProcessor - Autowiring by type from bean name 'org.springframework.boot.actuate.autoconfigure.EndpointWebMvcManagementContextConfiguration' to bean named 'endpoints.cors-org.springframework.boot.actuate.autoconfigure.EndpointCorsProperties'
2018-01-08 23:46:26 [main] DEBUG o.s.b.f.annotation.InjectionMetadata - Processing injected element of bean 'org.springframework.boot.actuate.autoconfigure.EndpointWebMvcManagementContextConfiguration': AutowiredFieldElement for private java.util.List org.springframework.boot.actuate.autoconfigure.EndpointWebMvcManagementContextConfiguration.mappingCustomizers
2018-01-08 23:46:26 [main] DEBUG o.s.b.f.s.DefaultListableBeanFactory - Returning cached instance of singleton bean 'org.springframework.transaction.config.internalTransactionAdvisor'
2018-01-08 23:46:26 [main] DEBUG o.s.b.f.s.DefaultListableBeanFactory - Finished creating instance of bean 'org.springframework.boot.actuate.autoconfigure.EndpointWebMvcManagementContextConfiguration'
2018-01-08 23:46:26 [main] DEBUG o.s.b.f.s.DefaultListableBeanFactory - Eagerly caching bean 'heapdumpMvcEndpoint' to allow for resolving potential circular references
2018-01-08 23:46:26 [main] DEBUG o.s.core.env.MutablePropertySources - Adding [decrypted] PropertySource with lowest search precedence
2018-01-08 23:46:26 [main] DEBUG o.s.core.env.MutablePropertySources - Adding [Inlined Test Properties] PropertySource with lowest search precedence
2018-01-08 23:46:26 [main] DEBUG o.s.core.env.MutablePropertySources - Adding [systemProperties] PropertySource with lowest search precedence
2018-01-08 23:46:26 [main] DEBUG o.s.core.env.MutablePropertySources - Adding [systemEnvironment] PropertySource with lowest search precedence
2018-01-08 23:46:26 [main] DEBUG o.s.core.env.MutablePropertySources - Adding [random] PropertySource with lowest search precedence
2018-01-08 23:46:26 [main] DEBUG o.s.core.env.MutablePropertySources - Adding [configServerClient] PropertySource with lowest search precedence
2018-01-08 23:46:26 [main] DEBUG o.s.core.env.MutablePropertySources - Adding [applicationConfig: [classpath:/application.yml]] PropertySource with lowest search precedence
2018-01-08 23:46:26 [main] DEBUG o.s.core.env.MutablePropertySources - Adding [springCloudClientHostInfo] PropertySource with lowest search precedence
2018-01-08 23:46:26 [main] DEBUG o.s.core.env.MutablePropertySources - Adding [defaultProperties] PropertySource with lowest search precedence
2018-01-08 23:46:26 [main] DEBUG o.s.core.env.MutablePropertySources - Adding [localProperties] PropertySource with lowest search precedence
2018-01-08 23:46:26 [main] DEBUG o.s.b.f.s.DefaultListableBeanFactory - Creating instance of bean 'org.hibernate.validator.internal.constraintvalidators.bv.PatternValidator'
2018-01-08 23:46:26 [main] DEBUG o.s.b.f.s.DefaultListableBeanFactory - Returning cached instance of singleton bean 'org.springframework.transaction.config.internalTransactionAdvisor'
2018-01-08 23:46:26 [main] DEBUG o.s.b.f.s.DefaultListableBeanFactory - Finished creating instance of bean 'org.hibernate.validator.internal.constraintvalidators.bv.PatternValidator'
2018-01-08 23:46:26 [main] DEBUG o.s.b.f.s.DefaultListableBeanFactory - Returning cached instance of singleton bean 'org.springframework.transaction.config.internalTransactionAdvisor'
2018-01-08 23:46:26 [main] DEBUG o.s.b.f.s.DefaultListableBeanFactory - Finished creating instance of bean 'heapdumpMvcEndpoint'
2018-01-08 23:46:26 [main] DEBUG o.s.b.f.s.DefaultListableBeanFactory - Creating shared instance of singleton bean 'org.springframework.cloud.config.server.config.ConfigServerMvcConfiguration'
2018-01-08 23:46:26 [main] DEBUG o.s.b.f.s.DefaultListableBeanFactory - Creating instance of bean 'org.springframework.cloud.config.server.config.ConfigServerMvcConfiguration'
2018-01-08 23:46:26 [main] DEBUG o.s.b.f.annotation.InjectionMetadata - Registered injected element on class [org.springframework.cloud.config.server.config.ConfigServerMvcConfiguration$$EnhancerBySpringCGLIB$$ce7a2d96]: AutowiredFieldElement for private org.springframework.cloud.config.server.encryption.EnvironmentEncryptor org.springframework.cloud.config.server.config.ConfigServerMvcConfiguration.environmentEncryptor
2018-01-08 23:46:26 [main] DEBUG o.s.b.f.annotation.InjectionMetadata - Registered injected element on class [org.springframework.cloud.config.server.config.ConfigServerMvcConfiguration$$EnhancerBySpringCGLIB$$ce7a2d96]: AutowiredFieldElement for private com.fasterxml.jackson.databind.ObjectMapper org.springframework.cloud.config.server.config.ConfigServerMvcConfiguration.objectMapper
2018-01-08 23:46:26 [main] DEBUG o.s.b.f.s.DefaultListableBeanFactory - Eagerly caching bean 'org.springframework.cloud.config.server.config.ConfigServerMvcConfiguration' to allow for resolving potential circular references
2018-01-08 23:46:26 [main] DEBUG o.s.b.f.annotation.InjectionMetadata - Processing injected element of bean 'org.springframework.cloud.config.server.config.ConfigServerMvcConfiguration': AutowiredFieldElement for private org.springframework.cloud.config.server.encryption.EnvironmentEncryptor org.springframework.cloud.config.server.config.ConfigServerMvcConfiguration.environmentEncryptor
2018-01-08 23:46:26 [main] DEBUG o.s.b.f.annotation.InjectionMetadata - Processing injected element of bean 'org.springframework.cloud.config.server.config.ConfigServerMvcConfiguration': AutowiredFieldElement for private com.fasterxml.jackson.databind.ObjectMapper org.springframework.cloud.config.server.config.ConfigServerMvcConfiguration.objectMapper
2018-01-08 23:46:26 [main] DEBUG o.s.b.f.s.DefaultListableBeanFactory - Returning cached instance of singleton bean 'jacksonObjectMapper'
2018-01-08 23:46:26 [main] DEBUG o.s.b.f.a.AutowiredAnnotationBeanPostProcessor - Autowiring by type from bean name 'org.springframework.cloud.config.server.config.ConfigServerMvcConfiguration' to bean named 'jacksonObjectMapper'
2018-01-08 23:46:26 [main] DEBUG o.s.b.f.s.DefaultListableBeanFactory - Returning cached instance of singleton bean 'org.springframework.transaction.config.internalTransactionAdvisor'
2018-01-08 23:46:26 [main] DEBUG o.s.b.f.s.DefaultListableBeanFactory - Finished creating instance of bean 'org.springframework.cloud.config.server.config.ConfigServerMvcConfiguration'
2018-01-08 23:46:26 [main] DEBUG o.s.b.f.a.AutowiredAnnotationBeanPostProcessor - Autowiring by type from bean name 'org.springframework.boot.autoconfigure.web.WebMvcAutoConfiguration$EnableWebMvcConfiguration' to bean named 'org.springframework.boot.autoconfigure.web.WebMvcAutoConfiguration$WebMvcAutoConfigurationAdapter'
2018-01-08 23:46:26 [main] DEBUG o.s.b.f.a.AutowiredAnnotationBeanPostProcessor - Autowiring by type from bean name 'org.springframework.boot.autoconfigure.web.WebMvcAutoConfiguration$EnableWebMvcConfiguration' to bean named 'heapdumpMvcEndpoint'
2018-01-08 23:46:26 [main] DEBUG o.s.b.f.a.AutowiredAnnotationBeanPostProcessor - Autowiring by type from bean name 'org.springframework.boot.autoconfigure.web.WebMvcAutoConfiguration$EnableWebMvcConfiguration' to bean named 'org.springframework.cloud.config.server.config.ConfigServerMvcConfiguration'
2018-01-08 23:46:26 [main] DEBUG o.s.b.f.s.DefaultListableBeanFactory - Returning cached instance of singleton bean 'org.springframework.transaction.config.internalTransactionAdvisor'
2018-01-08 23:46:26 [main] DEBUG o.s.b.f.s.DefaultListableBeanFactory - Finished creating instance of bean 'org.springframework.boot.autoconfigure.web.WebMvcAutoConfiguration$EnableWebMvcConfiguration'
2018-01-08 23:46:26 [main] DEBUG o.s.b.f.s.DefaultListableBeanFactory - Creating shared instance of singleton bean 'requestMappingHandlerAdapter'
2018-01-08 23:46:26 [main] DEBUG o.s.b.f.s.DefaultListableBeanFactory - Creating instance of bean 'requestMappingHandlerAdapter'
2018-01-08 23:46:26 [main] DEBUG o.s.b.f.s.DefaultListableBeanFactory - Returning cached instance of singleton bean 'org.springframework.boot.autoconfigure.web.WebMvcAutoConfiguration$EnableWebMvcConfiguration'
2018-01-08 23:46:26 [main] DEBUG o.s.b.f.s.DefaultListableBeanFactory - Creating shared instance of singleton bean 'mvcContentNegotiationManager'
2018-01-08 23:46:26 [main] DEBUG o.s.b.f.s.DefaultListableBeanFactory - Creating instance of bean 'mvcContentNegotiationManager'
2018-01-08 23:46:26 [main] DEBUG o.s.b.f.s.DefaultListableBeanFactory - Returning cached instance of singleton bean 'org.springframework.boot.autoconfigure.web.WebMvcAutoConfiguration$EnableWebMvcConfiguration'
2018-01-08 23:46:26 [main] DEBUG o.s.b.f.s.DefaultListableBeanFactory - Eagerly caching bean 'mvcContentNegotiationManager' to allow for resolving potential circular references
2018-01-08 23:46:26 [main] DEBUG o.s.b.f.s.DefaultListableBeanFactory - Returning cached instance of singleton bean 'org.springframework.transaction.config.internalTransactionAdvisor'
2018-01-08 23:46:26 [main] DEBUG o.s.b.f.s.DefaultListableBeanFactory - Finished creating instance of bean 'mvcContentNegotiationManager'
2018-01-08 23:46:26 [main] DEBUG o.s.b.f.s.DefaultListableBeanFactory - Creating shared instance of singleton bean 'mvcConversionService'
2018-01-08 23:46:26 [main] DEBUG o.s.b.f.s.DefaultListableBeanFactory - Creating instance of bean 'mvcConversionService'
2018-01-08 23:46:26 [main] DEBUG o.s.b.f.s.DefaultListableBeanFactory - Returning cached instance of singleton bean 'org.springframework.boot.autoconfigure.web.WebMvcAutoConfiguration$EnableWebMvcConfiguration'
2018-01-08 23:46:26 [main] DEBUG o.s.b.f.s.DefaultListableBeanFactory - Eagerly caching bean 'mvcConversionService' to allow for resolving potential circular references
2018-01-08 23:46:26 [main] DEBUG o.s.b.f.s.DefaultListableBeanFactory - Returning cached instance of singleton bean 'org.springframework.transaction.config.internalTransactionAdvisor'
2018-01-08 23:46:26 [main] DEBUG o.s.b.f.s.DefaultListableBeanFactory - Finished creating instance of bean 'mvcConversionService'
2018-01-08 23:46:26 [main] DEBUG o.s.b.f.s.DefaultListableBeanFactory - Creating shared instance of singleton bean 'mvcValidator'
2018-01-08 23:46:26 [main] DEBUG o.s.b.f.s.DefaultListableBeanFactory - Creating instance of bean 'mvcValidator'
2018-01-08 23:46:26 [main] DEBUG o.s.b.f.s.DefaultListableBeanFactory - Returning cached instance of singleton bean 'org.springframework.boot.autoconfigure.web.WebMvcAutoConfiguration$EnableWebMvcConfiguration'
2018-01-08 23:46:26 [main] DEBUG o.s.b.f.s.DefaultListableBeanFactory - Eagerly caching bean 'mvcValidator' to allow for resolving potential circular references
2018-01-08 23:46:26 [main] DEBUG o.s.b.f.s.DefaultListableBeanFactory - Invoking afterPropertiesSet() on bean with name 'mvcValidator'
2018-01-08 23:46:26 [main] DEBUG o.h.v.i.e.r.DefaultTraversableResolver - Cannot find javax.persistence.Persistence on classpath. Assuming non JPA 2 environment. All properties will per default be traversable.
2018-01-08 23:46:26 [main] DEBUG o.h.v.i.engine.ConfigurationImpl - Setting custom MessageInterpolator of type org.springframework.validation.beanvalidation.LocaleContextMessageInterpolator
2018-01-08 23:46:26 [main] DEBUG o.h.v.i.engine.ConfigurationImpl - Setting custom ConstraintValidatorFactory of type org.springframework.validation.beanvalidation.SpringConstraintValidatorFactory
2018-01-08 23:46:26 [main] DEBUG o.h.v.i.engine.ConfigurationImpl - Setting custom ParameterNameProvider of type com.sun.proxy.$Proxy52
2018-01-08 23:46:26 [main] DEBUG o.h.v.i.xml.ValidationXmlParser - Trying to load META-INF/validation.xml for XML based Validator configuration.
2018-01-08 23:46:26 [main] DEBUG o.h.v.i.xml.ResourceLoaderHelper - Trying to load META-INF/validation.xml via user class loader
2018-01-08 23:46:26 [main] DEBUG o.h.v.i.xml.ResourceLoaderHelper - Trying to load META-INF/validation.xml via TCCL
2018-01-08 23:46:26 [main] DEBUG o.h.v.i.xml.ResourceLoaderHelper - Trying to load META-INF/validation.xml via Hibernate Validator's class loader
2018-01-08 23:46:26 [main] DEBUG o.h.v.i.xml.ValidationXmlParser - No META-INF/validation.xml found. Using annotation based configuration only.
2018-01-08 23:46:26 [main] DEBUG o.s.b.f.s.DefaultListableBeanFactory - Returning cached instance of singleton bean 'org.springframework.transaction.config.internalTransactionAdvisor'
2018-01-08 23:46:26 [main] DEBUG o.s.b.f.s.DefaultListableBeanFactory - Finished creating instance of bean 'mvcValidator'
2018-01-08 23:46:26 [main] DEBUG o.s.b.f.s.DefaultListableBeanFactory - Eagerly caching bean 'requestMappingHandlerAdapter' to allow for resolving potential circular references
2018-01-08 23:46:26 [main] DEBUG o.s.b.f.s.DefaultListableBeanFactory - Invoking afterPropertiesSet() on bean with name 'requestMappingHandlerAdapter'
2018-01-08 23:46:26 [main] INFO  o.s.w.s.m.m.a.RequestMappingHandlerAdapter - Looking for @ControllerAdvice: org.springframework.boot.context.embedded.AnnotationConfigEmbeddedWebApplicationContext@736ac09a: startup date [Mon Jan 08 23:46:19 AEDT 2018]; parent: org.springframework.context.annotation.AnnotationConfigApplicationContext@7905a0b8
2018-01-08 23:46:26 [main] DEBUG o.s.b.f.s.DefaultListableBeanFactory - Returning cached instance of singleton bean 'org.springframework.transaction.config.internalTransactionAdvisor'
2018-01-08 23:46:26 [main] DEBUG o.s.b.f.s.DefaultListableBeanFactory - Finished creating instance of bean 'requestMappingHandlerAdapter'
2018-01-08 23:46:26 [main] DEBUG o.s.b.f.s.DefaultListableBeanFactory - Creating shared instance of singleton bean 'requestMappingHandlerMapping'
2018-01-08 23:46:26 [main] DEBUG o.s.b.f.s.DefaultListableBeanFactory - Creating instance of bean 'requestMappingHandlerMapping'
2018-01-08 23:46:26 [main] DEBUG o.s.b.f.s.DefaultListableBeanFactory - Returning cached instance of singleton bean 'org.springframework.boot.autoconfigure.web.WebMvcAutoConfiguration$EnableWebMvcConfiguration'
2018-01-08 23:46:26 [main] DEBUG o.s.b.f.s.DefaultListableBeanFactory - Returning cached instance of singleton bean 'mvcConversionService'
2018-01-08 23:46:26 [main] DEBUG o.s.b.f.s.DefaultListableBeanFactory - Creating shared instance of singleton bean 'mvcResourceUrlProvider'
2018-01-08 23:46:26 [main] DEBUG o.s.b.f.s.DefaultListableBeanFactory - Creating instance of bean 'mvcResourceUrlProvider'
2018-01-08 23:46:26 [main] DEBUG o.s.b.f.s.DefaultListableBeanFactory - Returning cached instance of singleton bean 'org.springframework.boot.autoconfigure.web.WebMvcAutoConfiguration$EnableWebMvcConfiguration'
2018-01-08 23:46:26 [main] DEBUG o.s.b.f.s.DefaultListableBeanFactory - Eagerly caching bean 'mvcResourceUrlProvider' to allow for resolving potential circular references
2018-01-08 23:46:26 [main] DEBUG o.s.b.f.s.DefaultListableBeanFactory - Returning cached instance of singleton bean 'org.springframework.transaction.config.internalTransactionAdvisor'
2018-01-08 23:46:26 [main] DEBUG o.s.b.f.s.DefaultListableBeanFactory - Finished creating instance of bean 'mvcResourceUrlProvider'
2018-01-08 23:46:26 [main] DEBUG o.s.b.f.s.DefaultListableBeanFactory - Returning cached instance of singleton bean 'mvcContentNegotiationManager'
2018-01-08 23:46:26 [main] DEBUG o.s.b.f.s.DefaultListableBeanFactory - Eagerly caching bean 'requestMappingHandlerMapping' to allow for resolving potential circular references
2018-01-08 23:46:26 [main] DEBUG o.s.b.f.s.DefaultListableBeanFactory - Invoking afterPropertiesSet() on bean with name 'requestMappingHandlerMapping'
2018-01-08 23:46:26 [main] DEBUG o.s.w.s.m.m.a.RequestMappingHandlerMapping - Looking for request mappings in application context: org.springframework.boot.context.embedded.AnnotationConfigEmbeddedWebApplicationContext@736ac09a: startup date [Mon Jan 08 23:46:19 AEDT 2018]; parent: org.springframework.context.annotation.AnnotationConfigApplicationContext@7905a0b8
2018-01-08 23:46:26 [main] DEBUG o.s.w.s.m.m.a.RequestMappingHandlerMapping - 4 request handler methods found on class com.myshop.products.controller.ProductController: {public com.myshop.products.model.ServiceResponse com.myshop.products.controller.ProductController.updateProduct(java.util.List)={[/product/],methods=[PUT],consumes=[application/json],produces=[application/json]}, public com.myshop.products.model.ServiceResponse com.myshop.products.controller.ProductController.deleteProduct(java.lang.String)={[/product/{id}],methods=[DELETE],produces=[application/json]}, public com.myshop.products.model.ServiceResponse com.myshop.products.controller.ProductController.createProduct(java.util.List)={[/product/],methods=[POST],consumes=[application/json],produces=[application/json]}, public com.myshop.products.model.ServiceResponse com.myshop.products.controller.ProductController.getProduct(java.lang.String)={[/product/{id}],methods=[GET],produces=[application/json]}}
2018-01-08 23:46:26 [main] INFO  o.s.w.s.m.m.a.RequestMappingHandlerMapping - Mapped "{[/product/],methods=[PUT],consumes=[application/json],produces=[application/json]}" onto public com.myshop.products.model.ServiceResponse com.myshop.products.controller.ProductController.updateProduct(java.util.List<com.myshop.products.model.Products>)
2018-01-08 23:46:26 [main] INFO  o.s.w.s.m.m.a.RequestMappingHandlerMapping - Mapped "{[/product/{id}],methods=[DELETE],produces=[application/json]}" onto public com.myshop.products.model.ServiceResponse com.myshop.products.controller.ProductController.deleteProduct(java.lang.String)
2018-01-08 23:46:26 [main] INFO  o.s.w.s.m.m.a.RequestMappingHandlerMapping - Mapped "{[/product/],methods=[POST],consumes=[application/json],produces=[application/json]}" onto public com.myshop.products.model.ServiceResponse com.myshop.products.controller.ProductController.createProduct(java.util.List<com.myshop.products.model.Products>)
2018-01-08 23:46:26 [main] INFO  o.s.w.s.m.m.a.RequestMappingHandlerMapping - Mapped "{[/product/{id}],methods=[GET],produces=[application/json]}" onto public com.myshop.products.model.ServiceResponse com.myshop.products.controller.ProductController.getProduct(java.lang.String)
2018-01-08 23:46:26 [main] DEBUG o.s.c.e.PropertySourcesPropertyResolver - Could not find key 'error.path:/error' in any property source
2018-01-08 23:46:26 [main] DEBUG o.s.c.e.PropertySourcesPropertyResolver - Could not find key 'error.path:/error' in any property source
2018-01-08 23:46:26 [main] DEBUG o.s.c.e.PropertySourcesPropertyResolver - Could not find key 'error.path' in any property source
2018-01-08 23:46:26 [main] DEBUG o.s.c.e.PropertySourcesPropertyResolver - Could not find key 'error.path' in any property source
2018-01-08 23:46:26 [main] DEBUG o.s.c.e.PropertySourcesPropertyResolver - Could not find key 'server.error.path:/error' in any property source
2018-01-08 23:46:26 [main] DEBUG o.s.c.e.PropertySourcesPropertyResolver - Could not find key 'server.error.path:/error' in any property source
2018-01-08 23:46:26 [main] DEBUG o.s.c.e.PropertySourcesPropertyResolver - Could not find key 'server.error.path' in any property source
2018-01-08 23:46:26 [main] DEBUG o.s.c.e.PropertySourcesPropertyResolver - Could not find key 'server.error.path' in any property source
2018-01-08 23:46:26 [main] DEBUG o.s.c.e.PropertySourcesPropertyResolver - Could not find key 'error.path:/error' in any property source
2018-01-08 23:46:26 [main] DEBUG o.s.c.e.PropertySourcesPropertyResolver - Could not find key 'error.path:/error' in any property source
2018-01-08 23:46:26 [main] DEBUG o.s.c.e.PropertySourcesPropertyResolver - Could not find key 'error.path' in any property source
2018-01-08 23:46:26 [main] DEBUG o.s.c.e.PropertySourcesPropertyResolver - Could not find key 'error.path' in any property source
2018-01-08 23:46:26 [main] DEBUG o.s.c.e.PropertySourcesPropertyResolver - Could not find key 'server.error.path:/error' in any property source
2018-01-08 23:46:26 [main] DEBUG o.s.c.e.PropertySourcesPropertyResolver - Could not find key 'server.error.path:/error' in any property source
2018-01-08 23:46:26 [main] DEBUG o.s.c.e.PropertySourcesPropertyResolver - Could not find key 'server.error.path' in any property source
2018-01-08 23:46:26 [main] DEBUG o.s.c.e.PropertySourcesPropertyResolver - Could not find key 'server.error.path' in any property source
2018-01-08 23:46:26 [main] DEBUG o.s.w.s.m.m.a.RequestMappingHandlerMapping - 2 request handler methods found on class org.springframework.boot.autoconfigure.web.BasicErrorController: {public org.springframework.http.ResponseEntity org.springframework.boot.autoconfigure.web.BasicErrorController.error(javax.servlet.http.HttpServletRequest)={[/error]}, public org.springframework.web.servlet.ModelAndView org.springframework.boot.autoconfigure.web.BasicErrorController.errorHtml(javax.servlet.http.HttpServletRequest,javax.servlet.http.HttpServletResponse)={[/error],produces=[text/html]}}
2018-01-08 23:46:26 [main] INFO  o.s.w.s.m.m.a.RequestMappingHandlerMapping - Mapped "{[/error]}" onto public org.springframework.http.ResponseEntity<java.util.Map<java.lang.String, java.lang.Object>> org.springframework.boot.autoconfigure.web.BasicErrorController.error(javax.servlet.http.HttpServletRequest)
2018-01-08 23:46:26 [main] INFO  o.s.w.s.m.m.a.RequestMappingHandlerMapping - Mapped "{[/error],produces=[text/html]}" onto public org.springframework.web.servlet.ModelAndView org.springframework.boot.autoconfigure.web.BasicErrorController.errorHtml(javax.servlet.http.HttpServletRequest,javax.servlet.http.HttpServletResponse)
2018-01-08 23:46:26 [main] DEBUG o.s.c.e.PropertySourcesPropertyResolver - Could not find key 'spring.cloud.config.server.prefix:' in any property source
2018-01-08 23:46:26 [main] DEBUG o.s.c.e.PropertySourcesPropertyResolver - Could not find key 'spring.cloud.config.server.prefix:' in any property source
2018-01-08 23:46:26 [main] DEBUG o.s.c.e.PropertySourcesPropertyResolver - Could not find key 'spring.cloud.config.server.prefix' in any property source
2018-01-08 23:46:26 [main] DEBUG o.s.c.e.PropertySourcesPropertyResolver - Could not find key 'spring.cloud.config.server.prefix' in any property source
2018-01-08 23:46:26 [main] DEBUG o.s.c.e.PropertySourcesPropertyResolver - Could not find key 'spring.cloud.config.server.prefix:' in any property source
2018-01-08 23:46:26 [main] DEBUG o.s.c.e.PropertySourcesPropertyResolver - Could not find key 'spring.cloud.config.server.prefix:' in any property source
2018-01-08 23:46:26 [main] DEBUG o.s.c.e.PropertySourcesPropertyResolver - Could not find key 'spring.cloud.config.server.prefix' in any property source
2018-01-08 23:46:26 [main] DEBUG o.s.c.e.PropertySourcesPropertyResolver - Could not find key 'spring.cloud.config.server.prefix' in any property source
2018-01-08 23:46:26 [main] DEBUG o.s.c.e.PropertySourcesPropertyResolver - Could not find key 'spring.cloud.config.server.prefix:' in any property source
2018-01-08 23:46:26 [main] DEBUG o.s.c.e.PropertySourcesPropertyResolver - Could not find key 'spring.cloud.config.server.prefix:' in any property source
2018-01-08 23:46:26 [main] DEBUG o.s.c.e.PropertySourcesPropertyResolver - Could not find key 'spring.cloud.config.server.prefix' in any property source
2018-01-08 23:46:26 [main] DEBUG o.s.c.e.PropertySourcesPropertyResolver - Could not find key 'spring.cloud.config.server.prefix' in any property source
2018-01-08 23:46:26 [main] DEBUG o.s.c.e.PropertySourcesPropertyResolver - Could not find key 'spring.cloud.config.server.prefix:' in any property source
2018-01-08 23:46:26 [main] DEBUG o.s.c.e.PropertySourcesPropertyResolver - Could not find key 'spring.cloud.config.server.prefix:' in any property source
2018-01-08 23:46:26 [main] DEBUG o.s.c.e.PropertySourcesPropertyResolver - Could not find key 'spring.cloud.config.server.prefix' in any property source
2018-01-08 23:46:26 [main] DEBUG o.s.c.e.PropertySourcesPropertyResolver - Could not find key 'spring.cloud.config.server.prefix' in any property source
2018-01-08 23:46:26 [main] DEBUG o.s.c.e.PropertySourcesPropertyResolver - Could not find key 'spring.cloud.config.server.prefix:' in any property source
2018-01-08 23:46:26 [main] DEBUG o.s.c.e.PropertySourcesPropertyResolver - Could not find key 'spring.cloud.config.server.prefix:' in any property source
2018-01-08 23:46:26 [main] DEBUG o.s.c.e.PropertySourcesPropertyResolver - Could not find key 'spring.cloud.config.server.prefix' in any property source
2018-01-08 23:46:26 [main] DEBUG o.s.c.e.PropertySourcesPropertyResolver - Could not find key 'spring.cloud.config.server.prefix' in any property source
2018-01-08 23:46:26 [main] DEBUG o.s.c.e.PropertySourcesPropertyResolver - Could not find key 'spring.cloud.config.server.prefix:' in any property source
2018-01-08 23:46:26 [main] DEBUG o.s.c.e.PropertySourcesPropertyResolver - Could not find key 'spring.cloud.config.server.prefix:' in any property source
2018-01-08 23:46:26 [main] DEBUG o.s.c.e.PropertySourcesPropertyResolver - Could not find key 'spring.cloud.config.server.prefix' in any property source
2018-01-08 23:46:26 [main] DEBUG o.s.c.e.PropertySourcesPropertyResolver - Could not find key 'spring.cloud.config.server.prefix' in any property source
2018-01-08 23:46:26 [main] DEBUG o.s.c.e.PropertySourcesPropertyResolver - Could not find key 'spring.cloud.config.server.prefix:' in any property source
2018-01-08 23:46:26 [main] DEBUG o.s.c.e.PropertySourcesPropertyResolver - Could not find key 'spring.cloud.config.server.prefix:' in any property source
2018-01-08 23:46:26 [main] DEBUG o.s.c.e.PropertySourcesPropertyResolver - Could not find key 'spring.cloud.config.server.prefix' in any property source
2018-01-08 23:46:26 [main] DEBUG o.s.c.e.PropertySourcesPropertyResolver - Could not find key 'spring.cloud.config.server.prefix' in any property source
2018-01-08 23:46:26 [main] DEBUG o.s.w.s.m.m.a.RequestMappingHandlerMapping - 7 request handler methods found on class org.springframework.cloud.config.server.encryption.EncryptionController: {public java.lang.String org.springframework.cloud.config.server.encryption.EncryptionController.encrypt(java.lang.String,org.springframework.http.MediaType)={[/encrypt],methods=[POST]}, public java.lang.String org.springframework.cloud.config.server.encryption.EncryptionController.encrypt(java.lang.String,java.lang.String,java.lang.String,org.springframework.http.MediaType)={[/encrypt/{name}/{profiles}],methods=[POST]}, public java.lang.String org.springframework.cloud.config.server.encryption.EncryptionController.decrypt(java.lang.String,java.lang.String,java.lang.String,org.springframework.http.MediaType)={[/decrypt/{name}/{profiles}],methods=[POST]}, public java.lang.String org.springframework.cloud.config.server.encryption.EncryptionController.decrypt(java.lang.String,org.springframework.http.MediaType)={[/decrypt],methods=[POST]}, public java.util.Map org.springframework.cloud.config.server.encryption.EncryptionController.status()={[/encrypt/status],methods=[GET]}, public java.lang.String org.springframework.cloud.config.server.encryption.EncryptionController.getPublicKey()={[/key],methods=[GET]}, public java.lang.String org.springframework.cloud.config.server.encryption.EncryptionController.getPublicKey(java.lang.String,java.lang.String)={[/key/{name}/{profiles}],methods=[GET]}}
2018-01-08 23:46:26 [main] INFO  o.s.w.s.m.m.a.RequestMappingHandlerMapping - Mapped "{[/encrypt],methods=[POST]}" onto public java.lang.String org.springframework.cloud.config.server.encryption.EncryptionController.encrypt(java.lang.String,org.springframework.http.MediaType)
2018-01-08 23:46:26 [main] INFO  o.s.w.s.m.m.a.RequestMappingHandlerMapping - Mapped "{[/encrypt/{name}/{profiles}],methods=[POST]}" onto public java.lang.String org.springframework.cloud.config.server.encryption.EncryptionController.encrypt(java.lang.String,java.lang.String,java.lang.String,org.springframework.http.MediaType)
2018-01-08 23:46:26 [main] INFO  o.s.w.s.m.m.a.RequestMappingHandlerMapping - Mapped "{[/decrypt/{name}/{profiles}],methods=[POST]}" onto public java.lang.String org.springframework.cloud.config.server.encryption.EncryptionController.decrypt(java.lang.String,java.lang.String,java.lang.String,org.springframework.http.MediaType)
2018-01-08 23:46:26 [main] INFO  o.s.w.s.m.m.a.RequestMappingHandlerMapping - Mapped "{[/decrypt],methods=[POST]}" onto public java.lang.String org.springframework.cloud.config.server.encryption.EncryptionController.decrypt(java.lang.String,org.springframework.http.MediaType)
2018-01-08 23:46:26 [main] INFO  o.s.w.s.m.m.a.RequestMappingHandlerMapping - Mapped "{[/encrypt/status],methods=[GET]}" onto public java.util.Map<java.lang.String, java.lang.Object> org.springframework.cloud.config.server.encryption.EncryptionController.status()
2018-01-08 23:46:26 [main] INFO  o.s.w.s.m.m.a.RequestMappingHandlerMapping - Mapped "{[/key],methods=[GET]}" onto public java.lang.String org.springframework.cloud.config.server.encryption.EncryptionController.getPublicKey()
2018-01-08 23:46:26 [main] INFO  o.s.w.s.m.m.a.RequestMappingHandlerMapping - Mapped "{[/key/{name}/{profiles}],methods=[GET]}" onto public java.lang.String org.springframework.cloud.config.server.encryption.EncryptionController.getPublicKey(java.lang.String,java.lang.String)
2018-01-08 23:46:26 [main] DEBUG o.s.c.e.PropertySourcesPropertyResolver - Could not find key 'spring.cloud.config.server.prefix:' in any property source
2018-01-08 23:46:26 [main] DEBUG o.s.c.e.PropertySourcesPropertyResolver - Could not find key 'spring.cloud.config.server.prefix:' in any property source
2018-01-08 23:46:26 [main] DEBUG o.s.c.e.PropertySourcesPropertyResolver - Could not find key 'spring.cloud.config.server.prefix' in any property source
2018-01-08 23:46:26 [main] DEBUG o.s.c.e.PropertySourcesPropertyResolver - Could not find key 'spring.cloud.config.server.prefix' in any property source
2018-01-08 23:46:26 [main] DEBUG o.s.c.e.PropertySourcesPropertyResolver - Could not find key 'spring.cloud.config.server.prefix:' in any property source
2018-01-08 23:46:26 [main] DEBUG o.s.c.e.PropertySourcesPropertyResolver - Could not find key 'spring.cloud.config.server.prefix:' in any property source
2018-01-08 23:46:26 [main] DEBUG o.s.c.e.PropertySourcesPropertyResolver - Could not find key 'spring.cloud.config.server.prefix' in any property source
2018-01-08 23:46:26 [main] DEBUG o.s.c.e.PropertySourcesPropertyResolver - Could not find key 'spring.cloud.config.server.prefix' in any property source
2018-01-08 23:46:26 [main] DEBUG o.s.c.e.PropertySourcesPropertyResolver - Could not find key 'spring.cloud.config.server.prefix:' in any property source
2018-01-08 23:46:26 [main] DEBUG o.s.c.e.PropertySourcesPropertyResolver - Could not find key 'spring.cloud.config.server.prefix:' in any property source
2018-01-08 23:46:26 [main] DEBUG o.s.c.e.PropertySourcesPropertyResolver - Could not find key 'spring.cloud.config.server.prefix' in any property source
2018-01-08 23:46:26 [main] DEBUG o.s.c.e.PropertySourcesPropertyResolver - Could not find key 'spring.cloud.config.server.prefix' in any property source
2018-01-08 23:46:26 [main] DEBUG o.s.c.e.PropertySourcesPropertyResolver - Could not find key 'spring.cloud.config.server.prefix:' in any property source
2018-01-08 23:46:26 [main] DEBUG o.s.c.e.PropertySourcesPropertyResolver - Could not find key 'spring.cloud.config.server.prefix:' in any property source
2018-01-08 23:46:26 [main] DEBUG o.s.c.e.PropertySourcesPropertyResolver - Could not find key 'spring.cloud.config.server.prefix' in any property source
2018-01-08 23:46:26 [main] DEBUG o.s.c.e.PropertySourcesPropertyResolver - Could not find key 'spring.cloud.config.server.prefix' in any property source
2018-01-08 23:46:26 [main] DEBUG o.s.c.e.PropertySourcesPropertyResolver - Could not find key 'spring.cloud.config.server.prefix:' in any property source
2018-01-08 23:46:26 [main] DEBUG o.s.c.e.PropertySourcesPropertyResolver - Could not find key 'spring.cloud.config.server.prefix:' in any property source
2018-01-08 23:46:26 [main] DEBUG o.s.c.e.PropertySourcesPropertyResolver - Could not find key 'spring.cloud.config.server.prefix' in any property source
2018-01-08 23:46:26 [main] DEBUG o.s.c.e.PropertySourcesPropertyResolver - Could not find key 'spring.cloud.config.server.prefix' in any property source
2018-01-08 23:46:26 [main] DEBUG o.s.c.e.PropertySourcesPropertyResolver - Could not find key 'spring.cloud.config.server.prefix:' in any property source
2018-01-08 23:46:26 [main] DEBUG o.s.c.e.PropertySourcesPropertyResolver - Could not find key 'spring.cloud.config.server.prefix:' in any property source
2018-01-08 23:46:26 [main] DEBUG o.s.c.e.PropertySourcesPropertyResolver - Could not find key 'spring.cloud.config.server.prefix' in any property source
2018-01-08 23:46:26 [main] DEBUG o.s.c.e.PropertySourcesPropertyResolver - Could not find key 'spring.cloud.config.server.prefix' in any property source
2018-01-08 23:46:26 [main] DEBUG o.s.c.e.PropertySourcesPropertyResolver - Could not find key 'spring.cloud.config.server.prefix:' in any property source
2018-01-08 23:46:26 [main] DEBUG o.s.c.e.PropertySourcesPropertyResolver - Could not find key 'spring.cloud.config.server.prefix:' in any property source
2018-01-08 23:46:26 [main] DEBUG o.s.c.e.PropertySourcesPropertyResolver - Could not find key 'spring.cloud.config.server.prefix' in any property source
2018-01-08 23:46:26 [main] DEBUG o.s.c.e.PropertySourcesPropertyResolver - Could not find key 'spring.cloud.config.server.prefix' in any property source
2018-01-08 23:46:26 [main] DEBUG o.s.c.e.PropertySourcesPropertyResolver - Could not find key 'spring.cloud.config.server.prefix:' in any property source
2018-01-08 23:46:26 [main] DEBUG o.s.c.e.PropertySourcesPropertyResolver - Could not find key 'spring.cloud.config.server.prefix:' in any property source
2018-01-08 23:46:26 [main] DEBUG o.s.c.e.PropertySourcesPropertyResolver - Could not find key 'spring.cloud.config.server.prefix' in any property source
2018-01-08 23:46:26 [main] DEBUG o.s.c.e.PropertySourcesPropertyResolver - Could not find key 'spring.cloud.config.server.prefix' in any property source
2018-01-08 23:46:26 [main] DEBUG o.s.w.s.m.m.a.RequestMappingHandlerMapping - 8 request handler methods found on class org.springframework.cloud.config.server.environment.EnvironmentController: {public org.springframework.http.ResponseEntity org.springframework.cloud.config.server.environment.EnvironmentController.properties(java.lang.String,java.lang.String,boolean) throws java.io.IOException={[/{name}-{profiles}.properties],methods=[GET]}, public org.springframework.cloud.config.environment.Environment org.springframework.cloud.config.server.environment.EnvironmentController.defaultLabel(java.lang.String,java.lang.String)={[/{name}/{profiles:.*[^-].*}],methods=[GET]}, public org.springframework.http.ResponseEntity org.springframework.cloud.config.server.environment.EnvironmentController.yaml(java.lang.String,java.lang.String,boolean) throws java.lang.Exception={[/{name}-{profiles}.yml || /{name}-{profiles}.yaml],methods=[GET]}, public org.springframework.http.ResponseEntity org.springframework.cloud.config.server.environment.EnvironmentController.labelledJsonProperties(java.lang.String,java.lang.String,java.lang.String,boolean) throws java.lang.Exception={[/{label}/{name}-{profiles}.json],methods=[GET]}, public org.springframework.http.ResponseEntity org.springframework.cloud.config.server.environment.EnvironmentController.labelledProperties(java.lang.String,java.lang.String,java.lang.String,boolean) throws java.io.IOException={[/{label}/{name}-{profiles}.properties],methods=[GET]}, public org.springframework.cloud.config.environment.Environment org.springframework.cloud.config.server.environment.EnvironmentController.labelled(java.lang.String,java.lang.String,java.lang.String)={[/{name}/{profiles}/{label:.*}],methods=[GET]}, public org.springframework.http.ResponseEntity org.springframework.cloud.config.server.environment.EnvironmentController.jsonProperties(java.lang.String,java.lang.String,boolean) throws java.lang.Exception={[/{name}-{profiles}.json],methods=[GET]}, public org.springframework.http.ResponseEntity org.springframework.cloud.config.server.environment.EnvironmentController.labelledYaml(java.lang.String,java.lang.String,java.lang.String,boolean) throws java.lang.Exception={[/{label}/{name}-{profiles}.yml || /{label}/{name}-{profiles}.yaml],methods=[GET]}}
2018-01-08 23:46:26 [main] INFO  o.s.w.s.m.m.a.RequestMappingHandlerMapping - Mapped "{[/{name}-{profiles}.properties],methods=[GET]}" onto public org.springframework.http.ResponseEntity<java.lang.String> org.springframework.cloud.config.server.environment.EnvironmentController.properties(java.lang.String,java.lang.String,boolean) throws java.io.IOException
2018-01-08 23:46:26 [main] INFO  o.s.w.s.m.m.a.RequestMappingHandlerMapping - Mapped "{[/{name}/{profiles:.*[^-].*}],methods=[GET]}" onto public org.springframework.cloud.config.environment.Environment org.springframework.cloud.config.server.environment.EnvironmentController.defaultLabel(java.lang.String,java.lang.String)
2018-01-08 23:46:26 [main] INFO  o.s.w.s.m.m.a.RequestMappingHandlerMapping - Mapped "{[/{name}-{profiles}.yml || /{name}-{profiles}.yaml],methods=[GET]}" onto public org.springframework.http.ResponseEntity<java.lang.String> org.springframework.cloud.config.server.environment.EnvironmentController.yaml(java.lang.String,java.lang.String,boolean) throws java.lang.Exception
2018-01-08 23:46:26 [main] INFO  o.s.w.s.m.m.a.RequestMappingHandlerMapping - Mapped "{[/{label}/{name}-{profiles}.json],methods=[GET]}" onto public org.springframework.http.ResponseEntity<java.lang.String> org.springframework.cloud.config.server.environment.EnvironmentController.labelledJsonProperties(java.lang.String,java.lang.String,java.lang.String,boolean) throws java.lang.Exception
2018-01-08 23:46:26 [main] INFO  o.s.w.s.m.m.a.RequestMappingHandlerMapping - Mapped "{[/{label}/{name}-{profiles}.properties],methods=[GET]}" onto public org.springframework.http.ResponseEntity<java.lang.String> org.springframework.cloud.config.server.environment.EnvironmentController.labelledProperties(java.lang.String,java.lang.String,java.lang.String,boolean) throws java.io.IOException
2018-01-08 23:46:26 [main] INFO  o.s.w.s.m.m.a.RequestMappingHandlerMapping - Mapped "{[/{name}/{profiles}/{label:.*}],methods=[GET]}" onto public org.springframework.cloud.config.environment.Environment org.springframework.cloud.config.server.environment.EnvironmentController.labelled(java.lang.String,java.lang.String,java.lang.String)
2018-01-08 23:46:26 [main] INFO  o.s.w.s.m.m.a.RequestMappingHandlerMapping - Mapped "{[/{name}-{profiles}.json],methods=[GET]}" onto public org.springframework.http.ResponseEntity<java.lang.String> org.springframework.cloud.config.server.environment.EnvironmentController.jsonProperties(java.lang.String,java.lang.String,boolean) throws java.lang.Exception
2018-01-08 23:46:26 [main] INFO  o.s.w.s.m.m.a.RequestMappingHandlerMapping - Mapped "{[/{label}/{name}-{profiles}.yml || /{label}/{name}-{profiles}.yaml],methods=[GET]}" onto public org.springframework.http.ResponseEntity<java.lang.String> org.springframework.cloud.config.server.environment.EnvironmentController.labelledYaml(java.lang.String,java.lang.String,java.lang.String,boolean) throws java.lang.Exception
2018-01-08 23:46:26 [main] DEBUG o.s.c.e.PropertySourcesPropertyResolver - Could not find key 'spring.cloud.config.server.prefix:' in any property source
2018-01-08 23:46:26 [main] DEBUG o.s.c.e.PropertySourcesPropertyResolver - Could not find key 'spring.cloud.config.server.prefix:' in any property source
2018-01-08 23:46:26 [main] DEBUG o.s.c.e.PropertySourcesPropertyResolver - Could not find key 'spring.cloud.config.server.prefix' in any property source
2018-01-08 23:46:26 [main] DEBUG o.s.c.e.PropertySourcesPropertyResolver - Could not find key 'spring.cloud.config.server.prefix' in any property source
2018-01-08 23:46:26 [main] DEBUG o.s.c.e.PropertySourcesPropertyResolver - Could not find key 'spring.cloud.config.server.prefix:' in any property source
2018-01-08 23:46:26 [main] DEBUG o.s.c.e.PropertySourcesPropertyResolver - Could not find key 'spring.cloud.config.server.prefix:' in any property source
2018-01-08 23:46:26 [main] DEBUG o.s.c.e.PropertySourcesPropertyResolver - Could not find key 'spring.cloud.config.server.prefix' in any property source
2018-01-08 23:46:26 [main] DEBUG o.s.c.e.PropertySourcesPropertyResolver - Could not find key 'spring.cloud.config.server.prefix' in any property source
2018-01-08 23:46:26 [main] DEBUG o.s.w.s.m.m.a.RequestMappingHandlerMapping - 2 request handler methods found on class org.springframework.cloud.config.server.resource.ResourceController: {public java.lang.String org.springframework.cloud.config.server.resource.ResourceController.resolve(java.lang.String,java.lang.String,java.lang.String,javax.servlet.http.HttpServletRequest) throws java.io.IOException={[/{name}/{profile}/{label}/**],methods=[GET]}, public synchronized byte[] org.springframework.cloud.config.server.resource.ResourceController.binary(java.lang.String,java.lang.String,java.lang.String,javax.servlet.http.HttpServletRequest) throws java.io.IOException={[/{name}/{profile}/{label}/**],methods=[GET],produces=[application/octet-stream]}}
2018-01-08 23:46:26 [main] INFO  o.s.w.s.m.m.a.RequestMappingHandlerMapping - Mapped "{[/{name}/{profile}/{label}/**],methods=[GET]}" onto public java.lang.String org.springframework.cloud.config.server.resource.ResourceController.resolve(java.lang.String,java.lang.String,java.lang.String,javax.servlet.http.HttpServletRequest) throws java.io.IOException
2018-01-08 23:46:26 [main] INFO  o.s.w.s.m.m.a.RequestMappingHandlerMapping - Mapped "{[/{name}/{profile}/{label}/**],methods=[GET],produces=[application/octet-stream]}" onto public synchronized byte[] org.springframework.cloud.config.server.resource.ResourceController.binary(java.lang.String,java.lang.String,java.lang.String,javax.servlet.http.HttpServletRequest) throws java.io.IOException
2018-01-08 23:46:26 [main] DEBUG o.s.b.f.s.DefaultListableBeanFactory - Returning cached instance of singleton bean 'org.springframework.transaction.config.internalTransactionAdvisor'
2018-01-08 23:46:26 [main] DEBUG o.s.b.f.s.DefaultListableBeanFactory - Finished creating instance of bean 'requestMappingHandlerMapping'
2018-01-08 23:46:26 [main] DEBUG o.s.b.f.s.DefaultListableBeanFactory - Creating shared instance of singleton bean 'mvcPathMatcher'
2018-01-08 23:46:26 [main] DEBUG o.s.b.f.s.DefaultListableBeanFactory - Creating instance of bean 'mvcPathMatcher'
2018-01-08 23:46:26 [main] DEBUG o.s.b.f.s.DefaultListableBeanFactory - Returning cached instance of singleton bean 'org.springframework.boot.autoconfigure.web.WebMvcAutoConfiguration$EnableWebMvcConfiguration'
2018-01-08 23:46:26 [main] DEBUG o.s.b.f.s.DefaultListableBeanFactory - Eagerly caching bean 'mvcPathMatcher' to allow for resolving potential circular references
2018-01-08 23:46:26 [main] DEBUG o.s.b.f.s.DefaultListableBeanFactory - Returning cached instance of singleton bean 'org.springframework.transaction.config.internalTransactionAdvisor'
2018-01-08 23:46:26 [main] DEBUG o.s.b.f.s.DefaultListableBeanFactory - Finished creating instance of bean 'mvcPathMatcher'
2018-01-08 23:46:26 [main] DEBUG o.s.b.f.s.DefaultListableBeanFactory - Creating shared instance of singleton bean 'mvcUrlPathHelper'
2018-01-08 23:46:26 [main] DEBUG o.s.b.f.s.DefaultListableBeanFactory - Creating instance of bean 'mvcUrlPathHelper'
2018-01-08 23:46:26 [main] DEBUG o.s.b.f.s.DefaultListableBeanFactory - Returning cached instance of singleton bean 'org.springframework.boot.autoconfigure.web.WebMvcAutoConfiguration$EnableWebMvcConfiguration'
2018-01-08 23:46:26 [main] DEBUG o.s.b.f.s.DefaultListableBeanFactory - Eagerly caching bean 'mvcUrlPathHelper' to allow for resolving potential circular references
2018-01-08 23:46:26 [main] DEBUG o.s.b.f.s.DefaultListableBeanFactory - Returning cached instance of singleton bean 'org.springframework.transaction.config.internalTransactionAdvisor'
2018-01-08 23:46:26 [main] DEBUG o.s.b.f.s.DefaultListableBeanFactory - Finished creating instance of bean 'mvcUrlPathHelper'
2018-01-08 23:46:26 [main] DEBUG o.s.b.f.s.DefaultListableBeanFactory - Returning cached instance of singleton bean 'mvcContentNegotiationManager'
2018-01-08 23:46:26 [main] DEBUG o.s.b.f.s.DefaultListableBeanFactory - Creating shared instance of singleton bean 'viewControllerHandlerMapping'
2018-01-08 23:46:26 [main] DEBUG o.s.b.f.s.DefaultListableBeanFactory - Creating instance of bean 'viewControllerHandlerMapping'
2018-01-08 23:46:26 [main] DEBUG o.s.b.f.s.DefaultListableBeanFactory - Returning cached instance of singleton bean 'org.springframework.boot.autoconfigure.web.WebMvcAutoConfiguration$EnableWebMvcConfiguration'
2018-01-08 23:46:26 [main] DEBUG o.s.b.f.s.DefaultListableBeanFactory - Returning cached instance of singleton bean 'mvcPathMatcher'
2018-01-08 23:46:26 [main] DEBUG o.s.b.f.s.DefaultListableBeanFactory - Returning cached instance of singleton bean 'mvcUrlPathHelper'
2018-01-08 23:46:26 [main] DEBUG o.s.b.f.s.DefaultListableBeanFactory - Eagerly caching bean 'viewControllerHandlerMapping' to allow for resolving potential circular references
2018-01-08 23:46:27 [main] DEBUG o.s.b.f.s.DefaultListableBeanFactory - Returning cached instance of singleton bean 'org.springframework.transaction.config.internalTransactionAdvisor'
2018-01-08 23:46:27 [main] DEBUG o.s.b.f.s.DefaultListableBeanFactory - Finished creating instance of bean 'viewControllerHandlerMapping'
2018-01-08 23:46:27 [main] DEBUG o.s.b.f.s.DefaultListableBeanFactory - Creating shared instance of singleton bean 'beanNameHandlerMapping'
2018-01-08 23:46:27 [main] DEBUG o.s.b.f.s.DefaultListableBeanFactory - Creating instance of bean 'beanNameHandlerMapping'
2018-01-08 23:46:27 [main] DEBUG o.s.b.f.s.DefaultListableBeanFactory - Returning cached instance of singleton bean 'org.springframework.boot.autoconfigure.web.WebMvcAutoConfiguration$EnableWebMvcConfiguration'
2018-01-08 23:46:27 [main] DEBUG o.s.b.f.s.DefaultListableBeanFactory - Eagerly caching bean 'beanNameHandlerMapping' to allow for resolving potential circular references
2018-01-08 23:46:27 [main] DEBUG o.s.w.s.h.BeanNameUrlHandlerMapping - Looking for URL mappings in application context: org.springframework.boot.context.embedded.AnnotationConfigEmbeddedWebApplicationContext@736ac09a: startup date [Mon Jan 08 23:46:19 AEDT 2018]; parent: org.springframework.context.annotation.AnnotationConfigApplicationContext@7905a0b8
2018-01-08 23:46:27 [main] DEBUG o.s.w.s.h.BeanNameUrlHandlerMapping - Rejected bean name 'org.springframework.context.annotation.internalConfigurationAnnotationProcessor': no URL paths identified
2018-01-08 23:46:27 [main] DEBUG o.s.w.s.h.BeanNameUrlHandlerMapping - Rejected bean name 'org.springframework.context.annotation.internalAutowiredAnnotationProcessor': no URL paths identified
2018-01-08 23:46:27 [main] DEBUG o.s.w.s.h.BeanNameUrlHandlerMapping - Rejected bean name 'org.springframework.context.annotation.internalRequiredAnnotationProcessor': no URL paths identified
2018-01-08 23:46:27 [main] DEBUG o.s.w.s.h.BeanNameUrlHandlerMapping - Rejected bean name 'org.springframework.context.annotation.internalCommonAnnotationProcessor': no URL paths identified
2018-01-08 23:46:27 [main] DEBUG o.s.w.s.h.BeanNameUrlHandlerMapping - Rejected bean name 'org.springframework.context.event.internalEventListenerProcessor': no URL paths identified
2018-01-08 23:46:27 [main] DEBUG o.s.w.s.h.BeanNameUrlHandlerMapping - Rejected bean name 'org.springframework.context.event.internalEventListenerFactory': no URL paths identified
2018-01-08 23:46:27 [main] DEBUG o.s.w.s.h.BeanNameUrlHandlerMapping - Rejected bean name 'testRestTemplate': no URL paths identified
2018-01-08 23:46:27 [main] DEBUG o.s.w.s.h.BeanNameUrlHandlerMapping - Rejected bean name 'org.springframework.boot.test.mock.mockito.MockitoPostProcessor$SpyPostProcessor': no URL paths identified
2018-01-08 23:46:27 [main] DEBUG o.s.w.s.h.BeanNameUrlHandlerMapping - Rejected bean name 'org.springframework.boot.test.mock.mockito.MockitoPostProcessor': no URL paths identified
2018-01-08 23:46:27 [main] DEBUG o.s.w.s.h.BeanNameUrlHandlerMapping - Rejected bean name 'productApp': no URL paths identified
2018-01-08 23:46:27 [main] DEBUG o.s.w.s.h.BeanNameUrlHandlerMapping - Rejected bean name 'org.springframework.boot.autoconfigure.internalCachingMetadataReaderFactory': no URL paths identified
2018-01-08 23:46:27 [main] DEBUG o.s.w.s.h.BeanNameUrlHandlerMapping - Rejected bean name 'org.springframework.context.annotation.ConfigurationClassPostProcessor.importAwareProcessor': no URL paths identified
2018-01-08 23:46:27 [main] DEBUG o.s.w.s.h.BeanNameUrlHandlerMapping - Rejected bean name 'org.springframework.context.annotation.ConfigurationClassPostProcessor.enhancedConfigurationProcessor': no URL paths identified
2018-01-08 23:46:27 [main] DEBUG o.s.w.s.h.BeanNameUrlHandlerMapping - Rejected bean name 'commonConfig': no URL paths identified
2018-01-08 23:46:27 [main] DEBUG o.s.w.s.h.BeanNameUrlHandlerMapping - Rejected bean name 'productController': no URL paths identified
2018-01-08 23:46:27 [main] DEBUG o.s.w.s.h.BeanNameUrlHandlerMapping - Rejected bean name 'productDAOImpl': no URL paths identified
2018-01-08 23:46:27 [main] DEBUG o.s.w.s.h.BeanNameUrlHandlerMapping - Rejected bean name 'productServiceImpl': no URL paths identified
2018-01-08 23:46:27 [main] DEBUG o.s.w.s.h.BeanNameUrlHandlerMapping - Rejected bean name 'myShopControllerAdvice': no URL paths identified
2018-01-08 23:46:27 [main] DEBUG o.s.w.s.h.BeanNameUrlHandlerMapping - Rejected bean name 'loggerfilter': no URL paths identified
2018-01-08 23:46:27 [main] DEBUG o.s.w.s.h.BeanNameUrlHandlerMapping - Rejected bean name 'servletComponentRegisteringPostProcessor': no URL paths identified
2018-01-08 23:46:27 [main] DEBUG o.s.w.s.h.BeanNameUrlHandlerMapping - Rejected bean name 'org.springframework.cloud.config.server.config.ConfigServerConfiguration': no URL paths identified
2018-01-08 23:46:27 [main] DEBUG o.s.w.s.h.BeanNameUrlHandlerMapping - Rejected bean name 'enableConfigServerMarker': no URL paths identified
2018-01-08 23:46:27 [main] DEBUG o.s.w.s.h.BeanNameUrlHandlerMapping - Rejected bean name 'org.springframework.boot.autoconfigure.AutoConfigurationPackages': no URL paths identified
2018-01-08 23:46:27 [main] DEBUG o.s.w.s.h.BeanNameUrlHandlerMapping - Rejected bean name 'org.springframework.boot.autoconfigure.PropertyPlaceholderAutoConfiguration': no URL paths identified
2018-01-08 23:46:27 [main] DEBUG o.s.w.s.h.BeanNameUrlHandlerMapping - Rejected bean name 'org.springframework.boot.autoconfigure.condition.BeanTypeRegistry': no URL paths identified
2018-01-08 23:46:27 [main] DEBUG o.s.w.s.h.BeanNameUrlHandlerMapping - Rejected bean name 'propertySourcesPlaceholderConfigurer': no URL paths identified
2018-01-08 23:46:27 [main] DEBUG o.s.w.s.h.BeanNameUrlHandlerMapping - Rejected bean name 'org.springframework.boot.autoconfigure.jackson.JacksonAutoConfiguration$Jackson2ObjectMapperBuilderCustomizerConfiguration': no URL paths identified
2018-01-08 23:46:27 [main] DEBUG o.s.w.s.h.BeanNameUrlHandlerMapping - Rejected bean name 'standardJacksonObjectMapperBuilderCustomizer': no URL paths identified
2018-01-08 23:46:27 [main] DEBUG o.s.w.s.h.BeanNameUrlHandlerMapping - Rejected bean name 'spring.jackson-org.springframework.boot.autoconfigure.jackson.JacksonProperties': no URL paths identified
2018-01-08 23:46:27 [main] DEBUG o.s.w.s.h.BeanNameUrlHandlerMapping - Rejected bean name 'org.springframework.boot.context.properties.ConfigurationPropertiesBindingPostProcessor': no URL paths identified
2018-01-08 23:46:27 [main] DEBUG o.s.w.s.h.BeanNameUrlHandlerMapping - Rejected bean name 'org.springframework.boot.context.properties.ConfigurationPropertiesBindingPostProcessor.store': no URL paths identified
2018-01-08 23:46:27 [main] DEBUG o.s.w.s.h.BeanNameUrlHandlerMapping - Rejected bean name 'org.springframework.boot.autoconfigure.jackson.JacksonAutoConfiguration$JacksonObjectMapperBuilderConfiguration': no URL paths identified
2018-01-08 23:46:27 [main] DEBUG o.s.w.s.h.BeanNameUrlHandlerMapping - Rejected bean name 'jacksonObjectMapperBuilder': no URL paths identified
2018-01-08 23:46:27 [main] DEBUG o.s.w.s.h.BeanNameUrlHandlerMapping - Rejected bean name 'org.springframework.boot.autoconfigure.jackson.JacksonAutoConfiguration$JacksonObjectMapperConfiguration': no URL paths identified
2018-01-08 23:46:27 [main] DEBUG o.s.w.s.h.BeanNameUrlHandlerMapping - Rejected bean name 'jacksonObjectMapper': no URL paths identified
2018-01-08 23:46:27 [main] DEBUG o.s.w.s.h.BeanNameUrlHandlerMapping - Rejected bean name 'org.springframework.boot.autoconfigure.jackson.JacksonAutoConfiguration': no URL paths identified
2018-01-08 23:46:27 [main] DEBUG o.s.w.s.h.BeanNameUrlHandlerMapping - Rejected bean name 'jsonComponentModule': no URL paths identified
2018-01-08 23:46:27 [main] DEBUG o.s.w.s.h.BeanNameUrlHandlerMapping - Rejected bean name 'org.springframework.boot.autoconfigure.websocket.WebSocketAutoConfiguration$TomcatWebSocketConfiguration': no URL paths identified
2018-01-08 23:46:27 [main] DEBUG o.s.w.s.h.BeanNameUrlHandlerMapping - Rejected bean name 'websocketContainerCustomizer': no URL paths identified
2018-01-08 23:46:27 [main] DEBUG o.s.w.s.h.BeanNameUrlHandlerMapping - Rejected bean name 'org.springframework.boot.autoconfigure.websocket.WebSocketAutoConfiguration': no URL paths identified
2018-01-08 23:46:27 [main] DEBUG o.s.w.s.h.BeanNameUrlHandlerMapping - Rejected bean name 'org.springframework.boot.autoconfigure.web.EmbeddedServletContainerAutoConfiguration$EmbeddedTomcat': no URL paths identified
2018-01-08 23:46:27 [main] DEBUG o.s.w.s.h.BeanNameUrlHandlerMapping - Rejected bean name 'tomcatEmbeddedServletContainerFactory': no URL paths identified
2018-01-08 23:46:27 [main] DEBUG o.s.w.s.h.BeanNameUrlHandlerMapping - Rejected bean name 'org.springframework.boot.autoconfigure.web.EmbeddedServletContainerAutoConfiguration': no URL paths identified
2018-01-08 23:46:27 [main] DEBUG o.s.w.s.h.BeanNameUrlHandlerMapping - Rejected bean name 'embeddedServletContainerCustomizerBeanPostProcessor': no URL paths identified
2018-01-08 23:46:27 [main] DEBUG o.s.w.s.h.BeanNameUrlHandlerMapping - Rejected bean name 'errorPageRegistrarBeanPostProcessor': no URL paths identified
2018-01-08 23:46:27 [main] DEBUG o.s.w.s.h.BeanNameUrlHandlerMapping - Rejected bean name 'org.springframework.boot.autoconfigure.web.DispatcherServletAutoConfiguration$DispatcherServletConfiguration': no URL paths identified
2018-01-08 23:46:27 [main] DEBUG o.s.w.s.h.BeanNameUrlHandlerMapping - Rejected bean name 'dispatcherServlet': no URL paths identified
2018-01-08 23:46:27 [main] DEBUG o.s.w.s.h.BeanNameUrlHandlerMapping - Rejected bean name 'spring.mvc-org.springframework.boot.autoconfigure.web.WebMvcProperties': no URL paths identified
2018-01-08 23:46:27 [main] DEBUG o.s.w.s.h.BeanNameUrlHandlerMapping - Rejected bean name 'org.springframework.boot.autoconfigure.web.DispatcherServletAutoConfiguration$DispatcherServletRegistrationConfiguration': no URL paths identified
2018-01-08 23:46:27 [main] DEBUG o.s.w.s.h.BeanNameUrlHandlerMapping - Rejected bean name 'dispatcherServletRegistration': no URL paths identified
2018-01-08 23:46:27 [main] DEBUG o.s.w.s.h.BeanNameUrlHandlerMapping - Rejected bean name 'org.springframework.boot.autoconfigure.web.DispatcherServletAutoConfiguration': no URL paths identified
2018-01-08 23:46:27 [main] DEBUG o.s.w.s.h.BeanNameUrlHandlerMapping - Rejected bean name 'org.springframework.boot.autoconfigure.web.ErrorMvcAutoConfiguration$WhitelabelErrorViewConfiguration': no URL paths identified
2018-01-08 23:46:27 [main] DEBUG o.s.w.s.h.BeanNameUrlHandlerMapping - Rejected bean name 'error': no URL paths identified
2018-01-08 23:46:27 [main] DEBUG o.s.w.s.h.BeanNameUrlHandlerMapping - Rejected bean name 'beanNameViewResolver': no URL paths identified
2018-01-08 23:46:27 [main] DEBUG o.s.w.s.h.BeanNameUrlHandlerMapping - Rejected bean name 'org.springframework.boot.autoconfigure.web.ErrorMvcAutoConfiguration': no URL paths identified
2018-01-08 23:46:27 [main] DEBUG o.s.w.s.h.BeanNameUrlHandlerMapping - Rejected bean name 'errorAttributes': no URL paths identified
2018-01-08 23:46:27 [main] DEBUG o.s.w.s.h.BeanNameUrlHandlerMapping - Rejected bean name 'basicErrorController': no URL paths identified
2018-01-08 23:46:27 [main] DEBUG o.s.w.s.h.BeanNameUrlHandlerMapping - Rejected bean name 'errorPageCustomizer': no URL paths identified
2018-01-08 23:46:27 [main] DEBUG o.s.w.s.h.BeanNameUrlHandlerMapping - Rejected bean name 'conventionErrorViewResolver': no URL paths identified
2018-01-08 23:46:27 [main] DEBUG o.s.w.s.h.BeanNameUrlHandlerMapping - Rejected bean name 'preserveErrorControllerTargetClassPostProcessor': no URL paths identified
2018-01-08 23:46:27 [main] DEBUG o.s.w.s.h.BeanNameUrlHandlerMapping - Rejected bean name 'spring.resources-org.springframework.boot.autoconfigure.web.ResourceProperties': no URL paths identified
2018-01-08 23:46:27 [main] DEBUG o.s.w.s.h.BeanNameUrlHandlerMapping - Rejected bean name 'org.springframework.boot.autoconfigure.web.WebMvcAutoConfiguration$EnableWebMvcConfiguration': no URL paths identified
2018-01-08 23:46:27 [main] DEBUG o.s.w.s.h.BeanNameUrlHandlerMapping - Rejected bean name 'requestMappingHandlerAdapter': no URL paths identified
2018-01-08 23:46:27 [main] DEBUG o.s.w.s.h.BeanNameUrlHandlerMapping - Rejected bean name 'requestMappingHandlerMapping': no URL paths identified
2018-01-08 23:46:27 [main] DEBUG o.s.w.s.h.BeanNameUrlHandlerMapping - Rejected bean name 'mvcPathMatcher': no URL paths identified
2018-01-08 23:46:27 [main] DEBUG o.s.w.s.h.BeanNameUrlHandlerMapping - Rejected bean name 'mvcUrlPathHelper': no URL paths identified
2018-01-08 23:46:27 [main] DEBUG o.s.w.s.h.BeanNameUrlHandlerMapping - Rejected bean name 'mvcContentNegotiationManager': no URL paths identified
2018-01-08 23:46:27 [main] DEBUG o.s.w.s.h.BeanNameUrlHandlerMapping - Rejected bean name 'viewControllerHandlerMapping': no URL paths identified
2018-01-08 23:46:27 [main] DEBUG o.s.w.s.h.BeanNameUrlHandlerMapping - Rejected bean name 'beanNameHandlerMapping': no URL paths identified
2018-01-08 23:46:27 [main] DEBUG o.s.w.s.h.BeanNameUrlHandlerMapping - Rejected bean name 'resourceHandlerMapping': no URL paths identified
2018-01-08 23:46:27 [main] DEBUG o.s.w.s.h.BeanNameUrlHandlerMapping - Rejected bean name 'mvcResourceUrlProvider': no URL paths identified
2018-01-08 23:46:27 [main] DEBUG o.s.w.s.h.BeanNameUrlHandlerMapping - Rejected bean name 'defaultServletHandlerMapping': no URL paths identified
2018-01-08 23:46:27 [main] DEBUG o.s.w.s.h.BeanNameUrlHandlerMapping - Rejected bean name 'mvcConversionService': no URL paths identified
2018-01-08 23:46:27 [main] DEBUG o.s.w.s.h.BeanNameUrlHandlerMapping - Rejected bean name 'mvcValidator': no URL paths identified
2018-01-08 23:46:27 [main] DEBUG o.s.w.s.h.BeanNameUrlHandlerMapping - Rejected bean name 'mvcUriComponentsContributor': no URL paths identified
2018-01-08 23:46:27 [main] DEBUG o.s.w.s.h.BeanNameUrlHandlerMapping - Rejected bean name 'httpRequestHandlerAdapter': no URL paths identified
2018-01-08 23:46:27 [main] DEBUG o.s.w.s.h.BeanNameUrlHandlerMapping - Rejected bean name 'simpleControllerHandlerAdapter': no URL paths identified
2018-01-08 23:46:27 [main] DEBUG o.s.w.s.h.BeanNameUrlHandlerMapping - Rejected bean name 'handlerExceptionResolver': no URL paths identified
2018-01-08 23:46:27 [main] DEBUG o.s.w.s.h.BeanNameUrlHandlerMapping - Rejected bean name 'mvcViewResolver': no URL paths identified
2018-01-08 23:46:27 [main] DEBUG o.s.w.s.h.BeanNameUrlHandlerMapping - Rejected bean name 'org.springframework.boot.autoconfigure.web.WebMvcAutoConfiguration$WebMvcAutoConfigurationAdapter$FaviconConfiguration': no URL paths identified
2018-01-08 23:46:27 [main] DEBUG o.s.w.s.h.BeanNameUrlHandlerMapping - Rejected bean name 'faviconHandlerMapping': no URL paths identified
2018-01-08 23:46:27 [main] DEBUG o.s.w.s.h.BeanNameUrlHandlerMapping - Rejected bean name 'faviconRequestHandler': no URL paths identified
2018-01-08 23:46:27 [main] DEBUG o.s.w.s.h.BeanNameUrlHandlerMapping - Rejected bean name 'org.springframework.boot.autoconfigure.web.WebMvcAutoConfiguration$WebMvcAutoConfigurationAdapter': no URL paths identified
2018-01-08 23:46:27 [main] DEBUG o.s.w.s.h.BeanNameUrlHandlerMapping - Rejected bean name 'defaultViewResolver': no URL paths identified
2018-01-08 23:46:27 [main] DEBUG o.s.w.s.h.BeanNameUrlHandlerMapping - Rejected bean name 'viewResolver': no URL paths identified
2018-01-08 23:46:27 [main] DEBUG o.s.w.s.h.BeanNameUrlHandlerMapping - Rejected bean name 'welcomePageHandlerMapping': no URL paths identified
2018-01-08 23:46:27 [main] DEBUG o.s.w.s.h.BeanNameUrlHandlerMapping - Rejected bean name 'requestContextFilter': no URL paths identified
2018-01-08 23:46:27 [main] DEBUG o.s.w.s.h.BeanNameUrlHandlerMapping - Rejected bean name 'org.springframework.boot.autoconfigure.web.WebMvcAutoConfiguration': no URL paths identified
2018-01-08 23:46:27 [main] DEBUG o.s.w.s.h.BeanNameUrlHandlerMapping - Rejected bean name 'hiddenHttpMethodFilter': no URL paths identified
2018-01-08 23:46:27 [main] DEBUG o.s.w.s.h.BeanNameUrlHandlerMapping - Rejected bean name 'httpPutFormContentFilter': no URL paths identified
2018-01-08 23:46:27 [main] DEBUG o.s.w.s.h.BeanNameUrlHandlerMapping - Rejected bean name 'org.springframework.cloud.commons.util.UtilAutoConfiguration': no URL paths identified
2018-01-08 23:46:27 [main] DEBUG o.s.w.s.h.BeanNameUrlHandlerMapping - Rejected bean name 'inetUtilsProperties': no URL paths identified
2018-01-08 23:46:27 [main] DEBUG o.s.w.s.h.BeanNameUrlHandlerMapping - Rejected bean name 'inetUtils': no URL paths identified
2018-01-08 23:46:27 [main] DEBUG o.s.w.s.h.BeanNameUrlHandlerMapping - Rejected bean name 'org.springframework.boot.actuate.autoconfigure.AuditAutoConfiguration$AuditEventRepositoryConfiguration': no URL paths identified
2018-01-08 23:46:27 [main] DEBUG o.s.w.s.h.BeanNameUrlHandlerMapping - Rejected bean name 'auditEventRepository': no URL paths identified
2018-01-08 23:46:27 [main] DEBUG o.s.w.s.h.BeanNameUrlHandlerMapping - Rejected bean name 'org.springframework.boot.actuate.autoconfigure.AuditAutoConfiguration': no URL paths identified
2018-01-08 23:46:27 [main] DEBUG o.s.w.s.h.BeanNameUrlHandlerMapping - Rejected bean name 'auditListener': no URL paths identified
2018-01-08 23:46:27 [main] DEBUG o.s.w.s.h.BeanNameUrlHandlerMapping - Rejected bean name 'org.springframework.boot.autoconfigure.jdbc.DataSourceConfiguration$Tomcat': no URL paths identified
2018-01-08 23:46:27 [main] DEBUG o.s.w.s.h.BeanNameUrlHandlerMapping - Rejected bean name 'dataSource': no URL paths identified
2018-01-08 23:46:27 [main] DEBUG o.s.w.s.h.BeanNameUrlHandlerMapping - Rejected bean name 'org.springframework.boot.autoconfigure.jdbc.DataSourceAutoConfiguration$PooledDataSourceConfiguration': no URL paths identified
2018-01-08 23:46:27 [main] DEBUG o.s.w.s.h.BeanNameUrlHandlerMapping - Rejected bean name 'org.springframework.boot.autoconfigure.jdbc.metadata.DataSourcePoolMetadataProvidersConfiguration$TomcatDataSourcePoolMetadataProviderConfiguration': no URL paths identified
2018-01-08 23:46:27 [main] DEBUG o.s.w.s.h.BeanNameUrlHandlerMapping - Rejected bean name 'tomcatPoolDataSourceMetadataProvider': no URL paths identified
2018-01-08 23:46:27 [main] DEBUG o.s.w.s.h.BeanNameUrlHandlerMapping - Rejected bean name 'org.springframework.boot.autoconfigure.jdbc.metadata.DataSourcePoolMetadataProvidersConfiguration': no URL paths identified
2018-01-08 23:46:27 [main] DEBUG o.s.w.s.h.BeanNameUrlHandlerMapping - Rejected bean name 'org.springframework.boot.autoconfigure.jdbc.DataSourceAutoConfiguration': no URL paths identified
2018-01-08 23:46:27 [main] DEBUG o.s.w.s.h.BeanNameUrlHandlerMapping - Rejected bean name 'dataSourceInitializer': no URL paths identified
2018-01-08 23:46:27 [main] DEBUG o.s.w.s.h.BeanNameUrlHandlerMapping - Rejected bean name 'spring.datasource-org.springframework.boot.autoconfigure.jdbc.DataSourceProperties': no URL paths identified
2018-01-08 23:46:27 [main] DEBUG o.s.w.s.h.BeanNameUrlHandlerMapping - Rejected bean name 'dataSourceInitializerPostProcessor': no URL paths identified
2018-01-08 23:46:27 [main] DEBUG o.s.w.s.h.BeanNameUrlHandlerMapping - Rejected bean name 'org.springframework.boot.autoconfigure.info.ProjectInfoAutoConfiguration': no URL paths identified
2018-01-08 23:46:27 [main] DEBUG o.s.w.s.h.BeanNameUrlHandlerMapping - Rejected bean name 'spring.info-org.springframework.boot.autoconfigure.info.ProjectInfoProperties': no URL paths identified
2018-01-08 23:46:27 [main] DEBUG o.s.w.s.h.BeanNameUrlHandlerMapping - Rejected bean name 'org.springframework.boot.actuate.autoconfigure.InfoContributorAutoConfiguration': no URL paths identified
2018-01-08 23:46:27 [main] DEBUG o.s.w.s.h.BeanNameUrlHandlerMapping - Rejected bean name 'envInfoContributor': no URL paths identified
2018-01-08 23:46:27 [main] DEBUG o.s.w.s.h.BeanNameUrlHandlerMapping - Rejected bean name 'management.info-org.springframework.boot.actuate.autoconfigure.InfoContributorProperties': no URL paths identified
2018-01-08 23:46:27 [main] DEBUG o.s.w.s.h.BeanNameUrlHandlerMapping - Rejected bean name 'org.springframework.boot.actuate.autoconfigure.HealthIndicatorAutoConfiguration$DiskSpaceHealthIndicatorConfiguration': no URL paths identified
2018-01-08 23:46:27 [main] DEBUG o.s.w.s.h.BeanNameUrlHandlerMapping - Rejected bean name 'diskSpaceHealthIndicator': no URL paths identified
2018-01-08 23:46:27 [main] DEBUG o.s.w.s.h.BeanNameUrlHandlerMapping - Rejected bean name 'diskSpaceHealthIndicatorProperties': no URL paths identified
2018-01-08 23:46:27 [main] DEBUG o.s.w.s.h.BeanNameUrlHandlerMapping - Rejected bean name 'org.springframework.boot.actuate.autoconfigure.HealthIndicatorAutoConfiguration$DataSourcesHealthIndicatorConfiguration': no URL paths identified
2018-01-08 23:46:27 [main] DEBUG o.s.w.s.h.BeanNameUrlHandlerMapping - Rejected bean name 'dbHealthIndicator': no URL paths identified
2018-01-08 23:46:27 [main] DEBUG o.s.w.s.h.BeanNameUrlHandlerMapping - Rejected bean name 'org.springframework.boot.actuate.autoconfigure.HealthIndicatorAutoConfiguration': no URL paths identified
2018-01-08 23:46:27 [main] DEBUG o.s.w.s.h.BeanNameUrlHandlerMapping - Rejected bean name 'healthAggregator': no URL paths identified
2018-01-08 23:46:27 [main] DEBUG o.s.w.s.h.BeanNameUrlHandlerMapping - Rejected bean name 'management.health.status-org.springframework.boot.actuate.autoconfigure.HealthIndicatorProperties': no URL paths identified
2018-01-08 23:46:27 [main] DEBUG o.s.w.s.h.BeanNameUrlHandlerMapping - Rejected bean name 'org.springframework.boot.actuate.autoconfigure.MetricRepositoryAutoConfiguration$FastMetricServicesConfiguration': no URL paths identified
2018-01-08 23:46:27 [main] DEBUG o.s.w.s.h.BeanNameUrlHandlerMapping - Rejected bean name 'counterBuffers': no URL paths identified
2018-01-08 23:46:27 [main] DEBUG o.s.w.s.h.BeanNameUrlHandlerMapping - Rejected bean name 'gaugeBuffers': no URL paths identified
2018-01-08 23:46:27 [main] DEBUG o.s.w.s.h.BeanNameUrlHandlerMapping - Rejected bean name 'actuatorMetricReader': no URL paths identified
2018-01-08 23:46:27 [main] DEBUG o.s.w.s.h.BeanNameUrlHandlerMapping - Rejected bean name 'counterService': no URL paths identified
2018-01-08 23:46:27 [main] DEBUG o.s.w.s.h.BeanNameUrlHandlerMapping - Rejected bean name 'gaugeService': no URL paths identified
2018-01-08 23:46:27 [main] DEBUG o.s.w.s.h.BeanNameUrlHandlerMapping - Rejected bean name 'org.springframework.boot.actuate.autoconfigure.MetricRepositoryAutoConfiguration': no URL paths identified
2018-01-08 23:46:27 [main] DEBUG o.s.w.s.h.BeanNameUrlHandlerMapping - Rejected bean name 'org.springframework.boot.actuate.autoconfigure.PublicMetricsAutoConfiguration$TomcatMetricsConfiguration': no URL paths identified
2018-01-08 23:46:27 [main] DEBUG o.s.w.s.h.BeanNameUrlHandlerMapping - Rejected bean name 'tomcatPublicMetrics': no URL paths identified
2018-01-08 23:46:27 [main] DEBUG o.s.w.s.h.BeanNameUrlHandlerMapping - Rejected bean name 'org.springframework.boot.actuate.autoconfigure.PublicMetricsAutoConfiguration$DataSourceMetricsConfiguration': no URL paths identified
2018-01-08 23:46:27 [main] DEBUG o.s.w.s.h.BeanNameUrlHandlerMapping - Rejected bean name 'dataSourcePublicMetrics': no URL paths identified
2018-01-08 23:46:27 [main] DEBUG o.s.w.s.h.BeanNameUrlHandlerMapping - Rejected bean name 'org.springframework.boot.actuate.autoconfigure.PublicMetricsAutoConfiguration': no URL paths identified
2018-01-08 23:46:27 [main] DEBUG o.s.w.s.h.BeanNameUrlHandlerMapping - Rejected bean name 'systemPublicMetrics': no URL paths identified
2018-01-08 23:46:27 [main] DEBUG o.s.w.s.h.BeanNameUrlHandlerMapping - Rejected bean name 'metricReaderPublicMetrics': no URL paths identified
2018-01-08 23:46:27 [main] DEBUG o.s.w.s.h.BeanNameUrlHandlerMapping - Rejected bean name 'org.springframework.boot.actuate.autoconfigure.EndpointAutoConfiguration$RequestMappingEndpointConfiguration': no URL paths identified
2018-01-08 23:46:27 [main] DEBUG o.s.w.s.h.BeanNameUrlHandlerMapping - Rejected bean name 'requestMappingEndpoint': no URL paths identified
2018-01-08 23:46:27 [main] DEBUG o.s.w.s.h.BeanNameUrlHandlerMapping - Rejected bean name 'org.springframework.boot.actuate.autoconfigure.EndpointAutoConfiguration': no URL paths identified
2018-01-08 23:46:27 [main] DEBUG o.s.w.s.h.BeanNameUrlHandlerMapping - Rejected bean name 'environmentEndpoint': no URL paths identified
2018-01-08 23:46:27 [main] DEBUG o.s.w.s.h.BeanNameUrlHandlerMapping - Rejected bean name 'healthEndpoint': no URL paths identified
2018-01-08 23:46:27 [main] DEBUG o.s.w.s.h.BeanNameUrlHandlerMapping - Rejected bean name 'beansEndpoint': no URL paths identified
2018-01-08 23:46:27 [main] DEBUG o.s.w.s.h.BeanNameUrlHandlerMapping - Rejected bean name 'infoEndpoint': no URL paths identified
2018-01-08 23:46:27 [main] DEBUG o.s.w.s.h.BeanNameUrlHandlerMapping - Rejected bean name 'metricsEndpoint': no URL paths identified
2018-01-08 23:46:27 [main] DEBUG o.s.w.s.h.BeanNameUrlHandlerMapping - Rejected bean name 'traceEndpoint': no URL paths identified
2018-01-08 23:46:27 [main] DEBUG o.s.w.s.h.BeanNameUrlHandlerMapping - Rejected bean name 'dumpEndpoint': no URL paths identified
2018-01-08 23:46:27 [main] DEBUG o.s.w.s.h.BeanNameUrlHandlerMapping - Rejected bean name 'autoConfigurationReportEndpoint': no URL paths identified
2018-01-08 23:46:27 [main] DEBUG o.s.w.s.h.BeanNameUrlHandlerMapping - Rejected bean name 'shutdownEndpoint': no URL paths identified
2018-01-08 23:46:27 [main] DEBUG o.s.w.s.h.BeanNameUrlHandlerMapping - Rejected bean name 'configurationPropertiesReportEndpoint': no URL paths identified
2018-01-08 23:46:27 [main] DEBUG o.s.w.s.h.BeanNameUrlHandlerMapping - Rejected bean name 'endpoints-org.springframework.boot.actuate.endpoint.EndpointProperties': no URL paths identified
2018-01-08 23:46:27 [main] DEBUG o.s.w.s.h.BeanNameUrlHandlerMapping - Rejected bean name 'org.springframework.boot.autoconfigure.web.ServerPropertiesAutoConfiguration': no URL paths identified
2018-01-08 23:46:27 [main] DEBUG o.s.w.s.h.BeanNameUrlHandlerMapping - Rejected bean name 'serverProperties': no URL paths identified
2018-01-08 23:46:27 [main] DEBUG o.s.w.s.h.BeanNameUrlHandlerMapping - Rejected bean name 'duplicateServerPropertiesDetector': no URL paths identified
2018-01-08 23:46:27 [main] DEBUG o.s.w.s.h.BeanNameUrlHandlerMapping - Rejected bean name 'org.springframework.boot.actuate.autoconfigure.ManagementServerPropertiesAutoConfiguration': no URL paths identified
2018-01-08 23:46:27 [main] DEBUG o.s.w.s.h.BeanNameUrlHandlerMapping - Rejected bean name 'managementServerProperties': no URL paths identified
2018-01-08 23:46:27 [main] DEBUG o.s.w.s.h.BeanNameUrlHandlerMapping - Rejected bean name 'org.springframework.boot.autoconfigure.web.HttpMessageConvertersAutoConfiguration$StringHttpMessageConverterConfiguration': no URL paths identified
2018-01-08 23:46:27 [main] DEBUG o.s.w.s.h.BeanNameUrlHandlerMapping - Rejected bean name 'stringHttpMessageConverter': no URL paths identified
2018-01-08 23:46:27 [main] DEBUG o.s.w.s.h.BeanNameUrlHandlerMapping - Rejected bean name 'spring.http.encoding-org.springframework.boot.autoconfigure.web.HttpEncodingProperties': no URL paths identified
2018-01-08 23:46:27 [main] DEBUG o.s.w.s.h.BeanNameUrlHandlerMapping - Rejected bean name 'org.springframework.boot.autoconfigure.web.JacksonHttpMessageConvertersConfiguration$MappingJackson2XmlHttpMessageConverterConfiguration': no URL paths identified
2018-01-08 23:46:27 [main] DEBUG o.s.w.s.h.BeanNameUrlHandlerMapping - Rejected bean name 'mappingJackson2XmlHttpMessageConverter': no URL paths identified
2018-01-08 23:46:27 [main] DEBUG o.s.w.s.h.BeanNameUrlHandlerMapping - Rejected bean name 'org.springframework.boot.autoconfigure.web.JacksonHttpMessageConvertersConfiguration$MappingJackson2HttpMessageConverterConfiguration': no URL paths identified
2018-01-08 23:46:27 [main] DEBUG o.s.w.s.h.BeanNameUrlHandlerMapping - Rejected bean name 'mappingJackson2HttpMessageConverter': no URL paths identified
2018-01-08 23:46:27 [main] DEBUG o.s.w.s.h.BeanNameUrlHandlerMapping - Rejected bean name 'org.springframework.boot.autoconfigure.web.JacksonHttpMessageConvertersConfiguration': no URL paths identified
2018-01-08 23:46:27 [main] DEBUG o.s.w.s.h.BeanNameUrlHandlerMapping - Rejected bean name 'org.springframework.boot.autoconfigure.web.HttpMessageConvertersAutoConfiguration': no URL paths identified
2018-01-08 23:46:27 [main] DEBUG o.s.w.s.h.BeanNameUrlHandlerMapping - Rejected bean name 'messageConverters': no URL paths identified
2018-01-08 23:46:27 [main] DEBUG o.s.w.s.h.BeanNameUrlHandlerMapping - Rejected bean name 'org.springframework.boot.actuate.autoconfigure.EndpointWebMvcManagementContextConfiguration': no URL paths identified
2018-01-08 23:46:27 [main] DEBUG o.s.w.s.h.BeanNameUrlHandlerMapping - Rejected bean name 'endpointHandlerMapping': no URL paths identified
2018-01-08 23:46:27 [main] DEBUG o.s.w.s.h.BeanNameUrlHandlerMapping - Rejected bean name 'mvcEndpoints': no URL paths identified
2018-01-08 23:46:27 [main] DEBUG o.s.w.s.h.BeanNameUrlHandlerMapping - Rejected bean name 'environmentMvcEndpoint': no URL paths identified
2018-01-08 23:46:27 [main] DEBUG o.s.w.s.h.BeanNameUrlHandlerMapping - Rejected bean name 'heapdumpMvcEndpoint': no URL paths identified
2018-01-08 23:46:27 [main] DEBUG o.s.w.s.h.BeanNameUrlHandlerMapping - Rejected bean name 'healthMvcEndpoint': no URL paths identified
2018-01-08 23:46:27 [main] DEBUG o.s.w.s.h.BeanNameUrlHandlerMapping - Rejected bean name 'metricsMvcEndpoint': no URL paths identified
2018-01-08 23:46:27 [main] DEBUG o.s.w.s.h.BeanNameUrlHandlerMapping - Rejected bean name 'endpoints.health-org.springframework.boot.actuate.autoconfigure.HealthMvcEndpointProperties': no URL paths identified
2018-01-08 23:46:27 [main] DEBUG o.s.w.s.h.BeanNameUrlHandlerMapping - Rejected bean name 'endpoints.cors-org.springframework.boot.actuate.autoconfigure.EndpointCorsProperties': no URL paths identified
2018-01-08 23:46:27 [main] DEBUG o.s.w.s.h.BeanNameUrlHandlerMapping - Rejected bean name 'org.springframework.boot.actuate.autoconfigure.EndpointWebMvcAutoConfiguration$EndpointWebMvcConfiguration': no URL paths identified
2018-01-08 23:46:27 [main] DEBUG o.s.w.s.h.BeanNameUrlHandlerMapping - Rejected bean name 'org.springframework.boot.actuate.autoconfigure.EndpointWebMvcAutoConfiguration$ApplicationContextFilterConfiguration': no URL paths identified
2018-01-08 23:46:27 [main] DEBUG o.s.w.s.h.BeanNameUrlHandlerMapping - Rejected bean name 'applicationContextIdFilter': no URL paths identified
2018-01-08 23:46:27 [main] DEBUG o.s.w.s.h.BeanNameUrlHandlerMapping - Rejected bean name 'org.springframework.boot.actuate.autoconfigure.EndpointWebMvcAutoConfiguration': no URL paths identified
2018-01-08 23:46:27 [main] DEBUG o.s.w.s.h.BeanNameUrlHandlerMapping - Rejected bean name 'managementContextResolver': no URL paths identified
2018-01-08 23:46:27 [main] DEBUG o.s.w.s.h.BeanNameUrlHandlerMapping - Rejected bean name 'managementServletContext': no URL paths identified
2018-01-08 23:46:27 [main] DEBUG o.s.w.s.h.BeanNameUrlHandlerMapping - Rejected bean name 'org.springframework.boot.actuate.autoconfigure.MetricExportAutoConfiguration$MetricExportPropertiesConfiguration': no URL paths identified
2018-01-08 23:46:27 [main] DEBUG o.s.w.s.h.BeanNameUrlHandlerMapping - Rejected bean name 'spring.metrics.export-org.springframework.boot.actuate.metrics.export.MetricExportProperties': no URL paths identified
2018-01-08 23:46:27 [main] DEBUG o.s.w.s.h.BeanNameUrlHandlerMapping - Rejected bean name 'org.springframework.boot.actuate.autoconfigure.MetricExportAutoConfiguration$StatsdConfiguration': no URL paths identified
2018-01-08 23:46:27 [main] DEBUG o.s.w.s.h.BeanNameUrlHandlerMapping - Rejected bean name 'org.springframework.scheduling.annotation.SchedulingConfiguration': no URL paths identified
2018-01-08 23:46:27 [main] DEBUG o.s.w.s.h.BeanNameUrlHandlerMapping - Rejected bean name 'org.springframework.context.annotation.internalScheduledAnnotationProcessor': no URL paths identified
2018-01-08 23:46:27 [main] DEBUG o.s.w.s.h.BeanNameUrlHandlerMapping - Rejected bean name 'org.springframework.boot.actuate.autoconfigure.MetricExportAutoConfiguration': no URL paths identified
2018-01-08 23:46:27 [main] DEBUG o.s.w.s.h.BeanNameUrlHandlerMapping - Rejected bean name 'metricWritersMetricExporter': no URL paths identified
2018-01-08 23:46:27 [main] DEBUG o.s.w.s.h.BeanNameUrlHandlerMapping - Rejected bean name 'org.springframework.boot.actuate.autoconfigure.MetricFilterAutoConfiguration': no URL paths identified
2018-01-08 23:46:27 [main] DEBUG o.s.w.s.h.BeanNameUrlHandlerMapping - Rejected bean name 'metricsFilter': no URL paths identified
2018-01-08 23:46:27 [main] DEBUG o.s.w.s.h.BeanNameUrlHandlerMapping - Rejected bean name 'endpoints.metrics.filter-org.springframework.boot.actuate.autoconfigure.MetricFilterProperties': no URL paths identified
2018-01-08 23:46:27 [main] DEBUG o.s.w.s.h.BeanNameUrlHandlerMapping - Rejected bean name 'org.springframework.boot.actuate.autoconfigure.TraceRepositoryAutoConfiguration': no URL paths identified
2018-01-08 23:46:27 [main] DEBUG o.s.w.s.h.BeanNameUrlHandlerMapping - Rejected bean name 'traceRepository': no URL paths identified
2018-01-08 23:46:27 [main] DEBUG o.s.w.s.h.BeanNameUrlHandlerMapping - Rejected bean name 'org.springframework.boot.actuate.autoconfigure.TraceWebFilterAutoConfiguration': no URL paths identified
2018-01-08 23:46:27 [main] DEBUG o.s.w.s.h.BeanNameUrlHandlerMapping - Rejected bean name 'webRequestLoggingFilter': no URL paths identified
2018-01-08 23:46:27 [main] DEBUG o.s.w.s.h.BeanNameUrlHandlerMapping - Rejected bean name 'management.trace-org.springframework.boot.actuate.trace.TraceProperties': no URL paths identified
2018-01-08 23:46:27 [main] DEBUG o.s.w.s.h.BeanNameUrlHandlerMapping - Rejected bean name 'org.springframework.boot.autoconfigure.context.ConfigurationPropertiesAutoConfiguration': no URL paths identified
2018-01-08 23:46:27 [main] DEBUG o.s.w.s.h.BeanNameUrlHandlerMapping - Rejected bean name 'org.springframework.boot.autoconfigure.dao.PersistenceExceptionTranslationAutoConfiguration': no URL paths identified
2018-01-08 23:46:27 [main] DEBUG o.s.w.s.h.BeanNameUrlHandlerMapping - Rejected bean name 'persistenceExceptionTranslationPostProcessor': no URL paths identified
2018-01-08 23:46:27 [main] DEBUG o.s.w.s.h.BeanNameUrlHandlerMapping - Rejected bean name 'org.springframework.transaction.annotation.ProxyTransactionManagementConfiguration': no URL paths identified
2018-01-08 23:46:27 [main] DEBUG o.s.w.s.h.BeanNameUrlHandlerMapping - Rejected bean name 'org.springframework.transaction.config.internalTransactionAdvisor': no URL paths identified
2018-01-08 23:46:27 [main] DEBUG o.s.w.s.h.BeanNameUrlHandlerMapping - Rejected bean name 'transactionAttributeSource': no URL paths identified
2018-01-08 23:46:27 [main] DEBUG o.s.w.s.h.BeanNameUrlHandlerMapping - Rejected bean name 'transactionInterceptor': no URL paths identified
2018-01-08 23:46:27 [main] DEBUG o.s.w.s.h.BeanNameUrlHandlerMapping - Rejected bean name 'org.springframework.transaction.config.internalTransactionalEventListenerFactory': no URL paths identified
2018-01-08 23:46:27 [main] DEBUG o.s.w.s.h.BeanNameUrlHandlerMapping - Rejected bean name 'org.springframework.boot.autoconfigure.jdbc.DataSourceTransactionManagerAutoConfiguration$TransactionManagementConfiguration': no URL paths identified
2018-01-08 23:46:27 [main] DEBUG o.s.w.s.h.BeanNameUrlHandlerMapping - Rejected bean name 'org.springframework.aop.config.internalAutoProxyCreator': no URL paths identified
2018-01-08 23:46:27 [main] DEBUG o.s.w.s.h.BeanNameUrlHandlerMapping - Rejected bean name 'org.springframework.boot.autoconfigure.jdbc.DataSourceTransactionManagerAutoConfiguration$DataSourceTransactionManagerConfiguration': no URL paths identified
2018-01-08 23:46:27 [main] DEBUG o.s.w.s.h.BeanNameUrlHandlerMapping - Rejected bean name 'transactionManager': no URL paths identified
2018-01-08 23:46:27 [main] DEBUG o.s.w.s.h.BeanNameUrlHandlerMapping - Rejected bean name 'org.springframework.boot.autoconfigure.jdbc.DataSourceTransactionManagerAutoConfiguration': no URL paths identified
2018-01-08 23:46:27 [main] DEBUG o.s.w.s.h.BeanNameUrlHandlerMapping - Rejected bean name 'org.springframework.boot.autoconfigure.jdbc.JdbcTemplateAutoConfiguration': no URL paths identified
2018-01-08 23:46:27 [main] DEBUG o.s.w.s.h.BeanNameUrlHandlerMapping - Rejected bean name 'jdbcTemplate': no URL paths identified
2018-01-08 23:46:27 [main] DEBUG o.s.w.s.h.BeanNameUrlHandlerMapping - Rejected bean name 'namedParameterJdbcTemplate': no URL paths identified
2018-01-08 23:46:27 [main] DEBUG o.s.w.s.h.BeanNameUrlHandlerMapping - Rejected bean name 'org.springframework.boot.autoconfigure.transaction.TransactionAutoConfiguration': no URL paths identified
2018-01-08 23:46:27 [main] DEBUG o.s.w.s.h.BeanNameUrlHandlerMapping - Rejected bean name 'transactionTemplate': no URL paths identified
2018-01-08 23:46:27 [main] DEBUG o.s.w.s.h.BeanNameUrlHandlerMapping - Rejected bean name 'org.springframework.boot.autoconfigure.web.HttpEncodingAutoConfiguration': no URL paths identified
2018-01-08 23:46:27 [main] DEBUG o.s.w.s.h.BeanNameUrlHandlerMapping - Rejected bean name 'characterEncodingFilter': no URL paths identified
2018-01-08 23:46:27 [main] DEBUG o.s.w.s.h.BeanNameUrlHandlerMapping - Rejected bean name 'localeCharsetMappingsCustomizer': no URL paths identified
2018-01-08 23:46:27 [main] DEBUG o.s.w.s.h.BeanNameUrlHandlerMapping - Rejected bean name 'org.springframework.boot.autoconfigure.web.MultipartAutoConfiguration': no URL paths identified
2018-01-08 23:46:27 [main] DEBUG o.s.w.s.h.BeanNameUrlHandlerMapping - Rejected bean name 'multipartConfigElement': no URL paths identified
2018-01-08 23:46:27 [main] DEBUG o.s.w.s.h.BeanNameUrlHandlerMapping - Rejected bean name 'multipartResolver': no URL paths identified
2018-01-08 23:46:27 [main] DEBUG o.s.w.s.h.BeanNameUrlHandlerMapping - Rejected bean name 'spring.http.multipart-org.springframework.boot.autoconfigure.web.MultipartProperties': no URL paths identified
2018-01-08 23:46:27 [main] DEBUG o.s.w.s.h.BeanNameUrlHandlerMapping - Rejected bean name 'org.springframework.boot.autoconfigure.web.WebClientAutoConfiguration$RestTemplateConfiguration': no URL paths identified
2018-01-08 23:46:27 [main] DEBUG o.s.w.s.h.BeanNameUrlHandlerMapping - Rejected bean name 'restTemplateBuilder': no URL paths identified
2018-01-08 23:46:27 [main] DEBUG o.s.w.s.h.BeanNameUrlHandlerMapping - Rejected bean name 'org.springframework.boot.autoconfigure.web.WebClientAutoConfiguration': no URL paths identified
2018-01-08 23:46:27 [main] DEBUG o.s.w.s.h.BeanNameUrlHandlerMapping - Rejected bean name 'org.springframework.cloud.autoconfigure.ConfigurationPropertiesRebinderAutoConfiguration': no URL paths identified
2018-01-08 23:46:27 [main] DEBUG o.s.w.s.h.BeanNameUrlHandlerMapping - Rejected bean name 'configurationPropertiesBeans': no URL paths identified
2018-01-08 23:46:27 [main] DEBUG o.s.w.s.h.BeanNameUrlHandlerMapping - Rejected bean name 'configurationPropertiesRebinder': no URL paths identified
2018-01-08 23:46:27 [main] DEBUG o.s.w.s.h.BeanNameUrlHandlerMapping - Rejected bean name 'org.springframework.cloud.autoconfigure.RefreshEndpointAutoConfiguration$RefreshEndpointConfiguration': no URL paths identified
2018-01-08 23:46:27 [main] DEBUG o.s.w.s.h.BeanNameUrlHandlerMapping - Rejected bean name 'refreshEndpoint': no URL paths identified
2018-01-08 23:46:27 [main] DEBUG o.s.w.s.h.BeanNameUrlHandlerMapping - Rejected bean name 'refreshEventListener': no URL paths identified
2018-01-08 23:46:27 [main] DEBUG o.s.w.s.h.BeanNameUrlHandlerMapping - Rejected bean name 'org.springframework.cloud.autoconfigure.RefreshEndpointAutoConfiguration$RestartEndpointWithoutIntegration': no URL paths identified
2018-01-08 23:46:27 [main] DEBUG o.s.w.s.h.BeanNameUrlHandlerMapping - Rejected bean name 'restartEndpoint': no URL paths identified
2018-01-08 23:46:27 [main] DEBUG o.s.w.s.h.BeanNameUrlHandlerMapping - Rejected bean name 'org.springframework.cloud.autoconfigure.RefreshEndpointAutoConfiguration': no URL paths identified
2018-01-08 23:46:27 [main] DEBUG o.s.w.s.h.BeanNameUrlHandlerMapping - Rejected bean name 'refreshScopeHealthIndicator': no URL paths identified
2018-01-08 23:46:27 [main] DEBUG o.s.w.s.h.BeanNameUrlHandlerMapping - Rejected bean name 'pauseEndpoint': no URL paths identified
2018-01-08 23:46:27 [main] DEBUG o.s.w.s.h.BeanNameUrlHandlerMapping - Rejected bean name 'resumeEndpoint': no URL paths identified
2018-01-08 23:46:27 [main] DEBUG o.s.w.s.h.BeanNameUrlHandlerMapping - Rejected bean name 'org.springframework.cloud.autoconfigure.LifecycleMvcEndpointAutoConfiguration': no URL paths identified
2018-01-08 23:46:27 [main] DEBUG o.s.w.s.h.BeanNameUrlHandlerMapping - Rejected bean name 'environmentManagerEndpoint': no URL paths identified
2018-01-08 23:46:27 [main] DEBUG o.s.w.s.h.BeanNameUrlHandlerMapping - Rejected bean name 'refreshMvcEndpoint': no URL paths identified
2018-01-08 23:46:27 [main] DEBUG o.s.w.s.h.BeanNameUrlHandlerMapping - Rejected bean name 'restartMvcEndpoint': no URL paths identified
2018-01-08 23:46:27 [main] DEBUG o.s.w.s.h.BeanNameUrlHandlerMapping - Rejected bean name 'pauseMvcEndpoint': no URL paths identified
2018-01-08 23:46:27 [main] DEBUG o.s.w.s.h.BeanNameUrlHandlerMapping - Rejected bean name 'resumeMvcEndpoint': no URL paths identified
2018-01-08 23:46:27 [main] DEBUG o.s.w.s.h.BeanNameUrlHandlerMapping - Rejected bean name 'org.springframework.cloud.autoconfigure.RefreshAutoConfiguration$RefreshScopeConfiguration': no URL paths identified
2018-01-08 23:46:27 [main] DEBUG o.s.w.s.h.BeanNameUrlHandlerMapping - Rejected bean name 'org.springframework.cloud.autoconfigure.RefreshAutoConfiguration': no URL paths identified
2018-01-08 23:46:27 [main] DEBUG o.s.w.s.h.BeanNameUrlHandlerMapping - Rejected bean name 'loggingRebinder': no URL paths identified
2018-01-08 23:46:27 [main] DEBUG o.s.w.s.h.BeanNameUrlHandlerMapping - Rejected bean name 'environmentManager': no URL paths identified
2018-01-08 23:46:27 [main] DEBUG o.s.w.s.h.BeanNameUrlHandlerMapping - Rejected bean name 'contextRefresher': no URL paths identified
2018-01-08 23:46:27 [main] DEBUG o.s.w.s.h.BeanNameUrlHandlerMapping - Rejected bean name 'org.springframework.cloud.client.discovery.noop.NoopDiscoveryClientAutoConfiguration': no URL paths identified
2018-01-08 23:46:27 [main] DEBUG o.s.w.s.h.BeanNameUrlHandlerMapping - Rejected bean name 'discoveryClient': no URL paths identified
2018-01-08 23:46:27 [main] DEBUG o.s.w.s.h.BeanNameUrlHandlerMapping - Rejected bean name 'org.springframework.cloud.config.client.ConfigClientAutoConfiguration': no URL paths identified
2018-01-08 23:46:27 [main] DEBUG o.s.w.s.h.BeanNameUrlHandlerMapping - Rejected bean name 'configClientProperties': no URL paths identified
2018-01-08 23:46:27 [main] DEBUG o.s.w.s.h.BeanNameUrlHandlerMapping - Rejected bean name 'configClientHealthProperties': no URL paths identified
2018-01-08 23:46:27 [main] DEBUG o.s.w.s.h.BeanNameUrlHandlerMapping - Rejected bean name 'org.springframework.cloud.config.server.config.EnvironmentRepositoryConfiguration$DefaultEnvironmentWatch': no URL paths identified
2018-01-08 23:46:27 [main] DEBUG o.s.w.s.h.BeanNameUrlHandlerMapping - Rejected bean name 'environmentWatch': no URL paths identified
2018-01-08 23:46:27 [main] DEBUG o.s.w.s.h.BeanNameUrlHandlerMapping - Rejected bean name 'org.springframework.cloud.config.server.config.EnvironmentRepositoryConfiguration$GitRepositoryConfiguration': no URL paths identified
2018-01-08 23:46:27 [main] DEBUG o.s.w.s.h.BeanNameUrlHandlerMapping - Rejected bean name 'environmentRepository': no URL paths identified
2018-01-08 23:46:27 [main] DEBUG o.s.w.s.h.BeanNameUrlHandlerMapping - Rejected bean name 'org.springframework.cloud.config.server.config.EnvironmentRepositoryConfiguration': no URL paths identified
2018-01-08 23:46:27 [main] DEBUG o.s.w.s.h.BeanNameUrlHandlerMapping - Rejected bean name 'configServerHealthIndicator': no URL paths identified
2018-01-08 23:46:27 [main] DEBUG o.s.w.s.h.BeanNameUrlHandlerMapping - Rejected bean name 'org.springframework.cloud.config.server.config.ResourceRepositoryConfiguration': no URL paths identified
2018-01-08 23:46:27 [main] DEBUG o.s.w.s.h.BeanNameUrlHandlerMapping - Rejected bean name 'resourceRepository': no URL paths identified
2018-01-08 23:46:27 [main] DEBUG o.s.w.s.h.BeanNameUrlHandlerMapping - Rejected bean name 'spring.cloud.config.server-org.springframework.cloud.config.server.config.ConfigServerProperties': no URL paths identified
2018-01-08 23:46:27 [main] DEBUG o.s.w.s.h.BeanNameUrlHandlerMapping - Rejected bean name 'org.springframework.cloud.config.server.config.ConfigServerEncryptionConfiguration': no URL paths identified
2018-01-08 23:46:27 [main] DEBUG o.s.w.s.h.BeanNameUrlHandlerMapping - Rejected bean name 'encryptionController': no URL paths identified
2018-01-08 23:46:27 [main] DEBUG o.s.w.s.h.BeanNameUrlHandlerMapping - Rejected bean name 'org.springframework.cloud.config.server.config.ConfigServerMvcConfiguration': no URL paths identified
2018-01-08 23:46:27 [main] DEBUG o.s.w.s.h.BeanNameUrlHandlerMapping - Rejected bean name 'environmentController': no URL paths identified
2018-01-08 23:46:27 [main] DEBUG o.s.w.s.h.BeanNameUrlHandlerMapping - Rejected bean name 'resourceController': no URL paths identified
2018-01-08 23:46:27 [main] DEBUG o.s.w.s.h.BeanNameUrlHandlerMapping - Rejected bean name 'org.springframework.cloud.config.server.config.ConfigServerAutoConfiguration': no URL paths identified
2018-01-08 23:46:27 [main] DEBUG o.s.w.s.h.BeanNameUrlHandlerMapping - Rejected bean name 'org.springframework.cloud.config.server.config.EncryptionAutoConfiguration': no URL paths identified
2018-01-08 23:46:27 [main] DEBUG o.s.w.s.h.BeanNameUrlHandlerMapping - Rejected bean name 'encrypt-org.springframework.cloud.bootstrap.encrypt.KeyProperties': no URL paths identified
2018-01-08 23:46:27 [main] DEBUG o.s.w.s.h.BeanNameUrlHandlerMapping - Rejected bean name 'org.springframework.cloud.config.server.config.SingleEncryptorAutoConfiguration': no URL paths identified
2018-01-08 23:46:27 [main] DEBUG o.s.w.s.h.BeanNameUrlHandlerMapping - Rejected bean name 'textEncryptorLocator': no URL paths identified
2018-01-08 23:46:27 [main] DEBUG o.s.w.s.h.BeanNameUrlHandlerMapping - Rejected bean name 'refreshScope': no URL paths identified
2018-01-08 23:46:27 [main] DEBUG o.s.w.s.h.BeanNameUrlHandlerMapping - Rejected bean name 'com.myshop.products.common.logging.LoggingConfigListener': no URL paths identified
2018-01-08 23:46:27 [main] DEBUG o.s.w.s.h.BeanNameUrlHandlerMapping - Rejected bean name 'autoConfigurationReport': no URL paths identified
2018-01-08 23:46:27 [main] DEBUG o.s.w.s.h.BeanNameUrlHandlerMapping - Rejected bean name 'org.springframework.boot.test.context.filter.TestTypeExcludeFilter': no URL paths identified
2018-01-08 23:46:27 [main] DEBUG o.s.w.s.h.BeanNameUrlHandlerMapping - Rejected bean name 'org.springframework.boot.test.autoconfigure.properties.PropertyMappingContextCustomizer$PropertyMappingCheckBeanPostProcessor': no URL paths identified
2018-01-08 23:46:27 [main] DEBUG o.s.w.s.h.BeanNameUrlHandlerMapping - Rejected bean name 'springApplicationArguments': no URL paths identified
2018-01-08 23:46:27 [main] DEBUG o.s.w.s.h.BeanNameUrlHandlerMapping - Rejected bean name 'springBootBanner': no URL paths identified
2018-01-08 23:46:27 [main] DEBUG o.s.w.s.h.BeanNameUrlHandlerMapping - Rejected bean name 'environment': no URL paths identified
2018-01-08 23:46:27 [main] DEBUG o.s.w.s.h.BeanNameUrlHandlerMapping - Rejected bean name 'systemProperties': no URL paths identified
2018-01-08 23:46:27 [main] DEBUG o.s.w.s.h.BeanNameUrlHandlerMapping - Rejected bean name 'systemEnvironment': no URL paths identified
2018-01-08 23:46:27 [main] DEBUG o.s.w.s.h.BeanNameUrlHandlerMapping - Rejected bean name 'org.springframework.context.annotation.ConfigurationClassPostProcessor.importRegistry': no URL paths identified
2018-01-08 23:46:27 [main] DEBUG o.s.w.s.h.BeanNameUrlHandlerMapping - Rejected bean name 'org.springframework.boot.test.mock.mockito.MockitoBeans': no URL paths identified
2018-01-08 23:46:27 [main] DEBUG o.s.w.s.h.BeanNameUrlHandlerMapping - Rejected bean name 'messageSource': no URL paths identified
2018-01-08 23:46:27 [main] DEBUG o.s.w.s.h.BeanNameUrlHandlerMapping - Rejected bean name 'applicationEventMulticaster': no URL paths identified
2018-01-08 23:46:27 [main] DEBUG o.s.w.s.h.BeanNameUrlHandlerMapping - Rejected bean name 'servletContext': no URL paths identified
2018-01-08 23:46:27 [main] DEBUG o.s.w.s.h.BeanNameUrlHandlerMapping - Rejected bean name 'contextParameters': no URL paths identified
2018-01-08 23:46:27 [main] DEBUG o.s.w.s.h.BeanNameUrlHandlerMapping - Rejected bean name 'contextAttributes': no URL paths identified
2018-01-08 23:46:27 [main] DEBUG o.s.b.f.s.DefaultListableBeanFactory - Returning cached instance of singleton bean 'org.springframework.transaction.config.internalTransactionAdvisor'
2018-01-08 23:46:27 [main] DEBUG o.s.b.f.s.DefaultListableBeanFactory - Finished creating instance of bean 'beanNameHandlerMapping'
2018-01-08 23:46:27 [main] DEBUG o.s.b.f.s.DefaultListableBeanFactory - Creating shared instance of singleton bean 'resourceHandlerMapping'
2018-01-08 23:46:27 [main] DEBUG o.s.b.f.s.DefaultListableBeanFactory - Creating instance of bean 'resourceHandlerMapping'
2018-01-08 23:46:27 [main] DEBUG o.s.b.f.s.DefaultListableBeanFactory - Returning cached instance of singleton bean 'org.springframework.boot.autoconfigure.web.WebMvcAutoConfiguration$EnableWebMvcConfiguration'
2018-01-08 23:46:27 [main] DEBUG o.s.b.f.s.DefaultListableBeanFactory - Returning cached instance of singleton bean 'mvcContentNegotiationManager'
2018-01-08 23:46:27 [main] DEBUG o.s.b.f.s.DefaultListableBeanFactory - Returning cached instance of singleton bean 'mvcPathMatcher'
2018-01-08 23:46:27 [main] DEBUG o.s.b.f.s.DefaultListableBeanFactory - Returning cached instance of singleton bean 'mvcUrlPathHelper'
2018-01-08 23:46:27 [main] DEBUG o.s.b.f.s.DefaultListableBeanFactory - Returning cached instance of singleton bean 'mvcResourceUrlProvider'
2018-01-08 23:46:27 [main] DEBUG o.s.b.f.s.DefaultListableBeanFactory - Eagerly caching bean 'resourceHandlerMapping' to allow for resolving potential circular references
2018-01-08 23:46:27 [main] INFO  o.s.w.s.h.SimpleUrlHandlerMapping - Mapped URL path [/webjars/**] onto handler of type [class org.springframework.web.servlet.resource.ResourceHttpRequestHandler]
2018-01-08 23:46:27 [main] INFO  o.s.w.s.h.SimpleUrlHandlerMapping - Mapped URL path [/**] onto handler of type [class org.springframework.web.servlet.resource.ResourceHttpRequestHandler]
2018-01-08 23:46:27 [main] DEBUG o.s.b.f.s.DefaultListableBeanFactory - Returning cached instance of singleton bean 'org.springframework.transaction.config.internalTransactionAdvisor'
2018-01-08 23:46:27 [main] DEBUG o.s.b.f.s.DefaultListableBeanFactory - Finished creating instance of bean 'resourceHandlerMapping'
2018-01-08 23:46:27 [main] DEBUG o.s.b.f.s.DefaultListableBeanFactory - Returning cached instance of singleton bean 'mvcResourceUrlProvider'
2018-01-08 23:46:27 [main] DEBUG o.s.b.f.s.DefaultListableBeanFactory - Creating shared instance of singleton bean 'defaultServletHandlerMapping'
2018-01-08 23:46:27 [main] DEBUG o.s.b.f.s.DefaultListableBeanFactory - Creating instance of bean 'defaultServletHandlerMapping'
2018-01-08 23:46:27 [main] DEBUG o.s.b.f.s.DefaultListableBeanFactory - Returning cached instance of singleton bean 'org.springframework.boot.autoconfigure.web.WebMvcAutoConfiguration$EnableWebMvcConfiguration'
2018-01-08 23:46:27 [main] DEBUG o.s.b.f.s.DefaultListableBeanFactory - Eagerly caching bean 'defaultServletHandlerMapping' to allow for resolving potential circular references
2018-01-08 23:46:27 [main] DEBUG o.s.b.f.s.DefaultListableBeanFactory - Returning cached instance of singleton bean 'org.springframework.transaction.config.internalTransactionAdvisor'
2018-01-08 23:46:27 [main] DEBUG o.s.b.f.s.DefaultListableBeanFactory - Finished creating instance of bean 'defaultServletHandlerMapping'
2018-01-08 23:46:27 [main] DEBUG o.s.b.f.s.DefaultListableBeanFactory - Returning cached instance of singleton bean 'mvcConversionService'
2018-01-08 23:46:27 [main] DEBUG o.s.b.f.s.DefaultListableBeanFactory - Returning cached instance of singleton bean 'mvcValidator'
2018-01-08 23:46:27 [main] DEBUG o.s.b.f.s.DefaultListableBeanFactory - Creating shared instance of singleton bean 'mvcUriComponentsContributor'
2018-01-08 23:46:27 [main] DEBUG o.s.b.f.s.DefaultListableBeanFactory - Creating instance of bean 'mvcUriComponentsContributor'
2018-01-08 23:46:27 [main] DEBUG o.s.b.f.s.DefaultListableBeanFactory - Returning cached instance of singleton bean 'org.springframework.boot.autoconfigure.web.WebMvcAutoConfiguration$EnableWebMvcConfiguration'
2018-01-08 23:46:27 [main] DEBUG o.s.b.f.s.DefaultListableBeanFactory - Returning cached instance of singleton bean 'requestMappingHandlerAdapter'
2018-01-08 23:46:27 [main] DEBUG o.s.b.f.s.DefaultListableBeanFactory - Returning cached instance of singleton bean 'mvcConversionService'
2018-01-08 23:46:27 [main] DEBUG o.s.b.f.s.DefaultListableBeanFactory - Eagerly caching bean 'mvcUriComponentsContributor' to allow for resolving potential circular references
2018-01-08 23:46:27 [main] DEBUG o.s.b.f.s.DefaultListableBeanFactory - Returning cached instance of singleton bean 'org.springframework.transaction.config.internalTransactionAdvisor'
2018-01-08 23:46:27 [main] DEBUG o.s.b.f.s.DefaultListableBeanFactory - Finished creating instance of bean 'mvcUriComponentsContributor'
2018-01-08 23:46:27 [main] DEBUG o.s.b.f.s.DefaultListableBeanFactory - Creating shared instance of singleton bean 'httpRequestHandlerAdapter'
2018-01-08 23:46:27 [main] DEBUG o.s.b.f.s.DefaultListableBeanFactory - Creating instance of bean 'httpRequestHandlerAdapter'
2018-01-08 23:46:27 [main] DEBUG o.s.b.f.s.DefaultListableBeanFactory - Returning cached instance of singleton bean 'org.springframework.boot.autoconfigure.web.WebMvcAutoConfiguration$EnableWebMvcConfiguration'
2018-01-08 23:46:27 [main] DEBUG o.s.b.f.s.DefaultListableBeanFactory - Eagerly caching bean 'httpRequestHandlerAdapter' to allow for resolving potential circular references
2018-01-08 23:46:27 [main] DEBUG o.s.b.f.s.DefaultListableBeanFactory - Returning cached instance of singleton bean 'org.springframework.transaction.config.internalTransactionAdvisor'
2018-01-08 23:46:27 [main] DEBUG o.s.b.f.s.DefaultListableBeanFactory - Finished creating instance of bean 'httpRequestHandlerAdapter'
2018-01-08 23:46:27 [main] DEBUG o.s.b.f.s.DefaultListableBeanFactory - Creating shared instance of singleton bean 'simpleControllerHandlerAdapter'
2018-01-08 23:46:27 [main] DEBUG o.s.b.f.s.DefaultListableBeanFactory - Creating instance of bean 'simpleControllerHandlerAdapter'
2018-01-08 23:46:27 [main] DEBUG o.s.b.f.s.DefaultListableBeanFactory - Returning cached instance of singleton bean 'org.springframework.boot.autoconfigure.web.WebMvcAutoConfiguration$EnableWebMvcConfiguration'
2018-01-08 23:46:27 [main] DEBUG o.s.b.f.s.DefaultListableBeanFactory - Eagerly caching bean 'simpleControllerHandlerAdapter' to allow for resolving potential circular references
2018-01-08 23:46:27 [main] DEBUG o.s.b.f.s.DefaultListableBeanFactory - Returning cached instance of singleton bean 'org.springframework.transaction.config.internalTransactionAdvisor'
2018-01-08 23:46:27 [main] DEBUG o.s.b.f.s.DefaultListableBeanFactory - Finished creating instance of bean 'simpleControllerHandlerAdapter'
2018-01-08 23:46:27 [main] DEBUG o.s.b.f.s.DefaultListableBeanFactory - Creating shared instance of singleton bean 'handlerExceptionResolver'
2018-01-08 23:46:27 [main] DEBUG o.s.b.f.s.DefaultListableBeanFactory - Creating instance of bean 'handlerExceptionResolver'
2018-01-08 23:46:27 [main] DEBUG o.s.b.f.s.DefaultListableBeanFactory - Returning cached instance of singleton bean 'org.springframework.boot.autoconfigure.web.WebMvcAutoConfiguration$EnableWebMvcConfiguration'
2018-01-08 23:46:27 [main] DEBUG o.s.b.f.s.DefaultListableBeanFactory - Returning cached instance of singleton bean 'mvcContentNegotiationManager'
2018-01-08 23:46:27 [main] DEBUG o.s.w.s.m.m.a.ExceptionHandlerExceptionResolver - Looking for exception mappings: org.springframework.boot.context.embedded.AnnotationConfigEmbeddedWebApplicationContext@736ac09a: startup date [Mon Jan 08 23:46:19 AEDT 2018]; parent: org.springframework.context.annotation.AnnotationConfigApplicationContext@7905a0b8
2018-01-08 23:46:27 [main] INFO  o.s.w.s.m.m.a.ExceptionHandlerExceptionResolver - Detected @ExceptionHandler methods in myShopControllerAdvice
2018-01-08 23:46:27 [main] DEBUG o.s.b.f.s.DefaultListableBeanFactory - Eagerly caching bean 'handlerExceptionResolver' to allow for resolving potential circular references
2018-01-08 23:46:27 [main] DEBUG o.s.b.f.s.DefaultListableBeanFactory - Returning cached instance of singleton bean 'org.springframework.transaction.config.internalTransactionAdvisor'
2018-01-08 23:46:27 [main] DEBUG o.s.b.f.s.DefaultListableBeanFactory - Finished creating instance of bean 'handlerExceptionResolver'
2018-01-08 23:46:27 [main] DEBUG o.s.b.f.s.DefaultListableBeanFactory - Creating shared instance of singleton bean 'mvcViewResolver'
2018-01-08 23:46:27 [main] DEBUG o.s.b.f.s.DefaultListableBeanFactory - Creating instance of bean 'mvcViewResolver'
2018-01-08 23:46:27 [main] DEBUG o.s.b.f.s.DefaultListableBeanFactory - Returning cached instance of singleton bean 'org.springframework.boot.autoconfigure.web.WebMvcAutoConfiguration$EnableWebMvcConfiguration'
2018-01-08 23:46:27 [main] DEBUG o.s.b.f.s.DefaultListableBeanFactory - Returning cached instance of singleton bean 'mvcContentNegotiationManager'
2018-01-08 23:46:27 [main] DEBUG o.s.b.f.s.DefaultListableBeanFactory - Eagerly caching bean 'mvcViewResolver' to allow for resolving potential circular references
2018-01-08 23:46:27 [main] DEBUG o.s.b.f.s.DefaultListableBeanFactory - Invoking afterPropertiesSet() on bean with name 'mvcViewResolver'
2018-01-08 23:46:27 [main] DEBUG o.s.b.f.s.DefaultListableBeanFactory - Returning cached instance of singleton bean 'org.springframework.transaction.config.internalTransactionAdvisor'
2018-01-08 23:46:27 [main] DEBUG o.s.b.f.s.DefaultListableBeanFactory - Finished creating instance of bean 'mvcViewResolver'
2018-01-08 23:46:27 [main] DEBUG o.s.b.f.s.DefaultListableBeanFactory - Creating shared instance of singleton bean 'org.springframework.boot.autoconfigure.web.WebMvcAutoConfiguration$WebMvcAutoConfigurationAdapter$FaviconConfiguration'
2018-01-08 23:46:27 [main] DEBUG o.s.b.f.s.DefaultListableBeanFactory - Creating instance of bean 'org.springframework.boot.autoconfigure.web.WebMvcAutoConfiguration$WebMvcAutoConfigurationAdapter$FaviconConfiguration'
2018-01-08 23:46:27 [main] DEBUG o.s.c.LocalVariableTableParameterNameDiscoverer - Cannot find '.class' file for class [class org.springframework.boot.autoconfigure.web.WebMvcAutoConfiguration$WebMvcAutoConfigurationAdapter$FaviconConfiguration$$EnhancerBySpringCGLIB$$bfba2477] - unable to determine constructor/method parameter names
2018-01-08 23:46:27 [main] DEBUG o.s.b.f.s.DefaultListableBeanFactory - Returning cached instance of singleton bean 'spring.resources-org.springframework.boot.autoconfigure.web.ResourceProperties'
2018-01-08 23:46:27 [main] DEBUG o.s.b.f.s.DefaultListableBeanFactory - Autowiring by type from bean name 'org.springframework.boot.autoconfigure.web.WebMvcAutoConfiguration$WebMvcAutoConfigurationAdapter$FaviconConfiguration' via constructor to bean named 'spring.resources-org.springframework.boot.autoconfigure.web.ResourceProperties'
2018-01-08 23:46:27 [main] DEBUG o.s.b.f.s.DefaultListableBeanFactory - Eagerly caching bean 'org.springframework.boot.autoconfigure.web.WebMvcAutoConfiguration$WebMvcAutoConfigurationAdapter$FaviconConfiguration' to allow for resolving potential circular references
2018-01-08 23:46:27 [main] DEBUG o.s.b.f.s.DefaultListableBeanFactory - Returning cached instance of singleton bean 'org.springframework.transaction.config.internalTransactionAdvisor'
2018-01-08 23:46:27 [main] DEBUG o.s.b.f.s.DefaultListableBeanFactory - Finished creating instance of bean 'org.springframework.boot.autoconfigure.web.WebMvcAutoConfiguration$WebMvcAutoConfigurationAdapter$FaviconConfiguration'
2018-01-08 23:46:27 [main] DEBUG o.s.b.f.s.DefaultListableBeanFactory - Creating shared instance of singleton bean 'faviconHandlerMapping'
2018-01-08 23:46:27 [main] DEBUG o.s.b.f.s.DefaultListableBeanFactory - Creating instance of bean 'faviconHandlerMapping'
2018-01-08 23:46:27 [main] DEBUG o.s.b.f.s.DefaultListableBeanFactory - Returning cached instance of singleton bean 'org.springframework.boot.autoconfigure.web.WebMvcAutoConfiguration$WebMvcAutoConfigurationAdapter$FaviconConfiguration'
2018-01-08 23:46:27 [main] DEBUG o.s.b.f.s.DefaultListableBeanFactory - Creating shared instance of singleton bean 'faviconRequestHandler'
2018-01-08 23:46:27 [main] DEBUG o.s.b.f.s.DefaultListableBeanFactory - Creating instance of bean 'faviconRequestHandler'
2018-01-08 23:46:27 [main] DEBUG o.s.b.f.s.DefaultListableBeanFactory - Returning cached instance of singleton bean 'org.springframework.boot.autoconfigure.web.WebMvcAutoConfiguration$WebMvcAutoConfigurationAdapter$FaviconConfiguration'
2018-01-08 23:46:27 [main] DEBUG o.s.b.f.s.DefaultListableBeanFactory - Eagerly caching bean 'faviconRequestHandler' to allow for resolving potential circular references
2018-01-08 23:46:27 [main] DEBUG o.s.b.f.s.DefaultListableBeanFactory - Invoking afterPropertiesSet() on bean with name 'faviconRequestHandler'
2018-01-08 23:46:27 [main] DEBUG o.s.b.f.s.DefaultListableBeanFactory - Returning cached instance of singleton bean 'org.springframework.transaction.config.internalTransactionAdvisor'
2018-01-08 23:46:27 [main] DEBUG o.s.b.f.s.DefaultListableBeanFactory - Finished creating instance of bean 'faviconRequestHandler'
2018-01-08 23:46:27 [main] DEBUG o.s.b.f.s.DefaultListableBeanFactory - Eagerly caching bean 'faviconHandlerMapping' to allow for resolving potential circular references
2018-01-08 23:46:27 [main] INFO  o.s.w.s.h.SimpleUrlHandlerMapping - Mapped URL path [/**/favicon.ico] onto handler of type [class org.springframework.web.servlet.resource.ResourceHttpRequestHandler]
2018-01-08 23:46:27 [main] DEBUG o.s.b.f.s.DefaultListableBeanFactory - Returning cached instance of singleton bean 'org.springframework.transaction.config.internalTransactionAdvisor'
2018-01-08 23:46:27 [main] DEBUG o.s.b.f.s.DefaultListableBeanFactory - Finished creating instance of bean 'faviconHandlerMapping'
2018-01-08 23:46:27 [main] DEBUG o.s.b.f.s.DefaultListableBeanFactory - Returning cached instance of singleton bean 'faviconRequestHandler'
2018-01-08 23:46:27 [main] DEBUG o.s.b.f.s.DefaultListableBeanFactory - Returning cached instance of singleton bean 'org.springframework.boot.autoconfigure.web.WebMvcAutoConfiguration$WebMvcAutoConfigurationAdapter'
2018-01-08 23:46:27 [main] DEBUG o.s.b.f.s.DefaultListableBeanFactory - Creating shared instance of singleton bean 'defaultViewResolver'
2018-01-08 23:46:27 [main] DEBUG o.s.b.f.s.DefaultListableBeanFactory - Creating instance of bean 'defaultViewResolver'
2018-01-08 23:46:27 [main] DEBUG o.s.b.f.s.DefaultListableBeanFactory - Returning cached instance of singleton bean 'org.springframework.boot.autoconfigure.web.WebMvcAutoConfiguration$WebMvcAutoConfigurationAdapter'
2018-01-08 23:46:27 [main] DEBUG o.s.b.f.s.DefaultListableBeanFactory - Eagerly caching bean 'defaultViewResolver' to allow for resolving potential circular references
2018-01-08 23:46:27 [main] DEBUG o.s.b.f.s.DefaultListableBeanFactory - Returning cached instance of singleton bean 'org.springframework.transaction.config.internalTransactionAdvisor'
2018-01-08 23:46:27 [main] DEBUG o.s.b.f.s.DefaultListableBeanFactory - Finished creating instance of bean 'defaultViewResolver'
2018-01-08 23:46:27 [main] DEBUG o.s.b.f.s.DefaultListableBeanFactory - Creating shared instance of singleton bean 'viewResolver'
2018-01-08 23:46:27 [main] DEBUG o.s.b.f.s.DefaultListableBeanFactory - Creating instance of bean 'viewResolver'
2018-01-08 23:46:27 [main] DEBUG o.s.b.f.s.DefaultListableBeanFactory - Returning cached instance of singleton bean 'org.springframework.boot.autoconfigure.web.WebMvcAutoConfiguration$WebMvcAutoConfigurationAdapter'
2018-01-08 23:46:27 [main] DEBUG o.s.b.f.s.DefaultListableBeanFactory - Autowiring by type from bean name 'viewResolver' via factory method to bean named 'org.springframework.beans.factory.support.DefaultListableBeanFactory@1d4664d7'
2018-01-08 23:46:27 [main] DEBUG o.s.b.f.s.DefaultListableBeanFactory - Returning cached instance of singleton bean 'mvcContentNegotiationManager'
2018-01-08 23:46:27 [main] DEBUG o.s.b.f.s.DefaultListableBeanFactory - Eagerly caching bean 'viewResolver' to allow for resolving potential circular references
2018-01-08 23:46:27 [main] DEBUG o.s.b.f.s.DefaultListableBeanFactory - Returning cached instance of singleton bean 'beanNameViewResolver'
2018-01-08 23:46:27 [main] DEBUG o.s.b.f.s.DefaultListableBeanFactory - Returning cached instance of singleton bean 'mvcViewResolver'
2018-01-08 23:46:27 [main] DEBUG o.s.b.f.s.DefaultListableBeanFactory - Returning cached instance of singleton bean 'defaultViewResolver'
2018-01-08 23:46:27 [main] DEBUG o.s.b.f.s.DefaultListableBeanFactory - Returning cached instance of singleton bean 'org.springframework.transaction.config.internalTransactionAdvisor'
2018-01-08 23:46:27 [main] DEBUG o.s.b.f.s.DefaultListableBeanFactory - Returning eagerly cached instance of singleton bean 'viewResolver' that is not fully initialized yet - a consequence of a circular reference
2018-01-08 23:46:27 [main] DEBUG o.s.b.f.s.DefaultListableBeanFactory - Invoking afterPropertiesSet() on bean with name 'viewResolver'
2018-01-08 23:46:27 [main] DEBUG o.s.b.f.s.DefaultListableBeanFactory - Finished creating instance of bean 'viewResolver'
2018-01-08 23:46:27 [main] DEBUG o.s.b.f.s.DefaultListableBeanFactory - Creating shared instance of singleton bean 'welcomePageHandlerMapping'
2018-01-08 23:46:27 [main] DEBUG o.s.b.f.s.DefaultListableBeanFactory - Creating instance of bean 'welcomePageHandlerMapping'
2018-01-08 23:46:27 [main] DEBUG o.s.b.f.s.DefaultListableBeanFactory - Returning cached instance of singleton bean 'org.springframework.boot.autoconfigure.web.WebMvcAutoConfiguration$WebMvcAutoConfigurationAdapter'
2018-01-08 23:46:27 [main] DEBUG o.s.b.f.s.DefaultListableBeanFactory - Returning cached instance of singleton bean 'spring.resources-org.springframework.boot.autoconfigure.web.ResourceProperties'
2018-01-08 23:46:27 [main] DEBUG o.s.b.f.s.DefaultListableBeanFactory - Autowiring by type from bean name 'welcomePageHandlerMapping' via factory method to bean named 'spring.resources-org.springframework.boot.autoconfigure.web.ResourceProperties'
2018-01-08 23:46:27 [main] DEBUG o.s.b.f.s.DefaultListableBeanFactory - Eagerly caching bean 'welcomePageHandlerMapping' to allow for resolving potential circular references
2018-01-08 23:46:27 [main] DEBUG o.s.b.f.s.DefaultListableBeanFactory - Returning cached instance of singleton bean 'org.springframework.transaction.config.internalTransactionAdvisor'
2018-01-08 23:46:27 [main] DEBUG o.s.b.f.s.DefaultListableBeanFactory - Finished creating instance of bean 'welcomePageHandlerMapping'
2018-01-08 23:46:27 [main] DEBUG o.s.b.f.s.DefaultListableBeanFactory - Returning cached instance of singleton bean 'requestContextFilter'
2018-01-08 23:46:27 [main] DEBUG o.s.b.f.s.DefaultListableBeanFactory - Returning cached instance of singleton bean 'org.springframework.boot.autoconfigure.web.WebMvcAutoConfiguration'
2018-01-08 23:46:27 [main] DEBUG o.s.b.f.s.DefaultListableBeanFactory - Returning cached instance of singleton bean 'hiddenHttpMethodFilter'
2018-01-08 23:46:27 [main] DEBUG o.s.b.f.s.DefaultListableBeanFactory - Returning cached instance of singleton bean 'httpPutFormContentFilter'
2018-01-08 23:46:27 [main] DEBUG o.s.b.f.s.DefaultListableBeanFactory - Creating shared instance of singleton bean 'org.springframework.cloud.commons.util.UtilAutoConfiguration'
2018-01-08 23:46:27 [main] DEBUG o.s.b.f.s.DefaultListableBeanFactory - Creating instance of bean 'org.springframework.cloud.commons.util.UtilAutoConfiguration'
2018-01-08 23:46:27 [main] DEBUG o.s.b.f.s.DefaultListableBeanFactory - Eagerly caching bean 'org.springframework.cloud.commons.util.UtilAutoConfiguration' to allow for resolving potential circular references
2018-01-08 23:46:27 [main] DEBUG o.s.b.f.s.DefaultListableBeanFactory - Returning cached instance of singleton bean 'org.springframework.transaction.config.internalTransactionAdvisor'
2018-01-08 23:46:27 [main] DEBUG o.s.b.f.s.DefaultListableBeanFactory - Finished creating instance of bean 'org.springframework.cloud.commons.util.UtilAutoConfiguration'
2018-01-08 23:46:27 [main] DEBUG o.s.b.f.s.DefaultListableBeanFactory - Creating shared instance of singleton bean 'inetUtilsProperties'
2018-01-08 23:46:27 [main] DEBUG o.s.b.f.s.DefaultListableBeanFactory - Creating instance of bean 'inetUtilsProperties'
2018-01-08 23:46:27 [main] DEBUG o.s.b.f.s.DefaultListableBeanFactory - Returning cached instance of singleton bean 'org.springframework.cloud.commons.util.UtilAutoConfiguration'
2018-01-08 23:46:27 [main] DEBUG o.s.b.f.annotation.InjectionMetadata - Registered injected element on class [org.springframework.cloud.commons.util.InetUtilsProperties]: AutowiredFieldElement for private int org.springframework.cloud.commons.util.InetUtilsProperties.timeoutSeconds
2018-01-08 23:46:27 [main] DEBUG o.s.b.f.s.DefaultListableBeanFactory - Eagerly caching bean 'inetUtilsProperties' to allow for resolving potential circular references
2018-01-08 23:46:27 [main] DEBUG o.s.b.f.annotation.InjectionMetadata - Processing injected element of bean 'inetUtilsProperties': AutowiredFieldElement for private int org.springframework.cloud.commons.util.InetUtilsProperties.timeoutSeconds
2018-01-08 23:46:27 [main] DEBUG o.s.c.e.PropertySourcesPropertyResolver - Could not find key 'SPRING_UTIL_TIMEOUT_SEC:1' in any property source
2018-01-08 23:46:27 [main] DEBUG o.s.c.e.PropertySourcesPropertyResolver - Could not find key 'SPRING_UTIL_TIMEOUT_SEC:1' in any property source
2018-01-08 23:46:27 [main] DEBUG o.s.c.e.PropertySourcesPropertyResolver - Could not find key 'SPRING_UTIL_TIMEOUT_SEC' in any property source
2018-01-08 23:46:27 [main] DEBUG o.s.c.e.PropertySourcesPropertyResolver - Could not find key 'SPRING_UTIL_TIMEOUT_SEC' in any property source
2018-01-08 23:46:27 [main] DEBUG o.s.c.e.PropertySourcesPropertyResolver - Could not find key 'spring.util.timeout.sec:1' in any property source
2018-01-08 23:46:27 [main] DEBUG o.s.c.e.PropertySourcesPropertyResolver - Could not find key 'spring.util.timeout.sec:1' in any property source
2018-01-08 23:46:27 [main] DEBUG o.s.c.e.PropertySourcesPropertyResolver - Could not find key 'spring.util.timeout.sec' in any property source
2018-01-08 23:46:27 [main] DEBUG o.s.c.e.PropertySourcesPropertyResolver - Could not find key 'spring.util.timeout.sec' in any property source
2018-01-08 23:46:27 [main] DEBUG o.s.core.env.MutablePropertySources - Adding [decrypted] PropertySource with lowest search precedence
2018-01-08 23:46:27 [main] DEBUG o.s.core.env.MutablePropertySources - Adding [Inlined Test Properties] PropertySource with lowest search precedence
2018-01-08 23:46:27 [main] DEBUG o.s.core.env.MutablePropertySources - Adding [systemProperties] PropertySource with lowest search precedence
2018-01-08 23:46:27 [main] DEBUG o.s.core.env.MutablePropertySources - Adding [systemEnvironment] PropertySource with lowest search precedence
2018-01-08 23:46:27 [main] DEBUG o.s.core.env.MutablePropertySources - Adding [random] PropertySource with lowest search precedence
2018-01-08 23:46:27 [main] DEBUG o.s.core.env.MutablePropertySources - Adding [configServerClient] PropertySource with lowest search precedence
2018-01-08 23:46:27 [main] DEBUG o.s.core.env.MutablePropertySources - Adding [applicationConfig: [classpath:/application.yml]] PropertySource with lowest search precedence
2018-01-08 23:46:27 [main] DEBUG o.s.core.env.MutablePropertySources - Adding [springCloudClientHostInfo] PropertySource with lowest search precedence
2018-01-08 23:46:27 [main] DEBUG o.s.core.env.MutablePropertySources - Adding [defaultProperties] PropertySource with lowest search precedence
2018-01-08 23:46:27 [main] DEBUG o.s.core.env.MutablePropertySources - Adding [localProperties] PropertySource with lowest search precedence
2018-01-08 23:46:27 [main] DEBUG o.s.b.f.s.DefaultListableBeanFactory - Returning cached instance of singleton bean 'org.springframework.transaction.config.internalTransactionAdvisor'
2018-01-08 23:46:27 [main] DEBUG o.s.b.f.s.DefaultListableBeanFactory - Finished creating instance of bean 'inetUtilsProperties'
2018-01-08 23:46:27 [main] DEBUG o.s.b.f.s.DefaultListableBeanFactory - Creating shared instance of singleton bean 'inetUtils'
2018-01-08 23:46:27 [main] DEBUG o.s.b.f.s.DefaultListableBeanFactory - Creating instance of bean 'inetUtils'
2018-01-08 23:46:27 [main] DEBUG o.s.b.f.s.DefaultListableBeanFactory - Returning cached instance of singleton bean 'org.springframework.cloud.commons.util.UtilAutoConfiguration'
2018-01-08 23:46:27 [main] DEBUG o.s.b.f.s.DefaultListableBeanFactory - Returning cached instance of singleton bean 'inetUtilsProperties'
2018-01-08 23:46:27 [main] DEBUG o.s.b.f.s.DefaultListableBeanFactory - Autowiring by type from bean name 'inetUtils' via factory method to bean named 'inetUtilsProperties'
2018-01-08 23:46:27 [main] DEBUG o.s.b.f.s.DefaultListableBeanFactory - Eagerly caching bean 'inetUtils' to allow for resolving potential circular references
2018-01-08 23:46:27 [main] DEBUG o.s.b.f.s.DefaultListableBeanFactory - Returning cached instance of singleton bean 'org.springframework.transaction.config.internalTransactionAdvisor'
2018-01-08 23:46:27 [main] DEBUG o.s.b.f.s.DefaultListableBeanFactory - Finished creating instance of bean 'inetUtils'
2018-01-08 23:46:27 [main] DEBUG o.s.b.f.s.DefaultListableBeanFactory - Creating shared instance of singleton bean 'org.springframework.boot.actuate.autoconfigure.AuditAutoConfiguration$AuditEventRepositoryConfiguration'
2018-01-08 23:46:27 [main] DEBUG o.s.b.f.s.DefaultListableBeanFactory - Creating instance of bean 'org.springframework.boot.actuate.autoconfigure.AuditAutoConfiguration$AuditEventRepositoryConfiguration'
2018-01-08 23:46:27 [main] DEBUG o.s.b.f.s.DefaultListableBeanFactory - Eagerly caching bean 'org.springframework.boot.actuate.autoconfigure.AuditAutoConfiguration$AuditEventRepositoryConfiguration' to allow for resolving potential circular references
2018-01-08 23:46:27 [main] DEBUG o.s.b.f.s.DefaultListableBeanFactory - Returning cached instance of singleton bean 'org.springframework.transaction.config.internalTransactionAdvisor'
2018-01-08 23:46:27 [main] DEBUG o.s.b.f.s.DefaultListableBeanFactory - Finished creating instance of bean 'org.springframework.boot.actuate.autoconfigure.AuditAutoConfiguration$AuditEventRepositoryConfiguration'
2018-01-08 23:46:27 [main] DEBUG o.s.b.f.s.DefaultListableBeanFactory - Creating shared instance of singleton bean 'auditEventRepository'
2018-01-08 23:46:27 [main] DEBUG o.s.b.f.s.DefaultListableBeanFactory - Creating instance of bean 'auditEventRepository'
2018-01-08 23:46:27 [main] DEBUG o.s.b.f.s.DefaultListableBeanFactory - Returning cached instance of singleton bean 'org.springframework.boot.actuate.autoconfigure.AuditAutoConfiguration$AuditEventRepositoryConfiguration'
2018-01-08 23:46:27 [main] DEBUG o.s.b.f.s.DefaultListableBeanFactory - Eagerly caching bean 'auditEventRepository' to allow for resolving potential circular references
2018-01-08 23:46:27 [main] DEBUG o.s.b.f.s.DefaultListableBeanFactory - Returning cached instance of singleton bean 'org.springframework.transaction.config.internalTransactionAdvisor'
2018-01-08 23:46:27 [main] DEBUG o.s.b.f.s.DefaultListableBeanFactory - Finished creating instance of bean 'auditEventRepository'
2018-01-08 23:46:27 [main] DEBUG o.s.b.f.s.DefaultListableBeanFactory - Creating shared instance of singleton bean 'org.springframework.boot.actuate.autoconfigure.AuditAutoConfiguration'
2018-01-08 23:46:27 [main] DEBUG o.s.b.f.s.DefaultListableBeanFactory - Creating instance of bean 'org.springframework.boot.actuate.autoconfigure.AuditAutoConfiguration'
2018-01-08 23:46:27 [main] DEBUG o.s.c.LocalVariableTableParameterNameDiscoverer - Cannot find '.class' file for class [class org.springframework.boot.actuate.autoconfigure.AuditAutoConfiguration$$EnhancerBySpringCGLIB$$2ae7ee5f] - unable to determine constructor/method parameter names
2018-01-08 23:46:27 [main] DEBUG o.s.b.f.s.DefaultListableBeanFactory - Returning cached instance of singleton bean 'auditEventRepository'
2018-01-08 23:46:27 [main] DEBUG o.s.b.f.s.DefaultListableBeanFactory - Eagerly caching bean 'org.springframework.boot.actuate.autoconfigure.AuditAutoConfiguration' to allow for resolving potential circular references
2018-01-08 23:46:27 [main] DEBUG o.s.b.f.s.DefaultListableBeanFactory - Returning cached instance of singleton bean 'org.springframework.transaction.config.internalTransactionAdvisor'
2018-01-08 23:46:27 [main] DEBUG o.s.b.f.s.DefaultListableBeanFactory - Finished creating instance of bean 'org.springframework.boot.actuate.autoconfigure.AuditAutoConfiguration'
2018-01-08 23:46:27 [main] DEBUG o.s.b.f.s.DefaultListableBeanFactory - Creating shared instance of singleton bean 'auditListener'
2018-01-08 23:46:27 [main] DEBUG o.s.b.f.s.DefaultListableBeanFactory - Creating instance of bean 'auditListener'
2018-01-08 23:46:27 [main] DEBUG o.s.b.f.s.DefaultListableBeanFactory - Returning cached instance of singleton bean 'org.springframework.boot.actuate.autoconfigure.AuditAutoConfiguration'
2018-01-08 23:46:27 [main] DEBUG o.s.b.f.s.DefaultListableBeanFactory - Eagerly caching bean 'auditListener' to allow for resolving potential circular references
2018-01-08 23:46:27 [main] DEBUG o.s.b.f.s.DefaultListableBeanFactory - Returning cached instance of singleton bean 'org.springframework.transaction.config.internalTransactionAdvisor'
2018-01-08 23:46:27 [main] DEBUG o.s.b.f.s.DefaultListableBeanFactory - Finished creating instance of bean 'auditListener'
2018-01-08 23:46:27 [main] DEBUG o.s.b.f.s.DefaultListableBeanFactory - Returning cached instance of singleton bean 'org.springframework.boot.autoconfigure.jdbc.DataSourceConfiguration$Tomcat'
2018-01-08 23:46:27 [main] DEBUG o.s.b.f.s.DefaultListableBeanFactory - Returning cached instance of singleton bean 'dataSource'
2018-01-08 23:46:27 [main] DEBUG o.s.b.f.s.DefaultListableBeanFactory - Creating shared instance of singleton bean 'org.springframework.boot.autoconfigure.jdbc.DataSourceAutoConfiguration$PooledDataSourceConfiguration'
2018-01-08 23:46:27 [main] DEBUG o.s.b.f.s.DefaultListableBeanFactory - Creating instance of bean 'org.springframework.boot.autoconfigure.jdbc.DataSourceAutoConfiguration$PooledDataSourceConfiguration'
2018-01-08 23:46:27 [main] DEBUG o.s.b.f.s.DefaultListableBeanFactory - Eagerly caching bean 'org.springframework.boot.autoconfigure.jdbc.DataSourceAutoConfiguration$PooledDataSourceConfiguration' to allow for resolving potential circular references
2018-01-08 23:46:27 [main] DEBUG o.s.b.f.s.DefaultListableBeanFactory - Returning cached instance of singleton bean 'org.springframework.transaction.config.internalTransactionAdvisor'
2018-01-08 23:46:27 [main] DEBUG o.s.b.f.s.DefaultListableBeanFactory - Finished creating instance of bean 'org.springframework.boot.autoconfigure.jdbc.DataSourceAutoConfiguration$PooledDataSourceConfiguration'
2018-01-08 23:46:27 [main] DEBUG o.s.b.f.s.DefaultListableBeanFactory - Creating shared instance of singleton bean 'org.springframework.boot.autoconfigure.jdbc.metadata.DataSourcePoolMetadataProvidersConfiguration$TomcatDataSourcePoolMetadataProviderConfiguration'
2018-01-08 23:46:27 [main] DEBUG o.s.b.f.s.DefaultListableBeanFactory - Creating instance of bean 'org.springframework.boot.autoconfigure.jdbc.metadata.DataSourcePoolMetadataProvidersConfiguration$TomcatDataSourcePoolMetadataProviderConfiguration'
2018-01-08 23:46:27 [main] DEBUG o.s.b.f.s.DefaultListableBeanFactory - Eagerly caching bean 'org.springframework.boot.autoconfigure.jdbc.metadata.DataSourcePoolMetadataProvidersConfiguration$TomcatDataSourcePoolMetadataProviderConfiguration' to allow for resolving potential circular references
2018-01-08 23:46:27 [main] DEBUG o.s.b.f.s.DefaultListableBeanFactory - Returning cached instance of singleton bean 'org.springframework.transaction.config.internalTransactionAdvisor'
2018-01-08 23:46:27 [main] DEBUG o.s.b.f.s.DefaultListableBeanFactory - Finished creating instance of bean 'org.springframework.boot.autoconfigure.jdbc.metadata.DataSourcePoolMetadataProvidersConfiguration$TomcatDataSourcePoolMetadataProviderConfiguration'
2018-01-08 23:46:27 [main] DEBUG o.s.b.f.s.DefaultListableBeanFactory - Creating shared instance of singleton bean 'tomcatPoolDataSourceMetadataProvider'
2018-01-08 23:46:27 [main] DEBUG o.s.b.f.s.DefaultListableBeanFactory - Creating instance of bean 'tomcatPoolDataSourceMetadataProvider'
2018-01-08 23:46:27 [main] DEBUG o.s.b.f.s.DefaultListableBeanFactory - Returning cached instance of singleton bean 'org.springframework.boot.autoconfigure.jdbc.metadata.DataSourcePoolMetadataProvidersConfiguration$TomcatDataSourcePoolMetadataProviderConfiguration'
2018-01-08 23:46:28 [main] DEBUG o.s.b.f.s.DefaultListableBeanFactory - Eagerly caching bean 'tomcatPoolDataSourceMetadataProvider' to allow for resolving potential circular references
2018-01-08 23:46:28 [main] DEBUG o.s.b.f.s.DefaultListableBeanFactory - Returning cached instance of singleton bean 'org.springframework.transaction.config.internalTransactionAdvisor'
2018-01-08 23:46:28 [main] DEBUG o.s.b.f.s.DefaultListableBeanFactory - Finished creating instance of bean 'tomcatPoolDataSourceMetadataProvider'
2018-01-08 23:46:28 [main] DEBUG o.s.b.f.s.DefaultListableBeanFactory - Creating shared instance of singleton bean 'org.springframework.boot.autoconfigure.jdbc.metadata.DataSourcePoolMetadataProvidersConfiguration'
2018-01-08 23:46:28 [main] DEBUG o.s.b.f.s.DefaultListableBeanFactory - Creating instance of bean 'org.springframework.boot.autoconfigure.jdbc.metadata.DataSourcePoolMetadataProvidersConfiguration'
2018-01-08 23:46:28 [main] DEBUG o.s.b.f.s.DefaultListableBeanFactory - Eagerly caching bean 'org.springframework.boot.autoconfigure.jdbc.metadata.DataSourcePoolMetadataProvidersConfiguration' to allow for resolving potential circular references
2018-01-08 23:46:28 [main] DEBUG o.s.b.f.s.DefaultListableBeanFactory - Returning cached instance of singleton bean 'org.springframework.transaction.config.internalTransactionAdvisor'
2018-01-08 23:46:28 [main] DEBUG o.s.b.f.s.DefaultListableBeanFactory - Finished creating instance of bean 'org.springframework.boot.autoconfigure.jdbc.metadata.DataSourcePoolMetadataProvidersConfiguration'
2018-01-08 23:46:28 [main] DEBUG o.s.b.f.s.DefaultListableBeanFactory - Returning cached instance of singleton bean 'org.springframework.boot.autoconfigure.jdbc.DataSourceAutoConfiguration'
2018-01-08 23:46:28 [main] DEBUG o.s.b.f.s.DefaultListableBeanFactory - Returning cached instance of singleton bean 'dataSourceInitializer'
2018-01-08 23:46:28 [main] DEBUG o.s.b.f.s.DefaultListableBeanFactory - Returning cached instance of singleton bean 'spring.datasource-org.springframework.boot.autoconfigure.jdbc.DataSourceProperties'
2018-01-08 23:46:28 [main] DEBUG o.s.b.f.s.DefaultListableBeanFactory - Returning cached instance of singleton bean 'dataSourceInitializerPostProcessor'
2018-01-08 23:46:28 [main] DEBUG o.s.b.f.s.DefaultListableBeanFactory - Creating shared instance of singleton bean 'org.springframework.boot.autoconfigure.info.ProjectInfoAutoConfiguration'
2018-01-08 23:46:28 [main] DEBUG o.s.b.f.s.DefaultListableBeanFactory - Creating instance of bean 'org.springframework.boot.autoconfigure.info.ProjectInfoAutoConfiguration'
2018-01-08 23:46:28 [main] DEBUG o.s.c.LocalVariableTableParameterNameDiscoverer - Cannot find '.class' file for class [class org.springframework.boot.autoconfigure.info.ProjectInfoAutoConfiguration$$EnhancerBySpringCGLIB$$c397059c] - unable to determine constructor/method parameter names
2018-01-08 23:46:28 [main] DEBUG o.s.b.f.s.DefaultListableBeanFactory - Creating shared instance of singleton bean 'spring.info-org.springframework.boot.autoconfigure.info.ProjectInfoProperties'
2018-01-08 23:46:28 [main] DEBUG o.s.b.f.s.DefaultListableBeanFactory - Creating instance of bean 'spring.info-org.springframework.boot.autoconfigure.info.ProjectInfoProperties'
2018-01-08 23:46:28 [main] DEBUG o.s.b.f.annotation.InjectionMetadata - Registered injected element on class [org.springframework.boot.autoconfigure.info.ProjectInfoProperties]: AutowiredMethodElement for void org.springframework.boot.autoconfigure.info.ProjectInfoProperties.setDefaultGitLocation(org.springframework.core.io.Resource)
2018-01-08 23:46:28 [main] DEBUG o.s.b.f.s.DefaultListableBeanFactory - Eagerly caching bean 'spring.info-org.springframework.boot.autoconfigure.info.ProjectInfoProperties' to allow for resolving potential circular references
2018-01-08 23:46:28 [main] DEBUG o.s.b.f.annotation.InjectionMetadata - Processing injected element of bean 'spring.info-org.springframework.boot.autoconfigure.info.ProjectInfoProperties': AutowiredMethodElement for void org.springframework.boot.autoconfigure.info.ProjectInfoProperties.setDefaultGitLocation(org.springframework.core.io.Resource)
2018-01-08 23:46:28 [main] DEBUG o.s.c.e.PropertySourcesPropertyResolver - Could not find key 'spring.git.properties:classpath:git.properties' in any property source
2018-01-08 23:46:28 [main] DEBUG o.s.c.e.PropertySourcesPropertyResolver - Could not find key 'spring.git.properties:classpath:git.properties' in any property source
2018-01-08 23:46:28 [main] DEBUG o.s.c.e.PropertySourcesPropertyResolver - Could not find key 'spring.git.properties' in any property source
2018-01-08 23:46:28 [main] DEBUG o.s.c.e.PropertySourcesPropertyResolver - Could not find key 'spring.git.properties' in any property source
2018-01-08 23:46:28 [main] DEBUG o.s.core.env.MutablePropertySources - Adding [decrypted] PropertySource with lowest search precedence
2018-01-08 23:46:28 [main] DEBUG o.s.core.env.MutablePropertySources - Adding [Inlined Test Properties] PropertySource with lowest search precedence
2018-01-08 23:46:28 [main] DEBUG o.s.core.env.MutablePropertySources - Adding [systemProperties] PropertySource with lowest search precedence
2018-01-08 23:46:28 [main] DEBUG o.s.core.env.MutablePropertySources - Adding [systemEnvironment] PropertySource with lowest search precedence
2018-01-08 23:46:28 [main] DEBUG o.s.core.env.MutablePropertySources - Adding [random] PropertySource with lowest search precedence
2018-01-08 23:46:28 [main] DEBUG o.s.core.env.MutablePropertySources - Adding [configServerClient] PropertySource with lowest search precedence
2018-01-08 23:46:28 [main] DEBUG o.s.core.env.MutablePropertySources - Adding [applicationConfig: [classpath:/application.yml]] PropertySource with lowest search precedence
2018-01-08 23:46:28 [main] DEBUG o.s.core.env.MutablePropertySources - Adding [springCloudClientHostInfo] PropertySource with lowest search precedence
2018-01-08 23:46:28 [main] DEBUG o.s.core.env.MutablePropertySources - Adding [defaultProperties] PropertySource with lowest search precedence
2018-01-08 23:46:28 [main] DEBUG o.s.core.env.MutablePropertySources - Adding [localProperties] PropertySource with lowest search precedence
2018-01-08 23:46:28 [main] DEBUG o.s.b.f.s.DefaultListableBeanFactory - Returning cached instance of singleton bean 'org.springframework.transaction.config.internalTransactionAdvisor'
2018-01-08 23:46:28 [main] DEBUG o.s.b.f.s.DefaultListableBeanFactory - Finished creating instance of bean 'spring.info-org.springframework.boot.autoconfigure.info.ProjectInfoProperties'
2018-01-08 23:46:28 [main] DEBUG o.s.b.f.s.DefaultListableBeanFactory - Autowiring by type from bean name 'org.springframework.boot.autoconfigure.info.ProjectInfoAutoConfiguration' via constructor to bean named 'spring.info-org.springframework.boot.autoconfigure.info.ProjectInfoProperties'
2018-01-08 23:46:28 [main] DEBUG o.s.b.f.s.DefaultListableBeanFactory - Eagerly caching bean 'org.springframework.boot.autoconfigure.info.ProjectInfoAutoConfiguration' to allow for resolving potential circular references
2018-01-08 23:46:28 [main] DEBUG o.s.b.f.s.DefaultListableBeanFactory - Returning cached instance of singleton bean 'org.springframework.transaction.config.internalTransactionAdvisor'
2018-01-08 23:46:28 [main] DEBUG o.s.b.f.s.DefaultListableBeanFactory - Finished creating instance of bean 'org.springframework.boot.autoconfigure.info.ProjectInfoAutoConfiguration'
2018-01-08 23:46:28 [main] DEBUG o.s.b.f.s.DefaultListableBeanFactory - Returning cached instance of singleton bean 'spring.info-org.springframework.boot.autoconfigure.info.ProjectInfoProperties'
2018-01-08 23:46:28 [main] DEBUG o.s.b.f.s.DefaultListableBeanFactory - Creating shared instance of singleton bean 'org.springframework.boot.actuate.autoconfigure.InfoContributorAutoConfiguration'
2018-01-08 23:46:28 [main] DEBUG o.s.b.f.s.DefaultListableBeanFactory - Creating instance of bean 'org.springframework.boot.actuate.autoconfigure.InfoContributorAutoConfiguration'
2018-01-08 23:46:28 [main] DEBUG o.s.c.LocalVariableTableParameterNameDiscoverer - Cannot find '.class' file for class [class org.springframework.boot.actuate.autoconfigure.InfoContributorAutoConfiguration$$EnhancerBySpringCGLIB$$3103c32d] - unable to determine constructor/method parameter names
2018-01-08 23:46:28 [main] DEBUG o.s.b.f.s.DefaultListableBeanFactory - Creating shared instance of singleton bean 'management.info-org.springframework.boot.actuate.autoconfigure.InfoContributorProperties'
2018-01-08 23:46:28 [main] DEBUG o.s.b.f.s.DefaultListableBeanFactory - Creating instance of bean 'management.info-org.springframework.boot.actuate.autoconfigure.InfoContributorProperties'
2018-01-08 23:46:28 [main] DEBUG o.s.b.f.s.DefaultListableBeanFactory - Eagerly caching bean 'management.info-org.springframework.boot.actuate.autoconfigure.InfoContributorProperties' to allow for resolving potential circular references
2018-01-08 23:46:28 [main] DEBUG o.s.core.env.MutablePropertySources - Adding [decrypted] PropertySource with lowest search precedence
2018-01-08 23:46:28 [main] DEBUG o.s.core.env.MutablePropertySources - Adding [Inlined Test Properties] PropertySource with lowest search precedence
2018-01-08 23:46:28 [main] DEBUG o.s.core.env.MutablePropertySources - Adding [systemProperties] PropertySource with lowest search precedence
2018-01-08 23:46:28 [main] DEBUG o.s.core.env.MutablePropertySources - Adding [systemEnvironment] PropertySource with lowest search precedence
2018-01-08 23:46:28 [main] DEBUG o.s.core.env.MutablePropertySources - Adding [random] PropertySource with lowest search precedence
2018-01-08 23:46:28 [main] DEBUG o.s.core.env.MutablePropertySources - Adding [configServerClient] PropertySource with lowest search precedence
2018-01-08 23:46:28 [main] DEBUG o.s.core.env.MutablePropertySources - Adding [applicationConfig: [classpath:/application.yml]] PropertySource with lowest search precedence
2018-01-08 23:46:28 [main] DEBUG o.s.core.env.MutablePropertySources - Adding [springCloudClientHostInfo] PropertySource with lowest search precedence
2018-01-08 23:46:28 [main] DEBUG o.s.core.env.MutablePropertySources - Adding [defaultProperties] PropertySource with lowest search precedence
2018-01-08 23:46:28 [main] DEBUG o.s.core.env.MutablePropertySources - Adding [localProperties] PropertySource with lowest search precedence
2018-01-08 23:46:28 [main] DEBUG o.s.b.f.s.DefaultListableBeanFactory - Returning cached instance of singleton bean 'org.springframework.transaction.config.internalTransactionAdvisor'
2018-01-08 23:46:28 [main] DEBUG o.s.b.f.s.DefaultListableBeanFactory - Finished creating instance of bean 'management.info-org.springframework.boot.actuate.autoconfigure.InfoContributorProperties'
2018-01-08 23:46:28 [main] DEBUG o.s.b.f.s.DefaultListableBeanFactory - Autowiring by type from bean name 'org.springframework.boot.actuate.autoconfigure.InfoContributorAutoConfiguration' via constructor to bean named 'management.info-org.springframework.boot.actuate.autoconfigure.InfoContributorProperties'
2018-01-08 23:46:28 [main] DEBUG o.s.b.f.s.DefaultListableBeanFactory - Eagerly caching bean 'org.springframework.boot.actuate.autoconfigure.InfoContributorAutoConfiguration' to allow for resolving potential circular references
2018-01-08 23:46:28 [main] DEBUG o.s.b.f.s.DefaultListableBeanFactory - Returning cached instance of singleton bean 'org.springframework.transaction.config.internalTransactionAdvisor'
2018-01-08 23:46:28 [main] DEBUG o.s.b.f.s.DefaultListableBeanFactory - Finished creating instance of bean 'org.springframework.boot.actuate.autoconfigure.InfoContributorAutoConfiguration'
2018-01-08 23:46:28 [main] DEBUG o.s.b.f.s.DefaultListableBeanFactory - Creating shared instance of singleton bean 'envInfoContributor'
2018-01-08 23:46:28 [main] DEBUG o.s.b.f.s.DefaultListableBeanFactory - Creating instance of bean 'envInfoContributor'
2018-01-08 23:46:28 [main] DEBUG o.s.b.f.s.DefaultListableBeanFactory - Returning cached instance of singleton bean 'org.springframework.boot.actuate.autoconfigure.InfoContributorAutoConfiguration'
2018-01-08 23:46:28 [main] DEBUG o.s.b.f.s.DefaultListableBeanFactory - Returning cached instance of singleton bean 'environment'
2018-01-08 23:46:28 [main] DEBUG o.s.b.f.s.DefaultListableBeanFactory - Autowiring by type from bean name 'envInfoContributor' via factory method to bean named 'environment'
2018-01-08 23:46:28 [main] DEBUG o.s.b.f.s.DefaultListableBeanFactory - Eagerly caching bean 'envInfoContributor' to allow for resolving potential circular references
2018-01-08 23:46:28 [main] DEBUG o.s.b.f.s.DefaultListableBeanFactory - Returning cached instance of singleton bean 'org.springframework.transaction.config.internalTransactionAdvisor'
2018-01-08 23:46:28 [main] DEBUG o.s.b.f.s.DefaultListableBeanFactory - Finished creating instance of bean 'envInfoContributor'
2018-01-08 23:46:28 [main] DEBUG o.s.b.f.s.DefaultListableBeanFactory - Returning cached instance of singleton bean 'management.info-org.springframework.boot.actuate.autoconfigure.InfoContributorProperties'
2018-01-08 23:46:28 [main] DEBUG o.s.b.f.s.DefaultListableBeanFactory - Creating shared instance of singleton bean 'org.springframework.boot.actuate.autoconfigure.HealthIndicatorAutoConfiguration$DiskSpaceHealthIndicatorConfiguration'
2018-01-08 23:46:28 [main] DEBUG o.s.b.f.s.DefaultListableBeanFactory - Creating instance of bean 'org.springframework.boot.actuate.autoconfigure.HealthIndicatorAutoConfiguration$DiskSpaceHealthIndicatorConfiguration'
2018-01-08 23:46:28 [main] DEBUG o.s.b.f.s.DefaultListableBeanFactory - Eagerly caching bean 'org.springframework.boot.actuate.autoconfigure.HealthIndicatorAutoConfiguration$DiskSpaceHealthIndicatorConfiguration' to allow for resolving potential circular references
2018-01-08 23:46:28 [main] DEBUG o.s.b.f.s.DefaultListableBeanFactory - Returning cached instance of singleton bean 'org.springframework.transaction.config.internalTransactionAdvisor'
2018-01-08 23:46:28 [main] DEBUG o.s.b.f.s.DefaultListableBeanFactory - Finished creating instance of bean 'org.springframework.boot.actuate.autoconfigure.HealthIndicatorAutoConfiguration$DiskSpaceHealthIndicatorConfiguration'
2018-01-08 23:46:28 [main] DEBUG o.s.b.f.s.DefaultListableBeanFactory - Creating shared instance of singleton bean 'diskSpaceHealthIndicator'
2018-01-08 23:46:28 [main] DEBUG o.s.b.f.s.DefaultListableBeanFactory - Creating instance of bean 'diskSpaceHealthIndicator'
2018-01-08 23:46:28 [main] DEBUG o.s.b.f.s.DefaultListableBeanFactory - Returning cached instance of singleton bean 'org.springframework.boot.actuate.autoconfigure.HealthIndicatorAutoConfiguration$DiskSpaceHealthIndicatorConfiguration'
2018-01-08 23:46:28 [main] DEBUG o.s.b.f.s.DefaultListableBeanFactory - Creating shared instance of singleton bean 'diskSpaceHealthIndicatorProperties'
2018-01-08 23:46:28 [main] DEBUG o.s.b.f.s.DefaultListableBeanFactory - Creating instance of bean 'diskSpaceHealthIndicatorProperties'
2018-01-08 23:46:28 [main] DEBUG o.s.b.f.s.DefaultListableBeanFactory - Returning cached instance of singleton bean 'org.springframework.boot.actuate.autoconfigure.HealthIndicatorAutoConfiguration$DiskSpaceHealthIndicatorConfiguration'
2018-01-08 23:46:28 [main] DEBUG o.s.b.f.s.DefaultListableBeanFactory - Eagerly caching bean 'diskSpaceHealthIndicatorProperties' to allow for resolving potential circular references
2018-01-08 23:46:28 [main] DEBUG o.s.core.env.MutablePropertySources - Adding [decrypted] PropertySource with lowest search precedence
2018-01-08 23:46:28 [main] DEBUG o.s.core.env.MutablePropertySources - Adding [Inlined Test Properties] PropertySource with lowest search precedence
2018-01-08 23:46:28 [main] DEBUG o.s.core.env.MutablePropertySources - Adding [systemProperties] PropertySource with lowest search precedence
2018-01-08 23:46:28 [main] DEBUG o.s.core.env.MutablePropertySources - Adding [systemEnvironment] PropertySource with lowest search precedence
2018-01-08 23:46:28 [main] DEBUG o.s.core.env.MutablePropertySources - Adding [random] PropertySource with lowest search precedence
2018-01-08 23:46:28 [main] DEBUG o.s.core.env.MutablePropertySources - Adding [configServerClient] PropertySource with lowest search precedence
2018-01-08 23:46:28 [main] DEBUG o.s.core.env.MutablePropertySources - Adding [applicationConfig: [classpath:/application.yml]] PropertySource with lowest search precedence
2018-01-08 23:46:28 [main] DEBUG o.s.core.env.MutablePropertySources - Adding [springCloudClientHostInfo] PropertySource with lowest search precedence
2018-01-08 23:46:28 [main] DEBUG o.s.core.env.MutablePropertySources - Adding [defaultProperties] PropertySource with lowest search precedence
2018-01-08 23:46:28 [main] DEBUG o.s.core.env.MutablePropertySources - Adding [localProperties] PropertySource with lowest search precedence
2018-01-08 23:46:28 [main] DEBUG o.s.b.f.s.DefaultListableBeanFactory - Returning cached instance of singleton bean 'org.springframework.transaction.config.internalTransactionAdvisor'
2018-01-08 23:46:28 [main] DEBUG o.s.b.f.s.DefaultListableBeanFactory - Finished creating instance of bean 'diskSpaceHealthIndicatorProperties'
2018-01-08 23:46:28 [main] DEBUG o.s.b.f.s.DefaultListableBeanFactory - Autowiring by type from bean name 'diskSpaceHealthIndicator' via factory method to bean named 'diskSpaceHealthIndicatorProperties'
2018-01-08 23:46:28 [main] DEBUG o.s.b.f.s.DefaultListableBeanFactory - Eagerly caching bean 'diskSpaceHealthIndicator' to allow for resolving potential circular references
2018-01-08 23:46:28 [main] DEBUG o.s.b.f.s.DefaultListableBeanFactory - Returning cached instance of singleton bean 'org.springframework.transaction.config.internalTransactionAdvisor'
2018-01-08 23:46:28 [main] DEBUG o.s.b.f.s.DefaultListableBeanFactory - Finished creating instance of bean 'diskSpaceHealthIndicator'
2018-01-08 23:46:28 [main] DEBUG o.s.b.f.s.DefaultListableBeanFactory - Returning cached instance of singleton bean 'diskSpaceHealthIndicatorProperties'
2018-01-08 23:46:28 [main] DEBUG o.s.b.f.s.DefaultListableBeanFactory - Creating shared instance of singleton bean 'org.springframework.boot.actuate.autoconfigure.HealthIndicatorAutoConfiguration$DataSourcesHealthIndicatorConfiguration'
2018-01-08 23:46:28 [main] DEBUG o.s.b.f.s.DefaultListableBeanFactory - Creating instance of bean 'org.springframework.boot.actuate.autoconfigure.HealthIndicatorAutoConfiguration$DataSourcesHealthIndicatorConfiguration'
2018-01-08 23:46:28 [main] DEBUG o.s.c.LocalVariableTableParameterNameDiscoverer - Cannot find '.class' file for class [class org.springframework.boot.actuate.autoconfigure.HealthIndicatorAutoConfiguration$DataSourcesHealthIndicatorConfiguration$$EnhancerBySpringCGLIB$$c08952b4] - unable to determine constructor/method parameter names
2018-01-08 23:46:28 [main] DEBUG o.s.b.f.s.DefaultListableBeanFactory - Returning cached instance of singleton bean 'dataSource'
2018-01-08 23:46:28 [main] DEBUG o.s.b.f.s.DefaultListableBeanFactory - Returning cached instance of singleton bean 'tomcatPoolDataSourceMetadataProvider'
2018-01-08 23:46:28 [main] DEBUG o.s.b.f.annotation.InjectionMetadata - Registered injected element on class [org.springframework.boot.actuate.autoconfigure.HealthIndicatorAutoConfiguration$DataSourcesHealthIndicatorConfiguration$$EnhancerBySpringCGLIB$$c08952b4]: AutowiredFieldElement for private org.springframework.boot.actuate.health.HealthAggregator org.springframework.boot.actuate.autoconfigure.CompositeHealthIndicatorConfiguration.healthAggregator
2018-01-08 23:46:28 [main] DEBUG o.s.b.f.s.DefaultListableBeanFactory - Eagerly caching bean 'org.springframework.boot.actuate.autoconfigure.HealthIndicatorAutoConfiguration$DataSourcesHealthIndicatorConfiguration' to allow for resolving potential circular references
2018-01-08 23:46:28 [main] DEBUG o.s.b.f.annotation.InjectionMetadata - Processing injected element of bean 'org.springframework.boot.actuate.autoconfigure.HealthIndicatorAutoConfiguration$DataSourcesHealthIndicatorConfiguration': AutowiredFieldElement for private org.springframework.boot.actuate.health.HealthAggregator org.springframework.boot.actuate.autoconfigure.CompositeHealthIndicatorConfiguration.healthAggregator
2018-01-08 23:46:28 [main] DEBUG o.s.b.f.s.DefaultListableBeanFactory - Creating shared instance of singleton bean 'healthAggregator'
2018-01-08 23:46:28 [main] DEBUG o.s.b.f.s.DefaultListableBeanFactory - Creating instance of bean 'healthAggregator'
2018-01-08 23:46:28 [main] DEBUG o.s.b.f.s.DefaultListableBeanFactory - Creating shared instance of singleton bean 'org.springframework.boot.actuate.autoconfigure.HealthIndicatorAutoConfiguration'
2018-01-08 23:46:28 [main] DEBUG o.s.b.f.s.DefaultListableBeanFactory - Creating instance of bean 'org.springframework.boot.actuate.autoconfigure.HealthIndicatorAutoConfiguration'
2018-01-08 23:46:28 [main] DEBUG o.s.c.LocalVariableTableParameterNameDiscoverer - Cannot find '.class' file for class [class org.springframework.boot.actuate.autoconfigure.HealthIndicatorAutoConfiguration$$EnhancerBySpringCGLIB$$465b1d67] - unable to determine constructor/method parameter names
2018-01-08 23:46:28 [main] DEBUG o.s.b.f.s.DefaultListableBeanFactory - Creating shared instance of singleton bean 'management.health.status-org.springframework.boot.actuate.autoconfigure.HealthIndicatorProperties'
2018-01-08 23:46:28 [main] DEBUG o.s.b.f.s.DefaultListableBeanFactory - Creating instance of bean 'management.health.status-org.springframework.boot.actuate.autoconfigure.HealthIndicatorProperties'
2018-01-08 23:46:28 [main] DEBUG o.s.b.f.s.DefaultListableBeanFactory - Eagerly caching bean 'management.health.status-org.springframework.boot.actuate.autoconfigure.HealthIndicatorProperties' to allow for resolving potential circular references
2018-01-08 23:46:28 [main] DEBUG o.s.core.env.MutablePropertySources - Adding [decrypted] PropertySource with lowest search precedence
2018-01-08 23:46:28 [main] DEBUG o.s.core.env.MutablePropertySources - Adding [Inlined Test Properties] PropertySource with lowest search precedence
2018-01-08 23:46:28 [main] DEBUG o.s.core.env.MutablePropertySources - Adding [systemProperties] PropertySource with lowest search precedence
2018-01-08 23:46:28 [main] DEBUG o.s.core.env.MutablePropertySources - Adding [systemEnvironment] PropertySource with lowest search precedence
2018-01-08 23:46:28 [main] DEBUG o.s.core.env.MutablePropertySources - Adding [random] PropertySource with lowest search precedence
2018-01-08 23:46:28 [main] DEBUG o.s.core.env.MutablePropertySources - Adding [configServerClient] PropertySource with lowest search precedence
2018-01-08 23:46:28 [main] DEBUG o.s.core.env.MutablePropertySources - Adding [applicationConfig: [classpath:/application.yml]] PropertySource with lowest search precedence
2018-01-08 23:46:28 [main] DEBUG o.s.core.env.MutablePropertySources - Adding [springCloudClientHostInfo] PropertySource with lowest search precedence
2018-01-08 23:46:28 [main] DEBUG o.s.core.env.MutablePropertySources - Adding [defaultProperties] PropertySource with lowest search precedence
2018-01-08 23:46:28 [main] DEBUG o.s.core.env.MutablePropertySources - Adding [localProperties] PropertySource with lowest search precedence
2018-01-08 23:46:28 [main] DEBUG o.s.b.f.s.DefaultListableBeanFactory - Returning cached instance of singleton bean 'org.springframework.transaction.config.internalTransactionAdvisor'
2018-01-08 23:46:28 [main] DEBUG o.s.b.f.s.DefaultListableBeanFactory - Finished creating instance of bean 'management.health.status-org.springframework.boot.actuate.autoconfigure.HealthIndicatorProperties'
2018-01-08 23:46:28 [main] DEBUG o.s.b.f.s.DefaultListableBeanFactory - Autowiring by type from bean name 'org.springframework.boot.actuate.autoconfigure.HealthIndicatorAutoConfiguration' via constructor to bean named 'management.health.status-org.springframework.boot.actuate.autoconfigure.HealthIndicatorProperties'
2018-01-08 23:46:28 [main] DEBUG o.s.b.f.s.DefaultListableBeanFactory - Eagerly caching bean 'org.springframework.boot.actuate.autoconfigure.HealthIndicatorAutoConfiguration' to allow for resolving potential circular references
2018-01-08 23:46:28 [main] DEBUG o.s.b.f.s.DefaultListableBeanFactory - Returning cached instance of singleton bean 'org.springframework.transaction.config.internalTransactionAdvisor'
2018-01-08 23:46:28 [main] DEBUG o.s.b.f.s.DefaultListableBeanFactory - Finished creating instance of bean 'org.springframework.boot.actuate.autoconfigure.HealthIndicatorAutoConfiguration'
2018-01-08 23:46:28 [main] DEBUG o.s.b.f.s.DefaultListableBeanFactory - Eagerly caching bean 'healthAggregator' to allow for resolving potential circular references
2018-01-08 23:46:28 [main] DEBUG o.s.b.f.s.DefaultListableBeanFactory - Returning cached instance of singleton bean 'org.springframework.transaction.config.internalTransactionAdvisor'
2018-01-08 23:46:28 [main] DEBUG o.s.b.f.s.DefaultListableBeanFactory - Finished creating instance of bean 'healthAggregator'
2018-01-08 23:46:28 [main] DEBUG o.s.b.f.a.AutowiredAnnotationBeanPostProcessor - Autowiring by type from bean name 'org.springframework.boot.actuate.autoconfigure.HealthIndicatorAutoConfiguration$DataSourcesHealthIndicatorConfiguration' to bean named 'healthAggregator'
2018-01-08 23:46:28 [main] DEBUG o.s.b.f.s.DefaultListableBeanFactory - Invoking afterPropertiesSet() on bean with name 'org.springframework.boot.actuate.autoconfigure.HealthIndicatorAutoConfiguration$DataSourcesHealthIndicatorConfiguration'
2018-01-08 23:46:28 [main] DEBUG o.s.b.f.s.DefaultListableBeanFactory - Returning cached instance of singleton bean 'org.springframework.transaction.config.internalTransactionAdvisor'
2018-01-08 23:46:28 [main] DEBUG o.s.b.f.s.DefaultListableBeanFactory - Finished creating instance of bean 'org.springframework.boot.actuate.autoconfigure.HealthIndicatorAutoConfiguration$DataSourcesHealthIndicatorConfiguration'
2018-01-08 23:46:28 [main] DEBUG o.s.b.f.s.DefaultListableBeanFactory - Creating shared instance of singleton bean 'dbHealthIndicator'
2018-01-08 23:46:28 [main] DEBUG o.s.b.f.s.DefaultListableBeanFactory - Creating instance of bean 'dbHealthIndicator'
2018-01-08 23:46:28 [main] DEBUG o.s.b.f.s.DefaultListableBeanFactory - Returning cached instance of singleton bean 'org.springframework.boot.actuate.autoconfigure.HealthIndicatorAutoConfiguration$DataSourcesHealthIndicatorConfiguration'
2018-01-08 23:46:28 [main] DEBUG o.s.b.f.s.DefaultListableBeanFactory - Eagerly caching bean 'dbHealthIndicator' to allow for resolving potential circular references
2018-01-08 23:46:28 [main] DEBUG o.s.b.f.s.DefaultListableBeanFactory - Invoking afterPropertiesSet() on bean with name 'dbHealthIndicator'
2018-01-08 23:46:28 [main] DEBUG o.s.b.f.s.DefaultListableBeanFactory - Returning cached instance of singleton bean 'org.springframework.transaction.config.internalTransactionAdvisor'
2018-01-08 23:46:28 [main] DEBUG o.s.b.f.s.DefaultListableBeanFactory - Finished creating instance of bean 'dbHealthIndicator'
2018-01-08 23:46:28 [main] DEBUG o.s.b.f.s.DefaultListableBeanFactory - Returning cached instance of singleton bean 'org.springframework.boot.actuate.autoconfigure.HealthIndicatorAutoConfiguration'
2018-01-08 23:46:28 [main] DEBUG o.s.b.f.s.DefaultListableBeanFactory - Returning cached instance of singleton bean 'healthAggregator'
2018-01-08 23:46:28 [main] DEBUG o.s.b.f.s.DefaultListableBeanFactory - Returning cached instance of singleton bean 'management.health.status-org.springframework.boot.actuate.autoconfigure.HealthIndicatorProperties'
2018-01-08 23:46:28 [main] DEBUG o.s.b.f.s.DefaultListableBeanFactory - Returning cached instance of singleton bean 'org.springframework.boot.actuate.autoconfigure.MetricRepositoryAutoConfiguration$FastMetricServicesConfiguration'
2018-01-08 23:46:28 [main] DEBUG o.s.b.f.s.DefaultListableBeanFactory - Returning cached instance of singleton bean 'counterBuffers'
2018-01-08 23:46:28 [main] DEBUG o.s.b.f.s.DefaultListableBeanFactory - Returning cached instance of singleton bean 'gaugeBuffers'
2018-01-08 23:46:28 [main] DEBUG o.s.b.f.s.DefaultListableBeanFactory - Creating shared instance of singleton bean 'actuatorMetricReader'
2018-01-08 23:46:28 [main] DEBUG o.s.b.f.s.DefaultListableBeanFactory - Creating instance of bean 'actuatorMetricReader'
2018-01-08 23:46:28 [main] DEBUG o.s.b.f.s.DefaultListableBeanFactory - Returning cached instance of singleton bean 'org.springframework.boot.actuate.autoconfigure.MetricRepositoryAutoConfiguration$FastMetricServicesConfiguration'
2018-01-08 23:46:28 [main] DEBUG o.s.b.f.s.DefaultListableBeanFactory - Returning cached instance of singleton bean 'counterBuffers'
2018-01-08 23:46:28 [main] DEBUG o.s.b.f.s.DefaultListableBeanFactory - Returning cached instance of singleton bean 'gaugeBuffers'
2018-01-08 23:46:28 [main] DEBUG o.s.b.f.s.DefaultListableBeanFactory - Autowiring by type from bean name 'actuatorMetricReader' via factory method to bean named 'counterBuffers'
2018-01-08 23:46:28 [main] DEBUG o.s.b.f.s.DefaultListableBeanFactory - Autowiring by type from bean name 'actuatorMetricReader' via factory method to bean named 'gaugeBuffers'
2018-01-08 23:46:28 [main] DEBUG o.s.b.f.s.DefaultListableBeanFactory - Eagerly caching bean 'actuatorMetricReader' to allow for resolving potential circular references
2018-01-08 23:46:28 [main] DEBUG o.s.b.f.s.DefaultListableBeanFactory - Returning cached instance of singleton bean 'org.springframework.transaction.config.internalTransactionAdvisor'
2018-01-08 23:46:28 [main] DEBUG o.s.b.f.s.DefaultListableBeanFactory - Finished creating instance of bean 'actuatorMetricReader'
2018-01-08 23:46:28 [main] DEBUG o.s.b.f.s.DefaultListableBeanFactory - Returning cached instance of singleton bean 'counterService'
2018-01-08 23:46:28 [main] DEBUG o.s.b.f.s.DefaultListableBeanFactory - Returning cached instance of singleton bean 'gaugeService'
2018-01-08 23:46:28 [main] DEBUG o.s.b.f.s.DefaultListableBeanFactory - Creating shared instance of singleton bean 'org.springframework.boot.actuate.autoconfigure.MetricRepositoryAutoConfiguration'
2018-01-08 23:46:28 [main] DEBUG o.s.b.f.s.DefaultListableBeanFactory - Creating instance of bean 'org.springframework.boot.actuate.autoconfigure.MetricRepositoryAutoConfiguration'
2018-01-08 23:46:28 [main] DEBUG o.s.b.f.s.DefaultListableBeanFactory - Eagerly caching bean 'org.springframework.boot.actuate.autoconfigure.MetricRepositoryAutoConfiguration' to allow for resolving potential circular references
2018-01-08 23:46:28 [main] DEBUG o.s.b.f.s.DefaultListableBeanFactory - Returning cached instance of singleton bean 'org.springframework.transaction.config.internalTransactionAdvisor'
2018-01-08 23:46:28 [main] DEBUG o.s.b.f.s.DefaultListableBeanFactory - Finished creating instance of bean 'org.springframework.boot.actuate.autoconfigure.MetricRepositoryAutoConfiguration'
2018-01-08 23:46:28 [main] DEBUG o.s.b.f.s.DefaultListableBeanFactory - Creating shared instance of singleton bean 'org.springframework.boot.actuate.autoconfigure.PublicMetricsAutoConfiguration$TomcatMetricsConfiguration'
2018-01-08 23:46:28 [main] DEBUG o.s.b.f.s.DefaultListableBeanFactory - Creating instance of bean 'org.springframework.boot.actuate.autoconfigure.PublicMetricsAutoConfiguration$TomcatMetricsConfiguration'
2018-01-08 23:46:28 [main] DEBUG o.s.b.f.s.DefaultListableBeanFactory - Eagerly caching bean 'org.springframework.boot.actuate.autoconfigure.PublicMetricsAutoConfiguration$TomcatMetricsConfiguration' to allow for resolving potential circular references
2018-01-08 23:46:28 [main] DEBUG o.s.b.f.s.DefaultListableBeanFactory - Returning cached instance of singleton bean 'org.springframework.transaction.config.internalTransactionAdvisor'
2018-01-08 23:46:28 [main] DEBUG o.s.b.f.s.DefaultListableBeanFactory - Finished creating instance of bean 'org.springframework.boot.actuate.autoconfigure.PublicMetricsAutoConfiguration$TomcatMetricsConfiguration'
2018-01-08 23:46:28 [main] DEBUG o.s.b.f.s.DefaultListableBeanFactory - Creating shared instance of singleton bean 'tomcatPublicMetrics'
2018-01-08 23:46:28 [main] DEBUG o.s.b.f.s.DefaultListableBeanFactory - Creating instance of bean 'tomcatPublicMetrics'
2018-01-08 23:46:28 [main] DEBUG o.s.b.f.s.DefaultListableBeanFactory - Returning cached instance of singleton bean 'org.springframework.boot.actuate.autoconfigure.PublicMetricsAutoConfiguration$TomcatMetricsConfiguration'
2018-01-08 23:46:28 [main] DEBUG o.s.b.f.s.DefaultListableBeanFactory - Eagerly caching bean 'tomcatPublicMetrics' to allow for resolving potential circular references
2018-01-08 23:46:28 [main] DEBUG o.s.b.f.s.DefaultListableBeanFactory - Returning cached instance of singleton bean 'org.springframework.transaction.config.internalTransactionAdvisor'
2018-01-08 23:46:28 [main] DEBUG o.s.b.f.s.DefaultListableBeanFactory - Finished creating instance of bean 'tomcatPublicMetrics'
2018-01-08 23:46:28 [main] DEBUG o.s.b.f.s.DefaultListableBeanFactory - Creating shared instance of singleton bean 'org.springframework.boot.actuate.autoconfigure.PublicMetricsAutoConfiguration$DataSourceMetricsConfiguration'
2018-01-08 23:46:28 [main] DEBUG o.s.b.f.s.DefaultListableBeanFactory - Creating instance of bean 'org.springframework.boot.actuate.autoconfigure.PublicMetricsAutoConfiguration$DataSourceMetricsConfiguration'
2018-01-08 23:46:28 [main] DEBUG o.s.b.f.s.DefaultListableBeanFactory - Eagerly caching bean 'org.springframework.boot.actuate.autoconfigure.PublicMetricsAutoConfiguration$DataSourceMetricsConfiguration' to allow for resolving potential circular references
2018-01-08 23:46:28 [main] DEBUG o.s.b.f.s.DefaultListableBeanFactory - Returning cached instance of singleton bean 'org.springframework.transaction.config.internalTransactionAdvisor'
2018-01-08 23:46:28 [main] DEBUG o.s.b.f.s.DefaultListableBeanFactory - Finished creating instance of bean 'org.springframework.boot.actuate.autoconfigure.PublicMetricsAutoConfiguration$DataSourceMetricsConfiguration'
2018-01-08 23:46:28 [main] DEBUG o.s.b.f.s.DefaultListableBeanFactory - Creating shared instance of singleton bean 'dataSourcePublicMetrics'
2018-01-08 23:46:28 [main] DEBUG o.s.b.f.s.DefaultListableBeanFactory - Creating instance of bean 'dataSourcePublicMetrics'
2018-01-08 23:46:28 [main] DEBUG o.s.b.f.s.DefaultListableBeanFactory - Returning cached instance of singleton bean 'org.springframework.boot.actuate.autoconfigure.PublicMetricsAutoConfiguration$DataSourceMetricsConfiguration'
2018-01-08 23:46:28 [main] DEBUG o.s.c.a.CommonAnnotationBeanPostProcessor - Found init method on class [org.springframework.boot.actuate.endpoint.DataSourcePublicMetrics]: public void org.springframework.boot.actuate.endpoint.DataSourcePublicMetrics.initialize()
2018-01-08 23:46:28 [main] DEBUG o.s.c.a.CommonAnnotationBeanPostProcessor - Registered init method on class [org.springframework.boot.actuate.endpoint.DataSourcePublicMetrics]: org.springframework.beans.factory.annotation.InitDestroyAnnotationBeanPostProcessor$LifecycleElement@33ebcb90
2018-01-08 23:46:28 [main] DEBUG o.s.b.f.annotation.InjectionMetadata - Registered injected element on class [org.springframework.boot.actuate.endpoint.DataSourcePublicMetrics]: AutowiredFieldElement for private org.springframework.context.ApplicationContext org.springframework.boot.actuate.endpoint.DataSourcePublicMetrics.applicationContext
2018-01-08 23:46:28 [main] DEBUG o.s.b.f.annotation.InjectionMetadata - Registered injected element on class [org.springframework.boot.actuate.endpoint.DataSourcePublicMetrics]: AutowiredFieldElement for private java.util.Collection org.springframework.boot.actuate.endpoint.DataSourcePublicMetrics.providers
2018-01-08 23:46:28 [main] DEBUG o.s.b.f.s.DefaultListableBeanFactory - Eagerly caching bean 'dataSourcePublicMetrics' to allow for resolving potential circular references
2018-01-08 23:46:28 [main] DEBUG o.s.b.f.annotation.InjectionMetadata - Processing injected element of bean 'dataSourcePublicMetrics': AutowiredFieldElement for private org.springframework.context.ApplicationContext org.springframework.boot.actuate.endpoint.DataSourcePublicMetrics.applicationContext
2018-01-08 23:46:28 [main] DEBUG o.s.b.f.a.AutowiredAnnotationBeanPostProcessor - Autowiring by type from bean name 'dataSourcePublicMetrics' to bean named 'org.springframework.boot.context.embedded.AnnotationConfigEmbeddedWebApplicationContext@736ac09a'
2018-01-08 23:46:28 [main] DEBUG o.s.b.f.annotation.InjectionMetadata - Processing injected element of bean 'dataSourcePublicMetrics': AutowiredFieldElement for private java.util.Collection org.springframework.boot.actuate.endpoint.DataSourcePublicMetrics.providers
2018-01-08 23:46:28 [main] DEBUG o.s.b.f.s.DefaultListableBeanFactory - Returning cached instance of singleton bean 'tomcatPoolDataSourceMetadataProvider'
2018-01-08 23:46:28 [main] DEBUG o.s.b.f.a.AutowiredAnnotationBeanPostProcessor - Autowiring by type from bean name 'dataSourcePublicMetrics' to bean named 'tomcatPoolDataSourceMetadataProvider'
2018-01-08 23:46:28 [main] DEBUG o.s.c.a.CommonAnnotationBeanPostProcessor - Invoking init method on bean 'dataSourcePublicMetrics': public void org.springframework.boot.actuate.endpoint.DataSourcePublicMetrics.initialize()
2018-01-08 23:46:28 [main] DEBUG o.s.b.f.s.DefaultListableBeanFactory - Returning cached instance of singleton bean 'dataSource'
2018-01-08 23:46:28 [main] DEBUG o.s.b.f.s.DefaultListableBeanFactory - Returning cached instance of singleton bean 'dataSource'
2018-01-08 23:46:28 [main] DEBUG o.s.b.f.s.DefaultListableBeanFactory - Returning cached instance of singleton bean 'org.springframework.transaction.config.internalTransactionAdvisor'
2018-01-08 23:46:28 [main] DEBUG o.s.b.f.s.DefaultListableBeanFactory - Finished creating instance of bean 'dataSourcePublicMetrics'
2018-01-08 23:46:28 [main] DEBUG o.s.b.f.s.DefaultListableBeanFactory - Creating shared instance of singleton bean 'org.springframework.boot.actuate.autoconfigure.PublicMetricsAutoConfiguration'
2018-01-08 23:46:28 [main] DEBUG o.s.b.f.s.DefaultListableBeanFactory - Creating instance of bean 'org.springframework.boot.actuate.autoconfigure.PublicMetricsAutoConfiguration'
2018-01-08 23:46:28 [main] DEBUG o.s.c.LocalVariableTableParameterNameDiscoverer - Cannot find '.class' file for class [class org.springframework.boot.actuate.autoconfigure.PublicMetricsAutoConfiguration$$EnhancerBySpringCGLIB$$49985e20] - unable to determine constructor/method parameter names
2018-01-08 23:46:28 [main] DEBUG o.s.b.f.s.DefaultListableBeanFactory - Returning cached instance of singleton bean 'actuatorMetricReader'
2018-01-08 23:46:28 [main] DEBUG o.s.b.f.s.DefaultListableBeanFactory - Eagerly caching bean 'org.springframework.boot.actuate.autoconfigure.PublicMetricsAutoConfiguration' to allow for resolving potential circular references
2018-01-08 23:46:28 [main] DEBUG o.s.b.f.s.DefaultListableBeanFactory - Returning cached instance of singleton bean 'org.springframework.transaction.config.internalTransactionAdvisor'
2018-01-08 23:46:28 [main] DEBUG o.s.b.f.s.DefaultListableBeanFactory - Finished creating instance of bean 'org.springframework.boot.actuate.autoconfigure.PublicMetricsAutoConfiguration'
2018-01-08 23:46:28 [main] DEBUG o.s.b.f.s.DefaultListableBeanFactory - Creating shared instance of singleton bean 'systemPublicMetrics'
2018-01-08 23:46:28 [main] DEBUG o.s.b.f.s.DefaultListableBeanFactory - Creating instance of bean 'systemPublicMetrics'
2018-01-08 23:46:28 [main] DEBUG o.s.b.f.s.DefaultListableBeanFactory - Returning cached instance of singleton bean 'org.springframework.boot.actuate.autoconfigure.PublicMetricsAutoConfiguration'
2018-01-08 23:46:28 [main] DEBUG o.s.b.f.s.DefaultListableBeanFactory - Eagerly caching bean 'systemPublicMetrics' to allow for resolving potential circular references
2018-01-08 23:46:28 [main] DEBUG o.s.b.f.s.DefaultListableBeanFactory - Returning cached instance of singleton bean 'org.springframework.transaction.config.internalTransactionAdvisor'
2018-01-08 23:46:28 [main] DEBUG o.s.b.f.s.DefaultListableBeanFactory - Finished creating instance of bean 'systemPublicMetrics'
2018-01-08 23:46:28 [main] DEBUG o.s.b.f.s.DefaultListableBeanFactory - Creating shared instance of singleton bean 'metricReaderPublicMetrics'
2018-01-08 23:46:28 [main] DEBUG o.s.b.f.s.DefaultListableBeanFactory - Creating instance of bean 'metricReaderPublicMetrics'
2018-01-08 23:46:28 [main] DEBUG o.s.b.f.s.DefaultListableBeanFactory - Returning cached instance of singleton bean 'org.springframework.boot.actuate.autoconfigure.PublicMetricsAutoConfiguration'
2018-01-08 23:46:28 [main] DEBUG o.s.b.f.s.DefaultListableBeanFactory - Eagerly caching bean 'metricReaderPublicMetrics' to allow for resolving potential circular references
2018-01-08 23:46:28 [main] DEBUG o.s.b.f.s.DefaultListableBeanFactory - Returning cached instance of singleton bean 'org.springframework.transaction.config.internalTransactionAdvisor'
2018-01-08 23:46:28 [main] DEBUG o.s.b.f.s.DefaultListableBeanFactory - Finished creating instance of bean 'metricReaderPublicMetrics'
2018-01-08 23:46:28 [main] DEBUG o.s.b.f.s.DefaultListableBeanFactory - Creating shared instance of singleton bean 'org.springframework.boot.actuate.autoconfigure.EndpointAutoConfiguration$RequestMappingEndpointConfiguration'
2018-01-08 23:46:28 [main] DEBUG o.s.b.f.s.DefaultListableBeanFactory - Creating instance of bean 'org.springframework.boot.actuate.autoconfigure.EndpointAutoConfiguration$RequestMappingEndpointConfiguration'
2018-01-08 23:46:28 [main] DEBUG o.s.b.f.s.DefaultListableBeanFactory - Eagerly caching bean 'org.springframework.boot.actuate.autoconfigure.EndpointAutoConfiguration$RequestMappingEndpointConfiguration' to allow for resolving potential circular references
2018-01-08 23:46:28 [main] DEBUG o.s.b.f.s.DefaultListableBeanFactory - Returning cached instance of singleton bean 'org.springframework.transaction.config.internalTransactionAdvisor'
2018-01-08 23:46:28 [main] DEBUG o.s.b.f.s.DefaultListableBeanFactory - Finished creating instance of bean 'org.springframework.boot.actuate.autoconfigure.EndpointAutoConfiguration$RequestMappingEndpointConfiguration'
2018-01-08 23:46:28 [main] DEBUG o.s.b.f.s.DefaultListableBeanFactory - Creating shared instance of singleton bean 'requestMappingEndpoint'
2018-01-08 23:46:28 [main] DEBUG o.s.b.f.s.DefaultListableBeanFactory - Creating instance of bean 'requestMappingEndpoint'
2018-01-08 23:46:28 [main] DEBUG o.s.b.f.s.DefaultListableBeanFactory - Returning cached instance of singleton bean 'org.springframework.boot.actuate.autoconfigure.EndpointAutoConfiguration$RequestMappingEndpointConfiguration'
2018-01-08 23:46:28 [main] DEBUG o.s.b.f.s.DefaultListableBeanFactory - Eagerly caching bean 'requestMappingEndpoint' to allow for resolving potential circular references
2018-01-08 23:46:28 [main] DEBUG o.s.core.env.MutablePropertySources - Adding [decrypted] PropertySource with lowest search precedence
2018-01-08 23:46:28 [main] DEBUG o.s.core.env.MutablePropertySources - Adding [Inlined Test Properties] PropertySource with lowest search precedence
2018-01-08 23:46:28 [main] DEBUG o.s.core.env.MutablePropertySources - Adding [systemProperties] PropertySource with lowest search precedence
2018-01-08 23:46:28 [main] DEBUG o.s.core.env.MutablePropertySources - Adding [systemEnvironment] PropertySource with lowest search precedence
2018-01-08 23:46:28 [main] DEBUG o.s.core.env.MutablePropertySources - Adding [random] PropertySource with lowest search precedence
2018-01-08 23:46:28 [main] DEBUG o.s.core.env.MutablePropertySources - Adding [configServerClient] PropertySource with lowest search precedence
2018-01-08 23:46:28 [main] DEBUG o.s.core.env.MutablePropertySources - Adding [applicationConfig: [classpath:/application.yml]] PropertySource with lowest search precedence
2018-01-08 23:46:28 [main] DEBUG o.s.core.env.MutablePropertySources - Adding [springCloudClientHostInfo] PropertySource with lowest search precedence
2018-01-08 23:46:28 [main] DEBUG o.s.core.env.MutablePropertySources - Adding [defaultProperties] PropertySource with lowest search precedence
2018-01-08 23:46:28 [main] DEBUG o.s.core.env.MutablePropertySources - Adding [localProperties] PropertySource with lowest search precedence
2018-01-08 23:46:28 [main] DEBUG o.s.b.f.s.DefaultListableBeanFactory - Creating instance of bean 'org.hibernate.validator.internal.constraintvalidators.bv.PatternValidator'
2018-01-08 23:46:28 [main] DEBUG o.s.b.f.s.DefaultListableBeanFactory - Finished creating instance of bean 'org.hibernate.validator.internal.constraintvalidators.bv.PatternValidator'
2018-01-08 23:46:28 [main] DEBUG o.s.b.f.s.DefaultListableBeanFactory - Returning cached instance of singleton bean 'org.springframework.transaction.config.internalTransactionAdvisor'
2018-01-08 23:46:28 [main] DEBUG o.s.b.f.s.DefaultListableBeanFactory - Finished creating instance of bean 'requestMappingEndpoint'
2018-01-08 23:46:28 [main] DEBUG o.s.b.f.s.DefaultListableBeanFactory - Creating shared instance of singleton bean 'org.springframework.boot.actuate.autoconfigure.EndpointAutoConfiguration'
2018-01-08 23:46:28 [main] DEBUG o.s.b.f.s.DefaultListableBeanFactory - Creating instance of bean 'org.springframework.boot.actuate.autoconfigure.EndpointAutoConfiguration'
2018-01-08 23:46:28 [main] DEBUG o.s.c.LocalVariableTableParameterNameDiscoverer - Cannot find '.class' file for class [class org.springframework.boot.actuate.autoconfigure.EndpointAutoConfiguration$$EnhancerBySpringCGLIB$$95a632af] - unable to determine constructor/method parameter names
2018-01-08 23:46:28 [main] DEBUG o.s.b.f.s.DefaultListableBeanFactory - Returning cached instance of singleton bean 'healthAggregator'
2018-01-08 23:46:28 [main] DEBUG o.s.b.f.s.DefaultListableBeanFactory - Returning cached instance of singleton bean 'diskSpaceHealthIndicator'
2018-01-08 23:46:28 [main] DEBUG o.s.b.f.s.DefaultListableBeanFactory - Returning cached instance of singleton bean 'dbHealthIndicator'
2018-01-08 23:46:28 [main] DEBUG o.s.b.f.s.DefaultListableBeanFactory - Creating shared instance of singleton bean 'refreshScopeHealthIndicator'
2018-01-08 23:46:28 [main] DEBUG o.s.b.f.s.DefaultListableBeanFactory - Creating instance of bean 'refreshScopeHealthIndicator'
2018-01-08 23:46:28 [main] DEBUG o.s.b.f.s.DefaultListableBeanFactory - Creating shared instance of singleton bean 'org.springframework.cloud.autoconfigure.RefreshEndpointAutoConfiguration'
2018-01-08 23:46:28 [main] DEBUG o.s.b.f.s.DefaultListableBeanFactory - Creating instance of bean 'org.springframework.cloud.autoconfigure.RefreshEndpointAutoConfiguration'
2018-01-08 23:46:28 [main] DEBUG o.s.b.f.s.DefaultListableBeanFactory - Eagerly caching bean 'org.springframework.cloud.autoconfigure.RefreshEndpointAutoConfiguration' to allow for resolving potential circular references
2018-01-08 23:46:28 [main] DEBUG o.s.b.f.s.DefaultListableBeanFactory - Returning cached instance of singleton bean 'org.springframework.transaction.config.internalTransactionAdvisor'
2018-01-08 23:46:28 [main] DEBUG o.s.b.f.s.DefaultListableBeanFactory - Finished creating instance of bean 'org.springframework.cloud.autoconfigure.RefreshEndpointAutoConfiguration'
2018-01-08 23:46:28 [main] DEBUG o.s.b.f.s.DefaultListableBeanFactory - Returning cached instance of singleton bean 'refreshScope'
2018-01-08 23:46:28 [main] DEBUG o.s.b.f.s.DefaultListableBeanFactory - Creating shared instance of singleton bean 'configurationPropertiesRebinder'
2018-01-08 23:46:28 [main] DEBUG o.s.b.f.s.DefaultListableBeanFactory - Creating instance of bean 'configurationPropertiesRebinder'
2018-01-08 23:46:28 [main] DEBUG o.s.b.f.s.DefaultListableBeanFactory - Returning cached instance of singleton bean 'org.springframework.cloud.autoconfigure.ConfigurationPropertiesRebinderAutoConfiguration'
2018-01-08 23:46:28 [main] DEBUG o.s.b.f.s.DefaultListableBeanFactory - Returning cached instance of singleton bean 'configurationPropertiesBeans'
2018-01-08 23:46:28 [main] DEBUG o.s.b.f.s.DefaultListableBeanFactory - Returning cached instance of singleton bean 'org.springframework.boot.context.properties.ConfigurationPropertiesBindingPostProcessor'
2018-01-08 23:46:28 [main] DEBUG o.s.b.f.s.DefaultListableBeanFactory - Autowiring by type from bean name 'configurationPropertiesRebinder' via factory method to bean named 'configurationPropertiesBeans'
2018-01-08 23:46:28 [main] DEBUG o.s.b.f.s.DefaultListableBeanFactory - Autowiring by type from bean name 'configurationPropertiesRebinder' via factory method to bean named 'org.springframework.boot.context.properties.ConfigurationPropertiesBindingPostProcessor'
2018-01-08 23:46:28 [main] DEBUG o.s.b.f.s.DefaultListableBeanFactory - Eagerly caching bean 'configurationPropertiesRebinder' to allow for resolving potential circular references
2018-01-08 23:46:28 [main] DEBUG o.s.b.f.s.DefaultListableBeanFactory - Returning cached instance of singleton bean 'org.springframework.transaction.config.internalTransactionAdvisor'
2018-01-08 23:46:28 [main] DEBUG o.s.b.f.s.DefaultListableBeanFactory - Finished creating instance of bean 'configurationPropertiesRebinder'
2018-01-08 23:46:28 [main] DEBUG o.s.b.f.s.DefaultListableBeanFactory - Autowiring by type from bean name 'refreshScopeHealthIndicator' via factory method to bean named 'refreshScope'
2018-01-08 23:46:28 [main] DEBUG o.s.b.f.s.DefaultListableBeanFactory - Autowiring by type from bean name 'refreshScopeHealthIndicator' via factory method to bean named 'configurationPropertiesRebinder'
2018-01-08 23:46:28 [main] DEBUG o.s.b.f.s.DefaultListableBeanFactory - Eagerly caching bean 'refreshScopeHealthIndicator' to allow for resolving potential circular references
2018-01-08 23:46:28 [main] DEBUG o.s.b.f.s.DefaultListableBeanFactory - Returning cached instance of singleton bean 'org.springframework.transaction.config.internalTransactionAdvisor'
2018-01-08 23:46:28 [main] DEBUG o.s.b.f.s.DefaultListableBeanFactory - Finished creating instance of bean 'refreshScopeHealthIndicator'
2018-01-08 23:46:28 [main] DEBUG o.s.b.f.s.DefaultListableBeanFactory - Creating shared instance of singleton bean 'configServerHealthIndicator'
2018-01-08 23:46:28 [main] DEBUG o.s.b.f.s.DefaultListableBeanFactory - Creating instance of bean 'configServerHealthIndicator'
2018-01-08 23:46:28 [main] DEBUG o.s.b.f.s.DefaultListableBeanFactory - Creating shared instance of singleton bean 'org.springframework.cloud.config.server.config.EnvironmentRepositoryConfiguration'
2018-01-08 23:46:28 [main] DEBUG o.s.b.f.s.DefaultListableBeanFactory - Creating instance of bean 'org.springframework.cloud.config.server.config.EnvironmentRepositoryConfiguration'
2018-01-08 23:46:28 [main] DEBUG o.s.b.f.s.DefaultListableBeanFactory - Eagerly caching bean 'org.springframework.cloud.config.server.config.EnvironmentRepositoryConfiguration' to allow for resolving potential circular references
2018-01-08 23:46:28 [main] DEBUG o.s.b.f.s.DefaultListableBeanFactory - Returning cached instance of singleton bean 'org.springframework.transaction.config.internalTransactionAdvisor'
2018-01-08 23:46:28 [main] DEBUG o.s.b.f.s.DefaultListableBeanFactory - Finished creating instance of bean 'org.springframework.cloud.config.server.config.EnvironmentRepositoryConfiguration'
2018-01-08 23:46:28 [main] DEBUG o.s.b.f.s.DefaultListableBeanFactory - Creating shared instance of singleton bean 'environmentRepository'
2018-01-08 23:46:28 [main] DEBUG o.s.b.f.s.DefaultListableBeanFactory - Creating instance of bean 'environmentRepository'
2018-01-08 23:46:28 [main] DEBUG o.s.b.f.s.DefaultListableBeanFactory - Creating shared instance of singleton bean 'org.springframework.cloud.config.server.config.EnvironmentRepositoryConfiguration$GitRepositoryConfiguration'
2018-01-08 23:46:28 [main] DEBUG o.s.b.f.s.DefaultListableBeanFactory - Creating instance of bean 'org.springframework.cloud.config.server.config.EnvironmentRepositoryConfiguration$GitRepositoryConfiguration'
2018-01-08 23:46:28 [main] DEBUG o.s.b.f.annotation.InjectionMetadata - Registered injected element on class [org.springframework.cloud.config.server.config.EnvironmentRepositoryConfiguration$GitRepositoryConfiguration$$EnhancerBySpringCGLIB$$8a2f6020]: AutowiredFieldElement for private org.springframework.core.env.ConfigurableEnvironment org.springframework.cloud.config.server.config.EnvironmentRepositoryConfiguration$GitRepositoryConfiguration.environment
2018-01-08 23:46:28 [main] DEBUG o.s.b.f.annotation.InjectionMetadata - Registered injected element on class [org.springframework.cloud.config.server.config.EnvironmentRepositoryConfiguration$GitRepositoryConfiguration$$EnhancerBySpringCGLIB$$8a2f6020]: AutowiredFieldElement for private org.springframework.cloud.config.server.config.ConfigServerProperties org.springframework.cloud.config.server.config.EnvironmentRepositoryConfiguration$GitRepositoryConfiguration.server
2018-01-08 23:46:28 [main] DEBUG o.s.b.f.s.DefaultListableBeanFactory - Eagerly caching bean 'org.springframework.cloud.config.server.config.EnvironmentRepositoryConfiguration$GitRepositoryConfiguration' to allow for resolving potential circular references
2018-01-08 23:46:28 [main] DEBUG o.s.b.f.annotation.InjectionMetadata - Processing injected element of bean 'org.springframework.cloud.config.server.config.EnvironmentRepositoryConfiguration$GitRepositoryConfiguration': AutowiredFieldElement for private org.springframework.core.env.ConfigurableEnvironment org.springframework.cloud.config.server.config.EnvironmentRepositoryConfiguration$GitRepositoryConfiguration.environment
2018-01-08 23:46:28 [main] DEBUG o.s.b.f.s.DefaultListableBeanFactory - Returning cached instance of singleton bean 'environment'
2018-01-08 23:46:28 [main] DEBUG o.s.b.f.a.AutowiredAnnotationBeanPostProcessor - Autowiring by type from bean name 'org.springframework.cloud.config.server.config.EnvironmentRepositoryConfiguration$GitRepositoryConfiguration' to bean named 'environment'
2018-01-08 23:46:28 [main] DEBUG o.s.b.f.annotation.InjectionMetadata - Processing injected element of bean 'org.springframework.cloud.config.server.config.EnvironmentRepositoryConfiguration$GitRepositoryConfiguration': AutowiredFieldElement for private org.springframework.cloud.config.server.config.ConfigServerProperties org.springframework.cloud.config.server.config.EnvironmentRepositoryConfiguration$GitRepositoryConfiguration.server
2018-01-08 23:46:28 [main] DEBUG o.s.b.f.s.DefaultListableBeanFactory - Creating shared instance of singleton bean 'spring.cloud.config.server-org.springframework.cloud.config.server.config.ConfigServerProperties'
2018-01-08 23:46:28 [main] DEBUG o.s.b.f.s.DefaultListableBeanFactory - Creating instance of bean 'spring.cloud.config.server-org.springframework.cloud.config.server.config.ConfigServerProperties'
2018-01-08 23:46:28 [main] DEBUG o.s.b.f.s.DefaultListableBeanFactory - Eagerly caching bean 'spring.cloud.config.server-org.springframework.cloud.config.server.config.ConfigServerProperties' to allow for resolving potential circular references
2018-01-08 23:46:28 [main] DEBUG o.s.core.env.MutablePropertySources - Adding [decrypted] PropertySource with lowest search precedence
2018-01-08 23:46:28 [main] DEBUG o.s.core.env.MutablePropertySources - Adding [Inlined Test Properties] PropertySource with lowest search precedence
2018-01-08 23:46:28 [main] DEBUG o.s.core.env.MutablePropertySources - Adding [systemProperties] PropertySource with lowest search precedence
2018-01-08 23:46:28 [main] DEBUG o.s.core.env.MutablePropertySources - Adding [systemEnvironment] PropertySource with lowest search precedence
2018-01-08 23:46:28 [main] DEBUG o.s.core.env.MutablePropertySources - Adding [random] PropertySource with lowest search precedence
2018-01-08 23:46:28 [main] DEBUG o.s.core.env.MutablePropertySources - Adding [configServerClient] PropertySource with lowest search precedence
2018-01-08 23:46:28 [main] DEBUG o.s.core.env.MutablePropertySources - Adding [applicationConfig: [classpath:/application.yml]] PropertySource with lowest search precedence
2018-01-08 23:46:28 [main] DEBUG o.s.core.env.MutablePropertySources - Adding [springCloudClientHostInfo] PropertySource with lowest search precedence
2018-01-08 23:46:28 [main] DEBUG o.s.core.env.MutablePropertySources - Adding [defaultProperties] PropertySource with lowest search precedence
2018-01-08 23:46:28 [main] DEBUG o.s.core.env.MutablePropertySources - Adding [localProperties] PropertySource with lowest search precedence
2018-01-08 23:46:28 [main] DEBUG o.s.core.env.MutablePropertySources - Adding [decrypted] PropertySource with lowest search precedence
2018-01-08 23:46:28 [main] DEBUG o.s.core.env.MutablePropertySources - Adding [Inlined Test Properties] PropertySource with lowest search precedence
2018-01-08 23:46:28 [main] DEBUG o.s.core.env.MutablePropertySources - Adding [systemProperties] PropertySource with lowest search precedence
2018-01-08 23:46:28 [main] DEBUG o.s.core.env.MutablePropertySources - Adding [systemEnvironment] PropertySource with lowest search precedence
2018-01-08 23:46:28 [main] DEBUG o.s.core.env.MutablePropertySources - Adding [random] PropertySource with lowest search precedence
2018-01-08 23:46:28 [main] DEBUG o.s.core.env.MutablePropertySources - Adding [configServerClient] PropertySource with lowest search precedence
2018-01-08 23:46:28 [main] DEBUG o.s.core.env.MutablePropertySources - Adding [applicationConfig: [classpath:/application.yml]] PropertySource with lowest search precedence
2018-01-08 23:46:28 [main] DEBUG o.s.core.env.MutablePropertySources - Adding [springCloudClientHostInfo] PropertySource with lowest search precedence
2018-01-08 23:46:28 [main] DEBUG o.s.core.env.MutablePropertySources - Adding [defaultProperties] PropertySource with lowest search precedence
2018-01-08 23:46:28 [main] DEBUG o.s.core.env.MutablePropertySources - Adding [localProperties] PropertySource with lowest search precedence
2018-01-08 23:46:28 [main] DEBUG o.s.c.e.PropertySourcesPropertyResolver - Found key 'spring.cloud.config.server.encrypt.enabled' in [applicationConfig: [classpath:/application.yml]] with type [Boolean]
2018-01-08 23:46:28 [main] DEBUG o.s.b.f.s.DefaultListableBeanFactory - Returning cached instance of singleton bean 'org.springframework.transaction.config.internalTransactionAdvisor'
2018-01-08 23:46:28 [main] DEBUG o.s.b.f.s.DefaultListableBeanFactory - Finished creating instance of bean 'spring.cloud.config.server-org.springframework.cloud.config.server.config.ConfigServerProperties'
2018-01-08 23:46:28 [main] DEBUG o.s.b.f.a.AutowiredAnnotationBeanPostProcessor - Autowiring by type from bean name 'org.springframework.cloud.config.server.config.EnvironmentRepositoryConfiguration$GitRepositoryConfiguration' to bean named 'spring.cloud.config.server-org.springframework.cloud.config.server.config.ConfigServerProperties'
2018-01-08 23:46:28 [main] DEBUG o.s.b.f.s.DefaultListableBeanFactory - Returning cached instance of singleton bean 'org.springframework.transaction.config.internalTransactionAdvisor'
2018-01-08 23:46:28 [main] DEBUG o.s.b.f.s.DefaultListableBeanFactory - Finished creating instance of bean 'org.springframework.cloud.config.server.config.EnvironmentRepositoryConfiguration$GitRepositoryConfiguration'
2018-01-08 23:46:28 [main] DEBUG o.s.b.f.s.DefaultListableBeanFactory - Eagerly caching bean 'environmentRepository' to allow for resolving potential circular references
2018-01-08 23:46:28 [main] DEBUG o.s.core.env.MutablePropertySources - Adding [decrypted] PropertySource with lowest search precedence
2018-01-08 23:46:28 [main] DEBUG o.s.core.env.MutablePropertySources - Adding [Inlined Test Properties] PropertySource with lowest search precedence
2018-01-08 23:46:28 [main] DEBUG o.s.core.env.MutablePropertySources - Adding [systemProperties] PropertySource with lowest search precedence
2018-01-08 23:46:28 [main] DEBUG o.s.core.env.MutablePropertySources - Adding [systemEnvironment] PropertySource with lowest search precedence
2018-01-08 23:46:28 [main] DEBUG o.s.core.env.MutablePropertySources - Adding [random] PropertySource with lowest search precedence
2018-01-08 23:46:28 [main] DEBUG o.s.core.env.MutablePropertySources - Adding [configServerClient] PropertySource with lowest search precedence
2018-01-08 23:46:28 [main] DEBUG o.s.core.env.MutablePropertySources - Adding [applicationConfig: [classpath:/application.yml]] PropertySource with lowest search precedence
2018-01-08 23:46:28 [main] DEBUG o.s.core.env.MutablePropertySources - Adding [springCloudClientHostInfo] PropertySource with lowest search precedence
2018-01-08 23:46:28 [main] DEBUG o.s.core.env.MutablePropertySources - Adding [defaultProperties] PropertySource with lowest search precedence
2018-01-08 23:46:28 [main] DEBUG o.s.core.env.MutablePropertySources - Adding [localProperties] PropertySource with lowest search precedence
2018-01-08 23:46:28 [main] DEBUG o.s.core.env.MutablePropertySources - Adding [decrypted] PropertySource with lowest search precedence
2018-01-08 23:46:28 [main] DEBUG o.s.core.env.MutablePropertySources - Adding [Inlined Test Properties] PropertySource with lowest search precedence
2018-01-08 23:46:28 [main] DEBUG o.s.core.env.MutablePropertySources - Adding [systemProperties] PropertySource with lowest search precedence
2018-01-08 23:46:28 [main] DEBUG o.s.core.env.MutablePropertySources - Adding [systemEnvironment] PropertySource with lowest search precedence
2018-01-08 23:46:28 [main] DEBUG o.s.core.env.MutablePropertySources - Adding [random] PropertySource with lowest search precedence
2018-01-08 23:46:28 [main] DEBUG o.s.core.env.MutablePropertySources - Adding [configServerClient] PropertySource with lowest search precedence
2018-01-08 23:46:28 [main] DEBUG o.s.core.env.MutablePropertySources - Adding [applicationConfig: [classpath:/application.yml]] PropertySource with lowest search precedence
2018-01-08 23:46:28 [main] DEBUG o.s.core.env.MutablePropertySources - Adding [springCloudClientHostInfo] PropertySource with lowest search precedence
2018-01-08 23:46:28 [main] DEBUG o.s.core.env.MutablePropertySources - Adding [defaultProperties] PropertySource with lowest search precedence
2018-01-08 23:46:28 [main] DEBUG o.s.core.env.MutablePropertySources - Adding [localProperties] PropertySource with lowest search precedence
2018-01-08 23:46:28 [main] DEBUG o.s.c.e.PropertySourcesPropertyResolver - Found key 'spring.cloud.config.server.git.password' in [decrypted] with type [String]
2018-01-08 23:46:28 [main] DEBUG o.s.core.env.MutablePropertySources - Adding [decrypted] PropertySource with lowest search precedence
2018-01-08 23:46:28 [main] DEBUG o.s.core.env.MutablePropertySources - Adding [Inlined Test Properties] PropertySource with lowest search precedence
2018-01-08 23:46:28 [main] DEBUG o.s.core.env.MutablePropertySources - Adding [systemProperties] PropertySource with lowest search precedence
2018-01-08 23:46:28 [main] DEBUG o.s.core.env.MutablePropertySources - Adding [systemEnvironment] PropertySource with lowest search precedence
2018-01-08 23:46:28 [main] DEBUG o.s.core.env.MutablePropertySources - Adding [random] PropertySource with lowest search precedence
2018-01-08 23:46:28 [main] DEBUG o.s.core.env.MutablePropertySources - Adding [configServerClient] PropertySource with lowest search precedence
2018-01-08 23:46:28 [main] DEBUG o.s.core.env.MutablePropertySources - Adding [applicationConfig: [classpath:/application.yml]] PropertySource with lowest search precedence
2018-01-08 23:46:28 [main] DEBUG o.s.core.env.MutablePropertySources - Adding [springCloudClientHostInfo] PropertySource with lowest search precedence
2018-01-08 23:46:28 [main] DEBUG o.s.core.env.MutablePropertySources - Adding [defaultProperties] PropertySource with lowest search precedence
2018-01-08 23:46:28 [main] DEBUG o.s.core.env.MutablePropertySources - Adding [localProperties] PropertySource with lowest search precedence
2018-01-08 23:46:28 [main] DEBUG o.s.c.e.PropertySourcesPropertyResolver - Found key 'spring.cloud.config.server.git.uri' in [applicationConfig: [classpath:/application.yml]] with type [String]
2018-01-08 23:46:28 [main] DEBUG o.s.core.env.MutablePropertySources - Adding [decrypted] PropertySource with lowest search precedence
2018-01-08 23:46:28 [main] DEBUG o.s.core.env.MutablePropertySources - Adding [Inlined Test Properties] PropertySource with lowest search precedence
2018-01-08 23:46:28 [main] DEBUG o.s.core.env.MutablePropertySources - Adding [systemProperties] PropertySource with lowest search precedence
2018-01-08 23:46:28 [main] DEBUG o.s.core.env.MutablePropertySources - Adding [systemEnvironment] PropertySource with lowest search precedence
2018-01-08 23:46:28 [main] DEBUG o.s.core.env.MutablePropertySources - Adding [random] PropertySource with lowest search precedence
2018-01-08 23:46:28 [main] DEBUG o.s.core.env.MutablePropertySources - Adding [configServerClient] PropertySource with lowest search precedence
2018-01-08 23:46:28 [main] DEBUG o.s.core.env.MutablePropertySources - Adding [applicationConfig: [classpath:/application.yml]] PropertySource with lowest search precedence
2018-01-08 23:46:28 [main] DEBUG o.s.core.env.MutablePropertySources - Adding [springCloudClientHostInfo] PropertySource with lowest search precedence
2018-01-08 23:46:28 [main] DEBUG o.s.core.env.MutablePropertySources - Adding [defaultProperties] PropertySource with lowest search precedence
2018-01-08 23:46:28 [main] DEBUG o.s.core.env.MutablePropertySources - Adding [localProperties] PropertySource with lowest search precedence
2018-01-08 23:46:28 [main] DEBUG o.s.c.e.PropertySourcesPropertyResolver - Found key 'spring.cloud.config.server.git.username' in [applicationConfig: [classpath:/application.yml]] with type [String]
2018-01-08 23:46:28 [main] DEBUG o.s.core.env.MutablePropertySources - Adding [decrypted] PropertySource with lowest search precedence
2018-01-08 23:46:28 [main] DEBUG o.s.core.env.MutablePropertySources - Adding [Inlined Test Properties] PropertySource with lowest search precedence
2018-01-08 23:46:28 [main] DEBUG o.s.core.env.MutablePropertySources - Adding [systemProperties] PropertySource with lowest search precedence
2018-01-08 23:46:28 [main] DEBUG o.s.core.env.MutablePropertySources - Adding [systemEnvironment] PropertySource with lowest search precedence
2018-01-08 23:46:28 [main] DEBUG o.s.core.env.MutablePropertySources - Adding [random] PropertySource with lowest search precedence
2018-01-08 23:46:28 [main] DEBUG o.s.core.env.MutablePropertySources - Adding [configServerClient] PropertySource with lowest search precedence
2018-01-08 23:46:28 [main] DEBUG o.s.core.env.MutablePropertySources - Adding [applicationConfig: [classpath:/application.yml]] PropertySource with lowest search precedence
2018-01-08 23:46:28 [main] DEBUG o.s.core.env.MutablePropertySources - Adding [springCloudClientHostInfo] PropertySource with lowest search precedence
2018-01-08 23:46:28 [main] DEBUG o.s.core.env.MutablePropertySources - Adding [defaultProperties] PropertySource with lowest search precedence
2018-01-08 23:46:28 [main] DEBUG o.s.core.env.MutablePropertySources - Adding [localProperties] PropertySource with lowest search precedence
2018-01-08 23:46:28 [main] DEBUG o.s.c.e.PropertySourcesPropertyResolver - Found key 'spring.cloud.config.server.git.password' in [decrypted] with type [String]
2018-01-08 23:46:28 [main] DEBUG o.s.core.env.MutablePropertySources - Adding [decrypted] PropertySource with lowest search precedence
2018-01-08 23:46:28 [main] DEBUG o.s.core.env.MutablePropertySources - Adding [Inlined Test Properties] PropertySource with lowest search precedence
2018-01-08 23:46:28 [main] DEBUG o.s.core.env.MutablePropertySources - Adding [systemProperties] PropertySource with lowest search precedence
2018-01-08 23:46:28 [main] DEBUG o.s.core.env.MutablePropertySources - Adding [systemEnvironment] PropertySource with lowest search precedence
2018-01-08 23:46:28 [main] DEBUG o.s.core.env.MutablePropertySources - Adding [random] PropertySource with lowest search precedence
2018-01-08 23:46:28 [main] DEBUG o.s.core.env.MutablePropertySources - Adding [configServerClient] PropertySource with lowest search precedence
2018-01-08 23:46:28 [main] DEBUG o.s.core.env.MutablePropertySources - Adding [applicationConfig: [classpath:/application.yml]] PropertySource with lowest search precedence
2018-01-08 23:46:28 [main] DEBUG o.s.core.env.MutablePropertySources - Adding [springCloudClientHostInfo] PropertySource with lowest search precedence
2018-01-08 23:46:28 [main] DEBUG o.s.core.env.MutablePropertySources - Adding [defaultProperties] PropertySource with lowest search precedence
2018-01-08 23:46:28 [main] DEBUG o.s.core.env.MutablePropertySources - Adding [localProperties] PropertySource with lowest search precedence
2018-01-08 23:46:28 [main] DEBUG o.s.c.e.PropertySourcesPropertyResolver - Found key 'spring.cloud.config.server.git.search-paths' in [applicationConfig: [classpath:/application.yml]] with type [String]
2018-01-08 23:46:28 [main] DEBUG o.h.v.i.m.p.TypeAnnotationAwareMetaDataProvider - HV000188: Parameterized type with more than one argument is not supported: org.eclipse.jgit.api.TransportCommand<?, ?>
2018-01-08 23:46:28 [main] DEBUG o.h.v.i.m.p.TypeAnnotationAwareMetaDataProvider - HV000188: Parameterized type with more than one argument is not supported: org.eclipse.jgit.api.TransportCommand<?, ?>
2018-01-08 23:46:29 [main] DEBUG o.s.b.f.s.DefaultListableBeanFactory - Invoking afterPropertiesSet() on bean with name 'environmentRepository'
2018-01-08 23:46:29 [main] DEBUG o.s.b.f.s.DefaultListableBeanFactory - Returning cached instance of singleton bean 'org.springframework.transaction.config.internalTransactionAdvisor'
2018-01-08 23:46:29 [main] DEBUG o.s.b.f.s.DefaultListableBeanFactory - Finished creating instance of bean 'environmentRepository'
2018-01-08 23:46:29 [main] DEBUG o.s.b.f.s.DefaultListableBeanFactory - Autowiring by type from bean name 'configServerHealthIndicator' via factory method to bean named 'environmentRepository'
2018-01-08 23:46:29 [main] DEBUG o.s.c.a.CommonAnnotationBeanPostProcessor - Found init method on class [org.springframework.cloud.config.server.config.ConfigServerHealthIndicator]: public void org.springframework.cloud.config.server.config.ConfigServerHealthIndicator.init()
2018-01-08 23:46:29 [main] DEBUG o.s.c.a.CommonAnnotationBeanPostProcessor - Registered init method on class [org.springframework.cloud.config.server.config.ConfigServerHealthIndicator]: org.springframework.beans.factory.annotation.InitDestroyAnnotationBeanPostProcessor$LifecycleElement@316510
2018-01-08 23:46:29 [main] DEBUG o.s.b.f.s.DefaultListableBeanFactory - Eagerly caching bean 'configServerHealthIndicator' to allow for resolving potential circular references
2018-01-08 23:46:29 [main] DEBUG o.s.core.env.MutablePropertySources - Adding [decrypted] PropertySource with lowest search precedence
2018-01-08 23:46:29 [main] DEBUG o.s.core.env.MutablePropertySources - Adding [Inlined Test Properties] PropertySource with lowest search precedence
2018-01-08 23:46:29 [main] DEBUG o.s.core.env.MutablePropertySources - Adding [systemProperties] PropertySource with lowest search precedence
2018-01-08 23:46:29 [main] DEBUG o.s.core.env.MutablePropertySources - Adding [systemEnvironment] PropertySource with lowest search precedence
2018-01-08 23:46:29 [main] DEBUG o.s.core.env.MutablePropertySources - Adding [random] PropertySource with lowest search precedence
2018-01-08 23:46:29 [main] DEBUG o.s.core.env.MutablePropertySources - Adding [configServerClient] PropertySource with lowest search precedence
2018-01-08 23:46:29 [main] DEBUG o.s.core.env.MutablePropertySources - Adding [applicationConfig: [classpath:/application.yml]] PropertySource with lowest search precedence
2018-01-08 23:46:29 [main] DEBUG o.s.core.env.MutablePropertySources - Adding [springCloudClientHostInfo] PropertySource with lowest search precedence
2018-01-08 23:46:29 [main] DEBUG o.s.core.env.MutablePropertySources - Adding [defaultProperties] PropertySource with lowest search precedence
2018-01-08 23:46:29 [main] DEBUG o.s.core.env.MutablePropertySources - Adding [localProperties] PropertySource with lowest search precedence
2018-01-08 23:46:29 [main] DEBUG o.s.c.a.CommonAnnotationBeanPostProcessor - Invoking init method on bean 'configServerHealthIndicator': public void org.springframework.cloud.config.server.config.ConfigServerHealthIndicator.init()
2018-01-08 23:46:29 [main] DEBUG o.s.b.f.s.DefaultListableBeanFactory - Returning cached instance of singleton bean 'org.springframework.transaction.config.internalTransactionAdvisor'
2018-01-08 23:46:29 [main] DEBUG o.s.b.f.s.DefaultListableBeanFactory - Finished creating instance of bean 'configServerHealthIndicator'
2018-01-08 23:46:29 [main] DEBUG o.s.b.f.s.DefaultListableBeanFactory - Returning cached instance of singleton bean 'envInfoContributor'
2018-01-08 23:46:29 [main] DEBUG o.s.b.f.s.DefaultListableBeanFactory - Returning cached instance of singleton bean 'tomcatPublicMetrics'
2018-01-08 23:46:29 [main] DEBUG o.s.b.f.s.DefaultListableBeanFactory - Returning cached instance of singleton bean 'dataSourcePublicMetrics'
2018-01-08 23:46:29 [main] DEBUG o.s.b.f.s.DefaultListableBeanFactory - Returning cached instance of singleton bean 'systemPublicMetrics'
2018-01-08 23:46:29 [main] DEBUG o.s.b.f.s.DefaultListableBeanFactory - Returning cached instance of singleton bean 'metricReaderPublicMetrics'
2018-01-08 23:46:29 [main] DEBUG o.s.b.f.s.DefaultListableBeanFactory - Returning cached instance of singleton bean 'traceRepository'
2018-01-08 23:46:29 [main] DEBUG o.s.b.f.s.DefaultListableBeanFactory - Eagerly caching bean 'org.springframework.boot.actuate.autoconfigure.EndpointAutoConfiguration' to allow for resolving potential circular references
2018-01-08 23:46:29 [main] DEBUG o.s.b.f.s.DefaultListableBeanFactory - Returning cached instance of singleton bean 'org.springframework.transaction.config.internalTransactionAdvisor'
2018-01-08 23:46:29 [main] DEBUG o.s.b.f.s.DefaultListableBeanFactory - Finished creating instance of bean 'org.springframework.boot.actuate.autoconfigure.EndpointAutoConfiguration'
2018-01-08 23:46:29 [main] DEBUG o.s.b.f.s.DefaultListableBeanFactory - Creating shared instance of singleton bean 'environmentEndpoint'
2018-01-08 23:46:29 [main] DEBUG o.s.b.f.s.DefaultListableBeanFactory - Creating instance of bean 'environmentEndpoint'
2018-01-08 23:46:29 [main] DEBUG o.s.b.f.s.DefaultListableBeanFactory - Returning cached instance of singleton bean 'org.springframework.boot.actuate.autoconfigure.EndpointAutoConfiguration'
2018-01-08 23:46:29 [Finalizer] DEBUG o.a.h.i.c.PoolingHttpClientConnectionManager - Connection manager is shutting down
2018-01-08 23:46:29 [Finalizer] DEBUG o.a.h.i.c.PoolingHttpClientConnectionManager - Connection manager shut down
2018-01-08 23:46:29 [main] DEBUG o.s.b.f.s.DefaultListableBeanFactory - Eagerly caching bean 'environmentEndpoint' to allow for resolving potential circular references
2018-01-08 23:46:29 [main] DEBUG o.s.core.env.MutablePropertySources - Adding [decrypted] PropertySource with lowest search precedence
2018-01-08 23:46:29 [main] DEBUG o.s.core.env.MutablePropertySources - Adding [Inlined Test Properties] PropertySource with lowest search precedence
2018-01-08 23:46:29 [main] DEBUG o.s.core.env.MutablePropertySources - Adding [systemProperties] PropertySource with lowest search precedence
2018-01-08 23:46:29 [main] DEBUG o.s.core.env.MutablePropertySources - Adding [systemEnvironment] PropertySource with lowest search precedence
2018-01-08 23:46:29 [main] DEBUG o.s.core.env.MutablePropertySources - Adding [random] PropertySource with lowest search precedence
2018-01-08 23:46:29 [main] DEBUG o.s.core.env.MutablePropertySources - Adding [configServerClient] PropertySource with lowest search precedence
2018-01-08 23:46:29 [main] DEBUG o.s.core.env.MutablePropertySources - Adding [applicationConfig: [classpath:/application.yml]] PropertySource with lowest search precedence
2018-01-08 23:46:29 [main] DEBUG o.s.core.env.MutablePropertySources - Adding [springCloudClientHostInfo] PropertySource with lowest search precedence
2018-01-08 23:46:29 [main] DEBUG o.s.core.env.MutablePropertySources - Adding [defaultProperties] PropertySource with lowest search precedence
2018-01-08 23:46:29 [main] DEBUG o.s.core.env.MutablePropertySources - Adding [localProperties] PropertySource with lowest search precedence
2018-01-08 23:46:29 [main] DEBUG o.s.b.f.s.DefaultListableBeanFactory - Returning cached instance of singleton bean 'org.springframework.transaction.config.internalTransactionAdvisor'
2018-01-08 23:46:29 [main] DEBUG o.s.b.f.s.DefaultListableBeanFactory - Finished creating instance of bean 'environmentEndpoint'
2018-01-08 23:46:29 [main] DEBUG o.s.b.f.s.DefaultListableBeanFactory - Creating shared instance of singleton bean 'healthEndpoint'
2018-01-08 23:46:29 [main] DEBUG o.s.b.f.s.DefaultListableBeanFactory - Creating instance of bean 'healthEndpoint'
2018-01-08 23:46:29 [main] DEBUG o.s.b.f.s.DefaultListableBeanFactory - Returning cached instance of singleton bean 'org.springframework.boot.actuate.autoconfigure.EndpointAutoConfiguration'
2018-01-08 23:46:29 [main] DEBUG o.s.b.f.s.DefaultListableBeanFactory - Eagerly caching bean 'healthEndpoint' to allow for resolving potential circular references
2018-01-08 23:46:29 [main] DEBUG o.s.core.env.MutablePropertySources - Adding [decrypted] PropertySource with lowest search precedence
2018-01-08 23:46:29 [main] DEBUG o.s.core.env.MutablePropertySources - Adding [Inlined Test Properties] PropertySource with lowest search precedence
2018-01-08 23:46:29 [main] DEBUG o.s.core.env.MutablePropertySources - Adding [systemProperties] PropertySource with lowest search precedence
2018-01-08 23:46:29 [main] DEBUG o.s.core.env.MutablePropertySources - Adding [systemEnvironment] PropertySource with lowest search precedence
2018-01-08 23:46:29 [main] DEBUG o.s.core.env.MutablePropertySources - Adding [random] PropertySource with lowest search precedence
2018-01-08 23:46:29 [main] DEBUG o.s.core.env.MutablePropertySources - Adding [configServerClient] PropertySource with lowest search precedence
2018-01-08 23:46:29 [main] DEBUG o.s.core.env.MutablePropertySources - Adding [applicationConfig: [classpath:/application.yml]] PropertySource with lowest search precedence
2018-01-08 23:46:29 [main] DEBUG o.s.core.env.MutablePropertySources - Adding [springCloudClientHostInfo] PropertySource with lowest search precedence
2018-01-08 23:46:29 [main] DEBUG o.s.core.env.MutablePropertySources - Adding [defaultProperties] PropertySource with lowest search precedence
2018-01-08 23:46:29 [main] DEBUG o.s.core.env.MutablePropertySources - Adding [localProperties] PropertySource with lowest search precedence
2018-01-08 23:46:29 [main] DEBUG o.s.b.f.s.DefaultListableBeanFactory - Returning cached instance of singleton bean 'org.springframework.transaction.config.internalTransactionAdvisor'
2018-01-08 23:46:29 [main] DEBUG o.s.b.f.s.DefaultListableBeanFactory - Finished creating instance of bean 'healthEndpoint'
2018-01-08 23:46:29 [main] DEBUG o.s.b.f.s.DefaultListableBeanFactory - Creating shared instance of singleton bean 'beansEndpoint'
2018-01-08 23:46:29 [main] DEBUG o.s.b.f.s.DefaultListableBeanFactory - Creating instance of bean 'beansEndpoint'
2018-01-08 23:46:29 [main] DEBUG o.s.b.f.s.DefaultListableBeanFactory - Returning cached instance of singleton bean 'org.springframework.boot.actuate.autoconfigure.EndpointAutoConfiguration'
2018-01-08 23:46:29 [main] DEBUG o.s.b.f.s.DefaultListableBeanFactory - Eagerly caching bean 'beansEndpoint' to allow for resolving potential circular references
2018-01-08 23:46:29 [main] DEBUG o.s.c.e.PropertySourcesPropertyResolver - Could not find key 'spring.liveBeansView.mbeanDomain' in any property source
2018-01-08 23:46:29 [main] DEBUG o.s.core.env.MutablePropertySources - Adding [decrypted] PropertySource with lowest search precedence
2018-01-08 23:46:29 [main] DEBUG o.s.core.env.MutablePropertySources - Adding [Inlined Test Properties] PropertySource with lowest search precedence
2018-01-08 23:46:29 [main] DEBUG o.s.core.env.MutablePropertySources - Adding [systemProperties] PropertySource with lowest search precedence
2018-01-08 23:46:29 [main] DEBUG o.s.core.env.MutablePropertySources - Adding [systemEnvironment] PropertySource with lowest search precedence
2018-01-08 23:46:29 [main] DEBUG o.s.core.env.MutablePropertySources - Adding [random] PropertySource with lowest search precedence
2018-01-08 23:46:29 [main] DEBUG o.s.core.env.MutablePropertySources - Adding [configServerClient] PropertySource with lowest search precedence
2018-01-08 23:46:29 [main] DEBUG o.s.core.env.MutablePropertySources - Adding [applicationConfig: [classpath:/application.yml]] PropertySource with lowest search precedence
2018-01-08 23:46:29 [main] DEBUG o.s.core.env.MutablePropertySources - Adding [springCloudClientHostInfo] PropertySource with lowest search precedence
2018-01-08 23:46:29 [main] DEBUG o.s.core.env.MutablePropertySources - Adding [defaultProperties] PropertySource with lowest search precedence
2018-01-08 23:46:29 [main] DEBUG o.s.core.env.MutablePropertySources - Adding [localProperties] PropertySource with lowest search precedence
2018-01-08 23:46:29 [main] DEBUG o.s.b.f.s.DefaultListableBeanFactory - Returning cached instance of singleton bean 'org.springframework.transaction.config.internalTransactionAdvisor'
2018-01-08 23:46:29 [main] DEBUG o.s.b.f.s.DefaultListableBeanFactory - Finished creating instance of bean 'beansEndpoint'
2018-01-08 23:46:29 [main] DEBUG o.s.b.f.s.DefaultListableBeanFactory - Creating shared instance of singleton bean 'infoEndpoint'
2018-01-08 23:46:29 [main] DEBUG o.s.b.f.s.DefaultListableBeanFactory - Creating instance of bean 'infoEndpoint'
2018-01-08 23:46:29 [main] DEBUG o.s.b.f.s.DefaultListableBeanFactory - Returning cached instance of singleton bean 'org.springframework.boot.actuate.autoconfigure.EndpointAutoConfiguration'
2018-01-08 23:46:29 [main] DEBUG o.s.b.f.s.DefaultListableBeanFactory - Eagerly caching bean 'infoEndpoint' to allow for resolving potential circular references
2018-01-08 23:46:29 [main] DEBUG o.s.core.env.MutablePropertySources - Adding [decrypted] PropertySource with lowest search precedence
2018-01-08 23:46:29 [main] DEBUG o.s.core.env.MutablePropertySources - Adding [Inlined Test Properties] PropertySource with lowest search precedence
2018-01-08 23:46:29 [main] DEBUG o.s.core.env.MutablePropertySources - Adding [systemProperties] PropertySource with lowest search precedence
2018-01-08 23:46:29 [main] DEBUG o.s.core.env.MutablePropertySources - Adding [systemEnvironment] PropertySource with lowest search precedence
2018-01-08 23:46:29 [main] DEBUG o.s.core.env.MutablePropertySources - Adding [random] PropertySource with lowest search precedence
2018-01-08 23:46:29 [main] DEBUG o.s.core.env.MutablePropertySources - Adding [configServerClient] PropertySource with lowest search precedence
2018-01-08 23:46:29 [main] DEBUG o.s.core.env.MutablePropertySources - Adding [applicationConfig: [classpath:/application.yml]] PropertySource with lowest search precedence
2018-01-08 23:46:29 [main] DEBUG o.s.core.env.MutablePropertySources - Adding [springCloudClientHostInfo] PropertySource with lowest search precedence
2018-01-08 23:46:29 [main] DEBUG o.s.core.env.MutablePropertySources - Adding [defaultProperties] PropertySource with lowest search precedence
2018-01-08 23:46:29 [main] DEBUG o.s.core.env.MutablePropertySources - Adding [localProperties] PropertySource with lowest search precedence
2018-01-08 23:46:29 [main] DEBUG o.s.b.f.s.DefaultListableBeanFactory - Returning cached instance of singleton bean 'org.springframework.transaction.config.internalTransactionAdvisor'
2018-01-08 23:46:29 [main] DEBUG o.s.b.f.s.DefaultListableBeanFactory - Finished creating instance of bean 'infoEndpoint'
2018-01-08 23:46:29 [main] DEBUG o.s.b.f.s.DefaultListableBeanFactory - Creating shared instance of singleton bean 'metricsEndpoint'
2018-01-08 23:46:29 [main] DEBUG o.s.b.f.s.DefaultListableBeanFactory - Creating instance of bean 'metricsEndpoint'
2018-01-08 23:46:29 [main] DEBUG o.s.b.f.s.DefaultListableBeanFactory - Returning cached instance of singleton bean 'org.springframework.boot.actuate.autoconfigure.EndpointAutoConfiguration'
2018-01-08 23:46:29 [main] DEBUG o.s.b.f.s.DefaultListableBeanFactory - Eagerly caching bean 'metricsEndpoint' to allow for resolving potential circular references
2018-01-08 23:46:29 [main] DEBUG o.s.core.env.MutablePropertySources - Adding [decrypted] PropertySource with lowest search precedence
2018-01-08 23:46:29 [main] DEBUG o.s.core.env.MutablePropertySources - Adding [Inlined Test Properties] PropertySource with lowest search precedence
2018-01-08 23:46:29 [main] DEBUG o.s.core.env.MutablePropertySources - Adding [systemProperties] PropertySource with lowest search precedence
2018-01-08 23:46:29 [main] DEBUG o.s.core.env.MutablePropertySources - Adding [systemEnvironment] PropertySource with lowest search precedence
2018-01-08 23:46:29 [main] DEBUG o.s.core.env.MutablePropertySources - Adding [random] PropertySource with lowest search precedence
2018-01-08 23:46:29 [main] DEBUG o.s.core.env.MutablePropertySources - Adding [configServerClient] PropertySource with lowest search precedence
2018-01-08 23:46:29 [main] DEBUG o.s.core.env.MutablePropertySources - Adding [applicationConfig: [classpath:/application.yml]] PropertySource with lowest search precedence
2018-01-08 23:46:29 [main] DEBUG o.s.core.env.MutablePropertySources - Adding [springCloudClientHostInfo] PropertySource with lowest search precedence
2018-01-08 23:46:29 [main] DEBUG o.s.core.env.MutablePropertySources - Adding [defaultProperties] PropertySource with lowest search precedence
2018-01-08 23:46:29 [main] DEBUG o.s.core.env.MutablePropertySources - Adding [localProperties] PropertySource with lowest search precedence
2018-01-08 23:46:29 [main] DEBUG o.s.b.f.s.DefaultListableBeanFactory - Returning cached instance of singleton bean 'org.springframework.transaction.config.internalTransactionAdvisor'
2018-01-08 23:46:29 [main] DEBUG o.s.b.f.s.DefaultListableBeanFactory - Finished creating instance of bean 'metricsEndpoint'
2018-01-08 23:46:29 [main] DEBUG o.s.b.f.s.DefaultListableBeanFactory - Creating shared instance of singleton bean 'traceEndpoint'
2018-01-08 23:46:29 [main] DEBUG o.s.b.f.s.DefaultListableBeanFactory - Creating instance of bean 'traceEndpoint'
2018-01-08 23:46:29 [main] DEBUG o.s.b.f.s.DefaultListableBeanFactory - Returning cached instance of singleton bean 'org.springframework.boot.actuate.autoconfigure.EndpointAutoConfiguration'
2018-01-08 23:46:29 [main] DEBUG o.s.b.f.s.DefaultListableBeanFactory - Eagerly caching bean 'traceEndpoint' to allow for resolving potential circular references
2018-01-08 23:46:29 [main] DEBUG o.s.core.env.MutablePropertySources - Adding [decrypted] PropertySource with lowest search precedence
2018-01-08 23:46:29 [main] DEBUG o.s.core.env.MutablePropertySources - Adding [Inlined Test Properties] PropertySource with lowest search precedence
2018-01-08 23:46:29 [main] DEBUG o.s.core.env.MutablePropertySources - Adding [systemProperties] PropertySource with lowest search precedence
2018-01-08 23:46:29 [main] DEBUG o.s.core.env.MutablePropertySources - Adding [systemEnvironment] PropertySource with lowest search precedence
2018-01-08 23:46:29 [main] DEBUG o.s.core.env.MutablePropertySources - Adding [random] PropertySource with lowest search precedence
2018-01-08 23:46:29 [main] DEBUG o.s.core.env.MutablePropertySources - Adding [configServerClient] PropertySource with lowest search precedence
2018-01-08 23:46:29 [main] DEBUG o.s.core.env.MutablePropertySources - Adding [applicationConfig: [classpath:/application.yml]] PropertySource with lowest search precedence
2018-01-08 23:46:29 [main] DEBUG o.s.core.env.MutablePropertySources - Adding [springCloudClientHostInfo] PropertySource with lowest search precedence
2018-01-08 23:46:29 [main] DEBUG o.s.core.env.MutablePropertySources - Adding [defaultProperties] PropertySource with lowest search precedence
2018-01-08 23:46:29 [main] DEBUG o.s.core.env.MutablePropertySources - Adding [localProperties] PropertySource with lowest search precedence
2018-01-08 23:46:29 [main] DEBUG o.s.b.f.s.DefaultListableBeanFactory - Returning cached instance of singleton bean 'org.springframework.transaction.config.internalTransactionAdvisor'
2018-01-08 23:46:29 [main] DEBUG o.s.b.f.s.DefaultListableBeanFactory - Finished creating instance of bean 'traceEndpoint'
2018-01-08 23:46:29 [main] DEBUG o.s.b.f.s.DefaultListableBeanFactory - Creating shared instance of singleton bean 'dumpEndpoint'
2018-01-08 23:46:29 [main] DEBUG o.s.b.f.s.DefaultListableBeanFactory - Creating instance of bean 'dumpEndpoint'
2018-01-08 23:46:29 [main] DEBUG o.s.b.f.s.DefaultListableBeanFactory - Returning cached instance of singleton bean 'org.springframework.boot.actuate.autoconfigure.EndpointAutoConfiguration'
2018-01-08 23:46:29 [main] DEBUG o.s.b.f.s.DefaultListableBeanFactory - Eagerly caching bean 'dumpEndpoint' to allow for resolving potential circular references
2018-01-08 23:46:29 [main] DEBUG o.s.core.env.MutablePropertySources - Adding [decrypted] PropertySource with lowest search precedence
2018-01-08 23:46:29 [main] DEBUG o.s.core.env.MutablePropertySources - Adding [Inlined Test Properties] PropertySource with lowest search precedence
2018-01-08 23:46:29 [main] DEBUG o.s.core.env.MutablePropertySources - Adding [systemProperties] PropertySource with lowest search precedence
2018-01-08 23:46:29 [main] DEBUG o.s.core.env.MutablePropertySources - Adding [systemEnvironment] PropertySource with lowest search precedence
2018-01-08 23:46:29 [main] DEBUG o.s.core.env.MutablePropertySources - Adding [random] PropertySource with lowest search precedence
2018-01-08 23:46:29 [main] DEBUG o.s.core.env.MutablePropertySources - Adding [configServerClient] PropertySource with lowest search precedence
2018-01-08 23:46:29 [main] DEBUG o.s.core.env.MutablePropertySources - Adding [applicationConfig: [classpath:/application.yml]] PropertySource with lowest search precedence
2018-01-08 23:46:29 [main] DEBUG o.s.core.env.MutablePropertySources - Adding [springCloudClientHostInfo] PropertySource with lowest search precedence
2018-01-08 23:46:29 [main] DEBUG o.s.core.env.MutablePropertySources - Adding [defaultProperties] PropertySource with lowest search precedence
2018-01-08 23:46:29 [main] DEBUG o.s.core.env.MutablePropertySources - Adding [localProperties] PropertySource with lowest search precedence
2018-01-08 23:46:29 [main] DEBUG o.s.b.f.s.DefaultListableBeanFactory - Returning cached instance of singleton bean 'org.springframework.transaction.config.internalTransactionAdvisor'
2018-01-08 23:46:29 [main] DEBUG o.s.b.f.s.DefaultListableBeanFactory - Finished creating instance of bean 'dumpEndpoint'
2018-01-08 23:46:29 [main] DEBUG o.s.b.f.s.DefaultListableBeanFactory - Creating shared instance of singleton bean 'autoConfigurationReportEndpoint'
2018-01-08 23:46:29 [main] DEBUG o.s.b.f.s.DefaultListableBeanFactory - Creating instance of bean 'autoConfigurationReportEndpoint'
2018-01-08 23:46:29 [main] DEBUG o.s.b.f.s.DefaultListableBeanFactory - Returning cached instance of singleton bean 'org.springframework.boot.actuate.autoconfigure.EndpointAutoConfiguration'
2018-01-08 23:46:29 [main] DEBUG o.s.b.f.annotation.InjectionMetadata - Registered injected element on class [org.springframework.boot.actuate.endpoint.AutoConfigurationReportEndpoint]: AutowiredFieldElement for private org.springframework.boot.autoconfigure.condition.ConditionEvaluationReport org.springframework.boot.actuate.endpoint.AutoConfigurationReportEndpoint.autoConfigurationReport
2018-01-08 23:46:29 [main] DEBUG o.s.b.f.s.DefaultListableBeanFactory - Eagerly caching bean 'autoConfigurationReportEndpoint' to allow for resolving potential circular references
2018-01-08 23:46:29 [main] DEBUG o.s.b.f.annotation.InjectionMetadata - Processing injected element of bean 'autoConfigurationReportEndpoint': AutowiredFieldElement for private org.springframework.boot.autoconfigure.condition.ConditionEvaluationReport org.springframework.boot.actuate.endpoint.AutoConfigurationReportEndpoint.autoConfigurationReport
2018-01-08 23:46:29 [main] DEBUG o.s.b.f.s.DefaultListableBeanFactory - Returning cached instance of singleton bean 'autoConfigurationReport'
2018-01-08 23:46:29 [main] DEBUG o.s.b.f.a.AutowiredAnnotationBeanPostProcessor - Autowiring by type from bean name 'autoConfigurationReportEndpoint' to bean named 'autoConfigurationReport'
2018-01-08 23:46:29 [main] DEBUG o.s.core.env.MutablePropertySources - Adding [decrypted] PropertySource with lowest search precedence
2018-01-08 23:46:29 [main] DEBUG o.s.core.env.MutablePropertySources - Adding [Inlined Test Properties] PropertySource with lowest search precedence
2018-01-08 23:46:29 [main] DEBUG o.s.core.env.MutablePropertySources - Adding [systemProperties] PropertySource with lowest search precedence
2018-01-08 23:46:29 [main] DEBUG o.s.core.env.MutablePropertySources - Adding [systemEnvironment] PropertySource with lowest search precedence
2018-01-08 23:46:29 [main] DEBUG o.s.core.env.MutablePropertySources - Adding [random] PropertySource with lowest search precedence
2018-01-08 23:46:29 [main] DEBUG o.s.core.env.MutablePropertySources - Adding [configServerClient] PropertySource with lowest search precedence
2018-01-08 23:46:29 [main] DEBUG o.s.core.env.MutablePropertySources - Adding [applicationConfig: [classpath:/application.yml]] PropertySource with lowest search precedence
2018-01-08 23:46:29 [main] DEBUG o.s.core.env.MutablePropertySources - Adding [springCloudClientHostInfo] PropertySource with lowest search precedence
2018-01-08 23:46:29 [main] DEBUG o.s.core.env.MutablePropertySources - Adding [defaultProperties] PropertySource with lowest search precedence
2018-01-08 23:46:29 [main] DEBUG o.s.core.env.MutablePropertySources - Adding [localProperties] PropertySource with lowest search precedence
2018-01-08 23:46:29 [main] DEBUG o.s.b.f.s.DefaultListableBeanFactory - Returning cached instance of singleton bean 'org.springframework.transaction.config.internalTransactionAdvisor'
2018-01-08 23:46:29 [main] DEBUG o.s.b.f.s.DefaultListableBeanFactory - Finished creating instance of bean 'autoConfigurationReportEndpoint'
2018-01-08 23:46:29 [main] DEBUG o.s.b.f.s.DefaultListableBeanFactory - Creating shared instance of singleton bean 'shutdownEndpoint'
2018-01-08 23:46:29 [main] DEBUG o.s.b.f.s.DefaultListableBeanFactory - Creating instance of bean 'shutdownEndpoint'
2018-01-08 23:46:29 [main] DEBUG o.s.b.f.s.DefaultListableBeanFactory - Returning cached instance of singleton bean 'org.springframework.boot.actuate.autoconfigure.EndpointAutoConfiguration'
2018-01-08 23:46:29 [main] DEBUG o.s.b.f.s.DefaultListableBeanFactory - Eagerly caching bean 'shutdownEndpoint' to allow for resolving potential circular references
2018-01-08 23:46:29 [main] DEBUG o.s.core.env.MutablePropertySources - Adding [decrypted] PropertySource with lowest search precedence
2018-01-08 23:46:29 [main] DEBUG o.s.core.env.MutablePropertySources - Adding [Inlined Test Properties] PropertySource with lowest search precedence
2018-01-08 23:46:29 [main] DEBUG o.s.core.env.MutablePropertySources - Adding [systemProperties] PropertySource with lowest search precedence
2018-01-08 23:46:29 [main] DEBUG o.s.core.env.MutablePropertySources - Adding [systemEnvironment] PropertySource with lowest search precedence
2018-01-08 23:46:29 [main] DEBUG o.s.core.env.MutablePropertySources - Adding [random] PropertySource with lowest search precedence
2018-01-08 23:46:29 [main] DEBUG o.s.core.env.MutablePropertySources - Adding [configServerClient] PropertySource with lowest search precedence
2018-01-08 23:46:29 [main] DEBUG o.s.core.env.MutablePropertySources - Adding [applicationConfig: [classpath:/application.yml]] PropertySource with lowest search precedence
2018-01-08 23:46:29 [main] DEBUG o.s.core.env.MutablePropertySources - Adding [springCloudClientHostInfo] PropertySource with lowest search precedence
2018-01-08 23:46:29 [main] DEBUG o.s.core.env.MutablePropertySources - Adding [defaultProperties] PropertySource with lowest search precedence
2018-01-08 23:46:29 [main] DEBUG o.s.core.env.MutablePropertySources - Adding [localProperties] PropertySource with lowest search precedence
2018-01-08 23:46:29 [main] DEBUG o.s.b.f.s.DefaultListableBeanFactory - Returning cached instance of singleton bean 'org.springframework.transaction.config.internalTransactionAdvisor'
2018-01-08 23:46:29 [main] DEBUG o.s.b.f.s.DefaultListableBeanFactory - Finished creating instance of bean 'shutdownEndpoint'
2018-01-08 23:46:29 [main] DEBUG o.s.b.f.s.DefaultListableBeanFactory - Creating shared instance of singleton bean 'configurationPropertiesReportEndpoint'
2018-01-08 23:46:29 [main] DEBUG o.s.b.f.s.DefaultListableBeanFactory - Creating instance of bean 'configurationPropertiesReportEndpoint'
2018-01-08 23:46:29 [main] DEBUG o.s.b.f.s.DefaultListableBeanFactory - Returning cached instance of singleton bean 'org.springframework.boot.actuate.autoconfigure.EndpointAutoConfiguration'
2018-01-08 23:46:29 [main] DEBUG o.s.b.f.s.DefaultListableBeanFactory - Eagerly caching bean 'configurationPropertiesReportEndpoint' to allow for resolving potential circular references
2018-01-08 23:46:29 [main] DEBUG o.s.core.env.MutablePropertySources - Adding [decrypted] PropertySource with lowest search precedence
2018-01-08 23:46:29 [main] DEBUG o.s.core.env.MutablePropertySources - Adding [Inlined Test Properties] PropertySource with lowest search precedence
2018-01-08 23:46:29 [main] DEBUG o.s.core.env.MutablePropertySources - Adding [systemProperties] PropertySource with lowest search precedence
2018-01-08 23:46:29 [main] DEBUG o.s.core.env.MutablePropertySources - Adding [systemEnvironment] PropertySource with lowest search precedence
2018-01-08 23:46:29 [main] DEBUG o.s.core.env.MutablePropertySources - Adding [random] PropertySource with lowest search precedence
2018-01-08 23:46:29 [main] DEBUG o.s.core.env.MutablePropertySources - Adding [configServerClient] PropertySource with lowest search precedence
2018-01-08 23:46:29 [main] DEBUG o.s.core.env.MutablePropertySources - Adding [applicationConfig: [classpath:/application.yml]] PropertySource with lowest search precedence
2018-01-08 23:46:29 [main] DEBUG o.s.core.env.MutablePropertySources - Adding [springCloudClientHostInfo] PropertySource with lowest search precedence
2018-01-08 23:46:29 [main] DEBUG o.s.core.env.MutablePropertySources - Adding [defaultProperties] PropertySource with lowest search precedence
2018-01-08 23:46:29 [main] DEBUG o.s.core.env.MutablePropertySources - Adding [localProperties] PropertySource with lowest search precedence
2018-01-08 23:46:29 [main] DEBUG o.s.b.f.s.DefaultListableBeanFactory - Returning cached instance of singleton bean 'org.springframework.transaction.config.internalTransactionAdvisor'
2018-01-08 23:46:29 [main] DEBUG o.s.b.f.s.DefaultListableBeanFactory - Finished creating instance of bean 'configurationPropertiesReportEndpoint'
2018-01-08 23:46:29 [main] DEBUG o.s.b.f.s.DefaultListableBeanFactory - Creating shared instance of singleton bean 'endpoints-org.springframework.boot.actuate.endpoint.EndpointProperties'
2018-01-08 23:46:29 [main] DEBUG o.s.b.f.s.DefaultListableBeanFactory - Creating instance of bean 'endpoints-org.springframework.boot.actuate.endpoint.EndpointProperties'
2018-01-08 23:46:29 [main] DEBUG o.s.b.f.s.DefaultListableBeanFactory - Eagerly caching bean 'endpoints-org.springframework.boot.actuate.endpoint.EndpointProperties' to allow for resolving potential circular references
2018-01-08 23:46:29 [main] DEBUG o.s.core.env.MutablePropertySources - Adding [decrypted] PropertySource with lowest search precedence
2018-01-08 23:46:29 [main] DEBUG o.s.core.env.MutablePropertySources - Adding [Inlined Test Properties] PropertySource with lowest search precedence
2018-01-08 23:46:29 [main] DEBUG o.s.core.env.MutablePropertySources - Adding [systemProperties] PropertySource with lowest search precedence
2018-01-08 23:46:29 [main] DEBUG o.s.core.env.MutablePropertySources - Adding [systemEnvironment] PropertySource with lowest search precedence
2018-01-08 23:46:29 [main] DEBUG o.s.core.env.MutablePropertySources - Adding [random] PropertySource with lowest search precedence
2018-01-08 23:46:29 [main] DEBUG o.s.core.env.MutablePropertySources - Adding [configServerClient] PropertySource with lowest search precedence
2018-01-08 23:46:29 [main] DEBUG o.s.core.env.MutablePropertySources - Adding [applicationConfig: [classpath:/application.yml]] PropertySource with lowest search precedence
2018-01-08 23:46:29 [main] DEBUG o.s.core.env.MutablePropertySources - Adding [springCloudClientHostInfo] PropertySource with lowest search precedence
2018-01-08 23:46:29 [main] DEBUG o.s.core.env.MutablePropertySources - Adding [defaultProperties] PropertySource with lowest search precedence
2018-01-08 23:46:29 [main] DEBUG o.s.core.env.MutablePropertySources - Adding [localProperties] PropertySource with lowest search precedence
2018-01-08 23:46:29 [main] DEBUG o.s.b.f.s.DefaultListableBeanFactory - Returning cached instance of singleton bean 'org.springframework.transaction.config.internalTransactionAdvisor'
2018-01-08 23:46:29 [main] DEBUG o.s.b.f.s.DefaultListableBeanFactory - Finished creating instance of bean 'endpoints-org.springframework.boot.actuate.endpoint.EndpointProperties'
2018-01-08 23:46:29 [main] DEBUG o.s.b.f.s.DefaultListableBeanFactory - Returning cached instance of singleton bean 'org.springframework.boot.autoconfigure.web.ServerPropertiesAutoConfiguration'
2018-01-08 23:46:29 [main] DEBUG o.s.b.f.s.DefaultListableBeanFactory - Returning cached instance of singleton bean 'serverProperties'
2018-01-08 23:46:29 [main] DEBUG o.s.b.f.s.DefaultListableBeanFactory - Returning cached instance of singleton bean 'duplicateServerPropertiesDetector'
2018-01-08 23:46:29 [main] DEBUG o.s.b.f.s.DefaultListableBeanFactory - Returning cached instance of singleton bean 'org.springframework.boot.actuate.autoconfigure.ManagementServerPropertiesAutoConfiguration'
2018-01-08 23:46:29 [main] DEBUG o.s.b.f.s.DefaultListableBeanFactory - Returning cached instance of singleton bean 'managementServerProperties'
2018-01-08 23:46:29 [main] DEBUG o.s.b.f.s.DefaultListableBeanFactory - Returning cached instance of singleton bean 'org.springframework.boot.autoconfigure.web.HttpMessageConvertersAutoConfiguration$StringHttpMessageConverterConfiguration'
2018-01-08 23:46:29 [main] DEBUG o.s.b.f.s.DefaultListableBeanFactory - Returning cached instance of singleton bean 'stringHttpMessageConverter'
2018-01-08 23:46:29 [main] DEBUG o.s.b.f.s.DefaultListableBeanFactory - Returning cached instance of singleton bean 'spring.http.encoding-org.springframework.boot.autoconfigure.web.HttpEncodingProperties'
2018-01-08 23:46:29 [main] DEBUG o.s.b.f.s.DefaultListableBeanFactory - Returning cached instance of singleton bean 'org.springframework.boot.autoconfigure.web.JacksonHttpMessageConvertersConfiguration$MappingJackson2XmlHttpMessageConverterConfiguration'
2018-01-08 23:46:29 [main] DEBUG o.s.b.f.s.DefaultListableBeanFactory - Returning cached instance of singleton bean 'mappingJackson2XmlHttpMessageConverter'
2018-01-08 23:46:29 [main] DEBUG o.s.b.f.s.DefaultListableBeanFactory - Returning cached instance of singleton bean 'org.springframework.boot.autoconfigure.web.JacksonHttpMessageConvertersConfiguration$MappingJackson2HttpMessageConverterConfiguration'
2018-01-08 23:46:29 [main] DEBUG o.s.b.f.s.DefaultListableBeanFactory - Returning cached instance of singleton bean 'mappingJackson2HttpMessageConverter'
2018-01-08 23:46:29 [main] DEBUG o.s.b.f.s.DefaultListableBeanFactory - Creating shared instance of singleton bean 'org.springframework.boot.autoconfigure.web.JacksonHttpMessageConvertersConfiguration'
2018-01-08 23:46:29 [main] DEBUG o.s.b.f.s.DefaultListableBeanFactory - Creating instance of bean 'org.springframework.boot.autoconfigure.web.JacksonHttpMessageConvertersConfiguration'
2018-01-08 23:46:29 [main] DEBUG o.s.b.f.s.DefaultListableBeanFactory - Eagerly caching bean 'org.springframework.boot.autoconfigure.web.JacksonHttpMessageConvertersConfiguration' to allow for resolving potential circular references
2018-01-08 23:46:29 [main] DEBUG o.s.b.f.s.DefaultListableBeanFactory - Returning cached instance of singleton bean 'org.springframework.transaction.config.internalTransactionAdvisor'
2018-01-08 23:46:29 [main] DEBUG o.s.b.f.s.DefaultListableBeanFactory - Finished creating instance of bean 'org.springframework.boot.autoconfigure.web.JacksonHttpMessageConvertersConfiguration'
2018-01-08 23:46:29 [main] DEBUG o.s.b.f.s.DefaultListableBeanFactory - Returning cached instance of singleton bean 'org.springframework.boot.autoconfigure.web.HttpMessageConvertersAutoConfiguration'
2018-01-08 23:46:29 [main] DEBUG o.s.b.f.s.DefaultListableBeanFactory - Returning cached instance of singleton bean 'messageConverters'
2018-01-08 23:46:29 [main] DEBUG o.s.b.f.s.DefaultListableBeanFactory - Returning cached instance of singleton bean 'org.springframework.boot.actuate.autoconfigure.EndpointWebMvcManagementContextConfiguration'
2018-01-08 23:46:29 [main] DEBUG o.s.b.f.s.DefaultListableBeanFactory - Creating shared instance of singleton bean 'endpointHandlerMapping'
2018-01-08 23:46:29 [main] DEBUG o.s.b.f.s.DefaultListableBeanFactory - Creating instance of bean 'endpointHandlerMapping'
2018-01-08 23:46:29 [main] DEBUG o.s.b.f.s.DefaultListableBeanFactory - Returning cached instance of singleton bean 'org.springframework.boot.actuate.autoconfigure.EndpointWebMvcManagementContextConfiguration'
2018-01-08 23:46:29 [main] DEBUG o.s.b.f.s.DefaultListableBeanFactory - Creating shared instance of singleton bean 'mvcEndpoints'
2018-01-08 23:46:29 [main] DEBUG o.s.b.f.s.DefaultListableBeanFactory - Creating instance of bean 'mvcEndpoints'
2018-01-08 23:46:29 [main] DEBUG o.s.b.f.s.DefaultListableBeanFactory - Returning cached instance of singleton bean 'org.springframework.boot.actuate.autoconfigure.EndpointWebMvcManagementContextConfiguration'
2018-01-08 23:46:29 [main] DEBUG o.s.b.f.s.DefaultListableBeanFactory - Eagerly caching bean 'mvcEndpoints' to allow for resolving potential circular references
2018-01-08 23:46:29 [main] DEBUG o.s.b.f.s.DefaultListableBeanFactory - Invoking afterPropertiesSet() on bean with name 'mvcEndpoints'
2018-01-08 23:46:29 [main] DEBUG o.s.b.f.s.DefaultListableBeanFactory - Creating shared instance of singleton bean 'environmentMvcEndpoint'
2018-01-08 23:46:29 [main] DEBUG o.s.b.f.s.DefaultListableBeanFactory - Creating instance of bean 'environmentMvcEndpoint'
2018-01-08 23:46:29 [main] DEBUG o.s.b.f.s.DefaultListableBeanFactory - Returning cached instance of singleton bean 'org.springframework.boot.actuate.autoconfigure.EndpointWebMvcManagementContextConfiguration'
2018-01-08 23:46:29 [main] DEBUG o.s.b.f.s.DefaultListableBeanFactory - Returning cached instance of singleton bean 'environmentEndpoint'
2018-01-08 23:46:29 [main] DEBUG o.s.b.f.s.DefaultListableBeanFactory - Autowiring by type from bean name 'environmentMvcEndpoint' via factory method to bean named 'environmentEndpoint'
2018-01-08 23:46:29 [main] DEBUG o.s.b.f.s.DefaultListableBeanFactory - Eagerly caching bean 'environmentMvcEndpoint' to allow for resolving potential circular references
2018-01-08 23:46:29 [main] DEBUG o.s.core.env.MutablePropertySources - Adding [decrypted] PropertySource with lowest search precedence
2018-01-08 23:46:29 [main] DEBUG o.s.core.env.MutablePropertySources - Adding [Inlined Test Properties] PropertySource with lowest search precedence
2018-01-08 23:46:29 [main] DEBUG o.s.core.env.MutablePropertySources - Adding [systemProperties] PropertySource with lowest search precedence
2018-01-08 23:46:29 [main] DEBUG o.s.core.env.MutablePropertySources - Adding [systemEnvironment] PropertySource with lowest search precedence
2018-01-08 23:46:29 [main] DEBUG o.s.core.env.MutablePropertySources - Adding [random] PropertySource with lowest search precedence
2018-01-08 23:46:29 [main] DEBUG o.s.core.env.MutablePropertySources - Adding [configServerClient] PropertySource with lowest search precedence
2018-01-08 23:46:29 [main] DEBUG o.s.core.env.MutablePropertySources - Adding [applicationConfig: [classpath:/application.yml]] PropertySource with lowest search precedence
2018-01-08 23:46:29 [main] DEBUG o.s.core.env.MutablePropertySources - Adding [springCloudClientHostInfo] PropertySource with lowest search precedence
2018-01-08 23:46:29 [main] DEBUG o.s.core.env.MutablePropertySources - Adding [defaultProperties] PropertySource with lowest search precedence
2018-01-08 23:46:29 [main] DEBUG o.s.core.env.MutablePropertySources - Adding [localProperties] PropertySource with lowest search precedence
2018-01-08 23:46:29 [main] DEBUG o.s.b.f.s.DefaultListableBeanFactory - Returning cached instance of singleton bean 'org.springframework.transaction.config.internalTransactionAdvisor'
2018-01-08 23:46:29 [main] DEBUG o.s.b.f.s.DefaultListableBeanFactory - Finished creating instance of bean 'environmentMvcEndpoint'
2018-01-08 23:46:29 [main] DEBUG o.s.b.f.s.DefaultListableBeanFactory - Returning cached instance of singleton bean 'heapdumpMvcEndpoint'
2018-01-08 23:46:29 [main] DEBUG o.s.b.f.s.DefaultListableBeanFactory - Creating shared instance of singleton bean 'healthMvcEndpoint'
2018-01-08 23:46:29 [main] DEBUG o.s.b.f.s.DefaultListableBeanFactory - Creating instance of bean 'healthMvcEndpoint'
2018-01-08 23:46:29 [main] DEBUG o.s.b.f.s.DefaultListableBeanFactory - Returning cached instance of singleton bean 'org.springframework.boot.actuate.autoconfigure.EndpointWebMvcManagementContextConfiguration'
2018-01-08 23:46:29 [main] DEBUG o.s.b.f.s.DefaultListableBeanFactory - Returning cached instance of singleton bean 'healthEndpoint'
2018-01-08 23:46:29 [main] DEBUG o.s.b.f.s.DefaultListableBeanFactory - Autowiring by type from bean name 'healthMvcEndpoint' via factory method to bean named 'healthEndpoint'
2018-01-08 23:46:29 [main] DEBUG o.s.b.f.s.DefaultListableBeanFactory - Eagerly caching bean 'healthMvcEndpoint' to allow for resolving potential circular references
2018-01-08 23:46:29 [main] DEBUG o.s.core.env.MutablePropertySources - Adding [decrypted] PropertySource with lowest search precedence
2018-01-08 23:46:29 [main] DEBUG o.s.core.env.MutablePropertySources - Adding [Inlined Test Properties] PropertySource with lowest search precedence
2018-01-08 23:46:29 [main] DEBUG o.s.core.env.MutablePropertySources - Adding [systemProperties] PropertySource with lowest search precedence
2018-01-08 23:46:29 [main] DEBUG o.s.core.env.MutablePropertySources - Adding [systemEnvironment] PropertySource with lowest search precedence
2018-01-08 23:46:29 [main] DEBUG o.s.core.env.MutablePropertySources - Adding [random] PropertySource with lowest search precedence
2018-01-08 23:46:29 [main] DEBUG o.s.core.env.MutablePropertySources - Adding [configServerClient] PropertySource with lowest search precedence
2018-01-08 23:46:29 [main] DEBUG o.s.core.env.MutablePropertySources - Adding [applicationConfig: [classpath:/application.yml]] PropertySource with lowest search precedence
2018-01-08 23:46:29 [main] DEBUG o.s.core.env.MutablePropertySources - Adding [springCloudClientHostInfo] PropertySource with lowest search precedence
2018-01-08 23:46:29 [main] DEBUG o.s.core.env.MutablePropertySources - Adding [defaultProperties] PropertySource with lowest search precedence
2018-01-08 23:46:29 [main] DEBUG o.s.core.env.MutablePropertySources - Adding [localProperties] PropertySource with lowest search precedence
2018-01-08 23:46:29 [main] DEBUG o.s.b.f.s.DefaultListableBeanFactory - Returning cached instance of singleton bean 'org.springframework.transaction.config.internalTransactionAdvisor'
2018-01-08 23:46:29 [main] DEBUG o.s.b.f.s.DefaultListableBeanFactory - Finished creating instance of bean 'healthMvcEndpoint'
2018-01-08 23:46:29 [main] DEBUG o.s.b.f.s.DefaultListableBeanFactory - Creating shared instance of singleton bean 'metricsMvcEndpoint'
2018-01-08 23:46:29 [main] DEBUG o.s.b.f.s.DefaultListableBeanFactory - Creating instance of bean 'metricsMvcEndpoint'
2018-01-08 23:46:29 [main] DEBUG o.s.b.f.s.DefaultListableBeanFactory - Returning cached instance of singleton bean 'org.springframework.boot.actuate.autoconfigure.EndpointWebMvcManagementContextConfiguration'
2018-01-08 23:46:29 [main] DEBUG o.s.b.f.s.DefaultListableBeanFactory - Returning cached instance of singleton bean 'metricsEndpoint'
2018-01-08 23:46:29 [main] DEBUG o.s.b.f.s.DefaultListableBeanFactory - Autowiring by type from bean name 'metricsMvcEndpoint' via factory method to bean named 'metricsEndpoint'
2018-01-08 23:46:29 [main] DEBUG o.s.b.f.s.DefaultListableBeanFactory - Eagerly caching bean 'metricsMvcEndpoint' to allow for resolving potential circular references
2018-01-08 23:46:29 [main] DEBUG o.s.core.env.MutablePropertySources - Adding [decrypted] PropertySource with lowest search precedence
2018-01-08 23:46:29 [main] DEBUG o.s.core.env.MutablePropertySources - Adding [Inlined Test Properties] PropertySource with lowest search precedence
2018-01-08 23:46:29 [main] DEBUG o.s.core.env.MutablePropertySources - Adding [systemProperties] PropertySource with lowest search precedence
2018-01-08 23:46:29 [main] DEBUG o.s.core.env.MutablePropertySources - Adding [systemEnvironment] PropertySource with lowest search precedence
2018-01-08 23:46:29 [main] DEBUG o.s.core.env.MutablePropertySources - Adding [random] PropertySource with lowest search precedence
2018-01-08 23:46:29 [main] DEBUG o.s.core.env.MutablePropertySources - Adding [configServerClient] PropertySource with lowest search precedence
2018-01-08 23:46:29 [main] DEBUG o.s.core.env.MutablePropertySources - Adding [applicationConfig: [classpath:/application.yml]] PropertySource with lowest search precedence
2018-01-08 23:46:29 [main] DEBUG o.s.core.env.MutablePropertySources - Adding [springCloudClientHostInfo] PropertySource with lowest search precedence
2018-01-08 23:46:29 [main] DEBUG o.s.core.env.MutablePropertySources - Adding [defaultProperties] PropertySource with lowest search precedence
2018-01-08 23:46:29 [main] DEBUG o.s.core.env.MutablePropertySources - Adding [localProperties] PropertySource with lowest search precedence
2018-01-08 23:46:29 [main] DEBUG o.s.b.f.s.DefaultListableBeanFactory - Returning cached instance of singleton bean 'org.springframework.transaction.config.internalTransactionAdvisor'
2018-01-08 23:46:29 [main] DEBUG o.s.b.f.s.DefaultListableBeanFactory - Finished creating instance of bean 'metricsMvcEndpoint'
2018-01-08 23:46:29 [main] DEBUG o.s.b.f.s.DefaultListableBeanFactory - Creating shared instance of singleton bean 'environmentManagerEndpoint'
2018-01-08 23:46:29 [main] DEBUG o.s.b.f.s.DefaultListableBeanFactory - Creating instance of bean 'environmentManagerEndpoint'
2018-01-08 23:46:29 [main] DEBUG o.s.b.f.s.DefaultListableBeanFactory - Creating shared instance of singleton bean 'org.springframework.cloud.autoconfigure.LifecycleMvcEndpointAutoConfiguration'
2018-01-08 23:46:29 [main] DEBUG o.s.b.f.s.DefaultListableBeanFactory - Creating instance of bean 'org.springframework.cloud.autoconfigure.LifecycleMvcEndpointAutoConfiguration'
2018-01-08 23:46:29 [main] DEBUG o.s.b.f.annotation.InjectionMetadata - Registered injected element on class [org.springframework.cloud.autoconfigure.LifecycleMvcEndpointAutoConfiguration$$EnhancerBySpringCGLIB$$383d66f3]: AutowiredFieldElement for private org.springframework.cloud.context.restart.RestartEndpoint org.springframework.cloud.autoconfigure.LifecycleMvcEndpointAutoConfiguration.restartEndpoint
2018-01-08 23:46:29 [main] DEBUG o.s.b.f.s.DefaultListableBeanFactory - Eagerly caching bean 'org.springframework.cloud.autoconfigure.LifecycleMvcEndpointAutoConfiguration' to allow for resolving potential circular references
2018-01-08 23:46:29 [main] DEBUG o.s.b.f.annotation.InjectionMetadata - Processing injected element of bean 'org.springframework.cloud.autoconfigure.LifecycleMvcEndpointAutoConfiguration': AutowiredFieldElement for private org.springframework.cloud.context.restart.RestartEndpoint org.springframework.cloud.autoconfigure.LifecycleMvcEndpointAutoConfiguration.restartEndpoint
2018-01-08 23:46:29 [main] DEBUG o.s.b.f.s.DefaultListableBeanFactory - Creating shared instance of singleton bean 'restartEndpoint'
2018-01-08 23:46:29 [main] DEBUG o.s.b.f.s.DefaultListableBeanFactory - Creating instance of bean 'restartEndpoint'
2018-01-08 23:46:29 [main] DEBUG o.s.b.f.s.DefaultListableBeanFactory - Creating shared instance of singleton bean 'org.springframework.cloud.autoconfigure.RefreshEndpointAutoConfiguration$RestartEndpointWithoutIntegration'
2018-01-08 23:46:29 [main] DEBUG o.s.b.f.s.DefaultListableBeanFactory - Creating instance of bean 'org.springframework.cloud.autoconfigure.RefreshEndpointAutoConfiguration$RestartEndpointWithoutIntegration'
2018-01-08 23:46:29 [main] DEBUG o.s.b.f.s.DefaultListableBeanFactory - Eagerly caching bean 'org.springframework.cloud.autoconfigure.RefreshEndpointAutoConfiguration$RestartEndpointWithoutIntegration' to allow for resolving potential circular references
2018-01-08 23:46:29 [main] DEBUG o.s.b.f.s.DefaultListableBeanFactory - Returning cached instance of singleton bean 'org.springframework.transaction.config.internalTransactionAdvisor'
2018-01-08 23:46:29 [main] DEBUG o.s.b.f.s.DefaultListableBeanFactory - Finished creating instance of bean 'org.springframework.cloud.autoconfigure.RefreshEndpointAutoConfiguration$RestartEndpointWithoutIntegration'
2018-01-08 23:46:29 [main] DEBUG o.s.b.f.s.DefaultListableBeanFactory - Eagerly caching bean 'restartEndpoint' to allow for resolving potential circular references
2018-01-08 23:46:29 [main] DEBUG o.s.core.env.MutablePropertySources - Adding [decrypted] PropertySource with lowest search precedence
2018-01-08 23:46:29 [main] DEBUG o.s.core.env.MutablePropertySources - Adding [Inlined Test Properties] PropertySource with lowest search precedence
2018-01-08 23:46:29 [main] DEBUG o.s.core.env.MutablePropertySources - Adding [systemProperties] PropertySource with lowest search precedence
2018-01-08 23:46:29 [main] DEBUG o.s.core.env.MutablePropertySources - Adding [systemEnvironment] PropertySource with lowest search precedence
2018-01-08 23:46:29 [main] DEBUG o.s.core.env.MutablePropertySources - Adding [random] PropertySource with lowest search precedence
2018-01-08 23:46:29 [main] DEBUG o.s.core.env.MutablePropertySources - Adding [configServerClient] PropertySource with lowest search precedence
2018-01-08 23:46:29 [main] DEBUG o.s.core.env.MutablePropertySources - Adding [applicationConfig: [classpath:/application.yml]] PropertySource with lowest search precedence
2018-01-08 23:46:29 [main] DEBUG o.s.core.env.MutablePropertySources - Adding [springCloudClientHostInfo] PropertySource with lowest search precedence
2018-01-08 23:46:29 [main] DEBUG o.s.core.env.MutablePropertySources - Adding [defaultProperties] PropertySource with lowest search precedence
2018-01-08 23:46:29 [main] DEBUG o.s.core.env.MutablePropertySources - Adding [localProperties] PropertySource with lowest search precedence
2018-01-08 23:46:29 [main] DEBUG o.s.b.f.s.DefaultListableBeanFactory - Returning cached instance of singleton bean 'org.springframework.transaction.config.internalTransactionAdvisor'
2018-01-08 23:46:29 [main] DEBUG o.s.b.f.s.DefaultListableBeanFactory - Finished creating instance of bean 'restartEndpoint'
2018-01-08 23:46:29 [main] DEBUG o.s.b.f.a.AutowiredAnnotationBeanPostProcessor - Autowiring by type from bean name 'org.springframework.cloud.autoconfigure.LifecycleMvcEndpointAutoConfiguration' to bean named 'restartEndpoint'
2018-01-08 23:46:29 [main] DEBUG o.s.b.f.s.DefaultListableBeanFactory - Returning cached instance of singleton bean 'org.springframework.transaction.config.internalTransactionAdvisor'
2018-01-08 23:46:29 [main] DEBUG o.s.b.f.s.DefaultListableBeanFactory - Finished creating instance of bean 'org.springframework.cloud.autoconfigure.LifecycleMvcEndpointAutoConfiguration'
2018-01-08 23:46:29 [main] DEBUG o.s.b.f.s.DefaultListableBeanFactory - Returning cached instance of singleton bean 'environmentEndpoint'
2018-01-08 23:46:29 [main] DEBUG o.s.b.f.s.DefaultListableBeanFactory - Creating shared instance of singleton bean 'environmentManager'
2018-01-08 23:46:29 [main] DEBUG o.s.b.f.s.DefaultListableBeanFactory - Creating instance of bean 'environmentManager'
2018-01-08 23:46:29 [main] DEBUG o.s.b.f.s.DefaultListableBeanFactory - Creating shared instance of singleton bean 'org.springframework.cloud.autoconfigure.RefreshAutoConfiguration'
2018-01-08 23:46:29 [main] DEBUG o.s.b.f.s.DefaultListableBeanFactory - Creating instance of bean 'org.springframework.cloud.autoconfigure.RefreshAutoConfiguration'
2018-01-08 23:46:29 [main] DEBUG o.s.b.f.s.DefaultListableBeanFactory - Eagerly caching bean 'org.springframework.cloud.autoconfigure.RefreshAutoConfiguration' to allow for resolving potential circular references
2018-01-08 23:46:29 [main] DEBUG o.s.b.f.s.DefaultListableBeanFactory - Returning cached instance of singleton bean 'org.springframework.transaction.config.internalTransactionAdvisor'
2018-01-08 23:46:29 [main] DEBUG o.s.b.f.s.DefaultListableBeanFactory - Finished creating instance of bean 'org.springframework.cloud.autoconfigure.RefreshAutoConfiguration'
2018-01-08 23:46:29 [main] DEBUG o.s.b.f.s.DefaultListableBeanFactory - Returning cached instance of singleton bean 'environment'
2018-01-08 23:46:29 [main] DEBUG o.s.b.f.s.DefaultListableBeanFactory - Autowiring by type from bean name 'environmentManager' via factory method to bean named 'environment'
2018-01-08 23:46:29 [main] DEBUG o.s.b.f.s.DefaultListableBeanFactory - Eagerly caching bean 'environmentManager' to allow for resolving potential circular references
2018-01-08 23:46:29 [main] DEBUG o.s.b.f.s.DefaultListableBeanFactory - Returning cached instance of singleton bean 'org.springframework.transaction.config.internalTransactionAdvisor'
2018-01-08 23:46:29 [main] DEBUG o.s.b.f.s.DefaultListableBeanFactory - Finished creating instance of bean 'environmentManager'
2018-01-08 23:46:29 [main] DEBUG o.s.b.f.s.DefaultListableBeanFactory - Autowiring by type from bean name 'environmentManagerEndpoint' via factory method to bean named 'environmentEndpoint'
2018-01-08 23:46:29 [main] DEBUG o.s.b.f.s.DefaultListableBeanFactory - Autowiring by type from bean name 'environmentManagerEndpoint' via factory method to bean named 'environmentManager'
2018-01-08 23:46:29 [main] DEBUG o.s.b.f.s.DefaultListableBeanFactory - Eagerly caching bean 'environmentManagerEndpoint' to allow for resolving potential circular references
2018-01-08 23:46:29 [main] DEBUG o.s.b.f.s.DefaultListableBeanFactory - Returning cached instance of singleton bean 'org.springframework.transaction.config.internalTransactionAdvisor'
2018-01-08 23:46:29 [main] DEBUG o.s.b.f.s.DefaultListableBeanFactory - Finished creating instance of bean 'environmentManagerEndpoint'
2018-01-08 23:46:29 [main] DEBUG o.s.b.f.s.DefaultListableBeanFactory - Creating shared instance of singleton bean 'refreshMvcEndpoint'
2018-01-08 23:46:29 [main] DEBUG o.s.b.f.s.DefaultListableBeanFactory - Creating instance of bean 'refreshMvcEndpoint'
2018-01-08 23:46:29 [main] DEBUG o.s.b.f.s.DefaultListableBeanFactory - Returning cached instance of singleton bean 'org.springframework.cloud.autoconfigure.LifecycleMvcEndpointAutoConfiguration'
2018-01-08 23:46:29 [main] DEBUG o.s.b.f.s.DefaultListableBeanFactory - Creating shared instance of singleton bean 'refreshEndpoint'
2018-01-08 23:46:29 [main] DEBUG o.s.b.f.s.DefaultListableBeanFactory - Creating instance of bean 'refreshEndpoint'
2018-01-08 23:46:29 [main] DEBUG o.s.b.f.s.DefaultListableBeanFactory - Creating shared instance of singleton bean 'org.springframework.cloud.autoconfigure.RefreshEndpointAutoConfiguration$RefreshEndpointConfiguration'
2018-01-08 23:46:29 [main] DEBUG o.s.b.f.s.DefaultListableBeanFactory - Creating instance of bean 'org.springframework.cloud.autoconfigure.RefreshEndpointAutoConfiguration$RefreshEndpointConfiguration'
2018-01-08 23:46:29 [main] DEBUG o.s.b.f.s.DefaultListableBeanFactory - Eagerly caching bean 'org.springframework.cloud.autoconfigure.RefreshEndpointAutoConfiguration$RefreshEndpointConfiguration' to allow for resolving potential circular references
2018-01-08 23:46:29 [main] DEBUG o.s.b.f.s.DefaultListableBeanFactory - Returning cached instance of singleton bean 'org.springframework.transaction.config.internalTransactionAdvisor'
2018-01-08 23:46:29 [main] DEBUG o.s.b.f.s.DefaultListableBeanFactory - Finished creating instance of bean 'org.springframework.cloud.autoconfigure.RefreshEndpointAutoConfiguration$RefreshEndpointConfiguration'
2018-01-08 23:46:29 [main] DEBUG o.s.b.f.s.DefaultListableBeanFactory - Creating shared instance of singleton bean 'contextRefresher'
2018-01-08 23:46:29 [main] DEBUG o.s.b.f.s.DefaultListableBeanFactory - Creating instance of bean 'contextRefresher'
2018-01-08 23:46:29 [main] DEBUG o.s.b.f.s.DefaultListableBeanFactory - Returning cached instance of singleton bean 'org.springframework.cloud.autoconfigure.RefreshAutoConfiguration'
2018-01-08 23:46:29 [main] DEBUG o.s.b.f.s.DefaultListableBeanFactory - Returning cached instance of singleton bean 'refreshScope'
2018-01-08 23:46:29 [main] DEBUG o.s.b.f.s.DefaultListableBeanFactory - Autowiring by type from bean name 'contextRefresher' via factory method to bean named 'org.springframework.boot.context.embedded.AnnotationConfigEmbeddedWebApplicationContext@736ac09a'
2018-01-08 23:46:29 [main] DEBUG o.s.b.f.s.DefaultListableBeanFactory - Autowiring by type from bean name 'contextRefresher' via factory method to bean named 'refreshScope'
2018-01-08 23:46:29 [main] DEBUG o.s.b.f.s.DefaultListableBeanFactory - Eagerly caching bean 'contextRefresher' to allow for resolving potential circular references
2018-01-08 23:46:29 [main] DEBUG o.s.b.f.s.DefaultListableBeanFactory - Returning cached instance of singleton bean 'org.springframework.transaction.config.internalTransactionAdvisor'
2018-01-08 23:46:29 [main] DEBUG o.s.b.f.s.DefaultListableBeanFactory - Finished creating instance of bean 'contextRefresher'
2018-01-08 23:46:29 [main] DEBUG o.s.b.f.s.DefaultListableBeanFactory - Autowiring by type from bean name 'refreshEndpoint' via factory method to bean named 'contextRefresher'
2018-01-08 23:46:29 [main] DEBUG o.s.b.f.s.DefaultListableBeanFactory - Eagerly caching bean 'refreshEndpoint' to allow for resolving potential circular references
2018-01-08 23:46:29 [main] DEBUG o.s.core.env.MutablePropertySources - Adding [decrypted] PropertySource with lowest search precedence
2018-01-08 23:46:29 [main] DEBUG o.s.core.env.MutablePropertySources - Adding [Inlined Test Properties] PropertySource with lowest search precedence
2018-01-08 23:46:29 [main] DEBUG o.s.core.env.MutablePropertySources - Adding [systemProperties] PropertySource with lowest search precedence
2018-01-08 23:46:29 [main] DEBUG o.s.core.env.MutablePropertySources - Adding [systemEnvironment] PropertySource with lowest search precedence
2018-01-08 23:46:29 [main] DEBUG o.s.core.env.MutablePropertySources - Adding [random] PropertySource with lowest search precedence
2018-01-08 23:46:29 [main] DEBUG o.s.core.env.MutablePropertySources - Adding [configServerClient] PropertySource with lowest search precedence
2018-01-08 23:46:29 [main] DEBUG o.s.core.env.MutablePropertySources - Adding [applicationConfig: [classpath:/application.yml]] PropertySource with lowest search precedence
2018-01-08 23:46:29 [main] DEBUG o.s.core.env.MutablePropertySources - Adding [springCloudClientHostInfo] PropertySource with lowest search precedence
2018-01-08 23:46:29 [main] DEBUG o.s.core.env.MutablePropertySources - Adding [defaultProperties] PropertySource with lowest search precedence
2018-01-08 23:46:29 [main] DEBUG o.s.core.env.MutablePropertySources - Adding [localProperties] PropertySource with lowest search precedence
2018-01-08 23:46:29 [main] DEBUG o.s.b.f.s.DefaultListableBeanFactory - Returning cached instance of singleton bean 'org.springframework.transaction.config.internalTransactionAdvisor'
2018-01-08 23:46:29 [main] DEBUG o.s.b.f.s.DefaultListableBeanFactory - Finished creating instance of bean 'refreshEndpoint'
2018-01-08 23:46:29 [main] DEBUG o.s.b.f.s.DefaultListableBeanFactory - Autowiring by type from bean name 'refreshMvcEndpoint' via factory method to bean named 'refreshEndpoint'
2018-01-08 23:46:29 [main] DEBUG o.s.b.f.s.DefaultListableBeanFactory - Eagerly caching bean 'refreshMvcEndpoint' to allow for resolving potential circular references
2018-01-08 23:46:29 [main] DEBUG o.s.b.f.s.DefaultListableBeanFactory - Returning cached instance of singleton bean 'org.springframework.transaction.config.internalTransactionAdvisor'
2018-01-08 23:46:29 [main] DEBUG o.s.b.f.s.DefaultListableBeanFactory - Finished creating instance of bean 'refreshMvcEndpoint'
2018-01-08 23:46:29 [main] DEBUG o.s.b.f.s.DefaultListableBeanFactory - Creating shared instance of singleton bean 'restartMvcEndpoint'
2018-01-08 23:46:29 [main] DEBUG o.s.b.f.s.DefaultListableBeanFactory - Creating instance of bean 'restartMvcEndpoint'
2018-01-08 23:46:29 [main] DEBUG o.s.b.f.s.DefaultListableBeanFactory - Returning cached instance of singleton bean 'org.springframework.cloud.autoconfigure.LifecycleMvcEndpointAutoConfiguration'
2018-01-08 23:46:29 [main] DEBUG o.s.b.f.s.DefaultListableBeanFactory - Eagerly caching bean 'restartMvcEndpoint' to allow for resolving potential circular references
2018-01-08 23:46:29 [main] DEBUG o.s.b.f.s.DefaultListableBeanFactory - Returning cached instance of singleton bean 'org.springframework.transaction.config.internalTransactionAdvisor'
2018-01-08 23:46:29 [main] DEBUG o.s.b.f.s.DefaultListableBeanFactory - Finished creating instance of bean 'restartMvcEndpoint'
2018-01-08 23:46:29 [main] DEBUG o.s.b.f.s.DefaultListableBeanFactory - Creating shared instance of singleton bean 'pauseMvcEndpoint'
2018-01-08 23:46:29 [main] DEBUG o.s.b.f.s.DefaultListableBeanFactory - Creating instance of bean 'pauseMvcEndpoint'
2018-01-08 23:46:29 [main] DEBUG o.s.b.f.s.DefaultListableBeanFactory - Returning cached instance of singleton bean 'org.springframework.cloud.autoconfigure.LifecycleMvcEndpointAutoConfiguration'
2018-01-08 23:46:29 [main] DEBUG o.s.b.f.s.DefaultListableBeanFactory - Creating shared instance of singleton bean 'pauseEndpoint'
2018-01-08 23:46:29 [main] DEBUG o.s.b.f.s.DefaultListableBeanFactory - Creating instance of bean 'pauseEndpoint'
2018-01-08 23:46:29 [main] DEBUG o.s.b.f.s.DefaultListableBeanFactory - Returning cached instance of singleton bean 'org.springframework.cloud.autoconfigure.RefreshEndpointAutoConfiguration'
2018-01-08 23:46:29 [main] DEBUG o.s.b.f.s.DefaultListableBeanFactory - Returning cached instance of singleton bean 'restartEndpoint'
2018-01-08 23:46:29 [main] DEBUG o.s.b.f.s.DefaultListableBeanFactory - Autowiring by type from bean name 'pauseEndpoint' via factory method to bean named 'restartEndpoint'
2018-01-08 23:46:29 [main] DEBUG o.s.b.f.s.DefaultListableBeanFactory - Eagerly caching bean 'pauseEndpoint' to allow for resolving potential circular references
2018-01-08 23:46:29 [main] DEBUG o.s.core.env.MutablePropertySources - Adding [decrypted] PropertySource with lowest search precedence
2018-01-08 23:46:29 [main] DEBUG o.s.core.env.MutablePropertySources - Adding [Inlined Test Properties] PropertySource with lowest search precedence
2018-01-08 23:46:29 [main] DEBUG o.s.core.env.MutablePropertySources - Adding [systemProperties] PropertySource with lowest search precedence
2018-01-08 23:46:29 [main] DEBUG o.s.core.env.MutablePropertySources - Adding [systemEnvironment] PropertySource with lowest search precedence
2018-01-08 23:46:29 [main] DEBUG o.s.core.env.MutablePropertySources - Adding [random] PropertySource with lowest search precedence
2018-01-08 23:46:29 [main] DEBUG o.s.core.env.MutablePropertySources - Adding [configServerClient] PropertySource with lowest search precedence
2018-01-08 23:46:29 [main] DEBUG o.s.core.env.MutablePropertySources - Adding [applicationConfig: [classpath:/application.yml]] PropertySource with lowest search precedence
2018-01-08 23:46:30 [main] DEBUG o.s.core.env.MutablePropertySources - Adding [springCloudClientHostInfo] PropertySource with lowest search precedence
2018-01-08 23:46:30 [main] DEBUG o.s.core.env.MutablePropertySources - Adding [defaultProperties] PropertySource with lowest search precedence
2018-01-08 23:46:30 [main] DEBUG o.s.core.env.MutablePropertySources - Adding [localProperties] PropertySource with lowest search precedence
2018-01-08 23:46:30 [main] DEBUG o.s.b.f.s.DefaultListableBeanFactory - Returning cached instance of singleton bean 'org.springframework.transaction.config.internalTransactionAdvisor'
2018-01-08 23:46:30 [main] DEBUG o.s.b.f.s.DefaultListableBeanFactory - Finished creating instance of bean 'pauseEndpoint'
2018-01-08 23:46:30 [main] DEBUG o.s.b.f.s.DefaultListableBeanFactory - Autowiring by type from bean name 'pauseMvcEndpoint' via factory method to bean named 'pauseEndpoint'
2018-01-08 23:46:30 [main] DEBUG o.s.b.f.s.DefaultListableBeanFactory - Eagerly caching bean 'pauseMvcEndpoint' to allow for resolving potential circular references
2018-01-08 23:46:30 [main] DEBUG o.s.b.f.s.DefaultListableBeanFactory - Returning cached instance of singleton bean 'org.springframework.transaction.config.internalTransactionAdvisor'
2018-01-08 23:46:30 [main] DEBUG o.s.b.f.s.DefaultListableBeanFactory - Finished creating instance of bean 'pauseMvcEndpoint'
2018-01-08 23:46:30 [main] DEBUG o.s.b.f.s.DefaultListableBeanFactory - Creating shared instance of singleton bean 'resumeMvcEndpoint'
2018-01-08 23:46:30 [main] DEBUG o.s.b.f.s.DefaultListableBeanFactory - Creating instance of bean 'resumeMvcEndpoint'
2018-01-08 23:46:30 [main] DEBUG o.s.b.f.s.DefaultListableBeanFactory - Returning cached instance of singleton bean 'org.springframework.cloud.autoconfigure.LifecycleMvcEndpointAutoConfiguration'
2018-01-08 23:46:30 [main] DEBUG o.s.b.f.s.DefaultListableBeanFactory - Creating shared instance of singleton bean 'resumeEndpoint'
2018-01-08 23:46:30 [main] DEBUG o.s.b.f.s.DefaultListableBeanFactory - Creating instance of bean 'resumeEndpoint'
2018-01-08 23:46:30 [main] DEBUG o.s.b.f.s.DefaultListableBeanFactory - Returning cached instance of singleton bean 'org.springframework.cloud.autoconfigure.RefreshEndpointAutoConfiguration'
2018-01-08 23:46:30 [main] DEBUG o.s.b.f.s.DefaultListableBeanFactory - Returning cached instance of singleton bean 'restartEndpoint'
2018-01-08 23:46:30 [main] DEBUG o.s.b.f.s.DefaultListableBeanFactory - Autowiring by type from bean name 'resumeEndpoint' via factory method to bean named 'restartEndpoint'
2018-01-08 23:46:30 [main] DEBUG o.s.b.f.s.DefaultListableBeanFactory - Eagerly caching bean 'resumeEndpoint' to allow for resolving potential circular references
2018-01-08 23:46:30 [main] DEBUG o.s.core.env.MutablePropertySources - Adding [decrypted] PropertySource with lowest search precedence
2018-01-08 23:46:30 [main] DEBUG o.s.core.env.MutablePropertySources - Adding [Inlined Test Properties] PropertySource with lowest search precedence
2018-01-08 23:46:30 [main] DEBUG o.s.core.env.MutablePropertySources - Adding [systemProperties] PropertySource with lowest search precedence
2018-01-08 23:46:30 [main] DEBUG o.s.core.env.MutablePropertySources - Adding [systemEnvironment] PropertySource with lowest search precedence
2018-01-08 23:46:30 [main] DEBUG o.s.core.env.MutablePropertySources - Adding [random] PropertySource with lowest search precedence
2018-01-08 23:46:30 [main] DEBUG o.s.core.env.MutablePropertySources - Adding [configServerClient] PropertySource with lowest search precedence
2018-01-08 23:46:30 [main] DEBUG o.s.core.env.MutablePropertySources - Adding [applicationConfig: [classpath:/application.yml]] PropertySource with lowest search precedence
2018-01-08 23:46:30 [main] DEBUG o.s.core.env.MutablePropertySources - Adding [springCloudClientHostInfo] PropertySource with lowest search precedence
2018-01-08 23:46:30 [main] DEBUG o.s.core.env.MutablePropertySources - Adding [defaultProperties] PropertySource with lowest search precedence
2018-01-08 23:46:30 [main] DEBUG o.s.core.env.MutablePropertySources - Adding [localProperties] PropertySource with lowest search precedence
2018-01-08 23:46:30 [main] DEBUG o.s.b.f.s.DefaultListableBeanFactory - Returning cached instance of singleton bean 'org.springframework.transaction.config.internalTransactionAdvisor'
2018-01-08 23:46:30 [main] DEBUG o.s.b.f.s.DefaultListableBeanFactory - Finished creating instance of bean 'resumeEndpoint'
2018-01-08 23:46:30 [main] DEBUG o.s.b.f.s.DefaultListableBeanFactory - Autowiring by type from bean name 'resumeMvcEndpoint' via factory method to bean named 'resumeEndpoint'
2018-01-08 23:46:30 [main] DEBUG o.s.b.f.s.DefaultListableBeanFactory - Eagerly caching bean 'resumeMvcEndpoint' to allow for resolving potential circular references
2018-01-08 23:46:30 [main] DEBUG o.s.b.f.s.DefaultListableBeanFactory - Returning cached instance of singleton bean 'org.springframework.transaction.config.internalTransactionAdvisor'
2018-01-08 23:46:30 [main] DEBUG o.s.b.f.s.DefaultListableBeanFactory - Finished creating instance of bean 'resumeMvcEndpoint'
2018-01-08 23:46:30 [main] DEBUG o.s.b.f.s.DefaultListableBeanFactory - Returning cached instance of singleton bean 'requestMappingEndpoint'
2018-01-08 23:46:30 [main] DEBUG o.s.b.f.s.DefaultListableBeanFactory - Returning cached instance of singleton bean 'environmentEndpoint'
2018-01-08 23:46:30 [main] DEBUG o.s.b.f.s.DefaultListableBeanFactory - Returning cached instance of singleton bean 'healthEndpoint'
2018-01-08 23:46:30 [main] DEBUG o.s.b.f.s.DefaultListableBeanFactory - Returning cached instance of singleton bean 'beansEndpoint'
2018-01-08 23:46:30 [main] DEBUG o.s.b.f.s.DefaultListableBeanFactory - Returning cached instance of singleton bean 'infoEndpoint'
2018-01-08 23:46:30 [main] DEBUG o.s.b.f.s.DefaultListableBeanFactory - Returning cached instance of singleton bean 'metricsEndpoint'
2018-01-08 23:46:30 [main] DEBUG o.s.b.f.s.DefaultListableBeanFactory - Returning cached instance of singleton bean 'traceEndpoint'
2018-01-08 23:46:30 [main] DEBUG o.s.b.f.s.DefaultListableBeanFactory - Returning cached instance of singleton bean 'dumpEndpoint'
2018-01-08 23:46:30 [main] DEBUG o.s.b.f.s.DefaultListableBeanFactory - Returning cached instance of singleton bean 'autoConfigurationReportEndpoint'
2018-01-08 23:46:30 [main] DEBUG o.s.b.f.s.DefaultListableBeanFactory - Returning cached instance of singleton bean 'shutdownEndpoint'
2018-01-08 23:46:30 [main] DEBUG o.s.b.f.s.DefaultListableBeanFactory - Returning cached instance of singleton bean 'configurationPropertiesReportEndpoint'
2018-01-08 23:46:30 [main] DEBUG o.s.b.f.s.DefaultListableBeanFactory - Returning cached instance of singleton bean 'refreshEndpoint'
2018-01-08 23:46:30 [main] DEBUG o.s.b.f.s.DefaultListableBeanFactory - Returning cached instance of singleton bean 'restartEndpoint'
2018-01-08 23:46:30 [main] DEBUG o.s.b.f.s.DefaultListableBeanFactory - Returning cached instance of singleton bean 'pauseEndpoint'
2018-01-08 23:46:30 [main] DEBUG o.s.b.f.s.DefaultListableBeanFactory - Returning cached instance of singleton bean 'resumeEndpoint'
2018-01-08 23:46:30 [main] DEBUG o.s.c.e.PropertySourcesPropertyResolver - Could not find key 'endpoints.mappings.path' in any property source
2018-01-08 23:46:30 [main] DEBUG o.s.c.e.PropertySourcesPropertyResolver - Could not find key 'endpoints.beans.path' in any property source
2018-01-08 23:46:30 [main] DEBUG o.s.c.e.PropertySourcesPropertyResolver - Could not find key 'endpoints.info.path' in any property source
2018-01-08 23:46:30 [main] DEBUG o.s.c.e.PropertySourcesPropertyResolver - Could not find key 'endpoints.trace.path' in any property source
2018-01-08 23:46:30 [main] DEBUG o.s.c.e.PropertySourcesPropertyResolver - Could not find key 'endpoints.dump.path' in any property source
2018-01-08 23:46:30 [main] DEBUG o.s.c.e.PropertySourcesPropertyResolver - Could not find key 'endpoints.autoconfig.path' in any property source
2018-01-08 23:46:30 [main] DEBUG o.s.c.e.PropertySourcesPropertyResolver - Could not find key 'endpoints.configprops.path' in any property source
2018-01-08 23:46:30 [main] DEBUG o.s.b.f.s.DefaultListableBeanFactory - Returning cached instance of singleton bean 'org.springframework.transaction.config.internalTransactionAdvisor'
2018-01-08 23:46:30 [main] DEBUG o.s.b.f.s.DefaultListableBeanFactory - Finished creating instance of bean 'mvcEndpoints'
2018-01-08 23:46:30 [main] DEBUG o.s.b.f.s.DefaultListableBeanFactory - Eagerly caching bean 'endpointHandlerMapping' to allow for resolving potential circular references
2018-01-08 23:46:30 [main] DEBUG o.s.b.f.s.DefaultListableBeanFactory - Invoking afterPropertiesSet() on bean with name 'endpointHandlerMapping'
2018-01-08 23:46:30 [main] DEBUG o.s.b.a.e.mvc.EndpointHandlerMapping - Looking for request mappings in application context: org.springframework.boot.context.embedded.AnnotationConfigEmbeddedWebApplicationContext@736ac09a: startup date [Mon Jan 08 23:46:19 AEDT 2018]; parent: org.springframework.context.annotation.AnnotationConfigApplicationContext@7905a0b8
2018-01-08 23:46:30 [main] DEBUG o.s.b.a.e.mvc.EndpointHandlerMapping - 2 request handler methods found on class org.springframework.cloud.context.environment.EnvironmentManagerMvcEndpoint: {public java.lang.Object org.springframework.cloud.context.environment.EnvironmentManagerMvcEndpoint.value(java.util.Map)={[],methods=[POST]}, public java.util.Map org.springframework.cloud.context.environment.EnvironmentManagerMvcEndpoint.reset()={[/reset],methods=[POST]}}
2018-01-08 23:46:30 [main] INFO  o.s.b.a.e.mvc.EndpointHandlerMapping - Mapped "{[/env],methods=[POST]}" onto public java.lang.Object org.springframework.cloud.context.environment.EnvironmentManagerMvcEndpoint.value(java.util.Map<java.lang.String, java.lang.String>)
2018-01-08 23:46:30 [main] INFO  o.s.b.a.e.mvc.EndpointHandlerMapping - Mapped "{[/env/reset],methods=[POST]}" onto public java.util.Map<java.lang.String, java.lang.Object> org.springframework.cloud.context.environment.EnvironmentManagerMvcEndpoint.reset()
2018-01-08 23:46:30 [main] DEBUG o.s.b.a.e.mvc.EndpointHandlerMapping - 1 request handler methods found on class org.springframework.boot.actuate.endpoint.mvc.EndpointMvcAdapter: {public java.lang.Object org.springframework.boot.actuate.endpoint.mvc.EndpointMvcAdapter.invoke()={[],methods=[GET],produces=[application/json]}}
2018-01-08 23:46:30 [main] INFO  o.s.b.a.e.mvc.EndpointHandlerMapping - Mapped "{[/configprops || /configprops.json],methods=[GET],produces=[application/json]}" onto public java.lang.Object org.springframework.boot.actuate.endpoint.mvc.EndpointMvcAdapter.invoke()
2018-01-08 23:46:30 [main] DEBUG o.s.b.a.e.mvc.EndpointHandlerMapping - 1 request handler methods found on class org.springframework.boot.actuate.endpoint.mvc.EndpointMvcAdapter: {public java.lang.Object org.springframework.boot.actuate.endpoint.mvc.EndpointMvcAdapter.invoke()={[],methods=[GET],produces=[application/json]}}
2018-01-08 23:46:30 [main] INFO  o.s.b.a.e.mvc.EndpointHandlerMapping - Mapped "{[/info || /info.json],methods=[GET],produces=[application/json]}" onto public java.lang.Object org.springframework.boot.actuate.endpoint.mvc.EndpointMvcAdapter.invoke()
2018-01-08 23:46:30 [main] DEBUG o.s.b.a.e.mvc.EndpointHandlerMapping - 1 request handler methods found on class org.springframework.cloud.endpoint.GenericPostableMvcEndpoint: {public java.lang.Object org.springframework.cloud.endpoint.GenericPostableMvcEndpoint.invoke()={[],methods=[POST]}}
2018-01-08 23:46:30 [main] INFO  o.s.b.a.e.mvc.EndpointHandlerMapping - Mapped "{[/resume || /resume.json],methods=[POST]}" onto public java.lang.Object org.springframework.cloud.endpoint.GenericPostableMvcEndpoint.invoke()
2018-01-08 23:46:30 [main] DEBUG o.s.b.a.e.mvc.EndpointHandlerMapping - 1 request handler methods found on class org.springframework.boot.actuate.endpoint.mvc.EndpointMvcAdapter: {public java.lang.Object org.springframework.boot.actuate.endpoint.mvc.EndpointMvcAdapter.invoke()={[],methods=[GET],produces=[application/json]}}
2018-01-08 23:46:30 [main] INFO  o.s.b.a.e.mvc.EndpointHandlerMapping - Mapped "{[/beans || /beans.json],methods=[GET],produces=[application/json]}" onto public java.lang.Object org.springframework.boot.actuate.endpoint.mvc.EndpointMvcAdapter.invoke()
2018-01-08 23:46:30 [main] DEBUG o.s.b.a.e.mvc.EndpointHandlerMapping - 1 request handler methods found on class org.springframework.boot.actuate.endpoint.mvc.EndpointMvcAdapter: {public java.lang.Object org.springframework.boot.actuate.endpoint.mvc.EndpointMvcAdapter.invoke()={[],methods=[GET],produces=[application/json]}}
2018-01-08 23:46:30 [main] INFO  o.s.b.a.e.mvc.EndpointHandlerMapping - Mapped "{[/dump || /dump.json],methods=[GET],produces=[application/json]}" onto public java.lang.Object org.springframework.boot.actuate.endpoint.mvc.EndpointMvcAdapter.invoke()
2018-01-08 23:46:30 [main] DEBUG o.s.b.a.e.mvc.EndpointHandlerMapping - 1 request handler methods found on class org.springframework.boot.actuate.endpoint.mvc.EndpointMvcAdapter: {public java.lang.Object org.springframework.boot.actuate.endpoint.mvc.EndpointMvcAdapter.invoke()={[],methods=[GET],produces=[application/json]}}
2018-01-08 23:46:30 [main] INFO  o.s.b.a.e.mvc.EndpointHandlerMapping - Mapped "{[/trace || /trace.json],methods=[GET],produces=[application/json]}" onto public java.lang.Object org.springframework.boot.actuate.endpoint.mvc.EndpointMvcAdapter.invoke()
2018-01-08 23:46:30 [main] DEBUG o.s.b.a.e.mvc.EndpointHandlerMapping - 2 request handler methods found on class org.springframework.boot.actuate.endpoint.mvc.EnvironmentMvcEndpoint: {public java.lang.Object org.springframework.boot.actuate.endpoint.mvc.EnvironmentMvcEndpoint.value(java.lang.String)={[/{name:.*}],methods=[GET],produces=[application/json]}, public java.lang.Object org.springframework.boot.actuate.endpoint.mvc.EndpointMvcAdapter.invoke()={[],methods=[GET],produces=[application/json]}}
2018-01-08 23:46:30 [main] INFO  o.s.b.a.e.mvc.EndpointHandlerMapping - Mapped "{[/env/{name:.*}],methods=[GET],produces=[application/json]}" onto public java.lang.Object org.springframework.boot.actuate.endpoint.mvc.EnvironmentMvcEndpoint.value(java.lang.String)
2018-01-08 23:46:30 [main] INFO  o.s.b.a.e.mvc.EndpointHandlerMapping - Mapped "{[/env || /env.json],methods=[GET],produces=[application/json]}" onto public java.lang.Object org.springframework.boot.actuate.endpoint.mvc.EndpointMvcAdapter.invoke()
2018-01-08 23:46:30 [main] DEBUG o.s.b.a.e.mvc.EndpointHandlerMapping - 1 request handler methods found on class org.springframework.cloud.endpoint.GenericPostableMvcEndpoint: {public java.lang.Object org.springframework.cloud.endpoint.GenericPostableMvcEndpoint.invoke()={[],methods=[POST]}}
2018-01-08 23:46:30 [main] INFO  o.s.b.a.e.mvc.EndpointHandlerMapping - Mapped "{[/pause || /pause.json],methods=[POST]}" onto public java.lang.Object org.springframework.cloud.endpoint.GenericPostableMvcEndpoint.invoke()
2018-01-08 23:46:30 [main] DEBUG o.s.b.a.e.mvc.EndpointHandlerMapping - 1 request handler methods found on class org.springframework.boot.actuate.endpoint.mvc.HealthMvcEndpoint: {public java.lang.Object org.springframework.boot.actuate.endpoint.mvc.HealthMvcEndpoint.invoke(java.security.Principal)={[],produces=[application/json]}}
2018-01-08 23:46:30 [main] INFO  o.s.b.a.e.mvc.EndpointHandlerMapping - Mapped "{[/health || /health.json],produces=[application/json]}" onto public java.lang.Object org.springframework.boot.actuate.endpoint.mvc.HealthMvcEndpoint.invoke(java.security.Principal)
2018-01-08 23:46:30 [main] DEBUG o.s.b.a.e.mvc.EndpointHandlerMapping - 1 request handler methods found on class org.springframework.cloud.endpoint.GenericPostableMvcEndpoint: {public java.lang.Object org.springframework.cloud.endpoint.GenericPostableMvcEndpoint.invoke()={[],methods=[POST]}}
2018-01-08 23:46:30 [main] INFO  o.s.b.a.e.mvc.EndpointHandlerMapping - Mapped "{[/refresh || /refresh.json],methods=[POST]}" onto public java.lang.Object org.springframework.cloud.endpoint.GenericPostableMvcEndpoint.invoke()
2018-01-08 23:46:30 [main] DEBUG o.s.b.a.e.mvc.EndpointHandlerMapping - 1 request handler methods found on class org.springframework.boot.actuate.endpoint.mvc.EndpointMvcAdapter: {public java.lang.Object org.springframework.boot.actuate.endpoint.mvc.EndpointMvcAdapter.invoke()={[],methods=[GET],produces=[application/json]}}
2018-01-08 23:46:30 [main] INFO  o.s.b.a.e.mvc.EndpointHandlerMapping - Mapped "{[/mappings || /mappings.json],methods=[GET],produces=[application/json]}" onto public java.lang.Object org.springframework.boot.actuate.endpoint.mvc.EndpointMvcAdapter.invoke()
2018-01-08 23:46:30 [main] DEBUG o.s.b.a.e.mvc.EndpointHandlerMapping - 1 request handler methods found on class org.springframework.boot.actuate.endpoint.mvc.HeapdumpMvcEndpoint: {public void org.springframework.boot.actuate.endpoint.mvc.HeapdumpMvcEndpoint.invoke(boolean,javax.servlet.http.HttpServletRequest,javax.servlet.http.HttpServletResponse) throws java.io.IOException,javax.servlet.ServletException={[],methods=[GET],produces=[application/octet-stream]}}
2018-01-08 23:46:30 [main] INFO  o.s.b.a.e.mvc.EndpointHandlerMapping - Mapped "{[/heapdump || /heapdump.json],methods=[GET],produces=[application/octet-stream]}" onto public void org.springframework.boot.actuate.endpoint.mvc.HeapdumpMvcEndpoint.invoke(boolean,javax.servlet.http.HttpServletRequest,javax.servlet.http.HttpServletResponse) throws java.io.IOException,javax.servlet.ServletException
2018-01-08 23:46:30 [main] DEBUG o.s.b.a.e.mvc.EndpointHandlerMapping - 1 request handler methods found on class org.springframework.cloud.context.restart.RestartMvcEndpoint: {public java.lang.Object org.springframework.cloud.context.restart.RestartMvcEndpoint.invoke()={[],methods=[POST]}}
2018-01-08 23:46:30 [main] INFO  o.s.b.a.e.mvc.EndpointHandlerMapping - Mapped "{[/restart || /restart.json],methods=[POST]}" onto public java.lang.Object org.springframework.cloud.context.restart.RestartMvcEndpoint.invoke()
2018-01-08 23:46:30 [main] DEBUG o.s.b.a.e.mvc.EndpointHandlerMapping - 2 request handler methods found on class org.springframework.boot.actuate.endpoint.mvc.MetricsMvcEndpoint: {public java.lang.Object org.springframework.boot.actuate.endpoint.mvc.MetricsMvcEndpoint.value(java.lang.String)={[/{name:.*}],methods=[GET],produces=[application/json]}, public java.lang.Object org.springframework.boot.actuate.endpoint.mvc.EndpointMvcAdapter.invoke()={[],methods=[GET],produces=[application/json]}}
2018-01-08 23:46:30 [main] INFO  o.s.b.a.e.mvc.EndpointHandlerMapping - Mapped "{[/metrics/{name:.*}],methods=[GET],produces=[application/json]}" onto public java.lang.Object org.springframework.boot.actuate.endpoint.mvc.MetricsMvcEndpoint.value(java.lang.String)
2018-01-08 23:46:30 [main] INFO  o.s.b.a.e.mvc.EndpointHandlerMapping - Mapped "{[/metrics || /metrics.json],methods=[GET],produces=[application/json]}" onto public java.lang.Object org.springframework.boot.actuate.endpoint.mvc.EndpointMvcAdapter.invoke()
2018-01-08 23:46:30 [main] DEBUG o.s.b.a.e.mvc.EndpointHandlerMapping - 1 request handler methods found on class org.springframework.boot.actuate.endpoint.mvc.EndpointMvcAdapter: {public java.lang.Object org.springframework.boot.actuate.endpoint.mvc.EndpointMvcAdapter.invoke()={[],methods=[GET],produces=[application/json]}}
2018-01-08 23:46:30 [main] INFO  o.s.b.a.e.mvc.EndpointHandlerMapping - Mapped "{[/autoconfig || /autoconfig.json],methods=[GET],produces=[application/json]}" onto public java.lang.Object org.springframework.boot.actuate.endpoint.mvc.EndpointMvcAdapter.invoke()
2018-01-08 23:46:30 [main] DEBUG o.s.b.f.s.DefaultListableBeanFactory - Returning cached instance of singleton bean 'org.springframework.transaction.config.internalTransactionAdvisor'
2018-01-08 23:46:30 [main] DEBUG o.s.b.f.s.DefaultListableBeanFactory - Finished creating instance of bean 'endpointHandlerMapping'
2018-01-08 23:46:30 [main] DEBUG o.s.b.f.s.DefaultListableBeanFactory - Returning cached instance of singleton bean 'mvcEndpoints'
2018-01-08 23:46:30 [main] DEBUG o.s.b.f.s.DefaultListableBeanFactory - Returning cached instance of singleton bean 'environmentMvcEndpoint'
2018-01-08 23:46:30 [main] DEBUG o.s.b.f.s.DefaultListableBeanFactory - Returning cached instance of singleton bean 'heapdumpMvcEndpoint'
2018-01-08 23:46:30 [main] DEBUG o.s.b.f.s.DefaultListableBeanFactory - Returning cached instance of singleton bean 'healthMvcEndpoint'
2018-01-08 23:46:30 [main] DEBUG o.s.b.f.s.DefaultListableBeanFactory - Returning cached instance of singleton bean 'metricsMvcEndpoint'
2018-01-08 23:46:30 [main] DEBUG o.s.b.f.s.DefaultListableBeanFactory - Returning cached instance of singleton bean 'endpoints.health-org.springframework.boot.actuate.autoconfigure.HealthMvcEndpointProperties'
2018-01-08 23:46:30 [main] DEBUG o.s.b.f.s.DefaultListableBeanFactory - Returning cached instance of singleton bean 'endpoints.cors-org.springframework.boot.actuate.autoconfigure.EndpointCorsProperties'
2018-01-08 23:46:30 [main] DEBUG o.s.b.f.s.DefaultListableBeanFactory - Creating shared instance of singleton bean 'org.springframework.boot.actuate.autoconfigure.EndpointWebMvcAutoConfiguration$EndpointWebMvcConfiguration'
2018-01-08 23:46:30 [main] DEBUG o.s.b.f.s.DefaultListableBeanFactory - Creating instance of bean 'org.springframework.boot.actuate.autoconfigure.EndpointWebMvcAutoConfiguration$EndpointWebMvcConfiguration'
2018-01-08 23:46:30 [main] DEBUG o.s.b.f.s.DefaultListableBeanFactory - Eagerly caching bean 'org.springframework.boot.actuate.autoconfigure.EndpointWebMvcAutoConfiguration$EndpointWebMvcConfiguration' to allow for resolving potential circular references
2018-01-08 23:46:30 [main] DEBUG o.s.b.f.s.DefaultListableBeanFactory - Returning cached instance of singleton bean 'org.springframework.transaction.config.internalTransactionAdvisor'
2018-01-08 23:46:30 [main] DEBUG o.s.b.f.s.DefaultListableBeanFactory - Finished creating instance of bean 'org.springframework.boot.actuate.autoconfigure.EndpointWebMvcAutoConfiguration$EndpointWebMvcConfiguration'
2018-01-08 23:46:30 [main] DEBUG o.s.b.f.s.DefaultListableBeanFactory - Returning cached instance of singleton bean 'org.springframework.boot.actuate.autoconfigure.EndpointWebMvcAutoConfiguration$ApplicationContextFilterConfiguration'
2018-01-08 23:46:30 [main] DEBUG o.s.b.f.s.DefaultListableBeanFactory - Returning cached instance of singleton bean 'applicationContextIdFilter'
2018-01-08 23:46:30 [main] DEBUG o.s.b.f.s.DefaultListableBeanFactory - Creating shared instance of singleton bean 'org.springframework.boot.actuate.autoconfigure.EndpointWebMvcAutoConfiguration'
2018-01-08 23:46:30 [main] DEBUG o.s.b.f.s.DefaultListableBeanFactory - Creating instance of bean 'org.springframework.boot.actuate.autoconfigure.EndpointWebMvcAutoConfiguration'
2018-01-08 23:46:30 [main] DEBUG o.s.b.f.s.DefaultListableBeanFactory - Eagerly caching bean 'org.springframework.boot.actuate.autoconfigure.EndpointWebMvcAutoConfiguration' to allow for resolving potential circular references
2018-01-08 23:46:30 [main] DEBUG o.s.b.f.s.DefaultListableBeanFactory - Returning cached instance of singleton bean 'org.springframework.transaction.config.internalTransactionAdvisor'
2018-01-08 23:46:30 [main] DEBUG o.s.b.f.s.DefaultListableBeanFactory - Finished creating instance of bean 'org.springframework.boot.actuate.autoconfigure.EndpointWebMvcAutoConfiguration'
2018-01-08 23:46:30 [main] DEBUG o.s.b.f.s.DefaultListableBeanFactory - Creating shared instance of singleton bean 'managementContextResolver'
2018-01-08 23:46:30 [main] DEBUG o.s.b.f.s.DefaultListableBeanFactory - Creating instance of bean 'managementContextResolver'
2018-01-08 23:46:30 [main] DEBUG o.s.b.f.s.DefaultListableBeanFactory - Returning cached instance of singleton bean 'org.springframework.boot.actuate.autoconfigure.EndpointWebMvcAutoConfiguration'
2018-01-08 23:46:30 [main] DEBUG o.s.b.f.s.DefaultListableBeanFactory - Eagerly caching bean 'managementContextResolver' to allow for resolving potential circular references
2018-01-08 23:46:30 [main] DEBUG o.s.b.f.s.DefaultListableBeanFactory - Returning cached instance of singleton bean 'org.springframework.transaction.config.internalTransactionAdvisor'
2018-01-08 23:46:30 [main] DEBUG o.s.b.f.s.DefaultListableBeanFactory - Finished creating instance of bean 'managementContextResolver'
2018-01-08 23:46:30 [main] DEBUG o.s.b.f.s.DefaultListableBeanFactory - Creating shared instance of singleton bean 'managementServletContext'
2018-01-08 23:46:30 [main] DEBUG o.s.b.f.s.DefaultListableBeanFactory - Creating instance of bean 'managementServletContext'
2018-01-08 23:46:30 [main] DEBUG o.s.b.f.s.DefaultListableBeanFactory - Returning cached instance of singleton bean 'org.springframework.boot.actuate.autoconfigure.EndpointWebMvcAutoConfiguration'
2018-01-08 23:46:30 [main] DEBUG o.s.b.f.s.DefaultListableBeanFactory - Returning cached instance of singleton bean 'managementServerProperties'
2018-01-08 23:46:30 [main] DEBUG o.s.b.f.s.DefaultListableBeanFactory - Autowiring by type from bean name 'managementServletContext' via factory method to bean named 'managementServerProperties'
2018-01-08 23:46:30 [main] DEBUG o.s.b.f.s.DefaultListableBeanFactory - Eagerly caching bean 'managementServletContext' to allow for resolving potential circular references
2018-01-08 23:46:30 [main] DEBUG o.s.b.f.s.DefaultListableBeanFactory - Returning cached instance of singleton bean 'org.springframework.transaction.config.internalTransactionAdvisor'
2018-01-08 23:46:30 [main] DEBUG o.s.b.f.s.DefaultListableBeanFactory - Finished creating instance of bean 'managementServletContext'
2018-01-08 23:46:30 [main] DEBUG o.s.b.f.s.DefaultListableBeanFactory - Creating shared instance of singleton bean 'org.springframework.boot.actuate.autoconfigure.MetricExportAutoConfiguration$MetricExportPropertiesConfiguration'
2018-01-08 23:46:30 [main] DEBUG o.s.b.f.s.DefaultListableBeanFactory - Creating instance of bean 'org.springframework.boot.actuate.autoconfigure.MetricExportAutoConfiguration$MetricExportPropertiesConfiguration'
2018-01-08 23:46:30 [main] DEBUG o.s.b.f.annotation.InjectionMetadata - Registered injected element on class [org.springframework.boot.actuate.autoconfigure.MetricExportAutoConfiguration$MetricExportPropertiesConfiguration$$EnhancerBySpringCGLIB$$77971b3b]: AutowiredFieldElement for private java.lang.String org.springframework.boot.actuate.autoconfigure.MetricExportAutoConfiguration$MetricExportPropertiesConfiguration.prefix
2018-01-08 23:46:30 [main] DEBUG o.s.b.f.s.DefaultListableBeanFactory - Eagerly caching bean 'org.springframework.boot.actuate.autoconfigure.MetricExportAutoConfiguration$MetricExportPropertiesConfiguration' to allow for resolving potential circular references
2018-01-08 23:46:30 [main] DEBUG o.s.b.f.annotation.InjectionMetadata - Processing injected element of bean 'org.springframework.boot.actuate.autoconfigure.MetricExportAutoConfiguration$MetricExportPropertiesConfiguration': AutowiredFieldElement for private java.lang.String org.springframework.boot.actuate.autoconfigure.MetricExportAutoConfiguration$MetricExportPropertiesConfiguration.prefix
2018-01-08 23:46:30 [main] DEBUG o.s.c.e.PropertySourcesPropertyResolver - Could not find key 'spring.application.name:application' in any property source
2018-01-08 23:46:30 [main] DEBUG o.s.c.e.PropertySourcesPropertyResolver - Could not find key 'spring.application.name:application' in any property source
2018-01-08 23:46:30 [main] DEBUG o.s.c.e.PropertySourcesPropertyResolver - Could not find key 'spring.application.name' in any property source
2018-01-08 23:46:30 [main] DEBUG o.s.c.e.PropertySourcesPropertyResolver - Could not find key 'spring.application.name' in any property source
2018-01-08 23:46:30 [main] DEBUG o.s.c.e.PropertySourcesPropertyResolver - Found key 'random.value:0000' in [random] with type [String]
2018-01-08 23:46:30 [main] DEBUG o.s.c.e.PropertySourcesPropertyResolver - Found key 'random.value:0000' in [environmentProperties] with type [String]
2018-01-08 23:46:30 [main] DEBUG o.s.b.f.s.DefaultListableBeanFactory - Returning cached instance of singleton bean 'org.springframework.transaction.config.internalTransactionAdvisor'
2018-01-08 23:46:30 [main] DEBUG o.s.b.f.s.DefaultListableBeanFactory - Finished creating instance of bean 'org.springframework.boot.actuate.autoconfigure.MetricExportAutoConfiguration$MetricExportPropertiesConfiguration'
2018-01-08 23:46:30 [main] DEBUG o.s.b.f.s.DefaultListableBeanFactory - Creating shared instance of singleton bean 'spring.metrics.export-org.springframework.boot.actuate.metrics.export.MetricExportProperties'
2018-01-08 23:46:30 [main] DEBUG o.s.b.f.s.DefaultListableBeanFactory - Creating instance of bean 'spring.metrics.export-org.springframework.boot.actuate.metrics.export.MetricExportProperties'
2018-01-08 23:46:30 [main] DEBUG o.s.b.f.s.DefaultListableBeanFactory - Returning cached instance of singleton bean 'org.springframework.boot.actuate.autoconfigure.MetricExportAutoConfiguration$MetricExportPropertiesConfiguration'
2018-01-08 23:46:30 [main] DEBUG o.s.c.a.CommonAnnotationBeanPostProcessor - Found init method on class [org.springframework.boot.actuate.metrics.export.MetricExportProperties]: public void org.springframework.boot.actuate.metrics.export.MetricExportProperties.setUpDefaults()
2018-01-08 23:46:30 [main] DEBUG o.s.c.a.CommonAnnotationBeanPostProcessor - Registered init method on class [org.springframework.boot.actuate.metrics.export.MetricExportProperties]: org.springframework.beans.factory.annotation.InitDestroyAnnotationBeanPostProcessor$LifecycleElement@ca27a00f
2018-01-08 23:46:30 [main] DEBUG o.s.b.f.s.DefaultListableBeanFactory - Eagerly caching bean 'spring.metrics.export-org.springframework.boot.actuate.metrics.export.MetricExportProperties' to allow for resolving potential circular references
2018-01-08 23:46:30 [main] DEBUG o.s.core.env.MutablePropertySources - Adding [decrypted] PropertySource with lowest search precedence
2018-01-08 23:46:30 [main] DEBUG o.s.core.env.MutablePropertySources - Adding [Inlined Test Properties] PropertySource with lowest search precedence
2018-01-08 23:46:30 [main] DEBUG o.s.core.env.MutablePropertySources - Adding [systemProperties] PropertySource with lowest search precedence
2018-01-08 23:46:30 [main] DEBUG o.s.core.env.MutablePropertySources - Adding [systemEnvironment] PropertySource with lowest search precedence
2018-01-08 23:46:30 [main] DEBUG o.s.core.env.MutablePropertySources - Adding [random] PropertySource with lowest search precedence
2018-01-08 23:46:30 [main] DEBUG o.s.core.env.MutablePropertySources - Adding [configServerClient] PropertySource with lowest search precedence
2018-01-08 23:46:30 [main] DEBUG o.s.core.env.MutablePropertySources - Adding [applicationConfig: [classpath:/application.yml]] PropertySource with lowest search precedence
2018-01-08 23:46:30 [main] DEBUG o.s.core.env.MutablePropertySources - Adding [springCloudClientHostInfo] PropertySource with lowest search precedence
2018-01-08 23:46:30 [main] DEBUG o.s.core.env.MutablePropertySources - Adding [defaultProperties] PropertySource with lowest search precedence
2018-01-08 23:46:30 [main] DEBUG o.s.core.env.MutablePropertySources - Adding [localProperties] PropertySource with lowest search precedence
2018-01-08 23:46:30 [main] DEBUG o.s.c.a.CommonAnnotationBeanPostProcessor - Invoking init method on bean 'spring.metrics.export-org.springframework.boot.actuate.metrics.export.MetricExportProperties': public void org.springframework.boot.actuate.metrics.export.MetricExportProperties.setUpDefaults()
2018-01-08 23:46:30 [main] DEBUG o.s.b.f.s.DefaultListableBeanFactory - Returning cached instance of singleton bean 'org.springframework.transaction.config.internalTransactionAdvisor'
2018-01-08 23:46:30 [main] DEBUG o.s.b.f.s.DefaultListableBeanFactory - Finished creating instance of bean 'spring.metrics.export-org.springframework.boot.actuate.metrics.export.MetricExportProperties'
2018-01-08 23:46:30 [main] DEBUG o.s.b.f.s.DefaultListableBeanFactory - Creating shared instance of singleton bean 'org.springframework.boot.actuate.autoconfigure.MetricExportAutoConfiguration$StatsdConfiguration'
2018-01-08 23:46:30 [main] DEBUG o.s.b.f.s.DefaultListableBeanFactory - Creating instance of bean 'org.springframework.boot.actuate.autoconfigure.MetricExportAutoConfiguration$StatsdConfiguration'
2018-01-08 23:46:30 [main] DEBUG o.s.b.f.s.DefaultListableBeanFactory - Eagerly caching bean 'org.springframework.boot.actuate.autoconfigure.MetricExportAutoConfiguration$StatsdConfiguration' to allow for resolving potential circular references
2018-01-08 23:46:30 [main] DEBUG o.s.b.f.s.DefaultListableBeanFactory - Returning cached instance of singleton bean 'org.springframework.transaction.config.internalTransactionAdvisor'
2018-01-08 23:46:30 [main] DEBUG o.s.b.f.s.DefaultListableBeanFactory - Finished creating instance of bean 'org.springframework.boot.actuate.autoconfigure.MetricExportAutoConfiguration$StatsdConfiguration'
2018-01-08 23:46:30 [main] DEBUG o.s.b.f.s.DefaultListableBeanFactory - Returning cached instance of singleton bean 'org.springframework.scheduling.annotation.SchedulingConfiguration'
2018-01-08 23:46:30 [main] DEBUG o.s.b.f.s.DefaultListableBeanFactory - Returning cached instance of singleton bean 'org.springframework.context.annotation.internalScheduledAnnotationProcessor'
2018-01-08 23:46:30 [main] DEBUG o.s.b.f.s.DefaultListableBeanFactory - Creating shared instance of singleton bean 'org.springframework.boot.actuate.autoconfigure.MetricExportAutoConfiguration'
2018-01-08 23:46:30 [main] DEBUG o.s.b.f.s.DefaultListableBeanFactory - Creating instance of bean 'org.springframework.boot.actuate.autoconfigure.MetricExportAutoConfiguration'
2018-01-08 23:46:30 [main] DEBUG o.s.c.LocalVariableTableParameterNameDiscoverer - Cannot find '.class' file for class [class org.springframework.boot.actuate.autoconfigure.MetricExportAutoConfiguration$$EnhancerBySpringCGLIB$$cf863940] - unable to determine constructor/method parameter names
2018-01-08 23:46:30 [main] DEBUG o.s.b.f.s.DefaultListableBeanFactory - Returning cached instance of singleton bean 'spring.metrics.export-org.springframework.boot.actuate.metrics.export.MetricExportProperties'
2018-01-08 23:46:30 [main] DEBUG o.s.b.f.s.DefaultListableBeanFactory - Autowiring by type from bean name 'org.springframework.boot.actuate.autoconfigure.MetricExportAutoConfiguration' via constructor to bean named 'spring.metrics.export-org.springframework.boot.actuate.metrics.export.MetricExportProperties'
2018-01-08 23:46:30 [main] DEBUG o.s.b.f.s.DefaultListableBeanFactory - Returning cached instance of singleton bean 'actuatorMetricReader'
2018-01-08 23:46:30 [main] DEBUG o.s.b.f.s.DefaultListableBeanFactory - Eagerly caching bean 'org.springframework.boot.actuate.autoconfigure.MetricExportAutoConfiguration' to allow for resolving potential circular references
2018-01-08 23:46:30 [main] DEBUG o.s.b.f.s.DefaultListableBeanFactory - Returning cached instance of singleton bean 'org.springframework.transaction.config.internalTransactionAdvisor'
2018-01-08 23:46:30 [main] DEBUG o.s.b.f.s.DefaultListableBeanFactory - Finished creating instance of bean 'org.springframework.boot.actuate.autoconfigure.MetricExportAutoConfiguration'
2018-01-08 23:46:30 [main] DEBUG o.s.b.f.s.DefaultListableBeanFactory - Creating shared instance of singleton bean 'metricWritersMetricExporter'
2018-01-08 23:46:30 [main] DEBUG o.s.b.f.s.DefaultListableBeanFactory - Creating instance of bean 'metricWritersMetricExporter'
2018-01-08 23:46:30 [main] DEBUG o.s.b.f.s.DefaultListableBeanFactory - Returning cached instance of singleton bean 'org.springframework.boot.actuate.autoconfigure.MetricExportAutoConfiguration'
2018-01-08 23:46:30 [main] DEBUG o.s.b.f.s.DefaultListableBeanFactory - Returning cached instance of singleton bean 'spring.metrics.export-org.springframework.boot.actuate.metrics.export.MetricExportProperties'
2018-01-08 23:46:30 [main] DEBUG o.s.b.f.s.DefaultListableBeanFactory - Autowiring by type from bean name 'metricWritersMetricExporter' via factory method to bean named 'spring.metrics.export-org.springframework.boot.actuate.metrics.export.MetricExportProperties'
2018-01-08 23:46:30 [main] DEBUG o.s.b.f.s.DefaultListableBeanFactory - Eagerly caching bean 'metricWritersMetricExporter' to allow for resolving potential circular references
2018-01-08 23:46:30 [main] DEBUG o.s.b.f.s.DefaultListableBeanFactory - Returning cached instance of singleton bean 'org.springframework.transaction.config.internalTransactionAdvisor'
2018-01-08 23:46:30 [main] DEBUG o.s.b.f.s.DefaultListableBeanFactory - Finished creating instance of bean 'metricWritersMetricExporter'
2018-01-08 23:46:30 [main] DEBUG o.s.b.f.s.DefaultListableBeanFactory - Returning cached instance of singleton bean 'org.springframework.boot.actuate.autoconfigure.MetricFilterAutoConfiguration'
2018-01-08 23:46:30 [main] DEBUG o.s.b.f.s.DefaultListableBeanFactory - Returning cached instance of singleton bean 'metricsFilter'
2018-01-08 23:46:30 [main] DEBUG o.s.b.f.s.DefaultListableBeanFactory - Returning cached instance of singleton bean 'endpoints.metrics.filter-org.springframework.boot.actuate.autoconfigure.MetricFilterProperties'
2018-01-08 23:46:30 [main] DEBUG o.s.b.f.s.DefaultListableBeanFactory - Returning cached instance of singleton bean 'org.springframework.boot.actuate.autoconfigure.TraceRepositoryAutoConfiguration'
2018-01-08 23:46:30 [main] DEBUG o.s.b.f.s.DefaultListableBeanFactory - Returning cached instance of singleton bean 'traceRepository'
2018-01-08 23:46:30 [main] DEBUG o.s.b.f.s.DefaultListableBeanFactory - Returning cached instance of singleton bean 'org.springframework.boot.actuate.autoconfigure.TraceWebFilterAutoConfiguration'
2018-01-08 23:46:30 [main] DEBUG o.s.b.f.s.DefaultListableBeanFactory - Returning cached instance of singleton bean 'webRequestLoggingFilter'
2018-01-08 23:46:30 [main] DEBUG o.s.b.f.s.DefaultListableBeanFactory - Returning cached instance of singleton bean 'management.trace-org.springframework.boot.actuate.trace.TraceProperties'
2018-01-08 23:46:30 [main] DEBUG o.s.b.f.s.DefaultListableBeanFactory - Creating shared instance of singleton bean 'org.springframework.boot.autoconfigure.context.ConfigurationPropertiesAutoConfiguration'
2018-01-08 23:46:30 [main] DEBUG o.s.b.f.s.DefaultListableBeanFactory - Creating instance of bean 'org.springframework.boot.autoconfigure.context.ConfigurationPropertiesAutoConfiguration'
2018-01-08 23:46:30 [main] DEBUG o.s.b.f.s.DefaultListableBeanFactory - Eagerly caching bean 'org.springframework.boot.autoconfigure.context.ConfigurationPropertiesAutoConfiguration' to allow for resolving potential circular references
2018-01-08 23:46:30 [main] DEBUG o.s.b.f.s.DefaultListableBeanFactory - Returning cached instance of singleton bean 'org.springframework.transaction.config.internalTransactionAdvisor'
2018-01-08 23:46:30 [main] DEBUG o.s.b.f.s.DefaultListableBeanFactory - Finished creating instance of bean 'org.springframework.boot.autoconfigure.context.ConfigurationPropertiesAutoConfiguration'
2018-01-08 23:46:30 [main] DEBUG o.s.b.f.s.DefaultListableBeanFactory - Creating shared instance of singleton bean 'org.springframework.boot.autoconfigure.dao.PersistenceExceptionTranslationAutoConfiguration'
2018-01-08 23:46:30 [main] DEBUG o.s.b.f.s.DefaultListableBeanFactory - Creating instance of bean 'org.springframework.boot.autoconfigure.dao.PersistenceExceptionTranslationAutoConfiguration'
2018-01-08 23:46:30 [main] DEBUG o.s.b.f.s.DefaultListableBeanFactory - Eagerly caching bean 'org.springframework.boot.autoconfigure.dao.PersistenceExceptionTranslationAutoConfiguration' to allow for resolving potential circular references
2018-01-08 23:46:30 [main] DEBUG o.s.b.f.s.DefaultListableBeanFactory - Returning cached instance of singleton bean 'org.springframework.transaction.config.internalTransactionAdvisor'
2018-01-08 23:46:30 [main] DEBUG o.s.b.f.s.DefaultListableBeanFactory - Finished creating instance of bean 'org.springframework.boot.autoconfigure.dao.PersistenceExceptionTranslationAutoConfiguration'
2018-01-08 23:46:30 [main] DEBUG o.s.b.f.s.DefaultListableBeanFactory - Returning cached instance of singleton bean 'persistenceExceptionTranslationPostProcessor'
2018-01-08 23:46:30 [main] DEBUG o.s.b.f.s.DefaultListableBeanFactory - Returning cached instance of singleton bean 'org.springframework.transaction.annotation.ProxyTransactionManagementConfiguration'
2018-01-08 23:46:30 [main] DEBUG o.s.b.f.s.DefaultListableBeanFactory - Returning cached instance of singleton bean 'org.springframework.transaction.config.internalTransactionAdvisor'
2018-01-08 23:46:30 [main] DEBUG o.s.b.f.s.DefaultListableBeanFactory - Returning cached instance of singleton bean 'transactionAttributeSource'
2018-01-08 23:46:30 [main] DEBUG o.s.b.f.s.DefaultListableBeanFactory - Returning cached instance of singleton bean 'transactionInterceptor'
2018-01-08 23:46:30 [main] DEBUG o.s.b.f.s.DefaultListableBeanFactory - Creating shared instance of singleton bean 'org.springframework.transaction.config.internalTransactionalEventListenerFactory'
2018-01-08 23:46:30 [main] DEBUG o.s.b.f.s.DefaultListableBeanFactory - Creating instance of bean 'org.springframework.transaction.config.internalTransactionalEventListenerFactory'
2018-01-08 23:46:30 [main] DEBUG o.s.b.f.s.DefaultListableBeanFactory - Returning cached instance of singleton bean 'org.springframework.transaction.annotation.ProxyTransactionManagementConfiguration'
2018-01-08 23:46:30 [main] DEBUG o.s.b.f.s.DefaultListableBeanFactory - Eagerly caching bean 'org.springframework.transaction.config.internalTransactionalEventListenerFactory' to allow for resolving potential circular references
2018-01-08 23:46:30 [main] DEBUG o.s.b.f.s.DefaultListableBeanFactory - Returning cached instance of singleton bean 'org.springframework.transaction.config.internalTransactionAdvisor'
2018-01-08 23:46:30 [main] DEBUG o.s.b.f.s.DefaultListableBeanFactory - Finished creating instance of bean 'org.springframework.transaction.config.internalTransactionalEventListenerFactory'
2018-01-08 23:46:30 [main] DEBUG o.s.b.f.s.DefaultListableBeanFactory - Creating shared instance of singleton bean 'org.springframework.boot.autoconfigure.jdbc.DataSourceTransactionManagerAutoConfiguration$TransactionManagementConfiguration'
2018-01-08 23:46:30 [main] DEBUG o.s.b.f.s.DefaultListableBeanFactory - Creating instance of bean 'org.springframework.boot.autoconfigure.jdbc.DataSourceTransactionManagerAutoConfiguration$TransactionManagementConfiguration'
2018-01-08 23:46:30 [main] DEBUG o.s.b.f.s.DefaultListableBeanFactory - Eagerly caching bean 'org.springframework.boot.autoconfigure.jdbc.DataSourceTransactionManagerAutoConfiguration$TransactionManagementConfiguration' to allow for resolving potential circular references
2018-01-08 23:46:30 [main] DEBUG o.s.b.f.s.DefaultListableBeanFactory - Returning cached instance of singleton bean 'org.springframework.transaction.config.internalTransactionAdvisor'
2018-01-08 23:46:30 [main] DEBUG o.s.b.f.s.DefaultListableBeanFactory - Finished creating instance of bean 'org.springframework.boot.autoconfigure.jdbc.DataSourceTransactionManagerAutoConfiguration$TransactionManagementConfiguration'
2018-01-08 23:46:30 [main] DEBUG o.s.b.f.s.DefaultListableBeanFactory - Returning cached instance of singleton bean 'org.springframework.aop.config.internalAutoProxyCreator'
2018-01-08 23:46:30 [main] DEBUG o.s.b.f.s.DefaultListableBeanFactory - Creating shared instance of singleton bean 'org.springframework.boot.autoconfigure.jdbc.DataSourceTransactionManagerAutoConfiguration$DataSourceTransactionManagerConfiguration'
2018-01-08 23:46:30 [main] DEBUG o.s.b.f.s.DefaultListableBeanFactory - Creating instance of bean 'org.springframework.boot.autoconfigure.jdbc.DataSourceTransactionManagerAutoConfiguration$DataSourceTransactionManagerConfiguration'
2018-01-08 23:46:30 [main] DEBUG o.s.c.LocalVariableTableParameterNameDiscoverer - Cannot find '.class' file for class [class org.springframework.boot.autoconfigure.jdbc.DataSourceTransactionManagerAutoConfiguration$DataSourceTransactionManagerConfiguration$$EnhancerBySpringCGLIB$$349d90f2] - unable to determine constructor/method parameter names
2018-01-08 23:46:30 [main] DEBUG o.s.b.f.s.DefaultListableBeanFactory - Returning cached instance of singleton bean 'dataSource'
2018-01-08 23:46:30 [main] DEBUG o.s.b.f.s.DefaultListableBeanFactory - Autowiring by type from bean name 'org.springframework.boot.autoconfigure.jdbc.DataSourceTransactionManagerAutoConfiguration$DataSourceTransactionManagerConfiguration' via constructor to bean named 'dataSource'
2018-01-08 23:46:30 [main] DEBUG o.s.b.f.s.DefaultListableBeanFactory - Eagerly caching bean 'org.springframework.boot.autoconfigure.jdbc.DataSourceTransactionManagerAutoConfiguration$DataSourceTransactionManagerConfiguration' to allow for resolving potential circular references
2018-01-08 23:46:30 [main] DEBUG o.s.b.f.s.DefaultListableBeanFactory - Returning cached instance of singleton bean 'org.springframework.transaction.config.internalTransactionAdvisor'
2018-01-08 23:46:30 [main] DEBUG o.s.b.f.s.DefaultListableBeanFactory - Finished creating instance of bean 'org.springframework.boot.autoconfigure.jdbc.DataSourceTransactionManagerAutoConfiguration$DataSourceTransactionManagerConfiguration'
2018-01-08 23:46:30 [main] DEBUG o.s.b.f.s.DefaultListableBeanFactory - Creating shared instance of singleton bean 'transactionManager'
2018-01-08 23:46:30 [main] DEBUG o.s.b.f.s.DefaultListableBeanFactory - Creating instance of bean 'transactionManager'
2018-01-08 23:46:30 [main] DEBUG o.s.b.f.s.DefaultListableBeanFactory - Returning cached instance of singleton bean 'org.springframework.boot.autoconfigure.jdbc.DataSourceTransactionManagerAutoConfiguration$DataSourceTransactionManagerConfiguration'
2018-01-08 23:46:30 [main] DEBUG o.s.b.f.s.DefaultListableBeanFactory - Eagerly caching bean 'transactionManager' to allow for resolving potential circular references
2018-01-08 23:46:30 [main] DEBUG o.s.b.f.s.DefaultListableBeanFactory - Invoking afterPropertiesSet() on bean with name 'transactionManager'
2018-01-08 23:46:30 [main] DEBUG o.s.b.f.s.DefaultListableBeanFactory - Returning cached instance of singleton bean 'org.springframework.transaction.config.internalTransactionAdvisor'
2018-01-08 23:46:30 [main] DEBUG o.s.b.f.s.DefaultListableBeanFactory - Finished creating instance of bean 'transactionManager'
2018-01-08 23:46:30 [main] DEBUG o.s.b.f.s.DefaultListableBeanFactory - Creating shared instance of singleton bean 'org.springframework.boot.autoconfigure.jdbc.DataSourceTransactionManagerAutoConfiguration'
2018-01-08 23:46:30 [main] DEBUG o.s.b.f.s.DefaultListableBeanFactory - Creating instance of bean 'org.springframework.boot.autoconfigure.jdbc.DataSourceTransactionManagerAutoConfiguration'
2018-01-08 23:46:30 [main] DEBUG o.s.b.f.s.DefaultListableBeanFactory - Eagerly caching bean 'org.springframework.boot.autoconfigure.jdbc.DataSourceTransactionManagerAutoConfiguration' to allow for resolving potential circular references
2018-01-08 23:46:30 [main] DEBUG o.s.b.f.s.DefaultListableBeanFactory - Returning cached instance of singleton bean 'org.springframework.transaction.config.internalTransactionAdvisor'
2018-01-08 23:46:30 [main] DEBUG o.s.b.f.s.DefaultListableBeanFactory - Finished creating instance of bean 'org.springframework.boot.autoconfigure.jdbc.DataSourceTransactionManagerAutoConfiguration'
2018-01-08 23:46:30 [main] DEBUG o.s.b.f.s.DefaultListableBeanFactory - Creating shared instance of singleton bean 'org.springframework.boot.autoconfigure.jdbc.JdbcTemplateAutoConfiguration'
2018-01-08 23:46:30 [main] DEBUG o.s.b.f.s.DefaultListableBeanFactory - Creating instance of bean 'org.springframework.boot.autoconfigure.jdbc.JdbcTemplateAutoConfiguration'
2018-01-08 23:46:30 [main] DEBUG o.s.c.LocalVariableTableParameterNameDiscoverer - Cannot find '.class' file for class [class org.springframework.boot.autoconfigure.jdbc.JdbcTemplateAutoConfiguration$$EnhancerBySpringCGLIB$$a7812d73] - unable to determine constructor/method parameter names
2018-01-08 23:46:30 [main] DEBUG o.s.b.f.s.DefaultListableBeanFactory - Returning cached instance of singleton bean 'dataSource'
2018-01-08 23:46:30 [main] DEBUG o.s.b.f.s.DefaultListableBeanFactory - Autowiring by type from bean name 'org.springframework.boot.autoconfigure.jdbc.JdbcTemplateAutoConfiguration' via constructor to bean named 'dataSource'
2018-01-08 23:46:30 [main] DEBUG o.s.b.f.s.DefaultListableBeanFactory - Eagerly caching bean 'org.springframework.boot.autoconfigure.jdbc.JdbcTemplateAutoConfiguration' to allow for resolving potential circular references
2018-01-08 23:46:30 [main] DEBUG o.s.b.f.s.DefaultListableBeanFactory - Returning cached instance of singleton bean 'org.springframework.transaction.config.internalTransactionAdvisor'
2018-01-08 23:46:30 [main] DEBUG o.s.b.f.s.DefaultListableBeanFactory - Finished creating instance of bean 'org.springframework.boot.autoconfigure.jdbc.JdbcTemplateAutoConfiguration'
2018-01-08 23:46:30 [main] DEBUG o.s.b.f.s.DefaultListableBeanFactory - Creating shared instance of singleton bean 'jdbcTemplate'
2018-01-08 23:46:30 [main] DEBUG o.s.b.f.s.DefaultListableBeanFactory - Creating instance of bean 'jdbcTemplate'
2018-01-08 23:46:30 [main] DEBUG o.s.b.f.s.DefaultListableBeanFactory - Returning cached instance of singleton bean 'org.springframework.boot.autoconfigure.jdbc.JdbcTemplateAutoConfiguration'
2018-01-08 23:46:30 [main] DEBUG o.s.b.f.s.DefaultListableBeanFactory - Eagerly caching bean 'jdbcTemplate' to allow for resolving potential circular references
2018-01-08 23:46:30 [main] DEBUG o.s.b.f.s.DefaultListableBeanFactory - Invoking afterPropertiesSet() on bean with name 'jdbcTemplate'
2018-01-08 23:46:30 [main] DEBUG o.s.b.f.s.DefaultListableBeanFactory - Returning cached instance of singleton bean 'org.springframework.transaction.config.internalTransactionAdvisor'
2018-01-08 23:46:30 [main] DEBUG o.s.b.f.s.DefaultListableBeanFactory - Finished creating instance of bean 'jdbcTemplate'
2018-01-08 23:46:30 [main] DEBUG o.s.b.f.s.DefaultListableBeanFactory - Creating shared instance of singleton bean 'namedParameterJdbcTemplate'
2018-01-08 23:46:30 [main] DEBUG o.s.b.f.s.DefaultListableBeanFactory - Creating instance of bean 'namedParameterJdbcTemplate'
2018-01-08 23:46:30 [main] DEBUG o.s.b.f.s.DefaultListableBeanFactory - Returning cached instance of singleton bean 'org.springframework.boot.autoconfigure.jdbc.JdbcTemplateAutoConfiguration'
2018-01-08 23:46:30 [main] DEBUG o.s.b.f.s.DefaultListableBeanFactory - Eagerly caching bean 'namedParameterJdbcTemplate' to allow for resolving potential circular references
2018-01-08 23:46:30 [main] DEBUG o.s.b.f.s.DefaultListableBeanFactory - Returning cached instance of singleton bean 'org.springframework.transaction.config.internalTransactionAdvisor'
2018-01-08 23:46:30 [main] DEBUG o.s.b.f.s.DefaultListableBeanFactory - Finished creating instance of bean 'namedParameterJdbcTemplate'
2018-01-08 23:46:30 [main] DEBUG o.s.b.f.s.DefaultListableBeanFactory - Creating shared instance of singleton bean 'org.springframework.boot.autoconfigure.transaction.TransactionAutoConfiguration'
2018-01-08 23:46:30 [main] DEBUG o.s.b.f.s.DefaultListableBeanFactory - Creating instance of bean 'org.springframework.boot.autoconfigure.transaction.TransactionAutoConfiguration'
2018-01-08 23:46:30 [main] DEBUG o.s.c.LocalVariableTableParameterNameDiscoverer - Cannot find '.class' file for class [class org.springframework.boot.autoconfigure.transaction.TransactionAutoConfiguration$$EnhancerBySpringCGLIB$$1c10f38d] - unable to determine constructor/method parameter names
2018-01-08 23:46:30 [main] DEBUG o.s.b.f.s.DefaultListableBeanFactory - Returning cached instance of singleton bean 'transactionManager'
2018-01-08 23:46:30 [main] DEBUG o.s.b.f.s.DefaultListableBeanFactory - Autowiring by type from bean name 'org.springframework.boot.autoconfigure.transaction.TransactionAutoConfiguration' via constructor to bean named 'transactionManager'
2018-01-08 23:46:30 [main] DEBUG o.s.b.f.s.DefaultListableBeanFactory - Eagerly caching bean 'org.springframework.boot.autoconfigure.transaction.TransactionAutoConfiguration' to allow for resolving potential circular references
2018-01-08 23:46:30 [main] DEBUG o.s.b.f.s.DefaultListableBeanFactory - Returning cached instance of singleton bean 'org.springframework.transaction.config.internalTransactionAdvisor'
2018-01-08 23:46:30 [main] DEBUG o.s.b.f.s.DefaultListableBeanFactory - Finished creating instance of bean 'org.springframework.boot.autoconfigure.transaction.TransactionAutoConfiguration'
2018-01-08 23:46:30 [main] DEBUG o.s.b.f.s.DefaultListableBeanFactory - Creating shared instance of singleton bean 'transactionTemplate'
2018-01-08 23:46:30 [main] DEBUG o.s.b.f.s.DefaultListableBeanFactory - Creating instance of bean 'transactionTemplate'
2018-01-08 23:46:30 [main] DEBUG o.s.b.f.s.DefaultListableBeanFactory - Returning cached instance of singleton bean 'org.springframework.boot.autoconfigure.transaction.TransactionAutoConfiguration'
2018-01-08 23:46:30 [main] DEBUG o.s.b.f.s.DefaultListableBeanFactory - Eagerly caching bean 'transactionTemplate' to allow for resolving potential circular references
2018-01-08 23:46:30 [main] DEBUG o.s.b.f.s.DefaultListableBeanFactory - Invoking afterPropertiesSet() on bean with name 'transactionTemplate'
2018-01-08 23:46:30 [main] DEBUG o.s.b.f.s.DefaultListableBeanFactory - Returning cached instance of singleton bean 'org.springframework.transaction.config.internalTransactionAdvisor'
2018-01-08 23:46:30 [main] DEBUG o.s.b.f.s.DefaultListableBeanFactory - Finished creating instance of bean 'transactionTemplate'
2018-01-08 23:46:30 [main] DEBUG o.s.b.f.s.DefaultListableBeanFactory - Returning cached instance of singleton bean 'org.springframework.boot.autoconfigure.web.HttpEncodingAutoConfiguration'
2018-01-08 23:46:30 [main] DEBUG o.s.b.f.s.DefaultListableBeanFactory - Returning cached instance of singleton bean 'characterEncodingFilter'
2018-01-08 23:46:30 [main] DEBUG o.s.b.f.s.DefaultListableBeanFactory - Returning cached instance of singleton bean 'localeCharsetMappingsCustomizer'
2018-01-08 23:46:30 [main] DEBUG o.s.b.f.s.DefaultListableBeanFactory - Returning cached instance of singleton bean 'org.springframework.boot.autoconfigure.web.MultipartAutoConfiguration'
2018-01-08 23:46:30 [main] DEBUG o.s.b.f.s.DefaultListableBeanFactory - Returning cached instance of singleton bean 'multipartConfigElement'
2018-01-08 23:46:30 [main] DEBUG o.s.b.f.s.DefaultListableBeanFactory - Creating shared instance of singleton bean 'multipartResolver'
2018-01-08 23:46:30 [main] DEBUG o.s.b.f.s.DefaultListableBeanFactory - Creating instance of bean 'multipartResolver'
2018-01-08 23:46:30 [main] DEBUG o.s.b.f.s.DefaultListableBeanFactory - Returning cached instance of singleton bean 'org.springframework.boot.autoconfigure.web.MultipartAutoConfiguration'
2018-01-08 23:46:30 [main] DEBUG o.s.b.f.s.DefaultListableBeanFactory - Eagerly caching bean 'multipartResolver' to allow for resolving potential circular references
2018-01-08 23:46:30 [main] DEBUG o.s.b.f.s.DefaultListableBeanFactory - Returning cached instance of singleton bean 'org.springframework.transaction.config.internalTransactionAdvisor'
2018-01-08 23:46:30 [main] DEBUG o.s.b.f.s.DefaultListableBeanFactory - Finished creating instance of bean 'multipartResolver'
2018-01-08 23:46:30 [main] DEBUG o.s.b.f.s.DefaultListableBeanFactory - Returning cached instance of singleton bean 'spring.http.multipart-org.springframework.boot.autoconfigure.web.MultipartProperties'
2018-01-08 23:46:30 [main] DEBUG o.s.b.f.s.DefaultListableBeanFactory - Returning cached instance of singleton bean 'org.springframework.boot.autoconfigure.web.WebClientAutoConfiguration$RestTemplateConfiguration'
2018-01-08 23:46:30 [main] DEBUG o.s.b.f.s.DefaultListableBeanFactory - Returning cached instance of singleton bean 'restTemplateBuilder'
2018-01-08 23:46:30 [main] DEBUG o.s.b.f.s.DefaultListableBeanFactory - Creating shared instance of singleton bean 'org.springframework.boot.autoconfigure.web.WebClientAutoConfiguration'
2018-01-08 23:46:30 [main] DEBUG o.s.b.f.s.DefaultListableBeanFactory - Creating instance of bean 'org.springframework.boot.autoconfigure.web.WebClientAutoConfiguration'
2018-01-08 23:46:30 [main] DEBUG o.s.b.f.s.DefaultListableBeanFactory - Eagerly caching bean 'org.springframework.boot.autoconfigure.web.WebClientAutoConfiguration' to allow for resolving potential circular references
2018-01-08 23:46:30 [main] DEBUG o.s.b.f.s.DefaultListableBeanFactory - Returning cached instance of singleton bean 'org.springframework.transaction.config.internalTransactionAdvisor'
2018-01-08 23:46:30 [main] DEBUG o.s.b.f.s.DefaultListableBeanFactory - Finished creating instance of bean 'org.springframework.boot.autoconfigure.web.WebClientAutoConfiguration'
2018-01-08 23:46:30 [main] DEBUG o.s.b.f.s.DefaultListableBeanFactory - Returning cached instance of singleton bean 'org.springframework.cloud.autoconfigure.ConfigurationPropertiesRebinderAutoConfiguration'
2018-01-08 23:46:30 [main] DEBUG o.s.b.f.s.DefaultListableBeanFactory - Returning cached instance of singleton bean 'configurationPropertiesBeans'
2018-01-08 23:46:30 [main] DEBUG o.s.b.f.s.DefaultListableBeanFactory - Returning cached instance of singleton bean 'configurationPropertiesRebinder'
2018-01-08 23:46:30 [main] DEBUG o.s.b.f.s.DefaultListableBeanFactory - Returning cached instance of singleton bean 'org.springframework.cloud.autoconfigure.RefreshEndpointAutoConfiguration$RefreshEndpointConfiguration'
2018-01-08 23:46:30 [main] DEBUG o.s.b.f.s.DefaultListableBeanFactory - Returning cached instance of singleton bean 'refreshEndpoint'
2018-01-08 23:46:30 [main] DEBUG o.s.b.f.s.DefaultListableBeanFactory - Creating shared instance of singleton bean 'refreshEventListener'
2018-01-08 23:46:30 [main] DEBUG o.s.b.f.s.DefaultListableBeanFactory - Creating instance of bean 'refreshEventListener'
2018-01-08 23:46:30 [main] DEBUG o.s.b.f.s.DefaultListableBeanFactory - Returning cached instance of singleton bean 'org.springframework.cloud.autoconfigure.RefreshEndpointAutoConfiguration$RefreshEndpointConfiguration'
2018-01-08 23:46:30 [main] DEBUG o.s.b.f.s.DefaultListableBeanFactory - Returning cached instance of singleton bean 'refreshEndpoint'
2018-01-08 23:46:30 [main] DEBUG o.s.b.f.s.DefaultListableBeanFactory - Autowiring by type from bean name 'refreshEventListener' via factory method to bean named 'refreshEndpoint'
2018-01-08 23:46:30 [main] DEBUG o.s.b.f.s.DefaultListableBeanFactory - Eagerly caching bean 'refreshEventListener' to allow for resolving potential circular references
2018-01-08 23:46:30 [main] DEBUG o.s.b.f.s.DefaultListableBeanFactory - Returning cached instance of singleton bean 'org.springframework.transaction.config.internalTransactionAdvisor'
2018-01-08 23:46:30 [main] DEBUG o.s.b.f.s.DefaultListableBeanFactory - Finished creating instance of bean 'refreshEventListener'
2018-01-08 23:46:30 [main] DEBUG o.s.b.f.s.DefaultListableBeanFactory - Returning cached instance of singleton bean 'org.springframework.cloud.autoconfigure.RefreshEndpointAutoConfiguration$RestartEndpointWithoutIntegration'
2018-01-08 23:46:30 [main] DEBUG o.s.b.f.s.DefaultListableBeanFactory - Returning cached instance of singleton bean 'restartEndpoint'
2018-01-08 23:46:30 [main] DEBUG o.s.b.f.s.DefaultListableBeanFactory - Returning cached instance of singleton bean 'org.springframework.cloud.autoconfigure.RefreshEndpointAutoConfiguration'
2018-01-08 23:46:30 [main] DEBUG o.s.b.f.s.DefaultListableBeanFactory - Returning cached instance of singleton bean 'refreshScopeHealthIndicator'
2018-01-08 23:46:30 [main] DEBUG o.s.b.f.s.DefaultListableBeanFactory - Returning cached instance of singleton bean 'pauseEndpoint'
2018-01-08 23:46:30 [main] DEBUG o.s.b.f.s.DefaultListableBeanFactory - Returning cached instance of singleton bean 'resumeEndpoint'
2018-01-08 23:46:30 [main] DEBUG o.s.b.f.s.DefaultListableBeanFactory - Returning cached instance of singleton bean 'org.springframework.cloud.autoconfigure.LifecycleMvcEndpointAutoConfiguration'
2018-01-08 23:46:30 [main] DEBUG o.s.b.f.s.DefaultListableBeanFactory - Returning cached instance of singleton bean 'environmentManagerEndpoint'
2018-01-08 23:46:30 [main] DEBUG o.s.b.f.s.DefaultListableBeanFactory - Returning cached instance of singleton bean 'refreshMvcEndpoint'
2018-01-08 23:46:30 [main] DEBUG o.s.b.f.s.DefaultListableBeanFactory - Returning cached instance of singleton bean 'restartMvcEndpoint'
2018-01-08 23:46:30 [main] DEBUG o.s.b.f.s.DefaultListableBeanFactory - Returning cached instance of singleton bean 'pauseMvcEndpoint'
2018-01-08 23:46:30 [main] DEBUG o.s.b.f.s.DefaultListableBeanFactory - Returning cached instance of singleton bean 'resumeMvcEndpoint'
2018-01-08 23:46:30 [main] DEBUG o.s.b.f.s.DefaultListableBeanFactory - Returning cached instance of singleton bean 'org.springframework.cloud.autoconfigure.RefreshAutoConfiguration$RefreshScopeConfiguration'
2018-01-08 23:46:30 [main] DEBUG o.s.b.f.s.DefaultListableBeanFactory - Returning cached instance of singleton bean 'org.springframework.cloud.autoconfigure.RefreshAutoConfiguration'
2018-01-08 23:46:30 [main] DEBUG o.s.b.f.s.DefaultListableBeanFactory - Creating shared instance of singleton bean 'loggingRebinder'
2018-01-08 23:46:30 [main] DEBUG o.s.b.f.s.DefaultListableBeanFactory - Creating instance of bean 'loggingRebinder'
2018-01-08 23:46:30 [main] DEBUG o.s.b.f.s.DefaultListableBeanFactory - Eagerly caching bean 'loggingRebinder' to allow for resolving potential circular references
2018-01-08 23:46:30 [main] DEBUG o.s.b.f.s.DefaultListableBeanFactory - Returning cached instance of singleton bean 'org.springframework.transaction.config.internalTransactionAdvisor'
2018-01-08 23:46:30 [main] DEBUG o.s.b.f.s.DefaultListableBeanFactory - Finished creating instance of bean 'loggingRebinder'
2018-01-08 23:46:30 [main] DEBUG o.s.b.f.s.DefaultListableBeanFactory - Returning cached instance of singleton bean 'environmentManager'
2018-01-08 23:46:30 [main] DEBUG o.s.b.f.s.DefaultListableBeanFactory - Returning cached instance of singleton bean 'contextRefresher'
2018-01-08 23:46:30 [main] DEBUG o.s.b.f.s.DefaultListableBeanFactory - Creating shared instance of singleton bean 'org.springframework.cloud.client.discovery.noop.NoopDiscoveryClientAutoConfiguration'
2018-01-08 23:46:30 [main] DEBUG o.s.b.f.s.DefaultListableBeanFactory - Creating instance of bean 'org.springframework.cloud.client.discovery.noop.NoopDiscoveryClientAutoConfiguration'
2018-01-08 23:46:30 [main] DEBUG o.s.c.a.CommonAnnotationBeanPostProcessor - Found init method on class [org.springframework.cloud.client.discovery.noop.NoopDiscoveryClientAutoConfiguration$$EnhancerBySpringCGLIB$$b594fb61]: public void org.springframework.cloud.client.discovery.noop.NoopDiscoveryClientAutoConfiguration.init()
2018-01-08 23:46:30 [main] DEBUG o.s.c.a.CommonAnnotationBeanPostProcessor - Registered init method on class [org.springframework.cloud.client.discovery.noop.NoopDiscoveryClientAutoConfiguration$$EnhancerBySpringCGLIB$$b594fb61]: org.springframework.beans.factory.annotation.InitDestroyAnnotationBeanPostProcessor$LifecycleElement@316510
2018-01-08 23:46:30 [main] DEBUG o.s.b.f.annotation.InjectionMetadata - Registered injected element on class [org.springframework.cloud.client.discovery.noop.NoopDiscoveryClientAutoConfiguration$$EnhancerBySpringCGLIB$$b594fb61]: AutowiredFieldElement for private org.springframework.boot.autoconfigure.web.ServerProperties org.springframework.cloud.client.discovery.noop.NoopDiscoveryClientAutoConfiguration.server
2018-01-08 23:46:30 [main] DEBUG o.s.b.f.annotation.InjectionMetadata - Registered injected element on class [org.springframework.cloud.client.discovery.noop.NoopDiscoveryClientAutoConfiguration$$EnhancerBySpringCGLIB$$b594fb61]: AutowiredFieldElement for private org.springframework.context.ApplicationContext org.springframework.cloud.client.discovery.noop.NoopDiscoveryClientAutoConfiguration.context
2018-01-08 23:46:30 [main] DEBUG o.s.b.f.annotation.InjectionMetadata - Registered injected element on class [org.springframework.cloud.client.discovery.noop.NoopDiscoveryClientAutoConfiguration$$EnhancerBySpringCGLIB$$b594fb61]: AutowiredFieldElement for private org.springframework.core.env.Environment org.springframework.cloud.client.discovery.noop.NoopDiscoveryClientAutoConfiguration.environment
2018-01-08 23:46:30 [main] DEBUG o.s.b.f.s.DefaultListableBeanFactory - Eagerly caching bean 'org.springframework.cloud.client.discovery.noop.NoopDiscoveryClientAutoConfiguration' to allow for resolving potential circular references
2018-01-08 23:46:30 [main] DEBUG o.s.b.f.annotation.InjectionMetadata - Processing injected element of bean 'org.springframework.cloud.client.discovery.noop.NoopDiscoveryClientAutoConfiguration': AutowiredFieldElement for private org.springframework.boot.autoconfigure.web.ServerProperties org.springframework.cloud.client.discovery.noop.NoopDiscoveryClientAutoConfiguration.server
2018-01-08 23:46:30 [main] DEBUG o.s.b.f.s.DefaultListableBeanFactory - Returning cached instance of singleton bean 'serverProperties'
2018-01-08 23:46:30 [main] DEBUG o.s.b.f.a.AutowiredAnnotationBeanPostProcessor - Autowiring by type from bean name 'org.springframework.cloud.client.discovery.noop.NoopDiscoveryClientAutoConfiguration' to bean named 'serverProperties'
2018-01-08 23:46:30 [main] DEBUG o.s.b.f.annotation.InjectionMetadata - Processing injected element of bean 'org.springframework.cloud.client.discovery.noop.NoopDiscoveryClientAutoConfiguration': AutowiredFieldElement for private org.springframework.context.ApplicationContext org.springframework.cloud.client.discovery.noop.NoopDiscoveryClientAutoConfiguration.context
2018-01-08 23:46:30 [main] DEBUG o.s.b.f.a.AutowiredAnnotationBeanPostProcessor - Autowiring by type from bean name 'org.springframework.cloud.client.discovery.noop.NoopDiscoveryClientAutoConfiguration' to bean named 'org.springframework.boot.context.embedded.AnnotationConfigEmbeddedWebApplicationContext@736ac09a'
2018-01-08 23:46:30 [main] DEBUG o.s.b.f.annotation.InjectionMetadata - Processing injected element of bean 'org.springframework.cloud.client.discovery.noop.NoopDiscoveryClientAutoConfiguration': AutowiredFieldElement for private org.springframework.core.env.Environment org.springframework.cloud.client.discovery.noop.NoopDiscoveryClientAutoConfiguration.environment
2018-01-08 23:46:30 [main] DEBUG o.s.b.f.s.DefaultListableBeanFactory - Returning cached instance of singleton bean 'environment'
2018-01-08 23:46:30 [main] DEBUG o.s.b.f.a.AutowiredAnnotationBeanPostProcessor - Autowiring by type from bean name 'org.springframework.cloud.client.discovery.noop.NoopDiscoveryClientAutoConfiguration' to bean named 'environment'
2018-01-08 23:46:30 [main] DEBUG o.s.c.a.CommonAnnotationBeanPostProcessor - Invoking init method on bean 'org.springframework.cloud.client.discovery.noop.NoopDiscoveryClientAutoConfiguration': public void org.springframework.cloud.client.discovery.noop.NoopDiscoveryClientAutoConfiguration.init()
2018-01-08 23:46:30 [main] DEBUG o.s.c.e.PropertySourcesPropertyResolver - Could not find key 'spring.application.name' in any property source
2018-01-08 23:46:30 [main] DEBUG o.s.b.f.s.DefaultListableBeanFactory - Returning cached instance of singleton bean 'org.springframework.transaction.config.internalTransactionAdvisor'
2018-01-08 23:46:30 [main] DEBUG o.s.b.f.s.DefaultListableBeanFactory - Finished creating instance of bean 'org.springframework.cloud.client.discovery.noop.NoopDiscoveryClientAutoConfiguration'
2018-01-08 23:46:30 [main] DEBUG o.s.b.f.s.DefaultListableBeanFactory - Creating shared instance of singleton bean 'discoveryClient'
2018-01-08 23:46:30 [main] DEBUG o.s.b.f.s.DefaultListableBeanFactory - Creating instance of bean 'discoveryClient'
2018-01-08 23:46:30 [main] DEBUG o.s.b.f.s.DefaultListableBeanFactory - Returning cached instance of singleton bean 'org.springframework.cloud.client.discovery.noop.NoopDiscoveryClientAutoConfiguration'
2018-01-08 23:46:30 [main] DEBUG o.s.b.f.s.DefaultListableBeanFactory - Eagerly caching bean 'discoveryClient' to allow for resolving potential circular references
2018-01-08 23:46:30 [main] DEBUG o.s.b.f.s.DefaultListableBeanFactory - Returning cached instance of singleton bean 'org.springframework.transaction.config.internalTransactionAdvisor'
2018-01-08 23:46:30 [main] DEBUG o.s.b.f.s.DefaultListableBeanFactory - Finished creating instance of bean 'discoveryClient'
2018-01-08 23:46:30 [main] DEBUG o.s.b.f.s.DefaultListableBeanFactory - Creating shared instance of singleton bean 'org.springframework.cloud.config.client.ConfigClientAutoConfiguration'
2018-01-08 23:46:30 [main] DEBUG o.s.b.f.s.DefaultListableBeanFactory - Creating instance of bean 'org.springframework.cloud.config.client.ConfigClientAutoConfiguration'
2018-01-08 23:46:30 [main] DEBUG o.s.b.f.s.DefaultListableBeanFactory - Eagerly caching bean 'org.springframework.cloud.config.client.ConfigClientAutoConfiguration' to allow for resolving potential circular references
2018-01-08 23:46:30 [main] DEBUG o.s.b.f.s.DefaultListableBeanFactory - Returning cached instance of singleton bean 'org.springframework.transaction.config.internalTransactionAdvisor'
2018-01-08 23:46:30 [main] DEBUG o.s.b.f.s.DefaultListableBeanFactory - Finished creating instance of bean 'org.springframework.cloud.config.client.ConfigClientAutoConfiguration'
2018-01-08 23:46:30 [main] DEBUG o.s.b.f.s.DefaultListableBeanFactory - Creating shared instance of singleton bean 'configClientProperties'
2018-01-08 23:46:30 [main] DEBUG o.s.b.f.s.DefaultListableBeanFactory - Creating instance of bean 'configClientProperties'
2018-01-08 23:46:30 [main] DEBUG o.s.b.f.s.DefaultListableBeanFactory - Returning cached instance of singleton bean 'org.springframework.cloud.config.client.ConfigClientAutoConfiguration'
2018-01-08 23:46:30 [main] DEBUG o.s.b.f.s.DefaultListableBeanFactory - Returning cached instance of singleton bean 'environment'
2018-01-08 23:46:30 [main] DEBUG o.s.b.f.s.DefaultListableBeanFactory - Autowiring by type from bean name 'configClientProperties' via factory method to bean named 'environment'
2018-01-08 23:46:30 [main] DEBUG o.s.b.f.s.DefaultListableBeanFactory - Autowiring by type from bean name 'configClientProperties' via factory method to bean named 'org.springframework.boot.context.embedded.AnnotationConfigEmbeddedWebApplicationContext@736ac09a'
2018-01-08 23:46:30 [main] DEBUG o.s.b.f.s.DefaultListableBeanFactory - Returning cached instance of singleton bean 'configClientProperties'
2018-01-08 23:46:30 [main] DEBUG o.s.b.f.annotation.InjectionMetadata - Registered injected element on class [org.springframework.cloud.config.client.ConfigClientProperties]: AutowiredFieldElement for private java.lang.String org.springframework.cloud.config.client.ConfigClientProperties.name
2018-01-08 23:46:30 [main] DEBUG o.s.b.f.s.DefaultListableBeanFactory - Eagerly caching bean 'configClientProperties' to allow for resolving potential circular references
2018-01-08 23:46:30 [main] DEBUG o.s.b.f.annotation.InjectionMetadata - Processing injected element of bean 'configClientProperties': AutowiredFieldElement for private java.lang.String org.springframework.cloud.config.client.ConfigClientProperties.name
2018-01-08 23:46:30 [main] DEBUG o.s.c.e.PropertySourcesPropertyResolver - Could not find key 'spring.application.name:application' in any property source
2018-01-08 23:46:30 [main] DEBUG o.s.c.e.PropertySourcesPropertyResolver - Could not find key 'spring.application.name:application' in any property source
2018-01-08 23:46:30 [main] DEBUG o.s.c.e.PropertySourcesPropertyResolver - Could not find key 'spring.application.name' in any property source
2018-01-08 23:46:30 [main] DEBUG o.s.c.e.PropertySourcesPropertyResolver - Could not find key 'spring.application.name' in any property source
2018-01-08 23:46:30 [main] DEBUG o.s.core.env.MutablePropertySources - Adding [decrypted] PropertySource with lowest search precedence
2018-01-08 23:46:30 [main] DEBUG o.s.core.env.MutablePropertySources - Adding [Inlined Test Properties] PropertySource with lowest search precedence
2018-01-08 23:46:30 [main] DEBUG o.s.core.env.MutablePropertySources - Adding [systemProperties] PropertySource with lowest search precedence
2018-01-08 23:46:30 [main] DEBUG o.s.core.env.MutablePropertySources - Adding [systemEnvironment] PropertySource with lowest search precedence
2018-01-08 23:46:30 [main] DEBUG o.s.core.env.MutablePropertySources - Adding [random] PropertySource with lowest search precedence
2018-01-08 23:46:30 [main] DEBUG o.s.core.env.MutablePropertySources - Adding [configServerClient] PropertySource with lowest search precedence
2018-01-08 23:46:30 [main] DEBUG o.s.core.env.MutablePropertySources - Adding [applicationConfig: [classpath:/application.yml]] PropertySource with lowest search precedence
2018-01-08 23:46:30 [main] DEBUG o.s.core.env.MutablePropertySources - Adding [springCloudClientHostInfo] PropertySource with lowest search precedence
2018-01-08 23:46:30 [main] DEBUG o.s.core.env.MutablePropertySources - Adding [defaultProperties] PropertySource with lowest search precedence
2018-01-08 23:46:30 [main] DEBUG o.s.core.env.MutablePropertySources - Adding [localProperties] PropertySource with lowest search precedence
2018-01-08 23:46:30 [main] DEBUG o.s.core.env.MutablePropertySources - Adding [decrypted] PropertySource with lowest search precedence
2018-01-08 23:46:30 [main] DEBUG o.s.core.env.MutablePropertySources - Adding [Inlined Test Properties] PropertySource with lowest search precedence
2018-01-08 23:46:30 [main] DEBUG o.s.core.env.MutablePropertySources - Adding [systemProperties] PropertySource with lowest search precedence
2018-01-08 23:46:30 [main] DEBUG o.s.core.env.MutablePropertySources - Adding [systemEnvironment] PropertySource with lowest search precedence
2018-01-08 23:46:30 [main] DEBUG o.s.core.env.MutablePropertySources - Adding [random] PropertySource with lowest search precedence
2018-01-08 23:46:30 [main] DEBUG o.s.core.env.MutablePropertySources - Adding [configServerClient] PropertySource with lowest search precedence
2018-01-08 23:46:30 [main] DEBUG o.s.core.env.MutablePropertySources - Adding [applicationConfig: [classpath:/application.yml]] PropertySource with lowest search precedence
2018-01-08 23:46:30 [main] DEBUG o.s.core.env.MutablePropertySources - Adding [springCloudClientHostInfo] PropertySource with lowest search precedence
2018-01-08 23:46:30 [main] DEBUG o.s.core.env.MutablePropertySources - Adding [defaultProperties] PropertySource with lowest search precedence
2018-01-08 23:46:30 [main] DEBUG o.s.core.env.MutablePropertySources - Adding [localProperties] PropertySource with lowest search precedence
2018-01-08 23:46:30 [main] DEBUG o.s.c.e.PropertySourcesPropertyResolver - Found key 'spring.cloud.config.enabled' in [configServerClient] with type [String]
2018-01-08 23:46:30 [main] DEBUG o.s.b.f.s.DefaultListableBeanFactory - Returning cached instance of singleton bean 'org.springframework.transaction.config.internalTransactionAdvisor'
2018-01-08 23:46:30 [main] DEBUG o.s.b.f.s.DefaultListableBeanFactory - Finished creating instance of bean 'configClientProperties'
2018-01-08 23:46:30 [main] DEBUG o.s.b.f.s.DefaultListableBeanFactory - Creating shared instance of singleton bean 'configClientHealthProperties'
2018-01-08 23:46:30 [main] DEBUG o.s.b.f.s.DefaultListableBeanFactory - Creating instance of bean 'configClientHealthProperties'
2018-01-08 23:46:30 [main] DEBUG o.s.b.f.s.DefaultListableBeanFactory - Returning cached instance of singleton bean 'org.springframework.cloud.config.client.ConfigClientAutoConfiguration'
2018-01-08 23:46:30 [main] DEBUG o.s.b.f.s.DefaultListableBeanFactory - Eagerly caching bean 'configClientHealthProperties' to allow for resolving potential circular references
2018-01-08 23:46:30 [main] DEBUG o.s.core.env.MutablePropertySources - Adding [decrypted] PropertySource with lowest search precedence
2018-01-08 23:46:30 [main] DEBUG o.s.core.env.MutablePropertySources - Adding [Inlined Test Properties] PropertySource with lowest search precedence
2018-01-08 23:46:30 [main] DEBUG o.s.core.env.MutablePropertySources - Adding [systemProperties] PropertySource with lowest search precedence
2018-01-08 23:46:30 [main] DEBUG o.s.core.env.MutablePropertySources - Adding [systemEnvironment] PropertySource with lowest search precedence
2018-01-08 23:46:30 [main] DEBUG o.s.core.env.MutablePropertySources - Adding [random] PropertySource with lowest search precedence
2018-01-08 23:46:30 [main] DEBUG o.s.core.env.MutablePropertySources - Adding [configServerClient] PropertySource with lowest search precedence
2018-01-08 23:46:30 [main] DEBUG o.s.core.env.MutablePropertySources - Adding [applicationConfig: [classpath:/application.yml]] PropertySource with lowest search precedence
2018-01-08 23:46:30 [main] DEBUG o.s.core.env.MutablePropertySources - Adding [springCloudClientHostInfo] PropertySource with lowest search precedence
2018-01-08 23:46:30 [main] DEBUG o.s.core.env.MutablePropertySources - Adding [defaultProperties] PropertySource with lowest search precedence
2018-01-08 23:46:30 [main] DEBUG o.s.core.env.MutablePropertySources - Adding [localProperties] PropertySource with lowest search precedence
2018-01-08 23:46:30 [main] DEBUG o.s.b.f.s.DefaultListableBeanFactory - Returning cached instance of singleton bean 'org.springframework.transaction.config.internalTransactionAdvisor'
2018-01-08 23:46:30 [main] DEBUG o.s.b.f.s.DefaultListableBeanFactory - Finished creating instance of bean 'configClientHealthProperties'
2018-01-08 23:46:30 [main] DEBUG o.s.b.f.s.DefaultListableBeanFactory - Creating shared instance of singleton bean 'org.springframework.cloud.config.server.config.EnvironmentRepositoryConfiguration$DefaultEnvironmentWatch'
2018-01-08 23:46:30 [main] DEBUG o.s.b.f.s.DefaultListableBeanFactory - Creating instance of bean 'org.springframework.cloud.config.server.config.EnvironmentRepositoryConfiguration$DefaultEnvironmentWatch'
2018-01-08 23:46:30 [main] DEBUG o.s.b.f.s.DefaultListableBeanFactory - Eagerly caching bean 'org.springframework.cloud.config.server.config.EnvironmentRepositoryConfiguration$DefaultEnvironmentWatch' to allow for resolving potential circular references
2018-01-08 23:46:31 [main] DEBUG o.s.b.f.s.DefaultListableBeanFactory - Returning cached instance of singleton bean 'org.springframework.transaction.config.internalTransactionAdvisor'
2018-01-08 23:46:31 [main] DEBUG o.s.b.f.s.DefaultListableBeanFactory - Finished creating instance of bean 'org.springframework.cloud.config.server.config.EnvironmentRepositoryConfiguration$DefaultEnvironmentWatch'
2018-01-08 23:46:31 [main] DEBUG o.s.b.f.s.DefaultListableBeanFactory - Creating shared instance of singleton bean 'environmentWatch'
2018-01-08 23:46:31 [main] DEBUG o.s.b.f.s.DefaultListableBeanFactory - Creating instance of bean 'environmentWatch'
2018-01-08 23:46:31 [main] DEBUG o.s.b.f.s.DefaultListableBeanFactory - Returning cached instance of singleton bean 'org.springframework.cloud.config.server.config.EnvironmentRepositoryConfiguration$DefaultEnvironmentWatch'
2018-01-08 23:46:31 [main] DEBUG o.s.b.f.s.DefaultListableBeanFactory - Eagerly caching bean 'environmentWatch' to allow for resolving potential circular references
2018-01-08 23:46:31 [main] DEBUG o.s.b.f.s.DefaultListableBeanFactory - Returning cached instance of singleton bean 'org.springframework.transaction.config.internalTransactionAdvisor'
2018-01-08 23:46:31 [main] DEBUG o.s.b.f.s.DefaultListableBeanFactory - Finished creating instance of bean 'environmentWatch'
2018-01-08 23:46:31 [main] DEBUG o.s.b.f.s.DefaultListableBeanFactory - Returning cached instance of singleton bean 'org.springframework.cloud.config.server.config.EnvironmentRepositoryConfiguration$GitRepositoryConfiguration'
2018-01-08 23:46:31 [main] DEBUG o.s.b.f.s.DefaultListableBeanFactory - Returning cached instance of singleton bean 'environmentRepository'
2018-01-08 23:46:31 [main] DEBUG o.s.b.f.s.DefaultListableBeanFactory - Returning cached instance of singleton bean 'org.springframework.cloud.config.server.config.EnvironmentRepositoryConfiguration'
2018-01-08 23:46:31 [main] DEBUG o.s.b.f.s.DefaultListableBeanFactory - Returning cached instance of singleton bean 'configServerHealthIndicator'
2018-01-08 23:46:31 [main] DEBUG o.s.b.f.s.DefaultListableBeanFactory - Creating shared instance of singleton bean 'org.springframework.cloud.config.server.config.ResourceRepositoryConfiguration'
2018-01-08 23:46:31 [main] DEBUG o.s.b.f.s.DefaultListableBeanFactory - Creating instance of bean 'org.springframework.cloud.config.server.config.ResourceRepositoryConfiguration'
2018-01-08 23:46:31 [main] DEBUG o.s.b.f.s.DefaultListableBeanFactory - Eagerly caching bean 'org.springframework.cloud.config.server.config.ResourceRepositoryConfiguration' to allow for resolving potential circular references
2018-01-08 23:46:31 [main] DEBUG o.s.b.f.s.DefaultListableBeanFactory - Returning cached instance of singleton bean 'org.springframework.transaction.config.internalTransactionAdvisor'
2018-01-08 23:46:31 [main] DEBUG o.s.b.f.s.DefaultListableBeanFactory - Finished creating instance of bean 'org.springframework.cloud.config.server.config.ResourceRepositoryConfiguration'
2018-01-08 23:46:31 [main] DEBUG o.s.b.f.s.DefaultListableBeanFactory - Creating shared instance of singleton bean 'resourceRepository'
2018-01-08 23:46:31 [main] DEBUG o.s.b.f.s.DefaultListableBeanFactory - Creating instance of bean 'resourceRepository'
2018-01-08 23:46:31 [main] DEBUG o.s.b.f.s.DefaultListableBeanFactory - Returning cached instance of singleton bean 'org.springframework.cloud.config.server.config.ResourceRepositoryConfiguration'
2018-01-08 23:46:31 [main] DEBUG o.s.b.f.s.DefaultListableBeanFactory - Returning cached instance of singleton bean 'environmentRepository'
2018-01-08 23:46:31 [main] DEBUG o.s.b.f.s.DefaultListableBeanFactory - Autowiring by type from bean name 'resourceRepository' via factory method to bean named 'environmentRepository'
2018-01-08 23:46:31 [main] DEBUG o.s.b.f.s.DefaultListableBeanFactory - Eagerly caching bean 'resourceRepository' to allow for resolving potential circular references
2018-01-08 23:46:31 [main] DEBUG o.s.b.f.s.DefaultListableBeanFactory - Returning cached instance of singleton bean 'org.springframework.transaction.config.internalTransactionAdvisor'
2018-01-08 23:46:31 [main] DEBUG o.s.b.f.s.DefaultListableBeanFactory - Finished creating instance of bean 'resourceRepository'
2018-01-08 23:46:31 [main] DEBUG o.s.b.f.s.DefaultListableBeanFactory - Returning cached instance of singleton bean 'spring.cloud.config.server-org.springframework.cloud.config.server.config.ConfigServerProperties'
2018-01-08 23:46:31 [main] DEBUG o.s.b.f.s.DefaultListableBeanFactory - Creating shared instance of singleton bean 'org.springframework.cloud.config.server.config.ConfigServerEncryptionConfiguration'
2018-01-08 23:46:31 [main] DEBUG o.s.b.f.s.DefaultListableBeanFactory - Creating instance of bean 'org.springframework.cloud.config.server.config.ConfigServerEncryptionConfiguration'
2018-01-08 23:46:31 [main] DEBUG o.s.b.f.annotation.InjectionMetadata - Registered injected element on class [org.springframework.cloud.config.server.config.ConfigServerEncryptionConfiguration$$EnhancerBySpringCGLIB$$aa991a49]: AutowiredFieldElement for private org.springframework.cloud.config.server.encryption.TextEncryptorLocator org.springframework.cloud.config.server.config.ConfigServerEncryptionConfiguration.encryptor
2018-01-08 23:46:31 [main] DEBUG o.s.b.f.annotation.InjectionMetadata - Registered injected element on class [org.springframework.cloud.config.server.config.ConfigServerEncryptionConfiguration$$EnhancerBySpringCGLIB$$aa991a49]: AutowiredFieldElement for private org.springframework.cloud.config.server.config.ConfigServerProperties org.springframework.cloud.config.server.config.ConfigServerEncryptionConfiguration.properties
2018-01-08 23:46:31 [main] DEBUG o.s.b.f.s.DefaultListableBeanFactory - Eagerly caching bean 'org.springframework.cloud.config.server.config.ConfigServerEncryptionConfiguration' to allow for resolving potential circular references
2018-01-08 23:46:31 [main] DEBUG o.s.b.f.annotation.InjectionMetadata - Processing injected element of bean 'org.springframework.cloud.config.server.config.ConfigServerEncryptionConfiguration': AutowiredFieldElement for private org.springframework.cloud.config.server.encryption.TextEncryptorLocator org.springframework.cloud.config.server.config.ConfigServerEncryptionConfiguration.encryptor
2018-01-08 23:46:31 [main] DEBUG o.s.b.f.s.DefaultListableBeanFactory - Creating shared instance of singleton bean 'textEncryptorLocator'
2018-01-08 23:46:31 [main] DEBUG o.s.b.f.s.DefaultListableBeanFactory - Creating instance of bean 'textEncryptorLocator'
2018-01-08 23:46:31 [main] DEBUG o.s.b.f.s.DefaultListableBeanFactory - Creating shared instance of singleton bean 'org.springframework.cloud.config.server.config.SingleEncryptorAutoConfiguration'
2018-01-08 23:46:31 [main] DEBUG o.s.b.f.s.DefaultListableBeanFactory - Creating instance of bean 'org.springframework.cloud.config.server.config.SingleEncryptorAutoConfiguration'
2018-01-08 23:46:31 [main] DEBUG o.s.b.f.annotation.InjectionMetadata - Registered injected element on class [org.springframework.cloud.config.server.config.SingleEncryptorAutoConfiguration$$EnhancerBySpringCGLIB$$46a0131c]: AutowiredFieldElement for private org.springframework.security.crypto.encrypt.TextEncryptor org.springframework.cloud.config.server.config.SingleEncryptorAutoConfiguration.encryptor
2018-01-08 23:46:31 [main] DEBUG o.s.b.f.s.DefaultListableBeanFactory - Eagerly caching bean 'org.springframework.cloud.config.server.config.SingleEncryptorAutoConfiguration' to allow for resolving potential circular references
2018-01-08 23:46:31 [main] DEBUG o.s.b.f.annotation.InjectionMetadata - Processing injected element of bean 'org.springframework.cloud.config.server.config.SingleEncryptorAutoConfiguration': AutowiredFieldElement for private org.springframework.security.crypto.encrypt.TextEncryptor org.springframework.cloud.config.server.config.SingleEncryptorAutoConfiguration.encryptor
2018-01-08 23:46:31 [main] DEBUG o.s.b.f.s.DefaultListableBeanFactory - Returning cached instance of singleton bean 'textEncryptor'
2018-01-08 23:46:31 [main] DEBUG o.s.b.f.a.AutowiredAnnotationBeanPostProcessor - Autowiring by type from bean name 'org.springframework.cloud.config.server.config.SingleEncryptorAutoConfiguration' to bean named 'textEncryptor'
2018-01-08 23:46:31 [main] DEBUG o.s.b.f.s.DefaultListableBeanFactory - Returning cached instance of singleton bean 'org.springframework.transaction.config.internalTransactionAdvisor'
2018-01-08 23:46:31 [main] DEBUG o.s.b.f.s.DefaultListableBeanFactory - Finished creating instance of bean 'org.springframework.cloud.config.server.config.SingleEncryptorAutoConfiguration'
2018-01-08 23:46:31 [main] DEBUG o.s.b.f.s.DefaultListableBeanFactory - Eagerly caching bean 'textEncryptorLocator' to allow for resolving potential circular references
2018-01-08 23:46:31 [main] DEBUG o.s.b.f.s.DefaultListableBeanFactory - Returning cached instance of singleton bean 'org.springframework.transaction.config.internalTransactionAdvisor'
2018-01-08 23:46:31 [main] DEBUG o.s.b.f.s.DefaultListableBeanFactory - Finished creating instance of bean 'textEncryptorLocator'
2018-01-08 23:46:31 [main] DEBUG o.s.b.f.a.AutowiredAnnotationBeanPostProcessor - Autowiring by type from bean name 'org.springframework.cloud.config.server.config.ConfigServerEncryptionConfiguration' to bean named 'textEncryptorLocator'
2018-01-08 23:46:31 [main] DEBUG o.s.b.f.annotation.InjectionMetadata - Processing injected element of bean 'org.springframework.cloud.config.server.config.ConfigServerEncryptionConfiguration': AutowiredFieldElement for private org.springframework.cloud.config.server.config.ConfigServerProperties org.springframework.cloud.config.server.config.ConfigServerEncryptionConfiguration.properties
2018-01-08 23:46:31 [main] DEBUG o.s.b.f.s.DefaultListableBeanFactory - Returning cached instance of singleton bean 'spring.cloud.config.server-org.springframework.cloud.config.server.config.ConfigServerProperties'
2018-01-08 23:46:31 [main] DEBUG o.s.b.f.a.AutowiredAnnotationBeanPostProcessor - Autowiring by type from bean name 'org.springframework.cloud.config.server.config.ConfigServerEncryptionConfiguration' to bean named 'spring.cloud.config.server-org.springframework.cloud.config.server.config.ConfigServerProperties'
2018-01-08 23:46:31 [main] DEBUG o.s.b.f.s.DefaultListableBeanFactory - Returning cached instance of singleton bean 'org.springframework.transaction.config.internalTransactionAdvisor'
2018-01-08 23:46:31 [main] DEBUG o.s.b.f.s.DefaultListableBeanFactory - Finished creating instance of bean 'org.springframework.cloud.config.server.config.ConfigServerEncryptionConfiguration'
2018-01-08 23:46:31 [main] DEBUG o.s.b.f.s.DefaultListableBeanFactory - Creating shared instance of singleton bean 'encryptionController'
2018-01-08 23:46:31 [main] DEBUG o.s.b.f.s.DefaultListableBeanFactory - Creating instance of bean 'encryptionController'
2018-01-08 23:46:31 [main] DEBUG o.s.b.f.s.DefaultListableBeanFactory - Returning cached instance of singleton bean 'org.springframework.cloud.config.server.config.ConfigServerEncryptionConfiguration'
2018-01-08 23:46:31 [main] DEBUG o.s.b.f.s.DefaultListableBeanFactory - Eagerly caching bean 'encryptionController' to allow for resolving potential circular references
2018-01-08 23:46:31 [main] DEBUG o.s.b.f.s.DefaultListableBeanFactory - Returning cached instance of singleton bean 'org.springframework.transaction.config.internalTransactionAdvisor'
2018-01-08 23:46:31 [main] DEBUG o.s.b.f.s.DefaultListableBeanFactory - Finished creating instance of bean 'encryptionController'
2018-01-08 23:46:31 [main] DEBUG o.s.b.f.s.DefaultListableBeanFactory - Returning cached instance of singleton bean 'org.springframework.cloud.config.server.config.ConfigServerMvcConfiguration'
2018-01-08 23:46:31 [main] DEBUG o.s.b.f.s.DefaultListableBeanFactory - Creating shared instance of singleton bean 'environmentController'
2018-01-08 23:46:31 [main] DEBUG o.s.b.f.s.DefaultListableBeanFactory - Creating instance of bean 'environmentController'
2018-01-08 23:46:31 [main] DEBUG o.s.b.f.s.DefaultListableBeanFactory - Returning cached instance of singleton bean 'org.springframework.cloud.config.server.config.ConfigServerMvcConfiguration'
2018-01-08 23:46:31 [main] DEBUG o.s.b.f.s.DefaultListableBeanFactory - Returning cached instance of singleton bean 'environmentRepository'
2018-01-08 23:46:31 [main] DEBUG o.s.b.f.s.DefaultListableBeanFactory - Returning cached instance of singleton bean 'spring.cloud.config.server-org.springframework.cloud.config.server.config.ConfigServerProperties'
2018-01-08 23:46:31 [main] DEBUG o.s.b.f.s.DefaultListableBeanFactory - Autowiring by type from bean name 'environmentController' via factory method to bean named 'environmentRepository'
2018-01-08 23:46:31 [main] DEBUG o.s.b.f.s.DefaultListableBeanFactory - Autowiring by type from bean name 'environmentController' via factory method to bean named 'spring.cloud.config.server-org.springframework.cloud.config.server.config.ConfigServerProperties'
2018-01-08 23:46:31 [main] DEBUG o.s.b.f.s.DefaultListableBeanFactory - Eagerly caching bean 'environmentController' to allow for resolving potential circular references
2018-01-08 23:46:31 [main] DEBUG o.s.b.f.s.DefaultListableBeanFactory - Returning cached instance of singleton bean 'org.springframework.transaction.config.internalTransactionAdvisor'
2018-01-08 23:46:31 [main] DEBUG o.s.b.f.s.DefaultListableBeanFactory - Finished creating instance of bean 'environmentController'
2018-01-08 23:46:31 [main] DEBUG o.s.b.f.s.DefaultListableBeanFactory - Creating shared instance of singleton bean 'resourceController'
2018-01-08 23:46:31 [main] DEBUG o.s.b.f.s.DefaultListableBeanFactory - Creating instance of bean 'resourceController'
2018-01-08 23:46:31 [main] DEBUG o.s.b.f.s.DefaultListableBeanFactory - Returning cached instance of singleton bean 'org.springframework.cloud.config.server.config.ConfigServerMvcConfiguration'
2018-01-08 23:46:31 [main] DEBUG o.s.b.f.s.DefaultListableBeanFactory - Returning cached instance of singleton bean 'resourceRepository'
2018-01-08 23:46:31 [main] DEBUG o.s.b.f.s.DefaultListableBeanFactory - Returning cached instance of singleton bean 'environmentRepository'
2018-01-08 23:46:31 [main] DEBUG o.s.b.f.s.DefaultListableBeanFactory - Returning cached instance of singleton bean 'spring.cloud.config.server-org.springframework.cloud.config.server.config.ConfigServerProperties'
2018-01-08 23:46:31 [main] DEBUG o.s.b.f.s.DefaultListableBeanFactory - Autowiring by type from bean name 'resourceController' via factory method to bean named 'resourceRepository'
2018-01-08 23:46:31 [main] DEBUG o.s.b.f.s.DefaultListableBeanFactory - Autowiring by type from bean name 'resourceController' via factory method to bean named 'environmentRepository'
2018-01-08 23:46:31 [main] DEBUG o.s.b.f.s.DefaultListableBeanFactory - Autowiring by type from bean name 'resourceController' via factory method to bean named 'spring.cloud.config.server-org.springframework.cloud.config.server.config.ConfigServerProperties'
2018-01-08 23:46:31 [main] DEBUG o.s.b.f.s.DefaultListableBeanFactory - Eagerly caching bean 'resourceController' to allow for resolving potential circular references
2018-01-08 23:46:31 [main] DEBUG o.s.b.f.s.DefaultListableBeanFactory - Returning cached instance of singleton bean 'org.springframework.transaction.config.internalTransactionAdvisor'
2018-01-08 23:46:31 [main] DEBUG o.s.b.f.s.DefaultListableBeanFactory - Finished creating instance of bean 'resourceController'
2018-01-08 23:46:31 [main] DEBUG o.s.b.f.s.DefaultListableBeanFactory - Creating shared instance of singleton bean 'org.springframework.cloud.config.server.config.ConfigServerAutoConfiguration'
2018-01-08 23:46:31 [main] DEBUG o.s.b.f.s.DefaultListableBeanFactory - Creating instance of bean 'org.springframework.cloud.config.server.config.ConfigServerAutoConfiguration'
2018-01-08 23:46:31 [main] DEBUG o.s.b.f.s.DefaultListableBeanFactory - Eagerly caching bean 'org.springframework.cloud.config.server.config.ConfigServerAutoConfiguration' to allow for resolving potential circular references
2018-01-08 23:46:31 [main] DEBUG o.s.b.f.s.DefaultListableBeanFactory - Returning cached instance of singleton bean 'org.springframework.transaction.config.internalTransactionAdvisor'
2018-01-08 23:46:31 [main] DEBUG o.s.b.f.s.DefaultListableBeanFactory - Finished creating instance of bean 'org.springframework.cloud.config.server.config.ConfigServerAutoConfiguration'
2018-01-08 23:46:31 [main] DEBUG o.s.b.f.s.DefaultListableBeanFactory - Creating shared instance of singleton bean 'org.springframework.cloud.config.server.config.EncryptionAutoConfiguration'
2018-01-08 23:46:31 [main] DEBUG o.s.b.f.s.DefaultListableBeanFactory - Creating instance of bean 'org.springframework.cloud.config.server.config.EncryptionAutoConfiguration'
2018-01-08 23:46:31 [main] DEBUG o.s.b.f.s.DefaultListableBeanFactory - Eagerly caching bean 'org.springframework.cloud.config.server.config.EncryptionAutoConfiguration' to allow for resolving potential circular references
2018-01-08 23:46:31 [main] DEBUG o.s.b.f.s.DefaultListableBeanFactory - Returning cached instance of singleton bean 'org.springframework.transaction.config.internalTransactionAdvisor'
2018-01-08 23:46:31 [main] DEBUG o.s.b.f.s.DefaultListableBeanFactory - Finished creating instance of bean 'org.springframework.cloud.config.server.config.EncryptionAutoConfiguration'
2018-01-08 23:46:31 [main] DEBUG o.s.b.f.s.DefaultListableBeanFactory - Creating shared instance of singleton bean 'encrypt-org.springframework.cloud.bootstrap.encrypt.KeyProperties'
2018-01-08 23:46:31 [main] DEBUG o.s.b.f.s.DefaultListableBeanFactory - Creating instance of bean 'encrypt-org.springframework.cloud.bootstrap.encrypt.KeyProperties'
2018-01-08 23:46:31 [main] DEBUG o.s.b.f.s.DefaultListableBeanFactory - Eagerly caching bean 'encrypt-org.springframework.cloud.bootstrap.encrypt.KeyProperties' to allow for resolving potential circular references
2018-01-08 23:46:31 [main] DEBUG o.s.core.env.MutablePropertySources - Adding [decrypted] PropertySource with lowest search precedence
2018-01-08 23:46:31 [main] DEBUG o.s.core.env.MutablePropertySources - Adding [Inlined Test Properties] PropertySource with lowest search precedence
2018-01-08 23:46:31 [main] DEBUG o.s.core.env.MutablePropertySources - Adding [systemProperties] PropertySource with lowest search precedence
2018-01-08 23:46:31 [main] DEBUG o.s.core.env.MutablePropertySources - Adding [systemEnvironment] PropertySource with lowest search precedence
2018-01-08 23:46:31 [main] DEBUG o.s.core.env.MutablePropertySources - Adding [random] PropertySource with lowest search precedence
2018-01-08 23:46:31 [main] DEBUG o.s.core.env.MutablePropertySources - Adding [configServerClient] PropertySource with lowest search precedence
2018-01-08 23:46:31 [main] DEBUG o.s.core.env.MutablePropertySources - Adding [applicationConfig: [classpath:/application.yml]] PropertySource with lowest search precedence
2018-01-08 23:46:31 [main] DEBUG o.s.core.env.MutablePropertySources - Adding [springCloudClientHostInfo] PropertySource with lowest search precedence
2018-01-08 23:46:31 [main] DEBUG o.s.core.env.MutablePropertySources - Adding [defaultProperties] PropertySource with lowest search precedence
2018-01-08 23:46:31 [main] DEBUG o.s.core.env.MutablePropertySources - Adding [localProperties] PropertySource with lowest search precedence
2018-01-08 23:46:31 [main] DEBUG o.s.core.env.MutablePropertySources - Adding [decrypted] PropertySource with lowest search precedence
2018-01-08 23:46:31 [main] DEBUG o.s.core.env.MutablePropertySources - Adding [Inlined Test Properties] PropertySource with lowest search precedence
2018-01-08 23:46:31 [main] DEBUG o.s.core.env.MutablePropertySources - Adding [systemProperties] PropertySource with lowest search precedence
2018-01-08 23:46:31 [main] DEBUG o.s.core.env.MutablePropertySources - Adding [systemEnvironment] PropertySource with lowest search precedence
2018-01-08 23:46:31 [main] DEBUG o.s.core.env.MutablePropertySources - Adding [random] PropertySource with lowest search precedence
2018-01-08 23:46:31 [main] DEBUG o.s.core.env.MutablePropertySources - Adding [configServerClient] PropertySource with lowest search precedence
2018-01-08 23:46:31 [main] DEBUG o.s.core.env.MutablePropertySources - Adding [applicationConfig: [classpath:/application.yml]] PropertySource with lowest search precedence
2018-01-08 23:46:31 [main] DEBUG o.s.core.env.MutablePropertySources - Adding [springCloudClientHostInfo] PropertySource with lowest search precedence
2018-01-08 23:46:31 [main] DEBUG o.s.core.env.MutablePropertySources - Adding [defaultProperties] PropertySource with lowest search precedence
2018-01-08 23:46:31 [main] DEBUG o.s.core.env.MutablePropertySources - Adding [localProperties] PropertySource with lowest search precedence
2018-01-08 23:46:31 [main] DEBUG o.s.c.e.PropertySourcesPropertyResolver - Found key 'ENCRYPT_KEY' in [systemProperties] with type [String]
2018-01-08 23:46:31 [main] DEBUG o.s.b.f.s.DefaultListableBeanFactory - Returning cached instance of singleton bean 'org.springframework.transaction.config.internalTransactionAdvisor'
2018-01-08 23:46:31 [main] DEBUG o.s.b.f.s.DefaultListableBeanFactory - Finished creating instance of bean 'encrypt-org.springframework.cloud.bootstrap.encrypt.KeyProperties'
2018-01-08 23:46:31 [main] DEBUG o.s.b.f.s.DefaultListableBeanFactory - Returning cached instance of singleton bean 'org.springframework.cloud.config.server.config.SingleEncryptorAutoConfiguration'
2018-01-08 23:46:31 [main] DEBUG o.s.b.f.s.DefaultListableBeanFactory - Returning cached instance of singleton bean 'textEncryptorLocator'
2018-01-08 23:46:31 [main] DEBUG o.s.b.f.s.DefaultListableBeanFactory - Returning cached instance of singleton bean 'refreshScope'
2018-01-08 23:46:31 [main] DEBUG o.s.b.f.s.DefaultListableBeanFactory - Returning cached instance of singleton bean 'com.myshop.products.common.logging.LoggingConfigListener'
2018-01-08 23:46:31 [main] DEBUG o.s.b.f.s.DefaultListableBeanFactory - Returning cached instance of singleton bean 'org.springframework.context.event.internalEventListenerFactory'
2018-01-08 23:46:31 [main] DEBUG o.s.b.f.s.DefaultListableBeanFactory - Returning cached instance of singleton bean 'org.springframework.transaction.config.internalTransactionalEventListenerFactory'
2018-01-08 23:46:31 [main] DEBUG o.s.c.e.EventListenerMethodProcessor - 2 @EventListener methods processed on bean 'refreshEventListener': {public void org.springframework.cloud.endpoint.event.RefreshEventListener.handle(org.springframework.boot.context.event.ApplicationReadyEvent)=@org.springframework.context.event.EventListener(value=[], classes=[], condition=), public void org.springframework.cloud.endpoint.event.RefreshEventListener.handle(org.springframework.cloud.endpoint.event.RefreshEvent)=@org.springframework.context.event.EventListener(value=[], classes=[], condition=)}
2018-01-08 23:46:31 [main] DEBUG o.s.c.e.EventListenerMethodProcessor - 1 @EventListener methods processed on bean 'refreshScope': {public void org.springframework.cloud.context.scope.refresh.RefreshScope.start(org.springframework.context.event.ContextRefreshedEvent)=@org.springframework.context.event.EventListener(value=[], classes=[], condition=)}
2018-01-08 23:46:31 [main] DEBUG o.s.c.e.PropertySourcesPropertyResolver - Found key 'server.port' in [Inlined Test Properties] with type [String]
2018-01-08 23:46:31 [main] DEBUG o.s.core.env.StandardEnvironment - Adding [Management Server] PropertySource with lowest search precedence
2018-01-08 23:46:31 [main] DEBUG o.s.b.f.s.DefaultListableBeanFactory - Returning cached instance of singleton bean 'configurationPropertiesRebinder'
2018-01-08 23:46:31 [main] DEBUG o.s.b.f.s.DefaultListableBeanFactory - Returning cached instance of singleton bean 'loggingRebinder'
2018-01-08 23:46:31 [main] DEBUG o.s.b.f.s.DefaultListableBeanFactory - Returning cached instance of singleton bean 'endpoints-org.springframework.boot.actuate.endpoint.EndpointProperties'
2018-01-08 23:46:31 [main] DEBUG o.s.core.env.MutablePropertySources - Adding [decrypted] PropertySource with lowest search precedence
2018-01-08 23:46:31 [main] DEBUG o.s.core.env.MutablePropertySources - Adding [Inlined Test Properties] PropertySource with lowest search precedence
2018-01-08 23:46:31 [main] DEBUG o.s.core.env.MutablePropertySources - Adding [systemProperties] PropertySource with lowest search precedence
2018-01-08 23:46:31 [main] DEBUG o.s.core.env.MutablePropertySources - Adding [systemEnvironment] PropertySource with lowest search precedence
2018-01-08 23:46:31 [main] DEBUG o.s.core.env.MutablePropertySources - Adding [random] PropertySource with lowest search precedence
2018-01-08 23:46:31 [main] DEBUG o.s.core.env.MutablePropertySources - Adding [configServerClient] PropertySource with lowest search precedence
2018-01-08 23:46:31 [main] DEBUG o.s.core.env.MutablePropertySources - Adding [applicationConfig: [classpath:/application.yml]] PropertySource with lowest search precedence
2018-01-08 23:46:31 [main] DEBUG o.s.core.env.MutablePropertySources - Adding [springCloudClientHostInfo] PropertySource with lowest search precedence
2018-01-08 23:46:31 [main] DEBUG o.s.core.env.MutablePropertySources - Adding [defaultProperties] PropertySource with lowest search precedence
2018-01-08 23:46:31 [main] DEBUG o.s.core.env.MutablePropertySources - Adding [Management Server] PropertySource with lowest search precedence
2018-01-08 23:46:31 [main] DEBUG o.s.core.env.MutablePropertySources - Adding [localProperties] PropertySource with lowest search precedence
2018-01-08 23:46:31 [main] DEBUG o.s.core.env.MutablePropertySources - Adding [decrypted] PropertySource with lowest search precedence
2018-01-08 23:46:31 [main] DEBUG o.s.core.env.MutablePropertySources - Adding [Inlined Test Properties] PropertySource with lowest search precedence
2018-01-08 23:46:31 [main] DEBUG o.s.core.env.MutablePropertySources - Adding [systemProperties] PropertySource with lowest search precedence
2018-01-08 23:46:31 [main] DEBUG o.s.core.env.MutablePropertySources - Adding [systemEnvironment] PropertySource with lowest search precedence
2018-01-08 23:46:31 [main] DEBUG o.s.core.env.MutablePropertySources - Adding [random] PropertySource with lowest search precedence
2018-01-08 23:46:31 [main] DEBUG o.s.core.env.MutablePropertySources - Adding [configServerClient] PropertySource with lowest search precedence
2018-01-08 23:46:31 [main] DEBUG o.s.core.env.MutablePropertySources - Adding [applicationConfig: [classpath:/application.yml]] PropertySource with lowest search precedence
2018-01-08 23:46:31 [main] DEBUG o.s.core.env.MutablePropertySources - Adding [springCloudClientHostInfo] PropertySource with lowest search precedence
2018-01-08 23:46:31 [main] DEBUG o.s.core.env.MutablePropertySources - Adding [defaultProperties] PropertySource with lowest search precedence
2018-01-08 23:46:31 [main] DEBUG o.s.core.env.MutablePropertySources - Adding [Management Server] PropertySource with lowest search precedence
2018-01-08 23:46:31 [main] DEBUG o.s.core.env.MutablePropertySources - Adding [localProperties] PropertySource with lowest search precedence
2018-01-08 23:46:31 [main] DEBUG o.s.b.f.s.DefaultListableBeanFactory - Returning cached instance of singleton bean 'management.info-org.springframework.boot.actuate.autoconfigure.InfoContributorProperties'
2018-01-08 23:46:31 [main] DEBUG o.s.core.env.MutablePropertySources - Adding [decrypted] PropertySource with lowest search precedence
2018-01-08 23:46:31 [main] DEBUG o.s.core.env.MutablePropertySources - Adding [Inlined Test Properties] PropertySource with lowest search precedence
2018-01-08 23:46:31 [main] DEBUG o.s.core.env.MutablePropertySources - Adding [systemProperties] PropertySource with lowest search precedence
2018-01-08 23:46:31 [main] DEBUG o.s.core.env.MutablePropertySources - Adding [systemEnvironment] PropertySource with lowest search precedence
2018-01-08 23:46:31 [main] DEBUG o.s.core.env.MutablePropertySources - Adding [random] PropertySource with lowest search precedence
2018-01-08 23:46:31 [main] DEBUG o.s.core.env.MutablePropertySources - Adding [configServerClient] PropertySource with lowest search precedence
2018-01-08 23:46:31 [main] DEBUG o.s.core.env.MutablePropertySources - Adding [applicationConfig: [classpath:/application.yml]] PropertySource with lowest search precedence
2018-01-08 23:46:31 [main] DEBUG o.s.core.env.MutablePropertySources - Adding [springCloudClientHostInfo] PropertySource with lowest search precedence
2018-01-08 23:46:31 [main] DEBUG o.s.core.env.MutablePropertySources - Adding [defaultProperties] PropertySource with lowest search precedence
2018-01-08 23:46:31 [main] DEBUG o.s.core.env.MutablePropertySources - Adding [Management Server] PropertySource with lowest search precedence
2018-01-08 23:46:31 [main] DEBUG o.s.core.env.MutablePropertySources - Adding [localProperties] PropertySource with lowest search precedence
2018-01-08 23:46:31 [main] DEBUG o.s.core.env.MutablePropertySources - Adding [decrypted] PropertySource with lowest search precedence
2018-01-08 23:46:31 [main] DEBUG o.s.core.env.MutablePropertySources - Adding [Inlined Test Properties] PropertySource with lowest search precedence
2018-01-08 23:46:31 [main] DEBUG o.s.core.env.MutablePropertySources - Adding [systemProperties] PropertySource with lowest search precedence
2018-01-08 23:46:31 [main] DEBUG o.s.core.env.MutablePropertySources - Adding [systemEnvironment] PropertySource with lowest search precedence
2018-01-08 23:46:31 [main] DEBUG o.s.core.env.MutablePropertySources - Adding [random] PropertySource with lowest search precedence
2018-01-08 23:46:31 [main] DEBUG o.s.core.env.MutablePropertySources - Adding [configServerClient] PropertySource with lowest search precedence
2018-01-08 23:46:31 [main] DEBUG o.s.core.env.MutablePropertySources - Adding [applicationConfig: [classpath:/application.yml]] PropertySource with lowest search precedence
2018-01-08 23:46:31 [main] DEBUG o.s.core.env.MutablePropertySources - Adding [springCloudClientHostInfo] PropertySource with lowest search precedence
2018-01-08 23:46:31 [main] DEBUG o.s.core.env.MutablePropertySources - Adding [defaultProperties] PropertySource with lowest search precedence
2018-01-08 23:46:31 [main] DEBUG o.s.core.env.MutablePropertySources - Adding [Management Server] PropertySource with lowest search precedence
2018-01-08 23:46:31 [main] DEBUG o.s.core.env.MutablePropertySources - Adding [localProperties] PropertySource with lowest search precedence
2018-01-08 23:46:31 [main] DEBUG o.s.b.f.s.DefaultListableBeanFactory - Returning cached instance of singleton bean 'metricsEndpoint'
2018-01-08 23:46:31 [main] DEBUG o.s.core.env.MutablePropertySources - Adding [decrypted] PropertySource with lowest search precedence
2018-01-08 23:46:31 [main] DEBUG o.s.core.env.MutablePropertySources - Adding [Inlined Test Properties] PropertySource with lowest search precedence
2018-01-08 23:46:31 [main] DEBUG o.s.core.env.MutablePropertySources - Adding [systemProperties] PropertySource with lowest search precedence
2018-01-08 23:46:31 [main] DEBUG o.s.core.env.MutablePropertySources - Adding [systemEnvironment] PropertySource with lowest search precedence
2018-01-08 23:46:31 [main] DEBUG o.s.core.env.MutablePropertySources - Adding [random] PropertySource with lowest search precedence
2018-01-08 23:46:31 [main] DEBUG o.s.core.env.MutablePropertySources - Adding [configServerClient] PropertySource with lowest search precedence
2018-01-08 23:46:31 [main] DEBUG o.s.core.env.MutablePropertySources - Adding [applicationConfig: [classpath:/application.yml]] PropertySource with lowest search precedence
2018-01-08 23:46:31 [main] DEBUG o.s.core.env.MutablePropertySources - Adding [springCloudClientHostInfo] PropertySource with lowest search precedence
2018-01-08 23:46:31 [main] DEBUG o.s.core.env.MutablePropertySources - Adding [defaultProperties] PropertySource with lowest search precedence
2018-01-08 23:46:31 [main] DEBUG o.s.core.env.MutablePropertySources - Adding [Management Server] PropertySource with lowest search precedence
2018-01-08 23:46:31 [main] DEBUG o.s.core.env.MutablePropertySources - Adding [localProperties] PropertySource with lowest search precedence
2018-01-08 23:46:31 [main] DEBUG o.s.core.env.MutablePropertySources - Adding [decrypted] PropertySource with lowest search precedence
2018-01-08 23:46:31 [main] DEBUG o.s.core.env.MutablePropertySources - Adding [Inlined Test Properties] PropertySource with lowest search precedence
2018-01-08 23:46:31 [main] DEBUG o.s.core.env.MutablePropertySources - Adding [systemProperties] PropertySource with lowest search precedence
2018-01-08 23:46:31 [main] DEBUG o.s.core.env.MutablePropertySources - Adding [systemEnvironment] PropertySource with lowest search precedence
2018-01-08 23:46:31 [main] DEBUG o.s.core.env.MutablePropertySources - Adding [random] PropertySource with lowest search precedence
2018-01-08 23:46:31 [main] DEBUG o.s.core.env.MutablePropertySources - Adding [configServerClient] PropertySource with lowest search precedence
2018-01-08 23:46:31 [main] DEBUG o.s.core.env.MutablePropertySources - Adding [applicationConfig: [classpath:/application.yml]] PropertySource with lowest search precedence
2018-01-08 23:46:31 [main] DEBUG o.s.core.env.MutablePropertySources - Adding [springCloudClientHostInfo] PropertySource with lowest search precedence
2018-01-08 23:46:31 [main] DEBUG o.s.core.env.MutablePropertySources - Adding [defaultProperties] PropertySource with lowest search precedence
2018-01-08 23:46:31 [main] DEBUG o.s.core.env.MutablePropertySources - Adding [Management Server] PropertySource with lowest search precedence
2018-01-08 23:46:31 [main] DEBUG o.s.core.env.MutablePropertySources - Adding [localProperties] PropertySource with lowest search precedence
2018-01-08 23:46:31 [main] DEBUG o.s.b.f.s.DefaultListableBeanFactory - Returning cached instance of singleton bean 'inetUtilsProperties'
2018-01-08 23:46:31 [main] DEBUG o.s.core.env.MutablePropertySources - Adding [decrypted] PropertySource with lowest search precedence
2018-01-08 23:46:31 [main] DEBUG o.s.core.env.MutablePropertySources - Adding [Inlined Test Properties] PropertySource with lowest search precedence
2018-01-08 23:46:31 [main] DEBUG o.s.core.env.MutablePropertySources - Adding [systemProperties] PropertySource with lowest search precedence
2018-01-08 23:46:31 [main] DEBUG o.s.core.env.MutablePropertySources - Adding [systemEnvironment] PropertySource with lowest search precedence
2018-01-08 23:46:31 [main] DEBUG o.s.core.env.MutablePropertySources - Adding [random] PropertySource with lowest search precedence
2018-01-08 23:46:31 [main] DEBUG o.s.core.env.MutablePropertySources - Adding [configServerClient] PropertySource with lowest search precedence
2018-01-08 23:46:31 [main] DEBUG o.s.core.env.MutablePropertySources - Adding [applicationConfig: [classpath:/application.yml]] PropertySource with lowest search precedence
2018-01-08 23:46:31 [main] DEBUG o.s.core.env.MutablePropertySources - Adding [springCloudClientHostInfo] PropertySource with lowest search precedence
2018-01-08 23:46:31 [main] DEBUG o.s.core.env.MutablePropertySources - Adding [defaultProperties] PropertySource with lowest search precedence
2018-01-08 23:46:31 [main] DEBUG o.s.core.env.MutablePropertySources - Adding [Management Server] PropertySource with lowest search precedence
2018-01-08 23:46:31 [main] DEBUG o.s.core.env.MutablePropertySources - Adding [localProperties] PropertySource with lowest search precedence
2018-01-08 23:46:31 [main] DEBUG o.s.core.env.MutablePropertySources - Adding [decrypted] PropertySource with lowest search precedence
2018-01-08 23:46:31 [main] DEBUG o.s.core.env.MutablePropertySources - Adding [Inlined Test Properties] PropertySource with lowest search precedence
2018-01-08 23:46:31 [main] DEBUG o.s.core.env.MutablePropertySources - Adding [systemProperties] PropertySource with lowest search precedence
2018-01-08 23:46:31 [main] DEBUG o.s.core.env.MutablePropertySources - Adding [systemEnvironment] PropertySource with lowest search precedence
2018-01-08 23:46:31 [main] DEBUG o.s.core.env.MutablePropertySources - Adding [random] PropertySource with lowest search precedence
2018-01-08 23:46:31 [main] DEBUG o.s.core.env.MutablePropertySources - Adding [configServerClient] PropertySource with lowest search precedence
2018-01-08 23:46:31 [main] DEBUG o.s.core.env.MutablePropertySources - Adding [applicationConfig: [classpath:/application.yml]] PropertySource with lowest search precedence
2018-01-08 23:46:31 [main] DEBUG o.s.core.env.MutablePropertySources - Adding [springCloudClientHostInfo] PropertySource with lowest search precedence
2018-01-08 23:46:31 [main] DEBUG o.s.core.env.MutablePropertySources - Adding [defaultProperties] PropertySource with lowest search precedence
2018-01-08 23:46:31 [main] DEBUG o.s.core.env.MutablePropertySources - Adding [Management Server] PropertySource with lowest search precedence
2018-01-08 23:46:31 [main] DEBUG o.s.core.env.MutablePropertySources - Adding [localProperties] PropertySource with lowest search precedence
2018-01-08 23:46:31 [main] DEBUG o.s.b.f.s.DefaultListableBeanFactory - Returning cached instance of singleton bean 'configServerHealthIndicator'
2018-01-08 23:46:31 [main] DEBUG o.s.core.env.MutablePropertySources - Adding [decrypted] PropertySource with lowest search precedence
2018-01-08 23:46:31 [main] DEBUG o.s.core.env.MutablePropertySources - Adding [Inlined Test Properties] PropertySource with lowest search precedence
2018-01-08 23:46:31 [main] DEBUG o.s.core.env.MutablePropertySources - Adding [systemProperties] PropertySource with lowest search precedence
2018-01-08 23:46:31 [main] DEBUG o.s.core.env.MutablePropertySources - Adding [systemEnvironment] PropertySource with lowest search precedence
2018-01-08 23:46:31 [main] DEBUG o.s.core.env.MutablePropertySources - Adding [random] PropertySource with lowest search precedence
2018-01-08 23:46:31 [main] DEBUG o.s.core.env.MutablePropertySources - Adding [configServerClient] PropertySource with lowest search precedence
2018-01-08 23:46:31 [main] DEBUG o.s.core.env.MutablePropertySources - Adding [applicationConfig: [classpath:/application.yml]] PropertySource with lowest search precedence
2018-01-08 23:46:31 [main] DEBUG o.s.core.env.MutablePropertySources - Adding [springCloudClientHostInfo] PropertySource with lowest search precedence
2018-01-08 23:46:31 [main] DEBUG o.s.core.env.MutablePropertySources - Adding [defaultProperties] PropertySource with lowest search precedence
2018-01-08 23:46:31 [main] DEBUG o.s.core.env.MutablePropertySources - Adding [Management Server] PropertySource with lowest search precedence
2018-01-08 23:46:31 [main] DEBUG o.s.core.env.MutablePropertySources - Adding [localProperties] PropertySource with lowest search precedence
2018-01-08 23:46:31 [main] DEBUG o.s.core.env.MutablePropertySources - Adding [decrypted] PropertySource with lowest search precedence
2018-01-08 23:46:31 [main] DEBUG o.s.core.env.MutablePropertySources - Adding [Inlined Test Properties] PropertySource with lowest search precedence
2018-01-08 23:46:31 [main] DEBUG o.s.core.env.MutablePropertySources - Adding [systemProperties] PropertySource with lowest search precedence
2018-01-08 23:46:31 [main] DEBUG o.s.core.env.MutablePropertySources - Adding [systemEnvironment] PropertySource with lowest search precedence
2018-01-08 23:46:31 [main] DEBUG o.s.core.env.MutablePropertySources - Adding [random] PropertySource with lowest search precedence
2018-01-08 23:46:31 [main] DEBUG o.s.core.env.MutablePropertySources - Adding [configServerClient] PropertySource with lowest search precedence
2018-01-08 23:46:31 [main] DEBUG o.s.core.env.MutablePropertySources - Adding [applicationConfig: [classpath:/application.yml]] PropertySource with lowest search precedence
2018-01-08 23:46:31 [main] DEBUG o.s.core.env.MutablePropertySources - Adding [springCloudClientHostInfo] PropertySource with lowest search precedence
2018-01-08 23:46:31 [main] DEBUG o.s.core.env.MutablePropertySources - Adding [defaultProperties] PropertySource with lowest search precedence
2018-01-08 23:46:31 [main] DEBUG o.s.core.env.MutablePropertySources - Adding [Management Server] PropertySource with lowest search precedence
2018-01-08 23:46:31 [main] DEBUG o.s.core.env.MutablePropertySources - Adding [localProperties] PropertySource with lowest search precedence
2018-01-08 23:46:31 [main] DEBUG o.s.c.a.CommonAnnotationBeanPostProcessor - Invoking init method on bean 'configServerHealthIndicator': public void org.springframework.cloud.config.server.config.ConfigServerHealthIndicator.init()
2018-01-08 23:46:31 [main] DEBUG o.s.b.f.s.DefaultListableBeanFactory - Returning cached instance of singleton bean 'spring.jackson-org.springframework.boot.autoconfigure.jackson.JacksonProperties'
2018-01-08 23:46:31 [main] DEBUG o.s.core.env.MutablePropertySources - Adding [decrypted] PropertySource with lowest search precedence
2018-01-08 23:46:31 [main] DEBUG o.s.core.env.MutablePropertySources - Adding [Inlined Test Properties] PropertySource with lowest search precedence
2018-01-08 23:46:31 [main] DEBUG o.s.core.env.MutablePropertySources - Adding [systemProperties] PropertySource with lowest search precedence
2018-01-08 23:46:31 [main] DEBUG o.s.core.env.MutablePropertySources - Adding [systemEnvironment] PropertySource with lowest search precedence
2018-01-08 23:46:31 [main] DEBUG o.s.core.env.MutablePropertySources - Adding [random] PropertySource with lowest search precedence
2018-01-08 23:46:31 [main] DEBUG o.s.core.env.MutablePropertySources - Adding [configServerClient] PropertySource with lowest search precedence
2018-01-08 23:46:31 [main] DEBUG o.s.core.env.MutablePropertySources - Adding [applicationConfig: [classpath:/application.yml]] PropertySource with lowest search precedence
2018-01-08 23:46:31 [main] DEBUG o.s.core.env.MutablePropertySources - Adding [springCloudClientHostInfo] PropertySource with lowest search precedence
2018-01-08 23:46:31 [main] DEBUG o.s.core.env.MutablePropertySources - Adding [defaultProperties] PropertySource with lowest search precedence
2018-01-08 23:46:31 [main] DEBUG o.s.core.env.MutablePropertySources - Adding [Management Server] PropertySource with lowest search precedence
2018-01-08 23:46:31 [main] DEBUG o.s.core.env.MutablePropertySources - Adding [localProperties] PropertySource with lowest search precedence
2018-01-08 23:46:31 [main] DEBUG o.s.core.env.MutablePropertySources - Adding [decrypted] PropertySource with lowest search precedence
2018-01-08 23:46:31 [main] DEBUG o.s.core.env.MutablePropertySources - Adding [Inlined Test Properties] PropertySource with lowest search precedence
2018-01-08 23:46:31 [main] DEBUG o.s.core.env.MutablePropertySources - Adding [systemProperties] PropertySource with lowest search precedence
2018-01-08 23:46:31 [main] DEBUG o.s.core.env.MutablePropertySources - Adding [systemEnvironment] PropertySource with lowest search precedence
2018-01-08 23:46:31 [main] DEBUG o.s.core.env.MutablePropertySources - Adding [random] PropertySource with lowest search precedence
2018-01-08 23:46:31 [main] DEBUG o.s.core.env.MutablePropertySources - Adding [configServerClient] PropertySource with lowest search precedence
2018-01-08 23:46:31 [main] DEBUG o.s.core.env.MutablePropertySources - Adding [applicationConfig: [classpath:/application.yml]] PropertySource with lowest search precedence
2018-01-08 23:46:31 [main] DEBUG o.s.core.env.MutablePropertySources - Adding [springCloudClientHostInfo] PropertySource with lowest search precedence
2018-01-08 23:46:31 [main] DEBUG o.s.core.env.MutablePropertySources - Adding [defaultProperties] PropertySource with lowest search precedence
2018-01-08 23:46:31 [main] DEBUG o.s.core.env.MutablePropertySources - Adding [Management Server] PropertySource with lowest search precedence
2018-01-08 23:46:31 [main] DEBUG o.s.core.env.MutablePropertySources - Adding [localProperties] PropertySource with lowest search precedence
2018-01-08 23:46:31 [main] DEBUG o.s.b.f.s.DefaultListableBeanFactory - Returning cached instance of singleton bean 'endpoints.cors-org.springframework.boot.actuate.autoconfigure.EndpointCorsProperties'
2018-01-08 23:46:31 [main] DEBUG o.s.core.env.MutablePropertySources - Adding [decrypted] PropertySource with lowest search precedence
2018-01-08 23:46:31 [main] DEBUG o.s.core.env.MutablePropertySources - Adding [Inlined Test Properties] PropertySource with lowest search precedence
2018-01-08 23:46:31 [main] DEBUG o.s.core.env.MutablePropertySources - Adding [systemProperties] PropertySource with lowest search precedence
2018-01-08 23:46:31 [main] DEBUG o.s.core.env.MutablePropertySources - Adding [systemEnvironment] PropertySource with lowest search precedence
2018-01-08 23:46:31 [main] DEBUG o.s.core.env.MutablePropertySources - Adding [random] PropertySource with lowest search precedence
2018-01-08 23:46:31 [main] DEBUG o.s.core.env.MutablePropertySources - Adding [configServerClient] PropertySource with lowest search precedence
2018-01-08 23:46:31 [main] DEBUG o.s.core.env.MutablePropertySources - Adding [applicationConfig: [classpath:/application.yml]] PropertySource with lowest search precedence
2018-01-08 23:46:31 [main] DEBUG o.s.core.env.MutablePropertySources - Adding [springCloudClientHostInfo] PropertySource with lowest search precedence
2018-01-08 23:46:31 [main] DEBUG o.s.core.env.MutablePropertySources - Adding [defaultProperties] PropertySource with lowest search precedence
2018-01-08 23:46:31 [main] DEBUG o.s.core.env.MutablePropertySources - Adding [Management Server] PropertySource with lowest search precedence
2018-01-08 23:46:31 [main] DEBUG o.s.core.env.MutablePropertySources - Adding [localProperties] PropertySource with lowest search precedence
2018-01-08 23:46:31 [main] DEBUG o.s.core.env.MutablePropertySources - Adding [decrypted] PropertySource with lowest search precedence
2018-01-08 23:46:31 [main] DEBUG o.s.core.env.MutablePropertySources - Adding [Inlined Test Properties] PropertySource with lowest search precedence
2018-01-08 23:46:31 [main] DEBUG o.s.core.env.MutablePropertySources - Adding [systemProperties] PropertySource with lowest search precedence
2018-01-08 23:46:31 [main] DEBUG o.s.core.env.MutablePropertySources - Adding [systemEnvironment] PropertySource with lowest search precedence
2018-01-08 23:46:31 [main] DEBUG o.s.core.env.MutablePropertySources - Adding [random] PropertySource with lowest search precedence
2018-01-08 23:46:31 [main] DEBUG o.s.core.env.MutablePropertySources - Adding [configServerClient] PropertySource with lowest search precedence
2018-01-08 23:46:31 [main] DEBUG o.s.core.env.MutablePropertySources - Adding [applicationConfig: [classpath:/application.yml]] PropertySource with lowest search precedence
2018-01-08 23:46:31 [main] DEBUG o.s.core.env.MutablePropertySources - Adding [springCloudClientHostInfo] PropertySource with lowest search precedence
2018-01-08 23:46:31 [main] DEBUG o.s.core.env.MutablePropertySources - Adding [defaultProperties] PropertySource with lowest search precedence
2018-01-08 23:46:31 [main] DEBUG o.s.core.env.MutablePropertySources - Adding [Management Server] PropertySource with lowest search precedence
2018-01-08 23:46:31 [main] DEBUG o.s.core.env.MutablePropertySources - Adding [localProperties] PropertySource with lowest search precedence
2018-01-08 23:46:31 [main] DEBUG o.s.b.f.s.DefaultListableBeanFactory - Returning cached instance of singleton bean 'heapdumpMvcEndpoint'
2018-01-08 23:46:31 [main] DEBUG o.s.core.env.MutablePropertySources - Adding [decrypted] PropertySource with lowest search precedence
2018-01-08 23:46:31 [main] DEBUG o.s.core.env.MutablePropertySources - Adding [Inlined Test Properties] PropertySource with lowest search precedence
2018-01-08 23:46:31 [main] DEBUG o.s.core.env.MutablePropertySources - Adding [systemProperties] PropertySource with lowest search precedence
2018-01-08 23:46:31 [main] DEBUG o.s.core.env.MutablePropertySources - Adding [systemEnvironment] PropertySource with lowest search precedence
2018-01-08 23:46:31 [main] DEBUG o.s.core.env.MutablePropertySources - Adding [random] PropertySource with lowest search precedence
2018-01-08 23:46:31 [main] DEBUG o.s.core.env.MutablePropertySources - Adding [configServerClient] PropertySource with lowest search precedence
2018-01-08 23:46:31 [main] DEBUG o.s.core.env.MutablePropertySources - Adding [applicationConfig: [classpath:/application.yml]] PropertySource with lowest search precedence
2018-01-08 23:46:31 [main] DEBUG o.s.core.env.MutablePropertySources - Adding [springCloudClientHostInfo] PropertySource with lowest search precedence
2018-01-08 23:46:31 [main] DEBUG o.s.core.env.MutablePropertySources - Adding [defaultProperties] PropertySource with lowest search precedence
2018-01-08 23:46:31 [main] DEBUG o.s.core.env.MutablePropertySources - Adding [Management Server] PropertySource with lowest search precedence
2018-01-08 23:46:31 [main] DEBUG o.s.core.env.MutablePropertySources - Adding [localProperties] PropertySource with lowest search precedence
2018-01-08 23:46:31 [main] DEBUG o.s.core.env.MutablePropertySources - Adding [decrypted] PropertySource with lowest search precedence
2018-01-08 23:46:31 [main] DEBUG o.s.core.env.MutablePropertySources - Adding [Inlined Test Properties] PropertySource with lowest search precedence
2018-01-08 23:46:31 [main] DEBUG o.s.core.env.MutablePropertySources - Adding [systemProperties] PropertySource with lowest search precedence
2018-01-08 23:46:31 [main] DEBUG o.s.core.env.MutablePropertySources - Adding [systemEnvironment] PropertySource with lowest search precedence
2018-01-08 23:46:31 [main] DEBUG o.s.core.env.MutablePropertySources - Adding [random] PropertySource with lowest search precedence
2018-01-08 23:46:31 [main] DEBUG o.s.core.env.MutablePropertySources - Adding [configServerClient] PropertySource with lowest search precedence
2018-01-08 23:46:31 [main] DEBUG o.s.core.env.MutablePropertySources - Adding [applicationConfig: [classpath:/application.yml]] PropertySource with lowest search precedence
2018-01-08 23:46:31 [main] DEBUG o.s.core.env.MutablePropertySources - Adding [springCloudClientHostInfo] PropertySource with lowest search precedence
2018-01-08 23:46:31 [main] DEBUG o.s.core.env.MutablePropertySources - Adding [defaultProperties] PropertySource with lowest search precedence
2018-01-08 23:46:31 [main] DEBUG o.s.core.env.MutablePropertySources - Adding [Management Server] PropertySource with lowest search precedence
2018-01-08 23:46:31 [main] DEBUG o.s.core.env.MutablePropertySources - Adding [localProperties] PropertySource with lowest search precedence
2018-01-08 23:46:31 [main] DEBUG o.s.b.f.s.DefaultListableBeanFactory - Returning cached instance of singleton bean 'environmentMvcEndpoint'
2018-01-08 23:46:31 [main] DEBUG o.s.core.env.MutablePropertySources - Adding [decrypted] PropertySource with lowest search precedence
2018-01-08 23:46:31 [main] DEBUG o.s.core.env.MutablePropertySources - Adding [Inlined Test Properties] PropertySource with lowest search precedence
2018-01-08 23:46:31 [main] DEBUG o.s.core.env.MutablePropertySources - Adding [systemProperties] PropertySource with lowest search precedence
2018-01-08 23:46:31 [main] DEBUG o.s.core.env.MutablePropertySources - Adding [systemEnvironment] PropertySource with lowest search precedence
2018-01-08 23:46:31 [main] DEBUG o.s.core.env.MutablePropertySources - Adding [random] PropertySource with lowest search precedence
2018-01-08 23:46:31 [main] DEBUG o.s.core.env.MutablePropertySources - Adding [configServerClient] PropertySource with lowest search precedence
2018-01-08 23:46:31 [main] DEBUG o.s.core.env.MutablePropertySources - Adding [applicationConfig: [classpath:/application.yml]] PropertySource with lowest search precedence
2018-01-08 23:46:31 [main] DEBUG o.s.core.env.MutablePropertySources - Adding [springCloudClientHostInfo] PropertySource with lowest search precedence
2018-01-08 23:46:31 [main] DEBUG o.s.core.env.MutablePropertySources - Adding [defaultProperties] PropertySource with lowest search precedence
2018-01-08 23:46:31 [main] DEBUG o.s.core.env.MutablePropertySources - Adding [Management Server] PropertySource with lowest search precedence
2018-01-08 23:46:31 [main] DEBUG o.s.core.env.MutablePropertySources - Adding [localProperties] PropertySource with lowest search precedence
2018-01-08 23:46:31 [main] DEBUG o.s.core.env.MutablePropertySources - Adding [decrypted] PropertySource with lowest search precedence
2018-01-08 23:46:31 [main] DEBUG o.s.core.env.MutablePropertySources - Adding [Inlined Test Properties] PropertySource with lowest search precedence
2018-01-08 23:46:31 [main] DEBUG o.s.core.env.MutablePropertySources - Adding [systemProperties] PropertySource with lowest search precedence
2018-01-08 23:46:31 [main] DEBUG o.s.core.env.MutablePropertySources - Adding [systemEnvironment] PropertySource with lowest search precedence
2018-01-08 23:46:31 [main] DEBUG o.s.core.env.MutablePropertySources - Adding [random] PropertySource with lowest search precedence
2018-01-08 23:46:31 [main] DEBUG o.s.core.env.MutablePropertySources - Adding [configServerClient] PropertySource with lowest search precedence
2018-01-08 23:46:31 [main] DEBUG o.s.core.env.MutablePropertySources - Adding [applicationConfig: [classpath:/application.yml]] PropertySource with lowest search precedence
2018-01-08 23:46:31 [main] DEBUG o.s.core.env.MutablePropertySources - Adding [springCloudClientHostInfo] PropertySource with lowest search precedence
2018-01-08 23:46:31 [main] DEBUG o.s.core.env.MutablePropertySources - Adding [defaultProperties] PropertySource with lowest search precedence
2018-01-08 23:46:31 [main] DEBUG o.s.core.env.MutablePropertySources - Adding [Management Server] PropertySource with lowest search precedence
2018-01-08 23:46:31 [main] DEBUG o.s.core.env.MutablePropertySources - Adding [localProperties] PropertySource with lowest search precedence
2018-01-08 23:46:31 [main] DEBUG o.s.b.f.s.DefaultListableBeanFactory - Returning cached instance of singleton bean 'spring.http.multipart-org.springframework.boot.autoconfigure.web.MultipartProperties'
2018-01-08 23:46:31 [main] DEBUG o.s.core.env.MutablePropertySources - Adding [decrypted] PropertySource with lowest search precedence
2018-01-08 23:46:31 [main] DEBUG o.s.core.env.MutablePropertySources - Adding [Inlined Test Properties] PropertySource with lowest search precedence
2018-01-08 23:46:31 [main] DEBUG o.s.core.env.MutablePropertySources - Adding [systemProperties] PropertySource with lowest search precedence
2018-01-08 23:46:31 [main] DEBUG o.s.core.env.MutablePropertySources - Adding [systemEnvironment] PropertySource with lowest search precedence
2018-01-08 23:46:31 [main] DEBUG o.s.core.env.MutablePropertySources - Adding [random] PropertySource with lowest search precedence
2018-01-08 23:46:31 [main] DEBUG o.s.core.env.MutablePropertySources - Adding [configServerClient] PropertySource with lowest search precedence
2018-01-08 23:46:31 [main] DEBUG o.s.core.env.MutablePropertySources - Adding [applicationConfig: [classpath:/application.yml]] PropertySource with lowest search precedence
2018-01-08 23:46:31 [main] DEBUG o.s.core.env.MutablePropertySources - Adding [springCloudClientHostInfo] PropertySource with lowest search precedence
2018-01-08 23:46:31 [main] DEBUG o.s.core.env.MutablePropertySources - Adding [defaultProperties] PropertySource with lowest search precedence
2018-01-08 23:46:31 [main] DEBUG o.s.core.env.MutablePropertySources - Adding [Management Server] PropertySource with lowest search precedence
2018-01-08 23:46:31 [main] DEBUG o.s.core.env.MutablePropertySources - Adding [localProperties] PropertySource with lowest search precedence
2018-01-08 23:46:31 [main] DEBUG o.s.core.env.MutablePropertySources - Adding [decrypted] PropertySource with lowest search precedence
2018-01-08 23:46:31 [main] DEBUG o.s.core.env.MutablePropertySources - Adding [Inlined Test Properties] PropertySource with lowest search precedence
2018-01-08 23:46:31 [main] DEBUG o.s.core.env.MutablePropertySources - Adding [systemProperties] PropertySource with lowest search precedence
2018-01-08 23:46:31 [main] DEBUG o.s.core.env.MutablePropertySources - Adding [systemEnvironment] PropertySource with lowest search precedence
2018-01-08 23:46:31 [main] DEBUG o.s.core.env.MutablePropertySources - Adding [random] PropertySource with lowest search precedence
2018-01-08 23:46:31 [main] DEBUG o.s.core.env.MutablePropertySources - Adding [configServerClient] PropertySource with lowest search precedence
2018-01-08 23:46:31 [main] DEBUG o.s.core.env.MutablePropertySources - Adding [applicationConfig: [classpath:/application.yml]] PropertySource with lowest search precedence
2018-01-08 23:46:31 [main] DEBUG o.s.core.env.MutablePropertySources - Adding [springCloudClientHostInfo] PropertySource with lowest search precedence
2018-01-08 23:46:31 [main] DEBUG o.s.core.env.MutablePropertySources - Adding [defaultProperties] PropertySource with lowest search precedence
2018-01-08 23:46:31 [main] DEBUG o.s.core.env.MutablePropertySources - Adding [Management Server] PropertySource with lowest search precedence
2018-01-08 23:46:31 [main] DEBUG o.s.core.env.MutablePropertySources - Adding [localProperties] PropertySource with lowest search precedence
2018-01-08 23:46:31 [main] DEBUG o.s.b.f.s.DefaultListableBeanFactory - Returning cached instance of singleton bean 'environmentEndpoint'
2018-01-08 23:46:31 [main] DEBUG o.s.core.env.MutablePropertySources - Adding [decrypted] PropertySource with lowest search precedence
2018-01-08 23:46:31 [main] DEBUG o.s.core.env.MutablePropertySources - Adding [Inlined Test Properties] PropertySource with lowest search precedence
2018-01-08 23:46:31 [main] DEBUG o.s.core.env.MutablePropertySources - Adding [systemProperties] PropertySource with lowest search precedence
2018-01-08 23:46:31 [main] DEBUG o.s.core.env.MutablePropertySources - Adding [systemEnvironment] PropertySource with lowest search precedence
2018-01-08 23:46:31 [main] DEBUG o.s.core.env.MutablePropertySources - Adding [random] PropertySource with lowest search precedence
2018-01-08 23:46:31 [main] DEBUG o.s.core.env.MutablePropertySources - Adding [configServerClient] PropertySource with lowest search precedence
2018-01-08 23:46:31 [main] DEBUG o.s.core.env.MutablePropertySources - Adding [applicationConfig: [classpath:/application.yml]] PropertySource with lowest search precedence
2018-01-08 23:46:31 [main] DEBUG o.s.core.env.MutablePropertySources - Adding [springCloudClientHostInfo] PropertySource with lowest search precedence
2018-01-08 23:46:31 [main] DEBUG o.s.core.env.MutablePropertySources - Adding [defaultProperties] PropertySource with lowest search precedence
2018-01-08 23:46:31 [main] DEBUG o.s.core.env.MutablePropertySources - Adding [Management Server] PropertySource with lowest search precedence
2018-01-08 23:46:31 [main] DEBUG o.s.core.env.MutablePropertySources - Adding [localProperties] PropertySource with lowest search precedence
2018-01-08 23:46:31 [main] DEBUG o.s.core.env.MutablePropertySources - Adding [decrypted] PropertySource with lowest search precedence
2018-01-08 23:46:31 [main] DEBUG o.s.core.env.MutablePropertySources - Adding [Inlined Test Properties] PropertySource with lowest search precedence
2018-01-08 23:46:31 [main] DEBUG o.s.core.env.MutablePropertySources - Adding [systemProperties] PropertySource with lowest search precedence
2018-01-08 23:46:31 [main] DEBUG o.s.core.env.MutablePropertySources - Adding [systemEnvironment] PropertySource with lowest search precedence
2018-01-08 23:46:31 [main] DEBUG o.s.core.env.MutablePropertySources - Adding [random] PropertySource with lowest search precedence
2018-01-08 23:46:31 [main] DEBUG o.s.core.env.MutablePropertySources - Adding [configServerClient] PropertySource with lowest search precedence
2018-01-08 23:46:31 [main] DEBUG o.s.core.env.MutablePropertySources - Adding [applicationConfig: [classpath:/application.yml]] PropertySource with lowest search precedence
2018-01-08 23:46:31 [main] DEBUG o.s.core.env.MutablePropertySources - Adding [springCloudClientHostInfo] PropertySource with lowest search precedence
2018-01-08 23:46:31 [main] DEBUG o.s.core.env.MutablePropertySources - Adding [defaultProperties] PropertySource with lowest search precedence
2018-01-08 23:46:31 [main] DEBUG o.s.core.env.MutablePropertySources - Adding [Management Server] PropertySource with lowest search precedence
2018-01-08 23:46:31 [main] DEBUG o.s.core.env.MutablePropertySources - Adding [localProperties] PropertySource with lowest search precedence
2018-01-08 23:46:31 [main] DEBUG o.s.b.f.s.DefaultListableBeanFactory - Returning cached instance of singleton bean 'resumeEndpoint'
2018-01-08 23:46:31 [main] DEBUG o.s.core.env.MutablePropertySources - Adding [decrypted] PropertySource with lowest search precedence
2018-01-08 23:46:31 [main] DEBUG o.s.core.env.MutablePropertySources - Adding [Inlined Test Properties] PropertySource with lowest search precedence
2018-01-08 23:46:31 [main] DEBUG o.s.core.env.MutablePropertySources - Adding [systemProperties] PropertySource with lowest search precedence
2018-01-08 23:46:31 [main] DEBUG o.s.core.env.MutablePropertySources - Adding [systemEnvironment] PropertySource with lowest search precedence
2018-01-08 23:46:31 [main] DEBUG o.s.core.env.MutablePropertySources - Adding [random] PropertySource with lowest search precedence
2018-01-08 23:46:31 [main] DEBUG o.s.core.env.MutablePropertySources - Adding [configServerClient] PropertySource with lowest search precedence
2018-01-08 23:46:31 [main] DEBUG o.s.core.env.MutablePropertySources - Adding [applicationConfig: [classpath:/application.yml]] PropertySource with lowest search precedence
2018-01-08 23:46:31 [main] DEBUG o.s.core.env.MutablePropertySources - Adding [springCloudClientHostInfo] PropertySource with lowest search precedence
2018-01-08 23:46:31 [main] DEBUG o.s.core.env.MutablePropertySources - Adding [defaultProperties] PropertySource with lowest search precedence
2018-01-08 23:46:31 [main] DEBUG o.s.core.env.MutablePropertySources - Adding [Management Server] PropertySource with lowest search precedence
2018-01-08 23:46:31 [main] DEBUG o.s.core.env.MutablePropertySources - Adding [localProperties] PropertySource with lowest search precedence
2018-01-08 23:46:31 [main] DEBUG o.s.core.env.MutablePropertySources - Adding [decrypted] PropertySource with lowest search precedence
2018-01-08 23:46:31 [main] DEBUG o.s.core.env.MutablePropertySources - Adding [Inlined Test Properties] PropertySource with lowest search precedence
2018-01-08 23:46:31 [main] DEBUG o.s.core.env.MutablePropertySources - Adding [systemProperties] PropertySource with lowest search precedence
2018-01-08 23:46:31 [main] DEBUG o.s.core.env.MutablePropertySources - Adding [systemEnvironment] PropertySource with lowest search precedence
2018-01-08 23:46:31 [main] DEBUG o.s.core.env.MutablePropertySources - Adding [random] PropertySource with lowest search precedence
2018-01-08 23:46:31 [main] DEBUG o.s.core.env.MutablePropertySources - Adding [configServerClient] PropertySource with lowest search precedence
2018-01-08 23:46:31 [main] DEBUG o.s.core.env.MutablePropertySources - Adding [applicationConfig: [classpath:/application.yml]] PropertySource with lowest search precedence
2018-01-08 23:46:31 [main] DEBUG o.s.core.env.MutablePropertySources - Adding [springCloudClientHostInfo] PropertySource with lowest search precedence
2018-01-08 23:46:31 [main] DEBUG o.s.core.env.MutablePropertySources - Adding [defaultProperties] PropertySource with lowest search precedence
2018-01-08 23:46:31 [main] DEBUG o.s.core.env.MutablePropertySources - Adding [Management Server] PropertySource with lowest search precedence
2018-01-08 23:46:31 [main] DEBUG o.s.core.env.MutablePropertySources - Adding [localProperties] PropertySource with lowest search precedence
2018-01-08 23:46:31 [main] DEBUG o.s.b.f.s.DefaultListableBeanFactory - Returning cached instance of singleton bean 'spring.info-org.springframework.boot.autoconfigure.info.ProjectInfoProperties'
2018-01-08 23:46:31 [main] DEBUG o.s.core.env.MutablePropertySources - Adding [decrypted] PropertySource with lowest search precedence
2018-01-08 23:46:31 [main] DEBUG o.s.core.env.MutablePropertySources - Adding [Inlined Test Properties] PropertySource with lowest search precedence
2018-01-08 23:46:31 [main] DEBUG o.s.core.env.MutablePropertySources - Adding [systemProperties] PropertySource with lowest search precedence
2018-01-08 23:46:31 [main] DEBUG o.s.core.env.MutablePropertySources - Adding [systemEnvironment] PropertySource with lowest search precedence
2018-01-08 23:46:31 [main] DEBUG o.s.core.env.MutablePropertySources - Adding [random] PropertySource with lowest search precedence
2018-01-08 23:46:31 [main] DEBUG o.s.core.env.MutablePropertySources - Adding [configServerClient] PropertySource with lowest search precedence
2018-01-08 23:46:31 [main] DEBUG o.s.core.env.MutablePropertySources - Adding [applicationConfig: [classpath:/application.yml]] PropertySource with lowest search precedence
2018-01-08 23:46:31 [main] DEBUG o.s.core.env.MutablePropertySources - Adding [springCloudClientHostInfo] PropertySource with lowest search precedence
2018-01-08 23:46:31 [main] DEBUG o.s.core.env.MutablePropertySources - Adding [defaultProperties] PropertySource with lowest search precedence
2018-01-08 23:46:31 [main] DEBUG o.s.core.env.MutablePropertySources - Adding [Management Server] PropertySource with lowest search precedence
2018-01-08 23:46:31 [main] DEBUG o.s.core.env.MutablePropertySources - Adding [localProperties] PropertySource with lowest search precedence
2018-01-08 23:46:31 [main] DEBUG o.s.core.env.MutablePropertySources - Adding [decrypted] PropertySource with lowest search precedence
2018-01-08 23:46:31 [main] DEBUG o.s.core.env.MutablePropertySources - Adding [Inlined Test Properties] PropertySource with lowest search precedence
2018-01-08 23:46:31 [main] DEBUG o.s.core.env.MutablePropertySources - Adding [systemProperties] PropertySource with lowest search precedence
2018-01-08 23:46:31 [main] DEBUG o.s.core.env.MutablePropertySources - Adding [systemEnvironment] PropertySource with lowest search precedence
2018-01-08 23:46:31 [main] DEBUG o.s.core.env.MutablePropertySources - Adding [random] PropertySource with lowest search precedence
2018-01-08 23:46:31 [main] DEBUG o.s.core.env.MutablePropertySources - Adding [configServerClient] PropertySource with lowest search precedence
2018-01-08 23:46:31 [main] DEBUG o.s.core.env.MutablePropertySources - Adding [applicationConfig: [classpath:/application.yml]] PropertySource with lowest search precedence
2018-01-08 23:46:31 [main] DEBUG o.s.core.env.MutablePropertySources - Adding [springCloudClientHostInfo] PropertySource with lowest search precedence
2018-01-08 23:46:31 [main] DEBUG o.s.core.env.MutablePropertySources - Adding [defaultProperties] PropertySource with lowest search precedence
2018-01-08 23:46:31 [main] DEBUG o.s.core.env.MutablePropertySources - Adding [Management Server] PropertySource with lowest search precedence
2018-01-08 23:46:31 [main] DEBUG o.s.core.env.MutablePropertySources - Adding [localProperties] PropertySource with lowest search precedence
2018-01-08 23:46:31 [main] DEBUG o.s.b.f.s.DefaultListableBeanFactory - Returning cached instance of singleton bean 'spring.cloud.config.server-org.springframework.cloud.config.server.config.ConfigServerProperties'
2018-01-08 23:46:31 [main] DEBUG o.s.core.env.MutablePropertySources - Adding [decrypted] PropertySource with lowest search precedence
2018-01-08 23:46:31 [main] DEBUG o.s.core.env.MutablePropertySources - Adding [Inlined Test Properties] PropertySource with lowest search precedence
2018-01-08 23:46:31 [main] DEBUG o.s.core.env.MutablePropertySources - Adding [systemProperties] PropertySource with lowest search precedence
2018-01-08 23:46:31 [main] DEBUG o.s.core.env.MutablePropertySources - Adding [systemEnvironment] PropertySource with lowest search precedence
2018-01-08 23:46:31 [main] DEBUG o.s.core.env.MutablePropertySources - Adding [random] PropertySource with lowest search precedence
2018-01-08 23:46:31 [main] DEBUG o.s.core.env.MutablePropertySources - Adding [configServerClient] PropertySource with lowest search precedence
2018-01-08 23:46:31 [main] DEBUG o.s.core.env.MutablePropertySources - Adding [applicationConfig: [classpath:/application.yml]] PropertySource with lowest search precedence
2018-01-08 23:46:31 [main] DEBUG o.s.core.env.MutablePropertySources - Adding [springCloudClientHostInfo] PropertySource with lowest search precedence
2018-01-08 23:46:31 [main] DEBUG o.s.core.env.MutablePropertySources - Adding [defaultProperties] PropertySource with lowest search precedence
2018-01-08 23:46:31 [main] DEBUG o.s.core.env.MutablePropertySources - Adding [Management Server] PropertySource with lowest search precedence
2018-01-08 23:46:31 [main] DEBUG o.s.core.env.MutablePropertySources - Adding [localProperties] PropertySource with lowest search precedence
2018-01-08 23:46:31 [main] DEBUG o.s.core.env.MutablePropertySources - Adding [decrypted] PropertySource with lowest search precedence
2018-01-08 23:46:31 [main] DEBUG o.s.core.env.MutablePropertySources - Adding [Inlined Test Properties] PropertySource with lowest search precedence
2018-01-08 23:46:31 [main] DEBUG o.s.core.env.MutablePropertySources - Adding [systemProperties] PropertySource with lowest search precedence
2018-01-08 23:46:31 [main] DEBUG o.s.core.env.MutablePropertySources - Adding [systemEnvironment] PropertySource with lowest search precedence
2018-01-08 23:46:31 [main] DEBUG o.s.core.env.MutablePropertySources - Adding [random] PropertySource with lowest search precedence
2018-01-08 23:46:31 [main] DEBUG o.s.core.env.MutablePropertySources - Adding [configServerClient] PropertySource with lowest search precedence
2018-01-08 23:46:31 [main] DEBUG o.s.core.env.MutablePropertySources - Adding [applicationConfig: [classpath:/application.yml]] PropertySource with lowest search precedence
2018-01-08 23:46:31 [main] DEBUG o.s.core.env.MutablePropertySources - Adding [springCloudClientHostInfo] PropertySource with lowest search precedence
2018-01-08 23:46:31 [main] DEBUG o.s.core.env.MutablePropertySources - Adding [defaultProperties] PropertySource with lowest search precedence
2018-01-08 23:46:31 [main] DEBUG o.s.core.env.MutablePropertySources - Adding [Management Server] PropertySource with lowest search precedence
2018-01-08 23:46:31 [main] DEBUG o.s.core.env.MutablePropertySources - Adding [localProperties] PropertySource with lowest search precedence
2018-01-08 23:46:31 [main] DEBUG o.s.c.e.PropertySourcesPropertyResolver - Found key 'spring.cloud.config.server.encrypt.enabled' in [applicationConfig: [classpath:/application.yml]] with type [Boolean]
2018-01-08 23:46:31 [main] DEBUG o.s.core.env.MutablePropertySources - Adding [decrypted] PropertySource with lowest search precedence
2018-01-08 23:46:31 [main] DEBUG o.s.core.env.MutablePropertySources - Adding [Inlined Test Properties] PropertySource with lowest search precedence
2018-01-08 23:46:31 [main] DEBUG o.s.core.env.MutablePropertySources - Adding [systemProperties] PropertySource with lowest search precedence
2018-01-08 23:46:31 [main] DEBUG o.s.core.env.MutablePropertySources - Adding [systemEnvironment] PropertySource with lowest search precedence
2018-01-08 23:46:31 [main] DEBUG o.s.core.env.MutablePropertySources - Adding [random] PropertySource with lowest search precedence
2018-01-08 23:46:31 [main] DEBUG o.s.core.env.MutablePropertySources - Adding [configServerClient] PropertySource with lowest search precedence
2018-01-08 23:46:31 [main] DEBUG o.s.core.env.MutablePropertySources - Adding [applicationConfig: [classpath:/application.yml]] PropertySource with lowest search precedence
2018-01-08 23:46:31 [main] DEBUG o.s.core.env.MutablePropertySources - Adding [springCloudClientHostInfo] PropertySource with lowest search precedence
2018-01-08 23:46:31 [main] DEBUG o.s.core.env.MutablePropertySources - Adding [defaultProperties] PropertySource with lowest search precedence
2018-01-08 23:46:31 [main] DEBUG o.s.core.env.MutablePropertySources - Adding [Management Server] PropertySource with lowest search precedence
2018-01-08 23:46:31 [main] DEBUG o.s.core.env.MutablePropertySources - Adding [localProperties] PropertySource with lowest search precedence
2018-01-08 23:46:31 [main] DEBUG o.s.core.env.MutablePropertySources - Adding [decrypted] PropertySource with lowest search precedence
2018-01-08 23:46:31 [main] DEBUG o.s.core.env.MutablePropertySources - Adding [Inlined Test Properties] PropertySource with lowest search precedence
2018-01-08 23:46:31 [main] DEBUG o.s.core.env.MutablePropertySources - Adding [systemProperties] PropertySource with lowest search precedence
2018-01-08 23:46:31 [main] DEBUG o.s.core.env.MutablePropertySources - Adding [systemEnvironment] PropertySource with lowest search precedence
2018-01-08 23:46:31 [main] DEBUG o.s.core.env.MutablePropertySources - Adding [random] PropertySource with lowest search precedence
2018-01-08 23:46:31 [main] DEBUG o.s.core.env.MutablePropertySources - Adding [configServerClient] PropertySource with lowest search precedence
2018-01-08 23:46:31 [main] DEBUG o.s.core.env.MutablePropertySources - Adding [applicationConfig: [classpath:/application.yml]] PropertySource with lowest search precedence
2018-01-08 23:46:31 [main] DEBUG o.s.core.env.MutablePropertySources - Adding [springCloudClientHostInfo] PropertySource with lowest search precedence
2018-01-08 23:46:31 [main] DEBUG o.s.core.env.MutablePropertySources - Adding [defaultProperties] PropertySource with lowest search precedence
2018-01-08 23:46:31 [main] DEBUG o.s.core.env.MutablePropertySources - Adding [Management Server] PropertySource with lowest search precedence
2018-01-08 23:46:31 [main] DEBUG o.s.core.env.MutablePropertySources - Adding [localProperties] PropertySource with lowest search precedence
2018-01-08 23:46:31 [main] DEBUG o.s.c.e.PropertySourcesPropertyResolver - Found key 'spring.cloud.config.server.encrypt.enabled' in [applicationConfig: [classpath:/application.yml]] with type [Boolean]
2018-01-08 23:46:31 [main] DEBUG o.s.b.f.s.DefaultListableBeanFactory - Returning cached instance of singleton bean 'spring.datasource-org.springframework.boot.autoconfigure.jdbc.DataSourceProperties'
2018-01-08 23:46:31 [main] DEBUG o.s.core.env.MutablePropertySources - Adding [decrypted] PropertySource with lowest search precedence
2018-01-08 23:46:31 [main] DEBUG o.s.core.env.MutablePropertySources - Adding [Inlined Test Properties] PropertySource with lowest search precedence
2018-01-08 23:46:31 [main] DEBUG o.s.core.env.MutablePropertySources - Adding [systemProperties] PropertySource with lowest search precedence
2018-01-08 23:46:31 [main] DEBUG o.s.core.env.MutablePropertySources - Adding [systemEnvironment] PropertySource with lowest search precedence
2018-01-08 23:46:31 [main] DEBUG o.s.core.env.MutablePropertySources - Adding [random] PropertySource with lowest search precedence
2018-01-08 23:46:31 [main] DEBUG o.s.core.env.MutablePropertySources - Adding [configServerClient] PropertySource with lowest search precedence
2018-01-08 23:46:31 [main] DEBUG o.s.core.env.MutablePropertySources - Adding [applicationConfig: [classpath:/application.yml]] PropertySource with lowest search precedence
2018-01-08 23:46:31 [main] DEBUG o.s.core.env.MutablePropertySources - Adding [springCloudClientHostInfo] PropertySource with lowest search precedence
2018-01-08 23:46:31 [main] DEBUG o.s.core.env.MutablePropertySources - Adding [defaultProperties] PropertySource with lowest search precedence
2018-01-08 23:46:31 [main] DEBUG o.s.core.env.MutablePropertySources - Adding [Management Server] PropertySource with lowest search precedence
2018-01-08 23:46:31 [main] DEBUG o.s.core.env.MutablePropertySources - Adding [localProperties] PropertySource with lowest search precedence
2018-01-08 23:46:31 [main] DEBUG o.s.core.env.MutablePropertySources - Adding [decrypted] PropertySource with lowest search precedence
2018-01-08 23:46:31 [main] DEBUG o.s.core.env.MutablePropertySources - Adding [Inlined Test Properties] PropertySource with lowest search precedence
2018-01-08 23:46:31 [main] DEBUG o.s.core.env.MutablePropertySources - Adding [systemProperties] PropertySource with lowest search precedence
2018-01-08 23:46:31 [main] DEBUG o.s.core.env.MutablePropertySources - Adding [systemEnvironment] PropertySource with lowest search precedence
2018-01-08 23:46:31 [main] DEBUG o.s.core.env.MutablePropertySources - Adding [random] PropertySource with lowest search precedence
2018-01-08 23:46:31 [main] DEBUG o.s.core.env.MutablePropertySources - Adding [configServerClient] PropertySource with lowest search precedence
2018-01-08 23:46:31 [main] DEBUG o.s.core.env.MutablePropertySources - Adding [applicationConfig: [classpath:/application.yml]] PropertySource with lowest search precedence
2018-01-08 23:46:31 [main] DEBUG o.s.core.env.MutablePropertySources - Adding [springCloudClientHostInfo] PropertySource with lowest search precedence
2018-01-08 23:46:31 [main] DEBUG o.s.core.env.MutablePropertySources - Adding [defaultProperties] PropertySource with lowest search precedence
2018-01-08 23:46:31 [main] DEBUG o.s.core.env.MutablePropertySources - Adding [Management Server] PropertySource with lowest search precedence
2018-01-08 23:46:31 [main] DEBUG o.s.core.env.MutablePropertySources - Adding [localProperties] PropertySource with lowest search precedence
2018-01-08 23:46:31 [main] DEBUG o.s.c.e.PropertySourcesPropertyResolver - Found key 'spring.datasource.password' in [decrypted] with type [String]
2018-01-08 23:46:31 [main] DEBUG o.s.core.env.MutablePropertySources - Adding [decrypted] PropertySource with lowest search precedence
2018-01-08 23:46:31 [main] DEBUG o.s.core.env.MutablePropertySources - Adding [Inlined Test Properties] PropertySource with lowest search precedence
2018-01-08 23:46:31 [main] DEBUG o.s.core.env.MutablePropertySources - Adding [systemProperties] PropertySource with lowest search precedence
2018-01-08 23:46:31 [main] DEBUG o.s.core.env.MutablePropertySources - Adding [systemEnvironment] PropertySource with lowest search precedence
2018-01-08 23:46:31 [main] DEBUG o.s.core.env.MutablePropertySources - Adding [random] PropertySource with lowest search precedence
2018-01-08 23:46:31 [main] DEBUG o.s.core.env.MutablePropertySources - Adding [configServerClient] PropertySource with lowest search precedence
2018-01-08 23:46:31 [main] DEBUG o.s.core.env.MutablePropertySources - Adding [applicationConfig: [classpath:/application.yml]] PropertySource with lowest search precedence
2018-01-08 23:46:31 [main] DEBUG o.s.core.env.MutablePropertySources - Adding [springCloudClientHostInfo] PropertySource with lowest search precedence
2018-01-08 23:46:31 [main] DEBUG o.s.core.env.MutablePropertySources - Adding [defaultProperties] PropertySource with lowest search precedence
2018-01-08 23:46:31 [main] DEBUG o.s.core.env.MutablePropertySources - Adding [Management Server] PropertySource with lowest search precedence
2018-01-08 23:46:31 [main] DEBUG o.s.core.env.MutablePropertySources - Adding [localProperties] PropertySource with lowest search precedence
2018-01-08 23:46:31 [main] DEBUG o.s.c.e.PropertySourcesPropertyResolver - Found key 'spring.datasource.url' in [applicationConfig: [classpath:/application.yml]] with type [String]
2018-01-08 23:46:31 [main] DEBUG o.s.core.env.MutablePropertySources - Adding [decrypted] PropertySource with lowest search precedence
2018-01-08 23:46:31 [main] DEBUG o.s.core.env.MutablePropertySources - Adding [Inlined Test Properties] PropertySource with lowest search precedence
2018-01-08 23:46:31 [main] DEBUG o.s.core.env.MutablePropertySources - Adding [systemProperties] PropertySource with lowest search precedence
2018-01-08 23:46:31 [main] DEBUG o.s.core.env.MutablePropertySources - Adding [systemEnvironment] PropertySource with lowest search precedence
2018-01-08 23:46:31 [main] DEBUG o.s.core.env.MutablePropertySources - Adding [random] PropertySource with lowest search precedence
2018-01-08 23:46:31 [main] DEBUG o.s.core.env.MutablePropertySources - Adding [configServerClient] PropertySource with lowest search precedence
2018-01-08 23:46:31 [main] DEBUG o.s.core.env.MutablePropertySources - Adding [applicationConfig: [classpath:/application.yml]] PropertySource with lowest search precedence
2018-01-08 23:46:31 [main] DEBUG o.s.core.env.MutablePropertySources - Adding [springCloudClientHostInfo] PropertySource with lowest search precedence
2018-01-08 23:46:31 [main] DEBUG o.s.core.env.MutablePropertySources - Adding [defaultProperties] PropertySource with lowest search precedence
2018-01-08 23:46:31 [main] DEBUG o.s.core.env.MutablePropertySources - Adding [Management Server] PropertySource with lowest search precedence
2018-01-08 23:46:31 [main] DEBUG o.s.core.env.MutablePropertySources - Adding [localProperties] PropertySource with lowest search precedence
2018-01-08 23:46:31 [main] DEBUG o.s.c.e.PropertySourcesPropertyResolver - Found key 'spring.datasource.username' in [applicationConfig: [classpath:/application.yml]] with type [String]
2018-01-08 23:46:31 [main] DEBUG o.s.core.env.MutablePropertySources - Adding [decrypted] PropertySource with lowest search precedence
2018-01-08 23:46:31 [main] DEBUG o.s.core.env.MutablePropertySources - Adding [Inlined Test Properties] PropertySource with lowest search precedence
2018-01-08 23:46:31 [main] DEBUG o.s.core.env.MutablePropertySources - Adding [systemProperties] PropertySource with lowest search precedence
2018-01-08 23:46:31 [main] DEBUG o.s.core.env.MutablePropertySources - Adding [systemEnvironment] PropertySource with lowest search precedence
2018-01-08 23:46:31 [main] DEBUG o.s.core.env.MutablePropertySources - Adding [random] PropertySource with lowest search precedence
2018-01-08 23:46:31 [main] DEBUG o.s.core.env.MutablePropertySources - Adding [configServerClient] PropertySource with lowest search precedence
2018-01-08 23:46:31 [main] DEBUG o.s.core.env.MutablePropertySources - Adding [applicationConfig: [classpath:/application.yml]] PropertySource with lowest search precedence
2018-01-08 23:46:31 [main] DEBUG o.s.core.env.MutablePropertySources - Adding [springCloudClientHostInfo] PropertySource with lowest search precedence
2018-01-08 23:46:31 [main] DEBUG o.s.core.env.MutablePropertySources - Adding [defaultProperties] PropertySource with lowest search precedence
2018-01-08 23:46:31 [main] DEBUG o.s.core.env.MutablePropertySources - Adding [Management Server] PropertySource with lowest search precedence
2018-01-08 23:46:31 [main] DEBUG o.s.core.env.MutablePropertySources - Adding [localProperties] PropertySource with lowest search precedence
2018-01-08 23:46:31 [main] DEBUG o.s.c.e.PropertySourcesPropertyResolver - Found key 'spring.datasource.password' in [decrypted] with type [String]
2018-01-08 23:46:31 [main] DEBUG o.s.core.env.MutablePropertySources - Adding [decrypted] PropertySource with lowest search precedence
2018-01-08 23:46:31 [main] DEBUG o.s.core.env.MutablePropertySources - Adding [Inlined Test Properties] PropertySource with lowest search precedence
2018-01-08 23:46:31 [main] DEBUG o.s.core.env.MutablePropertySources - Adding [systemProperties] PropertySource with lowest search precedence
2018-01-08 23:46:31 [main] DEBUG o.s.core.env.MutablePropertySources - Adding [systemEnvironment] PropertySource with lowest search precedence
2018-01-08 23:46:31 [main] DEBUG o.s.core.env.MutablePropertySources - Adding [random] PropertySource with lowest search precedence
2018-01-08 23:46:31 [main] DEBUG o.s.core.env.MutablePropertySources - Adding [configServerClient] PropertySource with lowest search precedence
2018-01-08 23:46:31 [main] DEBUG o.s.core.env.MutablePropertySources - Adding [applicationConfig: [classpath:/application.yml]] PropertySource with lowest search precedence
2018-01-08 23:46:31 [main] DEBUG o.s.core.env.MutablePropertySources - Adding [springCloudClientHostInfo] PropertySource with lowest search precedence
2018-01-08 23:46:31 [main] DEBUG o.s.core.env.MutablePropertySources - Adding [defaultProperties] PropertySource with lowest search precedence
2018-01-08 23:46:31 [main] DEBUG o.s.core.env.MutablePropertySources - Adding [Management Server] PropertySource with lowest search precedence
2018-01-08 23:46:31 [main] DEBUG o.s.core.env.MutablePropertySources - Adding [localProperties] PropertySource with lowest search precedence
2018-01-08 23:46:31 [main] DEBUG o.s.core.env.MutablePropertySources - Adding [decrypted] PropertySource with lowest search precedence
2018-01-08 23:46:31 [main] DEBUG o.s.core.env.MutablePropertySources - Adding [Inlined Test Properties] PropertySource with lowest search precedence
2018-01-08 23:46:31 [main] DEBUG o.s.core.env.MutablePropertySources - Adding [systemProperties] PropertySource with lowest search precedence
2018-01-08 23:46:31 [main] DEBUG o.s.core.env.MutablePropertySources - Adding [systemEnvironment] PropertySource with lowest search precedence
2018-01-08 23:46:31 [main] DEBUG o.s.core.env.MutablePropertySources - Adding [random] PropertySource with lowest search precedence
2018-01-08 23:46:31 [main] DEBUG o.s.core.env.MutablePropertySources - Adding [configServerClient] PropertySource with lowest search precedence
2018-01-08 23:46:31 [main] DEBUG o.s.core.env.MutablePropertySources - Adding [applicationConfig: [classpath:/application.yml]] PropertySource with lowest search precedence
2018-01-08 23:46:31 [main] DEBUG o.s.core.env.MutablePropertySources - Adding [springCloudClientHostInfo] PropertySource with lowest search precedence
2018-01-08 23:46:31 [main] DEBUG o.s.core.env.MutablePropertySources - Adding [defaultProperties] PropertySource with lowest search precedence
2018-01-08 23:46:31 [main] DEBUG o.s.core.env.MutablePropertySources - Adding [Management Server] PropertySource with lowest search precedence
2018-01-08 23:46:31 [main] DEBUG o.s.core.env.MutablePropertySources - Adding [localProperties] PropertySource with lowest search precedence
2018-01-08 23:46:31 [main] DEBUG o.s.c.e.PropertySourcesPropertyResolver - Found key 'spring.datasource.password' in [decrypted] with type [String]
2018-01-08 23:46:31 [main] DEBUG o.s.core.env.MutablePropertySources - Adding [decrypted] PropertySource with lowest search precedence
2018-01-08 23:46:31 [main] DEBUG o.s.core.env.MutablePropertySources - Adding [Inlined Test Properties] PropertySource with lowest search precedence
2018-01-08 23:46:31 [main] DEBUG o.s.core.env.MutablePropertySources - Adding [systemProperties] PropertySource with lowest search precedence
2018-01-08 23:46:31 [main] DEBUG o.s.core.env.MutablePropertySources - Adding [systemEnvironment] PropertySource with lowest search precedence
2018-01-08 23:46:31 [main] DEBUG o.s.core.env.MutablePropertySources - Adding [random] PropertySource with lowest search precedence
2018-01-08 23:46:31 [main] DEBUG o.s.core.env.MutablePropertySources - Adding [configServerClient] PropertySource with lowest search precedence
2018-01-08 23:46:31 [main] DEBUG o.s.core.env.MutablePropertySources - Adding [applicationConfig: [classpath:/application.yml]] PropertySource with lowest search precedence
2018-01-08 23:46:31 [main] DEBUG o.s.core.env.MutablePropertySources - Adding [springCloudClientHostInfo] PropertySource with lowest search precedence
2018-01-08 23:46:31 [main] DEBUG o.s.core.env.MutablePropertySources - Adding [defaultProperties] PropertySource with lowest search precedence
2018-01-08 23:46:31 [main] DEBUG o.s.core.env.MutablePropertySources - Adding [Management Server] PropertySource with lowest search precedence
2018-01-08 23:46:31 [main] DEBUG o.s.core.env.MutablePropertySources - Adding [localProperties] PropertySource with lowest search precedence
2018-01-08 23:46:31 [main] DEBUG o.s.c.e.PropertySourcesPropertyResolver - Found key 'spring.datasource.url' in [applicationConfig: [classpath:/application.yml]] with type [String]
2018-01-08 23:46:31 [main] DEBUG o.s.core.env.MutablePropertySources - Adding [decrypted] PropertySource with lowest search precedence
2018-01-08 23:46:31 [main] DEBUG o.s.core.env.MutablePropertySources - Adding [Inlined Test Properties] PropertySource with lowest search precedence
2018-01-08 23:46:31 [main] DEBUG o.s.core.env.MutablePropertySources - Adding [systemProperties] PropertySource with lowest search precedence
2018-01-08 23:46:31 [main] DEBUG o.s.core.env.MutablePropertySources - Adding [systemEnvironment] PropertySource with lowest search precedence
2018-01-08 23:46:31 [main] DEBUG o.s.core.env.MutablePropertySources - Adding [random] PropertySource with lowest search precedence
2018-01-08 23:46:31 [main] DEBUG o.s.core.env.MutablePropertySources - Adding [configServerClient] PropertySource with lowest search precedence
2018-01-08 23:46:31 [main] DEBUG o.s.core.env.MutablePropertySources - Adding [applicationConfig: [classpath:/application.yml]] PropertySource with lowest search precedence
2018-01-08 23:46:31 [main] DEBUG o.s.core.env.MutablePropertySources - Adding [springCloudClientHostInfo] PropertySource with lowest search precedence
2018-01-08 23:46:31 [main] DEBUG o.s.core.env.MutablePropertySources - Adding [defaultProperties] PropertySource with lowest search precedence
2018-01-08 23:46:31 [main] DEBUG o.s.core.env.MutablePropertySources - Adding [Management Server] PropertySource with lowest search precedence
2018-01-08 23:46:31 [main] DEBUG o.s.core.env.MutablePropertySources - Adding [localProperties] PropertySource with lowest search precedence
2018-01-08 23:46:31 [main] DEBUG o.s.c.e.PropertySourcesPropertyResolver - Found key 'spring.datasource.username' in [applicationConfig: [classpath:/application.yml]] with type [String]
2018-01-08 23:46:31 [main] DEBUG o.s.core.env.MutablePropertySources - Adding [decrypted] PropertySource with lowest search precedence
2018-01-08 23:46:31 [main] DEBUG o.s.core.env.MutablePropertySources - Adding [Inlined Test Properties] PropertySource with lowest search precedence
2018-01-08 23:46:31 [main] DEBUG o.s.core.env.MutablePropertySources - Adding [systemProperties] PropertySource with lowest search precedence
2018-01-08 23:46:31 [main] DEBUG o.s.core.env.MutablePropertySources - Adding [systemEnvironment] PropertySource with lowest search precedence
2018-01-08 23:46:31 [main] DEBUG o.s.core.env.MutablePropertySources - Adding [random] PropertySource with lowest search precedence
2018-01-08 23:46:31 [main] DEBUG o.s.core.env.MutablePropertySources - Adding [configServerClient] PropertySource with lowest search precedence
2018-01-08 23:46:31 [main] DEBUG o.s.core.env.MutablePropertySources - Adding [applicationConfig: [classpath:/application.yml]] PropertySource with lowest search precedence
2018-01-08 23:46:31 [main] DEBUG o.s.core.env.MutablePropertySources - Adding [springCloudClientHostInfo] PropertySource with lowest search precedence
2018-01-08 23:46:31 [main] DEBUG o.s.core.env.MutablePropertySources - Adding [defaultProperties] PropertySource with lowest search precedence
2018-01-08 23:46:31 [main] DEBUG o.s.core.env.MutablePropertySources - Adding [Management Server] PropertySource with lowest search precedence
2018-01-08 23:46:31 [main] DEBUG o.s.core.env.MutablePropertySources - Adding [localProperties] PropertySource with lowest search precedence
2018-01-08 23:46:31 [main] DEBUG o.s.c.e.PropertySourcesPropertyResolver - Found key 'spring.datasource.password' in [decrypted] with type [String]
2018-01-08 23:46:31 [main] DEBUG o.s.b.f.s.DefaultListableBeanFactory - Invoking afterPropertiesSet() on bean with name 'spring.datasource-org.springframework.boot.autoconfigure.jdbc.DataSourceProperties'
2018-01-08 23:46:31 [main] DEBUG o.s.b.f.s.DefaultListableBeanFactory - Returning cached instance of singleton bean 'traceEndpoint'
2018-01-08 23:46:31 [main] DEBUG o.s.core.env.MutablePropertySources - Adding [decrypted] PropertySource with lowest search precedence
2018-01-08 23:46:31 [main] DEBUG o.s.core.env.MutablePropertySources - Adding [Inlined Test Properties] PropertySource with lowest search precedence
2018-01-08 23:46:31 [main] DEBUG o.s.core.env.MutablePropertySources - Adding [systemProperties] PropertySource with lowest search precedence
2018-01-08 23:46:31 [main] DEBUG o.s.core.env.MutablePropertySources - Adding [systemEnvironment] PropertySource with lowest search precedence
2018-01-08 23:46:31 [main] DEBUG o.s.core.env.MutablePropertySources - Adding [random] PropertySource with lowest search precedence
2018-01-08 23:46:31 [main] DEBUG o.s.core.env.MutablePropertySources - Adding [configServerClient] PropertySource with lowest search precedence
2018-01-08 23:46:31 [main] DEBUG o.s.core.env.MutablePropertySources - Adding [applicationConfig: [classpath:/application.yml]] PropertySource with lowest search precedence
2018-01-08 23:46:31 [main] DEBUG o.s.core.env.MutablePropertySources - Adding [springCloudClientHostInfo] PropertySource with lowest search precedence
2018-01-08 23:46:31 [main] DEBUG o.s.core.env.MutablePropertySources - Adding [defaultProperties] PropertySource with lowest search precedence
2018-01-08 23:46:31 [main] DEBUG o.s.core.env.MutablePropertySources - Adding [Management Server] PropertySource with lowest search precedence
2018-01-08 23:46:31 [main] DEBUG o.s.core.env.MutablePropertySources - Adding [localProperties] PropertySource with lowest search precedence
2018-01-08 23:46:31 [main] DEBUG o.s.core.env.MutablePropertySources - Adding [decrypted] PropertySource with lowest search precedence
2018-01-08 23:46:31 [main] DEBUG o.s.core.env.MutablePropertySources - Adding [Inlined Test Properties] PropertySource with lowest search precedence
2018-01-08 23:46:31 [main] DEBUG o.s.core.env.MutablePropertySources - Adding [systemProperties] PropertySource with lowest search precedence
2018-01-08 23:46:31 [main] DEBUG o.s.core.env.MutablePropertySources - Adding [systemEnvironment] PropertySource with lowest search precedence
2018-01-08 23:46:31 [main] DEBUG o.s.core.env.MutablePropertySources - Adding [random] PropertySource with lowest search precedence
2018-01-08 23:46:31 [main] DEBUG o.s.core.env.MutablePropertySources - Adding [configServerClient] PropertySource with lowest search precedence
2018-01-08 23:46:31 [main] DEBUG o.s.core.env.MutablePropertySources - Adding [applicationConfig: [classpath:/application.yml]] PropertySource with lowest search precedence
2018-01-08 23:46:31 [main] DEBUG o.s.core.env.MutablePropertySources - Adding [springCloudClientHostInfo] PropertySource with lowest search precedence
2018-01-08 23:46:31 [main] DEBUG o.s.core.env.MutablePropertySources - Adding [defaultProperties] PropertySource with lowest search precedence
2018-01-08 23:46:31 [main] DEBUG o.s.core.env.MutablePropertySources - Adding [Management Server] PropertySource with lowest search precedence
2018-01-08 23:46:31 [main] DEBUG o.s.core.env.MutablePropertySources - Adding [localProperties] PropertySource with lowest search precedence
2018-01-08 23:46:31 [main] DEBUG o.s.b.f.s.DefaultListableBeanFactory - Returning cached instance of singleton bean 'metricsMvcEndpoint'
2018-01-08 23:46:31 [main] DEBUG o.s.core.env.MutablePropertySources - Adding [decrypted] PropertySource with lowest search precedence
2018-01-08 23:46:31 [main] DEBUG o.s.core.env.MutablePropertySources - Adding [Inlined Test Properties] PropertySource with lowest search precedence
2018-01-08 23:46:31 [main] DEBUG o.s.core.env.MutablePropertySources - Adding [systemProperties] PropertySource with lowest search precedence
2018-01-08 23:46:31 [main] DEBUG o.s.core.env.MutablePropertySources - Adding [systemEnvironment] PropertySource with lowest search precedence
2018-01-08 23:46:31 [main] DEBUG o.s.core.env.MutablePropertySources - Adding [random] PropertySource with lowest search precedence
2018-01-08 23:46:31 [main] DEBUG o.s.core.env.MutablePropertySources - Adding [configServerClient] PropertySource with lowest search precedence
2018-01-08 23:46:31 [main] DEBUG o.s.core.env.MutablePropertySources - Adding [applicationConfig: [classpath:/application.yml]] PropertySource with lowest search precedence
2018-01-08 23:46:31 [main] DEBUG o.s.core.env.MutablePropertySources - Adding [springCloudClientHostInfo] PropertySource with lowest search precedence
2018-01-08 23:46:31 [main] DEBUG o.s.core.env.MutablePropertySources - Adding [defaultProperties] PropertySource with lowest search precedence
2018-01-08 23:46:31 [main] DEBUG o.s.core.env.MutablePropertySources - Adding [Management Server] PropertySource with lowest search precedence
2018-01-08 23:46:31 [main] DEBUG o.s.core.env.MutablePropertySources - Adding [localProperties] PropertySource with lowest search precedence
2018-01-08 23:46:31 [main] DEBUG o.s.core.env.MutablePropertySources - Adding [decrypted] PropertySource with lowest search precedence
2018-01-08 23:46:31 [main] DEBUG o.s.core.env.MutablePropertySources - Adding [Inlined Test Properties] PropertySource with lowest search precedence
2018-01-08 23:46:31 [main] DEBUG o.s.core.env.MutablePropertySources - Adding [systemProperties] PropertySource with lowest search precedence
2018-01-08 23:46:31 [main] DEBUG o.s.core.env.MutablePropertySources - Adding [systemEnvironment] PropertySource with lowest search precedence
2018-01-08 23:46:31 [main] DEBUG o.s.core.env.MutablePropertySources - Adding [random] PropertySource with lowest search precedence
2018-01-08 23:46:31 [main] DEBUG o.s.core.env.MutablePropertySources - Adding [configServerClient] PropertySource with lowest search precedence
2018-01-08 23:46:31 [main] DEBUG o.s.core.env.MutablePropertySources - Adding [applicationConfig: [classpath:/application.yml]] PropertySource with lowest search precedence
2018-01-08 23:46:31 [main] DEBUG o.s.core.env.MutablePropertySources - Adding [springCloudClientHostInfo] PropertySource with lowest search precedence
2018-01-08 23:46:31 [main] DEBUG o.s.core.env.MutablePropertySources - Adding [defaultProperties] PropertySource with lowest search precedence
2018-01-08 23:46:31 [main] DEBUG o.s.core.env.MutablePropertySources - Adding [Management Server] PropertySource with lowest search precedence
2018-01-08 23:46:31 [main] DEBUG o.s.core.env.MutablePropertySources - Adding [localProperties] PropertySource with lowest search precedence
2018-01-08 23:46:31 [main] DEBUG o.s.b.f.s.DefaultListableBeanFactory - Returning cached instance of singleton bean 'infoEndpoint'
2018-01-08 23:46:31 [main] DEBUG o.s.core.env.MutablePropertySources - Adding [decrypted] PropertySource with lowest search precedence
2018-01-08 23:46:31 [main] DEBUG o.s.core.env.MutablePropertySources - Adding [Inlined Test Properties] PropertySource with lowest search precedence
2018-01-08 23:46:31 [main] DEBUG o.s.core.env.MutablePropertySources - Adding [systemProperties] PropertySource with lowest search precedence
2018-01-08 23:46:31 [main] DEBUG o.s.core.env.MutablePropertySources - Adding [systemEnvironment] PropertySource with lowest search precedence
2018-01-08 23:46:31 [main] DEBUG o.s.core.env.MutablePropertySources - Adding [random] PropertySource with lowest search precedence
2018-01-08 23:46:31 [main] DEBUG o.s.core.env.MutablePropertySources - Adding [configServerClient] PropertySource with lowest search precedence
2018-01-08 23:46:31 [main] DEBUG o.s.core.env.MutablePropertySources - Adding [applicationConfig: [classpath:/application.yml]] PropertySource with lowest search precedence
2018-01-08 23:46:31 [main] DEBUG o.s.core.env.MutablePropertySources - Adding [springCloudClientHostInfo] PropertySource with lowest search precedence
2018-01-08 23:46:31 [main] DEBUG o.s.core.env.MutablePropertySources - Adding [defaultProperties] PropertySource with lowest search precedence
2018-01-08 23:46:31 [main] DEBUG o.s.core.env.MutablePropertySources - Adding [Management Server] PropertySource with lowest search precedence
2018-01-08 23:46:31 [main] DEBUG o.s.core.env.MutablePropertySources - Adding [localProperties] PropertySource with lowest search precedence
2018-01-08 23:46:31 [main] DEBUG o.s.core.env.MutablePropertySources - Adding [decrypted] PropertySource with lowest search precedence
2018-01-08 23:46:31 [main] DEBUG o.s.core.env.MutablePropertySources - Adding [Inlined Test Properties] PropertySource with lowest search precedence
2018-01-08 23:46:31 [main] DEBUG o.s.core.env.MutablePropertySources - Adding [systemProperties] PropertySource with lowest search precedence
2018-01-08 23:46:31 [main] DEBUG o.s.core.env.MutablePropertySources - Adding [systemEnvironment] PropertySource with lowest search precedence
2018-01-08 23:46:31 [main] DEBUG o.s.core.env.MutablePropertySources - Adding [random] PropertySource with lowest search precedence
2018-01-08 23:46:31 [main] DEBUG o.s.core.env.MutablePropertySources - Adding [configServerClient] PropertySource with lowest search precedence
2018-01-08 23:46:31 [main] DEBUG o.s.core.env.MutablePropertySources - Adding [applicationConfig: [classpath:/application.yml]] PropertySource with lowest search precedence
2018-01-08 23:46:31 [main] DEBUG o.s.core.env.MutablePropertySources - Adding [springCloudClientHostInfo] PropertySource with lowest search precedence
2018-01-08 23:46:31 [main] DEBUG o.s.core.env.MutablePropertySources - Adding [defaultProperties] PropertySource with lowest search precedence
2018-01-08 23:46:31 [main] DEBUG o.s.core.env.MutablePropertySources - Adding [Management Server] PropertySource with lowest search precedence
2018-01-08 23:46:31 [main] DEBUG o.s.core.env.MutablePropertySources - Adding [localProperties] PropertySource with lowest search precedence
2018-01-08 23:46:31 [main] DEBUG o.s.b.f.s.DefaultListableBeanFactory - Returning cached instance of singleton bean 'restartEndpoint'
2018-01-08 23:46:31 [main] DEBUG o.s.core.env.MutablePropertySources - Adding [decrypted] PropertySource with lowest search precedence
2018-01-08 23:46:31 [main] DEBUG o.s.core.env.MutablePropertySources - Adding [Inlined Test Properties] PropertySource with lowest search precedence
2018-01-08 23:46:31 [main] DEBUG o.s.core.env.MutablePropertySources - Adding [systemProperties] PropertySource with lowest search precedence
2018-01-08 23:46:31 [main] DEBUG o.s.core.env.MutablePropertySources - Adding [systemEnvironment] PropertySource with lowest search precedence
2018-01-08 23:46:31 [main] DEBUG o.s.core.env.MutablePropertySources - Adding [random] PropertySource with lowest search precedence
2018-01-08 23:46:31 [main] DEBUG o.s.core.env.MutablePropertySources - Adding [configServerClient] PropertySource with lowest search precedence
2018-01-08 23:46:31 [main] DEBUG o.s.core.env.MutablePropertySources - Adding [applicationConfig: [classpath:/application.yml]] PropertySource with lowest search precedence
2018-01-08 23:46:31 [main] DEBUG o.s.core.env.MutablePropertySources - Adding [springCloudClientHostInfo] PropertySource with lowest search precedence
2018-01-08 23:46:31 [main] DEBUG o.s.core.env.MutablePropertySources - Adding [defaultProperties] PropertySource with lowest search precedence
2018-01-08 23:46:31 [main] DEBUG o.s.core.env.MutablePropertySources - Adding [Management Server] PropertySource with lowest search precedence
2018-01-08 23:46:31 [main] DEBUG o.s.core.env.MutablePropertySources - Adding [localProperties] PropertySource with lowest search precedence
2018-01-08 23:46:31 [main] DEBUG o.s.core.env.MutablePropertySources - Adding [decrypted] PropertySource with lowest search precedence
2018-01-08 23:46:31 [main] DEBUG o.s.core.env.MutablePropertySources - Adding [Inlined Test Properties] PropertySource with lowest search precedence
2018-01-08 23:46:31 [main] DEBUG o.s.core.env.MutablePropertySources - Adding [systemProperties] PropertySource with lowest search precedence
2018-01-08 23:46:31 [main] DEBUG o.s.core.env.MutablePropertySources - Adding [systemEnvironment] PropertySource with lowest search precedence
2018-01-08 23:46:31 [main] DEBUG o.s.core.env.MutablePropertySources - Adding [random] PropertySource with lowest search precedence
2018-01-08 23:46:31 [main] DEBUG o.s.core.env.MutablePropertySources - Adding [configServerClient] PropertySource with lowest search precedence
2018-01-08 23:46:31 [main] DEBUG o.s.core.env.MutablePropertySources - Adding [applicationConfig: [classpath:/application.yml]] PropertySource with lowest search precedence
2018-01-08 23:46:31 [main] DEBUG o.s.core.env.MutablePropertySources - Adding [springCloudClientHostInfo] PropertySource with lowest search precedence
2018-01-08 23:46:31 [main] DEBUG o.s.core.env.MutablePropertySources - Adding [defaultProperties] PropertySource with lowest search precedence
2018-01-08 23:46:31 [main] DEBUG o.s.core.env.MutablePropertySources - Adding [Management Server] PropertySource with lowest search precedence
2018-01-08 23:46:31 [main] DEBUG o.s.core.env.MutablePropertySources - Adding [localProperties] PropertySource with lowest search precedence
2018-01-08 23:46:31 [main] DEBUG o.s.b.f.s.DefaultListableBeanFactory - Returning cached instance of singleton bean 'management.trace-org.springframework.boot.actuate.trace.TraceProperties'
2018-01-08 23:46:31 [main] DEBUG o.s.core.env.MutablePropertySources - Adding [decrypted] PropertySource with lowest search precedence
2018-01-08 23:46:31 [main] DEBUG o.s.core.env.MutablePropertySources - Adding [Inlined Test Properties] PropertySource with lowest search precedence
2018-01-08 23:46:31 [main] DEBUG o.s.core.env.MutablePropertySources - Adding [systemProperties] PropertySource with lowest search precedence
2018-01-08 23:46:31 [main] DEBUG o.s.core.env.MutablePropertySources - Adding [systemEnvironment] PropertySource with lowest search precedence
2018-01-08 23:46:31 [main] DEBUG o.s.core.env.MutablePropertySources - Adding [random] PropertySource with lowest search precedence
2018-01-08 23:46:31 [main] DEBUG o.s.core.env.MutablePropertySources - Adding [configServerClient] PropertySource with lowest search precedence
2018-01-08 23:46:31 [main] DEBUG o.s.core.env.MutablePropertySources - Adding [applicationConfig: [classpath:/application.yml]] PropertySource with lowest search precedence
2018-01-08 23:46:31 [main] DEBUG o.s.core.env.MutablePropertySources - Adding [springCloudClientHostInfo] PropertySource with lowest search precedence
2018-01-08 23:46:31 [main] DEBUG o.s.core.env.MutablePropertySources - Adding [defaultProperties] PropertySource with lowest search precedence
2018-01-08 23:46:31 [main] DEBUG o.s.core.env.MutablePropertySources - Adding [Management Server] PropertySource with lowest search precedence
2018-01-08 23:46:31 [main] DEBUG o.s.core.env.MutablePropertySources - Adding [localProperties] PropertySource with lowest search precedence
2018-01-08 23:46:31 [main] DEBUG o.s.core.env.MutablePropertySources - Adding [decrypted] PropertySource with lowest search precedence
2018-01-08 23:46:31 [main] DEBUG o.s.core.env.MutablePropertySources - Adding [Inlined Test Properties] PropertySource with lowest search precedence
2018-01-08 23:46:31 [main] DEBUG o.s.core.env.MutablePropertySources - Adding [systemProperties] PropertySource with lowest search precedence
2018-01-08 23:46:31 [main] DEBUG o.s.core.env.MutablePropertySources - Adding [systemEnvironment] PropertySource with lowest search precedence
2018-01-08 23:46:31 [main] DEBUG o.s.core.env.MutablePropertySources - Adding [random] PropertySource with lowest search precedence
2018-01-08 23:46:31 [main] DEBUG o.s.core.env.MutablePropertySources - Adding [configServerClient] PropertySource with lowest search precedence
2018-01-08 23:46:31 [main] DEBUG o.s.core.env.MutablePropertySources - Adding [applicationConfig: [classpath:/application.yml]] PropertySource with lowest search precedence
2018-01-08 23:46:31 [main] DEBUG o.s.core.env.MutablePropertySources - Adding [springCloudClientHostInfo] PropertySource with lowest search precedence
2018-01-08 23:46:31 [main] DEBUG o.s.core.env.MutablePropertySources - Adding [defaultProperties] PropertySource with lowest search precedence
2018-01-08 23:46:31 [main] DEBUG o.s.core.env.MutablePropertySources - Adding [Management Server] PropertySource with lowest search precedence
2018-01-08 23:46:31 [main] DEBUG o.s.core.env.MutablePropertySources - Adding [localProperties] PropertySource with lowest search precedence
2018-01-08 23:46:31 [main] DEBUG o.s.b.f.s.DefaultListableBeanFactory - Returning cached instance of singleton bean 'spring.resources-org.springframework.boot.autoconfigure.web.ResourceProperties'
2018-01-08 23:46:31 [main] DEBUG o.s.core.env.MutablePropertySources - Adding [decrypted] PropertySource with lowest search precedence
2018-01-08 23:46:31 [main] DEBUG o.s.core.env.MutablePropertySources - Adding [Inlined Test Properties] PropertySource with lowest search precedence
2018-01-08 23:46:31 [main] DEBUG o.s.core.env.MutablePropertySources - Adding [systemProperties] PropertySource with lowest search precedence
2018-01-08 23:46:31 [main] DEBUG o.s.core.env.MutablePropertySources - Adding [systemEnvironment] PropertySource with lowest search precedence
2018-01-08 23:46:31 [main] DEBUG o.s.core.env.MutablePropertySources - Adding [random] PropertySource with lowest search precedence
2018-01-08 23:46:31 [main] DEBUG o.s.core.env.MutablePropertySources - Adding [configServerClient] PropertySource with lowest search precedence
2018-01-08 23:46:31 [main] DEBUG o.s.core.env.MutablePropertySources - Adding [applicationConfig: [classpath:/application.yml]] PropertySource with lowest search precedence
2018-01-08 23:46:31 [main] DEBUG o.s.core.env.MutablePropertySources - Adding [springCloudClientHostInfo] PropertySource with lowest search precedence
2018-01-08 23:46:31 [main] DEBUG o.s.core.env.MutablePropertySources - Adding [defaultProperties] PropertySource with lowest search precedence
2018-01-08 23:46:31 [main] DEBUG o.s.core.env.MutablePropertySources - Adding [Management Server] PropertySource with lowest search precedence
2018-01-08 23:46:31 [main] DEBUG o.s.core.env.MutablePropertySources - Adding [localProperties] PropertySource with lowest search precedence
2018-01-08 23:46:31 [main] DEBUG o.s.core.env.MutablePropertySources - Adding [decrypted] PropertySource with lowest search precedence
2018-01-08 23:46:31 [main] DEBUG o.s.core.env.MutablePropertySources - Adding [Inlined Test Properties] PropertySource with lowest search precedence
2018-01-08 23:46:31 [main] DEBUG o.s.core.env.MutablePropertySources - Adding [systemProperties] PropertySource with lowest search precedence
2018-01-08 23:46:31 [main] DEBUG o.s.core.env.MutablePropertySources - Adding [systemEnvironment] PropertySource with lowest search precedence
2018-01-08 23:46:31 [main] DEBUG o.s.core.env.MutablePropertySources - Adding [random] PropertySource with lowest search precedence
2018-01-08 23:46:31 [main] DEBUG o.s.core.env.MutablePropertySources - Adding [configServerClient] PropertySource with lowest search precedence
2018-01-08 23:46:31 [main] DEBUG o.s.core.env.MutablePropertySources - Adding [applicationConfig: [classpath:/application.yml]] PropertySource with lowest search precedence
2018-01-08 23:46:31 [main] DEBUG o.s.core.env.MutablePropertySources - Adding [springCloudClientHostInfo] PropertySource with lowest search precedence
2018-01-08 23:46:31 [main] DEBUG o.s.core.env.MutablePropertySources - Adding [defaultProperties] PropertySource with lowest search precedence
2018-01-08 23:46:31 [main] DEBUG o.s.core.env.MutablePropertySources - Adding [Management Server] PropertySource with lowest search precedence
2018-01-08 23:46:31 [main] DEBUG o.s.core.env.MutablePropertySources - Adding [localProperties] PropertySource with lowest search precedence
2018-01-08 23:46:31 [main] DEBUG o.s.b.f.s.DefaultListableBeanFactory - Returning cached instance of singleton bean 'management.health.status-org.springframework.boot.actuate.autoconfigure.HealthIndicatorProperties'
2018-01-08 23:46:31 [main] DEBUG o.s.core.env.MutablePropertySources - Adding [decrypted] PropertySource with lowest search precedence
2018-01-08 23:46:31 [main] DEBUG o.s.core.env.MutablePropertySources - Adding [Inlined Test Properties] PropertySource with lowest search precedence
2018-01-08 23:46:31 [main] DEBUG o.s.core.env.MutablePropertySources - Adding [systemProperties] PropertySource with lowest search precedence
2018-01-08 23:46:31 [main] DEBUG o.s.core.env.MutablePropertySources - Adding [systemEnvironment] PropertySource with lowest search precedence
2018-01-08 23:46:31 [main] DEBUG o.s.core.env.MutablePropertySources - Adding [random] PropertySource with lowest search precedence
2018-01-08 23:46:31 [main] DEBUG o.s.core.env.MutablePropertySources - Adding [configServerClient] PropertySource with lowest search precedence
2018-01-08 23:46:31 [main] DEBUG o.s.core.env.MutablePropertySources - Adding [applicationConfig: [classpath:/application.yml]] PropertySource with lowest search precedence
2018-01-08 23:46:31 [main] DEBUG o.s.core.env.MutablePropertySources - Adding [springCloudClientHostInfo] PropertySource with lowest search precedence
2018-01-08 23:46:31 [main] DEBUG o.s.core.env.MutablePropertySources - Adding [defaultProperties] PropertySource with lowest search precedence
2018-01-08 23:46:31 [main] DEBUG o.s.core.env.MutablePropertySources - Adding [Management Server] PropertySource with lowest search precedence
2018-01-08 23:46:31 [main] DEBUG o.s.core.env.MutablePropertySources - Adding [localProperties] PropertySource with lowest search precedence
2018-01-08 23:46:31 [main] DEBUG o.s.core.env.MutablePropertySources - Adding [decrypted] PropertySource with lowest search precedence
2018-01-08 23:46:31 [main] DEBUG o.s.core.env.MutablePropertySources - Adding [Inlined Test Properties] PropertySource with lowest search precedence
2018-01-08 23:46:31 [main] DEBUG o.s.core.env.MutablePropertySources - Adding [systemProperties] PropertySource with lowest search precedence
2018-01-08 23:46:31 [main] DEBUG o.s.core.env.MutablePropertySources - Adding [systemEnvironment] PropertySource with lowest search precedence
2018-01-08 23:46:31 [main] DEBUG o.s.core.env.MutablePropertySources - Adding [random] PropertySource with lowest search precedence
2018-01-08 23:46:31 [main] DEBUG o.s.core.env.MutablePropertySources - Adding [configServerClient] PropertySource with lowest search precedence
2018-01-08 23:46:31 [main] DEBUG o.s.core.env.MutablePropertySources - Adding [applicationConfig: [classpath:/application.yml]] PropertySource with lowest search precedence
2018-01-08 23:46:31 [main] DEBUG o.s.core.env.MutablePropertySources - Adding [springCloudClientHostInfo] PropertySource with lowest search precedence
2018-01-08 23:46:31 [main] DEBUG o.s.core.env.MutablePropertySources - Adding [defaultProperties] PropertySource with lowest search precedence
2018-01-08 23:46:31 [main] DEBUG o.s.core.env.MutablePropertySources - Adding [Management Server] PropertySource with lowest search precedence
2018-01-08 23:46:31 [main] DEBUG o.s.core.env.MutablePropertySources - Adding [localProperties] PropertySource with lowest search precedence
2018-01-08 23:46:31 [main] DEBUG o.s.b.f.s.DefaultListableBeanFactory - Returning cached instance of singleton bean 'configClientHealthProperties'
2018-01-08 23:46:31 [main] DEBUG o.s.core.env.MutablePropertySources - Adding [decrypted] PropertySource with lowest search precedence
2018-01-08 23:46:31 [main] DEBUG o.s.core.env.MutablePropertySources - Adding [Inlined Test Properties] PropertySource with lowest search precedence
2018-01-08 23:46:31 [main] DEBUG o.s.core.env.MutablePropertySources - Adding [systemProperties] PropertySource with lowest search precedence
2018-01-08 23:46:31 [main] DEBUG o.s.core.env.MutablePropertySources - Adding [systemEnvironment] PropertySource with lowest search precedence
2018-01-08 23:46:31 [main] DEBUG o.s.core.env.MutablePropertySources - Adding [random] PropertySource with lowest search precedence
2018-01-08 23:46:31 [main] DEBUG o.s.core.env.MutablePropertySources - Adding [configServerClient] PropertySource with lowest search precedence
2018-01-08 23:46:31 [main] DEBUG o.s.core.env.MutablePropertySources - Adding [applicationConfig: [classpath:/application.yml]] PropertySource with lowest search precedence
2018-01-08 23:46:31 [main] DEBUG o.s.core.env.MutablePropertySources - Adding [springCloudClientHostInfo] PropertySource with lowest search precedence
2018-01-08 23:46:31 [main] DEBUG o.s.core.env.MutablePropertySources - Adding [defaultProperties] PropertySource with lowest search precedence
2018-01-08 23:46:31 [main] DEBUG o.s.core.env.MutablePropertySources - Adding [Management Server] PropertySource with lowest search precedence
2018-01-08 23:46:31 [main] DEBUG o.s.core.env.MutablePropertySources - Adding [localProperties] PropertySource with lowest search precedence
2018-01-08 23:46:31 [main] DEBUG o.s.core.env.MutablePropertySources - Adding [decrypted] PropertySource with lowest search precedence
2018-01-08 23:46:31 [main] DEBUG o.s.core.env.MutablePropertySources - Adding [Inlined Test Properties] PropertySource with lowest search precedence
2018-01-08 23:46:31 [main] DEBUG o.s.core.env.MutablePropertySources - Adding [systemProperties] PropertySource with lowest search precedence
2018-01-08 23:46:31 [main] DEBUG o.s.core.env.MutablePropertySources - Adding [systemEnvironment] PropertySource with lowest search precedence
2018-01-08 23:46:31 [main] DEBUG o.s.core.env.MutablePropertySources - Adding [random] PropertySource with lowest search precedence
2018-01-08 23:46:31 [main] DEBUG o.s.core.env.MutablePropertySources - Adding [configServerClient] PropertySource with lowest search precedence
2018-01-08 23:46:31 [main] DEBUG o.s.core.env.MutablePropertySources - Adding [applicationConfig: [classpath:/application.yml]] PropertySource with lowest search precedence
2018-01-08 23:46:31 [main] DEBUG o.s.core.env.MutablePropertySources - Adding [springCloudClientHostInfo] PropertySource with lowest search precedence
2018-01-08 23:46:31 [main] DEBUG o.s.core.env.MutablePropertySources - Adding [defaultProperties] PropertySource with lowest search precedence
2018-01-08 23:46:31 [main] DEBUG o.s.core.env.MutablePropertySources - Adding [Management Server] PropertySource with lowest search precedence
2018-01-08 23:46:31 [main] DEBUG o.s.core.env.MutablePropertySources - Adding [localProperties] PropertySource with lowest search precedence
2018-01-08 23:46:31 [main] DEBUG o.s.b.f.s.DefaultListableBeanFactory - Returning cached instance of singleton bean 'healthMvcEndpoint'
2018-01-08 23:46:31 [main] DEBUG o.s.core.env.MutablePropertySources - Adding [decrypted] PropertySource with lowest search precedence
2018-01-08 23:46:31 [main] DEBUG o.s.core.env.MutablePropertySources - Adding [Inlined Test Properties] PropertySource with lowest search precedence
2018-01-08 23:46:31 [main] DEBUG o.s.core.env.MutablePropertySources - Adding [systemProperties] PropertySource with lowest search precedence
2018-01-08 23:46:31 [main] DEBUG o.s.core.env.MutablePropertySources - Adding [systemEnvironment] PropertySource with lowest search precedence
2018-01-08 23:46:31 [main] DEBUG o.s.core.env.MutablePropertySources - Adding [random] PropertySource with lowest search precedence
2018-01-08 23:46:31 [main] DEBUG o.s.core.env.MutablePropertySources - Adding [configServerClient] PropertySource with lowest search precedence
2018-01-08 23:46:31 [main] DEBUG o.s.core.env.MutablePropertySources - Adding [applicationConfig: [classpath:/application.yml]] PropertySource with lowest search precedence
2018-01-08 23:46:31 [main] DEBUG o.s.core.env.MutablePropertySources - Adding [springCloudClientHostInfo] PropertySource with lowest search precedence
2018-01-08 23:46:31 [main] DEBUG o.s.core.env.MutablePropertySources - Adding [defaultProperties] PropertySource with lowest search precedence
2018-01-08 23:46:31 [main] DEBUG o.s.core.env.MutablePropertySources - Adding [Management Server] PropertySource with lowest search precedence
2018-01-08 23:46:31 [main] DEBUG o.s.core.env.MutablePropertySources - Adding [localProperties] PropertySource with lowest search precedence
2018-01-08 23:46:31 [main] DEBUG o.s.core.env.MutablePropertySources - Adding [decrypted] PropertySource with lowest search precedence
2018-01-08 23:46:31 [main] DEBUG o.s.core.env.MutablePropertySources - Adding [Inlined Test Properties] PropertySource with lowest search precedence
2018-01-08 23:46:31 [main] DEBUG o.s.core.env.MutablePropertySources - Adding [systemProperties] PropertySource with lowest search precedence
2018-01-08 23:46:31 [main] DEBUG o.s.core.env.MutablePropertySources - Adding [systemEnvironment] PropertySource with lowest search precedence
2018-01-08 23:46:31 [main] DEBUG o.s.core.env.MutablePropertySources - Adding [random] PropertySource with lowest search precedence
2018-01-08 23:46:31 [main] DEBUG o.s.core.env.MutablePropertySources - Adding [configServerClient] PropertySource with lowest search precedence
2018-01-08 23:46:31 [main] DEBUG o.s.core.env.MutablePropertySources - Adding [applicationConfig: [classpath:/application.yml]] PropertySource with lowest search precedence
2018-01-08 23:46:31 [main] DEBUG o.s.core.env.MutablePropertySources - Adding [springCloudClientHostInfo] PropertySource with lowest search precedence
2018-01-08 23:46:31 [main] DEBUG o.s.core.env.MutablePropertySources - Adding [defaultProperties] PropertySource with lowest search precedence
2018-01-08 23:46:31 [main] DEBUG o.s.core.env.MutablePropertySources - Adding [Management Server] PropertySource with lowest search precedence
2018-01-08 23:46:31 [main] DEBUG o.s.core.env.MutablePropertySources - Adding [localProperties] PropertySource with lowest search precedence
2018-01-08 23:46:31 [main] DEBUG o.s.b.f.s.DefaultListableBeanFactory - Returning cached instance of singleton bean 'serverProperties'
2018-01-08 23:46:31 [main] DEBUG o.s.core.env.MutablePropertySources - Adding [decrypted] PropertySource with lowest search precedence
2018-01-08 23:46:31 [main] DEBUG o.s.core.env.MutablePropertySources - Adding [Inlined Test Properties] PropertySource with lowest search precedence
2018-01-08 23:46:31 [main] DEBUG o.s.core.env.MutablePropertySources - Adding [systemProperties] PropertySource with lowest search precedence
2018-01-08 23:46:31 [main] DEBUG o.s.core.env.MutablePropertySources - Adding [systemEnvironment] PropertySource with lowest search precedence
2018-01-08 23:46:31 [main] DEBUG o.s.core.env.MutablePropertySources - Adding [random] PropertySource with lowest search precedence
2018-01-08 23:46:31 [main] DEBUG o.s.core.env.MutablePropertySources - Adding [configServerClient] PropertySource with lowest search precedence
2018-01-08 23:46:31 [main] DEBUG o.s.core.env.MutablePropertySources - Adding [applicationConfig: [classpath:/application.yml]] PropertySource with lowest search precedence
2018-01-08 23:46:31 [main] DEBUG o.s.core.env.MutablePropertySources - Adding [springCloudClientHostInfo] PropertySource with lowest search precedence
2018-01-08 23:46:31 [main] DEBUG o.s.core.env.MutablePropertySources - Adding [defaultProperties] PropertySource with lowest search precedence
2018-01-08 23:46:31 [main] DEBUG o.s.core.env.MutablePropertySources - Adding [Management Server] PropertySource with lowest search precedence
2018-01-08 23:46:31 [main] DEBUG o.s.core.env.MutablePropertySources - Adding [localProperties] PropertySource with lowest search precedence
2018-01-08 23:46:31 [main] DEBUG o.s.core.env.MutablePropertySources - Adding [decrypted] PropertySource with lowest search precedence
2018-01-08 23:46:31 [main] DEBUG o.s.core.env.MutablePropertySources - Adding [Inlined Test Properties] PropertySource with lowest search precedence
2018-01-08 23:46:31 [main] DEBUG o.s.core.env.MutablePropertySources - Adding [systemProperties] PropertySource with lowest search precedence
2018-01-08 23:46:31 [main] DEBUG o.s.core.env.MutablePropertySources - Adding [systemEnvironment] PropertySource with lowest search precedence
2018-01-08 23:46:31 [main] DEBUG o.s.core.env.MutablePropertySources - Adding [random] PropertySource with lowest search precedence
2018-01-08 23:46:31 [main] DEBUG o.s.core.env.MutablePropertySources - Adding [configServerClient] PropertySource with lowest search precedence
2018-01-08 23:46:31 [main] DEBUG o.s.core.env.MutablePropertySources - Adding [applicationConfig: [classpath:/application.yml]] PropertySource with lowest search precedence
2018-01-08 23:46:31 [main] DEBUG o.s.core.env.MutablePropertySources - Adding [springCloudClientHostInfo] PropertySource with lowest search precedence
2018-01-08 23:46:31 [main] DEBUG o.s.core.env.MutablePropertySources - Adding [defaultProperties] PropertySource with lowest search precedence
2018-01-08 23:46:31 [main] DEBUG o.s.core.env.MutablePropertySources - Adding [Management Server] PropertySource with lowest search precedence
2018-01-08 23:46:31 [main] DEBUG o.s.core.env.MutablePropertySources - Adding [localProperties] PropertySource with lowest search precedence
2018-01-08 23:46:31 [main] DEBUG o.s.c.e.PropertySourcesPropertyResolver - Found key 'server.port' in [Inlined Test Properties] with type [String]
2018-01-08 23:46:31 [main] DEBUG o.s.core.env.MutablePropertySources - Adding [decrypted] PropertySource with lowest search precedence
2018-01-08 23:46:31 [main] DEBUG o.s.core.env.MutablePropertySources - Adding [Inlined Test Properties] PropertySource with lowest search precedence
2018-01-08 23:46:31 [main] DEBUG o.s.core.env.MutablePropertySources - Adding [systemProperties] PropertySource with lowest search precedence
2018-01-08 23:46:31 [main] DEBUG o.s.core.env.MutablePropertySources - Adding [systemEnvironment] PropertySource with lowest search precedence
2018-01-08 23:46:31 [main] DEBUG o.s.core.env.MutablePropertySources - Adding [random] PropertySource with lowest search precedence
2018-01-08 23:46:31 [main] DEBUG o.s.core.env.MutablePropertySources - Adding [configServerClient] PropertySource with lowest search precedence
2018-01-08 23:46:31 [main] DEBUG o.s.core.env.MutablePropertySources - Adding [applicationConfig: [classpath:/application.yml]] PropertySource with lowest search precedence
2018-01-08 23:46:31 [main] DEBUG o.s.core.env.MutablePropertySources - Adding [springCloudClientHostInfo] PropertySource with lowest search precedence
2018-01-08 23:46:31 [main] DEBUG o.s.core.env.MutablePropertySources - Adding [defaultProperties] PropertySource with lowest search precedence
2018-01-08 23:46:31 [main] DEBUG o.s.core.env.MutablePropertySources - Adding [Management Server] PropertySource with lowest search precedence
2018-01-08 23:46:31 [main] DEBUG o.s.core.env.MutablePropertySources - Adding [localProperties] PropertySource with lowest search precedence
2018-01-08 23:46:31 [main] DEBUG o.s.c.e.PropertySourcesPropertyResolver - Found key 'server.port' in [Inlined Test Properties] with type [String]
2018-01-08 23:46:31 [main] DEBUG o.s.core.env.MutablePropertySources - Adding [decrypted] PropertySource with lowest search precedence
2018-01-08 23:46:31 [main] DEBUG o.s.core.env.MutablePropertySources - Adding [Inlined Test Properties] PropertySource with lowest search precedence
2018-01-08 23:46:31 [main] DEBUG o.s.core.env.MutablePropertySources - Adding [systemProperties] PropertySource with lowest search precedence
2018-01-08 23:46:31 [main] DEBUG o.s.core.env.MutablePropertySources - Adding [systemEnvironment] PropertySource with lowest search precedence
2018-01-08 23:46:31 [main] DEBUG o.s.core.env.MutablePropertySources - Adding [random] PropertySource with lowest search precedence
2018-01-08 23:46:31 [main] DEBUG o.s.core.env.MutablePropertySources - Adding [configServerClient] PropertySource with lowest search precedence
2018-01-08 23:46:31 [main] DEBUG o.s.core.env.MutablePropertySources - Adding [applicationConfig: [classpath:/application.yml]] PropertySource with lowest search precedence
2018-01-08 23:46:31 [main] DEBUG o.s.core.env.MutablePropertySources - Adding [springCloudClientHostInfo] PropertySource with lowest search precedence
2018-01-08 23:46:31 [main] DEBUG o.s.core.env.MutablePropertySources - Adding [defaultProperties] PropertySource with lowest search precedence
2018-01-08 23:46:31 [main] DEBUG o.s.core.env.MutablePropertySources - Adding [Management Server] PropertySource with lowest search precedence
2018-01-08 23:46:31 [main] DEBUG o.s.core.env.MutablePropertySources - Adding [localProperties] PropertySource with lowest search precedence
2018-01-08 23:46:31 [main] DEBUG o.s.core.env.MutablePropertySources - Adding [decrypted] PropertySource with lowest search precedence
2018-01-08 23:46:31 [main] DEBUG o.s.core.env.MutablePropertySources - Adding [Inlined Test Properties] PropertySource with lowest search precedence
2018-01-08 23:46:31 [main] DEBUG o.s.core.env.MutablePropertySources - Adding [systemProperties] PropertySource with lowest search precedence
2018-01-08 23:46:31 [main] DEBUG o.s.core.env.MutablePropertySources - Adding [systemEnvironment] PropertySource with lowest search precedence
2018-01-08 23:46:31 [main] DEBUG o.s.core.env.MutablePropertySources - Adding [random] PropertySource with lowest search precedence
2018-01-08 23:46:31 [main] DEBUG o.s.core.env.MutablePropertySources - Adding [configServerClient] PropertySource with lowest search precedence
2018-01-08 23:46:31 [main] DEBUG o.s.core.env.MutablePropertySources - Adding [applicationConfig: [classpath:/application.yml]] PropertySource with lowest search precedence
2018-01-08 23:46:31 [main] DEBUG o.s.core.env.MutablePropertySources - Adding [springCloudClientHostInfo] PropertySource with lowest search precedence
2018-01-08 23:46:31 [main] DEBUG o.s.core.env.MutablePropertySources - Adding [defaultProperties] PropertySource with lowest search precedence
2018-01-08 23:46:31 [main] DEBUG o.s.core.env.MutablePropertySources - Adding [Management Server] PropertySource with lowest search precedence
2018-01-08 23:46:31 [main] DEBUG o.s.core.env.MutablePropertySources - Adding [localProperties] PropertySource with lowest search precedence
2018-01-08 23:46:31 [main] DEBUG o.s.c.e.PropertySourcesPropertyResolver - Found key 'server.port' in [Inlined Test Properties] with type [String]
2018-01-08 23:46:31 [main] DEBUG o.s.core.env.MutablePropertySources - Adding [decrypted] PropertySource with lowest search precedence
2018-01-08 23:46:31 [main] DEBUG o.s.core.env.MutablePropertySources - Adding [Inlined Test Properties] PropertySource with lowest search precedence
2018-01-08 23:46:31 [main] DEBUG o.s.core.env.MutablePropertySources - Adding [systemProperties] PropertySource with lowest search precedence
2018-01-08 23:46:31 [main] DEBUG o.s.core.env.MutablePropertySources - Adding [systemEnvironment] PropertySource with lowest search precedence
2018-01-08 23:46:31 [main] DEBUG o.s.core.env.MutablePropertySources - Adding [random] PropertySource with lowest search precedence
2018-01-08 23:46:31 [main] DEBUG o.s.core.env.MutablePropertySources - Adding [configServerClient] PropertySource with lowest search precedence
2018-01-08 23:46:31 [main] DEBUG o.s.core.env.MutablePropertySources - Adding [applicationConfig: [classpath:/application.yml]] PropertySource with lowest search precedence
2018-01-08 23:46:31 [main] DEBUG o.s.core.env.MutablePropertySources - Adding [springCloudClientHostInfo] PropertySource with lowest search precedence
2018-01-08 23:46:31 [main] DEBUG o.s.core.env.MutablePropertySources - Adding [defaultProperties] PropertySource with lowest search precedence
2018-01-08 23:46:31 [main] DEBUG o.s.core.env.MutablePropertySources - Adding [Management Server] PropertySource with lowest search precedence
2018-01-08 23:46:31 [main] DEBUG o.s.core.env.MutablePropertySources - Adding [localProperties] PropertySource with lowest search precedence
2018-01-08 23:46:31 [main] DEBUG o.s.c.e.PropertySourcesPropertyResolver - Found key 'server.port' in [Inlined Test Properties] with type [String]
2018-01-08 23:46:31 [main] DEBUG o.s.b.f.s.DefaultListableBeanFactory - Returning cached instance of singleton bean 'spring.metrics.export-org.springframework.boot.actuate.metrics.export.MetricExportProperties'
2018-01-08 23:46:31 [main] DEBUG o.s.core.env.MutablePropertySources - Adding [decrypted] PropertySource with lowest search precedence
2018-01-08 23:46:32 [main] DEBUG o.s.core.env.MutablePropertySources - Adding [Inlined Test Properties] PropertySource with lowest search precedence
2018-01-08 23:46:32 [main] DEBUG o.s.core.env.MutablePropertySources - Adding [systemProperties] PropertySource with lowest search precedence
2018-01-08 23:46:32 [main] DEBUG o.s.core.env.MutablePropertySources - Adding [systemEnvironment] PropertySource with lowest search precedence
2018-01-08 23:46:32 [main] DEBUG o.s.core.env.MutablePropertySources - Adding [random] PropertySource with lowest search precedence
2018-01-08 23:46:32 [main] DEBUG o.s.core.env.MutablePropertySources - Adding [configServerClient] PropertySource with lowest search precedence
2018-01-08 23:46:32 [main] DEBUG o.s.core.env.MutablePropertySources - Adding [applicationConfig: [classpath:/application.yml]] PropertySource with lowest search precedence
2018-01-08 23:46:32 [main] DEBUG o.s.core.env.MutablePropertySources - Adding [springCloudClientHostInfo] PropertySource with lowest search precedence
2018-01-08 23:46:32 [main] DEBUG o.s.core.env.MutablePropertySources - Adding [defaultProperties] PropertySource with lowest search precedence
2018-01-08 23:46:32 [main] DEBUG o.s.core.env.MutablePropertySources - Adding [Management Server] PropertySource with lowest search precedence
2018-01-08 23:46:32 [main] DEBUG o.s.core.env.MutablePropertySources - Adding [localProperties] PropertySource with lowest search precedence
2018-01-08 23:46:32 [main] DEBUG o.s.core.env.MutablePropertySources - Adding [decrypted] PropertySource with lowest search precedence
2018-01-08 23:46:32 [main] DEBUG o.s.core.env.MutablePropertySources - Adding [Inlined Test Properties] PropertySource with lowest search precedence
2018-01-08 23:46:32 [main] DEBUG o.s.core.env.MutablePropertySources - Adding [systemProperties] PropertySource with lowest search precedence
2018-01-08 23:46:32 [main] DEBUG o.s.core.env.MutablePropertySources - Adding [systemEnvironment] PropertySource with lowest search precedence
2018-01-08 23:46:32 [main] DEBUG o.s.core.env.MutablePropertySources - Adding [random] PropertySource with lowest search precedence
2018-01-08 23:46:32 [main] DEBUG o.s.core.env.MutablePropertySources - Adding [configServerClient] PropertySource with lowest search precedence
2018-01-08 23:46:32 [main] DEBUG o.s.core.env.MutablePropertySources - Adding [applicationConfig: [classpath:/application.yml]] PropertySource with lowest search precedence
2018-01-08 23:46:32 [main] DEBUG o.s.core.env.MutablePropertySources - Adding [springCloudClientHostInfo] PropertySource with lowest search precedence
2018-01-08 23:46:32 [main] DEBUG o.s.core.env.MutablePropertySources - Adding [defaultProperties] PropertySource with lowest search precedence
2018-01-08 23:46:32 [main] DEBUG o.s.core.env.MutablePropertySources - Adding [Management Server] PropertySource with lowest search precedence
2018-01-08 23:46:32 [main] DEBUG o.s.core.env.MutablePropertySources - Adding [localProperties] PropertySource with lowest search precedence
2018-01-08 23:46:32 [main] DEBUG o.s.c.a.CommonAnnotationBeanPostProcessor - Invoking init method on bean 'spring.metrics.export-org.springframework.boot.actuate.metrics.export.MetricExportProperties': public void org.springframework.boot.actuate.metrics.export.MetricExportProperties.setUpDefaults()
2018-01-08 23:46:32 [main] DEBUG o.s.b.f.s.DefaultListableBeanFactory - Returning cached instance of singleton bean 'configurationPropertiesReportEndpoint'
2018-01-08 23:46:32 [main] DEBUG o.s.core.env.MutablePropertySources - Adding [decrypted] PropertySource with lowest search precedence
2018-01-08 23:46:32 [main] DEBUG o.s.core.env.MutablePropertySources - Adding [Inlined Test Properties] PropertySource with lowest search precedence
2018-01-08 23:46:32 [main] DEBUG o.s.core.env.MutablePropertySources - Adding [systemProperties] PropertySource with lowest search precedence
2018-01-08 23:46:32 [main] DEBUG o.s.core.env.MutablePropertySources - Adding [systemEnvironment] PropertySource with lowest search precedence
2018-01-08 23:46:32 [main] DEBUG o.s.core.env.MutablePropertySources - Adding [random] PropertySource with lowest search precedence
2018-01-08 23:46:32 [main] DEBUG o.s.core.env.MutablePropertySources - Adding [configServerClient] PropertySource with lowest search precedence
2018-01-08 23:46:32 [main] DEBUG o.s.core.env.MutablePropertySources - Adding [applicationConfig: [classpath:/application.yml]] PropertySource with lowest search precedence
2018-01-08 23:46:32 [main] DEBUG o.s.core.env.MutablePropertySources - Adding [springCloudClientHostInfo] PropertySource with lowest search precedence
2018-01-08 23:46:32 [main] DEBUG o.s.core.env.MutablePropertySources - Adding [defaultProperties] PropertySource with lowest search precedence
2018-01-08 23:46:32 [main] DEBUG o.s.core.env.MutablePropertySources - Adding [Management Server] PropertySource with lowest search precedence
2018-01-08 23:46:32 [main] DEBUG o.s.core.env.MutablePropertySources - Adding [localProperties] PropertySource with lowest search precedence
2018-01-08 23:46:32 [main] DEBUG o.s.core.env.MutablePropertySources - Adding [decrypted] PropertySource with lowest search precedence
2018-01-08 23:46:32 [main] DEBUG o.s.core.env.MutablePropertySources - Adding [Inlined Test Properties] PropertySource with lowest search precedence
2018-01-08 23:46:32 [main] DEBUG o.s.core.env.MutablePropertySources - Adding [systemProperties] PropertySource with lowest search precedence
2018-01-08 23:46:32 [main] DEBUG o.s.core.env.MutablePropertySources - Adding [systemEnvironment] PropertySource with lowest search precedence
2018-01-08 23:46:32 [main] DEBUG o.s.core.env.MutablePropertySources - Adding [random] PropertySource with lowest search precedence
2018-01-08 23:46:32 [main] DEBUG o.s.core.env.MutablePropertySources - Adding [configServerClient] PropertySource with lowest search precedence
2018-01-08 23:46:32 [main] DEBUG o.s.core.env.MutablePropertySources - Adding [applicationConfig: [classpath:/application.yml]] PropertySource with lowest search precedence
2018-01-08 23:46:32 [main] DEBUG o.s.core.env.MutablePropertySources - Adding [springCloudClientHostInfo] PropertySource with lowest search precedence
2018-01-08 23:46:32 [main] DEBUG o.s.core.env.MutablePropertySources - Adding [defaultProperties] PropertySource with lowest search precedence
2018-01-08 23:46:32 [main] DEBUG o.s.core.env.MutablePropertySources - Adding [Management Server] PropertySource with lowest search precedence
2018-01-08 23:46:32 [main] DEBUG o.s.core.env.MutablePropertySources - Adding [localProperties] PropertySource with lowest search precedence
2018-01-08 23:46:32 [main] DEBUG o.s.b.f.s.DefaultListableBeanFactory - Returning cached instance of singleton bean 'healthEndpoint'
2018-01-08 23:46:32 [main] DEBUG o.s.core.env.MutablePropertySources - Adding [decrypted] PropertySource with lowest search precedence
2018-01-08 23:46:32 [main] DEBUG o.s.core.env.MutablePropertySources - Adding [Inlined Test Properties] PropertySource with lowest search precedence
2018-01-08 23:46:32 [main] DEBUG o.s.core.env.MutablePropertySources - Adding [systemProperties] PropertySource with lowest search precedence
2018-01-08 23:46:32 [main] DEBUG o.s.core.env.MutablePropertySources - Adding [systemEnvironment] PropertySource with lowest search precedence
2018-01-08 23:46:32 [main] DEBUG o.s.core.env.MutablePropertySources - Adding [random] PropertySource with lowest search precedence
2018-01-08 23:46:32 [main] DEBUG o.s.core.env.MutablePropertySources - Adding [configServerClient] PropertySource with lowest search precedence
2018-01-08 23:46:32 [main] DEBUG o.s.core.env.MutablePropertySources - Adding [applicationConfig: [classpath:/application.yml]] PropertySource with lowest search precedence
2018-01-08 23:46:32 [main] DEBUG o.s.core.env.MutablePropertySources - Adding [springCloudClientHostInfo] PropertySource with lowest search precedence
2018-01-08 23:46:32 [main] DEBUG o.s.core.env.MutablePropertySources - Adding [defaultProperties] PropertySource with lowest search precedence
2018-01-08 23:46:32 [main] DEBUG o.s.core.env.MutablePropertySources - Adding [Management Server] PropertySource with lowest search precedence
2018-01-08 23:46:32 [main] DEBUG o.s.core.env.MutablePropertySources - Adding [localProperties] PropertySource with lowest search precedence
2018-01-08 23:46:32 [main] DEBUG o.s.core.env.MutablePropertySources - Adding [decrypted] PropertySource with lowest search precedence
2018-01-08 23:46:32 [main] DEBUG o.s.core.env.MutablePropertySources - Adding [Inlined Test Properties] PropertySource with lowest search precedence
2018-01-08 23:46:32 [main] DEBUG o.s.core.env.MutablePropertySources - Adding [systemProperties] PropertySource with lowest search precedence
2018-01-08 23:46:32 [main] DEBUG o.s.core.env.MutablePropertySources - Adding [systemEnvironment] PropertySource with lowest search precedence
2018-01-08 23:46:32 [main] DEBUG o.s.core.env.MutablePropertySources - Adding [random] PropertySource with lowest search precedence
2018-01-08 23:46:32 [main] DEBUG o.s.core.env.MutablePropertySources - Adding [configServerClient] PropertySource with lowest search precedence
2018-01-08 23:46:32 [main] DEBUG o.s.core.env.MutablePropertySources - Adding [applicationConfig: [classpath:/application.yml]] PropertySource with lowest search precedence
2018-01-08 23:46:32 [main] DEBUG o.s.core.env.MutablePropertySources - Adding [springCloudClientHostInfo] PropertySource with lowest search precedence
2018-01-08 23:46:32 [main] DEBUG o.s.core.env.MutablePropertySources - Adding [defaultProperties] PropertySource with lowest search precedence
2018-01-08 23:46:32 [main] DEBUG o.s.core.env.MutablePropertySources - Adding [Management Server] PropertySource with lowest search precedence
2018-01-08 23:46:32 [main] DEBUG o.s.core.env.MutablePropertySources - Adding [localProperties] PropertySource with lowest search precedence
2018-01-08 23:46:32 [main] DEBUG o.s.b.f.s.DefaultListableBeanFactory - Returning cached instance of singleton bean 'configClientProperties'
2018-01-08 23:46:32 [main] DEBUG o.s.core.env.MutablePropertySources - Adding [decrypted] PropertySource with lowest search precedence
2018-01-08 23:46:32 [main] DEBUG o.s.core.env.MutablePropertySources - Adding [Inlined Test Properties] PropertySource with lowest search precedence
2018-01-08 23:46:32 [main] DEBUG o.s.core.env.MutablePropertySources - Adding [systemProperties] PropertySource with lowest search precedence
2018-01-08 23:46:32 [main] DEBUG o.s.core.env.MutablePropertySources - Adding [systemEnvironment] PropertySource with lowest search precedence
2018-01-08 23:46:32 [main] DEBUG o.s.core.env.MutablePropertySources - Adding [random] PropertySource with lowest search precedence
2018-01-08 23:46:32 [main] DEBUG o.s.core.env.MutablePropertySources - Adding [configServerClient] PropertySource with lowest search precedence
2018-01-08 23:46:32 [main] DEBUG o.s.core.env.MutablePropertySources - Adding [applicationConfig: [classpath:/application.yml]] PropertySource with lowest search precedence
2018-01-08 23:46:32 [main] DEBUG o.s.core.env.MutablePropertySources - Adding [springCloudClientHostInfo] PropertySource with lowest search precedence
2018-01-08 23:46:32 [main] DEBUG o.s.core.env.MutablePropertySources - Adding [defaultProperties] PropertySource with lowest search precedence
2018-01-08 23:46:32 [main] DEBUG o.s.core.env.MutablePropertySources - Adding [Management Server] PropertySource with lowest search precedence
2018-01-08 23:46:32 [main] DEBUG o.s.core.env.MutablePropertySources - Adding [localProperties] PropertySource with lowest search precedence
2018-01-08 23:46:32 [main] DEBUG o.s.core.env.MutablePropertySources - Adding [decrypted] PropertySource with lowest search precedence
2018-01-08 23:46:32 [main] DEBUG o.s.core.env.MutablePropertySources - Adding [Inlined Test Properties] PropertySource with lowest search precedence
2018-01-08 23:46:32 [main] DEBUG o.s.core.env.MutablePropertySources - Adding [systemProperties] PropertySource with lowest search precedence
2018-01-08 23:46:32 [main] DEBUG o.s.core.env.MutablePropertySources - Adding [systemEnvironment] PropertySource with lowest search precedence
2018-01-08 23:46:32 [main] DEBUG o.s.core.env.MutablePropertySources - Adding [random] PropertySource with lowest search precedence
2018-01-08 23:46:32 [main] DEBUG o.s.core.env.MutablePropertySources - Adding [configServerClient] PropertySource with lowest search precedence
2018-01-08 23:46:32 [main] DEBUG o.s.core.env.MutablePropertySources - Adding [applicationConfig: [classpath:/application.yml]] PropertySource with lowest search precedence
2018-01-08 23:46:32 [main] DEBUG o.s.core.env.MutablePropertySources - Adding [springCloudClientHostInfo] PropertySource with lowest search precedence
2018-01-08 23:46:32 [main] DEBUG o.s.core.env.MutablePropertySources - Adding [defaultProperties] PropertySource with lowest search precedence
2018-01-08 23:46:32 [main] DEBUG o.s.core.env.MutablePropertySources - Adding [Management Server] PropertySource with lowest search precedence
2018-01-08 23:46:32 [main] DEBUG o.s.core.env.MutablePropertySources - Adding [localProperties] PropertySource with lowest search precedence
2018-01-08 23:46:32 [main] DEBUG o.s.c.e.PropertySourcesPropertyResolver - Found key 'spring.cloud.config.enabled' in [configServerClient] with type [String]
2018-01-08 23:46:32 [main] DEBUG o.s.core.env.MutablePropertySources - Adding [decrypted] PropertySource with lowest search precedence
2018-01-08 23:46:32 [main] DEBUG o.s.core.env.MutablePropertySources - Adding [Inlined Test Properties] PropertySource with lowest search precedence
2018-01-08 23:46:32 [main] DEBUG o.s.core.env.MutablePropertySources - Adding [systemProperties] PropertySource with lowest search precedence
2018-01-08 23:46:32 [main] DEBUG o.s.core.env.MutablePropertySources - Adding [systemEnvironment] PropertySource with lowest search precedence
2018-01-08 23:46:32 [main] DEBUG o.s.core.env.MutablePropertySources - Adding [random] PropertySource with lowest search precedence
2018-01-08 23:46:32 [main] DEBUG o.s.core.env.MutablePropertySources - Adding [configServerClient] PropertySource with lowest search precedence
2018-01-08 23:46:32 [main] DEBUG o.s.core.env.MutablePropertySources - Adding [applicationConfig: [classpath:/application.yml]] PropertySource with lowest search precedence
2018-01-08 23:46:32 [main] DEBUG o.s.core.env.MutablePropertySources - Adding [springCloudClientHostInfo] PropertySource with lowest search precedence
2018-01-08 23:46:32 [main] DEBUG o.s.core.env.MutablePropertySources - Adding [defaultProperties] PropertySource with lowest search precedence
2018-01-08 23:46:32 [main] DEBUG o.s.core.env.MutablePropertySources - Adding [Management Server] PropertySource with lowest search precedence
2018-01-08 23:46:32 [main] DEBUG o.s.core.env.MutablePropertySources - Adding [localProperties] PropertySource with lowest search precedence
2018-01-08 23:46:32 [main] DEBUG o.s.core.env.MutablePropertySources - Adding [decrypted] PropertySource with lowest search precedence
2018-01-08 23:46:32 [main] DEBUG o.s.core.env.MutablePropertySources - Adding [Inlined Test Properties] PropertySource with lowest search precedence
2018-01-08 23:46:32 [main] DEBUG o.s.core.env.MutablePropertySources - Adding [systemProperties] PropertySource with lowest search precedence
2018-01-08 23:46:32 [main] DEBUG o.s.core.env.MutablePropertySources - Adding [systemEnvironment] PropertySource with lowest search precedence
2018-01-08 23:46:32 [main] DEBUG o.s.core.env.MutablePropertySources - Adding [random] PropertySource with lowest search precedence
2018-01-08 23:46:32 [main] DEBUG o.s.core.env.MutablePropertySources - Adding [configServerClient] PropertySource with lowest search precedence
2018-01-08 23:46:32 [main] DEBUG o.s.core.env.MutablePropertySources - Adding [applicationConfig: [classpath:/application.yml]] PropertySource with lowest search precedence
2018-01-08 23:46:32 [main] DEBUG o.s.core.env.MutablePropertySources - Adding [springCloudClientHostInfo] PropertySource with lowest search precedence
2018-01-08 23:46:32 [main] DEBUG o.s.core.env.MutablePropertySources - Adding [defaultProperties] PropertySource with lowest search precedence
2018-01-08 23:46:32 [main] DEBUG o.s.core.env.MutablePropertySources - Adding [Management Server] PropertySource with lowest search precedence
2018-01-08 23:46:32 [main] DEBUG o.s.core.env.MutablePropertySources - Adding [localProperties] PropertySource with lowest search precedence
2018-01-08 23:46:32 [main] DEBUG o.s.c.e.PropertySourcesPropertyResolver - Found key 'spring.cloud.config.enabled' in [configServerClient] with type [String]
2018-01-08 23:46:32 [main] DEBUG o.s.b.f.s.DefaultListableBeanFactory - Returning cached instance of singleton bean 'spring.cloud.config-org.springframework.cloud.bootstrap.config.PropertySourceBootstrapProperties'
2018-01-08 23:46:32 [main] DEBUG o.s.core.env.MutablePropertySources - Adding [decrypted] PropertySource with lowest search precedence
2018-01-08 23:46:32 [main] DEBUG o.s.core.env.MutablePropertySources - Adding [Inlined Test Properties] PropertySource with lowest search precedence
2018-01-08 23:46:32 [main] DEBUG o.s.core.env.MutablePropertySources - Adding [systemProperties] PropertySource with lowest search precedence
2018-01-08 23:46:32 [main] DEBUG o.s.core.env.MutablePropertySources - Adding [systemEnvironment] PropertySource with lowest search precedence
2018-01-08 23:46:32 [main] DEBUG o.s.core.env.MutablePropertySources - Adding [random] PropertySource with lowest search precedence
2018-01-08 23:46:32 [main] DEBUG o.s.core.env.MutablePropertySources - Adding [configServerClient] PropertySource with lowest search precedence
2018-01-08 23:46:32 [main] DEBUG o.s.core.env.MutablePropertySources - Adding [applicationConfig: [classpath:/application.yml]] PropertySource with lowest search precedence
2018-01-08 23:46:32 [main] DEBUG o.s.core.env.MutablePropertySources - Adding [springCloudClientHostInfo] PropertySource with lowest search precedence
2018-01-08 23:46:32 [main] DEBUG o.s.core.env.MutablePropertySources - Adding [defaultProperties] PropertySource with lowest search precedence
2018-01-08 23:46:32 [main] DEBUG o.s.core.env.MutablePropertySources - Adding [Management Server] PropertySource with lowest search precedence
2018-01-08 23:46:32 [main] DEBUG o.s.core.env.MutablePropertySources - Adding [localProperties] PropertySource with lowest search precedence
2018-01-08 23:46:32 [main] DEBUG o.s.core.env.MutablePropertySources - Adding [decrypted] PropertySource with lowest search precedence
2018-01-08 23:46:32 [main] DEBUG o.s.core.env.MutablePropertySources - Adding [Inlined Test Properties] PropertySource with lowest search precedence
2018-01-08 23:46:32 [main] DEBUG o.s.core.env.MutablePropertySources - Adding [systemProperties] PropertySource with lowest search precedence
2018-01-08 23:46:32 [main] DEBUG o.s.core.env.MutablePropertySources - Adding [systemEnvironment] PropertySource with lowest search precedence
2018-01-08 23:46:32 [main] DEBUG o.s.core.env.MutablePropertySources - Adding [random] PropertySource with lowest search precedence
2018-01-08 23:46:32 [main] DEBUG o.s.core.env.MutablePropertySources - Adding [configServerClient] PropertySource with lowest search precedence
2018-01-08 23:46:32 [main] DEBUG o.s.core.env.MutablePropertySources - Adding [applicationConfig: [classpath:/application.yml]] PropertySource with lowest search precedence
2018-01-08 23:46:32 [main] DEBUG o.s.core.env.MutablePropertySources - Adding [springCloudClientHostInfo] PropertySource with lowest search precedence
2018-01-08 23:46:32 [main] DEBUG o.s.core.env.MutablePropertySources - Adding [defaultProperties] PropertySource with lowest search precedence
2018-01-08 23:46:32 [main] DEBUG o.s.core.env.MutablePropertySources - Adding [Management Server] PropertySource with lowest search precedence
2018-01-08 23:46:32 [main] DEBUG o.s.core.env.MutablePropertySources - Adding [localProperties] PropertySource with lowest search precedence
2018-01-08 23:46:32 [main] DEBUG o.s.b.f.s.DefaultListableBeanFactory - Returning cached instance of singleton bean 'org.springframework.transaction.config.internalTransactionAdvisor'
2018-01-08 23:46:32 [main] DEBUG o.s.b.f.s.DefaultListableBeanFactory - Returning cached instance of singleton bean 'environmentRepository'
2018-01-08 23:46:32 [main] DEBUG o.s.core.env.MutablePropertySources - Adding [decrypted] PropertySource with lowest search precedence
2018-01-08 23:46:32 [main] DEBUG o.s.core.env.MutablePropertySources - Adding [Inlined Test Properties] PropertySource with lowest search precedence
2018-01-08 23:46:32 [main] DEBUG o.s.core.env.MutablePropertySources - Adding [systemProperties] PropertySource with lowest search precedence
2018-01-08 23:46:32 [main] DEBUG o.s.core.env.MutablePropertySources - Adding [systemEnvironment] PropertySource with lowest search precedence
2018-01-08 23:46:32 [main] DEBUG o.s.core.env.MutablePropertySources - Adding [random] PropertySource with lowest search precedence
2018-01-08 23:46:32 [main] DEBUG o.s.core.env.MutablePropertySources - Adding [configServerClient] PropertySource with lowest search precedence
2018-01-08 23:46:32 [main] DEBUG o.s.core.env.MutablePropertySources - Adding [applicationConfig: [classpath:/application.yml]] PropertySource with lowest search precedence
2018-01-08 23:46:32 [main] DEBUG o.s.core.env.MutablePropertySources - Adding [springCloudClientHostInfo] PropertySource with lowest search precedence
2018-01-08 23:46:32 [main] DEBUG o.s.core.env.MutablePropertySources - Adding [defaultProperties] PropertySource with lowest search precedence
2018-01-08 23:46:32 [main] DEBUG o.s.core.env.MutablePropertySources - Adding [Management Server] PropertySource with lowest search precedence
2018-01-08 23:46:32 [main] DEBUG o.s.core.env.MutablePropertySources - Adding [localProperties] PropertySource with lowest search precedence
2018-01-08 23:46:32 [main] DEBUG o.s.core.env.MutablePropertySources - Adding [decrypted] PropertySource with lowest search precedence
2018-01-08 23:46:32 [main] DEBUG o.s.core.env.MutablePropertySources - Adding [Inlined Test Properties] PropertySource with lowest search precedence
2018-01-08 23:46:32 [main] DEBUG o.s.core.env.MutablePropertySources - Adding [systemProperties] PropertySource with lowest search precedence
2018-01-08 23:46:32 [main] DEBUG o.s.core.env.MutablePropertySources - Adding [systemEnvironment] PropertySource with lowest search precedence
2018-01-08 23:46:32 [main] DEBUG o.s.core.env.MutablePropertySources - Adding [random] PropertySource with lowest search precedence
2018-01-08 23:46:32 [main] DEBUG o.s.core.env.MutablePropertySources - Adding [configServerClient] PropertySource with lowest search precedence
2018-01-08 23:46:32 [main] DEBUG o.s.core.env.MutablePropertySources - Adding [applicationConfig: [classpath:/application.yml]] PropertySource with lowest search precedence
2018-01-08 23:46:32 [main] DEBUG o.s.core.env.MutablePropertySources - Adding [springCloudClientHostInfo] PropertySource with lowest search precedence
2018-01-08 23:46:32 [main] DEBUG o.s.core.env.MutablePropertySources - Adding [defaultProperties] PropertySource with lowest search precedence
2018-01-08 23:46:32 [main] DEBUG o.s.core.env.MutablePropertySources - Adding [Management Server] PropertySource with lowest search precedence
2018-01-08 23:46:32 [main] DEBUG o.s.core.env.MutablePropertySources - Adding [localProperties] PropertySource with lowest search precedence
2018-01-08 23:46:32 [main] DEBUG o.s.c.e.PropertySourcesPropertyResolver - Found key 'spring.cloud.config.server.git.password' in [decrypted] with type [String]
2018-01-08 23:46:32 [main] DEBUG o.s.core.env.MutablePropertySources - Adding [decrypted] PropertySource with lowest search precedence
2018-01-08 23:46:32 [main] DEBUG o.s.core.env.MutablePropertySources - Adding [Inlined Test Properties] PropertySource with lowest search precedence
2018-01-08 23:46:32 [main] DEBUG o.s.core.env.MutablePropertySources - Adding [systemProperties] PropertySource with lowest search precedence
2018-01-08 23:46:32 [main] DEBUG o.s.core.env.MutablePropertySources - Adding [systemEnvironment] PropertySource with lowest search precedence
2018-01-08 23:46:32 [main] DEBUG o.s.core.env.MutablePropertySources - Adding [random] PropertySource with lowest search precedence
2018-01-08 23:46:32 [main] DEBUG o.s.core.env.MutablePropertySources - Adding [configServerClient] PropertySource with lowest search precedence
2018-01-08 23:46:32 [main] DEBUG o.s.core.env.MutablePropertySources - Adding [applicationConfig: [classpath:/application.yml]] PropertySource with lowest search precedence
2018-01-08 23:46:32 [main] DEBUG o.s.core.env.MutablePropertySources - Adding [springCloudClientHostInfo] PropertySource with lowest search precedence
2018-01-08 23:46:32 [main] DEBUG o.s.core.env.MutablePropertySources - Adding [defaultProperties] PropertySource with lowest search precedence
2018-01-08 23:46:32 [main] DEBUG o.s.core.env.MutablePropertySources - Adding [Management Server] PropertySource with lowest search precedence
2018-01-08 23:46:32 [main] DEBUG o.s.core.env.MutablePropertySources - Adding [localProperties] PropertySource with lowest search precedence
2018-01-08 23:46:32 [main] DEBUG o.s.c.e.PropertySourcesPropertyResolver - Found key 'spring.cloud.config.server.git.uri' in [applicationConfig: [classpath:/application.yml]] with type [String]
2018-01-08 23:46:32 [main] DEBUG o.s.core.env.MutablePropertySources - Adding [decrypted] PropertySource with lowest search precedence
2018-01-08 23:46:32 [main] DEBUG o.s.core.env.MutablePropertySources - Adding [Inlined Test Properties] PropertySource with lowest search precedence
2018-01-08 23:46:32 [main] DEBUG o.s.core.env.MutablePropertySources - Adding [systemProperties] PropertySource with lowest search precedence
2018-01-08 23:46:32 [main] DEBUG o.s.core.env.MutablePropertySources - Adding [systemEnvironment] PropertySource with lowest search precedence
2018-01-08 23:46:32 [main] DEBUG o.s.core.env.MutablePropertySources - Adding [random] PropertySource with lowest search precedence
2018-01-08 23:46:32 [main] DEBUG o.s.core.env.MutablePropertySources - Adding [configServerClient] PropertySource with lowest search precedence
2018-01-08 23:46:32 [main] DEBUG o.s.core.env.MutablePropertySources - Adding [applicationConfig: [classpath:/application.yml]] PropertySource with lowest search precedence
2018-01-08 23:46:32 [main] DEBUG o.s.core.env.MutablePropertySources - Adding [springCloudClientHostInfo] PropertySource with lowest search precedence
2018-01-08 23:46:32 [main] DEBUG o.s.core.env.MutablePropertySources - Adding [defaultProperties] PropertySource with lowest search precedence
2018-01-08 23:46:32 [main] DEBUG o.s.core.env.MutablePropertySources - Adding [Management Server] PropertySource with lowest search precedence
2018-01-08 23:46:32 [main] DEBUG o.s.core.env.MutablePropertySources - Adding [localProperties] PropertySource with lowest search precedence
2018-01-08 23:46:32 [main] DEBUG o.s.c.e.PropertySourcesPropertyResolver - Found key 'spring.cloud.config.server.git.username' in [applicationConfig: [classpath:/application.yml]] with type [String]
2018-01-08 23:46:32 [main] DEBUG o.s.core.env.MutablePropertySources - Adding [decrypted] PropertySource with lowest search precedence
2018-01-08 23:46:32 [main] DEBUG o.s.core.env.MutablePropertySources - Adding [Inlined Test Properties] PropertySource with lowest search precedence
2018-01-08 23:46:32 [main] DEBUG o.s.core.env.MutablePropertySources - Adding [systemProperties] PropertySource with lowest search precedence
2018-01-08 23:46:32 [main] DEBUG o.s.core.env.MutablePropertySources - Adding [systemEnvironment] PropertySource with lowest search precedence
2018-01-08 23:46:32 [main] DEBUG o.s.core.env.MutablePropertySources - Adding [random] PropertySource with lowest search precedence
2018-01-08 23:46:32 [main] DEBUG o.s.core.env.MutablePropertySources - Adding [configServerClient] PropertySource with lowest search precedence
2018-01-08 23:46:32 [main] DEBUG o.s.core.env.MutablePropertySources - Adding [applicationConfig: [classpath:/application.yml]] PropertySource with lowest search precedence
2018-01-08 23:46:32 [main] DEBUG o.s.core.env.MutablePropertySources - Adding [springCloudClientHostInfo] PropertySource with lowest search precedence
2018-01-08 23:46:32 [main] DEBUG o.s.core.env.MutablePropertySources - Adding [defaultProperties] PropertySource with lowest search precedence
2018-01-08 23:46:32 [main] DEBUG o.s.core.env.MutablePropertySources - Adding [Management Server] PropertySource with lowest search precedence
2018-01-08 23:46:32 [main] DEBUG o.s.core.env.MutablePropertySources - Adding [localProperties] PropertySource with lowest search precedence
2018-01-08 23:46:32 [main] DEBUG o.s.c.e.PropertySourcesPropertyResolver - Found key 'spring.cloud.config.server.git.password' in [decrypted] with type [String]
2018-01-08 23:46:32 [main] DEBUG o.s.core.env.MutablePropertySources - Adding [decrypted] PropertySource with lowest search precedence
2018-01-08 23:46:32 [main] DEBUG o.s.core.env.MutablePropertySources - Adding [Inlined Test Properties] PropertySource with lowest search precedence
2018-01-08 23:46:32 [main] DEBUG o.s.core.env.MutablePropertySources - Adding [systemProperties] PropertySource with lowest search precedence
2018-01-08 23:46:32 [main] DEBUG o.s.core.env.MutablePropertySources - Adding [systemEnvironment] PropertySource with lowest search precedence
2018-01-08 23:46:32 [main] DEBUG o.s.core.env.MutablePropertySources - Adding [random] PropertySource with lowest search precedence
2018-01-08 23:46:32 [main] DEBUG o.s.core.env.MutablePropertySources - Adding [configServerClient] PropertySource with lowest search precedence
2018-01-08 23:46:32 [main] DEBUG o.s.core.env.MutablePropertySources - Adding [applicationConfig: [classpath:/application.yml]] PropertySource with lowest search precedence
2018-01-08 23:46:32 [main] DEBUG o.s.core.env.MutablePropertySources - Adding [springCloudClientHostInfo] PropertySource with lowest search precedence
2018-01-08 23:46:32 [main] DEBUG o.s.core.env.MutablePropertySources - Adding [defaultProperties] PropertySource with lowest search precedence
2018-01-08 23:46:32 [main] DEBUG o.s.core.env.MutablePropertySources - Adding [Management Server] PropertySource with lowest search precedence
2018-01-08 23:46:32 [main] DEBUG o.s.core.env.MutablePropertySources - Adding [localProperties] PropertySource with lowest search precedence
2018-01-08 23:46:32 [main] DEBUG o.s.c.e.PropertySourcesPropertyResolver - Found key 'spring.cloud.config.server.git.search-paths' in [applicationConfig: [classpath:/application.yml]] with type [String]
2018-01-08 23:46:32 [main] DEBUG o.s.core.env.MutablePropertySources - Adding [decrypted] PropertySource with lowest search precedence
2018-01-08 23:46:32 [main] DEBUG o.s.core.env.MutablePropertySources - Adding [Inlined Test Properties] PropertySource with lowest search precedence
2018-01-08 23:46:32 [main] DEBUG o.s.core.env.MutablePropertySources - Adding [systemProperties] PropertySource with lowest search precedence
2018-01-08 23:46:32 [main] DEBUG o.s.core.env.MutablePropertySources - Adding [systemEnvironment] PropertySource with lowest search precedence
2018-01-08 23:46:32 [main] DEBUG o.s.core.env.MutablePropertySources - Adding [random] PropertySource with lowest search precedence
2018-01-08 23:46:32 [main] DEBUG o.s.core.env.MutablePropertySources - Adding [configServerClient] PropertySource with lowest search precedence
2018-01-08 23:46:32 [main] DEBUG o.s.core.env.MutablePropertySources - Adding [applicationConfig: [classpath:/application.yml]] PropertySource with lowest search precedence
2018-01-08 23:46:32 [main] DEBUG o.s.core.env.MutablePropertySources - Adding [springCloudClientHostInfo] PropertySource with lowest search precedence
2018-01-08 23:46:32 [main] DEBUG o.s.core.env.MutablePropertySources - Adding [defaultProperties] PropertySource with lowest search precedence
2018-01-08 23:46:32 [main] DEBUG o.s.core.env.MutablePropertySources - Adding [Management Server] PropertySource with lowest search precedence
2018-01-08 23:46:32 [main] DEBUG o.s.core.env.MutablePropertySources - Adding [localProperties] PropertySource with lowest search precedence
2018-01-08 23:46:32 [main] DEBUG o.s.core.env.MutablePropertySources - Adding [decrypted] PropertySource with lowest search precedence
2018-01-08 23:46:32 [main] DEBUG o.s.core.env.MutablePropertySources - Adding [Inlined Test Properties] PropertySource with lowest search precedence
2018-01-08 23:46:32 [main] DEBUG o.s.core.env.MutablePropertySources - Adding [systemProperties] PropertySource with lowest search precedence
2018-01-08 23:46:32 [main] DEBUG o.s.core.env.MutablePropertySources - Adding [systemEnvironment] PropertySource with lowest search precedence
2018-01-08 23:46:32 [main] DEBUG o.s.core.env.MutablePropertySources - Adding [random] PropertySource with lowest search precedence
2018-01-08 23:46:32 [main] DEBUG o.s.core.env.MutablePropertySources - Adding [configServerClient] PropertySource with lowest search precedence
2018-01-08 23:46:32 [main] DEBUG o.s.core.env.MutablePropertySources - Adding [applicationConfig: [classpath:/application.yml]] PropertySource with lowest search precedence
2018-01-08 23:46:32 [main] DEBUG o.s.core.env.MutablePropertySources - Adding [springCloudClientHostInfo] PropertySource with lowest search precedence
2018-01-08 23:46:32 [main] DEBUG o.s.core.env.MutablePropertySources - Adding [defaultProperties] PropertySource with lowest search precedence
2018-01-08 23:46:32 [main] DEBUG o.s.core.env.MutablePropertySources - Adding [Management Server] PropertySource with lowest search precedence
2018-01-08 23:46:32 [main] DEBUG o.s.core.env.MutablePropertySources - Adding [localProperties] PropertySource with lowest search precedence
2018-01-08 23:46:32 [main] DEBUG o.s.c.e.PropertySourcesPropertyResolver - Found key 'spring.cloud.config.server.git.password' in [decrypted] with type [String]
2018-01-08 23:46:32 [main] DEBUG o.s.core.env.MutablePropertySources - Adding [decrypted] PropertySource with lowest search precedence
2018-01-08 23:46:32 [main] DEBUG o.s.core.env.MutablePropertySources - Adding [Inlined Test Properties] PropertySource with lowest search precedence
2018-01-08 23:46:32 [main] DEBUG o.s.core.env.MutablePropertySources - Adding [systemProperties] PropertySource with lowest search precedence
2018-01-08 23:46:32 [main] DEBUG o.s.core.env.MutablePropertySources - Adding [systemEnvironment] PropertySource with lowest search precedence
2018-01-08 23:46:32 [main] DEBUG o.s.core.env.MutablePropertySources - Adding [random] PropertySource with lowest search precedence
2018-01-08 23:46:32 [main] DEBUG o.s.core.env.MutablePropertySources - Adding [configServerClient] PropertySource with lowest search precedence
2018-01-08 23:46:32 [main] DEBUG o.s.core.env.MutablePropertySources - Adding [applicationConfig: [classpath:/application.yml]] PropertySource with lowest search precedence
2018-01-08 23:46:32 [main] DEBUG o.s.core.env.MutablePropertySources - Adding [springCloudClientHostInfo] PropertySource with lowest search precedence
2018-01-08 23:46:32 [main] DEBUG o.s.core.env.MutablePropertySources - Adding [defaultProperties] PropertySource with lowest search precedence
2018-01-08 23:46:32 [main] DEBUG o.s.core.env.MutablePropertySources - Adding [Management Server] PropertySource with lowest search precedence
2018-01-08 23:46:32 [main] DEBUG o.s.core.env.MutablePropertySources - Adding [localProperties] PropertySource with lowest search precedence
2018-01-08 23:46:32 [main] DEBUG o.s.c.e.PropertySourcesPropertyResolver - Found key 'spring.cloud.config.server.git.uri' in [applicationConfig: [classpath:/application.yml]] with type [String]
2018-01-08 23:46:32 [main] DEBUG o.s.core.env.MutablePropertySources - Adding [decrypted] PropertySource with lowest search precedence
2018-01-08 23:46:32 [main] DEBUG o.s.core.env.MutablePropertySources - Adding [Inlined Test Properties] PropertySource with lowest search precedence
2018-01-08 23:46:32 [main] DEBUG o.s.core.env.MutablePropertySources - Adding [systemProperties] PropertySource with lowest search precedence
2018-01-08 23:46:32 [main] DEBUG o.s.core.env.MutablePropertySources - Adding [systemEnvironment] PropertySource with lowest search precedence
2018-01-08 23:46:32 [main] DEBUG o.s.core.env.MutablePropertySources - Adding [random] PropertySource with lowest search precedence
2018-01-08 23:46:32 [main] DEBUG o.s.core.env.MutablePropertySources - Adding [configServerClient] PropertySource with lowest search precedence
2018-01-08 23:46:32 [main] DEBUG o.s.core.env.MutablePropertySources - Adding [applicationConfig: [classpath:/application.yml]] PropertySource with lowest search precedence
2018-01-08 23:46:32 [main] DEBUG o.s.core.env.MutablePropertySources - Adding [springCloudClientHostInfo] PropertySource with lowest search precedence
2018-01-08 23:46:32 [main] DEBUG o.s.core.env.MutablePropertySources - Adding [defaultProperties] PropertySource with lowest search precedence
2018-01-08 23:46:32 [main] DEBUG o.s.core.env.MutablePropertySources - Adding [Management Server] PropertySource with lowest search precedence
2018-01-08 23:46:32 [main] DEBUG o.s.core.env.MutablePropertySources - Adding [localProperties] PropertySource with lowest search precedence
2018-01-08 23:46:32 [main] DEBUG o.s.c.e.PropertySourcesPropertyResolver - Found key 'spring.cloud.config.server.git.username' in [applicationConfig: [classpath:/application.yml]] with type [String]
2018-01-08 23:46:32 [main] DEBUG o.s.core.env.MutablePropertySources - Adding [decrypted] PropertySource with lowest search precedence
2018-01-08 23:46:32 [main] DEBUG o.s.core.env.MutablePropertySources - Adding [Inlined Test Properties] PropertySource with lowest search precedence
2018-01-08 23:46:32 [main] DEBUG o.s.core.env.MutablePropertySources - Adding [systemProperties] PropertySource with lowest search precedence
2018-01-08 23:46:32 [main] DEBUG o.s.core.env.MutablePropertySources - Adding [systemEnvironment] PropertySource with lowest search precedence
2018-01-08 23:46:32 [main] DEBUG o.s.core.env.MutablePropertySources - Adding [random] PropertySource with lowest search precedence
2018-01-08 23:46:32 [main] DEBUG o.s.core.env.MutablePropertySources - Adding [configServerClient] PropertySource with lowest search precedence
2018-01-08 23:46:32 [main] DEBUG o.s.core.env.MutablePropertySources - Adding [applicationConfig: [classpath:/application.yml]] PropertySource with lowest search precedence
2018-01-08 23:46:32 [main] DEBUG o.s.core.env.MutablePropertySources - Adding [springCloudClientHostInfo] PropertySource with lowest search precedence
2018-01-08 23:46:32 [main] DEBUG o.s.core.env.MutablePropertySources - Adding [defaultProperties] PropertySource with lowest search precedence
2018-01-08 23:46:32 [main] DEBUG o.s.core.env.MutablePropertySources - Adding [Management Server] PropertySource with lowest search precedence
2018-01-08 23:46:32 [main] DEBUG o.s.core.env.MutablePropertySources - Adding [localProperties] PropertySource with lowest search precedence
2018-01-08 23:46:32 [main] DEBUG o.s.c.e.PropertySourcesPropertyResolver - Found key 'spring.cloud.config.server.git.password' in [decrypted] with type [String]
2018-01-08 23:46:32 [main] DEBUG o.s.core.env.MutablePropertySources - Adding [decrypted] PropertySource with lowest search precedence
2018-01-08 23:46:32 [main] DEBUG o.s.core.env.MutablePropertySources - Adding [Inlined Test Properties] PropertySource with lowest search precedence
2018-01-08 23:46:32 [main] DEBUG o.s.core.env.MutablePropertySources - Adding [systemProperties] PropertySource with lowest search precedence
2018-01-08 23:46:32 [main] DEBUG o.s.core.env.MutablePropertySources - Adding [systemEnvironment] PropertySource with lowest search precedence
2018-01-08 23:46:32 [main] DEBUG o.s.core.env.MutablePropertySources - Adding [random] PropertySource with lowest search precedence
2018-01-08 23:46:32 [main] DEBUG o.s.core.env.MutablePropertySources - Adding [configServerClient] PropertySource with lowest search precedence
2018-01-08 23:46:32 [main] DEBUG o.s.core.env.MutablePropertySources - Adding [applicationConfig: [classpath:/application.yml]] PropertySource with lowest search precedence
2018-01-08 23:46:32 [main] DEBUG o.s.core.env.MutablePropertySources - Adding [springCloudClientHostInfo] PropertySource with lowest search precedence
2018-01-08 23:46:32 [main] DEBUG o.s.core.env.MutablePropertySources - Adding [defaultProperties] PropertySource with lowest search precedence
2018-01-08 23:46:32 [main] DEBUG o.s.core.env.MutablePropertySources - Adding [Management Server] PropertySource with lowest search precedence
2018-01-08 23:46:32 [main] DEBUG o.s.core.env.MutablePropertySources - Adding [localProperties] PropertySource with lowest search precedence
2018-01-08 23:46:32 [main] DEBUG o.s.c.e.PropertySourcesPropertyResolver - Found key 'spring.cloud.config.server.git.search-paths' in [applicationConfig: [classpath:/application.yml]] with type [String]
2018-01-08 23:46:32 [main] DEBUG o.s.b.f.s.DefaultListableBeanFactory - Invoking afterPropertiesSet() on bean with name 'environmentRepository'
2018-01-08 23:46:32 [main] DEBUG o.s.b.f.s.DefaultListableBeanFactory - Returning cached instance of singleton bean 'endpoints.metrics.filter-org.springframework.boot.actuate.autoconfigure.MetricFilterProperties'
2018-01-08 23:46:32 [main] DEBUG o.s.core.env.MutablePropertySources - Adding [decrypted] PropertySource with lowest search precedence
2018-01-08 23:46:32 [main] DEBUG o.s.core.env.MutablePropertySources - Adding [Inlined Test Properties] PropertySource with lowest search precedence
2018-01-08 23:46:32 [main] DEBUG o.s.core.env.MutablePropertySources - Adding [systemProperties] PropertySource with lowest search precedence
2018-01-08 23:46:32 [main] DEBUG o.s.core.env.MutablePropertySources - Adding [systemEnvironment] PropertySource with lowest search precedence
2018-01-08 23:46:32 [main] DEBUG o.s.core.env.MutablePropertySources - Adding [random] PropertySource with lowest search precedence
2018-01-08 23:46:32 [main] DEBUG o.s.core.env.MutablePropertySources - Adding [configServerClient] PropertySource with lowest search precedence
2018-01-08 23:46:32 [main] DEBUG o.s.core.env.MutablePropertySources - Adding [applicationConfig: [classpath:/application.yml]] PropertySource with lowest search precedence
2018-01-08 23:46:32 [main] DEBUG o.s.core.env.MutablePropertySources - Adding [springCloudClientHostInfo] PropertySource with lowest search precedence
2018-01-08 23:46:32 [main] DEBUG o.s.core.env.MutablePropertySources - Adding [defaultProperties] PropertySource with lowest search precedence
2018-01-08 23:46:32 [main] DEBUG o.s.core.env.MutablePropertySources - Adding [Management Server] PropertySource with lowest search precedence
2018-01-08 23:46:32 [main] DEBUG o.s.core.env.MutablePropertySources - Adding [localProperties] PropertySource with lowest search precedence
2018-01-08 23:46:32 [main] DEBUG o.s.core.env.MutablePropertySources - Adding [decrypted] PropertySource with lowest search precedence
2018-01-08 23:46:32 [main] DEBUG o.s.core.env.MutablePropertySources - Adding [Inlined Test Properties] PropertySource with lowest search precedence
2018-01-08 23:46:32 [main] DEBUG o.s.core.env.MutablePropertySources - Adding [systemProperties] PropertySource with lowest search precedence
2018-01-08 23:46:32 [main] DEBUG o.s.core.env.MutablePropertySources - Adding [systemEnvironment] PropertySource with lowest search precedence
2018-01-08 23:46:32 [main] DEBUG o.s.core.env.MutablePropertySources - Adding [random] PropertySource with lowest search precedence
2018-01-08 23:46:32 [main] DEBUG o.s.core.env.MutablePropertySources - Adding [configServerClient] PropertySource with lowest search precedence
2018-01-08 23:46:32 [main] DEBUG o.s.core.env.MutablePropertySources - Adding [applicationConfig: [classpath:/application.yml]] PropertySource with lowest search precedence
2018-01-08 23:46:32 [main] DEBUG o.s.core.env.MutablePropertySources - Adding [springCloudClientHostInfo] PropertySource with lowest search precedence
2018-01-08 23:46:32 [main] DEBUG o.s.core.env.MutablePropertySources - Adding [defaultProperties] PropertySource with lowest search precedence
2018-01-08 23:46:32 [main] DEBUG o.s.core.env.MutablePropertySources - Adding [Management Server] PropertySource with lowest search precedence
2018-01-08 23:46:32 [main] DEBUG o.s.core.env.MutablePropertySources - Adding [localProperties] PropertySource with lowest search precedence
2018-01-08 23:46:32 [main] DEBUG o.s.b.f.s.DefaultListableBeanFactory - Returning cached instance of singleton bean 'dumpEndpoint'
2018-01-08 23:46:32 [main] DEBUG o.s.core.env.MutablePropertySources - Adding [decrypted] PropertySource with lowest search precedence
2018-01-08 23:46:32 [main] DEBUG o.s.core.env.MutablePropertySources - Adding [Inlined Test Properties] PropertySource with lowest search precedence
2018-01-08 23:46:32 [main] DEBUG o.s.core.env.MutablePropertySources - Adding [systemProperties] PropertySource with lowest search precedence
2018-01-08 23:46:32 [main] DEBUG o.s.core.env.MutablePropertySources - Adding [systemEnvironment] PropertySource with lowest search precedence
2018-01-08 23:46:32 [main] DEBUG o.s.core.env.MutablePropertySources - Adding [random] PropertySource with lowest search precedence
2018-01-08 23:46:32 [main] DEBUG o.s.core.env.MutablePropertySources - Adding [configServerClient] PropertySource with lowest search precedence
2018-01-08 23:46:32 [main] DEBUG o.s.core.env.MutablePropertySources - Adding [applicationConfig: [classpath:/application.yml]] PropertySource with lowest search precedence
2018-01-08 23:46:32 [main] DEBUG o.s.core.env.MutablePropertySources - Adding [springCloudClientHostInfo] PropertySource with lowest search precedence
2018-01-08 23:46:32 [main] DEBUG o.s.core.env.MutablePropertySources - Adding [defaultProperties] PropertySource with lowest search precedence
2018-01-08 23:46:32 [main] DEBUG o.s.core.env.MutablePropertySources - Adding [Management Server] PropertySource with lowest search precedence
2018-01-08 23:46:32 [main] DEBUG o.s.core.env.MutablePropertySources - Adding [localProperties] PropertySource with lowest search precedence
2018-01-08 23:46:32 [main] DEBUG o.s.core.env.MutablePropertySources - Adding [decrypted] PropertySource with lowest search precedence
2018-01-08 23:46:32 [main] DEBUG o.s.core.env.MutablePropertySources - Adding [Inlined Test Properties] PropertySource with lowest search precedence
2018-01-08 23:46:32 [main] DEBUG o.s.core.env.MutablePropertySources - Adding [systemProperties] PropertySource with lowest search precedence
2018-01-08 23:46:32 [main] DEBUG o.s.core.env.MutablePropertySources - Adding [systemEnvironment] PropertySource with lowest search precedence
2018-01-08 23:46:32 [main] DEBUG o.s.core.env.MutablePropertySources - Adding [random] PropertySource with lowest search precedence
2018-01-08 23:46:32 [main] DEBUG o.s.core.env.MutablePropertySources - Adding [configServerClient] PropertySource with lowest search precedence
2018-01-08 23:46:32 [main] DEBUG o.s.core.env.MutablePropertySources - Adding [applicationConfig: [classpath:/application.yml]] PropertySource with lowest search precedence
2018-01-08 23:46:32 [main] DEBUG o.s.core.env.MutablePropertySources - Adding [springCloudClientHostInfo] PropertySource with lowest search precedence
2018-01-08 23:46:32 [main] DEBUG o.s.core.env.MutablePropertySources - Adding [defaultProperties] PropertySource with lowest search precedence
2018-01-08 23:46:32 [main] DEBUG o.s.core.env.MutablePropertySources - Adding [Management Server] PropertySource with lowest search precedence
2018-01-08 23:46:32 [main] DEBUG o.s.core.env.MutablePropertySources - Adding [localProperties] PropertySource with lowest search precedence
2018-01-08 23:46:32 [main] DEBUG o.s.b.f.s.DefaultListableBeanFactory - Returning cached instance of singleton bean 'autoConfigurationReportEndpoint'
2018-01-08 23:46:32 [main] DEBUG o.s.core.env.MutablePropertySources - Adding [decrypted] PropertySource with lowest search precedence
2018-01-08 23:46:32 [main] DEBUG o.s.core.env.MutablePropertySources - Adding [Inlined Test Properties] PropertySource with lowest search precedence
2018-01-08 23:46:32 [main] DEBUG o.s.core.env.MutablePropertySources - Adding [systemProperties] PropertySource with lowest search precedence
2018-01-08 23:46:32 [main] DEBUG o.s.core.env.MutablePropertySources - Adding [systemEnvironment] PropertySource with lowest search precedence
2018-01-08 23:46:32 [main] DEBUG o.s.core.env.MutablePropertySources - Adding [random] PropertySource with lowest search precedence
2018-01-08 23:46:32 [main] DEBUG o.s.core.env.MutablePropertySources - Adding [configServerClient] PropertySource with lowest search precedence
2018-01-08 23:46:32 [main] DEBUG o.s.core.env.MutablePropertySources - Adding [applicationConfig: [classpath:/application.yml]] PropertySource with lowest search precedence
2018-01-08 23:46:32 [main] DEBUG o.s.core.env.MutablePropertySources - Adding [springCloudClientHostInfo] PropertySource with lowest search precedence
2018-01-08 23:46:32 [main] DEBUG o.s.core.env.MutablePropertySources - Adding [defaultProperties] PropertySource with lowest search precedence
2018-01-08 23:46:32 [main] DEBUG o.s.core.env.MutablePropertySources - Adding [Management Server] PropertySource with lowest search precedence
2018-01-08 23:46:32 [main] DEBUG o.s.core.env.MutablePropertySources - Adding [localProperties] PropertySource with lowest search precedence
2018-01-08 23:46:32 [main] DEBUG o.s.core.env.MutablePropertySources - Adding [decrypted] PropertySource with lowest search precedence
2018-01-08 23:46:32 [main] DEBUG o.s.core.env.MutablePropertySources - Adding [Inlined Test Properties] PropertySource with lowest search precedence
2018-01-08 23:46:32 [main] DEBUG o.s.core.env.MutablePropertySources - Adding [systemProperties] PropertySource with lowest search precedence
2018-01-08 23:46:32 [main] DEBUG o.s.core.env.MutablePropertySources - Adding [systemEnvironment] PropertySource with lowest search precedence
2018-01-08 23:46:32 [main] DEBUG o.s.core.env.MutablePropertySources - Adding [random] PropertySource with lowest search precedence
2018-01-08 23:46:32 [main] DEBUG o.s.core.env.MutablePropertySources - Adding [configServerClient] PropertySource with lowest search precedence
2018-01-08 23:46:32 [main] DEBUG o.s.core.env.MutablePropertySources - Adding [applicationConfig: [classpath:/application.yml]] PropertySource with lowest search precedence
2018-01-08 23:46:32 [main] DEBUG o.s.core.env.MutablePropertySources - Adding [springCloudClientHostInfo] PropertySource with lowest search precedence
2018-01-08 23:46:32 [main] DEBUG o.s.core.env.MutablePropertySources - Adding [defaultProperties] PropertySource with lowest search precedence
2018-01-08 23:46:32 [main] DEBUG o.s.core.env.MutablePropertySources - Adding [Management Server] PropertySource with lowest search precedence
2018-01-08 23:46:32 [main] DEBUG o.s.core.env.MutablePropertySources - Adding [localProperties] PropertySource with lowest search precedence
2018-01-08 23:46:32 [main] DEBUG o.s.b.f.s.DefaultListableBeanFactory - Returning cached instance of singleton bean 'encrypt-org.springframework.cloud.bootstrap.encrypt.KeyProperties'
2018-01-08 23:46:32 [main] DEBUG o.s.core.env.MutablePropertySources - Adding [decrypted] PropertySource with lowest search precedence
2018-01-08 23:46:32 [main] DEBUG o.s.core.env.MutablePropertySources - Adding [Inlined Test Properties] PropertySource with lowest search precedence
2018-01-08 23:46:32 [main] DEBUG o.s.core.env.MutablePropertySources - Adding [systemProperties] PropertySource with lowest search precedence
2018-01-08 23:46:32 [main] DEBUG o.s.core.env.MutablePropertySources - Adding [systemEnvironment] PropertySource with lowest search precedence
2018-01-08 23:46:32 [main] DEBUG o.s.core.env.MutablePropertySources - Adding [random] PropertySource with lowest search precedence
2018-01-08 23:46:32 [main] DEBUG o.s.core.env.MutablePropertySources - Adding [configServerClient] PropertySource with lowest search precedence
2018-01-08 23:46:32 [main] DEBUG o.s.core.env.MutablePropertySources - Adding [applicationConfig: [classpath:/application.yml]] PropertySource with lowest search precedence
2018-01-08 23:46:32 [main] DEBUG o.s.core.env.MutablePropertySources - Adding [springCloudClientHostInfo] PropertySource with lowest search precedence
2018-01-08 23:46:32 [main] DEBUG o.s.core.env.MutablePropertySources - Adding [defaultProperties] PropertySource with lowest search precedence
2018-01-08 23:46:32 [main] DEBUG o.s.core.env.MutablePropertySources - Adding [Management Server] PropertySource with lowest search precedence
2018-01-08 23:46:32 [main] DEBUG o.s.core.env.MutablePropertySources - Adding [localProperties] PropertySource with lowest search precedence
2018-01-08 23:46:32 [main] DEBUG o.s.core.env.MutablePropertySources - Adding [decrypted] PropertySource with lowest search precedence
2018-01-08 23:46:32 [main] DEBUG o.s.core.env.MutablePropertySources - Adding [Inlined Test Properties] PropertySource with lowest search precedence
2018-01-08 23:46:32 [main] DEBUG o.s.core.env.MutablePropertySources - Adding [systemProperties] PropertySource with lowest search precedence
2018-01-08 23:46:32 [main] DEBUG o.s.core.env.MutablePropertySources - Adding [systemEnvironment] PropertySource with lowest search precedence
2018-01-08 23:46:32 [main] DEBUG o.s.core.env.MutablePropertySources - Adding [random] PropertySource with lowest search precedence
2018-01-08 23:46:32 [main] DEBUG o.s.core.env.MutablePropertySources - Adding [configServerClient] PropertySource with lowest search precedence
2018-01-08 23:46:32 [main] DEBUG o.s.core.env.MutablePropertySources - Adding [applicationConfig: [classpath:/application.yml]] PropertySource with lowest search precedence
2018-01-08 23:46:32 [main] DEBUG o.s.core.env.MutablePropertySources - Adding [springCloudClientHostInfo] PropertySource with lowest search precedence
2018-01-08 23:46:32 [main] DEBUG o.s.core.env.MutablePropertySources - Adding [defaultProperties] PropertySource with lowest search precedence
2018-01-08 23:46:32 [main] DEBUG o.s.core.env.MutablePropertySources - Adding [Management Server] PropertySource with lowest search precedence
2018-01-08 23:46:32 [main] DEBUG o.s.core.env.MutablePropertySources - Adding [localProperties] PropertySource with lowest search precedence
2018-01-08 23:46:32 [main] DEBUG o.s.c.e.PropertySourcesPropertyResolver - Found key 'ENCRYPT_KEY' in [systemProperties] with type [String]
2018-01-08 23:46:32 [main] DEBUG o.s.core.env.MutablePropertySources - Adding [decrypted] PropertySource with lowest search precedence
2018-01-08 23:46:32 [main] DEBUG o.s.core.env.MutablePropertySources - Adding [Inlined Test Properties] PropertySource with lowest search precedence
2018-01-08 23:46:32 [main] DEBUG o.s.core.env.MutablePropertySources - Adding [systemProperties] PropertySource with lowest search precedence
2018-01-08 23:46:32 [main] DEBUG o.s.core.env.MutablePropertySources - Adding [systemEnvironment] PropertySource with lowest search precedence
2018-01-08 23:46:32 [main] DEBUG o.s.core.env.MutablePropertySources - Adding [random] PropertySource with lowest search precedence
2018-01-08 23:46:32 [main] DEBUG o.s.core.env.MutablePropertySources - Adding [configServerClient] PropertySource with lowest search precedence
2018-01-08 23:46:32 [main] DEBUG o.s.core.env.MutablePropertySources - Adding [applicationConfig: [classpath:/application.yml]] PropertySource with lowest search precedence
2018-01-08 23:46:32 [main] DEBUG o.s.core.env.MutablePropertySources - Adding [springCloudClientHostInfo] PropertySource with lowest search precedence
2018-01-08 23:46:32 [main] DEBUG o.s.core.env.MutablePropertySources - Adding [defaultProperties] PropertySource with lowest search precedence
2018-01-08 23:46:32 [main] DEBUG o.s.core.env.MutablePropertySources - Adding [Management Server] PropertySource with lowest search precedence
2018-01-08 23:46:32 [main] DEBUG o.s.core.env.MutablePropertySources - Adding [localProperties] PropertySource with lowest search precedence
2018-01-08 23:46:32 [main] DEBUG o.s.core.env.MutablePropertySources - Adding [decrypted] PropertySource with lowest search precedence
2018-01-08 23:46:32 [main] DEBUG o.s.core.env.MutablePropertySources - Adding [Inlined Test Properties] PropertySource with lowest search precedence
2018-01-08 23:46:32 [main] DEBUG o.s.core.env.MutablePropertySources - Adding [systemProperties] PropertySource with lowest search precedence
2018-01-08 23:46:32 [main] DEBUG o.s.core.env.MutablePropertySources - Adding [systemEnvironment] PropertySource with lowest search precedence
2018-01-08 23:46:32 [main] DEBUG o.s.core.env.MutablePropertySources - Adding [random] PropertySource with lowest search precedence
2018-01-08 23:46:32 [main] DEBUG o.s.core.env.MutablePropertySources - Adding [configServerClient] PropertySource with lowest search precedence
2018-01-08 23:46:32 [main] DEBUG o.s.core.env.MutablePropertySources - Adding [applicationConfig: [classpath:/application.yml]] PropertySource with lowest search precedence
2018-01-08 23:46:32 [main] DEBUG o.s.core.env.MutablePropertySources - Adding [springCloudClientHostInfo] PropertySource with lowest search precedence
2018-01-08 23:46:32 [main] DEBUG o.s.core.env.MutablePropertySources - Adding [defaultProperties] PropertySource with lowest search precedence
2018-01-08 23:46:32 [main] DEBUG o.s.core.env.MutablePropertySources - Adding [Management Server] PropertySource with lowest search precedence
2018-01-08 23:46:32 [main] DEBUG o.s.core.env.MutablePropertySources - Adding [localProperties] PropertySource with lowest search precedence
2018-01-08 23:46:32 [main] DEBUG o.s.c.e.PropertySourcesPropertyResolver - Found key 'ENCRYPT_KEY' in [systemProperties] with type [String]
2018-01-08 23:46:32 [main] DEBUG o.s.b.f.s.DefaultListableBeanFactory - Returning cached instance of singleton bean 'spring.http.encoding-org.springframework.boot.autoconfigure.web.HttpEncodingProperties'
2018-01-08 23:46:32 [main] DEBUG o.s.core.env.MutablePropertySources - Adding [decrypted] PropertySource with lowest search precedence
2018-01-08 23:46:32 [main] DEBUG o.s.core.env.MutablePropertySources - Adding [Inlined Test Properties] PropertySource with lowest search precedence
2018-01-08 23:46:32 [main] DEBUG o.s.core.env.MutablePropertySources - Adding [systemProperties] PropertySource with lowest search precedence
2018-01-08 23:46:32 [main] DEBUG o.s.core.env.MutablePropertySources - Adding [systemEnvironment] PropertySource with lowest search precedence
2018-01-08 23:46:32 [main] DEBUG o.s.core.env.MutablePropertySources - Adding [random] PropertySource with lowest search precedence
2018-01-08 23:46:32 [main] DEBUG o.s.core.env.MutablePropertySources - Adding [configServerClient] PropertySource with lowest search precedence
2018-01-08 23:46:32 [main] DEBUG o.s.core.env.MutablePropertySources - Adding [applicationConfig: [classpath:/application.yml]] PropertySource with lowest search precedence
2018-01-08 23:46:32 [main] DEBUG o.s.core.env.MutablePropertySources - Adding [springCloudClientHostInfo] PropertySource with lowest search precedence
2018-01-08 23:46:32 [main] DEBUG o.s.core.env.MutablePropertySources - Adding [defaultProperties] PropertySource with lowest search precedence
2018-01-08 23:46:32 [main] DEBUG o.s.core.env.MutablePropertySources - Adding [Management Server] PropertySource with lowest search precedence
2018-01-08 23:46:32 [main] DEBUG o.s.core.env.MutablePropertySources - Adding [localProperties] PropertySource with lowest search precedence
2018-01-08 23:46:32 [main] DEBUG o.s.core.env.MutablePropertySources - Adding [decrypted] PropertySource with lowest search precedence
2018-01-08 23:46:32 [main] DEBUG o.s.core.env.MutablePropertySources - Adding [Inlined Test Properties] PropertySource with lowest search precedence
2018-01-08 23:46:32 [main] DEBUG o.s.core.env.MutablePropertySources - Adding [systemProperties] PropertySource with lowest search precedence
2018-01-08 23:46:32 [main] DEBUG o.s.core.env.MutablePropertySources - Adding [systemEnvironment] PropertySource with lowest search precedence
2018-01-08 23:46:32 [main] DEBUG o.s.core.env.MutablePropertySources - Adding [random] PropertySource with lowest search precedence
2018-01-08 23:46:32 [main] DEBUG o.s.core.env.MutablePropertySources - Adding [configServerClient] PropertySource with lowest search precedence
2018-01-08 23:46:32 [main] DEBUG o.s.core.env.MutablePropertySources - Adding [applicationConfig: [classpath:/application.yml]] PropertySource with lowest search precedence
2018-01-08 23:46:32 [main] DEBUG o.s.core.env.MutablePropertySources - Adding [springCloudClientHostInfo] PropertySource with lowest search precedence
2018-01-08 23:46:32 [main] DEBUG o.s.core.env.MutablePropertySources - Adding [defaultProperties] PropertySource with lowest search precedence
2018-01-08 23:46:32 [main] DEBUG o.s.core.env.MutablePropertySources - Adding [Management Server] PropertySource with lowest search precedence
2018-01-08 23:46:32 [main] DEBUG o.s.core.env.MutablePropertySources - Adding [localProperties] PropertySource with lowest search precedence
2018-01-08 23:46:32 [main] DEBUG o.s.b.f.s.DefaultListableBeanFactory - Returning cached instance of singleton bean 'shutdownEndpoint'
2018-01-08 23:46:32 [main] DEBUG o.s.core.env.MutablePropertySources - Adding [decrypted] PropertySource with lowest search precedence
2018-01-08 23:46:32 [main] DEBUG o.s.core.env.MutablePropertySources - Adding [Inlined Test Properties] PropertySource with lowest search precedence
2018-01-08 23:46:32 [main] DEBUG o.s.core.env.MutablePropertySources - Adding [systemProperties] PropertySource with lowest search precedence
2018-01-08 23:46:32 [main] DEBUG o.s.core.env.MutablePropertySources - Adding [systemEnvironment] PropertySource with lowest search precedence
2018-01-08 23:46:32 [main] DEBUG o.s.core.env.MutablePropertySources - Adding [random] PropertySource with lowest search precedence
2018-01-08 23:46:32 [main] DEBUG o.s.core.env.MutablePropertySources - Adding [configServerClient] PropertySource with lowest search precedence
2018-01-08 23:46:32 [main] DEBUG o.s.core.env.MutablePropertySources - Adding [applicationConfig: [classpath:/application.yml]] PropertySource with lowest search precedence
2018-01-08 23:46:32 [main] DEBUG o.s.core.env.MutablePropertySources - Adding [springCloudClientHostInfo] PropertySource with lowest search precedence
2018-01-08 23:46:32 [main] DEBUG o.s.core.env.MutablePropertySources - Adding [defaultProperties] PropertySource with lowest search precedence
2018-01-08 23:46:32 [main] DEBUG o.s.core.env.MutablePropertySources - Adding [Management Server] PropertySource with lowest search precedence
2018-01-08 23:46:32 [main] DEBUG o.s.core.env.MutablePropertySources - Adding [localProperties] PropertySource with lowest search precedence
2018-01-08 23:46:32 [main] DEBUG o.s.core.env.MutablePropertySources - Adding [decrypted] PropertySource with lowest search precedence
2018-01-08 23:46:32 [main] DEBUG o.s.core.env.MutablePropertySources - Adding [Inlined Test Properties] PropertySource with lowest search precedence
2018-01-08 23:46:32 [main] DEBUG o.s.core.env.MutablePropertySources - Adding [systemProperties] PropertySource with lowest search precedence
2018-01-08 23:46:32 [main] DEBUG o.s.core.env.MutablePropertySources - Adding [systemEnvironment] PropertySource with lowest search precedence
2018-01-08 23:46:32 [main] DEBUG o.s.core.env.MutablePropertySources - Adding [random] PropertySource with lowest search precedence
2018-01-08 23:46:32 [main] DEBUG o.s.core.env.MutablePropertySources - Adding [configServerClient] PropertySource with lowest search precedence
2018-01-08 23:46:32 [main] DEBUG o.s.core.env.MutablePropertySources - Adding [applicationConfig: [classpath:/application.yml]] PropertySource with lowest search precedence
2018-01-08 23:46:32 [main] DEBUG o.s.core.env.MutablePropertySources - Adding [springCloudClientHostInfo] PropertySource with lowest search precedence
2018-01-08 23:46:32 [main] DEBUG o.s.core.env.MutablePropertySources - Adding [defaultProperties] PropertySource with lowest search precedence
2018-01-08 23:46:32 [main] DEBUG o.s.core.env.MutablePropertySources - Adding [Management Server] PropertySource with lowest search precedence
2018-01-08 23:46:32 [main] DEBUG o.s.core.env.MutablePropertySources - Adding [localProperties] PropertySource with lowest search precedence
2018-01-08 23:46:32 [main] DEBUG o.s.b.f.s.DefaultListableBeanFactory - Returning cached instance of singleton bean 'beansEndpoint'
2018-01-08 23:46:32 [main] DEBUG o.s.core.env.MutablePropertySources - Adding [decrypted] PropertySource with lowest search precedence
2018-01-08 23:46:32 [main] DEBUG o.s.core.env.MutablePropertySources - Adding [Inlined Test Properties] PropertySource with lowest search precedence
2018-01-08 23:46:32 [main] DEBUG o.s.core.env.MutablePropertySources - Adding [systemProperties] PropertySource with lowest search precedence
2018-01-08 23:46:32 [main] DEBUG o.s.core.env.MutablePropertySources - Adding [systemEnvironment] PropertySource with lowest search precedence
2018-01-08 23:46:32 [main] DEBUG o.s.core.env.MutablePropertySources - Adding [random] PropertySource with lowest search precedence
2018-01-08 23:46:32 [main] DEBUG o.s.core.env.MutablePropertySources - Adding [configServerClient] PropertySource with lowest search precedence
2018-01-08 23:46:32 [main] DEBUG o.s.core.env.MutablePropertySources - Adding [applicationConfig: [classpath:/application.yml]] PropertySource with lowest search precedence
2018-01-08 23:46:32 [main] DEBUG o.s.core.env.MutablePropertySources - Adding [springCloudClientHostInfo] PropertySource with lowest search precedence
2018-01-08 23:46:32 [main] DEBUG o.s.core.env.MutablePropertySources - Adding [defaultProperties] PropertySource with lowest search precedence
2018-01-08 23:46:32 [main] DEBUG o.s.core.env.MutablePropertySources - Adding [Management Server] PropertySource with lowest search precedence
2018-01-08 23:46:32 [main] DEBUG o.s.core.env.MutablePropertySources - Adding [localProperties] PropertySource with lowest search precedence
2018-01-08 23:46:32 [main] DEBUG o.s.c.e.PropertySourcesPropertyResolver - Could not find key 'spring.liveBeansView.mbeanDomain' in any property source
2018-01-08 23:46:32 [main] DEBUG o.s.core.env.MutablePropertySources - Adding [decrypted] PropertySource with lowest search precedence
2018-01-08 23:46:32 [main] DEBUG o.s.core.env.MutablePropertySources - Adding [Inlined Test Properties] PropertySource with lowest search precedence
2018-01-08 23:46:32 [main] DEBUG o.s.core.env.MutablePropertySources - Adding [systemProperties] PropertySource with lowest search precedence
2018-01-08 23:46:32 [main] DEBUG o.s.core.env.MutablePropertySources - Adding [systemEnvironment] PropertySource with lowest search precedence
2018-01-08 23:46:32 [main] DEBUG o.s.core.env.MutablePropertySources - Adding [random] PropertySource with lowest search precedence
2018-01-08 23:46:32 [main] DEBUG o.s.core.env.MutablePropertySources - Adding [configServerClient] PropertySource with lowest search precedence
2018-01-08 23:46:32 [main] DEBUG o.s.core.env.MutablePropertySources - Adding [applicationConfig: [classpath:/application.yml]] PropertySource with lowest search precedence
2018-01-08 23:46:32 [main] DEBUG o.s.core.env.MutablePropertySources - Adding [springCloudClientHostInfo] PropertySource with lowest search precedence
2018-01-08 23:46:32 [main] DEBUG o.s.core.env.MutablePropertySources - Adding [defaultProperties] PropertySource with lowest search precedence
2018-01-08 23:46:32 [main] DEBUG o.s.core.env.MutablePropertySources - Adding [Management Server] PropertySource with lowest search precedence
2018-01-08 23:46:32 [main] DEBUG o.s.core.env.MutablePropertySources - Adding [localProperties] PropertySource with lowest search precedence
2018-01-08 23:46:32 [main] DEBUG o.s.b.f.s.DefaultListableBeanFactory - Returning cached instance of singleton bean 'pauseEndpoint'
2018-01-08 23:46:32 [main] DEBUG o.s.core.env.MutablePropertySources - Adding [decrypted] PropertySource with lowest search precedence
2018-01-08 23:46:32 [main] DEBUG o.s.core.env.MutablePropertySources - Adding [Inlined Test Properties] PropertySource with lowest search precedence
2018-01-08 23:46:32 [main] DEBUG o.s.core.env.MutablePropertySources - Adding [systemProperties] PropertySource with lowest search precedence
2018-01-08 23:46:32 [main] DEBUG o.s.core.env.MutablePropertySources - Adding [systemEnvironment] PropertySource with lowest search precedence
2018-01-08 23:46:32 [main] DEBUG o.s.core.env.MutablePropertySources - Adding [random] PropertySource with lowest search precedence
2018-01-08 23:46:32 [main] DEBUG o.s.core.env.MutablePropertySources - Adding [configServerClient] PropertySource with lowest search precedence
2018-01-08 23:46:32 [main] DEBUG o.s.core.env.MutablePropertySources - Adding [applicationConfig: [classpath:/application.yml]] PropertySource with lowest search precedence
2018-01-08 23:46:32 [main] DEBUG o.s.core.env.MutablePropertySources - Adding [springCloudClientHostInfo] PropertySource with lowest search precedence
2018-01-08 23:46:32 [main] DEBUG o.s.core.env.MutablePropertySources - Adding [defaultProperties] PropertySource with lowest search precedence
2018-01-08 23:46:32 [main] DEBUG o.s.core.env.MutablePropertySources - Adding [Management Server] PropertySource with lowest search precedence
2018-01-08 23:46:32 [main] DEBUG o.s.core.env.MutablePropertySources - Adding [localProperties] PropertySource with lowest search precedence
2018-01-08 23:46:32 [main] DEBUG o.s.core.env.MutablePropertySources - Adding [decrypted] PropertySource with lowest search precedence
2018-01-08 23:46:32 [main] DEBUG o.s.core.env.MutablePropertySources - Adding [Inlined Test Properties] PropertySource with lowest search precedence
2018-01-08 23:46:32 [main] DEBUG o.s.core.env.MutablePropertySources - Adding [systemProperties] PropertySource with lowest search precedence
2018-01-08 23:46:32 [main] DEBUG o.s.core.env.MutablePropertySources - Adding [systemEnvironment] PropertySource with lowest search precedence
2018-01-08 23:46:32 [main] DEBUG o.s.core.env.MutablePropertySources - Adding [random] PropertySource with lowest search precedence
2018-01-08 23:46:32 [main] DEBUG o.s.core.env.MutablePropertySources - Adding [configServerClient] PropertySource with lowest search precedence
2018-01-08 23:46:32 [main] DEBUG o.s.core.env.MutablePropertySources - Adding [applicationConfig: [classpath:/application.yml]] PropertySource with lowest search precedence
2018-01-08 23:46:32 [main] DEBUG o.s.core.env.MutablePropertySources - Adding [springCloudClientHostInfo] PropertySource with lowest search precedence
2018-01-08 23:46:32 [main] DEBUG o.s.core.env.MutablePropertySources - Adding [defaultProperties] PropertySource with lowest search precedence
2018-01-08 23:46:32 [main] DEBUG o.s.core.env.MutablePropertySources - Adding [Management Server] PropertySource with lowest search precedence
2018-01-08 23:46:32 [main] DEBUG o.s.core.env.MutablePropertySources - Adding [localProperties] PropertySource with lowest search precedence
2018-01-08 23:46:32 [main] DEBUG o.s.b.f.s.DefaultListableBeanFactory - Returning cached instance of singleton bean 'managementServerProperties'
2018-01-08 23:46:32 [main] DEBUG o.s.core.env.MutablePropertySources - Adding [decrypted] PropertySource with lowest search precedence
2018-01-08 23:46:32 [main] DEBUG o.s.core.env.MutablePropertySources - Adding [Inlined Test Properties] PropertySource with lowest search precedence
2018-01-08 23:46:32 [main] DEBUG o.s.core.env.MutablePropertySources - Adding [systemProperties] PropertySource with lowest search precedence
2018-01-08 23:46:32 [main] DEBUG o.s.core.env.MutablePropertySources - Adding [systemEnvironment] PropertySource with lowest search precedence
2018-01-08 23:46:32 [main] DEBUG o.s.core.env.MutablePropertySources - Adding [random] PropertySource with lowest search precedence
2018-01-08 23:46:32 [main] DEBUG o.s.core.env.MutablePropertySources - Adding [configServerClient] PropertySource with lowest search precedence
2018-01-08 23:46:32 [main] DEBUG o.s.core.env.MutablePropertySources - Adding [applicationConfig: [classpath:/application.yml]] PropertySource with lowest search precedence
2018-01-08 23:46:32 [main] DEBUG o.s.core.env.MutablePropertySources - Adding [springCloudClientHostInfo] PropertySource with lowest search precedence
2018-01-08 23:46:32 [main] DEBUG o.s.core.env.MutablePropertySources - Adding [defaultProperties] PropertySource with lowest search precedence
2018-01-08 23:46:32 [main] DEBUG o.s.core.env.MutablePropertySources - Adding [Management Server] PropertySource with lowest search precedence
2018-01-08 23:46:32 [main] DEBUG o.s.core.env.MutablePropertySources - Adding [localProperties] PropertySource with lowest search precedence
2018-01-08 23:46:32 [main] DEBUG o.s.core.env.MutablePropertySources - Adding [decrypted] PropertySource with lowest search precedence
2018-01-08 23:46:32 [main] DEBUG o.s.core.env.MutablePropertySources - Adding [Inlined Test Properties] PropertySource with lowest search precedence
2018-01-08 23:46:32 [main] DEBUG o.s.core.env.MutablePropertySources - Adding [systemProperties] PropertySource with lowest search precedence
2018-01-08 23:46:32 [main] DEBUG o.s.core.env.MutablePropertySources - Adding [systemEnvironment] PropertySource with lowest search precedence
2018-01-08 23:46:32 [main] DEBUG o.s.core.env.MutablePropertySources - Adding [random] PropertySource with lowest search precedence
2018-01-08 23:46:32 [main] DEBUG o.s.core.env.MutablePropertySources - Adding [configServerClient] PropertySource with lowest search precedence
2018-01-08 23:46:32 [main] DEBUG o.s.core.env.MutablePropertySources - Adding [applicationConfig: [classpath:/application.yml]] PropertySource with lowest search precedence
2018-01-08 23:46:32 [main] DEBUG o.s.core.env.MutablePropertySources - Adding [springCloudClientHostInfo] PropertySource with lowest search precedence
2018-01-08 23:46:32 [main] DEBUG o.s.core.env.MutablePropertySources - Adding [defaultProperties] PropertySource with lowest search precedence
2018-01-08 23:46:32 [main] DEBUG o.s.core.env.MutablePropertySources - Adding [Management Server] PropertySource with lowest search precedence
2018-01-08 23:46:32 [main] DEBUG o.s.core.env.MutablePropertySources - Adding [localProperties] PropertySource with lowest search precedence
2018-01-08 23:46:32 [main] DEBUG o.s.b.f.s.DefaultListableBeanFactory - Returning cached instance of singleton bean 'requestMappingEndpoint'
2018-01-08 23:46:32 [main] DEBUG o.s.core.env.MutablePropertySources - Adding [decrypted] PropertySource with lowest search precedence
2018-01-08 23:46:32 [main] DEBUG o.s.core.env.MutablePropertySources - Adding [Inlined Test Properties] PropertySource with lowest search precedence
2018-01-08 23:46:32 [main] DEBUG o.s.core.env.MutablePropertySources - Adding [systemProperties] PropertySource with lowest search precedence
2018-01-08 23:46:32 [main] DEBUG o.s.core.env.MutablePropertySources - Adding [systemEnvironment] PropertySource with lowest search precedence
2018-01-08 23:46:32 [main] DEBUG o.s.core.env.MutablePropertySources - Adding [random] PropertySource with lowest search precedence
2018-01-08 23:46:32 [main] DEBUG o.s.core.env.MutablePropertySources - Adding [configServerClient] PropertySource with lowest search precedence
2018-01-08 23:46:32 [main] DEBUG o.s.core.env.MutablePropertySources - Adding [applicationConfig: [classpath:/application.yml]] PropertySource with lowest search precedence
2018-01-08 23:46:32 [main] DEBUG o.s.core.env.MutablePropertySources - Adding [springCloudClientHostInfo] PropertySource with lowest search precedence
2018-01-08 23:46:32 [main] DEBUG o.s.core.env.MutablePropertySources - Adding [defaultProperties] PropertySource with lowest search precedence
2018-01-08 23:46:32 [main] DEBUG o.s.core.env.MutablePropertySources - Adding [Management Server] PropertySource with lowest search precedence
2018-01-08 23:46:32 [main] DEBUG o.s.core.env.MutablePropertySources - Adding [localProperties] PropertySource with lowest search precedence
2018-01-08 23:46:32 [main] DEBUG o.s.core.env.MutablePropertySources - Adding [decrypted] PropertySource with lowest search precedence
2018-01-08 23:46:32 [main] DEBUG o.s.core.env.MutablePropertySources - Adding [Inlined Test Properties] PropertySource with lowest search precedence
2018-01-08 23:46:32 [main] DEBUG o.s.core.env.MutablePropertySources - Adding [systemProperties] PropertySource with lowest search precedence
2018-01-08 23:46:32 [main] DEBUG o.s.core.env.MutablePropertySources - Adding [systemEnvironment] PropertySource with lowest search precedence
2018-01-08 23:46:32 [main] DEBUG o.s.core.env.MutablePropertySources - Adding [random] PropertySource with lowest search precedence
2018-01-08 23:46:32 [main] DEBUG o.s.core.env.MutablePropertySources - Adding [configServerClient] PropertySource with lowest search precedence
2018-01-08 23:46:32 [main] DEBUG o.s.core.env.MutablePropertySources - Adding [applicationConfig: [classpath:/application.yml]] PropertySource with lowest search precedence
2018-01-08 23:46:32 [main] DEBUG o.s.core.env.MutablePropertySources - Adding [springCloudClientHostInfo] PropertySource with lowest search precedence
2018-01-08 23:46:32 [main] DEBUG o.s.core.env.MutablePropertySources - Adding [defaultProperties] PropertySource with lowest search precedence
2018-01-08 23:46:32 [main] DEBUG o.s.core.env.MutablePropertySources - Adding [Management Server] PropertySource with lowest search precedence
2018-01-08 23:46:32 [main] DEBUG o.s.core.env.MutablePropertySources - Adding [localProperties] PropertySource with lowest search precedence
2018-01-08 23:46:32 [main] DEBUG o.s.b.f.s.DefaultListableBeanFactory - Returning cached instance of singleton bean 'endpoints.health-org.springframework.boot.actuate.autoconfigure.HealthMvcEndpointProperties'
2018-01-08 23:46:32 [main] DEBUG o.s.core.env.MutablePropertySources - Adding [decrypted] PropertySource with lowest search precedence
2018-01-08 23:46:32 [main] DEBUG o.s.core.env.MutablePropertySources - Adding [Inlined Test Properties] PropertySource with lowest search precedence
2018-01-08 23:46:32 [main] DEBUG o.s.core.env.MutablePropertySources - Adding [systemProperties] PropertySource with lowest search precedence
2018-01-08 23:46:32 [main] DEBUG o.s.core.env.MutablePropertySources - Adding [systemEnvironment] PropertySource with lowest search precedence
2018-01-08 23:46:32 [main] DEBUG o.s.core.env.MutablePropertySources - Adding [random] PropertySource with lowest search precedence
2018-01-08 23:46:32 [main] DEBUG o.s.core.env.MutablePropertySources - Adding [configServerClient] PropertySource with lowest search precedence
2018-01-08 23:46:32 [main] DEBUG o.s.core.env.MutablePropertySources - Adding [applicationConfig: [classpath:/application.yml]] PropertySource with lowest search precedence
2018-01-08 23:46:32 [main] DEBUG o.s.core.env.MutablePropertySources - Adding [springCloudClientHostInfo] PropertySource with lowest search precedence
2018-01-08 23:46:32 [main] DEBUG o.s.core.env.MutablePropertySources - Adding [defaultProperties] PropertySource with lowest search precedence
2018-01-08 23:46:32 [main] DEBUG o.s.core.env.MutablePropertySources - Adding [Management Server] PropertySource with lowest search precedence
2018-01-08 23:46:32 [main] DEBUG o.s.core.env.MutablePropertySources - Adding [localProperties] PropertySource with lowest search precedence
2018-01-08 23:46:32 [main] DEBUG o.s.core.env.MutablePropertySources - Adding [decrypted] PropertySource with lowest search precedence
2018-01-08 23:46:32 [main] DEBUG o.s.core.env.MutablePropertySources - Adding [Inlined Test Properties] PropertySource with lowest search precedence
2018-01-08 23:46:32 [main] DEBUG o.s.core.env.MutablePropertySources - Adding [systemProperties] PropertySource with lowest search precedence
2018-01-08 23:46:32 [main] DEBUG o.s.core.env.MutablePropertySources - Adding [systemEnvironment] PropertySource with lowest search precedence
2018-01-08 23:46:32 [main] DEBUG o.s.core.env.MutablePropertySources - Adding [random] PropertySource with lowest search precedence
2018-01-08 23:46:32 [main] DEBUG o.s.core.env.MutablePropertySources - Adding [configServerClient] PropertySource with lowest search precedence
2018-01-08 23:46:32 [main] DEBUG o.s.core.env.MutablePropertySources - Adding [applicationConfig: [classpath:/application.yml]] PropertySource with lowest search precedence
2018-01-08 23:46:32 [main] DEBUG o.s.core.env.MutablePropertySources - Adding [springCloudClientHostInfo] PropertySource with lowest search precedence
2018-01-08 23:46:32 [main] DEBUG o.s.core.env.MutablePropertySources - Adding [defaultProperties] PropertySource with lowest search precedence
2018-01-08 23:46:32 [main] DEBUG o.s.core.env.MutablePropertySources - Adding [Management Server] PropertySource with lowest search precedence
2018-01-08 23:46:32 [main] DEBUG o.s.core.env.MutablePropertySources - Adding [localProperties] PropertySource with lowest search precedence
2018-01-08 23:46:32 [main] DEBUG o.s.b.f.s.DefaultListableBeanFactory - Returning cached instance of singleton bean 'dataSource'
2018-01-08 23:46:32 [main] DEBUG o.s.core.env.MutablePropertySources - Adding [decrypted] PropertySource with lowest search precedence
2018-01-08 23:46:32 [main] DEBUG o.s.core.env.MutablePropertySources - Adding [Inlined Test Properties] PropertySource with lowest search precedence
2018-01-08 23:46:32 [main] DEBUG o.s.core.env.MutablePropertySources - Adding [systemProperties] PropertySource with lowest search precedence
2018-01-08 23:46:32 [main] DEBUG o.s.core.env.MutablePropertySources - Adding [systemEnvironment] PropertySource with lowest search precedence
2018-01-08 23:46:32 [main] DEBUG o.s.core.env.MutablePropertySources - Adding [random] PropertySource with lowest search precedence
2018-01-08 23:46:32 [main] DEBUG o.s.core.env.MutablePropertySources - Adding [configServerClient] PropertySource with lowest search precedence
2018-01-08 23:46:32 [main] DEBUG o.s.core.env.MutablePropertySources - Adding [applicationConfig: [classpath:/application.yml]] PropertySource with lowest search precedence
2018-01-08 23:46:32 [main] DEBUG o.s.core.env.MutablePropertySources - Adding [springCloudClientHostInfo] PropertySource with lowest search precedence
2018-01-08 23:46:32 [main] DEBUG o.s.core.env.MutablePropertySources - Adding [defaultProperties] PropertySource with lowest search precedence
2018-01-08 23:46:32 [main] DEBUG o.s.core.env.MutablePropertySources - Adding [Management Server] PropertySource with lowest search precedence
2018-01-08 23:46:32 [main] DEBUG o.s.core.env.MutablePropertySources - Adding [localProperties] PropertySource with lowest search precedence
2018-01-08 23:46:32 [main] DEBUG o.s.core.env.MutablePropertySources - Adding [decrypted] PropertySource with lowest search precedence
2018-01-08 23:46:32 [main] DEBUG o.s.core.env.MutablePropertySources - Adding [Inlined Test Properties] PropertySource with lowest search precedence
2018-01-08 23:46:32 [main] DEBUG o.s.core.env.MutablePropertySources - Adding [systemProperties] PropertySource with lowest search precedence
2018-01-08 23:46:32 [main] DEBUG o.s.core.env.MutablePropertySources - Adding [systemEnvironment] PropertySource with lowest search precedence
2018-01-08 23:46:32 [main] DEBUG o.s.core.env.MutablePropertySources - Adding [random] PropertySource with lowest search precedence
2018-01-08 23:46:32 [main] DEBUG o.s.core.env.MutablePropertySources - Adding [configServerClient] PropertySource with lowest search precedence
2018-01-08 23:46:32 [main] DEBUG o.s.core.env.MutablePropertySources - Adding [applicationConfig: [classpath:/application.yml]] PropertySource with lowest search precedence
2018-01-08 23:46:32 [main] DEBUG o.s.core.env.MutablePropertySources - Adding [springCloudClientHostInfo] PropertySource with lowest search precedence
2018-01-08 23:46:32 [main] DEBUG o.s.core.env.MutablePropertySources - Adding [defaultProperties] PropertySource with lowest search precedence
2018-01-08 23:46:32 [main] DEBUG o.s.core.env.MutablePropertySources - Adding [Management Server] PropertySource with lowest search precedence
2018-01-08 23:46:32 [main] DEBUG o.s.core.env.MutablePropertySources - Adding [localProperties] PropertySource with lowest search precedence
2018-01-08 23:46:32 [main] DEBUG o.s.b.f.s.DefaultListableBeanFactory - Returning cached instance of singleton bean 'dataSourceInitializer'
2018-01-08 23:46:32 [main] DEBUG o.s.b.f.s.DefaultListableBeanFactory - Returning cached instance of singleton bean 'refreshEndpoint'
2018-01-08 23:46:32 [main] DEBUG o.s.core.env.MutablePropertySources - Adding [decrypted] PropertySource with lowest search precedence
2018-01-08 23:46:32 [main] DEBUG o.s.core.env.MutablePropertySources - Adding [Inlined Test Properties] PropertySource with lowest search precedence
2018-01-08 23:46:32 [main] DEBUG o.s.core.env.MutablePropertySources - Adding [systemProperties] PropertySource with lowest search precedence
2018-01-08 23:46:32 [main] DEBUG o.s.core.env.MutablePropertySources - Adding [systemEnvironment] PropertySource with lowest search precedence
2018-01-08 23:46:32 [main] DEBUG o.s.core.env.MutablePropertySources - Adding [random] PropertySource with lowest search precedence
2018-01-08 23:46:32 [main] DEBUG o.s.core.env.MutablePropertySources - Adding [configServerClient] PropertySource with lowest search precedence
2018-01-08 23:46:32 [main] DEBUG o.s.core.env.MutablePropertySources - Adding [applicationConfig: [classpath:/application.yml]] PropertySource with lowest search precedence
2018-01-08 23:46:32 [main] DEBUG o.s.core.env.MutablePropertySources - Adding [springCloudClientHostInfo] PropertySource with lowest search precedence
2018-01-08 23:46:32 [main] DEBUG o.s.core.env.MutablePropertySources - Adding [defaultProperties] PropertySource with lowest search precedence
2018-01-08 23:46:32 [main] DEBUG o.s.core.env.MutablePropertySources - Adding [Management Server] PropertySource with lowest search precedence
2018-01-08 23:46:32 [main] DEBUG o.s.core.env.MutablePropertySources - Adding [localProperties] PropertySource with lowest search precedence
2018-01-08 23:46:32 [main] DEBUG o.s.core.env.MutablePropertySources - Adding [decrypted] PropertySource with lowest search precedence
2018-01-08 23:46:32 [main] DEBUG o.s.core.env.MutablePropertySources - Adding [Inlined Test Properties] PropertySource with lowest search precedence
2018-01-08 23:46:32 [main] DEBUG o.s.core.env.MutablePropertySources - Adding [systemProperties] PropertySource with lowest search precedence
2018-01-08 23:46:32 [main] DEBUG o.s.core.env.MutablePropertySources - Adding [systemEnvironment] PropertySource with lowest search precedence
2018-01-08 23:46:32 [main] DEBUG o.s.core.env.MutablePropertySources - Adding [random] PropertySource with lowest search precedence
2018-01-08 23:46:32 [main] DEBUG o.s.core.env.MutablePropertySources - Adding [configServerClient] PropertySource with lowest search precedence
2018-01-08 23:46:32 [main] DEBUG o.s.core.env.MutablePropertySources - Adding [applicationConfig: [classpath:/application.yml]] PropertySource with lowest search precedence
2018-01-08 23:46:32 [main] DEBUG o.s.core.env.MutablePropertySources - Adding [springCloudClientHostInfo] PropertySource with lowest search precedence
2018-01-08 23:46:32 [main] DEBUG o.s.core.env.MutablePropertySources - Adding [defaultProperties] PropertySource with lowest search precedence
2018-01-08 23:46:32 [main] DEBUG o.s.core.env.MutablePropertySources - Adding [Management Server] PropertySource with lowest search precedence
2018-01-08 23:46:32 [main] DEBUG o.s.core.env.MutablePropertySources - Adding [localProperties] PropertySource with lowest search precedence
2018-01-08 23:46:32 [main] DEBUG o.s.b.f.s.DefaultListableBeanFactory - Returning cached instance of singleton bean 'spring.mvc-org.springframework.boot.autoconfigure.web.WebMvcProperties'
2018-01-08 23:46:32 [main] DEBUG o.s.core.env.MutablePropertySources - Adding [decrypted] PropertySource with lowest search precedence
2018-01-08 23:46:32 [main] DEBUG o.s.core.env.MutablePropertySources - Adding [Inlined Test Properties] PropertySource with lowest search precedence
2018-01-08 23:46:32 [main] DEBUG o.s.core.env.MutablePropertySources - Adding [systemProperties] PropertySource with lowest search precedence
2018-01-08 23:46:32 [main] DEBUG o.s.core.env.MutablePropertySources - Adding [systemEnvironment] PropertySource with lowest search precedence
2018-01-08 23:46:32 [main] DEBUG o.s.core.env.MutablePropertySources - Adding [random] PropertySource with lowest search precedence
2018-01-08 23:46:32 [main] DEBUG o.s.core.env.MutablePropertySources - Adding [configServerClient] PropertySource with lowest search precedence
2018-01-08 23:46:32 [main] DEBUG o.s.core.env.MutablePropertySources - Adding [applicationConfig: [classpath:/application.yml]] PropertySource with lowest search precedence
2018-01-08 23:46:32 [main] DEBUG o.s.core.env.MutablePropertySources - Adding [springCloudClientHostInfo] PropertySource with lowest search precedence
2018-01-08 23:46:32 [main] DEBUG o.s.core.env.MutablePropertySources - Adding [defaultProperties] PropertySource with lowest search precedence
2018-01-08 23:46:32 [main] DEBUG o.s.core.env.MutablePropertySources - Adding [Management Server] PropertySource with lowest search precedence
2018-01-08 23:46:32 [main] DEBUG o.s.core.env.MutablePropertySources - Adding [localProperties] PropertySource with lowest search precedence
2018-01-08 23:46:32 [main] DEBUG o.s.core.env.MutablePropertySources - Adding [decrypted] PropertySource with lowest search precedence
2018-01-08 23:46:32 [main] DEBUG o.s.core.env.MutablePropertySources - Adding [Inlined Test Properties] PropertySource with lowest search precedence
2018-01-08 23:46:32 [main] DEBUG o.s.core.env.MutablePropertySources - Adding [systemProperties] PropertySource with lowest search precedence
2018-01-08 23:46:32 [main] DEBUG o.s.core.env.MutablePropertySources - Adding [systemEnvironment] PropertySource with lowest search precedence
2018-01-08 23:46:32 [main] DEBUG o.s.core.env.MutablePropertySources - Adding [random] PropertySource with lowest search precedence
2018-01-08 23:46:32 [main] DEBUG o.s.core.env.MutablePropertySources - Adding [configServerClient] PropertySource with lowest search precedence
2018-01-08 23:46:32 [main] DEBUG o.s.core.env.MutablePropertySources - Adding [applicationConfig: [classpath:/application.yml]] PropertySource with lowest search precedence
2018-01-08 23:46:32 [main] DEBUG o.s.core.env.MutablePropertySources - Adding [springCloudClientHostInfo] PropertySource with lowest search precedence
2018-01-08 23:46:32 [main] DEBUG o.s.core.env.MutablePropertySources - Adding [defaultProperties] PropertySource with lowest search precedence
2018-01-08 23:46:32 [main] DEBUG o.s.core.env.MutablePropertySources - Adding [Management Server] PropertySource with lowest search precedence
2018-01-08 23:46:32 [main] DEBUG o.s.core.env.MutablePropertySources - Adding [localProperties] PropertySource with lowest search precedence
2018-01-08 23:46:32 [main] DEBUG o.s.b.f.s.DefaultListableBeanFactory - Returning cached instance of singleton bean 'diskSpaceHealthIndicatorProperties'
2018-01-08 23:46:32 [main] DEBUG o.s.core.env.MutablePropertySources - Adding [decrypted] PropertySource with lowest search precedence
2018-01-08 23:46:32 [main] DEBUG o.s.core.env.MutablePropertySources - Adding [Inlined Test Properties] PropertySource with lowest search precedence
2018-01-08 23:46:32 [main] DEBUG o.s.core.env.MutablePropertySources - Adding [systemProperties] PropertySource with lowest search precedence
2018-01-08 23:46:32 [main] DEBUG o.s.core.env.MutablePropertySources - Adding [systemEnvironment] PropertySource with lowest search precedence
2018-01-08 23:46:32 [main] DEBUG o.s.core.env.MutablePropertySources - Adding [random] PropertySource with lowest search precedence
2018-01-08 23:46:32 [main] DEBUG o.s.core.env.MutablePropertySources - Adding [configServerClient] PropertySource with lowest search precedence
2018-01-08 23:46:32 [main] DEBUG o.s.core.env.MutablePropertySources - Adding [applicationConfig: [classpath:/application.yml]] PropertySource with lowest search precedence
2018-01-08 23:46:32 [main] DEBUG o.s.core.env.MutablePropertySources - Adding [springCloudClientHostInfo] PropertySource with lowest search precedence
2018-01-08 23:46:32 [main] DEBUG o.s.core.env.MutablePropertySources - Adding [defaultProperties] PropertySource with lowest search precedence
2018-01-08 23:46:32 [main] DEBUG o.s.core.env.MutablePropertySources - Adding [Management Server] PropertySource with lowest search precedence
2018-01-08 23:46:32 [main] DEBUG o.s.core.env.MutablePropertySources - Adding [localProperties] PropertySource with lowest search precedence
2018-01-08 23:46:32 [main] DEBUG o.s.core.env.MutablePropertySources - Adding [decrypted] PropertySource with lowest search precedence
2018-01-08 23:46:32 [main] DEBUG o.s.core.env.MutablePropertySources - Adding [Inlined Test Properties] PropertySource with lowest search precedence
2018-01-08 23:46:32 [main] DEBUG o.s.core.env.MutablePropertySources - Adding [systemProperties] PropertySource with lowest search precedence
2018-01-08 23:46:32 [main] DEBUG o.s.core.env.MutablePropertySources - Adding [systemEnvironment] PropertySource with lowest search precedence
2018-01-08 23:46:32 [main] DEBUG o.s.core.env.MutablePropertySources - Adding [random] PropertySource with lowest search precedence
2018-01-08 23:46:32 [main] DEBUG o.s.core.env.MutablePropertySources - Adding [configServerClient] PropertySource with lowest search precedence
2018-01-08 23:46:32 [main] DEBUG o.s.core.env.MutablePropertySources - Adding [applicationConfig: [classpath:/application.yml]] PropertySource with lowest search precedence
2018-01-08 23:46:32 [main] DEBUG o.s.core.env.MutablePropertySources - Adding [springCloudClientHostInfo] PropertySource with lowest search precedence
2018-01-08 23:46:32 [main] DEBUG o.s.core.env.MutablePropertySources - Adding [defaultProperties] PropertySource with lowest search precedence
2018-01-08 23:46:32 [main] DEBUG o.s.core.env.MutablePropertySources - Adding [Management Server] PropertySource with lowest search precedence
2018-01-08 23:46:32 [main] DEBUG o.s.core.env.MutablePropertySources - Adding [localProperties] PropertySource with lowest search precedence
2018-01-08 23:46:32 [main] DEBUG o.s.b.f.s.DefaultListableBeanFactory - Returning cached instance of singleton bean 'configClientProperties'
2018-01-08 23:46:32 [main] DEBUG o.s.core.env.MutablePropertySources - Adding [decrypted] PropertySource with lowest search precedence
2018-01-08 23:46:32 [main] DEBUG o.s.core.env.MutablePropertySources - Adding [Inlined Test Properties] PropertySource with lowest search precedence
2018-01-08 23:46:32 [main] DEBUG o.s.core.env.MutablePropertySources - Adding [systemProperties] PropertySource with lowest search precedence
2018-01-08 23:46:32 [main] DEBUG o.s.core.env.MutablePropertySources - Adding [systemEnvironment] PropertySource with lowest search precedence
2018-01-08 23:46:32 [main] DEBUG o.s.core.env.MutablePropertySources - Adding [random] PropertySource with lowest search precedence
2018-01-08 23:46:32 [main] DEBUG o.s.core.env.MutablePropertySources - Adding [configServerClient] PropertySource with lowest search precedence
2018-01-08 23:46:32 [main] DEBUG o.s.core.env.MutablePropertySources - Adding [defaultProperties] PropertySource with lowest search precedence
2018-01-08 23:46:32 [main] DEBUG o.s.core.env.MutablePropertySources - Adding [localProperties] PropertySource with lowest search precedence
2018-01-08 23:46:32 [main] DEBUG o.s.core.env.MutablePropertySources - Adding [decrypted] PropertySource with lowest search precedence
2018-01-08 23:46:32 [main] DEBUG o.s.core.env.MutablePropertySources - Adding [Inlined Test Properties] PropertySource with lowest search precedence
2018-01-08 23:46:32 [main] DEBUG o.s.core.env.MutablePropertySources - Adding [systemProperties] PropertySource with lowest search precedence
2018-01-08 23:46:32 [main] DEBUG o.s.core.env.MutablePropertySources - Adding [systemEnvironment] PropertySource with lowest search precedence
2018-01-08 23:46:32 [main] DEBUG o.s.core.env.MutablePropertySources - Adding [random] PropertySource with lowest search precedence
2018-01-08 23:46:32 [main] DEBUG o.s.core.env.MutablePropertySources - Adding [configServerClient] PropertySource with lowest search precedence
2018-01-08 23:46:32 [main] DEBUG o.s.core.env.MutablePropertySources - Adding [defaultProperties] PropertySource with lowest search precedence
2018-01-08 23:46:32 [main] DEBUG o.s.core.env.MutablePropertySources - Adding [localProperties] PropertySource with lowest search precedence
2018-01-08 23:46:32 [main] DEBUG o.s.c.e.PropertySourcesPropertyResolver - Found key 'spring.cloud.config.enabled' in [configServerClient] with type [String]
2018-01-08 23:46:32 [main] DEBUG o.s.core.env.MutablePropertySources - Adding [decrypted] PropertySource with lowest search precedence
2018-01-08 23:46:32 [main] DEBUG o.s.core.env.MutablePropertySources - Adding [Inlined Test Properties] PropertySource with lowest search precedence
2018-01-08 23:46:32 [main] DEBUG o.s.core.env.MutablePropertySources - Adding [systemProperties] PropertySource with lowest search precedence
2018-01-08 23:46:32 [main] DEBUG o.s.core.env.MutablePropertySources - Adding [systemEnvironment] PropertySource with lowest search precedence
2018-01-08 23:46:32 [main] DEBUG o.s.core.env.MutablePropertySources - Adding [random] PropertySource with lowest search precedence
2018-01-08 23:46:32 [main] DEBUG o.s.core.env.MutablePropertySources - Adding [configServerClient] PropertySource with lowest search precedence
2018-01-08 23:46:32 [main] DEBUG o.s.core.env.MutablePropertySources - Adding [defaultProperties] PropertySource with lowest search precedence
2018-01-08 23:46:32 [main] DEBUG o.s.core.env.MutablePropertySources - Adding [localProperties] PropertySource with lowest search precedence
2018-01-08 23:46:32 [main] DEBUG o.s.core.env.MutablePropertySources - Adding [decrypted] PropertySource with lowest search precedence
2018-01-08 23:46:32 [main] DEBUG o.s.core.env.MutablePropertySources - Adding [Inlined Test Properties] PropertySource with lowest search precedence
2018-01-08 23:46:32 [main] DEBUG o.s.core.env.MutablePropertySources - Adding [systemProperties] PropertySource with lowest search precedence
2018-01-08 23:46:32 [main] DEBUG o.s.core.env.MutablePropertySources - Adding [systemEnvironment] PropertySource with lowest search precedence
2018-01-08 23:46:32 [main] DEBUG o.s.core.env.MutablePropertySources - Adding [random] PropertySource with lowest search precedence
2018-01-08 23:46:32 [main] DEBUG o.s.core.env.MutablePropertySources - Adding [configServerClient] PropertySource with lowest search precedence
2018-01-08 23:46:32 [main] DEBUG o.s.core.env.MutablePropertySources - Adding [defaultProperties] PropertySource with lowest search precedence
2018-01-08 23:46:32 [main] DEBUG o.s.core.env.MutablePropertySources - Adding [localProperties] PropertySource with lowest search precedence
2018-01-08 23:46:32 [main] DEBUG o.s.c.e.PropertySourcesPropertyResolver - Found key 'spring.cloud.config.enabled' in [configServerClient] with type [String]
2018-01-08 23:46:32 [main] DEBUG o.s.b.f.s.DefaultListableBeanFactory - Returning cached instance of singleton bean 'spring.cloud.config-org.springframework.cloud.bootstrap.config.PropertySourceBootstrapProperties'
2018-01-08 23:46:32 [main] DEBUG o.s.core.env.MutablePropertySources - Adding [decrypted] PropertySource with lowest search precedence
2018-01-08 23:46:32 [main] DEBUG o.s.core.env.MutablePropertySources - Adding [Inlined Test Properties] PropertySource with lowest search precedence
2018-01-08 23:46:32 [main] DEBUG o.s.core.env.MutablePropertySources - Adding [systemProperties] PropertySource with lowest search precedence
2018-01-08 23:46:32 [main] DEBUG o.s.core.env.MutablePropertySources - Adding [systemEnvironment] PropertySource with lowest search precedence
2018-01-08 23:46:32 [main] DEBUG o.s.core.env.MutablePropertySources - Adding [random] PropertySource with lowest search precedence
2018-01-08 23:46:32 [main] DEBUG o.s.core.env.MutablePropertySources - Adding [configServerClient] PropertySource with lowest search precedence
2018-01-08 23:46:32 [main] DEBUG o.s.core.env.MutablePropertySources - Adding [defaultProperties] PropertySource with lowest search precedence
2018-01-08 23:46:32 [main] DEBUG o.s.core.env.MutablePropertySources - Adding [localProperties] PropertySource with lowest search precedence
2018-01-08 23:46:32 [main] DEBUG o.s.core.env.MutablePropertySources - Adding [decrypted] PropertySource with lowest search precedence
2018-01-08 23:46:32 [main] DEBUG o.s.core.env.MutablePropertySources - Adding [Inlined Test Properties] PropertySource with lowest search precedence
2018-01-08 23:46:32 [main] DEBUG o.s.core.env.MutablePropertySources - Adding [systemProperties] PropertySource with lowest search precedence
2018-01-08 23:46:32 [main] DEBUG o.s.core.env.MutablePropertySources - Adding [systemEnvironment] PropertySource with lowest search precedence
2018-01-08 23:46:32 [main] DEBUG o.s.core.env.MutablePropertySources - Adding [random] PropertySource with lowest search precedence
2018-01-08 23:46:32 [main] DEBUG o.s.core.env.MutablePropertySources - Adding [configServerClient] PropertySource with lowest search precedence
2018-01-08 23:46:32 [main] DEBUG o.s.core.env.MutablePropertySources - Adding [defaultProperties] PropertySource with lowest search precedence
2018-01-08 23:46:32 [main] DEBUG o.s.core.env.MutablePropertySources - Adding [localProperties] PropertySource with lowest search precedence
2018-01-08 23:46:32 [main] DEBUG o.s.b.f.s.DefaultListableBeanFactory - Returning cached instance of singleton bean 'encrypt-org.springframework.cloud.bootstrap.encrypt.KeyProperties'
2018-01-08 23:46:32 [main] DEBUG o.s.core.env.MutablePropertySources - Adding [decrypted] PropertySource with lowest search precedence
2018-01-08 23:46:32 [main] DEBUG o.s.core.env.MutablePropertySources - Adding [Inlined Test Properties] PropertySource with lowest search precedence
2018-01-08 23:46:32 [main] DEBUG o.s.core.env.MutablePropertySources - Adding [systemProperties] PropertySource with lowest search precedence
2018-01-08 23:46:32 [main] DEBUG o.s.core.env.MutablePropertySources - Adding [systemEnvironment] PropertySource with lowest search precedence
2018-01-08 23:46:32 [main] DEBUG o.s.core.env.MutablePropertySources - Adding [random] PropertySource with lowest search precedence
2018-01-08 23:46:32 [main] DEBUG o.s.core.env.MutablePropertySources - Adding [configServerClient] PropertySource with lowest search precedence
2018-01-08 23:46:32 [main] DEBUG o.s.core.env.MutablePropertySources - Adding [defaultProperties] PropertySource with lowest search precedence
2018-01-08 23:46:32 [main] DEBUG o.s.core.env.MutablePropertySources - Adding [localProperties] PropertySource with lowest search precedence
2018-01-08 23:46:32 [main] DEBUG o.s.core.env.MutablePropertySources - Adding [decrypted] PropertySource with lowest search precedence
2018-01-08 23:46:32 [main] DEBUG o.s.core.env.MutablePropertySources - Adding [Inlined Test Properties] PropertySource with lowest search precedence
2018-01-08 23:46:32 [main] DEBUG o.s.core.env.MutablePropertySources - Adding [systemProperties] PropertySource with lowest search precedence
2018-01-08 23:46:32 [main] DEBUG o.s.core.env.MutablePropertySources - Adding [systemEnvironment] PropertySource with lowest search precedence
2018-01-08 23:46:32 [main] DEBUG o.s.core.env.MutablePropertySources - Adding [random] PropertySource with lowest search precedence
2018-01-08 23:46:32 [main] DEBUG o.s.core.env.MutablePropertySources - Adding [configServerClient] PropertySource with lowest search precedence
2018-01-08 23:46:32 [main] DEBUG o.s.core.env.MutablePropertySources - Adding [defaultProperties] PropertySource with lowest search precedence
2018-01-08 23:46:32 [main] DEBUG o.s.core.env.MutablePropertySources - Adding [localProperties] PropertySource with lowest search precedence
2018-01-08 23:46:32 [main] DEBUG o.s.c.e.PropertySourcesPropertyResolver - Found key 'ENCRYPT_KEY' in [systemProperties] with type [String]
2018-01-08 23:46:32 [main] DEBUG o.s.core.env.MutablePropertySources - Adding [decrypted] PropertySource with lowest search precedence
2018-01-08 23:46:32 [main] DEBUG o.s.core.env.MutablePropertySources - Adding [Inlined Test Properties] PropertySource with lowest search precedence
2018-01-08 23:46:32 [main] DEBUG o.s.core.env.MutablePropertySources - Adding [systemProperties] PropertySource with lowest search precedence
2018-01-08 23:46:32 [main] DEBUG o.s.core.env.MutablePropertySources - Adding [systemEnvironment] PropertySource with lowest search precedence
2018-01-08 23:46:32 [main] DEBUG o.s.core.env.MutablePropertySources - Adding [random] PropertySource with lowest search precedence
2018-01-08 23:46:32 [main] DEBUG o.s.core.env.MutablePropertySources - Adding [configServerClient] PropertySource with lowest search precedence
2018-01-08 23:46:32 [main] DEBUG o.s.core.env.MutablePropertySources - Adding [defaultProperties] PropertySource with lowest search precedence
2018-01-08 23:46:32 [main] DEBUG o.s.core.env.MutablePropertySources - Adding [localProperties] PropertySource with lowest search precedence
2018-01-08 23:46:32 [main] DEBUG o.s.core.env.MutablePropertySources - Adding [decrypted] PropertySource with lowest search precedence
2018-01-08 23:46:32 [main] DEBUG o.s.core.env.MutablePropertySources - Adding [Inlined Test Properties] PropertySource with lowest search precedence
2018-01-08 23:46:32 [main] DEBUG o.s.core.env.MutablePropertySources - Adding [systemProperties] PropertySource with lowest search precedence
2018-01-08 23:46:32 [main] DEBUG o.s.core.env.MutablePropertySources - Adding [systemEnvironment] PropertySource with lowest search precedence
2018-01-08 23:46:32 [main] DEBUG o.s.core.env.MutablePropertySources - Adding [random] PropertySource with lowest search precedence
2018-01-08 23:46:32 [main] DEBUG o.s.core.env.MutablePropertySources - Adding [configServerClient] PropertySource with lowest search precedence
2018-01-08 23:46:32 [main] DEBUG o.s.core.env.MutablePropertySources - Adding [defaultProperties] PropertySource with lowest search precedence
2018-01-08 23:46:32 [main] DEBUG o.s.core.env.MutablePropertySources - Adding [localProperties] PropertySource with lowest search precedence
2018-01-08 23:46:32 [main] DEBUG o.s.c.e.PropertySourcesPropertyResolver - Found key 'ENCRYPT_KEY' in [systemProperties] with type [String]
2018-01-08 23:46:32 [main] DEBUG o.s.b.c.e.AnnotationConfigEmbeddedWebApplicationContext - Unable to locate LifecycleProcessor with name 'lifecycleProcessor': using default [org.springframework.context.support.DefaultLifecycleProcessor@1eeb5818]
2018-01-08 23:46:32 [main] DEBUG o.s.b.f.s.DefaultListableBeanFactory - Returning cached instance of singleton bean 'lifecycleProcessor'
2018-01-08 23:46:32 [main] DEBUG o.s.b.f.s.DefaultListableBeanFactory - Returning cached instance of singleton bean 'org.springframework.boot.autoconfigure.internalCachingMetadataReaderFactory'
2018-01-08 23:46:32 [main] DEBUG o.s.b.f.s.DefaultListableBeanFactory - Returning cached instance of singleton bean 'org.springframework.boot.context.properties.ConfigurationPropertiesBindingPostProcessor'
2018-01-08 23:46:32 [main] DEBUG o.s.b.f.s.DefaultListableBeanFactory - Returning cached instance of singleton bean 'mvcResourceUrlProvider'
2018-01-08 23:46:32 [main] DEBUG o.s.b.f.s.DefaultListableBeanFactory - Returning cached instance of singleton bean 'org.springframework.context.annotation.internalScheduledAnnotationProcessor'
2018-01-08 23:46:32 [main] DEBUG o.s.b.f.s.DefaultListableBeanFactory - Returning cached instance of singleton bean 'org.springframework.cloud.client.discovery.noop.NoopDiscoveryClientAutoConfiguration'
2018-01-08 23:46:32 [main] DEBUG o.s.b.f.s.DefaultListableBeanFactory - Returning cached instance of singleton bean 'restartEndpoint'
2018-01-08 23:46:32 [main] DEBUG o.s.b.f.s.DefaultListableBeanFactory - Returning cached instance of singleton bean 'refreshScope'
2018-01-08 23:46:32 [main] DEBUG o.s.b.a.l.AutoConfigurationReportLoggingInitializer - 


=========================
AUTO-CONFIGURATION REPORT
=========================


Positive matches:
-----------------

   AuditAutoConfiguration#auditListener matched
      - @ConditionalOnMissingBean (types: org.springframework.boot.actuate.audit.listener.AbstractAuditListener; SearchStrategy: all) did not find any beans (OnBeanCondition)

   AuditAutoConfiguration.AuditEventRepositoryConfiguration matched
      - @ConditionalOnMissingBean (types: org.springframework.boot.actuate.audit.AuditEventRepository; SearchStrategy: all) did not find any beans (OnBeanCondition)

   ConfigServerAutoConfiguration matched
      - @ConditionalOnBean (types: org.springframework.cloud.config.server.config.ConfigServerConfiguration$Marker; SearchStrategy: all) found bean 'enableConfigServerMarker' (OnBeanCondition)

   ConfigServerMvcConfiguration matched
      - @ConditionalOnWebApplication (required) found WebApplicationContext (OnWebApplicationCondition)

   ConfigServerMvcConfiguration#resourceController matched
      - @ConditionalOnBean (types: org.springframework.cloud.config.server.resource.ResourceRepository; SearchStrategy: all) found bean 'resourceRepository' (OnBeanCondition)

   ConfigurationPropertiesRebinderAutoConfiguration matched
      - @ConditionalOnBean (types: org.springframework.boot.context.properties.ConfigurationPropertiesBindingPostProcessor; SearchStrategy: all) found bean 'org.springframework.boot.context.properties.ConfigurationPropertiesBindingPostProcessor' (OnBeanCondition)

   ConfigurationPropertiesRebinderAutoConfiguration#configurationPropertiesBeans matched
      - @ConditionalOnMissingBean (types: org.springframework.cloud.context.properties.ConfigurationPropertiesBeans; SearchStrategy: current) did not find any beans (OnBeanCondition)

   ConfigurationPropertiesRebinderAutoConfiguration#configurationPropertiesRebinder matched
      - @ConditionalOnMissingBean (types: org.springframework.cloud.context.properties.ConfigurationPropertiesRebinder; SearchStrategy: current) did not find any beans (OnBeanCondition)

   DataSourceAutoConfiguration matched
      - @ConditionalOnClass found required classes 'javax.sql.DataSource', 'org.springframework.jdbc.datasource.embedded.EmbeddedDatabaseType' (OnClassCondition)

   DataSourceAutoConfiguration#dataSourceInitializer matched
      - @ConditionalOnMissingBean (types: org.springframework.boot.autoconfigure.jdbc.DataSourceInitializer; SearchStrategy: all) did not find any beans (OnBeanCondition)

   DataSourceAutoConfiguration.PooledDataSourceConfiguration matched
      - AnyNestedCondition 1 matched 1 did not; NestedCondition on DataSourceAutoConfiguration.PooledDataSourceCondition.PooledDataSourceAvailable PooledDataSource found supported DataSource; NestedCondition on DataSourceAutoConfiguration.PooledDataSourceCondition.ExplicitType @ConditionalOnProperty (spring.datasource.type) did not find property 'type' (DataSourceAutoConfiguration.PooledDataSourceCondition)
      - @ConditionalOnMissingBean (types: javax.sql.DataSource,javax.sql.XADataSource; SearchStrategy: all) did not find any beans (OnBeanCondition)

   DataSourceConfiguration.Tomcat matched
      - @ConditionalOnClass found required class 'org.apache.tomcat.jdbc.pool.DataSource' (OnClassCondition)
      - @ConditionalOnProperty (spring.datasource.type=org.apache.tomcat.jdbc.pool.DataSource) matched (OnPropertyCondition)

   DataSourcePoolMetadataProvidersConfiguration.TomcatDataSourcePoolMetadataProviderConfiguration matched
      - @ConditionalOnClass found required class 'org.apache.tomcat.jdbc.pool.DataSource' (OnClassCondition)

   DataSourceTransactionManagerAutoConfiguration matched
      - @ConditionalOnClass found required classes 'org.springframework.jdbc.core.JdbcTemplate', 'org.springframework.transaction.PlatformTransactionManager' (OnClassCondition)

   DataSourceTransactionManagerAutoConfiguration.DataSourceTransactionManagerConfiguration matched
      - @ConditionalOnSingleCandidate (types: javax.sql.DataSource; SearchStrategy: all) found a primary bean from beans 'dataSource' (OnBeanCondition)

   DataSourceTransactionManagerAutoConfiguration.DataSourceTransactionManagerConfiguration#transactionManager matched
      - @ConditionalOnMissingBean (types: org.springframework.transaction.PlatformTransactionManager; SearchStrategy: all) did not find any beans (OnBeanCondition)

   DataSourceTransactionManagerAutoConfiguration.TransactionManagementConfiguration matched
      - @ConditionalOnMissingBean (types: org.springframework.transaction.annotation.AbstractTransactionManagementConfiguration; SearchStrategy: all) did not find any beans (OnBeanCondition)

   DispatcherServletAutoConfiguration matched
      - @ConditionalOnClass found required class 'org.springframework.web.servlet.DispatcherServlet' (OnClassCondition)
      - @ConditionalOnWebApplication (required) found WebApplicationContext (OnWebApplicationCondition)

   DispatcherServletAutoConfiguration.DispatcherServletConfiguration matched
      - @ConditionalOnClass found required class 'javax.servlet.ServletRegistration' (OnClassCondition)
      - Default DispatcherServlet did not find dispatcher servlet beans (DispatcherServletAutoConfiguration.DefaultDispatcherServletCondition)

   DispatcherServletAutoConfiguration.DispatcherServletRegistrationConfiguration matched
      - @ConditionalOnClass found required class 'javax.servlet.ServletRegistration' (OnClassCondition)
      - DispatcherServlet Registration did not find servlet registration bean (DispatcherServletAutoConfiguration.DispatcherServletRegistrationCondition)

   DispatcherServletAutoConfiguration.DispatcherServletRegistrationConfiguration#dispatcherServletRegistration matched
      - @ConditionalOnBean (names: dispatcherServlet; types: org.springframework.web.servlet.DispatcherServlet; SearchStrategy: all) found beans 'dispatcherServlet', 'dispatcherServlet' (OnBeanCondition)

   EmbeddedServletContainerAutoConfiguration matched
      - @ConditionalOnWebApplication (required) found WebApplicationContext (OnWebApplicationCondition)

   EmbeddedServletContainerAutoConfiguration.EmbeddedTomcat matched
      - @ConditionalOnClass found required classes 'javax.servlet.Servlet', 'org.apache.catalina.startup.Tomcat' (OnClassCondition)
      - @ConditionalOnMissingBean (types: org.springframework.boot.context.embedded.EmbeddedServletContainerFactory; SearchStrategy: current) did not find any beans (OnBeanCondition)

   EndpointAutoConfiguration#autoConfigurationReportEndpoint matched
      - @ConditionalOnBean (types: org.springframework.boot.autoconfigure.condition.ConditionEvaluationReport; SearchStrategy: all) found bean 'autoConfigurationReport'; @ConditionalOnMissingBean (types: org.springframework.boot.actuate.endpoint.AutoConfigurationReportEndpoint; SearchStrategy: current) did not find any beans (OnBeanCondition)

   EndpointAutoConfiguration#beansEndpoint matched
      - @ConditionalOnMissingBean (types: org.springframework.boot.actuate.endpoint.BeansEndpoint; SearchStrategy: all) did not find any beans (OnBeanCondition)

   EndpointAutoConfiguration#configurationPropertiesReportEndpoint matched
      - @ConditionalOnMissingBean (types: org.springframework.boot.actuate.endpoint.ConfigurationPropertiesReportEndpoint; SearchStrategy: all) did not find any beans (OnBeanCondition)

   EndpointAutoConfiguration#dumpEndpoint matched
      - @ConditionalOnMissingBean (types: org.springframework.boot.actuate.endpoint.DumpEndpoint; SearchStrategy: all) did not find any beans (OnBeanCondition)

   EndpointAutoConfiguration#environmentEndpoint matched
      - @ConditionalOnMissingBean (types: org.springframework.boot.actuate.endpoint.EnvironmentEndpoint; SearchStrategy: all) did not find any beans (OnBeanCondition)

   EndpointAutoConfiguration#healthEndpoint matched
      - @ConditionalOnMissingBean (types: org.springframework.boot.actuate.endpoint.HealthEndpoint; SearchStrategy: all) did not find any beans (OnBeanCondition)

   EndpointAutoConfiguration#infoEndpoint matched
      - @ConditionalOnMissingBean (types: org.springframework.boot.actuate.endpoint.InfoEndpoint; SearchStrategy: all) did not find any beans (OnBeanCondition)

   EndpointAutoConfiguration#metricsEndpoint matched
      - @ConditionalOnMissingBean (types: org.springframework.boot.actuate.endpoint.MetricsEndpoint; SearchStrategy: all) did not find any beans (OnBeanCondition)

   EndpointAutoConfiguration#shutdownEndpoint matched
      - @ConditionalOnMissingBean (types: org.springframework.boot.actuate.endpoint.ShutdownEndpoint; SearchStrategy: all) did not find any beans (OnBeanCondition)

   EndpointAutoConfiguration#traceEndpoint matched
      - @ConditionalOnMissingBean (types: org.springframework.boot.actuate.endpoint.TraceEndpoint; SearchStrategy: all) did not find any beans (OnBeanCondition)

   EndpointAutoConfiguration.RequestMappingEndpointConfiguration matched
      - @ConditionalOnClass found required class 'org.springframework.web.servlet.handler.AbstractHandlerMethodMapping' (OnClassCondition)

   EndpointAutoConfiguration.RequestMappingEndpointConfiguration#requestMappingEndpoint matched
      - @ConditionalOnMissingBean (types: org.springframework.boot.actuate.endpoint.RequestMappingEndpoint; SearchStrategy: all) did not find any beans (OnBeanCondition)

   EndpointWebMvcAutoConfiguration matched
      - @ConditionalOnClass found required classes 'javax.servlet.Servlet', 'org.springframework.web.servlet.DispatcherServlet' (OnClassCondition)
      - @ConditionalOnWebApplication (required) found WebApplicationContext (OnWebApplicationCondition)

   EndpointWebMvcAutoConfiguration.ApplicationContextFilterConfiguration matched
      - @ConditionalOnProperty (management.add-application-context-header=true) matched (OnPropertyCondition)

   EndpointWebMvcAutoConfiguration.EndpointWebMvcConfiguration matched
      - Management Server MVC port is same (EndpointWebMvcAutoConfiguration.OnManagementMvcCondition)

   EndpointWebMvcManagementContextConfiguration#endpointHandlerMapping matched
      - @ConditionalOnMissingBean (types: org.springframework.boot.actuate.endpoint.mvc.EndpointHandlerMapping; SearchStrategy: all) did not find any beans (OnBeanCondition)

   EndpointWebMvcManagementContextConfiguration#environmentMvcEndpoint matched
      - @ConditionalOnBean (types: org.springframework.boot.actuate.endpoint.EnvironmentEndpoint; SearchStrategy: all) found bean 'environmentEndpoint' (OnBeanCondition)
      - @ConditionalOnEnabledEndpoint All endpoints are enabled by default (OnEnabledEndpointCondition)

   EndpointWebMvcManagementContextConfiguration#healthMvcEndpoint matched
      - @ConditionalOnBean (types: org.springframework.boot.actuate.endpoint.HealthEndpoint; SearchStrategy: all) found bean 'healthEndpoint' (OnBeanCondition)
      - @ConditionalOnEnabledEndpoint All endpoints are enabled by default (OnEnabledEndpointCondition)

   EndpointWebMvcManagementContextConfiguration#heapdumpMvcEndpoint matched
      - @ConditionalOnMissingBean (types: org.springframework.boot.actuate.endpoint.mvc.HeapdumpMvcEndpoint; SearchStrategy: all) did not find any beans (OnBeanCondition)
      - @ConditionalOnEnabledEndpoint All endpoints are enabled by default (OnEnabledEndpointCondition)

   EndpointWebMvcManagementContextConfiguration#metricsMvcEndpoint matched
      - @ConditionalOnBean (types: org.springframework.boot.actuate.endpoint.MetricsEndpoint; SearchStrategy: all) found bean 'metricsEndpoint' (OnBeanCondition)
      - @ConditionalOnEnabledEndpoint All endpoints are enabled by default (OnEnabledEndpointCondition)

   EndpointWebMvcManagementContextConfiguration#mvcEndpoints matched
      - @ConditionalOnMissingBean (types: org.springframework.boot.actuate.endpoint.mvc.MvcEndpoints; SearchStrategy: all) did not find any beans (OnBeanCondition)

   EnvironmentRepositoryConfiguration matched
      - @ConditionalOnMissingBean (types: org.springframework.cloud.config.server.environment.EnvironmentRepository; SearchStrategy: all) did not find any beans (OnBeanCondition)

   EnvironmentRepositoryConfiguration#configServerHealthIndicator matched
      - @ConditionalOnProperty (spring.cloud.config.server.health.enabled) matched (OnPropertyCondition)

   EnvironmentRepositoryConfiguration.DefaultEnvironmentWatch matched
      - @ConditionalOnMissingBean (types: org.springframework.cloud.config.server.environment.EnvironmentWatch; SearchStrategy: all) did not find any beans (OnBeanCondition)

   EnvironmentRepositoryConfiguration.GitRepositoryConfiguration matched
      - @ConditionalOnMissingBean (types: org.springframework.cloud.config.server.environment.EnvironmentRepository; SearchStrategy: all) did not find any beans (OnBeanCondition)

   ErrorMvcAutoConfiguration matched
      - @ConditionalOnClass found required classes 'javax.servlet.Servlet', 'org.springframework.web.servlet.DispatcherServlet' (OnClassCondition)
      - @ConditionalOnWebApplication (required) found WebApplicationContext (OnWebApplicationCondition)

   ErrorMvcAutoConfiguration#basicErrorController matched
      - @ConditionalOnMissingBean (types: org.springframework.boot.autoconfigure.web.ErrorController; SearchStrategy: current) did not find any beans (OnBeanCondition)

   ErrorMvcAutoConfiguration#conventionErrorViewResolver matched
      - @ConditionalOnBean (types: org.springframework.web.servlet.DispatcherServlet; SearchStrategy: all) found bean 'dispatcherServlet'; @ConditionalOnMissingBean (types: org.springframework.boot.autoconfigure.web.DefaultErrorViewResolver; SearchStrategy: all) did not find any beans (OnBeanCondition)

   ErrorMvcAutoConfiguration#errorAttributes matched
      - @ConditionalOnMissingBean (types: org.springframework.boot.autoconfigure.web.ErrorAttributes; SearchStrategy: current) did not find any beans (OnBeanCondition)

   ErrorMvcAutoConfiguration.WhitelabelErrorViewConfiguration matched
      - ErrorTemplate Missing did not find error template view (ErrorMvcAutoConfiguration.ErrorTemplateMissingCondition)
      - @ConditionalOnProperty (server.error.whitelabel.enabled) matched (OnPropertyCondition)

   ErrorMvcAutoConfiguration.WhitelabelErrorViewConfiguration#beanNameViewResolver matched
      - @ConditionalOnMissingBean (types: org.springframework.web.servlet.view.BeanNameViewResolver; SearchStrategy: all) did not find any beans (OnBeanCondition)

   ErrorMvcAutoConfiguration.WhitelabelErrorViewConfiguration#defaultErrorView matched
      - @ConditionalOnMissingBean (names: error; SearchStrategy: all) did not find any beans (OnBeanCondition)

   GenericCacheConfiguration matched
      - Cache org.springframework.boot.autoconfigure.cache.GenericCacheConfiguration automatic cache type (CacheCondition)

   HealthIndicatorAutoConfiguration#healthAggregator matched
      - @ConditionalOnMissingBean (types: org.springframework.boot.actuate.health.HealthAggregator; SearchStrategy: all) did not find any beans (OnBeanCondition)

   HealthIndicatorAutoConfiguration.DataSourcesHealthIndicatorConfiguration matched
      - @ConditionalOnClass found required class 'org.springframework.jdbc.core.JdbcTemplate' (OnClassCondition)
      - @ConditionalOnEnabledHealthIndicator management.health.defaults.enabled is considered true (OnEnabledHealthIndicatorCondition)
      - @ConditionalOnBean (types: javax.sql.DataSource; SearchStrategy: all) found bean 'dataSource' (OnBeanCondition)

   HealthIndicatorAutoConfiguration.DataSourcesHealthIndicatorConfiguration#dbHealthIndicator matched
      - @ConditionalOnMissingBean (names: dbHealthIndicator; SearchStrategy: all) did not find any beans (OnBeanCondition)

   HealthIndicatorAutoConfiguration.DiskSpaceHealthIndicatorConfiguration matched
      - @ConditionalOnEnabledHealthIndicator management.health.defaults.enabled is considered true (OnEnabledHealthIndicatorCondition)

   HealthIndicatorAutoConfiguration.DiskSpaceHealthIndicatorConfiguration#diskSpaceHealthIndicator matched
      - @ConditionalOnMissingBean (names: diskSpaceHealthIndicator; SearchStrategy: all) did not find any beans (OnBeanCondition)

   HttpEncodingAutoConfiguration matched
      - @ConditionalOnClass found required class 'org.springframework.web.filter.CharacterEncodingFilter' (OnClassCondition)
      - @ConditionalOnWebApplication (required) found WebApplicationContext (OnWebApplicationCondition)
      - @ConditionalOnProperty (spring.http.encoding.enabled) matched (OnPropertyCondition)

   HttpEncodingAutoConfiguration#characterEncodingFilter matched
      - @ConditionalOnMissingBean (types: org.springframework.web.filter.CharacterEncodingFilter; SearchStrategy: all) did not find any beans (OnBeanCondition)

   HttpMessageConvertersAutoConfiguration matched
      - @ConditionalOnClass found required class 'org.springframework.http.converter.HttpMessageConverter' (OnClassCondition)

   HttpMessageConvertersAutoConfiguration#messageConverters matched
      - @ConditionalOnMissingBean (types: org.springframework.boot.autoconfigure.web.HttpMessageConverters; SearchStrategy: all) did not find any beans (OnBeanCondition)

   HttpMessageConvertersAutoConfiguration.StringHttpMessageConverterConfiguration matched
      - @ConditionalOnClass found required class 'org.springframework.http.converter.StringHttpMessageConverter' (OnClassCondition)

   HttpMessageConvertersAutoConfiguration.StringHttpMessageConverterConfiguration#stringHttpMessageConverter matched
      - @ConditionalOnMissingBean (types: org.springframework.http.converter.StringHttpMessageConverter; SearchStrategy: all) did not find any beans (OnBeanCondition)

   InfoContributorAutoConfiguration#envInfoContributor matched
      - @ConditionalOnEnabledInfoContributor management.info.defaults.enabled is considered true (OnEnabledInfoContributorCondition)

   JacksonAutoConfiguration matched
      - @ConditionalOnClass found required class 'com.fasterxml.jackson.databind.ObjectMapper' (OnClassCondition)

   JacksonAutoConfiguration.Jackson2ObjectMapperBuilderCustomizerConfiguration matched
      - @ConditionalOnClass found required classes 'com.fasterxml.jackson.databind.ObjectMapper', 'org.springframework.http.converter.json.Jackson2ObjectMapperBuilder' (OnClassCondition)

   JacksonAutoConfiguration.JacksonObjectMapperBuilderConfiguration matched
      - @ConditionalOnClass found required classes 'com.fasterxml.jackson.databind.ObjectMapper', 'org.springframework.http.converter.json.Jackson2ObjectMapperBuilder' (OnClassCondition)

   JacksonAutoConfiguration.JacksonObjectMapperBuilderConfiguration#jacksonObjectMapperBuilder matched
      - @ConditionalOnMissingBean (types: org.springframework.http.converter.json.Jackson2ObjectMapperBuilder; SearchStrategy: all) did not find any beans (OnBeanCondition)

   JacksonAutoConfiguration.JacksonObjectMapperConfiguration matched
      - @ConditionalOnClass found required classes 'com.fasterxml.jackson.databind.ObjectMapper', 'org.springframework.http.converter.json.Jackson2ObjectMapperBuilder' (OnClassCondition)

   JacksonAutoConfiguration.JacksonObjectMapperConfiguration#jacksonObjectMapper matched
      - @ConditionalOnMissingBean (types: com.fasterxml.jackson.databind.ObjectMapper; SearchStrategy: all) did not find any beans (OnBeanCondition)

   JacksonHttpMessageConvertersConfiguration.MappingJackson2HttpMessageConverterConfiguration matched
      - @ConditionalOnClass found required class 'com.fasterxml.jackson.databind.ObjectMapper' (OnClassCondition)
      - @ConditionalOnProperty (spring.http.converters.preferred-json-mapper=jackson) matched (OnPropertyCondition)
      - @ConditionalOnBean (types: com.fasterxml.jackson.databind.ObjectMapper; SearchStrategy: all) found bean 'jacksonObjectMapper' (OnBeanCondition)

   JacksonHttpMessageConvertersConfiguration.MappingJackson2HttpMessageConverterConfiguration#mappingJackson2HttpMessageConverter matched
      - @ConditionalOnMissingBean (types: org.springframework.http.converter.json.MappingJackson2HttpMessageConverter; SearchStrategy: all) did not find any beans (OnBeanCondition)

   JacksonHttpMessageConvertersConfiguration.MappingJackson2XmlHttpMessageConverterConfiguration matched
      - @ConditionalOnClass found required class 'com.fasterxml.jackson.dataformat.xml.XmlMapper' (OnClassCondition)
      - @ConditionalOnBean (types: org.springframework.http.converter.json.Jackson2ObjectMapperBuilder; SearchStrategy: all) found bean 'jacksonObjectMapperBuilder' (OnBeanCondition)

   JacksonHttpMessageConvertersConfiguration.MappingJackson2XmlHttpMessageConverterConfiguration#mappingJackson2XmlHttpMessageConverter matched
      - @ConditionalOnMissingBean (types: org.springframework.http.converter.xml.MappingJackson2XmlHttpMessageConverter; SearchStrategy: all) did not find any beans (OnBeanCondition)

   JdbcTemplateAutoConfiguration matched
      - @ConditionalOnClass found required classes 'javax.sql.DataSource', 'org.springframework.jdbc.core.JdbcTemplate' (OnClassCondition)
      - @ConditionalOnSingleCandidate (types: javax.sql.DataSource; SearchStrategy: all) found a primary bean from beans 'dataSource' (OnBeanCondition)

   JdbcTemplateAutoConfiguration#jdbcTemplate matched
      - @ConditionalOnMissingBean (types: org.springframework.jdbc.core.JdbcOperations; SearchStrategy: all) did not find any beans (OnBeanCondition)

   JdbcTemplateAutoConfiguration#namedParameterJdbcTemplate matched
      - @ConditionalOnMissingBean (types: org.springframework.jdbc.core.namedparam.NamedParameterJdbcOperations; SearchStrategy: all) did not find any beans (OnBeanCondition)

   LifecycleMvcEndpointAutoConfiguration matched
      - @ConditionalOnClass found required class 'org.springframework.boot.actuate.endpoint.EnvironmentEndpoint' (OnClassCondition)
      - @ConditionalOnWebApplication (required) found WebApplicationContext (OnWebApplicationCondition)
      - @ConditionalOnBean (types: org.springframework.cloud.context.restart.RestartEndpoint; SearchStrategy: all) found bean 'restartEndpoint' (OnBeanCondition)

   LifecycleMvcEndpointAutoConfiguration#environmentManagerEndpoint matched
      - @ConditionalOnBean (types: org.springframework.boot.actuate.endpoint.EnvironmentEndpoint; SearchStrategy: all) found bean 'environmentEndpoint' (OnBeanCondition)
      - @ConditionalOnProperty (endpoints.env.post.enabled) matched (OnPropertyCondition)

   LifecycleMvcEndpointAutoConfiguration#pauseMvcEndpoint matched
      - @ConditionalOnBean (types: org.springframework.cloud.context.restart.RestartEndpoint$PauseEndpoint; SearchStrategy: all) found bean 'pauseEndpoint' (OnBeanCondition)

   LifecycleMvcEndpointAutoConfiguration#refreshMvcEndpoint matched
      - @ConditionalOnBean (types: org.springframework.cloud.endpoint.RefreshEndpoint; SearchStrategy: all) found bean 'refreshEndpoint' (OnBeanCondition)

   LifecycleMvcEndpointAutoConfiguration#resumeMvcEndpoint matched
      - @ConditionalOnBean (types: org.springframework.cloud.context.restart.RestartEndpoint$ResumeEndpoint; SearchStrategy: all) found bean 'resumeEndpoint' (OnBeanCondition)

   ManagementServerPropertiesAutoConfiguration#managementServerProperties matched
      - @ConditionalOnMissingBean (types: org.springframework.boot.actuate.autoconfigure.ManagementServerProperties; SearchStrategy: all) did not find any beans (OnBeanCondition)

   MetricExportAutoConfiguration matched
      - @ConditionalOnProperty (spring.metrics.export.enabled) matched (OnPropertyCondition)

   MetricExportAutoConfiguration#metricWritersMetricExporter matched
      - @ConditionalOnMissingBean (names: metricWritersMetricExporter; SearchStrategy: all) did not find any beans (OnBeanCondition)

   MetricExportAutoConfiguration.MetricExportPropertiesConfiguration#metricExportProperties matched
      - @ConditionalOnMissingBean (types: org.springframework.boot.actuate.metrics.export.MetricExportProperties; SearchStrategy: all) did not find any beans (OnBeanCondition)

   MetricFilterAutoConfiguration matched
      - @ConditionalOnClass found required classes 'javax.servlet.Servlet', 'javax.servlet.ServletRegistration', 'org.springframework.web.filter.OncePerRequestFilter', 'org.springframework.web.servlet.HandlerMapping' (OnClassCondition)
      - @ConditionalOnProperty (endpoints.metrics.filter.enabled) matched (OnPropertyCondition)
      - @ConditionalOnBean (types: org.springframework.boot.actuate.metrics.CounterService,org.springframework.boot.actuate.metrics.GaugeService; SearchStrategy: all) found beans 'counterService', 'gaugeService' (OnBeanCondition)

   MetricRepositoryAutoConfiguration.FastMetricServicesConfiguration matched
      - @ConditionalOnJava (1.8 or newer) found 1.8 (OnJavaCondition)
      - @ConditionalOnMissingBean (types: org.springframework.boot.actuate.metrics.GaugeService; SearchStrategy: all) did not find any beans (OnBeanCondition)

   MetricRepositoryAutoConfiguration.FastMetricServicesConfiguration#actuatorMetricReader matched
      - @ConditionalOnMissingBean (types: org.springframework.boot.actuate.metrics.buffer.BufferMetricReader; SearchStrategy: all) did not find any beans (OnBeanCondition)

   MetricRepositoryAutoConfiguration.FastMetricServicesConfiguration#counterBuffers matched
      - @ConditionalOnMissingBean (types: org.springframework.boot.actuate.metrics.buffer.CounterBuffers; SearchStrategy: all) did not find any beans (OnBeanCondition)

   MetricRepositoryAutoConfiguration.FastMetricServicesConfiguration#counterService matched
      - @ConditionalOnMissingBean (types: org.springframework.boot.actuate.metrics.CounterService; SearchStrategy: all) did not find any beans (OnBeanCondition)

   MetricRepositoryAutoConfiguration.FastMetricServicesConfiguration#gaugeBuffers matched
      - @ConditionalOnMissingBean (types: org.springframework.boot.actuate.metrics.buffer.GaugeBuffers; SearchStrategy: all) did not find any beans (OnBeanCondition)

   MetricRepositoryAutoConfiguration.FastMetricServicesConfiguration#gaugeService matched
      - @ConditionalOnMissingBean (types: org.springframework.boot.actuate.metrics.GaugeService; SearchStrategy: all) did not find any beans (OnBeanCondition)

   MultipartAutoConfiguration matched
      - @ConditionalOnClass found required classes 'javax.servlet.Servlet', 'org.springframework.web.multipart.support.StandardServletMultipartResolver', 'javax.servlet.MultipartConfigElement' (OnClassCondition)
      - @ConditionalOnProperty (spring.http.multipart.enabled) matched (OnPropertyCondition)

   MultipartAutoConfiguration#multipartConfigElement matched
      - @ConditionalOnMissingBean (types: javax.servlet.MultipartConfigElement; SearchStrategy: all) did not find any beans (OnBeanCondition)

   MultipartAutoConfiguration#multipartResolver matched
      - @ConditionalOnMissingBean (types: org.springframework.web.multipart.MultipartResolver; SearchStrategy: all) did not find any beans (OnBeanCondition)

   NoOpCacheConfiguration matched
      - Cache org.springframework.boot.autoconfigure.cache.NoOpCacheConfiguration automatic cache type (CacheCondition)

   NoopDiscoveryClientAutoConfiguration matched
      - @ConditionalOnMissingBean (types: org.springframework.cloud.client.discovery.DiscoveryClient; SearchStrategy: all) did not find any beans (OnBeanCondition)

   PersistenceExceptionTranslationAutoConfiguration matched
      - @ConditionalOnClass found required class 'org.springframework.dao.annotation.PersistenceExceptionTranslationPostProcessor' (OnClassCondition)

   PersistenceExceptionTranslationAutoConfiguration#persistenceExceptionTranslationPostProcessor matched
      - @ConditionalOnMissingBean (types: org.springframework.dao.annotation.PersistenceExceptionTranslationPostProcessor; SearchStrategy: all) did not find any beans (OnBeanCondition)
      - @ConditionalOnProperty (spring.dao.exceptiontranslation.enabled) matched (OnPropertyCondition)

   PropertyPlaceholderAutoConfiguration#propertySourcesPlaceholderConfigurer matched
      - @ConditionalOnMissingBean (types: org.springframework.context.support.PropertySourcesPlaceholderConfigurer; SearchStrategy: current) did not find any beans (OnBeanCondition)

   PublicMetricsAutoConfiguration.DataSourceMetricsConfiguration matched
      - @ConditionalOnClass found required class 'javax.sql.DataSource' (OnClassCondition)
      - @ConditionalOnBean (types: javax.sql.DataSource; SearchStrategy: all) found bean 'dataSource' (OnBeanCondition)

   PublicMetricsAutoConfiguration.DataSourceMetricsConfiguration#dataSourcePublicMetrics matched
      - @ConditionalOnBean (types: org.springframework.boot.autoconfigure.jdbc.metadata.DataSourcePoolMetadataProvider; SearchStrategy: all) found bean 'tomcatPoolDataSourceMetadataProvider'; @ConditionalOnMissingBean (types: org.springframework.boot.actuate.endpoint.DataSourcePublicMetrics; SearchStrategy: all) did not find any beans (OnBeanCondition)

   PublicMetricsAutoConfiguration.TomcatMetricsConfiguration matched
      - @ConditionalOnClass found required classes 'javax.servlet.Servlet', 'org.apache.catalina.startup.Tomcat' (OnClassCondition)
      - @ConditionalOnWebApplication (required) found WebApplicationContext (OnWebApplicationCondition)

   PublicMetricsAutoConfiguration.TomcatMetricsConfiguration#tomcatPublicMetrics matched
      - @ConditionalOnMissingBean (types: org.springframework.boot.actuate.endpoint.TomcatPublicMetrics; SearchStrategy: all) did not find any beans (OnBeanCondition)

   RedisCacheConfiguration matched
      - Cache org.springframework.boot.autoconfigure.cache.RedisCacheConfiguration automatic cache type (CacheCondition)

   RefreshAutoConfiguration matched
      - @ConditionalOnClass found required class 'org.springframework.cloud.context.scope.refresh.RefreshScope' (OnClassCondition)

   RefreshAutoConfiguration#contextRefresher matched
      - @ConditionalOnMissingBean (types: org.springframework.cloud.context.refresh.ContextRefresher; SearchStrategy: all) did not find any beans (OnBeanCondition)

   RefreshAutoConfiguration#environmentManager matched
      - @ConditionalOnMissingBean (types: org.springframework.cloud.context.environment.EnvironmentManager; SearchStrategy: all) did not find any beans (OnBeanCondition)

   RefreshAutoConfiguration#loggingRebinder matched
      - @ConditionalOnMissingBean (types: org.springframework.cloud.logging.LoggingRebinder; SearchStrategy: all) did not find any beans (OnBeanCondition)

   RefreshAutoConfiguration.RefreshScopeConfiguration matched
      - @ConditionalOnMissingBean (types: org.springframework.cloud.context.scope.refresh.RefreshScope; SearchStrategy: all) did not find any beans (OnBeanCondition)

   RefreshEndpointAutoConfiguration matched
      - @ConditionalOnClass found required class 'org.springframework.boot.actuate.endpoint.Endpoint' (OnClassCondition)

   RefreshEndpointAutoConfiguration#refreshScopeHealthIndicator matched
      - @ConditionalOnMissingBean (types: org.springframework.cloud.health.RefreshScopeHealthIndicator; SearchStrategy: all) did not find any beans (OnBeanCondition)
      - @ConditionalOnEnabledHealthIndicator management.health.defaults.enabled is considered true (OnEnabledHealthIndicatorCondition)

   RefreshEndpointAutoConfiguration.RefreshEndpointConfiguration matched
      - @ConditionalOnProperty (endpoints.refresh.enabled) matched (OnPropertyCondition)
      - @ConditionalOnBean (types: org.springframework.cloud.bootstrap.config.PropertySourceBootstrapConfiguration; SearchStrategy: all) found bean 'propertySourceBootstrapConfiguration' (OnBeanCondition)

   RefreshEndpointAutoConfiguration.RefreshEndpointConfiguration#refreshEndpoint matched
      - @ConditionalOnMissingBean (types: org.springframework.cloud.endpoint.RefreshEndpoint; SearchStrategy: all) did not find any beans (OnBeanCondition)

   RefreshEndpointAutoConfiguration.RestartEndpointWithoutIntegration matched
      - @ConditionalOnMissingClass did not find unwanted class 'org.springframework.integration.monitor.IntegrationMBeanExporter' (OnClassCondition)

   RefreshEndpointAutoConfiguration.RestartEndpointWithoutIntegration#restartEndpoint matched
      - @ConditionalOnMissingBean (types: org.springframework.cloud.context.restart.RestartEndpoint; SearchStrategy: all) did not find any beans (OnBeanCondition)

   ResourceRepositoryConfiguration matched
      - @ConditionalOnMissingBean (types: org.springframework.cloud.config.server.resource.ResourceRepository; SearchStrategy: all) did not find any beans (OnBeanCondition)

   ResourceRepositoryConfiguration#resourceRepository matched
      - @ConditionalOnBean (types: org.springframework.cloud.config.server.environment.SearchPathLocator; SearchStrategy: all) found bean 'environmentRepository' (OnBeanCondition)

   ServerPropertiesAutoConfiguration matched
      - @ConditionalOnWebApplication (required) found WebApplicationContext (OnWebApplicationCondition)

   ServerPropertiesAutoConfiguration#serverProperties matched
      - @ConditionalOnMissingBean (types: org.springframework.boot.autoconfigure.web.ServerProperties; SearchStrategy: current) did not find any beans (OnBeanCondition)

   SimpleCacheConfiguration matched
      - Cache org.springframework.boot.autoconfigure.cache.SimpleCacheConfiguration automatic cache type (CacheCondition)

   SingleEncryptorAutoConfiguration#textEncryptorLocator matched
      - @ConditionalOnMissingBean (types: org.springframework.cloud.config.server.encryption.TextEncryptorLocator; SearchStrategy: all) did not find any beans (OnBeanCondition)

   TraceRepositoryAutoConfiguration#traceRepository matched
      - @ConditionalOnMissingBean (types: org.springframework.boot.actuate.trace.TraceRepository; SearchStrategy: all) did not find any beans (OnBeanCondition)

   TraceWebFilterAutoConfiguration matched
      - @ConditionalOnClass found required classes 'javax.servlet.Servlet', 'org.springframework.web.servlet.DispatcherServlet', 'javax.servlet.ServletRegistration' (OnClassCondition)

   TraceWebFilterAutoConfiguration#webRequestLoggingFilter matched
      - @ConditionalOnMissingBean (types: org.springframework.boot.actuate.trace.WebRequestTraceFilter; SearchStrategy: all) did not find any beans (OnBeanCondition)

   TransactionAutoConfiguration matched
      - @ConditionalOnClass found required classes 'org.springframework.transaction.support.TransactionTemplate', 'org.springframework.transaction.PlatformTransactionManager' (OnClassCondition)
      - @ConditionalOnSingleCandidate (types: org.springframework.transaction.PlatformTransactionManager; SearchStrategy: all) found a primary bean from beans 'transactionManager' (OnBeanCondition)

   TransactionAutoConfiguration#transactionTemplate matched
      - @ConditionalOnMissingBean (types: org.springframework.transaction.support.TransactionTemplate; SearchStrategy: all) did not find any beans (OnBeanCondition)

   UtilAutoConfiguration matched
      - @ConditionalOnProperty (spring.cloud.util.enabled) matched (OnPropertyCondition)

   UtilAutoConfiguration#inetUtils matched
      - @ConditionalOnMissingBean (types: org.springframework.cloud.commons.util.InetUtils; SearchStrategy: all) did not find any beans (OnBeanCondition)

   WebClientAutoConfiguration.RestTemplateConfiguration matched
      - @ConditionalOnClass found required class 'org.springframework.web.client.RestTemplate' (OnClassCondition)

   WebClientAutoConfiguration.RestTemplateConfiguration#restTemplateBuilder matched
      - @ConditionalOnMissingBean (types: org.springframework.boot.web.client.RestTemplateBuilder; SearchStrategy: all) did not find any beans (OnBeanCondition)

   WebMvcAutoConfiguration matched
      - @ConditionalOnClass found required classes 'javax.servlet.Servlet', 'org.springframework.web.servlet.DispatcherServlet', 'org.springframework.web.servlet.config.annotation.WebMvcConfigurerAdapter' (OnClassCondition)
      - @ConditionalOnWebApplication (required) found WebApplicationContext (OnWebApplicationCondition)
      - @ConditionalOnMissingBean (types: org.springframework.web.servlet.config.annotation.WebMvcConfigurationSupport; SearchStrategy: all) did not find any beans (OnBeanCondition)

   WebMvcAutoConfiguration#hiddenHttpMethodFilter matched
      - @ConditionalOnMissingBean (types: org.springframework.web.filter.HiddenHttpMethodFilter; SearchStrategy: all) did not find any beans (OnBeanCondition)

   WebMvcAutoConfiguration#httpPutFormContentFilter matched
      - @ConditionalOnMissingBean (types: org.springframework.web.filter.HttpPutFormContentFilter; SearchStrategy: all) did not find any beans (OnBeanCondition)
      - @ConditionalOnProperty (spring.mvc.formcontent.putfilter.enabled) matched (OnPropertyCondition)

   WebMvcAutoConfiguration.WebMvcAutoConfigurationAdapter#defaultViewResolver matched
      - @ConditionalOnMissingBean (types: org.springframework.web.servlet.view.InternalResourceViewResolver; SearchStrategy: all) did not find any beans (OnBeanCondition)

   WebMvcAutoConfiguration.WebMvcAutoConfigurationAdapter#requestContextFilter matched
      - @ConditionalOnMissingBean (types: org.springframework.web.context.request.RequestContextListener,org.springframework.web.filter.RequestContextFilter; SearchStrategy: all) did not find any beans (OnBeanCondition)

   WebMvcAutoConfiguration.WebMvcAutoConfigurationAdapter#viewResolver matched
      - @ConditionalOnBean (types: org.springframework.web.servlet.ViewResolver; SearchStrategy: all) found beans 'defaultViewResolver', 'beanNameViewResolver', 'mvcViewResolver'; @ConditionalOnMissingBean (names: viewResolver; types: org.springframework.web.servlet.view.ContentNegotiatingViewResolver; SearchStrategy: all) did not find any beans (OnBeanCondition)

   WebMvcAutoConfiguration.WebMvcAutoConfigurationAdapter.FaviconConfiguration matched
      - @ConditionalOnProperty (spring.mvc.favicon.enabled) matched (OnPropertyCondition)

   WebSocketAutoConfiguration matched
      - @ConditionalOnClass found required classes 'javax.servlet.Servlet', 'javax.websocket.server.ServerContainer' (OnClassCondition)
      - @ConditionalOnWebApplication (required) found WebApplicationContext (OnWebApplicationCondition)

   WebSocketAutoConfiguration.TomcatWebSocketConfiguration matched
      - @ConditionalOnClass found required classes 'org.apache.catalina.startup.Tomcat', 'org.apache.tomcat.websocket.server.WsSci' (OnClassCondition)

   WebSocketAutoConfiguration.TomcatWebSocketConfiguration#websocketContainerCustomizer matched
      - @ConditionalOnJava (1.7 or newer) found 1.8 (OnJavaCondition)
      - @ConditionalOnMissingBean (names: websocketContainerCustomizer; SearchStrategy: all) did not find any beans (OnBeanCondition)


Negative matches:
-----------------

   ActiveMQAutoConfiguration did not match
      - @ConditionalOnClass did not find required classes 'javax.jms.ConnectionFactory', 'org.apache.activemq.ActiveMQConnectionFactory' (OnClassCondition)

   AopAutoConfiguration did not match
      - @ConditionalOnClass did not find required classes 'org.aspectj.lang.annotation.Aspect', 'org.aspectj.lang.reflect.Advice' (OnClassCondition)

   ArtemisAutoConfiguration did not match
      - @ConditionalOnClass did not find required classes 'javax.jms.ConnectionFactory', 'org.apache.activemq.artemis.jms.client.ActiveMQConnectionFactory' (OnClassCondition)

   AuditAutoConfiguration#authenticationAuditListener did not match
      - @ConditionalOnClass did not find required class 'org.springframework.security.authentication.event.AbstractAuthenticationEvent' (OnClassCondition)

   AuditAutoConfiguration#authorizationAuditListener did not match
      - @ConditionalOnClass did not find required class 'org.springframework.security.access.event.AbstractAuthorizationEvent' (OnClassCondition)

   BatchAutoConfiguration did not match
      - @ConditionalOnClass did not find required class 'org.springframework.batch.core.launch.JobLauncher' (OnClassCondition)

   CacheAutoConfiguration did not match
      - @ConditionalOnClass found required class 'org.springframework.cache.CacheManager' (OnClassCondition)
      - @ConditionalOnBean (types: org.springframework.cache.interceptor.CacheAspectSupport; SearchStrategy: all) did not find any beans (OnBeanCondition)

   CacheAutoConfiguration.CacheManagerJpaDependencyConfiguration did not match
      - @ConditionalOnClass did not find required class 'org.springframework.orm.jpa.LocalContainerEntityManagerFactoryBean' (OnClassCondition)
      - Ancestor org.springframework.boot.autoconfigure.cache.CacheAutoConfiguration did not match (ConditionEvaluationReport.AncestorsMatchedCondition)

   CacheStatisticsAutoConfiguration did not match
      - @ConditionalOnBean (types: org.springframework.cache.CacheManager; SearchStrategy: all) did not find any beans (OnBeanCondition)

   CacheStatisticsAutoConfiguration.CaffeineCacheStatisticsProviderConfiguration did not match
      - @ConditionalOnClass did not find required classes 'com.github.benmanes.caffeine.cache.Caffeine', 'org.springframework.cache.caffeine.CaffeineCacheManager' (OnClassCondition)
      - Ancestor org.springframework.boot.actuate.autoconfigure.CacheStatisticsAutoConfiguration did not match (ConditionEvaluationReport.AncestorsMatchedCondition)

   CacheStatisticsAutoConfiguration.ConcurrentMapCacheStatisticsConfiguration did not match
      - @ConditionalOnClass found required class 'org.springframework.cache.concurrent.ConcurrentMapCache' (OnClassCondition)
      - Ancestor org.springframework.boot.actuate.autoconfigure.CacheStatisticsAutoConfiguration did not match (ConditionEvaluationReport.AncestorsMatchedCondition)

   CacheStatisticsAutoConfiguration.EhCacheCacheStatisticsProviderConfiguration did not match
      - @ConditionalOnClass did not find required classes 'org.springframework.cache.ehcache.EhCacheCache', 'net.sf.ehcache.Ehcache', 'net.sf.ehcache.statistics.StatisticsGateway' (OnClassCondition)
      - Ancestor org.springframework.boot.actuate.autoconfigure.CacheStatisticsAutoConfiguration did not match (ConditionEvaluationReport.AncestorsMatchedCondition)

   CacheStatisticsAutoConfiguration.GuavaCacheStatisticsConfiguration did not match
      - @ConditionalOnClass did not find required classes 'com.google.common.cache.Cache', 'org.springframework.cache.guava.GuavaCache' (OnClassCondition)
      - Ancestor org.springframework.boot.actuate.autoconfigure.CacheStatisticsAutoConfiguration did not match (ConditionEvaluationReport.AncestorsMatchedCondition)

   CacheStatisticsAutoConfiguration.HazelcastCacheStatisticsConfiguration did not match
      - @ConditionalOnClass did not find required classes 'com.hazelcast.core.IMap', 'com.hazelcast.spring.cache.HazelcastCache' (OnClassCondition)
      - Ancestor org.springframework.boot.actuate.autoconfigure.CacheStatisticsAutoConfiguration did not match (ConditionEvaluationReport.AncestorsMatchedCondition)

   CacheStatisticsAutoConfiguration.InfinispanCacheStatisticsProviderConfiguration did not match
      - @ConditionalOnClass did not find required class 'org.infinispan.spring.provider.SpringCache' (OnClassCondition)
      - Ancestor org.springframework.boot.actuate.autoconfigure.CacheStatisticsAutoConfiguration did not match (ConditionEvaluationReport.AncestorsMatchedCondition)

   CacheStatisticsAutoConfiguration.JCacheCacheStatisticsProviderConfiguration did not match
      - @ConditionalOnClass did not find required classes 'javax.cache.Caching', 'org.springframework.cache.jcache.JCacheCache' (OnClassCondition)
      - Ancestor org.springframework.boot.actuate.autoconfigure.CacheStatisticsAutoConfiguration did not match (ConditionEvaluationReport.AncestorsMatchedCondition)

   CacheStatisticsAutoConfiguration.NoOpCacheStatisticsConfiguration did not match
      - @ConditionalOnClass found required class 'org.springframework.cache.support.NoOpCacheManager' (OnClassCondition)
      - Ancestor org.springframework.boot.actuate.autoconfigure.CacheStatisticsAutoConfiguration did not match (ConditionEvaluationReport.AncestorsMatchedCondition)

   CaffeineCacheConfiguration did not match
      - @ConditionalOnClass did not find required classes 'com.github.benmanes.caffeine.cache.Caffeine', 'org.springframework.cache.caffeine.CaffeineCacheManager' (OnClassCondition)

   CassandraAutoConfiguration did not match
      - @ConditionalOnClass did not find required class 'com.datastax.driver.core.Cluster' (OnClassCondition)

   CassandraDataAutoConfiguration did not match
      - @ConditionalOnClass did not find required classes 'com.datastax.driver.core.Cluster', 'org.springframework.data.cassandra.core.CassandraAdminOperations' (OnClassCondition)

   CassandraRepositoriesAutoConfiguration did not match
      - @ConditionalOnClass did not find required classes 'com.datastax.driver.core.Session', 'org.springframework.data.cassandra.repository.CassandraRepository' (OnClassCondition)

   CloudAutoConfiguration did not match
      - @ConditionalOnClass did not find required class 'org.springframework.cloud.config.java.CloudScanConfiguration' (OnClassCondition)

   CloudHypermediaAutoConfiguration did not match
      - @ConditionalOnBean (types: org.springframework.cloud.client.hypermedia.RemoteResource; SearchStrategy: all) did not find any beans (OnBeanCondition)

   CommonsClientAutoConfiguration did not match
      - @ConditionalOnClass found required class 'org.springframework.boot.actuate.health.HealthIndicator' (OnClassCondition)
      - @ConditionalOnProperty (spring.cloud.discovery.enabled) matched (OnPropertyCondition)
      - @ConditionalOnBean (types: org.springframework.cloud.client.discovery.DiscoveryClient; SearchStrategy: all) did not find any beans (OnBeanCondition)

   CommonsClientAutoConfiguration.ActuatorConfiguration did not match
      - @ConditionalOnClass found required class 'org.springframework.boot.actuate.endpoint.Endpoint' (OnClassCondition)
      - @ConditionalOnProperty (spring.cloud.features.enabled) matched (OnPropertyCondition)
      - Ancestor org.springframework.cloud.client.CommonsClientAutoConfiguration did not match (ConditionEvaluationReport.AncestorsMatchedCondition)

   ConfigClientAutoConfiguration.ConfigClientWatchConfiguration did not match
      - @ConditionalOnClass found required class 'org.springframework.cloud.context.refresh.ContextRefresher' (OnClassCondition)
      - @ConditionalOnProperty (spring.cloud.config.watch.enabled) did not find property 'spring.cloud.config.watch.enabled' (OnPropertyCondition)

   ConfigClientAutoConfiguration.ConfigServerHealthIndicatorConfiguration did not match
      - @ConditionalOnClass found required class 'org.springframework.boot.actuate.health.HealthIndicator' (OnClassCondition)
      - @ConditionalOnProperty (health.config.enabled) matched (OnPropertyCondition)
      - @ConditionalOnBean (types: org.springframework.cloud.config.client.ConfigServicePropertySourceLocator; SearchStrategy: all) did not find any beans (OnBeanCondition)

   CouchbaseAutoConfiguration did not match
      - @ConditionalOnClass did not find required classes 'com.couchbase.client.java.CouchbaseBucket', 'com.couchbase.client.java.Cluster' (OnClassCondition)

   CouchbaseCacheConfiguration did not match
      - @ConditionalOnClass did not find required classes 'com.couchbase.client.java.Bucket', 'com.couchbase.client.spring.cache.CouchbaseCacheManager' (OnClassCondition)

   CouchbaseDataAutoConfiguration did not match
      - @ConditionalOnClass did not find required classes 'com.couchbase.client.java.Bucket', 'org.springframework.data.couchbase.repository.CouchbaseRepository' (OnClassCondition)

   CouchbaseRepositoriesAutoConfiguration did not match
      - @ConditionalOnClass did not find required classes 'com.couchbase.client.java.Bucket', 'org.springframework.data.couchbase.repository.CouchbaseRepository' (OnClassCondition)

   CrshAutoConfiguration did not match
      - @ConditionalOnClass did not find required class 'org.crsh.plugin.PluginLifeCycle' (OnClassCondition)

   DataSourceAutoConfiguration.EmbeddedDatabaseConfiguration did not match
      - EmbeddedDataSource found supported pooled data source (DataSourceAutoConfiguration.EmbeddedDatabaseCondition)

   DataSourceAutoConfiguration.TomcatDataSourceJmxConfiguration did not match
      - @ConditionalOnClass found required class 'org.apache.tomcat.jdbc.pool.DataSourceProxy' (OnClassCondition)
      - EmbeddedDataAvailable found existing auto-configured database (DataSourceAutoConfiguration.DataSourceAvailableCondition)
      - @ConditionalOnProperty (spring.datasource.jmx-enabled) did not find property 'jmx-enabled' (OnPropertyCondition)

   DataSourceConfiguration.Dbcp did not match
      - @ConditionalOnClass did not find required class 'org.apache.commons.dbcp.BasicDataSource' (OnClassCondition)

   DataSourceConfiguration.Dbcp2 did not match
      - @ConditionalOnClass did not find required class 'org.apache.commons.dbcp2.BasicDataSource' (OnClassCondition)

   DataSourceConfiguration.Generic did not match
      - @ConditionalOnProperty (spring.datasource.type) did not find property 'spring.datasource.type' (OnPropertyCondition)

   DataSourceConfiguration.Hikari did not match
      - @ConditionalOnClass did not find required class 'com.zaxxer.hikari.HikariDataSource' (OnClassCondition)

   DataSourcePoolMetadataProvidersConfiguration.CommonsDbcp2PoolDataSourceMetadataProviderConfiguration did not match
      - @ConditionalOnClass did not find required class 'org.apache.commons.dbcp2.BasicDataSource' (OnClassCondition)

   DataSourcePoolMetadataProvidersConfiguration.CommonsDbcpPoolDataSourceMetadataProviderConfiguration did not match
      - @ConditionalOnClass did not find required class 'org.apache.commons.dbcp.BasicDataSource' (OnClassCondition)

   DataSourcePoolMetadataProvidersConfiguration.HikariPoolDataSourceMetadataProviderConfiguration did not match
      - @ConditionalOnClass did not find required class 'com.zaxxer.hikari.HikariDataSource' (OnClassCondition)

   DeviceDelegatingViewResolverAutoConfiguration did not match
      - @ConditionalOnClass did not find required class 'org.springframework.mobile.device.view.LiteDeviceDelegatingViewResolver' (OnClassCondition)

   DeviceResolverAutoConfiguration did not match
      - @ConditionalOnClass did not find required classes 'org.springframework.mobile.device.DeviceResolverHandlerInterceptor', 'org.springframework.mobile.device.DeviceHandlerMethodArgumentResolver' (OnClassCondition)

   DispatcherServletAutoConfiguration.DispatcherServletConfiguration#multipartResolver did not match
      - @ConditionalOnBean (types: org.springframework.web.multipart.MultipartResolver; SearchStrategy: all) did not find any beans (OnBeanCondition)

   EhCacheCacheConfiguration did not match
      - @ConditionalOnClass did not find required classes 'net.sf.ehcache.Cache', 'org.springframework.cache.ehcache.EhCacheCacheManager' (OnClassCondition)

   ElasticsearchAutoConfiguration did not match
      - @ConditionalOnClass did not find required classes 'org.elasticsearch.client.Client', 'org.springframework.data.elasticsearch.client.TransportClientFactoryBean', 'org.springframework.data.elasticsearch.client.NodeClientFactoryBean' (OnClassCondition)

   ElasticsearchDataAutoConfiguration did not match
      - @ConditionalOnClass did not find required classes 'org.elasticsearch.client.Client', 'org.springframework.data.elasticsearch.core.ElasticsearchTemplate' (OnClassCondition)

   ElasticsearchHealthIndicatorConfiguration.ElasticsearchClientHealthIndicatorConfiguration did not match
      - @ConditionalOnEnabledHealthIndicator management.health.defaults.enabled is considered true (OnEnabledHealthIndicatorCondition)
      - @ConditionalOnBean (types: org.elasticsearch.client.Client; SearchStrategy: all) did not find any beans (OnBeanCondition)

   ElasticsearchHealthIndicatorConfiguration.ElasticsearchJestHealthIndicatorConfiguration did not match
      - @ConditionalOnEnabledHealthIndicator management.health.defaults.enabled is considered true (OnEnabledHealthIndicatorCondition)
      - @ConditionalOnBean (types: io.searchbox.client.JestClient; SearchStrategy: all) did not find any beans (OnBeanCondition)

   ElasticsearchRepositoriesAutoConfiguration did not match
      - @ConditionalOnClass did not find required classes 'org.elasticsearch.client.Client', 'org.springframework.data.elasticsearch.repository.ElasticsearchRepository' (OnClassCondition)

   EmbeddedMongoAutoConfiguration did not match
      - @ConditionalOnClass did not find required classes 'com.mongodb.Mongo', 'de.flapdoodle.embed.mongo.MongodStarter' (OnClassCondition)

   EmbeddedServletContainerAutoConfiguration.EmbeddedJetty did not match
      - @ConditionalOnClass did not find required classes 'org.eclipse.jetty.server.Server', 'org.eclipse.jetty.util.Loader', 'org.eclipse.jetty.webapp.WebAppContext' (OnClassCondition)

   EmbeddedServletContainerAutoConfiguration.EmbeddedUndertow did not match
      - @ConditionalOnClass did not find required classes 'io.undertow.Undertow', 'org.xnio.SslClientAuthMode' (OnClassCondition)

   EncryptionAutoConfiguration#environmentEncryptor did not match
      - @ConditionalOnMissingBean (types: org.springframework.cloud.config.server.encryption.EnvironmentEncryptor; SearchStrategy: all) did not find any beans (OnBeanCondition)
      - @ConditionalOnProperty (spring.cloud.config.server.encrypt.enabled) found different value in property 'spring.cloud.config.server.encrypt.enabled' (OnPropertyCondition)

   EncryptionAutoConfiguration.DefaultTextEncryptorConfiguration did not match
      - @ConditionalOnMissingBean (types: org.springframework.security.crypto.encrypt.TextEncryptor; SearchStrategy: all) found bean 'textEncryptor' (OnBeanCondition)

   EncryptionAutoConfiguration.KeyStoreConfiguration did not match
      - @ConditionalOnClass found required class 'org.springframework.security.rsa.crypto.RsaSecretEncryptor' (OnClassCondition)
      - @ConditionalOnProperty (encrypt.keyStore.location) did not find property 'encrypt.keyStore.location' (OnPropertyCondition)

   EndpointAutoConfiguration.FlywayEndpointConfiguration did not match
      - @ConditionalOnClass did not find required class 'org.flywaydb.core.Flyway' (OnClassCondition)

   EndpointAutoConfiguration.LiquibaseEndpointConfiguration did not match
      - @ConditionalOnClass did not find required class 'liquibase.integration.spring.SpringLiquibase' (OnClassCondition)

   EndpointMBeanExportAutoConfiguration did not match
      - JMX Enabled spring.jmx.enabled or endpoints.jmx.enabled is not set (EndpointMBeanExportAutoConfiguration.JmxEnabledCondition)

   EndpointWebMvcHypermediaManagementContextConfiguration did not match
      - @ConditionalOnClass did not find required class 'org.springframework.hateoas.Link' (OnClassCondition)

   EndpointWebMvcManagementContextConfiguration#logfileMvcEndpoint did not match
      - Log File did not find logging file (EndpointWebMvcManagementContextConfiguration.LogFileCondition)

   EndpointWebMvcManagementContextConfiguration#shutdownMvcEndpoint did not match
      - @ConditionalOnBean (types: org.springframework.boot.actuate.endpoint.ShutdownEndpoint; SearchStrategy: all) found bean 'shutdownEndpoint' (OnBeanCondition)
      - @ConditionalOnEnabledEndpoint (shutdown) disabled (OnEnabledEndpointCondition)

   EnvironmentRepositoryConfiguration.ConsulEnvironmentWatchConfiguration did not match
      - @ConditionalOnProperty (spring.cloud.config.server.consul.watch.enabled) did not find property 'spring.cloud.config.server.consul.watch.enabled' (OnPropertyCondition)

   FacebookAutoConfiguration did not match
      - @ConditionalOnClass did not find required classes 'org.springframework.social.config.annotation.SocialConfigurerAdapter', 'org.springframework.social.facebook.connect.FacebookConnectionFactory' (OnClassCondition)

   FallbackWebSecurityAutoConfiguration did not match
      - @ConditionalOnClass did not find required class 'org.springframework.security.config.annotation.web.configuration.EnableWebSecurity' (OnClassCondition)

   FlywayAutoConfiguration did not match
      - @ConditionalOnClass did not find required class 'org.flywaydb.core.Flyway' (OnClassCondition)

   FreeMarkerAutoConfiguration did not match
      - @ConditionalOnClass did not find required classes 'freemarker.template.Configuration', 'org.springframework.ui.freemarker.FreeMarkerConfigurationFactory' (OnClassCondition)

   GroovyTemplateAutoConfiguration did not match
      - @ConditionalOnClass did not find required class 'groovy.text.markup.MarkupTemplateEngine' (OnClassCondition)

   GsonAutoConfiguration did not match
      - @ConditionalOnClass did not find required class 'com.google.gson.Gson' (OnClassCondition)

   GsonHttpMessageConvertersConfiguration did not match
      - @ConditionalOnClass did not find required class 'com.google.gson.Gson' (OnClassCondition)

   GuavaCacheConfiguration did not match
      - @ConditionalOnClass did not find required classes 'com.google.common.cache.CacheBuilder', 'org.springframework.cache.guava.GuavaCacheManager' (OnClassCondition)

   H2ConsoleAutoConfiguration did not match
      - @ConditionalOnClass did not find required class 'org.h2.server.web.WebServlet' (OnClassCondition)

   HazelcastAutoConfiguration did not match
      - @ConditionalOnClass did not find required class 'com.hazelcast.core.HazelcastInstance' (OnClassCondition)

   HazelcastCacheConfiguration did not match
      - @ConditionalOnClass did not find required classes 'com.hazelcast.core.HazelcastInstance', 'com.hazelcast.spring.cache.HazelcastCacheManager' (OnClassCondition)

   HazelcastJpaDependencyAutoConfiguration did not match
      - @ConditionalOnClass did not find required classes 'com.hazelcast.core.HazelcastInstance', 'org.springframework.orm.jpa.LocalContainerEntityManagerFactoryBean' (OnClassCondition)

   HealthIndicatorAutoConfiguration#applicationHealthIndicator did not match
      - @ConditionalOnMissingBean (types: org.springframework.boot.actuate.health.HealthIndicator; SearchStrategy: all) found beans 'diskSpaceHealthIndicator', 'dbHealthIndicator' (OnBeanCondition)

   HealthIndicatorAutoConfiguration.CassandraHealthIndicatorConfiguration did not match
      - @ConditionalOnClass did not find required classes 'org.springframework.data.cassandra.core.CassandraOperations', 'com.datastax.driver.core.Cluster' (OnClassCondition)

   HealthIndicatorAutoConfiguration.CouchbaseHealthIndicatorConfiguration did not match
      - @ConditionalOnClass did not find required classes 'org.springframework.data.couchbase.core.CouchbaseOperations', 'com.couchbase.client.java.Bucket' (OnClassCondition)

   HealthIndicatorAutoConfiguration.JmsHealthIndicatorConfiguration did not match
      - @ConditionalOnEnabledHealthIndicator management.health.defaults.enabled is considered true (OnEnabledHealthIndicatorCondition)
      - @ConditionalOnBean (types: javax.jms.ConnectionFactory; SearchStrategy: all) did not find any beans (OnBeanCondition)

   HealthIndicatorAutoConfiguration.MailHealthIndicatorConfiguration did not match
      - @ConditionalOnEnabledHealthIndicator management.health.defaults.enabled is considered true (OnEnabledHealthIndicatorCondition)
      - @ConditionalOnBean (types: org.springframework.mail.javamail.JavaMailSenderImpl; SearchStrategy: all) did not find any beans (OnBeanCondition)

   HealthIndicatorAutoConfiguration.MongoHealthIndicatorConfiguration did not match
      - @ConditionalOnEnabledHealthIndicator management.health.defaults.enabled is considered true (OnEnabledHealthIndicatorCondition)
      - @ConditionalOnBean (types: org.springframework.data.mongodb.core.MongoTemplate; SearchStrategy: all) did not find any beans (OnBeanCondition)

   HealthIndicatorAutoConfiguration.RabbitHealthIndicatorConfiguration did not match
      - @ConditionalOnEnabledHealthIndicator management.health.defaults.enabled is considered true (OnEnabledHealthIndicatorCondition)
      - @ConditionalOnBean (types: org.springframework.amqp.rabbit.core.RabbitTemplate; SearchStrategy: all) did not find any beans (OnBeanCondition)

   HealthIndicatorAutoConfiguration.RedisHealthIndicatorConfiguration did not match
      - @ConditionalOnEnabledHealthIndicator management.health.defaults.enabled is considered true (OnEnabledHealthIndicatorCondition)
      - @ConditionalOnBean (types: org.springframework.data.redis.connection.RedisConnectionFactory; SearchStrategy: all) did not find any beans (OnBeanCondition)

   HealthIndicatorAutoConfiguration.SolrHealthIndicatorConfiguration did not match
      - @ConditionalOnEnabledHealthIndicator management.health.defaults.enabled is considered true (OnEnabledHealthIndicatorCondition)
      - @ConditionalOnBean (types: org.apache.solr.client.solrj.SolrClient; SearchStrategy: all) did not find any beans (OnBeanCondition)

   HibernateJpaAutoConfiguration did not match
      - @ConditionalOnClass did not find required classes 'org.springframework.orm.jpa.LocalContainerEntityManagerFactoryBean', 'javax.persistence.EntityManager' (OnClassCondition)

   HornetQAutoConfiguration did not match
      - @ConditionalOnClass did not find required classes 'javax.jms.ConnectionFactory', 'org.hornetq.api.jms.HornetQJMSClient' (OnClassCondition)

   HypermediaAutoConfiguration did not match
      - @ConditionalOnClass did not find required classes 'org.springframework.hateoas.Resource', 'org.springframework.plugin.core.Plugin' (OnClassCondition)

   InfinispanCacheConfiguration did not match
      - @ConditionalOnClass did not find required class 'org.infinispan.spring.provider.SpringEmbeddedCacheManager' (OnClassCondition)

   InfoContributorAutoConfiguration#buildInfoContributor did not match
      - @ConditionalOnEnabledInfoContributor management.info.defaults.enabled is considered true (OnEnabledInfoContributorCondition)
      - @ConditionalOnSingleCandidate (types: org.springframework.boot.info.BuildProperties; SearchStrategy: all) did not find any beans (OnBeanCondition)

   InfoContributorAutoConfiguration#gitInfoContributor did not match
      - @ConditionalOnEnabledInfoContributor management.info.defaults.enabled is considered true (OnEnabledInfoContributorCondition)
      - @ConditionalOnSingleCandidate (types: org.springframework.boot.info.GitProperties; SearchStrategy: all) did not find any beans (OnBeanCondition)

   IntegrationAutoConfiguration did not match
      - @ConditionalOnClass did not find required class 'org.springframework.integration.config.EnableIntegration' (OnClassCondition)

   JCacheCacheConfiguration did not match
      - @ConditionalOnClass did not find required classes 'javax.cache.Caching', 'org.springframework.cache.jcache.JCacheCacheManager' (OnClassCondition)

   JacksonAutoConfiguration.JodaDateTimeJacksonConfiguration did not match
      - @ConditionalOnClass did not find required classes 'org.joda.time.DateTime', 'com.fasterxml.jackson.datatype.joda.ser.DateTimeSerializer', 'com.fasterxml.jackson.datatype.joda.cfg.JacksonJodaDateFormat' (OnClassCondition)

   JacksonAutoConfiguration.ParameterNamesModuleConfiguration did not match
      - @ConditionalOnClass did not find required class 'com.fasterxml.jackson.module.paramnames.ParameterNamesModule' (OnClassCondition)

   JerseyAutoConfiguration did not match
      - @ConditionalOnClass did not find required class 'org.glassfish.jersey.server.spring.SpringComponentProvider' (OnClassCondition)

   JestAutoConfiguration did not match
      - @ConditionalOnClass did not find required class 'io.searchbox.client.JestClient' (OnClassCondition)

   JmsAutoConfiguration did not match
      - @ConditionalOnClass did not find required class 'org.springframework.jms.core.JmsTemplate' (OnClassCondition)

   JmxAutoConfiguration did not match
      - @ConditionalOnClass found required class 'org.springframework.jmx.export.MBeanExporter' (OnClassCondition)
      - @ConditionalOnProperty (spring.jmx.enabled=true) found different value in property 'enabled' (OnPropertyCondition)

   JndiConnectionFactoryAutoConfiguration did not match
      - @ConditionalOnClass did not find required class 'org.springframework.jms.core.JmsTemplate' (OnClassCondition)

   JndiDataSourceAutoConfiguration did not match
      - @ConditionalOnClass found required classes 'javax.sql.DataSource', 'org.springframework.jdbc.datasource.embedded.EmbeddedDatabaseType' (OnClassCondition)
      - @ConditionalOnProperty (spring.datasource.jndi-name) did not find property 'jndi-name' (OnPropertyCondition)

   JolokiaAutoConfiguration did not match
      - @ConditionalOnClass did not find required class 'org.jolokia.http.AgentServlet' (OnClassCondition)

   JooqAutoConfiguration did not match
      - @ConditionalOnClass did not find required class 'org.jooq.DSLContext' (OnClassCondition)

   JpaRepositoriesAutoConfiguration did not match
      - @ConditionalOnClass did not find required class 'org.springframework.data.jpa.repository.JpaRepository' (OnClassCondition)

   JtaAutoConfiguration did not match
      - @ConditionalOnClass did not find required class 'javax.transaction.Transaction' (OnClassCondition)

   LinkedInAutoConfiguration did not match
      - @ConditionalOnClass did not find required classes 'org.springframework.social.config.annotation.SocialConfigurerAdapter', 'org.springframework.social.linkedin.connect.LinkedInConnectionFactory' (OnClassCondition)

   LiquibaseAutoConfiguration did not match
      - @ConditionalOnClass did not find required class 'liquibase.integration.spring.SpringLiquibase' (OnClassCondition)

   LoadBalancerAutoConfiguration did not match
      - @ConditionalOnClass found required class 'org.springframework.web.client.RestTemplate' (OnClassCondition)
      - @ConditionalOnBean (types: org.springframework.cloud.client.loadbalancer.LoadBalancerClient; SearchStrategy: all) did not find any beans (OnBeanCondition)

   LoadBalancerAutoConfiguration.LoadBalancerInterceptorConfig did not match
      - @ConditionalOnMissingClass did not find unwanted class 'org.springframework.retry.support.RetryTemplate' (OnClassCondition)
      - Ancestor org.springframework.cloud.client.loadbalancer.LoadBalancerAutoConfiguration did not match (ConditionEvaluationReport.AncestorsMatchedCondition)

   LoadBalancerAutoConfiguration.RetryAutoConfiguration did not match
      - @ConditionalOnClass did not find required class 'org.springframework.retry.support.RetryTemplate' (OnClassCondition)
      - Ancestor org.springframework.cloud.client.loadbalancer.LoadBalancerAutoConfiguration did not match (ConditionEvaluationReport.AncestorsMatchedCondition)

   MailSenderAutoConfiguration did not match
      - @ConditionalOnClass did not find required class 'javax.mail.internet.MimeMessage' (OnClassCondition)

   MailSenderValidatorAutoConfiguration did not match
      - @ConditionalOnProperty (spring.mail.test-connection) did not find property 'test-connection' (OnPropertyCondition)

   ManagementServerPropertiesAutoConfiguration#securityProperties did not match
      - @ConditionalOnClass did not find required class 'org.springframework.security.config.annotation.web.configuration.EnableWebSecurity' (OnClassCondition)

   ManagementServerPropertiesAutoConfiguration#serverProperties did not match
      - @ConditionalOnWebApplication (required) found WebApplicationContext (OnWebApplicationCondition)
      - @ConditionalOnMissingBean (types: org.springframework.boot.autoconfigure.web.ServerProperties; SearchStrategy: all) found bean 'serverProperties' (OnBeanCondition)

   ManagementWebSecurityAutoConfiguration did not match
      - @ConditionalOnClass did not find required class 'org.springframework.security.config.annotation.web.configuration.EnableWebSecurity' (OnClassCondition)

   MessageSourceAutoConfiguration did not match
      - ResourceBundle did not find bundle with basename messages (MessageSourceAutoConfiguration.ResourceBundleCondition)

   MetricExportAutoConfiguration.StatsdConfiguration#statsdMetricWriter did not match
      - @ConditionalOnMissingBean (types: org.springframework.boot.actuate.metrics.statsd.StatsdMetricWriter; SearchStrategy: all) did not find any beans (OnBeanCondition)
      - @ConditionalOnProperty (spring.metrics.export.statsd.host) did not find property 'host' (OnPropertyCondition)

   MetricRepositoryAutoConfiguration.LegacyMetricRepositoryConfiguration did not match
      - @ConditionalOnJava (older than 1.8) found 1.8 (OnJavaCondition)

   MetricRepositoryAutoConfiguration.LegacyMetricServicesConfiguration did not match
      - @ConditionalOnJava (older than 1.8) found 1.8 (OnJavaCondition)

   MetricsChannelAutoConfiguration did not match
      - @ConditionalOnClass did not find required class 'org.springframework.messaging.MessageChannel' (OnClassCondition)

   MetricsDropwizardAutoConfiguration did not match
      - @ConditionalOnClass did not find required class 'com.codahale.metrics.MetricRegistry' (OnClassCondition)

   MongoAutoConfiguration did not match
      - @ConditionalOnClass did not find required class 'com.mongodb.MongoClient' (OnClassCondition)

   MongoDataAutoConfiguration did not match
      - @ConditionalOnClass did not find required classes 'com.mongodb.Mongo', 'org.springframework.data.mongodb.core.MongoTemplate' (OnClassCondition)

   MongoRepositoriesAutoConfiguration did not match
      - @ConditionalOnClass did not find required classes 'com.mongodb.Mongo', 'org.springframework.data.mongodb.repository.MongoRepository' (OnClassCondition)

   MustacheAutoConfiguration did not match
      - @ConditionalOnClass did not find required class 'com.samskivert.mustache.Mustache' (OnClassCondition)

   Neo4jDataAutoConfiguration did not match
      - @ConditionalOnClass did not find required classes 'org.neo4j.ogm.session.Neo4jSession', 'org.springframework.data.neo4j.template.Neo4jOperations' (OnClassCondition)

   Neo4jRepositoriesAutoConfiguration did not match
      - @ConditionalOnClass did not find required classes 'org.neo4j.ogm.session.Neo4jSession', 'org.springframework.data.neo4j.repository.GraphRepository' (OnClassCondition)

   OAuth2AutoConfiguration did not match
      - @ConditionalOnClass did not find required class 'org.springframework.security.oauth2.common.OAuth2AccessToken' (OnClassCondition)

   ProjectInfoAutoConfiguration#buildProperties did not match
      - @ConditionalOnResource did not find resource '${spring.info.build.location:classpath:META-INF/build-info.properties}' (OnResourceCondition)

   ProjectInfoAutoConfiguration#gitProperties did not match
      - GitResource did not find git info at classpath:git.properties (ProjectInfoAutoConfiguration.GitResourceAvailableCondition)

   PublicMetricsAutoConfiguration#richGaugePublicMetrics did not match
      - @ConditionalOnBean (types: org.springframework.boot.actuate.metrics.rich.RichGaugeReader; SearchStrategy: all) did not find any beans (OnBeanCondition)

   PublicMetricsAutoConfiguration.CacheStatisticsConfiguration did not match
      - @ConditionalOnClass found required class 'org.springframework.cache.CacheManager' (OnClassCondition)
      - @ConditionalOnBean (types: org.springframework.cache.CacheManager; SearchStrategy: all) did not find any beans (OnBeanCondition)

   PublicMetricsAutoConfiguration.IntegrationMetricsConfiguration did not match
      - @ConditionalOnClass did not find required class 'org.springframework.integration.monitor.IntegrationMBeanExporter' (OnClassCondition)

   RabbitAutoConfiguration did not match
      - @ConditionalOnClass did not find required classes 'org.springframework.amqp.rabbit.core.RabbitTemplate', 'com.rabbitmq.client.Channel' (OnClassCondition)

   ReactorAutoConfiguration did not match
      - @ConditionalOnClass did not find required classes 'reactor.spring.context.config.EnableReactor', 'reactor.Environment' (OnClassCondition)

   RedisAutoConfiguration did not match
      - @ConditionalOnClass did not find required classes 'org.springframework.data.redis.connection.jedis.JedisConnection', 'org.springframework.data.redis.core.RedisOperations', 'redis.clients.jedis.Jedis' (OnClassCondition)

   RedisRepositoriesAutoConfiguration did not match
      - @ConditionalOnClass did not find required classes 'redis.clients.jedis.Jedis', 'org.springframework.data.redis.repository.configuration.EnableRedisRepositories' (OnClassCondition)

   RefreshEndpointAutoConfiguration.InfoEndpointAutoConfiguration did not match
      - @ConditionalOnMissingClass found unwanted class 'org.springframework.boot.actuate.info.InfoContributor' (OnClassCondition)

   RefreshEndpointAutoConfiguration.RestartEndpointWithIntegration did not match
      - @ConditionalOnClass did not find required class 'org.springframework.integration.monitor.IntegrationMBeanExporter' (OnClassCondition)

   RepositoryRestMvcAutoConfiguration did not match
      - @ConditionalOnClass did not find required class 'org.springframework.data.rest.webmvc.config.RepositoryRestMvcConfiguration' (OnClassCondition)

   SecurityAutoConfiguration did not match
      - @ConditionalOnClass did not find required classes 'org.springframework.security.authentication.AuthenticationManager', 'org.springframework.security.config.annotation.authentication.configurers.GlobalAuthenticationConfigurerAdapter' (OnClassCondition)

   SecurityFilterAutoConfiguration did not match
      - @ConditionalOnClass did not find required classes 'org.springframework.security.web.context.AbstractSecurityWebApplicationInitializer', 'org.springframework.security.config.http.SessionCreationPolicy' (OnClassCondition)

   SendGridAutoConfiguration did not match
      - @ConditionalOnClass did not find required class 'com.sendgrid.SendGrid' (OnClassCondition)

   SessionAutoConfiguration did not match
      - @ConditionalOnClass did not find required class 'org.springframework.session.Session' (OnClassCondition)

   SitePreferenceAutoConfiguration did not match
      - @ConditionalOnClass did not find required classes 'org.springframework.mobile.device.site.SitePreferenceHandlerInterceptor', 'org.springframework.mobile.device.site.SitePreferenceHandlerMethodArgumentResolver' (OnClassCondition)

   SocialWebAutoConfiguration did not match
      - @ConditionalOnClass did not find required classes 'org.springframework.social.connect.web.ConnectController', 'org.springframework.social.config.annotation.SocialConfigurerAdapter' (OnClassCondition)

   SolrAutoConfiguration did not match
      - @ConditionalOnClass did not find required classes 'org.apache.solr.client.solrj.impl.HttpSolrClient', 'org.apache.solr.client.solrj.impl.CloudSolrClient' (OnClassCondition)

   SolrRepositoriesAutoConfiguration did not match
      - @ConditionalOnClass did not find required classes 'org.apache.solr.client.solrj.SolrClient', 'org.springframework.data.solr.repository.SolrRepository' (OnClassCondition)

   SpringApplicationAdminJmxAutoConfiguration did not match
      - @ConditionalOnProperty (spring.application.admin.enabled=true) did not find property 'enabled' (OnPropertyCondition)

   SpringDataWebAutoConfiguration did not match
      - @ConditionalOnClass did not find required class 'org.springframework.data.web.PageableHandlerMethodArgumentResolver' (OnClassCondition)

   ThymeleafAutoConfiguration did not match
      - @ConditionalOnClass did not find required class 'org.thymeleaf.spring4.SpringTemplateEngine' (OnClassCondition)

   TwitterAutoConfiguration did not match
      - @ConditionalOnClass did not find required classes 'org.springframework.social.config.annotation.SocialConfigurerAdapter', 'org.springframework.social.twitter.connect.TwitterConnectionFactory' (OnClassCondition)

   VelocityAutoConfiguration did not match
      - @ConditionalOnClass did not find required classes 'org.apache.velocity.app.VelocityEngine', 'org.springframework.ui.velocity.VelocityEngineFactory' (OnClassCondition)

   WebMvcAutoConfiguration.ResourceChainCustomizerConfiguration did not match
      - @ConditionalOnEnabledResourceChain did not find class org.webjars.WebJarAssetLocator (OnEnabledResourceChainCondition)

   WebMvcAutoConfiguration.WebMvcAutoConfigurationAdapter#beanNameViewResolver did not match
      - @ConditionalOnMissingBean (types: org.springframework.web.servlet.view.BeanNameViewResolver; SearchStrategy: all) found bean 'beanNameViewResolver' (OnBeanCondition)

   WebMvcAutoConfiguration.WebMvcAutoConfigurationAdapter#dateFormatter did not match
      - @ConditionalOnProperty (spring.mvc.date-format) did not find property 'date-format' (OnPropertyCondition)

   WebMvcAutoConfiguration.WebMvcAutoConfigurationAdapter#localeResolver did not match
      - @ConditionalOnMissingBean (types: org.springframework.web.servlet.LocaleResolver; SearchStrategy: all) did not find any beans (OnBeanCondition)
      - @ConditionalOnProperty (spring.mvc.locale) did not find property 'locale' (OnPropertyCondition)

   WebServicesAutoConfiguration did not match
      - @ConditionalOnClass did not find required class 'org.springframework.ws.transport.http.MessageDispatcherServlet' (OnClassCondition)

   WebSocketAutoConfiguration.JettyWebSocketConfiguration did not match
      - @ConditionalOnClass did not find required class 'org.eclipse.jetty.websocket.jsr356.server.deploy.WebSocketServerContainerInitializer' (OnClassCondition)

   WebSocketAutoConfiguration.UndertowWebSocketConfiguration did not match
      - @ConditionalOnClass did not find required class 'io.undertow.websockets.jsr.Bootstrap' (OnClassCondition)

   WebSocketMessagingAutoConfiguration did not match
      - @ConditionalOnClass did not find required class 'org.springframework.web.socket.config.annotation.WebSocketMessageBrokerConfigurer' (OnClassCondition)

   XADataSourceAutoConfiguration did not match
      - @ConditionalOnClass did not find required class 'javax.transaction.TransactionManager' (OnClassCondition)


Exclusions:
-----------

    None


Unconditional classes:
----------------------

    org.springframework.boot.actuate.autoconfigure.InfoContributorAutoConfiguration

    org.springframework.boot.actuate.autoconfigure.HealthIndicatorAutoConfiguration

    org.springframework.boot.actuate.autoconfigure.PublicMetricsAutoConfiguration

    org.springframework.cloud.config.server.config.SingleEncryptorAutoConfiguration

    org.springframework.boot.autoconfigure.PropertyPlaceholderAutoConfiguration

    org.springframework.boot.actuate.autoconfigure.ManagementServerPropertiesAutoConfiguration

    org.springframework.cloud.config.client.ConfigClientAutoConfiguration

    org.springframework.boot.actuate.autoconfigure.AuditAutoConfiguration

    org.springframework.boot.autoconfigure.web.WebClientAutoConfiguration

    org.springframework.cloud.config.server.config.EncryptionAutoConfiguration

    org.springframework.boot.actuate.autoconfigure.EndpointAutoConfiguration

    org.springframework.boot.autoconfigure.context.ConfigurationPropertiesAutoConfiguration

    org.springframework.boot.actuate.autoconfigure.TraceRepositoryAutoConfiguration

    org.springframework.boot.actuate.autoconfigure.MetricRepositoryAutoConfiguration

    org.springframework.boot.autoconfigure.info.ProjectInfoAutoConfiguration



2018-01-08 23:46:32 [main] DEBUG o.s.b.f.s.DefaultListableBeanFactory - Returning cached instance of singleton bean 'resourceHandlerMapping'
2018-01-08 23:46:32 [main] DEBUG o.s.b.f.s.DefaultListableBeanFactory - Returning cached instance of singleton bean 'faviconHandlerMapping'
2018-01-08 23:46:32 [main] DEBUG o.s.b.f.s.DefaultListableBeanFactory - Returning cached instance of singleton bean 'metricWritersMetricExporter'
2018-01-08 23:46:32 [main] DEBUG o.s.b.f.s.DefaultListableBeanFactory - Returning cached instance of singleton bean 'org.springframework.boot.autoconfigure.internalCachingMetadataReaderFactory'
2018-01-08 23:46:32 [main] DEBUG o.s.b.f.s.DefaultListableBeanFactory - Returning cached instance of singleton bean 'org.springframework.boot.context.properties.ConfigurationPropertiesBindingPostProcessor'
2018-01-08 23:46:32 [main] DEBUG o.s.c.e.PropertySourcesPropertyResolver - Could not find key 'spring.liveBeansView.mbeanDomain' in any property source
2018-01-08 23:46:32 [main] INFO  o.s.b.c.e.t.TomcatEmbeddedServletContainer - Tomcat started on port(s): 49184 (http)
2018-01-08 23:46:32 [main] DEBUG o.s.core.env.StandardEnvironment - Adding [server.ports] PropertySource with highest search precedence
2018-01-08 23:46:32 [main] DEBUG o.s.core.env.StandardEnvironment - Adding [server.ports] PropertySource with highest search precedence
2018-01-08 23:46:32 [main] DEBUG o.s.b.f.s.DefaultListableBeanFactory - Returning cached instance of singleton bean 'refreshEventListener'
2018-01-08 23:46:32 [main] DEBUG o.s.t.c.c.DefaultCacheAwareContextLoaderDelegate - Storing ApplicationContext in cache under key [[WebMergedContextConfiguration@473b46c3 testClass = ProductServiceIT, locations = '{}', classes = '{class com.myshop.products.ProductApp, class com.myshop.products.ProductApp}', contextInitializerClasses = '[]', activeProfiles = '{}', propertySourceLocations = '{}', propertySourceProperties = '{org.springframework.boot.test.context.SpringBootTestContextBootstrapper=true, server.port=0}', contextCustomizers = set[org.springframework.boot.test.context.SpringBootTestContextCustomizer@6e6c3152, org.springframework.boot.test.context.filter.ExcludeFilterContextCustomizer@32709393, org.springframework.boot.test.mock.mockito.MockitoContextCustomizer@0, org.springframework.boot.test.autoconfigure.properties.PropertyMappingContextCustomizer@0, org.springframework.boot.test.autoconfigure.web.servlet.WebDriverContextCustomizerFactory$Customizer@10bbd20a], resourceBasePath = 'src/main/webapp', contextLoader = 'org.springframework.boot.test.context.SpringBootContextLoader', parent = [null]]]
2018-01-08 23:46:32 [main] DEBUG o.springframework.test.context.cache - Spring test ApplicationContext cache statistics: [DefaultContextCache@50e5032c size = 1, maxSize = 32, parentContextCount = 0, hitCount = 0, missCount = 1]
2018-01-08 23:46:32 [main] DEBUG o.s.b.f.annotation.InjectionMetadata - Processing injected element of bean 'com.myshop.products.ProductServiceIT': AutowiredFieldElement for private int com.myshop.products.ProductServiceIT.port
2018-01-08 23:46:32 [main] DEBUG o.s.c.e.PropertySourcesPropertyResolver - Found key 'local.server.port' in [server.ports] with type [Integer]
2018-01-08 23:46:32 [main] DEBUG o.s.c.e.PropertySourcesPropertyResolver - Found key 'local.server.port' in [environmentProperties] with type [String]
2018-01-08 23:46:32 [main] DEBUG o.s.b.f.s.DefaultListableBeanFactory - Returning cached instance of singleton bean 'org.springframework.transaction.config.internalTransactionAdvisor'
2018-01-08 23:46:32 [main] DEBUG o.s.t.c.s.AbstractDirtiesContextTestExecutionListener - Before test method: context [DefaultTestContext@15d9bc04 testClass = ProductServiceIT, testInstance = com.myshop.products.ProductServiceIT@dd3b207, testMethod = testFetchProduct@ProductServiceIT, testException = [null], mergedContextConfiguration = [WebMergedContextConfiguration@473b46c3 testClass = ProductServiceIT, locations = '{}', classes = '{class com.myshop.products.ProductApp, class com.myshop.products.ProductApp}', contextInitializerClasses = '[]', activeProfiles = '{}', propertySourceLocations = '{}', propertySourceProperties = '{org.springframework.boot.test.context.SpringBootTestContextBootstrapper=true, server.port=0}', contextCustomizers = set[org.springframework.boot.test.context.SpringBootTestContextCustomizer@6e6c3152, org.springframework.boot.test.context.filter.ExcludeFilterContextCustomizer@32709393, org.springframework.boot.test.mock.mockito.MockitoContextCustomizer@0, org.springframework.boot.test.autoconfigure.properties.PropertyMappingContextCustomizer@0, org.springframework.boot.test.autoconfigure.web.servlet.WebDriverContextCustomizerFactory$Customizer@10bbd20a], resourceBasePath = 'src/main/webapp', contextLoader = 'org.springframework.boot.test.context.SpringBootContextLoader', parent = [null]]], class annotated with @DirtiesContext [false] with mode [null], method annotated with @DirtiesContext [false] with mode [null].
2018-01-08 23:46:32 [main] DEBUG o.s.t.c.c.DefaultCacheAwareContextLoaderDelegate - Retrieved ApplicationContext from cache with key [[WebMergedContextConfiguration@473b46c3 testClass = ProductServiceIT, locations = '{}', classes = '{class com.myshop.products.ProductApp, class com.myshop.products.ProductApp}', contextInitializerClasses = '[]', activeProfiles = '{}', propertySourceLocations = '{}', propertySourceProperties = '{org.springframework.boot.test.context.SpringBootTestContextBootstrapper=true, server.port=0}', contextCustomizers = set[org.springframework.boot.test.context.SpringBootTestContextCustomizer@6e6c3152, org.springframework.boot.test.context.filter.ExcludeFilterContextCustomizer@32709393, org.springframework.boot.test.mock.mockito.MockitoContextCustomizer@0, org.springframework.boot.test.autoconfigure.properties.PropertyMappingContextCustomizer@0, org.springframework.boot.test.autoconfigure.web.servlet.WebDriverContextCustomizerFactory$Customizer@10bbd20a], resourceBasePath = 'src/main/webapp', contextLoader = 'org.springframework.boot.test.context.SpringBootContextLoader', parent = [null]]]
2018-01-08 23:46:32 [main] DEBUG o.springframework.test.context.cache - Spring test ApplicationContext cache statistics: [DefaultContextCache@50e5032c size = 1, maxSize = 32, parentContextCount = 0, hitCount = 1, missCount = 1]
2018-01-08 23:46:32 [main] DEBUG o.s.b.f.s.DefaultListableBeanFactory - Returning cached instance of singleton bean 'org.springframework.context.annotation.internalConfigurationAnnotationProcessor'
2018-01-08 23:46:32 [main] DEBUG o.s.b.f.s.DefaultListableBeanFactory - Returning cached instance of singleton bean 'org.springframework.context.annotation.internalAutowiredAnnotationProcessor'
2018-01-08 23:46:32 [main] DEBUG o.s.b.f.s.DefaultListableBeanFactory - Returning cached instance of singleton bean 'org.springframework.context.annotation.internalRequiredAnnotationProcessor'
2018-01-08 23:46:32 [main] DEBUG o.s.b.f.s.DefaultListableBeanFactory - Returning cached instance of singleton bean 'org.springframework.context.annotation.internalCommonAnnotationProcessor'
2018-01-08 23:46:32 [main] DEBUG o.s.b.f.s.DefaultListableBeanFactory - Returning cached instance of singleton bean 'org.springframework.context.event.internalEventListenerProcessor'
2018-01-08 23:46:32 [main] DEBUG o.s.b.f.s.DefaultListableBeanFactory - Returning cached instance of singleton bean 'org.springframework.context.event.internalEventListenerFactory'
2018-01-08 23:46:32 [main] DEBUG o.s.b.f.s.DefaultListableBeanFactory - Returning cached instance of singleton bean 'testRestTemplate'
2018-01-08 23:46:32 [main] DEBUG o.s.b.f.s.DefaultListableBeanFactory - Returning cached instance of singleton bean 'org.springframework.transaction.config.internalTransactionAdvisor'
2018-01-08 23:46:32 [main] DEBUG o.s.b.f.s.DefaultListableBeanFactory - Returning cached instance of singleton bean 'org.springframework.boot.test.mock.mockito.MockitoPostProcessor$SpyPostProcessor'
2018-01-08 23:46:32 [main] DEBUG o.s.b.f.s.DefaultListableBeanFactory - Returning cached instance of singleton bean 'org.springframework.boot.test.mock.mockito.MockitoPostProcessor'
2018-01-08 23:46:32 [main] DEBUG o.s.b.f.s.DefaultListableBeanFactory - Returning cached instance of singleton bean 'productApp'
2018-01-08 23:46:32 [main] DEBUG o.s.b.f.s.DefaultListableBeanFactory - Returning cached instance of singleton bean 'org.springframework.boot.autoconfigure.internalCachingMetadataReaderFactory'
2018-01-08 23:46:32 [main] DEBUG o.s.b.f.s.DefaultListableBeanFactory - Returning cached instance of singleton bean 'org.springframework.context.annotation.ConfigurationClassPostProcessor.importAwareProcessor'
2018-01-08 23:46:32 [main] DEBUG o.s.b.f.s.DefaultListableBeanFactory - Returning cached instance of singleton bean 'org.springframework.context.annotation.ConfigurationClassPostProcessor.enhancedConfigurationProcessor'
2018-01-08 23:46:32 [main] DEBUG o.s.b.f.s.DefaultListableBeanFactory - Returning cached instance of singleton bean 'commonConfig'
2018-01-08 23:46:32 [main] DEBUG o.s.b.f.s.DefaultListableBeanFactory - Returning cached instance of singleton bean 'productController'
2018-01-08 23:46:32 [main] DEBUG o.s.b.f.s.DefaultListableBeanFactory - Returning cached instance of singleton bean 'productDAOImpl'
2018-01-08 23:46:32 [main] DEBUG o.s.b.f.s.DefaultListableBeanFactory - Returning cached instance of singleton bean 'productServiceImpl'
2018-01-08 23:46:32 [main] DEBUG o.s.b.f.s.DefaultListableBeanFactory - Returning cached instance of singleton bean 'myShopControllerAdvice'
2018-01-08 23:46:32 [main] DEBUG o.s.b.f.s.DefaultListableBeanFactory - Returning cached instance of singleton bean 'loggerfilter'
2018-01-08 23:46:32 [main] DEBUG o.s.b.f.s.DefaultListableBeanFactory - Returning cached instance of singleton bean 'servletComponentRegisteringPostProcessor'
2018-01-08 23:46:32 [main] DEBUG o.s.b.f.s.DefaultListableBeanFactory - Returning cached instance of singleton bean 'org.springframework.cloud.config.server.config.ConfigServerConfiguration'
2018-01-08 23:46:32 [main] DEBUG o.s.b.f.s.DefaultListableBeanFactory - Returning cached instance of singleton bean 'enableConfigServerMarker'
2018-01-08 23:46:32 [main] DEBUG o.s.b.f.s.DefaultListableBeanFactory - Returning cached instance of singleton bean 'org.springframework.boot.autoconfigure.AutoConfigurationPackages'
2018-01-08 23:46:32 [main] DEBUG o.s.b.f.s.DefaultListableBeanFactory - Returning cached instance of singleton bean 'org.springframework.boot.autoconfigure.PropertyPlaceholderAutoConfiguration'
2018-01-08 23:46:32 [main] DEBUG o.s.b.f.s.DefaultListableBeanFactory - Returning cached instance of singleton bean 'org.springframework.boot.autoconfigure.condition.BeanTypeRegistry'
2018-01-08 23:46:32 [main] DEBUG o.s.b.f.s.DefaultListableBeanFactory - Returning cached instance of singleton bean 'propertySourcesPlaceholderConfigurer'
2018-01-08 23:46:32 [main] DEBUG o.s.b.f.s.DefaultListableBeanFactory - Returning cached instance of singleton bean 'org.springframework.boot.autoconfigure.jackson.JacksonAutoConfiguration$Jackson2ObjectMapperBuilderCustomizerConfiguration'
2018-01-08 23:46:32 [main] DEBUG o.s.b.f.s.DefaultListableBeanFactory - Returning cached instance of singleton bean 'standardJacksonObjectMapperBuilderCustomizer'
2018-01-08 23:46:32 [main] DEBUG o.s.b.f.s.DefaultListableBeanFactory - Returning cached instance of singleton bean 'spring.jackson-org.springframework.boot.autoconfigure.jackson.JacksonProperties'
2018-01-08 23:46:32 [main] DEBUG o.s.b.f.s.DefaultListableBeanFactory - Returning cached instance of singleton bean 'org.springframework.boot.context.properties.ConfigurationPropertiesBindingPostProcessor'
2018-01-08 23:46:32 [main] DEBUG o.s.b.f.s.DefaultListableBeanFactory - Returning cached instance of singleton bean 'org.springframework.boot.context.properties.ConfigurationPropertiesBindingPostProcessor.store'
2018-01-08 23:46:32 [main] DEBUG o.s.b.f.s.DefaultListableBeanFactory - Returning cached instance of singleton bean 'org.springframework.boot.autoconfigure.jackson.JacksonAutoConfiguration$JacksonObjectMapperBuilderConfiguration'
2018-01-08 23:46:32 [main] DEBUG o.s.b.f.s.DefaultListableBeanFactory - Returning cached instance of singleton bean 'jacksonObjectMapperBuilder'
2018-01-08 23:46:32 [main] DEBUG o.s.b.f.s.DefaultListableBeanFactory - Returning cached instance of singleton bean 'org.springframework.boot.autoconfigure.jackson.JacksonAutoConfiguration$JacksonObjectMapperConfiguration'
2018-01-08 23:46:32 [main] DEBUG o.s.b.f.s.DefaultListableBeanFactory - Returning cached instance of singleton bean 'jacksonObjectMapper'
2018-01-08 23:46:32 [main] DEBUG o.s.b.f.s.DefaultListableBeanFactory - Returning cached instance of singleton bean 'org.springframework.boot.autoconfigure.jackson.JacksonAutoConfiguration'
2018-01-08 23:46:32 [main] DEBUG o.s.b.f.s.DefaultListableBeanFactory - Returning cached instance of singleton bean 'jsonComponentModule'
2018-01-08 23:46:32 [main] DEBUG o.s.b.f.s.DefaultListableBeanFactory - Returning cached instance of singleton bean 'org.springframework.boot.autoconfigure.websocket.WebSocketAutoConfiguration$TomcatWebSocketConfiguration'
2018-01-08 23:46:32 [main] DEBUG o.s.b.f.s.DefaultListableBeanFactory - Returning cached instance of singleton bean 'websocketContainerCustomizer'
2018-01-08 23:46:32 [main] DEBUG o.s.b.f.s.DefaultListableBeanFactory - Returning cached instance of singleton bean 'org.springframework.boot.autoconfigure.websocket.WebSocketAutoConfiguration'
2018-01-08 23:46:32 [main] DEBUG o.s.b.f.s.DefaultListableBeanFactory - Returning cached instance of singleton bean 'org.springframework.boot.autoconfigure.web.EmbeddedServletContainerAutoConfiguration$EmbeddedTomcat'
2018-01-08 23:46:32 [main] DEBUG o.s.b.f.s.DefaultListableBeanFactory - Returning cached instance of singleton bean 'tomcatEmbeddedServletContainerFactory'
2018-01-08 23:46:32 [main] DEBUG o.s.b.f.s.DefaultListableBeanFactory - Returning cached instance of singleton bean 'org.springframework.boot.autoconfigure.web.EmbeddedServletContainerAutoConfiguration'
2018-01-08 23:46:32 [main] DEBUG o.s.b.f.s.DefaultListableBeanFactory - Returning cached instance of singleton bean 'embeddedServletContainerCustomizerBeanPostProcessor'
2018-01-08 23:46:32 [main] DEBUG o.s.b.f.s.DefaultListableBeanFactory - Returning cached instance of singleton bean 'errorPageRegistrarBeanPostProcessor'
2018-01-08 23:46:32 [main] DEBUG o.s.b.f.s.DefaultListableBeanFactory - Returning cached instance of singleton bean 'org.springframework.boot.autoconfigure.web.DispatcherServletAutoConfiguration$DispatcherServletConfiguration'
2018-01-08 23:46:32 [main] DEBUG o.s.b.f.s.DefaultListableBeanFactory - Returning cached instance of singleton bean 'dispatcherServlet'
2018-01-08 23:46:32 [main] DEBUG o.s.b.f.s.DefaultListableBeanFactory - Returning cached instance of singleton bean 'spring.mvc-org.springframework.boot.autoconfigure.web.WebMvcProperties'
2018-01-08 23:46:32 [main] DEBUG o.s.b.f.s.DefaultListableBeanFactory - Returning cached instance of singleton bean 'org.springframework.boot.autoconfigure.web.DispatcherServletAutoConfiguration$DispatcherServletRegistrationConfiguration'
2018-01-08 23:46:32 [main] DEBUG o.s.b.f.s.DefaultListableBeanFactory - Returning cached instance of singleton bean 'dispatcherServletRegistration'
2018-01-08 23:46:32 [main] DEBUG o.s.b.f.s.DefaultListableBeanFactory - Returning cached instance of singleton bean 'org.springframework.boot.autoconfigure.web.DispatcherServletAutoConfiguration'
2018-01-08 23:46:32 [main] DEBUG o.s.b.f.s.DefaultListableBeanFactory - Returning cached instance of singleton bean 'org.springframework.boot.autoconfigure.web.ErrorMvcAutoConfiguration$WhitelabelErrorViewConfiguration'
2018-01-08 23:46:32 [main] DEBUG o.s.b.f.s.DefaultListableBeanFactory - Returning cached instance of singleton bean 'error'
2018-01-08 23:46:32 [main] DEBUG o.s.b.f.s.DefaultListableBeanFactory - Returning cached instance of singleton bean 'beanNameViewResolver'
2018-01-08 23:46:32 [main] DEBUG o.s.b.f.s.DefaultListableBeanFactory - Returning cached instance of singleton bean 'org.springframework.boot.autoconfigure.web.ErrorMvcAutoConfiguration'
2018-01-08 23:46:32 [main] DEBUG o.s.b.f.s.DefaultListableBeanFactory - Returning cached instance of singleton bean 'errorAttributes'
2018-01-08 23:46:32 [main] DEBUG o.s.b.f.s.DefaultListableBeanFactory - Returning cached instance of singleton bean 'basicErrorController'
2018-01-08 23:46:32 [main] DEBUG o.s.b.f.s.DefaultListableBeanFactory - Returning cached instance of singleton bean 'errorPageCustomizer'
2018-01-08 23:46:32 [main] DEBUG o.s.b.f.s.DefaultListableBeanFactory - Returning cached instance of singleton bean 'conventionErrorViewResolver'
2018-01-08 23:46:32 [main] DEBUG o.s.b.f.s.DefaultListableBeanFactory - Returning cached instance of singleton bean 'preserveErrorControllerTargetClassPostProcessor'
2018-01-08 23:46:32 [main] DEBUG o.s.b.f.s.DefaultListableBeanFactory - Returning cached instance of singleton bean 'spring.resources-org.springframework.boot.autoconfigure.web.ResourceProperties'
2018-01-08 23:46:32 [main] DEBUG o.s.b.f.s.DefaultListableBeanFactory - Returning cached instance of singleton bean 'org.springframework.boot.autoconfigure.web.WebMvcAutoConfiguration$EnableWebMvcConfiguration'
2018-01-08 23:46:32 [main] DEBUG o.s.b.f.s.DefaultListableBeanFactory - Returning cached instance of singleton bean 'requestMappingHandlerAdapter'
2018-01-08 23:46:32 [main] DEBUG o.s.b.f.s.DefaultListableBeanFactory - Returning cached instance of singleton bean 'requestMappingHandlerMapping'
2018-01-08 23:46:32 [main] DEBUG o.s.b.f.s.DefaultListableBeanFactory - Returning cached instance of singleton bean 'mvcPathMatcher'
2018-01-08 23:46:32 [main] DEBUG o.s.b.f.s.DefaultListableBeanFactory - Returning cached instance of singleton bean 'mvcUrlPathHelper'
2018-01-08 23:46:32 [main] DEBUG o.s.b.f.s.DefaultListableBeanFactory - Returning cached instance of singleton bean 'mvcContentNegotiationManager'
2018-01-08 23:46:32 [main] DEBUG o.s.b.f.s.DefaultListableBeanFactory - Returning cached instance of singleton bean 'viewControllerHandlerMapping'
2018-01-08 23:46:32 [main] DEBUG o.s.b.f.s.DefaultListableBeanFactory - Returning cached instance of singleton bean 'beanNameHandlerMapping'
2018-01-08 23:46:32 [main] DEBUG o.s.b.f.s.DefaultListableBeanFactory - Returning cached instance of singleton bean 'resourceHandlerMapping'
2018-01-08 23:46:32 [main] DEBUG o.s.b.f.s.DefaultListableBeanFactory - Returning cached instance of singleton bean 'mvcResourceUrlProvider'
2018-01-08 23:46:32 [main] DEBUG o.s.b.f.s.DefaultListableBeanFactory - Returning cached instance of singleton bean 'defaultServletHandlerMapping'
2018-01-08 23:46:32 [main] DEBUG o.s.b.f.s.DefaultListableBeanFactory - Returning cached instance of singleton bean 'mvcConversionService'
2018-01-08 23:46:32 [main] DEBUG o.s.b.f.s.DefaultListableBeanFactory - Returning cached instance of singleton bean 'mvcValidator'
2018-01-08 23:46:32 [main] DEBUG o.s.b.f.s.DefaultListableBeanFactory - Returning cached instance of singleton bean 'mvcUriComponentsContributor'
2018-01-08 23:46:32 [main] DEBUG o.s.b.f.s.DefaultListableBeanFactory - Returning cached instance of singleton bean 'httpRequestHandlerAdapter'
2018-01-08 23:46:32 [main] DEBUG o.s.b.f.s.DefaultListableBeanFactory - Returning cached instance of singleton bean 'simpleControllerHandlerAdapter'
2018-01-08 23:46:32 [main] DEBUG o.s.b.f.s.DefaultListableBeanFactory - Returning cached instance of singleton bean 'handlerExceptionResolver'
2018-01-08 23:46:32 [main] DEBUG o.s.b.f.s.DefaultListableBeanFactory - Returning cached instance of singleton bean 'mvcViewResolver'
2018-01-08 23:46:32 [main] DEBUG o.s.b.f.s.DefaultListableBeanFactory - Returning cached instance of singleton bean 'org.springframework.boot.autoconfigure.web.WebMvcAutoConfiguration$WebMvcAutoConfigurationAdapter$FaviconConfiguration'
2018-01-08 23:46:32 [main] DEBUG o.s.b.f.s.DefaultListableBeanFactory - Returning cached instance of singleton bean 'faviconHandlerMapping'
2018-01-08 23:46:32 [main] DEBUG o.s.b.f.s.DefaultListableBeanFactory - Returning cached instance of singleton bean 'faviconRequestHandler'
2018-01-08 23:46:32 [main] DEBUG o.s.b.f.s.DefaultListableBeanFactory - Returning cached instance of singleton bean 'org.springframework.boot.autoconfigure.web.WebMvcAutoConfiguration$WebMvcAutoConfigurationAdapter'
2018-01-08 23:46:32 [main] DEBUG o.s.b.f.s.DefaultListableBeanFactory - Returning cached instance of singleton bean 'defaultViewResolver'
2018-01-08 23:46:32 [main] DEBUG o.s.b.f.s.DefaultListableBeanFactory - Returning cached instance of singleton bean 'viewResolver'
2018-01-08 23:46:32 [main] DEBUG o.s.b.f.s.DefaultListableBeanFactory - Returning cached instance of singleton bean 'welcomePageHandlerMapping'
2018-01-08 23:46:32 [main] DEBUG o.s.b.f.s.DefaultListableBeanFactory - Returning cached instance of singleton bean 'requestContextFilter'
2018-01-08 23:46:32 [main] DEBUG o.s.b.f.s.DefaultListableBeanFactory - Returning cached instance of singleton bean 'org.springframework.boot.autoconfigure.web.WebMvcAutoConfiguration'
2018-01-08 23:46:32 [main] DEBUG o.s.b.f.s.DefaultListableBeanFactory - Returning cached instance of singleton bean 'hiddenHttpMethodFilter'
2018-01-08 23:46:32 [main] DEBUG o.s.b.f.s.DefaultListableBeanFactory - Returning cached instance of singleton bean 'httpPutFormContentFilter'
2018-01-08 23:46:32 [main] DEBUG o.s.b.f.s.DefaultListableBeanFactory - Returning cached instance of singleton bean 'org.springframework.cloud.commons.util.UtilAutoConfiguration'
2018-01-08 23:46:32 [main] DEBUG o.s.b.f.s.DefaultListableBeanFactory - Returning cached instance of singleton bean 'inetUtilsProperties'
2018-01-08 23:46:32 [main] DEBUG o.s.b.f.s.DefaultListableBeanFactory - Returning cached instance of singleton bean 'inetUtils'
2018-01-08 23:46:32 [main] DEBUG o.s.b.f.s.DefaultListableBeanFactory - Returning cached instance of singleton bean 'org.springframework.boot.actuate.autoconfigure.AuditAutoConfiguration$AuditEventRepositoryConfiguration'
2018-01-08 23:46:32 [main] DEBUG o.s.b.f.s.DefaultListableBeanFactory - Returning cached instance of singleton bean 'auditEventRepository'
2018-01-08 23:46:32 [main] DEBUG o.s.b.f.s.DefaultListableBeanFactory - Returning cached instance of singleton bean 'org.springframework.boot.actuate.autoconfigure.AuditAutoConfiguration'
2018-01-08 23:46:32 [main] DEBUG o.s.b.f.s.DefaultListableBeanFactory - Returning cached instance of singleton bean 'auditListener'
2018-01-08 23:46:32 [main] DEBUG o.s.b.f.s.DefaultListableBeanFactory - Returning cached instance of singleton bean 'org.springframework.boot.autoconfigure.jdbc.DataSourceConfiguration$Tomcat'
2018-01-08 23:46:32 [main] DEBUG o.s.b.f.s.DefaultListableBeanFactory - Returning cached instance of singleton bean 'dataSource'
2018-01-08 23:46:32 [main] DEBUG o.s.b.f.s.DefaultListableBeanFactory - Returning cached instance of singleton bean 'org.springframework.boot.autoconfigure.jdbc.DataSourceAutoConfiguration$PooledDataSourceConfiguration'
2018-01-08 23:46:32 [main] DEBUG o.s.b.f.s.DefaultListableBeanFactory - Returning cached instance of singleton bean 'org.springframework.boot.autoconfigure.jdbc.metadata.DataSourcePoolMetadataProvidersConfiguration$TomcatDataSourcePoolMetadataProviderConfiguration'
2018-01-08 23:46:32 [main] DEBUG o.s.b.f.s.DefaultListableBeanFactory - Returning cached instance of singleton bean 'tomcatPoolDataSourceMetadataProvider'
2018-01-08 23:46:32 [main] DEBUG o.s.b.f.s.DefaultListableBeanFactory - Returning cached instance of singleton bean 'org.springframework.boot.autoconfigure.jdbc.metadata.DataSourcePoolMetadataProvidersConfiguration'
2018-01-08 23:46:32 [main] DEBUG o.s.b.f.s.DefaultListableBeanFactory - Returning cached instance of singleton bean 'org.springframework.boot.autoconfigure.jdbc.DataSourceAutoConfiguration'
2018-01-08 23:46:32 [main] DEBUG o.s.b.f.s.DefaultListableBeanFactory - Returning cached instance of singleton bean 'dataSourceInitializer'
2018-01-08 23:46:32 [main] DEBUG o.s.b.f.s.DefaultListableBeanFactory - Returning cached instance of singleton bean 'spring.datasource-org.springframework.boot.autoconfigure.jdbc.DataSourceProperties'
2018-01-08 23:46:32 [main] DEBUG o.s.b.f.s.DefaultListableBeanFactory - Returning cached instance of singleton bean 'dataSourceInitializerPostProcessor'
2018-01-08 23:46:32 [main] DEBUG o.s.b.f.s.DefaultListableBeanFactory - Returning cached instance of singleton bean 'org.springframework.boot.autoconfigure.info.ProjectInfoAutoConfiguration'
2018-01-08 23:46:32 [main] DEBUG o.s.b.f.s.DefaultListableBeanFactory - Returning cached instance of singleton bean 'spring.info-org.springframework.boot.autoconfigure.info.ProjectInfoProperties'
2018-01-08 23:46:32 [main] DEBUG o.s.b.f.s.DefaultListableBeanFactory - Returning cached instance of singleton bean 'org.springframework.boot.actuate.autoconfigure.InfoContributorAutoConfiguration'
2018-01-08 23:46:32 [main] DEBUG o.s.b.f.s.DefaultListableBeanFactory - Returning cached instance of singleton bean 'envInfoContributor'
2018-01-08 23:46:32 [main] DEBUG o.s.b.f.s.DefaultListableBeanFactory - Returning cached instance of singleton bean 'management.info-org.springframework.boot.actuate.autoconfigure.InfoContributorProperties'
2018-01-08 23:46:32 [main] DEBUG o.s.b.f.s.DefaultListableBeanFactory - Returning cached instance of singleton bean 'org.springframework.boot.actuate.autoconfigure.HealthIndicatorAutoConfiguration$DiskSpaceHealthIndicatorConfiguration'
2018-01-08 23:46:32 [main] DEBUG o.s.b.f.s.DefaultListableBeanFactory - Returning cached instance of singleton bean 'diskSpaceHealthIndicator'
2018-01-08 23:46:32 [main] DEBUG o.s.b.f.s.DefaultListableBeanFactory - Returning cached instance of singleton bean 'diskSpaceHealthIndicatorProperties'
2018-01-08 23:46:32 [main] DEBUG o.s.b.f.s.DefaultListableBeanFactory - Returning cached instance of singleton bean 'org.springframework.boot.actuate.autoconfigure.HealthIndicatorAutoConfiguration$DataSourcesHealthIndicatorConfiguration'
2018-01-08 23:46:32 [main] DEBUG o.s.b.f.s.DefaultListableBeanFactory - Returning cached instance of singleton bean 'dbHealthIndicator'
2018-01-08 23:46:32 [main] DEBUG o.s.b.f.s.DefaultListableBeanFactory - Returning cached instance of singleton bean 'org.springframework.boot.actuate.autoconfigure.HealthIndicatorAutoConfiguration'
2018-01-08 23:46:32 [main] DEBUG o.s.b.f.s.DefaultListableBeanFactory - Returning cached instance of singleton bean 'healthAggregator'
2018-01-08 23:46:32 [main] DEBUG o.s.b.f.s.DefaultListableBeanFactory - Returning cached instance of singleton bean 'management.health.status-org.springframework.boot.actuate.autoconfigure.HealthIndicatorProperties'
2018-01-08 23:46:32 [main] DEBUG o.s.b.f.s.DefaultListableBeanFactory - Returning cached instance of singleton bean 'org.springframework.boot.actuate.autoconfigure.MetricRepositoryAutoConfiguration$FastMetricServicesConfiguration'
2018-01-08 23:46:32 [main] DEBUG o.s.b.f.s.DefaultListableBeanFactory - Returning cached instance of singleton bean 'counterBuffers'
2018-01-08 23:46:32 [main] DEBUG o.s.b.f.s.DefaultListableBeanFactory - Returning cached instance of singleton bean 'gaugeBuffers'
2018-01-08 23:46:32 [main] DEBUG o.s.b.f.s.DefaultListableBeanFactory - Returning cached instance of singleton bean 'actuatorMetricReader'
2018-01-08 23:46:32 [main] DEBUG o.s.b.f.s.DefaultListableBeanFactory - Returning cached instance of singleton bean 'counterService'
2018-01-08 23:46:32 [main] DEBUG o.s.b.f.s.DefaultListableBeanFactory - Returning cached instance of singleton bean 'gaugeService'
2018-01-08 23:46:32 [main] DEBUG o.s.b.f.s.DefaultListableBeanFactory - Returning cached instance of singleton bean 'org.springframework.boot.actuate.autoconfigure.MetricRepositoryAutoConfiguration'
2018-01-08 23:46:32 [main] DEBUG o.s.b.f.s.DefaultListableBeanFactory - Returning cached instance of singleton bean 'org.springframework.boot.actuate.autoconfigure.PublicMetricsAutoConfiguration$TomcatMetricsConfiguration'
2018-01-08 23:46:32 [main] DEBUG o.s.b.f.s.DefaultListableBeanFactory - Returning cached instance of singleton bean 'tomcatPublicMetrics'
2018-01-08 23:46:32 [main] DEBUG o.s.b.f.s.DefaultListableBeanFactory - Returning cached instance of singleton bean 'org.springframework.boot.actuate.autoconfigure.PublicMetricsAutoConfiguration$DataSourceMetricsConfiguration'
2018-01-08 23:46:32 [main] DEBUG o.s.b.f.s.DefaultListableBeanFactory - Returning cached instance of singleton bean 'dataSourcePublicMetrics'
2018-01-08 23:46:32 [main] DEBUG o.s.b.f.s.DefaultListableBeanFactory - Returning cached instance of singleton bean 'org.springframework.boot.actuate.autoconfigure.PublicMetricsAutoConfiguration'
2018-01-08 23:46:32 [main] DEBUG o.s.b.f.s.DefaultListableBeanFactory - Returning cached instance of singleton bean 'systemPublicMetrics'
2018-01-08 23:46:32 [main] DEBUG o.s.b.f.s.DefaultListableBeanFactory - Returning cached instance of singleton bean 'metricReaderPublicMetrics'
2018-01-08 23:46:32 [main] DEBUG o.s.b.f.s.DefaultListableBeanFactory - Returning cached instance of singleton bean 'org.springframework.boot.actuate.autoconfigure.EndpointAutoConfiguration$RequestMappingEndpointConfiguration'
2018-01-08 23:46:32 [main] DEBUG o.s.b.f.s.DefaultListableBeanFactory - Returning cached instance of singleton bean 'requestMappingEndpoint'
2018-01-08 23:46:32 [main] DEBUG o.s.b.f.s.DefaultListableBeanFactory - Returning cached instance of singleton bean 'org.springframework.boot.actuate.autoconfigure.EndpointAutoConfiguration'
2018-01-08 23:46:32 [main] DEBUG o.s.b.f.s.DefaultListableBeanFactory - Returning cached instance of singleton bean 'environmentEndpoint'
2018-01-08 23:46:32 [main] DEBUG o.s.b.f.s.DefaultListableBeanFactory - Returning cached instance of singleton bean 'healthEndpoint'
2018-01-08 23:46:32 [main] DEBUG o.s.b.f.s.DefaultListableBeanFactory - Returning cached instance of singleton bean 'beansEndpoint'
2018-01-08 23:46:32 [main] DEBUG o.s.b.f.s.DefaultListableBeanFactory - Returning cached instance of singleton bean 'infoEndpoint'
2018-01-08 23:46:32 [main] DEBUG o.s.b.f.s.DefaultListableBeanFactory - Returning cached instance of singleton bean 'metricsEndpoint'
2018-01-08 23:46:32 [main] DEBUG o.s.b.f.s.DefaultListableBeanFactory - Returning cached instance of singleton bean 'traceEndpoint'
2018-01-08 23:46:32 [main] DEBUG o.s.b.f.s.DefaultListableBeanFactory - Returning cached instance of singleton bean 'dumpEndpoint'
2018-01-08 23:46:32 [main] DEBUG o.s.b.f.s.DefaultListableBeanFactory - Returning cached instance of singleton bean 'autoConfigurationReportEndpoint'
2018-01-08 23:46:32 [main] DEBUG o.s.b.f.s.DefaultListableBeanFactory - Returning cached instance of singleton bean 'shutdownEndpoint'
2018-01-08 23:46:32 [main] DEBUG o.s.b.f.s.DefaultListableBeanFactory - Returning cached instance of singleton bean 'configurationPropertiesReportEndpoint'
2018-01-08 23:46:32 [main] DEBUG o.s.b.f.s.DefaultListableBeanFactory - Returning cached instance of singleton bean 'endpoints-org.springframework.boot.actuate.endpoint.EndpointProperties'
2018-01-08 23:46:32 [main] DEBUG o.s.b.f.s.DefaultListableBeanFactory - Returning cached instance of singleton bean 'org.springframework.boot.autoconfigure.web.ServerPropertiesAutoConfiguration'
2018-01-08 23:46:32 [main] DEBUG o.s.b.f.s.DefaultListableBeanFactory - Returning cached instance of singleton bean 'serverProperties'
2018-01-08 23:46:32 [main] DEBUG o.s.b.f.s.DefaultListableBeanFactory - Returning cached instance of singleton bean 'duplicateServerPropertiesDetector'
2018-01-08 23:46:32 [main] DEBUG o.s.b.f.s.DefaultListableBeanFactory - Returning cached instance of singleton bean 'org.springframework.boot.actuate.autoconfigure.ManagementServerPropertiesAutoConfiguration'
2018-01-08 23:46:32 [main] DEBUG o.s.b.f.s.DefaultListableBeanFactory - Returning cached instance of singleton bean 'managementServerProperties'
2018-01-08 23:46:32 [main] DEBUG o.s.b.f.s.DefaultListableBeanFactory - Returning cached instance of singleton bean 'org.springframework.boot.autoconfigure.web.HttpMessageConvertersAutoConfiguration$StringHttpMessageConverterConfiguration'
2018-01-08 23:46:32 [main] DEBUG o.s.b.f.s.DefaultListableBeanFactory - Returning cached instance of singleton bean 'stringHttpMessageConverter'
2018-01-08 23:46:32 [main] DEBUG o.s.b.f.s.DefaultListableBeanFactory - Returning cached instance of singleton bean 'spring.http.encoding-org.springframework.boot.autoconfigure.web.HttpEncodingProperties'
2018-01-08 23:46:32 [main] DEBUG o.s.b.f.s.DefaultListableBeanFactory - Returning cached instance of singleton bean 'org.springframework.boot.autoconfigure.web.JacksonHttpMessageConvertersConfiguration$MappingJackson2XmlHttpMessageConverterConfiguration'
2018-01-08 23:46:32 [main] DEBUG o.s.b.f.s.DefaultListableBeanFactory - Returning cached instance of singleton bean 'mappingJackson2XmlHttpMessageConverter'
2018-01-08 23:46:32 [main] DEBUG o.s.b.f.s.DefaultListableBeanFactory - Returning cached instance of singleton bean 'org.springframework.boot.autoconfigure.web.JacksonHttpMessageConvertersConfiguration$MappingJackson2HttpMessageConverterConfiguration'
2018-01-08 23:46:32 [main] DEBUG o.s.b.f.s.DefaultListableBeanFactory - Returning cached instance of singleton bean 'mappingJackson2HttpMessageConverter'
2018-01-08 23:46:32 [main] DEBUG o.s.b.f.s.DefaultListableBeanFactory - Returning cached instance of singleton bean 'org.springframework.boot.autoconfigure.web.JacksonHttpMessageConvertersConfiguration'
2018-01-08 23:46:32 [main] DEBUG o.s.b.f.s.DefaultListableBeanFactory - Returning cached instance of singleton bean 'org.springframework.boot.autoconfigure.web.HttpMessageConvertersAutoConfiguration'
2018-01-08 23:46:32 [main] DEBUG o.s.b.f.s.DefaultListableBeanFactory - Returning cached instance of singleton bean 'messageConverters'
2018-01-08 23:46:32 [main] DEBUG o.s.b.f.s.DefaultListableBeanFactory - Returning cached instance of singleton bean 'org.springframework.boot.actuate.autoconfigure.EndpointWebMvcManagementContextConfiguration'
2018-01-08 23:46:32 [main] DEBUG o.s.b.f.s.DefaultListableBeanFactory - Returning cached instance of singleton bean 'endpointHandlerMapping'
2018-01-08 23:46:32 [main] DEBUG o.s.b.f.s.DefaultListableBeanFactory - Returning cached instance of singleton bean 'mvcEndpoints'
2018-01-08 23:46:32 [main] DEBUG o.s.b.f.s.DefaultListableBeanFactory - Returning cached instance of singleton bean 'environmentMvcEndpoint'
2018-01-08 23:46:32 [main] DEBUG o.s.b.f.s.DefaultListableBeanFactory - Returning cached instance of singleton bean 'heapdumpMvcEndpoint'
2018-01-08 23:46:32 [main] DEBUG o.s.b.f.s.DefaultListableBeanFactory - Returning cached instance of singleton bean 'healthMvcEndpoint'
2018-01-08 23:46:32 [main] DEBUG o.s.b.f.s.DefaultListableBeanFactory - Returning cached instance of singleton bean 'metricsMvcEndpoint'
2018-01-08 23:46:32 [main] DEBUG o.s.b.f.s.DefaultListableBeanFactory - Returning cached instance of singleton bean 'endpoints.health-org.springframework.boot.actuate.autoconfigure.HealthMvcEndpointProperties'
2018-01-08 23:46:32 [main] DEBUG o.s.b.f.s.DefaultListableBeanFactory - Returning cached instance of singleton bean 'endpoints.cors-org.springframework.boot.actuate.autoconfigure.EndpointCorsProperties'
2018-01-08 23:46:32 [main] DEBUG o.s.b.f.s.DefaultListableBeanFactory - Returning cached instance of singleton bean 'org.springframework.boot.actuate.autoconfigure.EndpointWebMvcAutoConfiguration$EndpointWebMvcConfiguration'
2018-01-08 23:46:32 [main] DEBUG o.s.b.f.s.DefaultListableBeanFactory - Returning cached instance of singleton bean 'org.springframework.boot.actuate.autoconfigure.EndpointWebMvcAutoConfiguration$ApplicationContextFilterConfiguration'
2018-01-08 23:46:32 [main] DEBUG o.s.b.f.s.DefaultListableBeanFactory - Returning cached instance of singleton bean 'applicationContextIdFilter'
2018-01-08 23:46:32 [main] DEBUG o.s.b.f.s.DefaultListableBeanFactory - Returning cached instance of singleton bean 'org.springframework.boot.actuate.autoconfigure.EndpointWebMvcAutoConfiguration'
2018-01-08 23:46:32 [main] DEBUG o.s.b.f.s.DefaultListableBeanFactory - Returning cached instance of singleton bean 'managementContextResolver'
2018-01-08 23:46:32 [main] DEBUG o.s.b.f.s.DefaultListableBeanFactory - Returning cached instance of singleton bean 'managementServletContext'
2018-01-08 23:46:32 [main] DEBUG o.s.b.f.s.DefaultListableBeanFactory - Returning cached instance of singleton bean 'org.springframework.boot.actuate.autoconfigure.MetricExportAutoConfiguration$MetricExportPropertiesConfiguration'
2018-01-08 23:46:32 [main] DEBUG o.s.b.f.s.DefaultListableBeanFactory - Returning cached instance of singleton bean 'spring.metrics.export-org.springframework.boot.actuate.metrics.export.MetricExportProperties'
2018-01-08 23:46:32 [main] DEBUG o.s.b.f.s.DefaultListableBeanFactory - Returning cached instance of singleton bean 'org.springframework.boot.actuate.autoconfigure.MetricExportAutoConfiguration$StatsdConfiguration'
2018-01-08 23:46:32 [main] DEBUG o.s.b.f.s.DefaultListableBeanFactory - Returning cached instance of singleton bean 'org.springframework.scheduling.annotation.SchedulingConfiguration'
2018-01-08 23:46:32 [main] DEBUG o.s.b.f.s.DefaultListableBeanFactory - Returning cached instance of singleton bean 'org.springframework.context.annotation.internalScheduledAnnotationProcessor'
2018-01-08 23:46:32 [main] DEBUG o.s.b.f.s.DefaultListableBeanFactory - Returning cached instance of singleton bean 'org.springframework.boot.actuate.autoconfigure.MetricExportAutoConfiguration'
2018-01-08 23:46:32 [main] DEBUG o.s.b.f.s.DefaultListableBeanFactory - Returning cached instance of singleton bean 'metricWritersMetricExporter'
2018-01-08 23:46:32 [main] DEBUG o.s.b.f.s.DefaultListableBeanFactory - Returning cached instance of singleton bean 'org.springframework.boot.actuate.autoconfigure.MetricFilterAutoConfiguration'
2018-01-08 23:46:32 [main] DEBUG o.s.b.f.s.DefaultListableBeanFactory - Returning cached instance of singleton bean 'metricsFilter'
2018-01-08 23:46:32 [main] DEBUG o.s.b.f.s.DefaultListableBeanFactory - Returning cached instance of singleton bean 'endpoints.metrics.filter-org.springframework.boot.actuate.autoconfigure.MetricFilterProperties'
2018-01-08 23:46:32 [main] DEBUG o.s.b.f.s.DefaultListableBeanFactory - Returning cached instance of singleton bean 'org.springframework.boot.actuate.autoconfigure.TraceRepositoryAutoConfiguration'
2018-01-08 23:46:32 [main] DEBUG o.s.b.f.s.DefaultListableBeanFactory - Returning cached instance of singleton bean 'traceRepository'
2018-01-08 23:46:32 [main] DEBUG o.s.b.f.s.DefaultListableBeanFactory - Returning cached instance of singleton bean 'org.springframework.boot.actuate.autoconfigure.TraceWebFilterAutoConfiguration'
2018-01-08 23:46:32 [main] DEBUG o.s.b.f.s.DefaultListableBeanFactory - Returning cached instance of singleton bean 'webRequestLoggingFilter'
2018-01-08 23:46:32 [main] DEBUG o.s.b.f.s.DefaultListableBeanFactory - Returning cached instance of singleton bean 'management.trace-org.springframework.boot.actuate.trace.TraceProperties'
2018-01-08 23:46:32 [main] DEBUG o.s.b.f.s.DefaultListableBeanFactory - Returning cached instance of singleton bean 'org.springframework.boot.autoconfigure.context.ConfigurationPropertiesAutoConfiguration'
2018-01-08 23:46:32 [main] DEBUG o.s.b.f.s.DefaultListableBeanFactory - Returning cached instance of singleton bean 'org.springframework.boot.autoconfigure.dao.PersistenceExceptionTranslationAutoConfiguration'
2018-01-08 23:46:32 [main] DEBUG o.s.b.f.s.DefaultListableBeanFactory - Returning cached instance of singleton bean 'persistenceExceptionTranslationPostProcessor'
2018-01-08 23:46:32 [main] DEBUG o.s.b.f.s.DefaultListableBeanFactory - Returning cached instance of singleton bean 'org.springframework.transaction.annotation.ProxyTransactionManagementConfiguration'
2018-01-08 23:46:32 [main] DEBUG o.s.b.f.s.DefaultListableBeanFactory - Returning cached instance of singleton bean 'org.springframework.transaction.config.internalTransactionAdvisor'
2018-01-08 23:46:32 [main] DEBUG o.s.b.f.s.DefaultListableBeanFactory - Returning cached instance of singleton bean 'transactionAttributeSource'
2018-01-08 23:46:32 [main] DEBUG o.s.b.f.s.DefaultListableBeanFactory - Returning cached instance of singleton bean 'transactionInterceptor'
2018-01-08 23:46:32 [main] DEBUG o.s.b.f.s.DefaultListableBeanFactory - Returning cached instance of singleton bean 'org.springframework.transaction.config.internalTransactionalEventListenerFactory'
2018-01-08 23:46:32 [main] DEBUG o.s.b.f.s.DefaultListableBeanFactory - Returning cached instance of singleton bean 'org.springframework.boot.autoconfigure.jdbc.DataSourceTransactionManagerAutoConfiguration$TransactionManagementConfiguration'
2018-01-08 23:46:32 [main] DEBUG o.s.b.f.s.DefaultListableBeanFactory - Returning cached instance of singleton bean 'org.springframework.aop.config.internalAutoProxyCreator'
2018-01-08 23:46:32 [main] DEBUG o.s.b.f.s.DefaultListableBeanFactory - Returning cached instance of singleton bean 'org.springframework.boot.autoconfigure.jdbc.DataSourceTransactionManagerAutoConfiguration$DataSourceTransactionManagerConfiguration'
2018-01-08 23:46:32 [main] DEBUG o.s.b.f.s.DefaultListableBeanFactory - Returning cached instance of singleton bean 'transactionManager'
2018-01-08 23:46:32 [main] DEBUG o.s.b.f.s.DefaultListableBeanFactory - Returning cached instance of singleton bean 'org.springframework.boot.autoconfigure.jdbc.DataSourceTransactionManagerAutoConfiguration'
2018-01-08 23:46:32 [main] DEBUG o.s.b.f.s.DefaultListableBeanFactory - Returning cached instance of singleton bean 'org.springframework.boot.autoconfigure.jdbc.JdbcTemplateAutoConfiguration'
2018-01-08 23:46:32 [main] DEBUG o.s.b.f.s.DefaultListableBeanFactory - Returning cached instance of singleton bean 'jdbcTemplate'
2018-01-08 23:46:32 [main] DEBUG o.s.b.f.s.DefaultListableBeanFactory - Returning cached instance of singleton bean 'namedParameterJdbcTemplate'
2018-01-08 23:46:32 [main] DEBUG o.s.b.f.s.DefaultListableBeanFactory - Returning cached instance of singleton bean 'org.springframework.boot.autoconfigure.transaction.TransactionAutoConfiguration'
2018-01-08 23:46:32 [main] DEBUG o.s.b.f.s.DefaultListableBeanFactory - Returning cached instance of singleton bean 'transactionTemplate'
2018-01-08 23:46:32 [main] DEBUG o.s.b.f.s.DefaultListableBeanFactory - Returning cached instance of singleton bean 'org.springframework.boot.autoconfigure.web.HttpEncodingAutoConfiguration'
2018-01-08 23:46:32 [main] DEBUG o.s.b.f.s.DefaultListableBeanFactory - Returning cached instance of singleton bean 'characterEncodingFilter'
2018-01-08 23:46:32 [main] DEBUG o.s.b.f.s.DefaultListableBeanFactory - Returning cached instance of singleton bean 'localeCharsetMappingsCustomizer'
2018-01-08 23:46:32 [main] DEBUG o.s.b.f.s.DefaultListableBeanFactory - Returning cached instance of singleton bean 'org.springframework.boot.autoconfigure.web.MultipartAutoConfiguration'
2018-01-08 23:46:32 [main] DEBUG o.s.b.f.s.DefaultListableBeanFactory - Returning cached instance of singleton bean 'multipartConfigElement'
2018-01-08 23:46:32 [main] DEBUG o.s.b.f.s.DefaultListableBeanFactory - Returning cached instance of singleton bean 'multipartResolver'
2018-01-08 23:46:32 [main] DEBUG o.s.b.f.s.DefaultListableBeanFactory - Returning cached instance of singleton bean 'spring.http.multipart-org.springframework.boot.autoconfigure.web.MultipartProperties'
2018-01-08 23:46:32 [main] DEBUG o.s.b.f.s.DefaultListableBeanFactory - Returning cached instance of singleton bean 'org.springframework.boot.autoconfigure.web.WebClientAutoConfiguration$RestTemplateConfiguration'
2018-01-08 23:46:32 [main] DEBUG o.s.b.f.s.DefaultListableBeanFactory - Returning cached instance of singleton bean 'restTemplateBuilder'
2018-01-08 23:46:32 [main] DEBUG o.s.b.f.s.DefaultListableBeanFactory - Returning cached instance of singleton bean 'org.springframework.boot.autoconfigure.web.WebClientAutoConfiguration'
2018-01-08 23:46:32 [main] DEBUG o.s.b.f.s.DefaultListableBeanFactory - Returning cached instance of singleton bean 'org.springframework.cloud.autoconfigure.ConfigurationPropertiesRebinderAutoConfiguration'
2018-01-08 23:46:32 [main] DEBUG o.s.b.f.s.DefaultListableBeanFactory - Returning cached instance of singleton bean 'configurationPropertiesBeans'
2018-01-08 23:46:32 [main] DEBUG o.s.b.f.s.DefaultListableBeanFactory - Returning cached instance of singleton bean 'configurationPropertiesRebinder'
2018-01-08 23:46:32 [main] DEBUG o.s.b.f.s.DefaultListableBeanFactory - Returning cached instance of singleton bean 'org.springframework.cloud.autoconfigure.RefreshEndpointAutoConfiguration$RefreshEndpointConfiguration'
2018-01-08 23:46:32 [main] DEBUG o.s.b.f.s.DefaultListableBeanFactory - Returning cached instance of singleton bean 'refreshEndpoint'
2018-01-08 23:46:32 [main] DEBUG o.s.b.f.s.DefaultListableBeanFactory - Returning cached instance of singleton bean 'refreshEventListener'
2018-01-08 23:46:32 [main] DEBUG o.s.b.f.s.DefaultListableBeanFactory - Returning cached instance of singleton bean 'org.springframework.cloud.autoconfigure.RefreshEndpointAutoConfiguration$RestartEndpointWithoutIntegration'
2018-01-08 23:46:32 [main] DEBUG o.s.b.f.s.DefaultListableBeanFactory - Returning cached instance of singleton bean 'restartEndpoint'
2018-01-08 23:46:32 [main] DEBUG o.s.b.f.s.DefaultListableBeanFactory - Returning cached instance of singleton bean 'org.springframework.cloud.autoconfigure.RefreshEndpointAutoConfiguration'
2018-01-08 23:46:32 [main] DEBUG o.s.b.f.s.DefaultListableBeanFactory - Returning cached instance of singleton bean 'refreshScopeHealthIndicator'
2018-01-08 23:46:32 [main] DEBUG o.s.b.f.s.DefaultListableBeanFactory - Returning cached instance of singleton bean 'pauseEndpoint'
2018-01-08 23:46:32 [main] DEBUG o.s.b.f.s.DefaultListableBeanFactory - Returning cached instance of singleton bean 'resumeEndpoint'
2018-01-08 23:46:32 [main] DEBUG o.s.b.f.s.DefaultListableBeanFactory - Returning cached instance of singleton bean 'org.springframework.cloud.autoconfigure.LifecycleMvcEndpointAutoConfiguration'
2018-01-08 23:46:32 [main] DEBUG o.s.b.f.s.DefaultListableBeanFactory - Returning cached instance of singleton bean 'environmentManagerEndpoint'
2018-01-08 23:46:32 [main] DEBUG o.s.b.f.s.DefaultListableBeanFactory - Returning cached instance of singleton bean 'refreshMvcEndpoint'
2018-01-08 23:46:32 [main] DEBUG o.s.b.f.s.DefaultListableBeanFactory - Returning cached instance of singleton bean 'restartMvcEndpoint'
2018-01-08 23:46:32 [main] DEBUG o.s.b.f.s.DefaultListableBeanFactory - Returning cached instance of singleton bean 'pauseMvcEndpoint'
2018-01-08 23:46:32 [main] DEBUG o.s.b.f.s.DefaultListableBeanFactory - Returning cached instance of singleton bean 'resumeMvcEndpoint'
2018-01-08 23:46:32 [main] DEBUG o.s.b.f.s.DefaultListableBeanFactory - Returning cached instance of singleton bean 'org.springframework.cloud.autoconfigure.RefreshAutoConfiguration$RefreshScopeConfiguration'
2018-01-08 23:46:32 [main] DEBUG o.s.b.f.s.DefaultListableBeanFactory - Returning cached instance of singleton bean 'org.springframework.cloud.autoconfigure.RefreshAutoConfiguration'
2018-01-08 23:46:32 [main] DEBUG o.s.b.f.s.DefaultListableBeanFactory - Returning cached instance of singleton bean 'loggingRebinder'
2018-01-08 23:46:32 [main] DEBUG o.s.b.f.s.DefaultListableBeanFactory - Returning cached instance of singleton bean 'environmentManager'
2018-01-08 23:46:32 [main] DEBUG o.s.b.f.s.DefaultListableBeanFactory - Returning cached instance of singleton bean 'contextRefresher'
2018-01-08 23:46:32 [main] DEBUG o.s.b.f.s.DefaultListableBeanFactory - Returning cached instance of singleton bean 'org.springframework.cloud.client.discovery.noop.NoopDiscoveryClientAutoConfiguration'
2018-01-08 23:46:32 [main] DEBUG o.s.b.f.s.DefaultListableBeanFactory - Returning cached instance of singleton bean 'discoveryClient'
2018-01-08 23:46:32 [main] DEBUG o.s.b.f.s.DefaultListableBeanFactory - Returning cached instance of singleton bean 'org.springframework.cloud.config.client.ConfigClientAutoConfiguration'
2018-01-08 23:46:32 [main] DEBUG o.s.b.f.s.DefaultListableBeanFactory - Returning cached instance of singleton bean 'configClientProperties'
2018-01-08 23:46:32 [main] DEBUG o.s.b.f.s.DefaultListableBeanFactory - Returning cached instance of singleton bean 'configClientHealthProperties'
2018-01-08 23:46:32 [main] DEBUG o.s.b.f.s.DefaultListableBeanFactory - Returning cached instance of singleton bean 'org.springframework.cloud.config.server.config.EnvironmentRepositoryConfiguration$DefaultEnvironmentWatch'
2018-01-08 23:46:32 [main] DEBUG o.s.b.f.s.DefaultListableBeanFactory - Returning cached instance of singleton bean 'environmentWatch'
2018-01-08 23:46:32 [main] DEBUG o.s.b.f.s.DefaultListableBeanFactory - Returning cached instance of singleton bean 'org.springframework.cloud.config.server.config.EnvironmentRepositoryConfiguration$GitRepositoryConfiguration'
2018-01-08 23:46:32 [main] DEBUG o.s.b.f.s.DefaultListableBeanFactory - Returning cached instance of singleton bean 'environmentRepository'
2018-01-08 23:46:32 [main] DEBUG o.s.b.f.s.DefaultListableBeanFactory - Returning cached instance of singleton bean 'org.springframework.cloud.config.server.config.EnvironmentRepositoryConfiguration'
2018-01-08 23:46:32 [main] DEBUG o.s.b.f.s.DefaultListableBeanFactory - Returning cached instance of singleton bean 'configServerHealthIndicator'
2018-01-08 23:46:32 [main] DEBUG o.s.b.f.s.DefaultListableBeanFactory - Returning cached instance of singleton bean 'org.springframework.cloud.config.server.config.ResourceRepositoryConfiguration'
2018-01-08 23:46:32 [main] DEBUG o.s.b.f.s.DefaultListableBeanFactory - Returning cached instance of singleton bean 'resourceRepository'
2018-01-08 23:46:32 [main] DEBUG o.s.b.f.s.DefaultListableBeanFactory - Returning cached instance of singleton bean 'spring.cloud.config.server-org.springframework.cloud.config.server.config.ConfigServerProperties'
2018-01-08 23:46:32 [main] DEBUG o.s.b.f.s.DefaultListableBeanFactory - Returning cached instance of singleton bean 'org.springframework.cloud.config.server.config.ConfigServerEncryptionConfiguration'
2018-01-08 23:46:32 [main] DEBUG o.s.b.f.s.DefaultListableBeanFactory - Returning cached instance of singleton bean 'encryptionController'
2018-01-08 23:46:32 [main] DEBUG o.s.b.f.s.DefaultListableBeanFactory - Returning cached instance of singleton bean 'org.springframework.cloud.config.server.config.ConfigServerMvcConfiguration'
2018-01-08 23:46:32 [main] DEBUG o.s.b.f.s.DefaultListableBeanFactory - Returning cached instance of singleton bean 'environmentController'
2018-01-08 23:46:32 [main] DEBUG o.s.b.f.s.DefaultListableBeanFactory - Returning cached instance of singleton bean 'resourceController'
2018-01-08 23:46:32 [main] DEBUG o.s.b.f.s.DefaultListableBeanFactory - Returning cached instance of singleton bean 'org.springframework.cloud.config.server.config.ConfigServerAutoConfiguration'
2018-01-08 23:46:32 [main] DEBUG o.s.b.f.s.DefaultListableBeanFactory - Returning cached instance of singleton bean 'org.springframework.cloud.config.server.config.EncryptionAutoConfiguration'
2018-01-08 23:46:32 [main] DEBUG o.s.b.f.s.DefaultListableBeanFactory - Returning cached instance of singleton bean 'encrypt-org.springframework.cloud.bootstrap.encrypt.KeyProperties'
2018-01-08 23:46:32 [main] DEBUG o.s.b.f.s.DefaultListableBeanFactory - Returning cached instance of singleton bean 'org.springframework.cloud.config.server.config.SingleEncryptorAutoConfiguration'
2018-01-08 23:46:32 [main] DEBUG o.s.b.f.s.DefaultListableBeanFactory - Returning cached instance of singleton bean 'textEncryptorLocator'
2018-01-08 23:46:32 [main] DEBUG o.s.b.f.s.DefaultListableBeanFactory - Returning cached instance of singleton bean 'refreshScope'
2018-01-08 23:46:32 [main] DEBUG o.s.b.f.s.DefaultListableBeanFactory - Returning cached instance of singleton bean 'com.myshop.products.common.logging.LoggingConfigListener'
2018-01-08 23:46:32 [main] DEBUG o.s.b.f.s.DefaultListableBeanFactory - Returning cached instance of singleton bean 'org.springframework.boot.test.mock.mockito.MockitoBeans'
2018-01-08 23:46:32 [main] DEBUG o.s.b.f.s.DefaultListableBeanFactory - Returning cached instance of singleton bean 'org.springframework.context.annotation.internalConfigurationAnnotationProcessor'
2018-01-08 23:46:32 [main] DEBUG o.s.b.f.s.DefaultListableBeanFactory - Returning cached instance of singleton bean 'org.springframework.context.annotation.internalAutowiredAnnotationProcessor'
2018-01-08 23:46:32 [main] DEBUG o.s.b.f.s.DefaultListableBeanFactory - Returning cached instance of singleton bean 'org.springframework.context.annotation.internalRequiredAnnotationProcessor'
2018-01-08 23:46:32 [main] DEBUG o.s.b.f.s.DefaultListableBeanFactory - Returning cached instance of singleton bean 'org.springframework.context.annotation.internalCommonAnnotationProcessor'
2018-01-08 23:46:32 [main] DEBUG o.s.b.f.s.DefaultListableBeanFactory - Returning cached instance of singleton bean 'org.springframework.context.event.internalEventListenerProcessor'
2018-01-08 23:46:32 [main] DEBUG o.s.b.f.s.DefaultListableBeanFactory - Returning cached instance of singleton bean 'org.springframework.context.event.internalEventListenerFactory'
2018-01-08 23:46:32 [main] DEBUG o.s.b.f.s.DefaultListableBeanFactory - Returning cached instance of singleton bean 'configServerBootstrapConfiguration'
2018-01-08 23:46:32 [main] DEBUG o.s.b.f.s.DefaultListableBeanFactory - Returning cached instance of singleton bean 'configServiceBootstrapConfiguration'
2018-01-08 23:46:32 [main] DEBUG o.s.b.f.s.DefaultListableBeanFactory - Returning cached instance of singleton bean 'propertySourceBootstrapConfiguration'
2018-01-08 23:46:32 [main] DEBUG o.s.b.f.s.DefaultListableBeanFactory - Returning cached instance of singleton bean 'encryptionBootstrapConfiguration'
2018-01-08 23:46:32 [main] DEBUG o.s.b.f.s.DefaultListableBeanFactory - Returning cached instance of singleton bean 'configurationPropertiesRebinderAutoConfiguration'
2018-01-08 23:46:32 [main] DEBUG o.s.b.f.s.DefaultListableBeanFactory - Returning cached instance of singleton bean 'propertyPlaceholderAutoConfiguration'
2018-01-08 23:46:32 [main] DEBUG o.s.b.f.s.DefaultListableBeanFactory - Returning cached instance of singleton bean 'org.springframework.boot.autoconfigure.internalCachingMetadataReaderFactory'
2018-01-08 23:46:32 [main] DEBUG o.s.b.f.s.DefaultListableBeanFactory - Returning cached instance of singleton bean 'org.springframework.context.annotation.ConfigurationClassPostProcessor.importAwareProcessor'
2018-01-08 23:46:32 [main] DEBUG o.s.b.f.s.DefaultListableBeanFactory - Returning cached instance of singleton bean 'org.springframework.context.annotation.ConfigurationClassPostProcessor.enhancedConfigurationProcessor'
2018-01-08 23:46:32 [main] DEBUG o.s.b.f.s.DefaultListableBeanFactory - Returning cached instance of singleton bean 'configClientProperties'
2018-01-08 23:46:32 [main] DEBUG o.s.b.f.s.DefaultListableBeanFactory - Returning cached instance of singleton bean 'org.springframework.boot.context.properties.ConfigurationPropertiesBindingPostProcessor'
2018-01-08 23:46:32 [main] DEBUG o.s.b.f.s.DefaultListableBeanFactory - Returning cached instance of singleton bean 'org.springframework.boot.context.properties.ConfigurationPropertiesBindingPostProcessor.store'
2018-01-08 23:46:32 [main] DEBUG o.s.b.f.s.DefaultListableBeanFactory - Returning cached instance of singleton bean 'spring.cloud.config-org.springframework.cloud.bootstrap.config.PropertySourceBootstrapProperties'
2018-01-08 23:46:32 [main] DEBUG o.s.b.f.s.DefaultListableBeanFactory - Returning cached instance of singleton bean 'org.springframework.cloud.bootstrap.encrypt.EncryptionBootstrapConfiguration$RsaEncryptionConfiguration'
2018-01-08 23:46:32 [main] DEBUG o.s.b.f.s.DefaultListableBeanFactory - Returning cached instance of singleton bean 'org.springframework.boot.autoconfigure.condition.BeanTypeRegistry'
2018-01-08 23:46:32 [main] DEBUG o.s.b.f.s.DefaultListableBeanFactory - Returning cached instance of singleton bean 'textEncryptor'
2018-01-08 23:46:32 [main] DEBUG o.s.b.f.s.DefaultListableBeanFactory - Returning cached instance of singleton bean 'environmentDecryptApplicationListener'
2018-01-08 23:46:32 [main] DEBUG o.s.b.f.s.DefaultListableBeanFactory - Returning cached instance of singleton bean 'encrypt-org.springframework.cloud.bootstrap.encrypt.KeyProperties'
2018-01-08 23:46:32 [main] DEBUG o.s.b.f.s.DefaultListableBeanFactory - Returning cached instance of singleton bean 'configurationPropertiesRebinder'
2018-01-08 23:46:32 [main] DEBUG o.s.b.f.s.DefaultListableBeanFactory - Returning cached instance of singleton bean 'configurationPropertiesBeans'
2018-01-08 23:46:32 [main] DEBUG o.s.b.f.s.DefaultListableBeanFactory - Returning cached instance of singleton bean 'propertySourcesPlaceholderConfigurer'
2018-01-08 23:46:35 [main] DEBUG o.a.h.i.c.BasicClientConnectionManager - Get connection for route {}->http://localhost:49184
2018-01-08 23:46:35 [main] DEBUG o.a.h.i.c.DefaultClientConnectionOperator - Connecting to localhost:49184
2018-01-08 23:46:35 [main] DEBUG o.a.h.c.protocol.RequestAddCookies - CookieSpec selected: ignoreCookies
2018-01-08 23:46:35 [main] DEBUG o.a.h.c.protocol.RequestAuthCache - Auth cache not set in the context
2018-01-08 23:46:35 [main] DEBUG o.a.h.c.p.RequestTargetAuthentication - Target auth state: UNCHALLENGED
2018-01-08 23:46:35 [main] DEBUG o.a.h.c.p.RequestProxyAuthentication - Proxy auth state: UNCHALLENGED
2018-01-08 23:46:35 [main] DEBUG o.a.h.impl.client.DefaultHttpClient - Attempt 1 to execute request
2018-01-08 23:46:35 [main] DEBUG o.a.h.i.conn.DefaultClientConnection - Sending request: GET /product/-KrqgOLs07ZkbapP4EGi HTTP/1.1
2018-01-08 23:46:35 [main] DEBUG org.apache.http.wire -  >> "GET /product/-KrqgOLs07ZkbapP4EGi HTTP/1.1[\r][\n]"
2018-01-08 23:46:35 [main] DEBUG org.apache.http.wire -  >> "Accept: */*[\r][\n]"
2018-01-08 23:46:35 [main] DEBUG org.apache.http.wire -  >> "Content-Length: 0[\r][\n]"
2018-01-08 23:46:35 [main] DEBUG org.apache.http.wire -  >> "Host: localhost:49184[\r][\n]"
2018-01-08 23:46:35 [main] DEBUG org.apache.http.wire -  >> "Connection: Keep-Alive[\r][\n]"
2018-01-08 23:46:35 [main] DEBUG org.apache.http.wire -  >> "User-Agent: Apache-HttpClient/4.5.2 (Java/1.8.0_144)[\r][\n]"
2018-01-08 23:46:35 [main] DEBUG org.apache.http.wire -  >> "Accept-Encoding: gzip,deflate[\r][\n]"
2018-01-08 23:46:35 [main] DEBUG org.apache.http.wire -  >> "[\r][\n]"
2018-01-08 23:46:35 [main] DEBUG org.apache.http.headers - >> GET /product/-KrqgOLs07ZkbapP4EGi HTTP/1.1
2018-01-08 23:46:35 [main] DEBUG org.apache.http.headers - >> Accept: */*
2018-01-08 23:46:35 [main] DEBUG org.apache.http.headers - >> Content-Length: 0
2018-01-08 23:46:35 [main] DEBUG org.apache.http.headers - >> Host: localhost:49184
2018-01-08 23:46:35 [main] DEBUG org.apache.http.headers - >> Connection: Keep-Alive
2018-01-08 23:46:35 [main] DEBUG org.apache.http.headers - >> User-Agent: Apache-HttpClient/4.5.2 (Java/1.8.0_144)
2018-01-08 23:46:35 [main] DEBUG org.apache.http.headers - >> Accept-Encoding: gzip,deflate
2018-01-08 23:46:35 [http-nio-auto-1-exec-1] INFO  o.a.c.c.C.[Tomcat].[localhost].[/] - Initializing Spring FrameworkServlet 'dispatcherServlet'
2018-01-08 23:46:35 [http-nio-auto-1-exec-1] DEBUG o.s.b.f.s.DefaultListableBeanFactory - Returning cached instance of singleton bean 'multipartResolver'
2018-01-08 23:46:35 [http-nio-auto-1-exec-1] DEBUG o.s.b.f.s.DefaultListableBeanFactory - Creating instance of bean 'org.springframework.web.servlet.i18n.AcceptHeaderLocaleResolver'
2018-01-08 23:46:35 [http-nio-auto-1-exec-1] DEBUG o.s.b.f.s.DefaultListableBeanFactory - Returning cached instance of singleton bean 'org.springframework.transaction.config.internalTransactionAdvisor'
2018-01-08 23:46:35 [http-nio-auto-1-exec-1] DEBUG o.s.b.f.s.DefaultListableBeanFactory - Finished creating instance of bean 'org.springframework.web.servlet.i18n.AcceptHeaderLocaleResolver'
2018-01-08 23:46:35 [http-nio-auto-1-exec-1] DEBUG o.s.b.f.s.DefaultListableBeanFactory - Creating instance of bean 'org.springframework.web.servlet.theme.FixedThemeResolver'
2018-01-08 23:46:35 [http-nio-auto-1-exec-1] DEBUG o.s.b.f.s.DefaultListableBeanFactory - Returning cached instance of singleton bean 'org.springframework.transaction.config.internalTransactionAdvisor'
2018-01-08 23:46:35 [http-nio-auto-1-exec-1] DEBUG o.s.b.f.s.DefaultListableBeanFactory - Finished creating instance of bean 'org.springframework.web.servlet.theme.FixedThemeResolver'
2018-01-08 23:46:35 [http-nio-auto-1-exec-1] DEBUG o.s.b.f.s.DefaultListableBeanFactory - Returning cached instance of singleton bean 'requestMappingHandlerMapping'
2018-01-08 23:46:35 [http-nio-auto-1-exec-1] DEBUG o.s.b.f.s.DefaultListableBeanFactory - Returning cached instance of singleton bean 'viewControllerHandlerMapping'
2018-01-08 23:46:35 [http-nio-auto-1-exec-1] DEBUG o.s.b.f.s.DefaultListableBeanFactory - Returning cached instance of singleton bean 'beanNameHandlerMapping'
2018-01-08 23:46:35 [http-nio-auto-1-exec-1] DEBUG o.s.b.f.s.DefaultListableBeanFactory - Returning cached instance of singleton bean 'resourceHandlerMapping'
2018-01-08 23:46:35 [http-nio-auto-1-exec-1] DEBUG o.s.b.f.s.DefaultListableBeanFactory - Returning cached instance of singleton bean 'defaultServletHandlerMapping'
2018-01-08 23:46:35 [http-nio-auto-1-exec-1] DEBUG o.s.b.f.s.DefaultListableBeanFactory - Returning cached instance of singleton bean 'faviconHandlerMapping'
2018-01-08 23:46:35 [http-nio-auto-1-exec-1] DEBUG o.s.b.f.s.DefaultListableBeanFactory - Returning cached instance of singleton bean 'welcomePageHandlerMapping'
2018-01-08 23:46:35 [http-nio-auto-1-exec-1] DEBUG o.s.b.f.s.DefaultListableBeanFactory - Returning cached instance of singleton bean 'endpointHandlerMapping'
2018-01-08 23:46:35 [http-nio-auto-1-exec-1] DEBUG o.s.b.f.s.DefaultListableBeanFactory - Returning cached instance of singleton bean 'requestMappingHandlerAdapter'
2018-01-08 23:46:35 [http-nio-auto-1-exec-1] DEBUG o.s.b.f.s.DefaultListableBeanFactory - Returning cached instance of singleton bean 'httpRequestHandlerAdapter'
2018-01-08 23:46:35 [http-nio-auto-1-exec-1] DEBUG o.s.b.f.s.DefaultListableBeanFactory - Returning cached instance of singleton bean 'simpleControllerHandlerAdapter'
2018-01-08 23:46:35 [http-nio-auto-1-exec-1] DEBUG o.s.b.f.s.DefaultListableBeanFactory - Returning cached instance of singleton bean 'errorAttributes'
2018-01-08 23:46:35 [http-nio-auto-1-exec-1] DEBUG o.s.b.f.s.DefaultListableBeanFactory - Returning cached instance of singleton bean 'handlerExceptionResolver'
2018-01-08 23:46:35 [http-nio-auto-1-exec-1] DEBUG o.s.b.f.s.DefaultListableBeanFactory - Creating instance of bean 'org.springframework.web.servlet.view.DefaultRequestToViewNameTranslator'
2018-01-08 23:46:35 [http-nio-auto-1-exec-1] DEBUG o.s.b.f.s.DefaultListableBeanFactory - Returning cached instance of singleton bean 'org.springframework.transaction.config.internalTransactionAdvisor'
2018-01-08 23:46:35 [http-nio-auto-1-exec-1] DEBUG o.s.b.f.s.DefaultListableBeanFactory - Finished creating instance of bean 'org.springframework.web.servlet.view.DefaultRequestToViewNameTranslator'
2018-01-08 23:46:35 [http-nio-auto-1-exec-1] DEBUG o.s.b.f.s.DefaultListableBeanFactory - Returning cached instance of singleton bean 'beanNameViewResolver'
2018-01-08 23:46:35 [http-nio-auto-1-exec-1] DEBUG o.s.b.f.s.DefaultListableBeanFactory - Returning cached instance of singleton bean 'mvcViewResolver'
2018-01-08 23:46:35 [http-nio-auto-1-exec-1] DEBUG o.s.b.f.s.DefaultListableBeanFactory - Returning cached instance of singleton bean 'defaultViewResolver'
2018-01-08 23:46:35 [http-nio-auto-1-exec-1] DEBUG o.s.b.f.s.DefaultListableBeanFactory - Returning cached instance of singleton bean 'viewResolver'
2018-01-08 23:46:35 [http-nio-auto-1-exec-1] DEBUG o.s.b.f.s.DefaultListableBeanFactory - Creating instance of bean 'org.springframework.web.servlet.support.SessionFlashMapManager'
2018-01-08 23:46:35 [http-nio-auto-1-exec-1] DEBUG o.s.b.f.s.DefaultListableBeanFactory - Returning cached instance of singleton bean 'org.springframework.transaction.config.internalTransactionAdvisor'
2018-01-08 23:46:35 [http-nio-auto-1-exec-1] DEBUG o.s.b.f.s.DefaultListableBeanFactory - Finished creating instance of bean 'org.springframework.web.servlet.support.SessionFlashMapManager'
2018-01-08 23:46:35 [http-nio-auto-1-exec-1] DEBUG o.s.b.w.f.OrderedRequestContextFilter - Bound request context to thread: org.apache.catalina.connector.RequestFacade@5398eb34
2018-01-08 23:46:35 [http-nio-auto-1-exec-1] DEBUG o.s.b.a.e.mvc.EndpointHandlerMapping - Looking up handler method for path /product/-KrqgOLs07ZkbapP4EGi
2018-01-08 23:46:35 [http-nio-auto-1-exec-1] DEBUG o.s.b.a.e.mvc.EndpointHandlerMapping - Did not find handler method for [/product/-KrqgOLs07ZkbapP4EGi]
2018-01-08 23:46:35 [http-nio-auto-1-exec-1] DEBUG o.s.b.f.s.DefaultListableBeanFactory - Returning cached instance of singleton bean 'productController'
2018-01-08 23:46:35 [http-nio-auto-1-exec-1] DEBUG o.s.jdbc.core.JdbcTemplate - Executing prepared SQL query
2018-01-08 23:46:35 [http-nio-auto-1-exec-1] DEBUG o.s.jdbc.core.JdbcTemplate - Executing prepared SQL statement [select * from products where id = ?]
2018-01-08 23:46:35 [http-nio-auto-1-exec-1] DEBUG o.s.jdbc.datasource.DataSourceUtils - Fetching JDBC Connection from DataSource
2018-01-08 23:46:36 [http-nio-auto-1-exec-1] DEBUG o.s.jdbc.core.BeanPropertyRowMapper - Mapping column 'id' to property 'id' of type [java.lang.String]
2018-01-08 23:46:36 [http-nio-auto-1-exec-1] DEBUG o.s.jdbc.core.BeanPropertyRowMapper - Mapping column 'category' to property 'category' of type [java.lang.String]
2018-01-08 23:46:36 [http-nio-auto-1-exec-1] DEBUG o.s.jdbc.core.BeanPropertyRowMapper - Mapping column 'imageUrl' to property 'imageUrl' of type [java.lang.String]
2018-01-08 23:46:36 [http-nio-auto-1-exec-1] DEBUG o.s.jdbc.core.BeanPropertyRowMapper - Mapping column 'price' to property 'price' of type [double]
2018-01-08 23:46:36 [http-nio-auto-1-exec-1] DEBUG o.s.jdbc.core.BeanPropertyRowMapper - Mapping column 'title' to property 'title' of type [java.lang.String]
2018-01-08 23:46:36 [http-nio-auto-1-exec-1] DEBUG o.s.jdbc.datasource.DataSourceUtils - Returning JDBC Connection to DataSource
2018-01-08 23:46:36 [http-nio-auto-1-exec-1] DEBUG o.s.b.w.f.OrderedRequestContextFilter - Cleared thread-bound request context: org.apache.catalina.connector.RequestFacade@5398eb34
2018-01-08 23:46:36 [main] DEBUG org.apache.http.wire -  << "HTTP/1.1 200 [\r][\n]"
2018-01-08 23:46:36 [main] DEBUG org.apache.http.wire -  << "X-Application-Context: application:0[\r][\n]"
2018-01-08 23:46:36 [main] DEBUG org.apache.http.wire -  << "Content-Type: application/json;charset=UTF-8[\r][\n]"
2018-01-08 23:46:36 [main] DEBUG org.apache.http.wire -  << "Content-Length: 0[\r][\n]"
2018-01-08 23:46:36 [main] DEBUG org.apache.http.wire -  << "Date: Mon, 08 Jan 2018 12:46:36 GMT[\r][\n]"
2018-01-08 23:46:36 [main] DEBUG org.apache.http.wire -  << "[\r][\n]"
2018-01-08 23:46:36 [main] DEBUG o.a.h.i.conn.DefaultClientConnection - Receiving response: HTTP/1.1 200 
2018-01-08 23:46:36 [main] DEBUG org.apache.http.headers - << HTTP/1.1 200 
2018-01-08 23:46:36 [main] DEBUG org.apache.http.headers - << X-Application-Context: application:0
2018-01-08 23:46:36 [main] DEBUG org.apache.http.headers - << Content-Type: application/json;charset=UTF-8
2018-01-08 23:46:36 [main] DEBUG org.apache.http.headers - << Content-Length: 0
2018-01-08 23:46:36 [main] DEBUG org.apache.http.headers - << Date: Mon, 08 Jan 2018 12:46:36 GMT
2018-01-08 23:46:36 [main] DEBUG o.a.h.impl.client.DefaultHttpClient - Connection can be kept alive indefinitely
2018-01-08 23:46:37 [main] DEBUG o.s.t.c.c.DefaultCacheAwareContextLoaderDelegate - Retrieved ApplicationContext from cache with key [[WebMergedContextConfiguration@473b46c3 testClass = ProductServiceIT, locations = '{}', classes = '{class com.myshop.products.ProductApp, class com.myshop.products.ProductApp}', contextInitializerClasses = '[]', activeProfiles = '{}', propertySourceLocations = '{}', propertySourceProperties = '{org.springframework.boot.test.context.SpringBootTestContextBootstrapper=true, server.port=0}', contextCustomizers = set[org.springframework.boot.test.context.SpringBootTestContextCustomizer@6e6c3152, org.springframework.boot.test.context.filter.ExcludeFilterContextCustomizer@32709393, org.springframework.boot.test.mock.mockito.MockitoContextCustomizer@0, org.springframework.boot.test.autoconfigure.properties.PropertyMappingContextCustomizer@0, org.springframework.boot.test.autoconfigure.web.servlet.WebDriverContextCustomizerFactory$Customizer@10bbd20a], resourceBasePath = 'src/main/webapp', contextLoader = 'org.springframework.boot.test.context.SpringBootContextLoader', parent = [null]]]
2018-01-08 23:46:37 [main] DEBUG o.springframework.test.context.cache - Spring test ApplicationContext cache statistics: [DefaultContextCache@50e5032c size = 1, maxSize = 32, parentContextCount = 0, hitCount = 2, missCount = 1]
2018-01-08 23:46:37 [main] DEBUG o.s.t.c.c.DefaultCacheAwareContextLoaderDelegate - Retrieved ApplicationContext from cache with key [[WebMergedContextConfiguration@473b46c3 testClass = ProductServiceIT, locations = '{}', classes = '{class com.myshop.products.ProductApp, class com.myshop.products.ProductApp}', contextInitializerClasses = '[]', activeProfiles = '{}', propertySourceLocations = '{}', propertySourceProperties = '{org.springframework.boot.test.context.SpringBootTestContextBootstrapper=true, server.port=0}', contextCustomizers = set[org.springframework.boot.test.context.SpringBootTestContextCustomizer@6e6c3152, org.springframework.boot.test.context.filter.ExcludeFilterContextCustomizer@32709393, org.springframework.boot.test.mock.mockito.MockitoContextCustomizer@0, org.springframework.boot.test.autoconfigure.properties.PropertyMappingContextCustomizer@0, org.springframework.boot.test.autoconfigure.web.servlet.WebDriverContextCustomizerFactory$Customizer@10bbd20a], resourceBasePath = 'src/main/webapp', contextLoader = 'org.springframework.boot.test.context.SpringBootContextLoader', parent = [null]]]
2018-01-08 23:46:37 [main] DEBUG o.springframework.test.context.cache - Spring test ApplicationContext cache statistics: [DefaultContextCache@50e5032c size = 1, maxSize = 32, parentContextCount = 0, hitCount = 3, missCount = 1]
2018-01-08 23:46:37 [main] DEBUG o.s.t.c.c.DefaultCacheAwareContextLoaderDelegate - Retrieved ApplicationContext from cache with key [[WebMergedContextConfiguration@473b46c3 testClass = ProductServiceIT, locations = '{}', classes = '{class com.myshop.products.ProductApp, class com.myshop.products.ProductApp}', contextInitializerClasses = '[]', activeProfiles = '{}', propertySourceLocations = '{}', propertySourceProperties = '{org.springframework.boot.test.context.SpringBootTestContextBootstrapper=true, server.port=0}', contextCustomizers = set[org.springframework.boot.test.context.SpringBootTestContextCustomizer@6e6c3152, org.springframework.boot.test.context.filter.ExcludeFilterContextCustomizer@32709393, org.springframework.boot.test.mock.mockito.MockitoContextCustomizer@0, org.springframework.boot.test.autoconfigure.properties.PropertyMappingContextCustomizer@0, org.springframework.boot.test.autoconfigure.web.servlet.WebDriverContextCustomizerFactory$Customizer@10bbd20a], resourceBasePath = 'src/main/webapp', contextLoader = 'org.springframework.boot.test.context.SpringBootContextLoader', parent = [null]]]
2018-01-08 23:46:37 [main] DEBUG o.springframework.test.context.cache - Spring test ApplicationContext cache statistics: [DefaultContextCache@50e5032c size = 1, maxSize = 32, parentContextCount = 0, hitCount = 4, missCount = 1]
2018-01-08 23:46:37 [main] DEBUG o.s.t.c.c.DefaultCacheAwareContextLoaderDelegate - Retrieved ApplicationContext from cache with key [[WebMergedContextConfiguration@473b46c3 testClass = ProductServiceIT, locations = '{}', classes = '{class com.myshop.products.ProductApp, class com.myshop.products.ProductApp}', contextInitializerClasses = '[]', activeProfiles = '{}', propertySourceLocations = '{}', propertySourceProperties = '{org.springframework.boot.test.context.SpringBootTestContextBootstrapper=true, server.port=0}', contextCustomizers = set[org.springframework.boot.test.context.SpringBootTestContextCustomizer@6e6c3152, org.springframework.boot.test.context.filter.ExcludeFilterContextCustomizer@32709393, org.springframework.boot.test.mock.mockito.MockitoContextCustomizer@0, org.springframework.boot.test.autoconfigure.properties.PropertyMappingContextCustomizer@0, org.springframework.boot.test.autoconfigure.web.servlet.WebDriverContextCustomizerFactory$Customizer@10bbd20a], resourceBasePath = 'src/main/webapp', contextLoader = 'org.springframework.boot.test.context.SpringBootContextLoader', parent = [null]]]
2018-01-08 23:46:37 [main] DEBUG o.springframework.test.context.cache - Spring test ApplicationContext cache statistics: [DefaultContextCache@50e5032c size = 1, maxSize = 32, parentContextCount = 0, hitCount = 5, missCount = 1]
2018-01-08 23:46:37 [main] DEBUG o.s.b.f.s.DefaultListableBeanFactory - Returning cached instance of singleton bean 'org.springframework.context.annotation.internalConfigurationAnnotationProcessor'
2018-01-08 23:46:37 [main] DEBUG o.s.b.f.s.DefaultListableBeanFactory - Returning cached instance of singleton bean 'org.springframework.context.annotation.internalAutowiredAnnotationProcessor'
2018-01-08 23:46:37 [main] DEBUG o.s.b.f.s.DefaultListableBeanFactory - Returning cached instance of singleton bean 'org.springframework.context.annotation.internalRequiredAnnotationProcessor'
2018-01-08 23:46:37 [main] DEBUG o.s.b.f.s.DefaultListableBeanFactory - Returning cached instance of singleton bean 'org.springframework.context.annotation.internalCommonAnnotationProcessor'
2018-01-08 23:46:37 [main] DEBUG o.s.b.f.s.DefaultListableBeanFactory - Returning cached instance of singleton bean 'org.springframework.context.event.internalEventListenerProcessor'
2018-01-08 23:46:37 [main] DEBUG o.s.b.f.s.DefaultListableBeanFactory - Returning cached instance of singleton bean 'org.springframework.context.event.internalEventListenerFactory'
2018-01-08 23:46:37 [main] DEBUG o.s.b.f.s.DefaultListableBeanFactory - Returning cached instance of singleton bean 'testRestTemplate'
2018-01-08 23:46:37 [main] DEBUG o.s.b.f.s.DefaultListableBeanFactory - Returning cached instance of singleton bean 'org.springframework.boot.test.mock.mockito.MockitoPostProcessor$SpyPostProcessor'
2018-01-08 23:46:37 [main] DEBUG o.s.b.f.s.DefaultListableBeanFactory - Returning cached instance of singleton bean 'org.springframework.boot.test.mock.mockito.MockitoPostProcessor'
2018-01-08 23:46:37 [main] DEBUG o.s.b.f.s.DefaultListableBeanFactory - Returning cached instance of singleton bean 'productApp'
2018-01-08 23:46:37 [main] DEBUG o.s.b.f.s.DefaultListableBeanFactory - Returning cached instance of singleton bean 'org.springframework.boot.autoconfigure.internalCachingMetadataReaderFactory'
2018-01-08 23:46:37 [main] DEBUG o.s.b.f.s.DefaultListableBeanFactory - Returning cached instance of singleton bean 'org.springframework.context.annotation.ConfigurationClassPostProcessor.importAwareProcessor'
2018-01-08 23:46:37 [main] DEBUG o.s.b.f.s.DefaultListableBeanFactory - Returning cached instance of singleton bean 'org.springframework.context.annotation.ConfigurationClassPostProcessor.enhancedConfigurationProcessor'
2018-01-08 23:46:37 [main] DEBUG o.s.b.f.s.DefaultListableBeanFactory - Returning cached instance of singleton bean 'commonConfig'
2018-01-08 23:46:37 [main] DEBUG o.s.b.f.s.DefaultListableBeanFactory - Returning cached instance of singleton bean 'productController'
2018-01-08 23:46:37 [main] DEBUG o.s.b.f.s.DefaultListableBeanFactory - Returning cached instance of singleton bean 'productDAOImpl'
2018-01-08 23:46:37 [main] DEBUG o.s.b.f.s.DefaultListableBeanFactory - Returning cached instance of singleton bean 'productServiceImpl'
2018-01-08 23:46:37 [main] DEBUG o.s.b.f.s.DefaultListableBeanFactory - Returning cached instance of singleton bean 'myShopControllerAdvice'
2018-01-08 23:46:37 [main] DEBUG o.s.b.f.s.DefaultListableBeanFactory - Returning cached instance of singleton bean 'loggerfilter'
2018-01-08 23:46:37 [main] DEBUG o.s.b.f.s.DefaultListableBeanFactory - Returning cached instance of singleton bean 'servletComponentRegisteringPostProcessor'
2018-01-08 23:46:37 [main] DEBUG o.s.b.f.s.DefaultListableBeanFactory - Returning cached instance of singleton bean 'org.springframework.cloud.config.server.config.ConfigServerConfiguration'
2018-01-08 23:46:37 [main] DEBUG o.s.b.f.s.DefaultListableBeanFactory - Returning cached instance of singleton bean 'enableConfigServerMarker'
2018-01-08 23:46:37 [main] DEBUG o.s.b.f.s.DefaultListableBeanFactory - Returning cached instance of singleton bean 'org.springframework.boot.autoconfigure.AutoConfigurationPackages'
2018-01-08 23:46:37 [main] DEBUG o.s.b.f.s.DefaultListableBeanFactory - Returning cached instance of singleton bean 'org.springframework.boot.autoconfigure.PropertyPlaceholderAutoConfiguration'
2018-01-08 23:46:37 [main] DEBUG o.s.b.f.s.DefaultListableBeanFactory - Returning cached instance of singleton bean 'org.springframework.boot.autoconfigure.condition.BeanTypeRegistry'
2018-01-08 23:46:37 [main] DEBUG o.s.b.f.s.DefaultListableBeanFactory - Returning cached instance of singleton bean 'propertySourcesPlaceholderConfigurer'
2018-01-08 23:46:37 [main] DEBUG o.s.b.f.s.DefaultListableBeanFactory - Returning cached instance of singleton bean 'org.springframework.boot.autoconfigure.jackson.JacksonAutoConfiguration$Jackson2ObjectMapperBuilderCustomizerConfiguration'
2018-01-08 23:46:37 [main] DEBUG o.s.b.f.s.DefaultListableBeanFactory - Returning cached instance of singleton bean 'standardJacksonObjectMapperBuilderCustomizer'
2018-01-08 23:46:37 [main] DEBUG o.s.b.f.s.DefaultListableBeanFactory - Returning cached instance of singleton bean 'spring.jackson-org.springframework.boot.autoconfigure.jackson.JacksonProperties'
2018-01-08 23:46:37 [main] DEBUG o.s.b.f.s.DefaultListableBeanFactory - Returning cached instance of singleton bean 'org.springframework.boot.context.properties.ConfigurationPropertiesBindingPostProcessor'
2018-01-08 23:46:37 [main] DEBUG o.s.b.f.s.DefaultListableBeanFactory - Returning cached instance of singleton bean 'org.springframework.boot.context.properties.ConfigurationPropertiesBindingPostProcessor.store'
2018-01-08 23:46:37 [main] DEBUG o.s.b.f.s.DefaultListableBeanFactory - Returning cached instance of singleton bean 'org.springframework.boot.autoconfigure.jackson.JacksonAutoConfiguration$JacksonObjectMapperBuilderConfiguration'
2018-01-08 23:46:37 [main] DEBUG o.s.b.f.s.DefaultListableBeanFactory - Returning cached instance of singleton bean 'jacksonObjectMapperBuilder'
2018-01-08 23:46:37 [main] DEBUG o.s.b.f.s.DefaultListableBeanFactory - Returning cached instance of singleton bean 'org.springframework.boot.autoconfigure.jackson.JacksonAutoConfiguration$JacksonObjectMapperConfiguration'
2018-01-08 23:46:37 [main] DEBUG o.s.b.f.s.DefaultListableBeanFactory - Returning cached instance of singleton bean 'jacksonObjectMapper'
2018-01-08 23:46:37 [main] DEBUG o.s.b.f.s.DefaultListableBeanFactory - Returning cached instance of singleton bean 'org.springframework.boot.autoconfigure.jackson.JacksonAutoConfiguration'
2018-01-08 23:46:37 [main] DEBUG o.s.b.f.s.DefaultListableBeanFactory - Returning cached instance of singleton bean 'jsonComponentModule'
2018-01-08 23:46:37 [main] DEBUG o.s.b.f.s.DefaultListableBeanFactory - Returning cached instance of singleton bean 'org.springframework.boot.autoconfigure.websocket.WebSocketAutoConfiguration$TomcatWebSocketConfiguration'
2018-01-08 23:46:37 [main] DEBUG o.s.b.f.s.DefaultListableBeanFactory - Returning cached instance of singleton bean 'websocketContainerCustomizer'
2018-01-08 23:46:37 [main] DEBUG o.s.b.f.s.DefaultListableBeanFactory - Returning cached instance of singleton bean 'org.springframework.boot.autoconfigure.websocket.WebSocketAutoConfiguration'
2018-01-08 23:46:37 [main] DEBUG o.s.b.f.s.DefaultListableBeanFactory - Returning cached instance of singleton bean 'org.springframework.boot.autoconfigure.web.EmbeddedServletContainerAutoConfiguration$EmbeddedTomcat'
2018-01-08 23:46:37 [main] DEBUG o.s.b.f.s.DefaultListableBeanFactory - Returning cached instance of singleton bean 'tomcatEmbeddedServletContainerFactory'
2018-01-08 23:46:37 [main] DEBUG o.s.b.f.s.DefaultListableBeanFactory - Returning cached instance of singleton bean 'org.springframework.boot.autoconfigure.web.EmbeddedServletContainerAutoConfiguration'
2018-01-08 23:46:37 [main] DEBUG o.s.b.f.s.DefaultListableBeanFactory - Returning cached instance of singleton bean 'embeddedServletContainerCustomizerBeanPostProcessor'
2018-01-08 23:46:37 [main] DEBUG o.s.b.f.s.DefaultListableBeanFactory - Returning cached instance of singleton bean 'errorPageRegistrarBeanPostProcessor'
2018-01-08 23:46:37 [main] DEBUG o.s.b.f.s.DefaultListableBeanFactory - Returning cached instance of singleton bean 'org.springframework.boot.autoconfigure.web.DispatcherServletAutoConfiguration$DispatcherServletConfiguration'
2018-01-08 23:46:37 [main] DEBUG o.s.b.f.s.DefaultListableBeanFactory - Returning cached instance of singleton bean 'dispatcherServlet'
2018-01-08 23:46:37 [main] DEBUG o.s.b.f.s.DefaultListableBeanFactory - Returning cached instance of singleton bean 'spring.mvc-org.springframework.boot.autoconfigure.web.WebMvcProperties'
2018-01-08 23:46:37 [main] DEBUG o.s.b.f.s.DefaultListableBeanFactory - Returning cached instance of singleton bean 'org.springframework.boot.autoconfigure.web.DispatcherServletAutoConfiguration$DispatcherServletRegistrationConfiguration'
2018-01-08 23:46:37 [main] DEBUG o.s.b.f.s.DefaultListableBeanFactory - Returning cached instance of singleton bean 'dispatcherServletRegistration'
2018-01-08 23:46:37 [main] DEBUG o.s.b.f.s.DefaultListableBeanFactory - Returning cached instance of singleton bean 'org.springframework.boot.autoconfigure.web.DispatcherServletAutoConfiguration'
2018-01-08 23:46:37 [main] DEBUG o.s.b.f.s.DefaultListableBeanFactory - Returning cached instance of singleton bean 'org.springframework.boot.autoconfigure.web.ErrorMvcAutoConfiguration$WhitelabelErrorViewConfiguration'
2018-01-08 23:46:37 [main] DEBUG o.s.b.f.s.DefaultListableBeanFactory - Returning cached instance of singleton bean 'error'
2018-01-08 23:46:37 [main] DEBUG o.s.b.f.s.DefaultListableBeanFactory - Returning cached instance of singleton bean 'beanNameViewResolver'
2018-01-08 23:46:37 [main] DEBUG o.s.b.f.s.DefaultListableBeanFactory - Returning cached instance of singleton bean 'org.springframework.boot.autoconfigure.web.ErrorMvcAutoConfiguration'
2018-01-08 23:46:37 [main] DEBUG o.s.b.f.s.DefaultListableBeanFactory - Returning cached instance of singleton bean 'errorAttributes'
2018-01-08 23:46:37 [main] DEBUG o.s.b.f.s.DefaultListableBeanFactory - Returning cached instance of singleton bean 'basicErrorController'
2018-01-08 23:46:37 [main] DEBUG o.s.b.f.s.DefaultListableBeanFactory - Returning cached instance of singleton bean 'errorPageCustomizer'
2018-01-08 23:46:37 [main] DEBUG o.s.b.f.s.DefaultListableBeanFactory - Returning cached instance of singleton bean 'conventionErrorViewResolver'
2018-01-08 23:46:37 [main] DEBUG o.s.b.f.s.DefaultListableBeanFactory - Returning cached instance of singleton bean 'preserveErrorControllerTargetClassPostProcessor'
2018-01-08 23:46:37 [main] DEBUG o.s.b.f.s.DefaultListableBeanFactory - Returning cached instance of singleton bean 'spring.resources-org.springframework.boot.autoconfigure.web.ResourceProperties'
2018-01-08 23:46:37 [main] DEBUG o.s.b.f.s.DefaultListableBeanFactory - Returning cached instance of singleton bean 'org.springframework.boot.autoconfigure.web.WebMvcAutoConfiguration$EnableWebMvcConfiguration'
2018-01-08 23:46:37 [main] DEBUG o.s.b.f.s.DefaultListableBeanFactory - Returning cached instance of singleton bean 'requestMappingHandlerAdapter'
2018-01-08 23:46:37 [main] DEBUG o.s.b.f.s.DefaultListableBeanFactory - Returning cached instance of singleton bean 'requestMappingHandlerMapping'
2018-01-08 23:46:37 [main] DEBUG o.s.b.f.s.DefaultListableBeanFactory - Returning cached instance of singleton bean 'mvcPathMatcher'
2018-01-08 23:46:37 [main] DEBUG o.s.b.f.s.DefaultListableBeanFactory - Returning cached instance of singleton bean 'mvcUrlPathHelper'
2018-01-08 23:46:37 [main] DEBUG o.s.b.f.s.DefaultListableBeanFactory - Returning cached instance of singleton bean 'mvcContentNegotiationManager'
2018-01-08 23:46:37 [main] DEBUG o.s.b.f.s.DefaultListableBeanFactory - Returning cached instance of singleton bean 'viewControllerHandlerMapping'
2018-01-08 23:46:37 [main] DEBUG o.s.b.f.s.DefaultListableBeanFactory - Returning cached instance of singleton bean 'beanNameHandlerMapping'
2018-01-08 23:46:37 [main] DEBUG o.s.b.f.s.DefaultListableBeanFactory - Returning cached instance of singleton bean 'resourceHandlerMapping'
2018-01-08 23:46:37 [main] DEBUG o.s.b.f.s.DefaultListableBeanFactory - Returning cached instance of singleton bean 'mvcResourceUrlProvider'
2018-01-08 23:46:37 [main] DEBUG o.s.b.f.s.DefaultListableBeanFactory - Returning cached instance of singleton bean 'defaultServletHandlerMapping'
2018-01-08 23:46:37 [main] DEBUG o.s.b.f.s.DefaultListableBeanFactory - Returning cached instance of singleton bean 'mvcConversionService'
2018-01-08 23:46:37 [main] DEBUG o.s.b.f.s.DefaultListableBeanFactory - Returning cached instance of singleton bean 'mvcValidator'
2018-01-08 23:46:37 [main] DEBUG o.s.b.f.s.DefaultListableBeanFactory - Returning cached instance of singleton bean 'mvcUriComponentsContributor'
2018-01-08 23:46:37 [main] DEBUG o.s.b.f.s.DefaultListableBeanFactory - Returning cached instance of singleton bean 'httpRequestHandlerAdapter'
2018-01-08 23:46:37 [main] DEBUG o.s.b.f.s.DefaultListableBeanFactory - Returning cached instance of singleton bean 'simpleControllerHandlerAdapter'
2018-01-08 23:46:37 [main] DEBUG o.s.b.f.s.DefaultListableBeanFactory - Returning cached instance of singleton bean 'handlerExceptionResolver'
2018-01-08 23:46:37 [main] DEBUG o.s.b.f.s.DefaultListableBeanFactory - Returning cached instance of singleton bean 'mvcViewResolver'
2018-01-08 23:46:37 [main] DEBUG o.s.b.f.s.DefaultListableBeanFactory - Returning cached instance of singleton bean 'org.springframework.boot.autoconfigure.web.WebMvcAutoConfiguration$WebMvcAutoConfigurationAdapter$FaviconConfiguration'
2018-01-08 23:46:37 [main] DEBUG o.s.b.f.s.DefaultListableBeanFactory - Returning cached instance of singleton bean 'faviconHandlerMapping'
2018-01-08 23:46:37 [main] DEBUG o.s.b.f.s.DefaultListableBeanFactory - Returning cached instance of singleton bean 'faviconRequestHandler'
2018-01-08 23:46:37 [main] DEBUG o.s.b.f.s.DefaultListableBeanFactory - Returning cached instance of singleton bean 'org.springframework.boot.autoconfigure.web.WebMvcAutoConfiguration$WebMvcAutoConfigurationAdapter'
2018-01-08 23:46:37 [main] DEBUG o.s.b.f.s.DefaultListableBeanFactory - Returning cached instance of singleton bean 'defaultViewResolver'
2018-01-08 23:46:37 [main] DEBUG o.s.b.f.s.DefaultListableBeanFactory - Returning cached instance of singleton bean 'viewResolver'
2018-01-08 23:46:37 [main] DEBUG o.s.b.f.s.DefaultListableBeanFactory - Returning cached instance of singleton bean 'welcomePageHandlerMapping'
2018-01-08 23:46:37 [main] DEBUG o.s.b.f.s.DefaultListableBeanFactory - Returning cached instance of singleton bean 'requestContextFilter'
2018-01-08 23:46:37 [main] DEBUG o.s.b.f.s.DefaultListableBeanFactory - Returning cached instance of singleton bean 'org.springframework.boot.autoconfigure.web.WebMvcAutoConfiguration'
2018-01-08 23:46:37 [main] DEBUG o.s.b.f.s.DefaultListableBeanFactory - Returning cached instance of singleton bean 'hiddenHttpMethodFilter'
2018-01-08 23:46:37 [main] DEBUG o.s.b.f.s.DefaultListableBeanFactory - Returning cached instance of singleton bean 'httpPutFormContentFilter'
2018-01-08 23:46:37 [main] DEBUG o.s.b.f.s.DefaultListableBeanFactory - Returning cached instance of singleton bean 'org.springframework.cloud.commons.util.UtilAutoConfiguration'
2018-01-08 23:46:37 [main] DEBUG o.s.b.f.s.DefaultListableBeanFactory - Returning cached instance of singleton bean 'inetUtilsProperties'
2018-01-08 23:46:37 [main] DEBUG o.s.b.f.s.DefaultListableBeanFactory - Returning cached instance of singleton bean 'inetUtils'
2018-01-08 23:46:37 [main] DEBUG o.s.b.f.s.DefaultListableBeanFactory - Returning cached instance of singleton bean 'org.springframework.boot.actuate.autoconfigure.AuditAutoConfiguration$AuditEventRepositoryConfiguration'
2018-01-08 23:46:37 [main] DEBUG o.s.b.f.s.DefaultListableBeanFactory - Returning cached instance of singleton bean 'auditEventRepository'
2018-01-08 23:46:37 [main] DEBUG o.s.b.f.s.DefaultListableBeanFactory - Returning cached instance of singleton bean 'org.springframework.boot.actuate.autoconfigure.AuditAutoConfiguration'
2018-01-08 23:46:37 [main] DEBUG o.s.b.f.s.DefaultListableBeanFactory - Returning cached instance of singleton bean 'auditListener'
2018-01-08 23:46:37 [main] DEBUG o.s.b.f.s.DefaultListableBeanFactory - Returning cached instance of singleton bean 'org.springframework.boot.autoconfigure.jdbc.DataSourceConfiguration$Tomcat'
2018-01-08 23:46:37 [main] DEBUG o.s.b.f.s.DefaultListableBeanFactory - Returning cached instance of singleton bean 'dataSource'
2018-01-08 23:46:37 [main] DEBUG o.s.b.f.s.DefaultListableBeanFactory - Returning cached instance of singleton bean 'org.springframework.boot.autoconfigure.jdbc.DataSourceAutoConfiguration$PooledDataSourceConfiguration'
2018-01-08 23:46:37 [main] DEBUG o.s.b.f.s.DefaultListableBeanFactory - Returning cached instance of singleton bean 'org.springframework.boot.autoconfigure.jdbc.metadata.DataSourcePoolMetadataProvidersConfiguration$TomcatDataSourcePoolMetadataProviderConfiguration'
2018-01-08 23:46:37 [main] DEBUG o.s.b.f.s.DefaultListableBeanFactory - Returning cached instance of singleton bean 'tomcatPoolDataSourceMetadataProvider'
2018-01-08 23:46:37 [main] DEBUG o.s.b.f.s.DefaultListableBeanFactory - Returning cached instance of singleton bean 'org.springframework.boot.autoconfigure.jdbc.metadata.DataSourcePoolMetadataProvidersConfiguration'
2018-01-08 23:46:37 [main] DEBUG o.s.b.f.s.DefaultListableBeanFactory - Returning cached instance of singleton bean 'org.springframework.boot.autoconfigure.jdbc.DataSourceAutoConfiguration'
2018-01-08 23:46:37 [main] DEBUG o.s.b.f.s.DefaultListableBeanFactory - Returning cached instance of singleton bean 'dataSourceInitializer'
2018-01-08 23:46:37 [main] DEBUG o.s.b.f.s.DefaultListableBeanFactory - Returning cached instance of singleton bean 'spring.datasource-org.springframework.boot.autoconfigure.jdbc.DataSourceProperties'
2018-01-08 23:46:37 [main] DEBUG o.s.b.f.s.DefaultListableBeanFactory - Returning cached instance of singleton bean 'dataSourceInitializerPostProcessor'
2018-01-08 23:46:37 [main] DEBUG o.s.b.f.s.DefaultListableBeanFactory - Returning cached instance of singleton bean 'org.springframework.boot.autoconfigure.info.ProjectInfoAutoConfiguration'
2018-01-08 23:46:37 [main] DEBUG o.s.b.f.s.DefaultListableBeanFactory - Returning cached instance of singleton bean 'spring.info-org.springframework.boot.autoconfigure.info.ProjectInfoProperties'
2018-01-08 23:46:37 [main] DEBUG o.s.b.f.s.DefaultListableBeanFactory - Returning cached instance of singleton bean 'org.springframework.boot.actuate.autoconfigure.InfoContributorAutoConfiguration'
2018-01-08 23:46:37 [main] DEBUG o.s.b.f.s.DefaultListableBeanFactory - Returning cached instance of singleton bean 'envInfoContributor'
2018-01-08 23:46:37 [main] DEBUG o.s.b.f.s.DefaultListableBeanFactory - Returning cached instance of singleton bean 'management.info-org.springframework.boot.actuate.autoconfigure.InfoContributorProperties'
2018-01-08 23:46:37 [main] DEBUG o.s.b.f.s.DefaultListableBeanFactory - Returning cached instance of singleton bean 'org.springframework.boot.actuate.autoconfigure.HealthIndicatorAutoConfiguration$DiskSpaceHealthIndicatorConfiguration'
2018-01-08 23:46:37 [main] DEBUG o.s.b.f.s.DefaultListableBeanFactory - Returning cached instance of singleton bean 'diskSpaceHealthIndicator'
2018-01-08 23:46:37 [main] DEBUG o.s.b.f.s.DefaultListableBeanFactory - Returning cached instance of singleton bean 'diskSpaceHealthIndicatorProperties'
2018-01-08 23:46:37 [main] DEBUG o.s.b.f.s.DefaultListableBeanFactory - Returning cached instance of singleton bean 'org.springframework.boot.actuate.autoconfigure.HealthIndicatorAutoConfiguration$DataSourcesHealthIndicatorConfiguration'
2018-01-08 23:46:37 [main] DEBUG o.s.b.f.s.DefaultListableBeanFactory - Returning cached instance of singleton bean 'dbHealthIndicator'
2018-01-08 23:46:37 [main] DEBUG o.s.b.f.s.DefaultListableBeanFactory - Returning cached instance of singleton bean 'org.springframework.boot.actuate.autoconfigure.HealthIndicatorAutoConfiguration'
2018-01-08 23:46:37 [main] DEBUG o.s.b.f.s.DefaultListableBeanFactory - Returning cached instance of singleton bean 'healthAggregator'
2018-01-08 23:46:37 [main] DEBUG o.s.b.f.s.DefaultListableBeanFactory - Returning cached instance of singleton bean 'management.health.status-org.springframework.boot.actuate.autoconfigure.HealthIndicatorProperties'
2018-01-08 23:46:37 [main] DEBUG o.s.b.f.s.DefaultListableBeanFactory - Returning cached instance of singleton bean 'org.springframework.boot.actuate.autoconfigure.MetricRepositoryAutoConfiguration$FastMetricServicesConfiguration'
2018-01-08 23:46:37 [main] DEBUG o.s.b.f.s.DefaultListableBeanFactory - Returning cached instance of singleton bean 'counterBuffers'
2018-01-08 23:46:37 [main] DEBUG o.s.b.f.s.DefaultListableBeanFactory - Returning cached instance of singleton bean 'gaugeBuffers'
2018-01-08 23:46:37 [main] DEBUG o.s.b.f.s.DefaultListableBeanFactory - Returning cached instance of singleton bean 'actuatorMetricReader'
2018-01-08 23:46:37 [main] DEBUG o.s.b.f.s.DefaultListableBeanFactory - Returning cached instance of singleton bean 'counterService'
2018-01-08 23:46:37 [main] DEBUG o.s.b.f.s.DefaultListableBeanFactory - Returning cached instance of singleton bean 'gaugeService'
2018-01-08 23:46:37 [main] DEBUG o.s.b.f.s.DefaultListableBeanFactory - Returning cached instance of singleton bean 'org.springframework.boot.actuate.autoconfigure.MetricRepositoryAutoConfiguration'
2018-01-08 23:46:37 [main] DEBUG o.s.b.f.s.DefaultListableBeanFactory - Returning cached instance of singleton bean 'org.springframework.boot.actuate.autoconfigure.PublicMetricsAutoConfiguration$TomcatMetricsConfiguration'
2018-01-08 23:46:37 [main] DEBUG o.s.b.f.s.DefaultListableBeanFactory - Returning cached instance of singleton bean 'tomcatPublicMetrics'
2018-01-08 23:46:37 [main] DEBUG o.s.b.f.s.DefaultListableBeanFactory - Returning cached instance of singleton bean 'org.springframework.boot.actuate.autoconfigure.PublicMetricsAutoConfiguration$DataSourceMetricsConfiguration'
2018-01-08 23:46:37 [main] DEBUG o.s.b.f.s.DefaultListableBeanFactory - Returning cached instance of singleton bean 'dataSourcePublicMetrics'
2018-01-08 23:46:37 [main] DEBUG o.s.b.f.s.DefaultListableBeanFactory - Returning cached instance of singleton bean 'org.springframework.boot.actuate.autoconfigure.PublicMetricsAutoConfiguration'
2018-01-08 23:46:37 [main] DEBUG o.s.b.f.s.DefaultListableBeanFactory - Returning cached instance of singleton bean 'systemPublicMetrics'
2018-01-08 23:46:37 [main] DEBUG o.s.b.f.s.DefaultListableBeanFactory - Returning cached instance of singleton bean 'metricReaderPublicMetrics'
2018-01-08 23:46:37 [main] DEBUG o.s.b.f.s.DefaultListableBeanFactory - Returning cached instance of singleton bean 'org.springframework.boot.actuate.autoconfigure.EndpointAutoConfiguration$RequestMappingEndpointConfiguration'
2018-01-08 23:46:37 [main] DEBUG o.s.b.f.s.DefaultListableBeanFactory - Returning cached instance of singleton bean 'requestMappingEndpoint'
2018-01-08 23:46:37 [main] DEBUG o.s.b.f.s.DefaultListableBeanFactory - Returning cached instance of singleton bean 'org.springframework.boot.actuate.autoconfigure.EndpointAutoConfiguration'
2018-01-08 23:46:37 [main] DEBUG o.s.b.f.s.DefaultListableBeanFactory - Returning cached instance of singleton bean 'environmentEndpoint'
2018-01-08 23:46:37 [main] DEBUG o.s.b.f.s.DefaultListableBeanFactory - Returning cached instance of singleton bean 'healthEndpoint'
2018-01-08 23:46:37 [main] DEBUG o.s.b.f.s.DefaultListableBeanFactory - Returning cached instance of singleton bean 'beansEndpoint'
2018-01-08 23:46:37 [main] DEBUG o.s.b.f.s.DefaultListableBeanFactory - Returning cached instance of singleton bean 'infoEndpoint'
2018-01-08 23:46:37 [main] DEBUG o.s.b.f.s.DefaultListableBeanFactory - Returning cached instance of singleton bean 'metricsEndpoint'
2018-01-08 23:46:37 [main] DEBUG o.s.b.f.s.DefaultListableBeanFactory - Returning cached instance of singleton bean 'traceEndpoint'
2018-01-08 23:46:37 [main] DEBUG o.s.b.f.s.DefaultListableBeanFactory - Returning cached instance of singleton bean 'dumpEndpoint'
2018-01-08 23:46:37 [main] DEBUG o.s.b.f.s.DefaultListableBeanFactory - Returning cached instance of singleton bean 'autoConfigurationReportEndpoint'
2018-01-08 23:46:37 [main] DEBUG o.s.b.f.s.DefaultListableBeanFactory - Returning cached instance of singleton bean 'shutdownEndpoint'
2018-01-08 23:46:37 [main] DEBUG o.s.b.f.s.DefaultListableBeanFactory - Returning cached instance of singleton bean 'configurationPropertiesReportEndpoint'
2018-01-08 23:46:37 [main] DEBUG o.s.b.f.s.DefaultListableBeanFactory - Returning cached instance of singleton bean 'endpoints-org.springframework.boot.actuate.endpoint.EndpointProperties'
2018-01-08 23:46:37 [main] DEBUG o.s.b.f.s.DefaultListableBeanFactory - Returning cached instance of singleton bean 'org.springframework.boot.autoconfigure.web.ServerPropertiesAutoConfiguration'
2018-01-08 23:46:37 [main] DEBUG o.s.b.f.s.DefaultListableBeanFactory - Returning cached instance of singleton bean 'serverProperties'
2018-01-08 23:46:37 [main] DEBUG o.s.b.f.s.DefaultListableBeanFactory - Returning cached instance of singleton bean 'duplicateServerPropertiesDetector'
2018-01-08 23:46:37 [main] DEBUG o.s.b.f.s.DefaultListableBeanFactory - Returning cached instance of singleton bean 'org.springframework.boot.actuate.autoconfigure.ManagementServerPropertiesAutoConfiguration'
2018-01-08 23:46:37 [main] DEBUG o.s.b.f.s.DefaultListableBeanFactory - Returning cached instance of singleton bean 'managementServerProperties'
2018-01-08 23:46:37 [main] DEBUG o.s.b.f.s.DefaultListableBeanFactory - Returning cached instance of singleton bean 'org.springframework.boot.autoconfigure.web.HttpMessageConvertersAutoConfiguration$StringHttpMessageConverterConfiguration'
2018-01-08 23:46:37 [main] DEBUG o.s.b.f.s.DefaultListableBeanFactory - Returning cached instance of singleton bean 'stringHttpMessageConverter'
2018-01-08 23:46:37 [main] DEBUG o.s.b.f.s.DefaultListableBeanFactory - Returning cached instance of singleton bean 'spring.http.encoding-org.springframework.boot.autoconfigure.web.HttpEncodingProperties'
2018-01-08 23:46:37 [main] DEBUG o.s.b.f.s.DefaultListableBeanFactory - Returning cached instance of singleton bean 'org.springframework.boot.autoconfigure.web.JacksonHttpMessageConvertersConfiguration$MappingJackson2XmlHttpMessageConverterConfiguration'
2018-01-08 23:46:37 [main] DEBUG o.s.b.f.s.DefaultListableBeanFactory - Returning cached instance of singleton bean 'mappingJackson2XmlHttpMessageConverter'
2018-01-08 23:46:37 [main] DEBUG o.s.b.f.s.DefaultListableBeanFactory - Returning cached instance of singleton bean 'org.springframework.boot.autoconfigure.web.JacksonHttpMessageConvertersConfiguration$MappingJackson2HttpMessageConverterConfiguration'
2018-01-08 23:46:37 [main] DEBUG o.s.b.f.s.DefaultListableBeanFactory - Returning cached instance of singleton bean 'mappingJackson2HttpMessageConverter'
2018-01-08 23:46:37 [main] DEBUG o.s.b.f.s.DefaultListableBeanFactory - Returning cached instance of singleton bean 'org.springframework.boot.autoconfigure.web.JacksonHttpMessageConvertersConfiguration'
2018-01-08 23:46:37 [main] DEBUG o.s.b.f.s.DefaultListableBeanFactory - Returning cached instance of singleton bean 'org.springframework.boot.autoconfigure.web.HttpMessageConvertersAutoConfiguration'
2018-01-08 23:46:37 [main] DEBUG o.s.b.f.s.DefaultListableBeanFactory - Returning cached instance of singleton bean 'messageConverters'
2018-01-08 23:46:37 [main] DEBUG o.s.b.f.s.DefaultListableBeanFactory - Returning cached instance of singleton bean 'org.springframework.boot.actuate.autoconfigure.EndpointWebMvcManagementContextConfiguration'
2018-01-08 23:46:37 [main] DEBUG o.s.b.f.s.DefaultListableBeanFactory - Returning cached instance of singleton bean 'endpointHandlerMapping'
2018-01-08 23:46:37 [main] DEBUG o.s.b.f.s.DefaultListableBeanFactory - Returning cached instance of singleton bean 'mvcEndpoints'
2018-01-08 23:46:37 [main] DEBUG o.s.b.f.s.DefaultListableBeanFactory - Returning cached instance of singleton bean 'environmentMvcEndpoint'
2018-01-08 23:46:37 [main] DEBUG o.s.b.f.s.DefaultListableBeanFactory - Returning cached instance of singleton bean 'heapdumpMvcEndpoint'
2018-01-08 23:46:37 [main] DEBUG o.s.b.f.s.DefaultListableBeanFactory - Returning cached instance of singleton bean 'healthMvcEndpoint'
2018-01-08 23:46:37 [main] DEBUG o.s.b.f.s.DefaultListableBeanFactory - Returning cached instance of singleton bean 'metricsMvcEndpoint'
2018-01-08 23:46:37 [main] DEBUG o.s.b.f.s.DefaultListableBeanFactory - Returning cached instance of singleton bean 'endpoints.health-org.springframework.boot.actuate.autoconfigure.HealthMvcEndpointProperties'
2018-01-08 23:46:37 [main] DEBUG o.s.b.f.s.DefaultListableBeanFactory - Returning cached instance of singleton bean 'endpoints.cors-org.springframework.boot.actuate.autoconfigure.EndpointCorsProperties'
2018-01-08 23:46:37 [main] DEBUG o.s.b.f.s.DefaultListableBeanFactory - Returning cached instance of singleton bean 'org.springframework.boot.actuate.autoconfigure.EndpointWebMvcAutoConfiguration$EndpointWebMvcConfiguration'
2018-01-08 23:46:37 [main] DEBUG o.s.b.f.s.DefaultListableBeanFactory - Returning cached instance of singleton bean 'org.springframework.boot.actuate.autoconfigure.EndpointWebMvcAutoConfiguration$ApplicationContextFilterConfiguration'
2018-01-08 23:46:37 [main] DEBUG o.s.b.f.s.DefaultListableBeanFactory - Returning cached instance of singleton bean 'applicationContextIdFilter'
2018-01-08 23:46:37 [main] DEBUG o.s.b.f.s.DefaultListableBeanFactory - Returning cached instance of singleton bean 'org.springframework.boot.actuate.autoconfigure.EndpointWebMvcAutoConfiguration'
2018-01-08 23:46:37 [main] DEBUG o.s.b.f.s.DefaultListableBeanFactory - Returning cached instance of singleton bean 'managementContextResolver'
2018-01-08 23:46:37 [main] DEBUG o.s.b.f.s.DefaultListableBeanFactory - Returning cached instance of singleton bean 'managementServletContext'
2018-01-08 23:46:37 [main] DEBUG o.s.b.f.s.DefaultListableBeanFactory - Returning cached instance of singleton bean 'org.springframework.boot.actuate.autoconfigure.MetricExportAutoConfiguration$MetricExportPropertiesConfiguration'
2018-01-08 23:46:37 [main] DEBUG o.s.b.f.s.DefaultListableBeanFactory - Returning cached instance of singleton bean 'spring.metrics.export-org.springframework.boot.actuate.metrics.export.MetricExportProperties'
2018-01-08 23:46:37 [main] DEBUG o.s.b.f.s.DefaultListableBeanFactory - Returning cached instance of singleton bean 'org.springframework.boot.actuate.autoconfigure.MetricExportAutoConfiguration$StatsdConfiguration'
2018-01-08 23:46:37 [main] DEBUG o.s.b.f.s.DefaultListableBeanFactory - Returning cached instance of singleton bean 'org.springframework.scheduling.annotation.SchedulingConfiguration'
2018-01-08 23:46:37 [main] DEBUG o.s.b.f.s.DefaultListableBeanFactory - Returning cached instance of singleton bean 'org.springframework.context.annotation.internalScheduledAnnotationProcessor'
2018-01-08 23:46:37 [main] DEBUG o.s.b.f.s.DefaultListableBeanFactory - Returning cached instance of singleton bean 'org.springframework.boot.actuate.autoconfigure.MetricExportAutoConfiguration'
2018-01-08 23:46:37 [main] DEBUG o.s.b.f.s.DefaultListableBeanFactory - Returning cached instance of singleton bean 'metricWritersMetricExporter'
2018-01-08 23:46:37 [main] DEBUG o.s.b.f.s.DefaultListableBeanFactory - Returning cached instance of singleton bean 'org.springframework.boot.actuate.autoconfigure.MetricFilterAutoConfiguration'
2018-01-08 23:46:37 [main] DEBUG o.s.b.f.s.DefaultListableBeanFactory - Returning cached instance of singleton bean 'metricsFilter'
2018-01-08 23:46:37 [main] DEBUG o.s.b.f.s.DefaultListableBeanFactory - Returning cached instance of singleton bean 'endpoints.metrics.filter-org.springframework.boot.actuate.autoconfigure.MetricFilterProperties'
2018-01-08 23:46:37 [main] DEBUG o.s.b.f.s.DefaultListableBeanFactory - Returning cached instance of singleton bean 'org.springframework.boot.actuate.autoconfigure.TraceRepositoryAutoConfiguration'
2018-01-08 23:46:37 [main] DEBUG o.s.b.f.s.DefaultListableBeanFactory - Returning cached instance of singleton bean 'traceRepository'
2018-01-08 23:46:37 [main] DEBUG o.s.b.f.s.DefaultListableBeanFactory - Returning cached instance of singleton bean 'org.springframework.boot.actuate.autoconfigure.TraceWebFilterAutoConfiguration'
2018-01-08 23:46:37 [main] DEBUG o.s.b.f.s.DefaultListableBeanFactory - Returning cached instance of singleton bean 'webRequestLoggingFilter'
2018-01-08 23:46:37 [main] DEBUG o.s.b.f.s.DefaultListableBeanFactory - Returning cached instance of singleton bean 'management.trace-org.springframework.boot.actuate.trace.TraceProperties'
2018-01-08 23:46:37 [main] DEBUG o.s.b.f.s.DefaultListableBeanFactory - Returning cached instance of singleton bean 'org.springframework.boot.autoconfigure.context.ConfigurationPropertiesAutoConfiguration'
2018-01-08 23:46:37 [main] DEBUG o.s.b.f.s.DefaultListableBeanFactory - Returning cached instance of singleton bean 'org.springframework.boot.autoconfigure.dao.PersistenceExceptionTranslationAutoConfiguration'
2018-01-08 23:46:37 [main] DEBUG o.s.b.f.s.DefaultListableBeanFactory - Returning cached instance of singleton bean 'persistenceExceptionTranslationPostProcessor'
2018-01-08 23:46:37 [main] DEBUG o.s.b.f.s.DefaultListableBeanFactory - Returning cached instance of singleton bean 'org.springframework.transaction.annotation.ProxyTransactionManagementConfiguration'
2018-01-08 23:46:37 [main] DEBUG o.s.b.f.s.DefaultListableBeanFactory - Returning cached instance of singleton bean 'org.springframework.transaction.config.internalTransactionAdvisor'
2018-01-08 23:46:37 [main] DEBUG o.s.b.f.s.DefaultListableBeanFactory - Returning cached instance of singleton bean 'transactionAttributeSource'
2018-01-08 23:46:37 [main] DEBUG o.s.b.f.s.DefaultListableBeanFactory - Returning cached instance of singleton bean 'transactionInterceptor'
2018-01-08 23:46:37 [main] DEBUG o.s.b.f.s.DefaultListableBeanFactory - Returning cached instance of singleton bean 'org.springframework.transaction.config.internalTransactionalEventListenerFactory'
2018-01-08 23:46:37 [main] DEBUG o.s.b.f.s.DefaultListableBeanFactory - Returning cached instance of singleton bean 'org.springframework.boot.autoconfigure.jdbc.DataSourceTransactionManagerAutoConfiguration$TransactionManagementConfiguration'
2018-01-08 23:46:37 [main] DEBUG o.s.b.f.s.DefaultListableBeanFactory - Returning cached instance of singleton bean 'org.springframework.aop.config.internalAutoProxyCreator'
2018-01-08 23:46:37 [main] DEBUG o.s.b.f.s.DefaultListableBeanFactory - Returning cached instance of singleton bean 'org.springframework.boot.autoconfigure.jdbc.DataSourceTransactionManagerAutoConfiguration$DataSourceTransactionManagerConfiguration'
2018-01-08 23:46:37 [main] DEBUG o.s.b.f.s.DefaultListableBeanFactory - Returning cached instance of singleton bean 'transactionManager'
2018-01-08 23:46:37 [main] DEBUG o.s.b.f.s.DefaultListableBeanFactory - Returning cached instance of singleton bean 'org.springframework.boot.autoconfigure.jdbc.DataSourceTransactionManagerAutoConfiguration'
2018-01-08 23:46:37 [main] DEBUG o.s.b.f.s.DefaultListableBeanFactory - Returning cached instance of singleton bean 'org.springframework.boot.autoconfigure.jdbc.JdbcTemplateAutoConfiguration'
2018-01-08 23:46:37 [main] DEBUG o.s.b.f.s.DefaultListableBeanFactory - Returning cached instance of singleton bean 'jdbcTemplate'
2018-01-08 23:46:37 [main] DEBUG o.s.b.f.s.DefaultListableBeanFactory - Returning cached instance of singleton bean 'namedParameterJdbcTemplate'
2018-01-08 23:46:37 [main] DEBUG o.s.b.f.s.DefaultListableBeanFactory - Returning cached instance of singleton bean 'org.springframework.boot.autoconfigure.transaction.TransactionAutoConfiguration'
2018-01-08 23:46:37 [main] DEBUG o.s.b.f.s.DefaultListableBeanFactory - Returning cached instance of singleton bean 'transactionTemplate'
2018-01-08 23:46:37 [main] DEBUG o.s.b.f.s.DefaultListableBeanFactory - Returning cached instance of singleton bean 'org.springframework.boot.autoconfigure.web.HttpEncodingAutoConfiguration'
2018-01-08 23:46:37 [main] DEBUG o.s.b.f.s.DefaultListableBeanFactory - Returning cached instance of singleton bean 'characterEncodingFilter'
2018-01-08 23:46:37 [main] DEBUG o.s.b.f.s.DefaultListableBeanFactory - Returning cached instance of singleton bean 'localeCharsetMappingsCustomizer'
2018-01-08 23:46:37 [main] DEBUG o.s.b.f.s.DefaultListableBeanFactory - Returning cached instance of singleton bean 'org.springframework.boot.autoconfigure.web.MultipartAutoConfiguration'
2018-01-08 23:46:37 [main] DEBUG o.s.b.f.s.DefaultListableBeanFactory - Returning cached instance of singleton bean 'multipartConfigElement'
2018-01-08 23:46:37 [main] DEBUG o.s.b.f.s.DefaultListableBeanFactory - Returning cached instance of singleton bean 'multipartResolver'
2018-01-08 23:46:37 [main] DEBUG o.s.b.f.s.DefaultListableBeanFactory - Returning cached instance of singleton bean 'spring.http.multipart-org.springframework.boot.autoconfigure.web.MultipartProperties'
2018-01-08 23:46:37 [main] DEBUG o.s.b.f.s.DefaultListableBeanFactory - Returning cached instance of singleton bean 'org.springframework.boot.autoconfigure.web.WebClientAutoConfiguration$RestTemplateConfiguration'
2018-01-08 23:46:37 [main] DEBUG o.s.b.f.s.DefaultListableBeanFactory - Returning cached instance of singleton bean 'restTemplateBuilder'
2018-01-08 23:46:37 [main] DEBUG o.s.b.f.s.DefaultListableBeanFactory - Returning cached instance of singleton bean 'org.springframework.boot.autoconfigure.web.WebClientAutoConfiguration'
2018-01-08 23:46:37 [main] DEBUG o.s.b.f.s.DefaultListableBeanFactory - Returning cached instance of singleton bean 'org.springframework.cloud.autoconfigure.ConfigurationPropertiesRebinderAutoConfiguration'
2018-01-08 23:46:37 [main] DEBUG o.s.b.f.s.DefaultListableBeanFactory - Returning cached instance of singleton bean 'configurationPropertiesBeans'
2018-01-08 23:46:37 [main] DEBUG o.s.b.f.s.DefaultListableBeanFactory - Returning cached instance of singleton bean 'configurationPropertiesRebinder'
2018-01-08 23:46:37 [main] DEBUG o.s.b.f.s.DefaultListableBeanFactory - Returning cached instance of singleton bean 'org.springframework.cloud.autoconfigure.RefreshEndpointAutoConfiguration$RefreshEndpointConfiguration'
2018-01-08 23:46:37 [main] DEBUG o.s.b.f.s.DefaultListableBeanFactory - Returning cached instance of singleton bean 'refreshEndpoint'
2018-01-08 23:46:37 [main] DEBUG o.s.b.f.s.DefaultListableBeanFactory - Returning cached instance of singleton bean 'refreshEventListener'
2018-01-08 23:46:37 [main] DEBUG o.s.b.f.s.DefaultListableBeanFactory - Returning cached instance of singleton bean 'org.springframework.cloud.autoconfigure.RefreshEndpointAutoConfiguration$RestartEndpointWithoutIntegration'
2018-01-08 23:46:37 [main] DEBUG o.s.b.f.s.DefaultListableBeanFactory - Returning cached instance of singleton bean 'restartEndpoint'
2018-01-08 23:46:37 [main] DEBUG o.s.b.f.s.DefaultListableBeanFactory - Returning cached instance of singleton bean 'org.springframework.cloud.autoconfigure.RefreshEndpointAutoConfiguration'
2018-01-08 23:46:37 [main] DEBUG o.s.b.f.s.DefaultListableBeanFactory - Returning cached instance of singleton bean 'refreshScopeHealthIndicator'
2018-01-08 23:46:37 [main] DEBUG o.s.b.f.s.DefaultListableBeanFactory - Returning cached instance of singleton bean 'pauseEndpoint'
2018-01-08 23:46:37 [main] DEBUG o.s.b.f.s.DefaultListableBeanFactory - Returning cached instance of singleton bean 'resumeEndpoint'
2018-01-08 23:46:37 [main] DEBUG o.s.b.f.s.DefaultListableBeanFactory - Returning cached instance of singleton bean 'org.springframework.cloud.autoconfigure.LifecycleMvcEndpointAutoConfiguration'
2018-01-08 23:46:37 [main] DEBUG o.s.b.f.s.DefaultListableBeanFactory - Returning cached instance of singleton bean 'environmentManagerEndpoint'
2018-01-08 23:46:37 [main] DEBUG o.s.b.f.s.DefaultListableBeanFactory - Returning cached instance of singleton bean 'refreshMvcEndpoint'
2018-01-08 23:46:37 [main] DEBUG o.s.b.f.s.DefaultListableBeanFactory - Returning cached instance of singleton bean 'restartMvcEndpoint'
2018-01-08 23:46:37 [main] DEBUG o.s.b.f.s.DefaultListableBeanFactory - Returning cached instance of singleton bean 'pauseMvcEndpoint'
2018-01-08 23:46:37 [main] DEBUG o.s.b.f.s.DefaultListableBeanFactory - Returning cached instance of singleton bean 'resumeMvcEndpoint'
2018-01-08 23:46:37 [main] DEBUG o.s.b.f.s.DefaultListableBeanFactory - Returning cached instance of singleton bean 'org.springframework.cloud.autoconfigure.RefreshAutoConfiguration$RefreshScopeConfiguration'
2018-01-08 23:46:37 [main] DEBUG o.s.b.f.s.DefaultListableBeanFactory - Returning cached instance of singleton bean 'org.springframework.cloud.autoconfigure.RefreshAutoConfiguration'
2018-01-08 23:46:37 [main] DEBUG o.s.b.f.s.DefaultListableBeanFactory - Returning cached instance of singleton bean 'loggingRebinder'
2018-01-08 23:46:37 [main] DEBUG o.s.b.f.s.DefaultListableBeanFactory - Returning cached instance of singleton bean 'environmentManager'
2018-01-08 23:46:37 [main] DEBUG o.s.b.f.s.DefaultListableBeanFactory - Returning cached instance of singleton bean 'contextRefresher'
2018-01-08 23:46:37 [main] DEBUG o.s.b.f.s.DefaultListableBeanFactory - Returning cached instance of singleton bean 'org.springframework.cloud.client.discovery.noop.NoopDiscoveryClientAutoConfiguration'
2018-01-08 23:46:37 [main] DEBUG o.s.b.f.s.DefaultListableBeanFactory - Returning cached instance of singleton bean 'discoveryClient'
2018-01-08 23:46:37 [main] DEBUG o.s.b.f.s.DefaultListableBeanFactory - Returning cached instance of singleton bean 'org.springframework.cloud.config.client.ConfigClientAutoConfiguration'
2018-01-08 23:46:37 [main] DEBUG o.s.b.f.s.DefaultListableBeanFactory - Returning cached instance of singleton bean 'configClientProperties'
2018-01-08 23:46:37 [main] DEBUG o.s.b.f.s.DefaultListableBeanFactory - Returning cached instance of singleton bean 'configClientHealthProperties'
2018-01-08 23:46:37 [main] DEBUG o.s.b.f.s.DefaultListableBeanFactory - Returning cached instance of singleton bean 'org.springframework.cloud.config.server.config.EnvironmentRepositoryConfiguration$DefaultEnvironmentWatch'
2018-01-08 23:46:37 [main] DEBUG o.s.b.f.s.DefaultListableBeanFactory - Returning cached instance of singleton bean 'environmentWatch'
2018-01-08 23:46:37 [main] DEBUG o.s.b.f.s.DefaultListableBeanFactory - Returning cached instance of singleton bean 'org.springframework.cloud.config.server.config.EnvironmentRepositoryConfiguration$GitRepositoryConfiguration'
2018-01-08 23:46:37 [main] DEBUG o.s.b.f.s.DefaultListableBeanFactory - Returning cached instance of singleton bean 'environmentRepository'
2018-01-08 23:46:37 [main] DEBUG o.s.b.f.s.DefaultListableBeanFactory - Returning cached instance of singleton bean 'org.springframework.cloud.config.server.config.EnvironmentRepositoryConfiguration'
2018-01-08 23:46:37 [main] DEBUG o.s.b.f.s.DefaultListableBeanFactory - Returning cached instance of singleton bean 'configServerHealthIndicator'
2018-01-08 23:46:37 [main] DEBUG o.s.b.f.s.DefaultListableBeanFactory - Returning cached instance of singleton bean 'org.springframework.cloud.config.server.config.ResourceRepositoryConfiguration'
2018-01-08 23:46:37 [main] DEBUG o.s.b.f.s.DefaultListableBeanFactory - Returning cached instance of singleton bean 'resourceRepository'
2018-01-08 23:46:37 [main] DEBUG o.s.b.f.s.DefaultListableBeanFactory - Returning cached instance of singleton bean 'spring.cloud.config.server-org.springframework.cloud.config.server.config.ConfigServerProperties'
2018-01-08 23:46:37 [main] DEBUG o.s.b.f.s.DefaultListableBeanFactory - Returning cached instance of singleton bean 'org.springframework.cloud.config.server.config.ConfigServerEncryptionConfiguration'
2018-01-08 23:46:37 [main] DEBUG o.s.b.f.s.DefaultListableBeanFactory - Returning cached instance of singleton bean 'encryptionController'
2018-01-08 23:46:37 [main] DEBUG o.s.b.f.s.DefaultListableBeanFactory - Returning cached instance of singleton bean 'org.springframework.cloud.config.server.config.ConfigServerMvcConfiguration'
2018-01-08 23:46:37 [main] DEBUG o.s.b.f.s.DefaultListableBeanFactory - Returning cached instance of singleton bean 'environmentController'
2018-01-08 23:46:37 [main] DEBUG o.s.b.f.s.DefaultListableBeanFactory - Returning cached instance of singleton bean 'resourceController'
2018-01-08 23:46:37 [main] DEBUG o.s.b.f.s.DefaultListableBeanFactory - Returning cached instance of singleton bean 'org.springframework.cloud.config.server.config.ConfigServerAutoConfiguration'
2018-01-08 23:46:37 [main] DEBUG o.s.b.f.s.DefaultListableBeanFactory - Returning cached instance of singleton bean 'org.springframework.cloud.config.server.config.EncryptionAutoConfiguration'
2018-01-08 23:46:37 [main] DEBUG o.s.b.f.s.DefaultListableBeanFactory - Returning cached instance of singleton bean 'encrypt-org.springframework.cloud.bootstrap.encrypt.KeyProperties'
2018-01-08 23:46:37 [main] DEBUG o.s.b.f.s.DefaultListableBeanFactory - Returning cached instance of singleton bean 'org.springframework.cloud.config.server.config.SingleEncryptorAutoConfiguration'
2018-01-08 23:46:37 [main] DEBUG o.s.b.f.s.DefaultListableBeanFactory - Returning cached instance of singleton bean 'textEncryptorLocator'
2018-01-08 23:46:37 [main] DEBUG o.s.b.f.s.DefaultListableBeanFactory - Returning cached instance of singleton bean 'refreshScope'
2018-01-08 23:46:37 [main] DEBUG o.s.b.f.s.DefaultListableBeanFactory - Returning cached instance of singleton bean 'com.myshop.products.common.logging.LoggingConfigListener'
2018-01-08 23:46:37 [main] DEBUG o.s.b.f.s.DefaultListableBeanFactory - Returning cached instance of singleton bean 'org.springframework.boot.test.mock.mockito.MockitoBeans'
2018-01-08 23:46:37 [main] DEBUG o.s.b.f.s.DefaultListableBeanFactory - Returning cached instance of singleton bean 'org.springframework.context.annotation.internalConfigurationAnnotationProcessor'
2018-01-08 23:46:37 [main] DEBUG o.s.b.f.s.DefaultListableBeanFactory - Returning cached instance of singleton bean 'org.springframework.context.annotation.internalAutowiredAnnotationProcessor'
2018-01-08 23:46:37 [main] DEBUG o.s.b.f.s.DefaultListableBeanFactory - Returning cached instance of singleton bean 'org.springframework.context.annotation.internalRequiredAnnotationProcessor'
2018-01-08 23:46:37 [main] DEBUG o.s.b.f.s.DefaultListableBeanFactory - Returning cached instance of singleton bean 'org.springframework.context.annotation.internalCommonAnnotationProcessor'
2018-01-08 23:46:37 [main] DEBUG o.s.b.f.s.DefaultListableBeanFactory - Returning cached instance of singleton bean 'org.springframework.context.event.internalEventListenerProcessor'
2018-01-08 23:46:37 [main] DEBUG o.s.b.f.s.DefaultListableBeanFactory - Returning cached instance of singleton bean 'org.springframework.context.event.internalEventListenerFactory'
2018-01-08 23:46:37 [main] DEBUG o.s.b.f.s.DefaultListableBeanFactory - Returning cached instance of singleton bean 'configServerBootstrapConfiguration'
2018-01-08 23:46:37 [main] DEBUG o.s.b.f.s.DefaultListableBeanFactory - Returning cached instance of singleton bean 'configServiceBootstrapConfiguration'
2018-01-08 23:46:37 [main] DEBUG o.s.b.f.s.DefaultListableBeanFactory - Returning cached instance of singleton bean 'propertySourceBootstrapConfiguration'
2018-01-08 23:46:37 [main] DEBUG o.s.b.f.s.DefaultListableBeanFactory - Returning cached instance of singleton bean 'encryptionBootstrapConfiguration'
2018-01-08 23:46:37 [main] DEBUG o.s.b.f.s.DefaultListableBeanFactory - Returning cached instance of singleton bean 'configurationPropertiesRebinderAutoConfiguration'
2018-01-08 23:46:37 [main] DEBUG o.s.b.f.s.DefaultListableBeanFactory - Returning cached instance of singleton bean 'propertyPlaceholderAutoConfiguration'
2018-01-08 23:46:37 [main] DEBUG o.s.b.f.s.DefaultListableBeanFactory - Returning cached instance of singleton bean 'org.springframework.boot.autoconfigure.internalCachingMetadataReaderFactory'
2018-01-08 23:46:37 [main] DEBUG o.s.b.f.s.DefaultListableBeanFactory - Returning cached instance of singleton bean 'org.springframework.context.annotation.ConfigurationClassPostProcessor.importAwareProcessor'
2018-01-08 23:46:37 [main] DEBUG o.s.b.f.s.DefaultListableBeanFactory - Returning cached instance of singleton bean 'org.springframework.context.annotation.ConfigurationClassPostProcessor.enhancedConfigurationProcessor'
2018-01-08 23:46:37 [main] DEBUG o.s.b.f.s.DefaultListableBeanFactory - Returning cached instance of singleton bean 'configClientProperties'
2018-01-08 23:46:37 [main] DEBUG o.s.b.f.s.DefaultListableBeanFactory - Returning cached instance of singleton bean 'org.springframework.boot.context.properties.ConfigurationPropertiesBindingPostProcessor'
2018-01-08 23:46:37 [main] DEBUG o.s.b.f.s.DefaultListableBeanFactory - Returning cached instance of singleton bean 'org.springframework.boot.context.properties.ConfigurationPropertiesBindingPostProcessor.store'
2018-01-08 23:46:37 [main] DEBUG o.s.b.f.s.DefaultListableBeanFactory - Returning cached instance of singleton bean 'spring.cloud.config-org.springframework.cloud.bootstrap.config.PropertySourceBootstrapProperties'
2018-01-08 23:46:37 [main] DEBUG o.s.b.f.s.DefaultListableBeanFactory - Returning cached instance of singleton bean 'org.springframework.cloud.bootstrap.encrypt.EncryptionBootstrapConfiguration$RsaEncryptionConfiguration'
2018-01-08 23:46:37 [main] DEBUG o.s.b.f.s.DefaultListableBeanFactory - Returning cached instance of singleton bean 'org.springframework.boot.autoconfigure.condition.BeanTypeRegistry'
2018-01-08 23:46:37 [main] DEBUG o.s.b.f.s.DefaultListableBeanFactory - Returning cached instance of singleton bean 'textEncryptor'
2018-01-08 23:46:37 [main] DEBUG o.s.b.f.s.DefaultListableBeanFactory - Returning cached instance of singleton bean 'environmentDecryptApplicationListener'
2018-01-08 23:46:37 [main] DEBUG o.s.b.f.s.DefaultListableBeanFactory - Returning cached instance of singleton bean 'encrypt-org.springframework.cloud.bootstrap.encrypt.KeyProperties'
2018-01-08 23:46:37 [main] DEBUG o.s.b.f.s.DefaultListableBeanFactory - Returning cached instance of singleton bean 'configurationPropertiesRebinder'
2018-01-08 23:46:37 [main] DEBUG o.s.b.f.s.DefaultListableBeanFactory - Returning cached instance of singleton bean 'configurationPropertiesBeans'
2018-01-08 23:46:37 [main] DEBUG o.s.b.f.s.DefaultListableBeanFactory - Returning cached instance of singleton bean 'propertySourcesPlaceholderConfigurer'
2018-01-08 23:46:37 [main] DEBUG o.s.t.c.s.AbstractDirtiesContextTestExecutionListener - After test method: context [DefaultTestContext@15d9bc04 testClass = ProductServiceIT, testInstance = com.myshop.products.ProductServiceIT@dd3b207, testMethod = testFetchProduct@ProductServiceIT, testException = java.lang.AssertionError: 1 expectation failed.
Response body doesn't match expectation.
Expected: a string containing "-KrqgOLs07ZkbapP4EGi"
  Actual: 
, mergedContextConfiguration = [WebMergedContextConfiguration@473b46c3 testClass = ProductServiceIT, locations = '{}', classes = '{class com.myshop.products.ProductApp, class com.myshop.products.ProductApp}', contextInitializerClasses = '[]', activeProfiles = '{}', propertySourceLocations = '{}', propertySourceProperties = '{org.springframework.boot.test.context.SpringBootTestContextBootstrapper=true, server.port=0}', contextCustomizers = set[org.springframework.boot.test.context.SpringBootTestContextCustomizer@6e6c3152, org.springframework.boot.test.context.filter.ExcludeFilterContextCustomizer@32709393, org.springframework.boot.test.mock.mockito.MockitoContextCustomizer@0, org.springframework.boot.test.autoconfigure.properties.PropertyMappingContextCustomizer@0, org.springframework.boot.test.autoconfigure.web.servlet.WebDriverContextCustomizerFactory$Customizer@10bbd20a], resourceBasePath = 'src/main/webapp', contextLoader = 'org.springframework.boot.test.context.SpringBootContextLoader', parent = [null]]], class annotated with @DirtiesContext [false] with mode [null], method annotated with @DirtiesContext [false] with mode [null].
]]></system-out>
    <system-err><![CDATA[Mon Jan 08 23:46:36 AEDT 2018 WARN: Establishing SSL connection without server's identity verification is not recommended. According to MySQL 5.5.45+, 5.6.26+ and 5.7.6+ requirements SSL connection must be established by default if explicit option isn't set. For compliance with existing applications not using SSL the verifyServerCertificate property is set to 'false'. You need either to explicitly disable SSL by setting useSSL=false, or set useSSL=true and provide truststore for server certificate verification.
Mon Jan 08 23:46:36 AEDT 2018 WARN: Establishing SSL connection without server's identity verification is not recommended. According to MySQL 5.5.45+, 5.6.26+ and 5.7.6+ requirements SSL connection must be established by default if explicit option isn't set. For compliance with existing applications not using SSL the verifyServerCertificate property is set to 'false'. You need either to explicitly disable SSL by setting useSSL=false, or set useSSL=true and provide truststore for server certificate verification.
Mon Jan 08 23:46:36 AEDT 2018 WARN: Establishing SSL connection without server's identity verification is not recommended. According to MySQL 5.5.45+, 5.6.26+ and 5.7.6+ requirements SSL connection must be established by default if explicit option isn't set. For compliance with existing applications not using SSL the verifyServerCertificate property is set to 'false'. You need either to explicitly disable SSL by setting useSSL=false, or set useSSL=true and provide truststore for server certificate verification.
Mon Jan 08 23:46:36 AEDT 2018 WARN: Establishing SSL connection without server's identity verification is not recommended. According to MySQL 5.5.45+, 5.6.26+ and 5.7.6+ requirements SSL connection must be established by default if explicit option isn't set. For compliance with existing applications not using SSL the verifyServerCertificate property is set to 'false'. You need either to explicitly disable SSL by setting useSSL=false, or set useSSL=true and provide truststore for server certificate verification.
Mon Jan 08 23:46:36 AEDT 2018 WARN: Establishing SSL connection without server's identity verification is not recommended. According to MySQL 5.5.45+, 5.6.26+ and 5.7.6+ requirements SSL connection must be established by default if explicit option isn't set. For compliance with existing applications not using SSL the verifyServerCertificate property is set to 'false'. You need either to explicitly disable SSL by setting useSSL=false, or set useSSL=true and provide truststore for server certificate verification.
Mon Jan 08 23:46:36 AEDT 2018 WARN: Establishing SSL connection without server's identity verification is not recommended. According to MySQL 5.5.45+, 5.6.26+ and 5.7.6+ requirements SSL connection must be established by default if explicit option isn't set. For compliance with existing applications not using SSL the verifyServerCertificate property is set to 'false'. You need either to explicitly disable SSL by setting useSSL=false, or set useSSL=true and provide truststore for server certificate verification.
Mon Jan 08 23:46:36 AEDT 2018 WARN: Establishing SSL connection without server's identity verification is not recommended. According to MySQL 5.5.45+, 5.6.26+ and 5.7.6+ requirements SSL connection must be established by default if explicit option isn't set. For compliance with existing applications not using SSL the verifyServerCertificate property is set to 'false'. You need either to explicitly disable SSL by setting useSSL=false, or set useSSL=true and provide truststore for server certificate verification.
Mon Jan 08 23:46:36 AEDT 2018 WARN: Establishing SSL connection without server's identity verification is not recommended. According to MySQL 5.5.45+, 5.6.26+ and 5.7.6+ requirements SSL connection must be established by default if explicit option isn't set. For compliance with existing applications not using SSL the verifyServerCertificate property is set to 'false'. You need either to explicitly disable SSL by setting useSSL=false, or set useSSL=true and provide truststore for server certificate verification.
Mon Jan 08 23:46:36 AEDT 2018 WARN: Establishing SSL connection without server's identity verification is not recommended. According to MySQL 5.5.45+, 5.6.26+ and 5.7.6+ requirements SSL connection must be established by default if explicit option isn't set. For compliance with existing applications not using SSL the verifyServerCertificate property is set to 'false'. You need either to explicitly disable SSL by setting useSSL=false, or set useSSL=true and provide truststore for server certificate verification.
Mon Jan 08 23:46:36 AEDT 2018 WARN: Establishing SSL connection without server's identity verification is not recommended. According to MySQL 5.5.45+, 5.6.26+ and 5.7.6+ requirements SSL connection must be established by default if explicit option isn't set. For compliance with existing applications not using SSL the verifyServerCertificate property is set to 'false'. You need either to explicitly disable SSL by setting useSSL=false, or set useSSL=true and provide truststore for server certificate verification.
]]></system-err>
  </testcase>
  <testcase name="testCreateProductWrongURL" classname="com.myshop.products.ProductServiceIT" time="0.945"/>
  <testcase name="testCreateProduct" classname="com.myshop.products.ProductServiceIT" time="0.453">
    <failure message="1 expectation failed.&#10;Response body doesn&apos;t match expectation.&#10;Expected: a string containing &quot;success&quot;&#10;  Actual: &#10;" type="java.lang.AssertionError">java.lang.AssertionError: 1 expectation failed.
Response body doesn't match expectation.
Expected: a string containing "success"
  Actual: 

	at sun.reflect.NativeConstructorAccessorImpl.newInstance0(Native Method)
	at sun.reflect.NativeConstructorAccessorImpl.newInstance(NativeConstructorAccessorImpl.java:62)
	at sun.reflect.DelegatingConstructorAccessorImpl.newInstance(DelegatingConstructorAccessorImpl.java:45)
	at java.lang.reflect.Constructor.newInstance(Constructor.java:423)
	at org.codehaus.groovy.reflection.CachedConstructor.invoke(CachedConstructor.java:83)
	at org.codehaus.groovy.reflection.CachedConstructor.doConstructorInvoke(CachedConstructor.java:77)
	at org.codehaus.groovy.runtime.callsite.ConstructorSite$ConstructorSiteNoUnwrap.callConstructor(ConstructorSite.java:84)
	at org.codehaus.groovy.runtime.callsite.AbstractCallSite.callConstructor(AbstractCallSite.java:247)
	at com.jayway.restassured.internal.ResponseSpecificationImpl$HamcrestAssertionClosure.validate(ResponseSpecificationImpl.groovy:598)
	at com.jayway.restassured.internal.ResponseSpecificationImpl$HamcrestAssertionClosure$validate$1.call(Unknown Source)
	at com.jayway.restassured.internal.ResponseSpecificationImpl.validateResponseIfRequired(ResponseSpecificationImpl.groovy:760)
	at sun.reflect.NativeMethodAccessorImpl.invoke0(Native Method)
	at sun.reflect.NativeMethodAccessorImpl.invoke(NativeMethodAccessorImpl.java:62)
	at sun.reflect.DelegatingMethodAccessorImpl.invoke(DelegatingMethodAccessorImpl.java:43)
	at java.lang.reflect.Method.invoke(Method.java:498)
	at org.codehaus.groovy.runtime.callsite.PogoMetaMethodSite$PogoCachedMethodSiteNoUnwrapNoCoerce.invoke(PogoMetaMethodSite.java:210)
	at org.codehaus.groovy.runtime.callsite.PogoMetaMethodSite.callCurrent(PogoMetaMethodSite.java:59)
	at org.codehaus.groovy.runtime.callsite.AbstractCallSite.callCurrent(AbstractCallSite.java:166)
	at com.jayway.restassured.internal.ResponseSpecificationImpl.content(ResponseSpecificationImpl.groovy:92)
	at com.jayway.restassured.specification.ResponseSpecification$content$1.callCurrent(Unknown Source)
	at com.jayway.restassured.internal.ResponseSpecificationImpl.body(ResponseSpecificationImpl.groovy:230)
	at com.jayway.restassured.internal.ValidatableResponseOptionsImpl.body(ValidatableResponseOptionsImpl.java:258)
	at com.myshop.products.ProductServiceIT.testCreateProduct(ProductServiceIT.java:72)
</failure>
    <system-out><![CDATA[2018-01-08 23:46:38 [main] DEBUG o.s.t.annotation.ProfileValueUtils - Retrieved @ProfileValueSourceConfiguration [null] for test class [com.myshop.products.ProductServiceIT]
2018-01-08 23:46:38 [main] DEBUG o.s.t.annotation.ProfileValueUtils - Retrieved ProfileValueSource type [class org.springframework.test.annotation.SystemProfileValueSource] for class [com.myshop.products.ProductServiceIT]
2018-01-08 23:46:38 [main] DEBUG o.s.t.c.s.DependencyInjectionTestExecutionListener - Performing dependency injection for test context [[DefaultTestContext@15d9bc04 testClass = ProductServiceIT, testInstance = com.myshop.products.ProductServiceIT@5423a17, testMethod = [null], testException = [null], mergedContextConfiguration = [WebMergedContextConfiguration@473b46c3 testClass = ProductServiceIT, locations = '{}', classes = '{class com.myshop.products.ProductApp, class com.myshop.products.ProductApp}', contextInitializerClasses = '[]', activeProfiles = '{}', propertySourceLocations = '{}', propertySourceProperties = '{org.springframework.boot.test.context.SpringBootTestContextBootstrapper=true, server.port=0}', contextCustomizers = set[org.springframework.boot.test.context.SpringBootTestContextCustomizer@6e6c3152, org.springframework.boot.test.context.filter.ExcludeFilterContextCustomizer@32709393, org.springframework.boot.test.mock.mockito.MockitoContextCustomizer@0, org.springframework.boot.test.autoconfigure.properties.PropertyMappingContextCustomizer@0, org.springframework.boot.test.autoconfigure.web.servlet.WebDriverContextCustomizerFactory$Customizer@10bbd20a], resourceBasePath = 'src/main/webapp', contextLoader = 'org.springframework.boot.test.context.SpringBootContextLoader', parent = [null]]]].
2018-01-08 23:46:38 [main] DEBUG o.s.t.c.c.DefaultCacheAwareContextLoaderDelegate - Retrieved ApplicationContext from cache with key [[WebMergedContextConfiguration@473b46c3 testClass = ProductServiceIT, locations = '{}', classes = '{class com.myshop.products.ProductApp, class com.myshop.products.ProductApp}', contextInitializerClasses = '[]', activeProfiles = '{}', propertySourceLocations = '{}', propertySourceProperties = '{org.springframework.boot.test.context.SpringBootTestContextBootstrapper=true, server.port=0}', contextCustomizers = set[org.springframework.boot.test.context.SpringBootTestContextCustomizer@6e6c3152, org.springframework.boot.test.context.filter.ExcludeFilterContextCustomizer@32709393, org.springframework.boot.test.mock.mockito.MockitoContextCustomizer@0, org.springframework.boot.test.autoconfigure.properties.PropertyMappingContextCustomizer@0, org.springframework.boot.test.autoconfigure.web.servlet.WebDriverContextCustomizerFactory$Customizer@10bbd20a], resourceBasePath = 'src/main/webapp', contextLoader = 'org.springframework.boot.test.context.SpringBootContextLoader', parent = [null]]]
2018-01-08 23:46:38 [main] DEBUG o.springframework.test.context.cache - Spring test ApplicationContext cache statistics: [DefaultContextCache@50e5032c size = 1, maxSize = 32, parentContextCount = 0, hitCount = 11, missCount = 1]
2018-01-08 23:46:38 [main] DEBUG o.s.b.f.annotation.InjectionMetadata - Processing injected element of bean 'com.myshop.products.ProductServiceIT': AutowiredFieldElement for private int com.myshop.products.ProductServiceIT.port
2018-01-08 23:46:38 [main] DEBUG o.s.c.e.PropertySourcesPropertyResolver - Found key 'local.server.port' in [server.ports] with type [Integer]
2018-01-08 23:46:38 [main] DEBUG o.s.c.e.PropertySourcesPropertyResolver - Found key 'local.server.port' in [environmentProperties] with type [String]
2018-01-08 23:46:38 [main] DEBUG o.s.t.c.s.AbstractDirtiesContextTestExecutionListener - Before test method: context [DefaultTestContext@15d9bc04 testClass = ProductServiceIT, testInstance = com.myshop.products.ProductServiceIT@5423a17, testMethod = testCreateProduct@ProductServiceIT, testException = [null], mergedContextConfiguration = [WebMergedContextConfiguration@473b46c3 testClass = ProductServiceIT, locations = '{}', classes = '{class com.myshop.products.ProductApp, class com.myshop.products.ProductApp}', contextInitializerClasses = '[]', activeProfiles = '{}', propertySourceLocations = '{}', propertySourceProperties = '{org.springframework.boot.test.context.SpringBootTestContextBootstrapper=true, server.port=0}', contextCustomizers = set[org.springframework.boot.test.context.SpringBootTestContextCustomizer@6e6c3152, org.springframework.boot.test.context.filter.ExcludeFilterContextCustomizer@32709393, org.springframework.boot.test.mock.mockito.MockitoContextCustomizer@0, org.springframework.boot.test.autoconfigure.properties.PropertyMappingContextCustomizer@0, org.springframework.boot.test.autoconfigure.web.servlet.WebDriverContextCustomizerFactory$Customizer@10bbd20a], resourceBasePath = 'src/main/webapp', contextLoader = 'org.springframework.boot.test.context.SpringBootContextLoader', parent = [null]]], class annotated with @DirtiesContext [false] with mode [null], method annotated with @DirtiesContext [false] with mode [null].
2018-01-08 23:46:38 [main] DEBUG o.s.t.c.c.DefaultCacheAwareContextLoaderDelegate - Retrieved ApplicationContext from cache with key [[WebMergedContextConfiguration@473b46c3 testClass = ProductServiceIT, locations = '{}', classes = '{class com.myshop.products.ProductApp, class com.myshop.products.ProductApp}', contextInitializerClasses = '[]', activeProfiles = '{}', propertySourceLocations = '{}', propertySourceProperties = '{org.springframework.boot.test.context.SpringBootTestContextBootstrapper=true, server.port=0}', contextCustomizers = set[org.springframework.boot.test.context.SpringBootTestContextCustomizer@6e6c3152, org.springframework.boot.test.context.filter.ExcludeFilterContextCustomizer@32709393, org.springframework.boot.test.mock.mockito.MockitoContextCustomizer@0, org.springframework.boot.test.autoconfigure.properties.PropertyMappingContextCustomizer@0, org.springframework.boot.test.autoconfigure.web.servlet.WebDriverContextCustomizerFactory$Customizer@10bbd20a], resourceBasePath = 'src/main/webapp', contextLoader = 'org.springframework.boot.test.context.SpringBootContextLoader', parent = [null]]]
2018-01-08 23:46:38 [main] DEBUG o.springframework.test.context.cache - Spring test ApplicationContext cache statistics: [DefaultContextCache@50e5032c size = 1, maxSize = 32, parentContextCount = 0, hitCount = 12, missCount = 1]
2018-01-08 23:46:38 [main] DEBUG o.s.b.f.s.DefaultListableBeanFactory - Returning cached instance of singleton bean 'org.springframework.context.annotation.internalConfigurationAnnotationProcessor'
2018-01-08 23:46:38 [main] DEBUG o.s.b.f.s.DefaultListableBeanFactory - Returning cached instance of singleton bean 'org.springframework.context.annotation.internalAutowiredAnnotationProcessor'
2018-01-08 23:46:38 [main] DEBUG o.s.b.f.s.DefaultListableBeanFactory - Returning cached instance of singleton bean 'org.springframework.context.annotation.internalRequiredAnnotationProcessor'
2018-01-08 23:46:38 [main] DEBUG o.s.b.f.s.DefaultListableBeanFactory - Returning cached instance of singleton bean 'org.springframework.context.annotation.internalCommonAnnotationProcessor'
2018-01-08 23:46:38 [main] DEBUG o.s.b.f.s.DefaultListableBeanFactory - Returning cached instance of singleton bean 'org.springframework.context.event.internalEventListenerProcessor'
2018-01-08 23:46:38 [main] DEBUG o.s.b.f.s.DefaultListableBeanFactory - Returning cached instance of singleton bean 'org.springframework.context.event.internalEventListenerFactory'
2018-01-08 23:46:38 [main] DEBUG o.s.b.f.s.DefaultListableBeanFactory - Returning cached instance of singleton bean 'testRestTemplate'
2018-01-08 23:46:38 [main] DEBUG o.s.b.f.s.DefaultListableBeanFactory - Returning cached instance of singleton bean 'org.springframework.boot.test.mock.mockito.MockitoPostProcessor$SpyPostProcessor'
2018-01-08 23:46:38 [main] DEBUG o.s.b.f.s.DefaultListableBeanFactory - Returning cached instance of singleton bean 'org.springframework.boot.test.mock.mockito.MockitoPostProcessor'
2018-01-08 23:46:38 [main] DEBUG o.s.b.f.s.DefaultListableBeanFactory - Returning cached instance of singleton bean 'productApp'
2018-01-08 23:46:38 [main] DEBUG o.s.b.f.s.DefaultListableBeanFactory - Returning cached instance of singleton bean 'org.springframework.boot.autoconfigure.internalCachingMetadataReaderFactory'
2018-01-08 23:46:38 [main] DEBUG o.s.b.f.s.DefaultListableBeanFactory - Returning cached instance of singleton bean 'org.springframework.context.annotation.ConfigurationClassPostProcessor.importAwareProcessor'
2018-01-08 23:46:38 [main] DEBUG o.s.b.f.s.DefaultListableBeanFactory - Returning cached instance of singleton bean 'org.springframework.context.annotation.ConfigurationClassPostProcessor.enhancedConfigurationProcessor'
2018-01-08 23:46:38 [main] DEBUG o.s.b.f.s.DefaultListableBeanFactory - Returning cached instance of singleton bean 'commonConfig'
2018-01-08 23:46:38 [main] DEBUG o.s.b.f.s.DefaultListableBeanFactory - Returning cached instance of singleton bean 'productController'
2018-01-08 23:46:38 [main] DEBUG o.s.b.f.s.DefaultListableBeanFactory - Returning cached instance of singleton bean 'productDAOImpl'
2018-01-08 23:46:38 [main] DEBUG o.s.b.f.s.DefaultListableBeanFactory - Returning cached instance of singleton bean 'productServiceImpl'
2018-01-08 23:46:38 [main] DEBUG o.s.b.f.s.DefaultListableBeanFactory - Returning cached instance of singleton bean 'myShopControllerAdvice'
2018-01-08 23:46:38 [main] DEBUG o.s.b.f.s.DefaultListableBeanFactory - Returning cached instance of singleton bean 'loggerfilter'
2018-01-08 23:46:38 [main] DEBUG o.s.b.f.s.DefaultListableBeanFactory - Returning cached instance of singleton bean 'servletComponentRegisteringPostProcessor'
2018-01-08 23:46:38 [main] DEBUG o.s.b.f.s.DefaultListableBeanFactory - Returning cached instance of singleton bean 'org.springframework.cloud.config.server.config.ConfigServerConfiguration'
2018-01-08 23:46:38 [main] DEBUG o.s.b.f.s.DefaultListableBeanFactory - Returning cached instance of singleton bean 'enableConfigServerMarker'
2018-01-08 23:46:38 [main] DEBUG o.s.b.f.s.DefaultListableBeanFactory - Returning cached instance of singleton bean 'org.springframework.boot.autoconfigure.AutoConfigurationPackages'
2018-01-08 23:46:38 [main] DEBUG o.s.b.f.s.DefaultListableBeanFactory - Returning cached instance of singleton bean 'org.springframework.boot.autoconfigure.PropertyPlaceholderAutoConfiguration'
2018-01-08 23:46:38 [main] DEBUG o.s.b.f.s.DefaultListableBeanFactory - Returning cached instance of singleton bean 'org.springframework.boot.autoconfigure.condition.BeanTypeRegistry'
2018-01-08 23:46:38 [main] DEBUG o.s.b.f.s.DefaultListableBeanFactory - Returning cached instance of singleton bean 'propertySourcesPlaceholderConfigurer'
2018-01-08 23:46:38 [main] DEBUG o.s.b.f.s.DefaultListableBeanFactory - Returning cached instance of singleton bean 'org.springframework.boot.autoconfigure.jackson.JacksonAutoConfiguration$Jackson2ObjectMapperBuilderCustomizerConfiguration'
2018-01-08 23:46:38 [main] DEBUG o.s.b.f.s.DefaultListableBeanFactory - Returning cached instance of singleton bean 'standardJacksonObjectMapperBuilderCustomizer'
2018-01-08 23:46:38 [main] DEBUG o.s.b.f.s.DefaultListableBeanFactory - Returning cached instance of singleton bean 'spring.jackson-org.springframework.boot.autoconfigure.jackson.JacksonProperties'
2018-01-08 23:46:38 [main] DEBUG o.s.b.f.s.DefaultListableBeanFactory - Returning cached instance of singleton bean 'org.springframework.boot.context.properties.ConfigurationPropertiesBindingPostProcessor'
2018-01-08 23:46:38 [main] DEBUG o.s.b.f.s.DefaultListableBeanFactory - Returning cached instance of singleton bean 'org.springframework.boot.context.properties.ConfigurationPropertiesBindingPostProcessor.store'
2018-01-08 23:46:38 [main] DEBUG o.s.b.f.s.DefaultListableBeanFactory - Returning cached instance of singleton bean 'org.springframework.boot.autoconfigure.jackson.JacksonAutoConfiguration$JacksonObjectMapperBuilderConfiguration'
2018-01-08 23:46:38 [main] DEBUG o.s.b.f.s.DefaultListableBeanFactory - Returning cached instance of singleton bean 'jacksonObjectMapperBuilder'
2018-01-08 23:46:38 [main] DEBUG o.s.b.f.s.DefaultListableBeanFactory - Returning cached instance of singleton bean 'org.springframework.boot.autoconfigure.jackson.JacksonAutoConfiguration$JacksonObjectMapperConfiguration'
2018-01-08 23:46:38 [main] DEBUG o.s.b.f.s.DefaultListableBeanFactory - Returning cached instance of singleton bean 'jacksonObjectMapper'
2018-01-08 23:46:38 [main] DEBUG o.s.b.f.s.DefaultListableBeanFactory - Returning cached instance of singleton bean 'org.springframework.boot.autoconfigure.jackson.JacksonAutoConfiguration'
2018-01-08 23:46:38 [main] DEBUG o.s.b.f.s.DefaultListableBeanFactory - Returning cached instance of singleton bean 'jsonComponentModule'
2018-01-08 23:46:38 [main] DEBUG o.s.b.f.s.DefaultListableBeanFactory - Returning cached instance of singleton bean 'org.springframework.boot.autoconfigure.websocket.WebSocketAutoConfiguration$TomcatWebSocketConfiguration'
2018-01-08 23:46:38 [main] DEBUG o.s.b.f.s.DefaultListableBeanFactory - Returning cached instance of singleton bean 'websocketContainerCustomizer'
2018-01-08 23:46:38 [main] DEBUG o.s.b.f.s.DefaultListableBeanFactory - Returning cached instance of singleton bean 'org.springframework.boot.autoconfigure.websocket.WebSocketAutoConfiguration'
2018-01-08 23:46:38 [main] DEBUG o.s.b.f.s.DefaultListableBeanFactory - Returning cached instance of singleton bean 'org.springframework.boot.autoconfigure.web.EmbeddedServletContainerAutoConfiguration$EmbeddedTomcat'
2018-01-08 23:46:38 [main] DEBUG o.s.b.f.s.DefaultListableBeanFactory - Returning cached instance of singleton bean 'tomcatEmbeddedServletContainerFactory'
2018-01-08 23:46:38 [main] DEBUG o.s.b.f.s.DefaultListableBeanFactory - Returning cached instance of singleton bean 'org.springframework.boot.autoconfigure.web.EmbeddedServletContainerAutoConfiguration'
2018-01-08 23:46:38 [main] DEBUG o.s.b.f.s.DefaultListableBeanFactory - Returning cached instance of singleton bean 'embeddedServletContainerCustomizerBeanPostProcessor'
2018-01-08 23:46:38 [main] DEBUG o.s.b.f.s.DefaultListableBeanFactory - Returning cached instance of singleton bean 'errorPageRegistrarBeanPostProcessor'
2018-01-08 23:46:38 [main] DEBUG o.s.b.f.s.DefaultListableBeanFactory - Returning cached instance of singleton bean 'org.springframework.boot.autoconfigure.web.DispatcherServletAutoConfiguration$DispatcherServletConfiguration'
2018-01-08 23:46:38 [main] DEBUG o.s.b.f.s.DefaultListableBeanFactory - Returning cached instance of singleton bean 'dispatcherServlet'
2018-01-08 23:46:38 [main] DEBUG o.s.b.f.s.DefaultListableBeanFactory - Returning cached instance of singleton bean 'spring.mvc-org.springframework.boot.autoconfigure.web.WebMvcProperties'
2018-01-08 23:46:38 [main] DEBUG o.s.b.f.s.DefaultListableBeanFactory - Returning cached instance of singleton bean 'org.springframework.boot.autoconfigure.web.DispatcherServletAutoConfiguration$DispatcherServletRegistrationConfiguration'
2018-01-08 23:46:38 [main] DEBUG o.s.b.f.s.DefaultListableBeanFactory - Returning cached instance of singleton bean 'dispatcherServletRegistration'
2018-01-08 23:46:38 [main] DEBUG o.s.b.f.s.DefaultListableBeanFactory - Returning cached instance of singleton bean 'org.springframework.boot.autoconfigure.web.DispatcherServletAutoConfiguration'
2018-01-08 23:46:38 [main] DEBUG o.s.b.f.s.DefaultListableBeanFactory - Returning cached instance of singleton bean 'org.springframework.boot.autoconfigure.web.ErrorMvcAutoConfiguration$WhitelabelErrorViewConfiguration'
2018-01-08 23:46:38 [main] DEBUG o.s.b.f.s.DefaultListableBeanFactory - Returning cached instance of singleton bean 'error'
2018-01-08 23:46:38 [main] DEBUG o.s.b.f.s.DefaultListableBeanFactory - Returning cached instance of singleton bean 'beanNameViewResolver'
2018-01-08 23:46:38 [main] DEBUG o.s.b.f.s.DefaultListableBeanFactory - Returning cached instance of singleton bean 'org.springframework.boot.autoconfigure.web.ErrorMvcAutoConfiguration'
2018-01-08 23:46:38 [main] DEBUG o.s.b.f.s.DefaultListableBeanFactory - Returning cached instance of singleton bean 'errorAttributes'
2018-01-08 23:46:38 [main] DEBUG o.s.b.f.s.DefaultListableBeanFactory - Returning cached instance of singleton bean 'basicErrorController'
2018-01-08 23:46:38 [main] DEBUG o.s.b.f.s.DefaultListableBeanFactory - Returning cached instance of singleton bean 'errorPageCustomizer'
2018-01-08 23:46:38 [main] DEBUG o.s.b.f.s.DefaultListableBeanFactory - Returning cached instance of singleton bean 'conventionErrorViewResolver'
2018-01-08 23:46:38 [main] DEBUG o.s.b.f.s.DefaultListableBeanFactory - Returning cached instance of singleton bean 'preserveErrorControllerTargetClassPostProcessor'
2018-01-08 23:46:38 [main] DEBUG o.s.b.f.s.DefaultListableBeanFactory - Returning cached instance of singleton bean 'spring.resources-org.springframework.boot.autoconfigure.web.ResourceProperties'
2018-01-08 23:46:38 [main] DEBUG o.s.b.f.s.DefaultListableBeanFactory - Returning cached instance of singleton bean 'org.springframework.boot.autoconfigure.web.WebMvcAutoConfiguration$EnableWebMvcConfiguration'
2018-01-08 23:46:38 [main] DEBUG o.s.b.f.s.DefaultListableBeanFactory - Returning cached instance of singleton bean 'requestMappingHandlerAdapter'
2018-01-08 23:46:38 [main] DEBUG o.s.b.f.s.DefaultListableBeanFactory - Returning cached instance of singleton bean 'requestMappingHandlerMapping'
2018-01-08 23:46:38 [main] DEBUG o.s.b.f.s.DefaultListableBeanFactory - Returning cached instance of singleton bean 'mvcPathMatcher'
2018-01-08 23:46:38 [main] DEBUG o.s.b.f.s.DefaultListableBeanFactory - Returning cached instance of singleton bean 'mvcUrlPathHelper'
2018-01-08 23:46:38 [main] DEBUG o.s.b.f.s.DefaultListableBeanFactory - Returning cached instance of singleton bean 'mvcContentNegotiationManager'
2018-01-08 23:46:38 [main] DEBUG o.s.b.f.s.DefaultListableBeanFactory - Returning cached instance of singleton bean 'viewControllerHandlerMapping'
2018-01-08 23:46:38 [main] DEBUG o.s.b.f.s.DefaultListableBeanFactory - Returning cached instance of singleton bean 'beanNameHandlerMapping'
2018-01-08 23:46:38 [main] DEBUG o.s.b.f.s.DefaultListableBeanFactory - Returning cached instance of singleton bean 'resourceHandlerMapping'
2018-01-08 23:46:38 [main] DEBUG o.s.b.f.s.DefaultListableBeanFactory - Returning cached instance of singleton bean 'mvcResourceUrlProvider'
2018-01-08 23:46:38 [main] DEBUG o.s.b.f.s.DefaultListableBeanFactory - Returning cached instance of singleton bean 'defaultServletHandlerMapping'
2018-01-08 23:46:38 [main] DEBUG o.s.b.f.s.DefaultListableBeanFactory - Returning cached instance of singleton bean 'mvcConversionService'
2018-01-08 23:46:38 [main] DEBUG o.s.b.f.s.DefaultListableBeanFactory - Returning cached instance of singleton bean 'mvcValidator'
2018-01-08 23:46:38 [main] DEBUG o.s.b.f.s.DefaultListableBeanFactory - Returning cached instance of singleton bean 'mvcUriComponentsContributor'
2018-01-08 23:46:38 [main] DEBUG o.s.b.f.s.DefaultListableBeanFactory - Returning cached instance of singleton bean 'httpRequestHandlerAdapter'
2018-01-08 23:46:38 [main] DEBUG o.s.b.f.s.DefaultListableBeanFactory - Returning cached instance of singleton bean 'simpleControllerHandlerAdapter'
2018-01-08 23:46:38 [main] DEBUG o.s.b.f.s.DefaultListableBeanFactory - Returning cached instance of singleton bean 'handlerExceptionResolver'
2018-01-08 23:46:38 [main] DEBUG o.s.b.f.s.DefaultListableBeanFactory - Returning cached instance of singleton bean 'mvcViewResolver'
2018-01-08 23:46:38 [main] DEBUG o.s.b.f.s.DefaultListableBeanFactory - Returning cached instance of singleton bean 'org.springframework.boot.autoconfigure.web.WebMvcAutoConfiguration$WebMvcAutoConfigurationAdapter$FaviconConfiguration'
2018-01-08 23:46:38 [main] DEBUG o.s.b.f.s.DefaultListableBeanFactory - Returning cached instance of singleton bean 'faviconHandlerMapping'
2018-01-08 23:46:38 [main] DEBUG o.s.b.f.s.DefaultListableBeanFactory - Returning cached instance of singleton bean 'faviconRequestHandler'
2018-01-08 23:46:38 [main] DEBUG o.s.b.f.s.DefaultListableBeanFactory - Returning cached instance of singleton bean 'org.springframework.boot.autoconfigure.web.WebMvcAutoConfiguration$WebMvcAutoConfigurationAdapter'
2018-01-08 23:46:38 [main] DEBUG o.s.b.f.s.DefaultListableBeanFactory - Returning cached instance of singleton bean 'defaultViewResolver'
2018-01-08 23:46:38 [main] DEBUG o.s.b.f.s.DefaultListableBeanFactory - Returning cached instance of singleton bean 'viewResolver'
2018-01-08 23:46:38 [main] DEBUG o.s.b.f.s.DefaultListableBeanFactory - Returning cached instance of singleton bean 'welcomePageHandlerMapping'
2018-01-08 23:46:38 [main] DEBUG o.s.b.f.s.DefaultListableBeanFactory - Returning cached instance of singleton bean 'requestContextFilter'
2018-01-08 23:46:38 [main] DEBUG o.s.b.f.s.DefaultListableBeanFactory - Returning cached instance of singleton bean 'org.springframework.boot.autoconfigure.web.WebMvcAutoConfiguration'
2018-01-08 23:46:38 [main] DEBUG o.s.b.f.s.DefaultListableBeanFactory - Returning cached instance of singleton bean 'hiddenHttpMethodFilter'
2018-01-08 23:46:38 [main] DEBUG o.s.b.f.s.DefaultListableBeanFactory - Returning cached instance of singleton bean 'httpPutFormContentFilter'
2018-01-08 23:46:38 [main] DEBUG o.s.b.f.s.DefaultListableBeanFactory - Returning cached instance of singleton bean 'org.springframework.cloud.commons.util.UtilAutoConfiguration'
2018-01-08 23:46:38 [main] DEBUG o.s.b.f.s.DefaultListableBeanFactory - Returning cached instance of singleton bean 'inetUtilsProperties'
2018-01-08 23:46:38 [main] DEBUG o.s.b.f.s.DefaultListableBeanFactory - Returning cached instance of singleton bean 'inetUtils'
2018-01-08 23:46:38 [main] DEBUG o.s.b.f.s.DefaultListableBeanFactory - Returning cached instance of singleton bean 'org.springframework.boot.actuate.autoconfigure.AuditAutoConfiguration$AuditEventRepositoryConfiguration'
2018-01-08 23:46:38 [main] DEBUG o.s.b.f.s.DefaultListableBeanFactory - Returning cached instance of singleton bean 'auditEventRepository'
2018-01-08 23:46:38 [main] DEBUG o.s.b.f.s.DefaultListableBeanFactory - Returning cached instance of singleton bean 'org.springframework.boot.actuate.autoconfigure.AuditAutoConfiguration'
2018-01-08 23:46:38 [main] DEBUG o.s.b.f.s.DefaultListableBeanFactory - Returning cached instance of singleton bean 'auditListener'
2018-01-08 23:46:38 [main] DEBUG o.s.b.f.s.DefaultListableBeanFactory - Returning cached instance of singleton bean 'org.springframework.boot.autoconfigure.jdbc.DataSourceConfiguration$Tomcat'
2018-01-08 23:46:38 [main] DEBUG o.s.b.f.s.DefaultListableBeanFactory - Returning cached instance of singleton bean 'dataSource'
2018-01-08 23:46:38 [main] DEBUG o.s.b.f.s.DefaultListableBeanFactory - Returning cached instance of singleton bean 'org.springframework.boot.autoconfigure.jdbc.DataSourceAutoConfiguration$PooledDataSourceConfiguration'
2018-01-08 23:46:38 [main] DEBUG o.s.b.f.s.DefaultListableBeanFactory - Returning cached instance of singleton bean 'org.springframework.boot.autoconfigure.jdbc.metadata.DataSourcePoolMetadataProvidersConfiguration$TomcatDataSourcePoolMetadataProviderConfiguration'
2018-01-08 23:46:38 [main] DEBUG o.s.b.f.s.DefaultListableBeanFactory - Returning cached instance of singleton bean 'tomcatPoolDataSourceMetadataProvider'
2018-01-08 23:46:38 [main] DEBUG o.s.b.f.s.DefaultListableBeanFactory - Returning cached instance of singleton bean 'org.springframework.boot.autoconfigure.jdbc.metadata.DataSourcePoolMetadataProvidersConfiguration'
2018-01-08 23:46:38 [main] DEBUG o.s.b.f.s.DefaultListableBeanFactory - Returning cached instance of singleton bean 'org.springframework.boot.autoconfigure.jdbc.DataSourceAutoConfiguration'
2018-01-08 23:46:38 [main] DEBUG o.s.b.f.s.DefaultListableBeanFactory - Returning cached instance of singleton bean 'dataSourceInitializer'
2018-01-08 23:46:38 [main] DEBUG o.s.b.f.s.DefaultListableBeanFactory - Returning cached instance of singleton bean 'spring.datasource-org.springframework.boot.autoconfigure.jdbc.DataSourceProperties'
2018-01-08 23:46:38 [main] DEBUG o.s.b.f.s.DefaultListableBeanFactory - Returning cached instance of singleton bean 'dataSourceInitializerPostProcessor'
2018-01-08 23:46:38 [main] DEBUG o.s.b.f.s.DefaultListableBeanFactory - Returning cached instance of singleton bean 'org.springframework.boot.autoconfigure.info.ProjectInfoAutoConfiguration'
2018-01-08 23:46:38 [main] DEBUG o.s.b.f.s.DefaultListableBeanFactory - Returning cached instance of singleton bean 'spring.info-org.springframework.boot.autoconfigure.info.ProjectInfoProperties'
2018-01-08 23:46:38 [main] DEBUG o.s.b.f.s.DefaultListableBeanFactory - Returning cached instance of singleton bean 'org.springframework.boot.actuate.autoconfigure.InfoContributorAutoConfiguration'
2018-01-08 23:46:38 [main] DEBUG o.s.b.f.s.DefaultListableBeanFactory - Returning cached instance of singleton bean 'envInfoContributor'
2018-01-08 23:46:38 [main] DEBUG o.s.b.f.s.DefaultListableBeanFactory - Returning cached instance of singleton bean 'management.info-org.springframework.boot.actuate.autoconfigure.InfoContributorProperties'
2018-01-08 23:46:38 [main] DEBUG o.s.b.f.s.DefaultListableBeanFactory - Returning cached instance of singleton bean 'org.springframework.boot.actuate.autoconfigure.HealthIndicatorAutoConfiguration$DiskSpaceHealthIndicatorConfiguration'
2018-01-08 23:46:38 [main] DEBUG o.s.b.f.s.DefaultListableBeanFactory - Returning cached instance of singleton bean 'diskSpaceHealthIndicator'
2018-01-08 23:46:38 [main] DEBUG o.s.b.f.s.DefaultListableBeanFactory - Returning cached instance of singleton bean 'diskSpaceHealthIndicatorProperties'
2018-01-08 23:46:38 [main] DEBUG o.s.b.f.s.DefaultListableBeanFactory - Returning cached instance of singleton bean 'org.springframework.boot.actuate.autoconfigure.HealthIndicatorAutoConfiguration$DataSourcesHealthIndicatorConfiguration'
2018-01-08 23:46:38 [main] DEBUG o.s.b.f.s.DefaultListableBeanFactory - Returning cached instance of singleton bean 'dbHealthIndicator'
2018-01-08 23:46:38 [main] DEBUG o.s.b.f.s.DefaultListableBeanFactory - Returning cached instance of singleton bean 'org.springframework.boot.actuate.autoconfigure.HealthIndicatorAutoConfiguration'
2018-01-08 23:46:38 [main] DEBUG o.s.b.f.s.DefaultListableBeanFactory - Returning cached instance of singleton bean 'healthAggregator'
2018-01-08 23:46:38 [main] DEBUG o.s.b.f.s.DefaultListableBeanFactory - Returning cached instance of singleton bean 'management.health.status-org.springframework.boot.actuate.autoconfigure.HealthIndicatorProperties'
2018-01-08 23:46:38 [main] DEBUG o.s.b.f.s.DefaultListableBeanFactory - Returning cached instance of singleton bean 'org.springframework.boot.actuate.autoconfigure.MetricRepositoryAutoConfiguration$FastMetricServicesConfiguration'
2018-01-08 23:46:38 [main] DEBUG o.s.b.f.s.DefaultListableBeanFactory - Returning cached instance of singleton bean 'counterBuffers'
2018-01-08 23:46:38 [main] DEBUG o.s.b.f.s.DefaultListableBeanFactory - Returning cached instance of singleton bean 'gaugeBuffers'
2018-01-08 23:46:38 [main] DEBUG o.s.b.f.s.DefaultListableBeanFactory - Returning cached instance of singleton bean 'actuatorMetricReader'
2018-01-08 23:46:38 [main] DEBUG o.s.b.f.s.DefaultListableBeanFactory - Returning cached instance of singleton bean 'counterService'
2018-01-08 23:46:38 [main] DEBUG o.s.b.f.s.DefaultListableBeanFactory - Returning cached instance of singleton bean 'gaugeService'
2018-01-08 23:46:38 [main] DEBUG o.s.b.f.s.DefaultListableBeanFactory - Returning cached instance of singleton bean 'org.springframework.boot.actuate.autoconfigure.MetricRepositoryAutoConfiguration'
2018-01-08 23:46:38 [main] DEBUG o.s.b.f.s.DefaultListableBeanFactory - Returning cached instance of singleton bean 'org.springframework.boot.actuate.autoconfigure.PublicMetricsAutoConfiguration$TomcatMetricsConfiguration'
2018-01-08 23:46:38 [main] DEBUG o.s.b.f.s.DefaultListableBeanFactory - Returning cached instance of singleton bean 'tomcatPublicMetrics'
2018-01-08 23:46:38 [main] DEBUG o.s.b.f.s.DefaultListableBeanFactory - Returning cached instance of singleton bean 'org.springframework.boot.actuate.autoconfigure.PublicMetricsAutoConfiguration$DataSourceMetricsConfiguration'
2018-01-08 23:46:38 [main] DEBUG o.s.b.f.s.DefaultListableBeanFactory - Returning cached instance of singleton bean 'dataSourcePublicMetrics'
2018-01-08 23:46:38 [main] DEBUG o.s.b.f.s.DefaultListableBeanFactory - Returning cached instance of singleton bean 'org.springframework.boot.actuate.autoconfigure.PublicMetricsAutoConfiguration'
2018-01-08 23:46:38 [main] DEBUG o.s.b.f.s.DefaultListableBeanFactory - Returning cached instance of singleton bean 'systemPublicMetrics'
2018-01-08 23:46:38 [main] DEBUG o.s.b.f.s.DefaultListableBeanFactory - Returning cached instance of singleton bean 'metricReaderPublicMetrics'
2018-01-08 23:46:38 [main] DEBUG o.s.b.f.s.DefaultListableBeanFactory - Returning cached instance of singleton bean 'org.springframework.boot.actuate.autoconfigure.EndpointAutoConfiguration$RequestMappingEndpointConfiguration'
2018-01-08 23:46:38 [main] DEBUG o.s.b.f.s.DefaultListableBeanFactory - Returning cached instance of singleton bean 'requestMappingEndpoint'
2018-01-08 23:46:38 [main] DEBUG o.s.b.f.s.DefaultListableBeanFactory - Returning cached instance of singleton bean 'org.springframework.boot.actuate.autoconfigure.EndpointAutoConfiguration'
2018-01-08 23:46:38 [main] DEBUG o.s.b.f.s.DefaultListableBeanFactory - Returning cached instance of singleton bean 'environmentEndpoint'
2018-01-08 23:46:38 [main] DEBUG o.s.b.f.s.DefaultListableBeanFactory - Returning cached instance of singleton bean 'healthEndpoint'
2018-01-08 23:46:38 [main] DEBUG o.s.b.f.s.DefaultListableBeanFactory - Returning cached instance of singleton bean 'beansEndpoint'
2018-01-08 23:46:38 [main] DEBUG o.s.b.f.s.DefaultListableBeanFactory - Returning cached instance of singleton bean 'infoEndpoint'
2018-01-08 23:46:38 [main] DEBUG o.s.b.f.s.DefaultListableBeanFactory - Returning cached instance of singleton bean 'metricsEndpoint'
2018-01-08 23:46:38 [main] DEBUG o.s.b.f.s.DefaultListableBeanFactory - Returning cached instance of singleton bean 'traceEndpoint'
2018-01-08 23:46:38 [main] DEBUG o.s.b.f.s.DefaultListableBeanFactory - Returning cached instance of singleton bean 'dumpEndpoint'
2018-01-08 23:46:38 [main] DEBUG o.s.b.f.s.DefaultListableBeanFactory - Returning cached instance of singleton bean 'autoConfigurationReportEndpoint'
2018-01-08 23:46:38 [main] DEBUG o.s.b.f.s.DefaultListableBeanFactory - Returning cached instance of singleton bean 'shutdownEndpoint'
2018-01-08 23:46:38 [main] DEBUG o.s.b.f.s.DefaultListableBeanFactory - Returning cached instance of singleton bean 'configurationPropertiesReportEndpoint'
2018-01-08 23:46:38 [main] DEBUG o.s.b.f.s.DefaultListableBeanFactory - Returning cached instance of singleton bean 'endpoints-org.springframework.boot.actuate.endpoint.EndpointProperties'
2018-01-08 23:46:38 [main] DEBUG o.s.b.f.s.DefaultListableBeanFactory - Returning cached instance of singleton bean 'org.springframework.boot.autoconfigure.web.ServerPropertiesAutoConfiguration'
2018-01-08 23:46:38 [main] DEBUG o.s.b.f.s.DefaultListableBeanFactory - Returning cached instance of singleton bean 'serverProperties'
2018-01-08 23:46:38 [main] DEBUG o.s.b.f.s.DefaultListableBeanFactory - Returning cached instance of singleton bean 'duplicateServerPropertiesDetector'
2018-01-08 23:46:38 [main] DEBUG o.s.b.f.s.DefaultListableBeanFactory - Returning cached instance of singleton bean 'org.springframework.boot.actuate.autoconfigure.ManagementServerPropertiesAutoConfiguration'
2018-01-08 23:46:38 [main] DEBUG o.s.b.f.s.DefaultListableBeanFactory - Returning cached instance of singleton bean 'managementServerProperties'
2018-01-08 23:46:38 [main] DEBUG o.s.b.f.s.DefaultListableBeanFactory - Returning cached instance of singleton bean 'org.springframework.boot.autoconfigure.web.HttpMessageConvertersAutoConfiguration$StringHttpMessageConverterConfiguration'
2018-01-08 23:46:38 [main] DEBUG o.s.b.f.s.DefaultListableBeanFactory - Returning cached instance of singleton bean 'stringHttpMessageConverter'
2018-01-08 23:46:38 [main] DEBUG o.s.b.f.s.DefaultListableBeanFactory - Returning cached instance of singleton bean 'spring.http.encoding-org.springframework.boot.autoconfigure.web.HttpEncodingProperties'
2018-01-08 23:46:38 [main] DEBUG o.s.b.f.s.DefaultListableBeanFactory - Returning cached instance of singleton bean 'org.springframework.boot.autoconfigure.web.JacksonHttpMessageConvertersConfiguration$MappingJackson2XmlHttpMessageConverterConfiguration'
2018-01-08 23:46:38 [main] DEBUG o.s.b.f.s.DefaultListableBeanFactory - Returning cached instance of singleton bean 'mappingJackson2XmlHttpMessageConverter'
2018-01-08 23:46:38 [main] DEBUG o.s.b.f.s.DefaultListableBeanFactory - Returning cached instance of singleton bean 'org.springframework.boot.autoconfigure.web.JacksonHttpMessageConvertersConfiguration$MappingJackson2HttpMessageConverterConfiguration'
2018-01-08 23:46:38 [main] DEBUG o.s.b.f.s.DefaultListableBeanFactory - Returning cached instance of singleton bean 'mappingJackson2HttpMessageConverter'
2018-01-08 23:46:38 [main] DEBUG o.s.b.f.s.DefaultListableBeanFactory - Returning cached instance of singleton bean 'org.springframework.boot.autoconfigure.web.JacksonHttpMessageConvertersConfiguration'
2018-01-08 23:46:38 [main] DEBUG o.s.b.f.s.DefaultListableBeanFactory - Returning cached instance of singleton bean 'org.springframework.boot.autoconfigure.web.HttpMessageConvertersAutoConfiguration'
2018-01-08 23:46:38 [main] DEBUG o.s.b.f.s.DefaultListableBeanFactory - Returning cached instance of singleton bean 'messageConverters'
2018-01-08 23:46:38 [main] DEBUG o.s.b.f.s.DefaultListableBeanFactory - Returning cached instance of singleton bean 'org.springframework.boot.actuate.autoconfigure.EndpointWebMvcManagementContextConfiguration'
2018-01-08 23:46:38 [main] DEBUG o.s.b.f.s.DefaultListableBeanFactory - Returning cached instance of singleton bean 'endpointHandlerMapping'
2018-01-08 23:46:38 [main] DEBUG o.s.b.f.s.DefaultListableBeanFactory - Returning cached instance of singleton bean 'mvcEndpoints'
2018-01-08 23:46:38 [main] DEBUG o.s.b.f.s.DefaultListableBeanFactory - Returning cached instance of singleton bean 'environmentMvcEndpoint'
2018-01-08 23:46:38 [main] DEBUG o.s.b.f.s.DefaultListableBeanFactory - Returning cached instance of singleton bean 'heapdumpMvcEndpoint'
2018-01-08 23:46:38 [main] DEBUG o.s.b.f.s.DefaultListableBeanFactory - Returning cached instance of singleton bean 'healthMvcEndpoint'
2018-01-08 23:46:38 [main] DEBUG o.s.b.f.s.DefaultListableBeanFactory - Returning cached instance of singleton bean 'metricsMvcEndpoint'
2018-01-08 23:46:38 [main] DEBUG o.s.b.f.s.DefaultListableBeanFactory - Returning cached instance of singleton bean 'endpoints.health-org.springframework.boot.actuate.autoconfigure.HealthMvcEndpointProperties'
2018-01-08 23:46:38 [main] DEBUG o.s.b.f.s.DefaultListableBeanFactory - Returning cached instance of singleton bean 'endpoints.cors-org.springframework.boot.actuate.autoconfigure.EndpointCorsProperties'
2018-01-08 23:46:38 [main] DEBUG o.s.b.f.s.DefaultListableBeanFactory - Returning cached instance of singleton bean 'org.springframework.boot.actuate.autoconfigure.EndpointWebMvcAutoConfiguration$EndpointWebMvcConfiguration'
2018-01-08 23:46:38 [main] DEBUG o.s.b.f.s.DefaultListableBeanFactory - Returning cached instance of singleton bean 'org.springframework.boot.actuate.autoconfigure.EndpointWebMvcAutoConfiguration$ApplicationContextFilterConfiguration'
2018-01-08 23:46:38 [main] DEBUG o.s.b.f.s.DefaultListableBeanFactory - Returning cached instance of singleton bean 'applicationContextIdFilter'
2018-01-08 23:46:38 [main] DEBUG o.s.b.f.s.DefaultListableBeanFactory - Returning cached instance of singleton bean 'org.springframework.boot.actuate.autoconfigure.EndpointWebMvcAutoConfiguration'
2018-01-08 23:46:38 [main] DEBUG o.s.b.f.s.DefaultListableBeanFactory - Returning cached instance of singleton bean 'managementContextResolver'
2018-01-08 23:46:38 [main] DEBUG o.s.b.f.s.DefaultListableBeanFactory - Returning cached instance of singleton bean 'managementServletContext'
2018-01-08 23:46:38 [main] DEBUG o.s.b.f.s.DefaultListableBeanFactory - Returning cached instance of singleton bean 'org.springframework.boot.actuate.autoconfigure.MetricExportAutoConfiguration$MetricExportPropertiesConfiguration'
2018-01-08 23:46:38 [main] DEBUG o.s.b.f.s.DefaultListableBeanFactory - Returning cached instance of singleton bean 'spring.metrics.export-org.springframework.boot.actuate.metrics.export.MetricExportProperties'
2018-01-08 23:46:38 [main] DEBUG o.s.b.f.s.DefaultListableBeanFactory - Returning cached instance of singleton bean 'org.springframework.boot.actuate.autoconfigure.MetricExportAutoConfiguration$StatsdConfiguration'
2018-01-08 23:46:38 [main] DEBUG o.s.b.f.s.DefaultListableBeanFactory - Returning cached instance of singleton bean 'org.springframework.scheduling.annotation.SchedulingConfiguration'
2018-01-08 23:46:38 [main] DEBUG o.s.b.f.s.DefaultListableBeanFactory - Returning cached instance of singleton bean 'org.springframework.context.annotation.internalScheduledAnnotationProcessor'
2018-01-08 23:46:38 [main] DEBUG o.s.b.f.s.DefaultListableBeanFactory - Returning cached instance of singleton bean 'org.springframework.boot.actuate.autoconfigure.MetricExportAutoConfiguration'
2018-01-08 23:46:38 [main] DEBUG o.s.b.f.s.DefaultListableBeanFactory - Returning cached instance of singleton bean 'metricWritersMetricExporter'
2018-01-08 23:46:38 [main] DEBUG o.s.b.f.s.DefaultListableBeanFactory - Returning cached instance of singleton bean 'org.springframework.boot.actuate.autoconfigure.MetricFilterAutoConfiguration'
2018-01-08 23:46:38 [main] DEBUG o.s.b.f.s.DefaultListableBeanFactory - Returning cached instance of singleton bean 'metricsFilter'
2018-01-08 23:46:38 [main] DEBUG o.s.b.f.s.DefaultListableBeanFactory - Returning cached instance of singleton bean 'endpoints.metrics.filter-org.springframework.boot.actuate.autoconfigure.MetricFilterProperties'
2018-01-08 23:46:38 [main] DEBUG o.s.b.f.s.DefaultListableBeanFactory - Returning cached instance of singleton bean 'org.springframework.boot.actuate.autoconfigure.TraceRepositoryAutoConfiguration'
2018-01-08 23:46:38 [main] DEBUG o.s.b.f.s.DefaultListableBeanFactory - Returning cached instance of singleton bean 'traceRepository'
2018-01-08 23:46:38 [main] DEBUG o.s.b.f.s.DefaultListableBeanFactory - Returning cached instance of singleton bean 'org.springframework.boot.actuate.autoconfigure.TraceWebFilterAutoConfiguration'
2018-01-08 23:46:38 [main] DEBUG o.s.b.f.s.DefaultListableBeanFactory - Returning cached instance of singleton bean 'webRequestLoggingFilter'
2018-01-08 23:46:38 [main] DEBUG o.s.b.f.s.DefaultListableBeanFactory - Returning cached instance of singleton bean 'management.trace-org.springframework.boot.actuate.trace.TraceProperties'
2018-01-08 23:46:38 [main] DEBUG o.s.b.f.s.DefaultListableBeanFactory - Returning cached instance of singleton bean 'org.springframework.boot.autoconfigure.context.ConfigurationPropertiesAutoConfiguration'
2018-01-08 23:46:38 [main] DEBUG o.s.b.f.s.DefaultListableBeanFactory - Returning cached instance of singleton bean 'org.springframework.boot.autoconfigure.dao.PersistenceExceptionTranslationAutoConfiguration'
2018-01-08 23:46:38 [main] DEBUG o.s.b.f.s.DefaultListableBeanFactory - Returning cached instance of singleton bean 'persistenceExceptionTranslationPostProcessor'
2018-01-08 23:46:38 [main] DEBUG o.s.b.f.s.DefaultListableBeanFactory - Returning cached instance of singleton bean 'org.springframework.transaction.annotation.ProxyTransactionManagementConfiguration'
2018-01-08 23:46:38 [main] DEBUG o.s.b.f.s.DefaultListableBeanFactory - Returning cached instance of singleton bean 'org.springframework.transaction.config.internalTransactionAdvisor'
2018-01-08 23:46:38 [main] DEBUG o.s.b.f.s.DefaultListableBeanFactory - Returning cached instance of singleton bean 'transactionAttributeSource'
2018-01-08 23:46:38 [main] DEBUG o.s.b.f.s.DefaultListableBeanFactory - Returning cached instance of singleton bean 'transactionInterceptor'
2018-01-08 23:46:38 [main] DEBUG o.s.b.f.s.DefaultListableBeanFactory - Returning cached instance of singleton bean 'org.springframework.transaction.config.internalTransactionalEventListenerFactory'
2018-01-08 23:46:38 [main] DEBUG o.s.b.f.s.DefaultListableBeanFactory - Returning cached instance of singleton bean 'org.springframework.boot.autoconfigure.jdbc.DataSourceTransactionManagerAutoConfiguration$TransactionManagementConfiguration'
2018-01-08 23:46:38 [main] DEBUG o.s.b.f.s.DefaultListableBeanFactory - Returning cached instance of singleton bean 'org.springframework.aop.config.internalAutoProxyCreator'
2018-01-08 23:46:38 [main] DEBUG o.s.b.f.s.DefaultListableBeanFactory - Returning cached instance of singleton bean 'org.springframework.boot.autoconfigure.jdbc.DataSourceTransactionManagerAutoConfiguration$DataSourceTransactionManagerConfiguration'
2018-01-08 23:46:38 [main] DEBUG o.s.b.f.s.DefaultListableBeanFactory - Returning cached instance of singleton bean 'transactionManager'
2018-01-08 23:46:38 [main] DEBUG o.s.b.f.s.DefaultListableBeanFactory - Returning cached instance of singleton bean 'org.springframework.boot.autoconfigure.jdbc.DataSourceTransactionManagerAutoConfiguration'
2018-01-08 23:46:38 [main] DEBUG o.s.b.f.s.DefaultListableBeanFactory - Returning cached instance of singleton bean 'org.springframework.boot.autoconfigure.jdbc.JdbcTemplateAutoConfiguration'
2018-01-08 23:46:38 [main] DEBUG o.s.b.f.s.DefaultListableBeanFactory - Returning cached instance of singleton bean 'jdbcTemplate'
2018-01-08 23:46:38 [main] DEBUG o.s.b.f.s.DefaultListableBeanFactory - Returning cached instance of singleton bean 'namedParameterJdbcTemplate'
2018-01-08 23:46:38 [main] DEBUG o.s.b.f.s.DefaultListableBeanFactory - Returning cached instance of singleton bean 'org.springframework.boot.autoconfigure.transaction.TransactionAutoConfiguration'
2018-01-08 23:46:38 [main] DEBUG o.s.b.f.s.DefaultListableBeanFactory - Returning cached instance of singleton bean 'transactionTemplate'
2018-01-08 23:46:38 [main] DEBUG o.s.b.f.s.DefaultListableBeanFactory - Returning cached instance of singleton bean 'org.springframework.boot.autoconfigure.web.HttpEncodingAutoConfiguration'
2018-01-08 23:46:38 [main] DEBUG o.s.b.f.s.DefaultListableBeanFactory - Returning cached instance of singleton bean 'characterEncodingFilter'
2018-01-08 23:46:38 [main] DEBUG o.s.b.f.s.DefaultListableBeanFactory - Returning cached instance of singleton bean 'localeCharsetMappingsCustomizer'
2018-01-08 23:46:38 [main] DEBUG o.s.b.f.s.DefaultListableBeanFactory - Returning cached instance of singleton bean 'org.springframework.boot.autoconfigure.web.MultipartAutoConfiguration'
2018-01-08 23:46:38 [main] DEBUG o.s.b.f.s.DefaultListableBeanFactory - Returning cached instance of singleton bean 'multipartConfigElement'
2018-01-08 23:46:38 [main] DEBUG o.s.b.f.s.DefaultListableBeanFactory - Returning cached instance of singleton bean 'multipartResolver'
2018-01-08 23:46:38 [main] DEBUG o.s.b.f.s.DefaultListableBeanFactory - Returning cached instance of singleton bean 'spring.http.multipart-org.springframework.boot.autoconfigure.web.MultipartProperties'
2018-01-08 23:46:38 [main] DEBUG o.s.b.f.s.DefaultListableBeanFactory - Returning cached instance of singleton bean 'org.springframework.boot.autoconfigure.web.WebClientAutoConfiguration$RestTemplateConfiguration'
2018-01-08 23:46:38 [main] DEBUG o.s.b.f.s.DefaultListableBeanFactory - Returning cached instance of singleton bean 'restTemplateBuilder'
2018-01-08 23:46:38 [main] DEBUG o.s.b.f.s.DefaultListableBeanFactory - Returning cached instance of singleton bean 'org.springframework.boot.autoconfigure.web.WebClientAutoConfiguration'
2018-01-08 23:46:38 [main] DEBUG o.s.b.f.s.DefaultListableBeanFactory - Returning cached instance of singleton bean 'org.springframework.cloud.autoconfigure.ConfigurationPropertiesRebinderAutoConfiguration'
2018-01-08 23:46:38 [main] DEBUG o.s.b.f.s.DefaultListableBeanFactory - Returning cached instance of singleton bean 'configurationPropertiesBeans'
2018-01-08 23:46:38 [main] DEBUG o.s.b.f.s.DefaultListableBeanFactory - Returning cached instance of singleton bean 'configurationPropertiesRebinder'
2018-01-08 23:46:38 [main] DEBUG o.s.b.f.s.DefaultListableBeanFactory - Returning cached instance of singleton bean 'org.springframework.cloud.autoconfigure.RefreshEndpointAutoConfiguration$RefreshEndpointConfiguration'
2018-01-08 23:46:38 [main] DEBUG o.s.b.f.s.DefaultListableBeanFactory - Returning cached instance of singleton bean 'refreshEndpoint'
2018-01-08 23:46:38 [main] DEBUG o.s.b.f.s.DefaultListableBeanFactory - Returning cached instance of singleton bean 'refreshEventListener'
2018-01-08 23:46:38 [main] DEBUG o.s.b.f.s.DefaultListableBeanFactory - Returning cached instance of singleton bean 'org.springframework.cloud.autoconfigure.RefreshEndpointAutoConfiguration$RestartEndpointWithoutIntegration'
2018-01-08 23:46:38 [main] DEBUG o.s.b.f.s.DefaultListableBeanFactory - Returning cached instance of singleton bean 'restartEndpoint'
2018-01-08 23:46:38 [main] DEBUG o.s.b.f.s.DefaultListableBeanFactory - Returning cached instance of singleton bean 'org.springframework.cloud.autoconfigure.RefreshEndpointAutoConfiguration'
2018-01-08 23:46:38 [main] DEBUG o.s.b.f.s.DefaultListableBeanFactory - Returning cached instance of singleton bean 'refreshScopeHealthIndicator'
2018-01-08 23:46:38 [main] DEBUG o.s.b.f.s.DefaultListableBeanFactory - Returning cached instance of singleton bean 'pauseEndpoint'
2018-01-08 23:46:38 [main] DEBUG o.s.b.f.s.DefaultListableBeanFactory - Returning cached instance of singleton bean 'resumeEndpoint'
2018-01-08 23:46:38 [main] DEBUG o.s.b.f.s.DefaultListableBeanFactory - Returning cached instance of singleton bean 'org.springframework.cloud.autoconfigure.LifecycleMvcEndpointAutoConfiguration'
2018-01-08 23:46:38 [main] DEBUG o.s.b.f.s.DefaultListableBeanFactory - Returning cached instance of singleton bean 'environmentManagerEndpoint'
2018-01-08 23:46:38 [main] DEBUG o.s.b.f.s.DefaultListableBeanFactory - Returning cached instance of singleton bean 'refreshMvcEndpoint'
2018-01-08 23:46:38 [main] DEBUG o.s.b.f.s.DefaultListableBeanFactory - Returning cached instance of singleton bean 'restartMvcEndpoint'
2018-01-08 23:46:38 [main] DEBUG o.s.b.f.s.DefaultListableBeanFactory - Returning cached instance of singleton bean 'pauseMvcEndpoint'
2018-01-08 23:46:38 [main] DEBUG o.s.b.f.s.DefaultListableBeanFactory - Returning cached instance of singleton bean 'resumeMvcEndpoint'
2018-01-08 23:46:38 [main] DEBUG o.s.b.f.s.DefaultListableBeanFactory - Returning cached instance of singleton bean 'org.springframework.cloud.autoconfigure.RefreshAutoConfiguration$RefreshScopeConfiguration'
2018-01-08 23:46:38 [main] DEBUG o.s.b.f.s.DefaultListableBeanFactory - Returning cached instance of singleton bean 'org.springframework.cloud.autoconfigure.RefreshAutoConfiguration'
2018-01-08 23:46:38 [main] DEBUG o.s.b.f.s.DefaultListableBeanFactory - Returning cached instance of singleton bean 'loggingRebinder'
2018-01-08 23:46:38 [main] DEBUG o.s.b.f.s.DefaultListableBeanFactory - Returning cached instance of singleton bean 'environmentManager'
2018-01-08 23:46:38 [main] DEBUG o.s.b.f.s.DefaultListableBeanFactory - Returning cached instance of singleton bean 'contextRefresher'
2018-01-08 23:46:38 [main] DEBUG o.s.b.f.s.DefaultListableBeanFactory - Returning cached instance of singleton bean 'org.springframework.cloud.client.discovery.noop.NoopDiscoveryClientAutoConfiguration'
2018-01-08 23:46:38 [main] DEBUG o.s.b.f.s.DefaultListableBeanFactory - Returning cached instance of singleton bean 'discoveryClient'
2018-01-08 23:46:38 [main] DEBUG o.s.b.f.s.DefaultListableBeanFactory - Returning cached instance of singleton bean 'org.springframework.cloud.config.client.ConfigClientAutoConfiguration'
2018-01-08 23:46:38 [main] DEBUG o.s.b.f.s.DefaultListableBeanFactory - Returning cached instance of singleton bean 'configClientProperties'
2018-01-08 23:46:38 [main] DEBUG o.s.b.f.s.DefaultListableBeanFactory - Returning cached instance of singleton bean 'configClientHealthProperties'
2018-01-08 23:46:38 [main] DEBUG o.s.b.f.s.DefaultListableBeanFactory - Returning cached instance of singleton bean 'org.springframework.cloud.config.server.config.EnvironmentRepositoryConfiguration$DefaultEnvironmentWatch'
2018-01-08 23:46:38 [main] DEBUG o.s.b.f.s.DefaultListableBeanFactory - Returning cached instance of singleton bean 'environmentWatch'
2018-01-08 23:46:38 [main] DEBUG o.s.b.f.s.DefaultListableBeanFactory - Returning cached instance of singleton bean 'org.springframework.cloud.config.server.config.EnvironmentRepositoryConfiguration$GitRepositoryConfiguration'
2018-01-08 23:46:38 [main] DEBUG o.s.b.f.s.DefaultListableBeanFactory - Returning cached instance of singleton bean 'environmentRepository'
2018-01-08 23:46:38 [main] DEBUG o.s.b.f.s.DefaultListableBeanFactory - Returning cached instance of singleton bean 'org.springframework.cloud.config.server.config.EnvironmentRepositoryConfiguration'
2018-01-08 23:46:38 [main] DEBUG o.s.b.f.s.DefaultListableBeanFactory - Returning cached instance of singleton bean 'configServerHealthIndicator'
2018-01-08 23:46:38 [main] DEBUG o.s.b.f.s.DefaultListableBeanFactory - Returning cached instance of singleton bean 'org.springframework.cloud.config.server.config.ResourceRepositoryConfiguration'
2018-01-08 23:46:38 [main] DEBUG o.s.b.f.s.DefaultListableBeanFactory - Returning cached instance of singleton bean 'resourceRepository'
2018-01-08 23:46:38 [main] DEBUG o.s.b.f.s.DefaultListableBeanFactory - Returning cached instance of singleton bean 'spring.cloud.config.server-org.springframework.cloud.config.server.config.ConfigServerProperties'
2018-01-08 23:46:38 [main] DEBUG o.s.b.f.s.DefaultListableBeanFactory - Returning cached instance of singleton bean 'org.springframework.cloud.config.server.config.ConfigServerEncryptionConfiguration'
2018-01-08 23:46:38 [main] DEBUG o.s.b.f.s.DefaultListableBeanFactory - Returning cached instance of singleton bean 'encryptionController'
2018-01-08 23:46:38 [main] DEBUG o.s.b.f.s.DefaultListableBeanFactory - Returning cached instance of singleton bean 'org.springframework.cloud.config.server.config.ConfigServerMvcConfiguration'
2018-01-08 23:46:38 [main] DEBUG o.s.b.f.s.DefaultListableBeanFactory - Returning cached instance of singleton bean 'environmentController'
2018-01-08 23:46:38 [main] DEBUG o.s.b.f.s.DefaultListableBeanFactory - Returning cached instance of singleton bean 'resourceController'
2018-01-08 23:46:38 [main] DEBUG o.s.b.f.s.DefaultListableBeanFactory - Returning cached instance of singleton bean 'org.springframework.cloud.config.server.config.ConfigServerAutoConfiguration'
2018-01-08 23:46:38 [main] DEBUG o.s.b.f.s.DefaultListableBeanFactory - Returning cached instance of singleton bean 'org.springframework.cloud.config.server.config.EncryptionAutoConfiguration'
2018-01-08 23:46:38 [main] DEBUG o.s.b.f.s.DefaultListableBeanFactory - Returning cached instance of singleton bean 'encrypt-org.springframework.cloud.bootstrap.encrypt.KeyProperties'
2018-01-08 23:46:38 [main] DEBUG o.s.b.f.s.DefaultListableBeanFactory - Returning cached instance of singleton bean 'org.springframework.cloud.config.server.config.SingleEncryptorAutoConfiguration'
2018-01-08 23:46:38 [main] DEBUG o.s.b.f.s.DefaultListableBeanFactory - Returning cached instance of singleton bean 'textEncryptorLocator'
2018-01-08 23:46:38 [main] DEBUG o.s.b.f.s.DefaultListableBeanFactory - Returning cached instance of singleton bean 'refreshScope'
2018-01-08 23:46:38 [main] DEBUG o.s.b.f.s.DefaultListableBeanFactory - Returning cached instance of singleton bean 'com.myshop.products.common.logging.LoggingConfigListener'
2018-01-08 23:46:38 [main] DEBUG o.s.b.f.s.DefaultListableBeanFactory - Returning cached instance of singleton bean 'org.springframework.boot.test.mock.mockito.MockitoBeans'
2018-01-08 23:46:38 [main] DEBUG o.s.b.f.s.DefaultListableBeanFactory - Returning cached instance of singleton bean 'org.springframework.context.annotation.internalConfigurationAnnotationProcessor'
2018-01-08 23:46:38 [main] DEBUG o.s.b.f.s.DefaultListableBeanFactory - Returning cached instance of singleton bean 'org.springframework.context.annotation.internalAutowiredAnnotationProcessor'
2018-01-08 23:46:38 [main] DEBUG o.s.b.f.s.DefaultListableBeanFactory - Returning cached instance of singleton bean 'org.springframework.context.annotation.internalRequiredAnnotationProcessor'
2018-01-08 23:46:38 [main] DEBUG o.s.b.f.s.DefaultListableBeanFactory - Returning cached instance of singleton bean 'org.springframework.context.annotation.internalCommonAnnotationProcessor'
2018-01-08 23:46:38 [main] DEBUG o.s.b.f.s.DefaultListableBeanFactory - Returning cached instance of singleton bean 'org.springframework.context.event.internalEventListenerProcessor'
2018-01-08 23:46:38 [main] DEBUG o.s.b.f.s.DefaultListableBeanFactory - Returning cached instance of singleton bean 'org.springframework.context.event.internalEventListenerFactory'
2018-01-08 23:46:38 [main] DEBUG o.s.b.f.s.DefaultListableBeanFactory - Returning cached instance of singleton bean 'configServerBootstrapConfiguration'
2018-01-08 23:46:38 [main] DEBUG o.s.b.f.s.DefaultListableBeanFactory - Returning cached instance of singleton bean 'configServiceBootstrapConfiguration'
2018-01-08 23:46:38 [main] DEBUG o.s.b.f.s.DefaultListableBeanFactory - Returning cached instance of singleton bean 'propertySourceBootstrapConfiguration'
2018-01-08 23:46:38 [main] DEBUG o.s.b.f.s.DefaultListableBeanFactory - Returning cached instance of singleton bean 'encryptionBootstrapConfiguration'
2018-01-08 23:46:38 [main] DEBUG o.s.b.f.s.DefaultListableBeanFactory - Returning cached instance of singleton bean 'configurationPropertiesRebinderAutoConfiguration'
2018-01-08 23:46:38 [main] DEBUG o.s.b.f.s.DefaultListableBeanFactory - Returning cached instance of singleton bean 'propertyPlaceholderAutoConfiguration'
2018-01-08 23:46:38 [main] DEBUG o.s.b.f.s.DefaultListableBeanFactory - Returning cached instance of singleton bean 'org.springframework.boot.autoconfigure.internalCachingMetadataReaderFactory'
2018-01-08 23:46:38 [main] DEBUG o.s.b.f.s.DefaultListableBeanFactory - Returning cached instance of singleton bean 'org.springframework.context.annotation.ConfigurationClassPostProcessor.importAwareProcessor'
2018-01-08 23:46:38 [main] DEBUG o.s.b.f.s.DefaultListableBeanFactory - Returning cached instance of singleton bean 'org.springframework.context.annotation.ConfigurationClassPostProcessor.enhancedConfigurationProcessor'
2018-01-08 23:46:38 [main] DEBUG o.s.b.f.s.DefaultListableBeanFactory - Returning cached instance of singleton bean 'configClientProperties'
2018-01-08 23:46:38 [main] DEBUG o.s.b.f.s.DefaultListableBeanFactory - Returning cached instance of singleton bean 'org.springframework.boot.context.properties.ConfigurationPropertiesBindingPostProcessor'
2018-01-08 23:46:38 [main] DEBUG o.s.b.f.s.DefaultListableBeanFactory - Returning cached instance of singleton bean 'org.springframework.boot.context.properties.ConfigurationPropertiesBindingPostProcessor.store'
2018-01-08 23:46:38 [main] DEBUG o.s.b.f.s.DefaultListableBeanFactory - Returning cached instance of singleton bean 'spring.cloud.config-org.springframework.cloud.bootstrap.config.PropertySourceBootstrapProperties'
2018-01-08 23:46:38 [main] DEBUG o.s.b.f.s.DefaultListableBeanFactory - Returning cached instance of singleton bean 'org.springframework.cloud.bootstrap.encrypt.EncryptionBootstrapConfiguration$RsaEncryptionConfiguration'
2018-01-08 23:46:38 [main] DEBUG o.s.b.f.s.DefaultListableBeanFactory - Returning cached instance of singleton bean 'org.springframework.boot.autoconfigure.condition.BeanTypeRegistry'
2018-01-08 23:46:38 [main] DEBUG o.s.b.f.s.DefaultListableBeanFactory - Returning cached instance of singleton bean 'textEncryptor'
2018-01-08 23:46:38 [main] DEBUG o.s.b.f.s.DefaultListableBeanFactory - Returning cached instance of singleton bean 'environmentDecryptApplicationListener'
2018-01-08 23:46:38 [main] DEBUG o.s.b.f.s.DefaultListableBeanFactory - Returning cached instance of singleton bean 'encrypt-org.springframework.cloud.bootstrap.encrypt.KeyProperties'
2018-01-08 23:46:38 [main] DEBUG o.s.b.f.s.DefaultListableBeanFactory - Returning cached instance of singleton bean 'configurationPropertiesRebinder'
2018-01-08 23:46:38 [main] DEBUG o.s.b.f.s.DefaultListableBeanFactory - Returning cached instance of singleton bean 'configurationPropertiesBeans'
2018-01-08 23:46:38 [main] DEBUG o.s.b.f.s.DefaultListableBeanFactory - Returning cached instance of singleton bean 'propertySourcesPlaceholderConfigurer'
2018-01-08 23:46:38 [main] DEBUG o.a.h.i.c.BasicClientConnectionManager - Get connection for route {}->http://localhost:49184
2018-01-08 23:46:38 [main] DEBUG o.a.h.i.c.DefaultClientConnectionOperator - Connecting to localhost:49184
2018-01-08 23:46:38 [main] DEBUG o.a.h.c.protocol.RequestAddCookies - CookieSpec selected: ignoreCookies
2018-01-08 23:46:38 [main] DEBUG o.a.h.c.protocol.RequestAuthCache - Auth cache not set in the context
2018-01-08 23:46:38 [main] DEBUG o.a.h.c.p.RequestTargetAuthentication - Target auth state: UNCHALLENGED
2018-01-08 23:46:38 [main] DEBUG o.a.h.c.p.RequestProxyAuthentication - Proxy auth state: UNCHALLENGED
2018-01-08 23:46:38 [main] DEBUG o.a.h.impl.client.DefaultHttpClient - Attempt 1 to execute request
2018-01-08 23:46:38 [main] DEBUG o.a.h.i.conn.DefaultClientConnection - Sending request: POST /product/ HTTP/1.1
2018-01-08 23:46:38 [main] DEBUG org.apache.http.wire -  >> "POST /product/ HTTP/1.1[\r][\n]"
2018-01-08 23:46:38 [main] DEBUG org.apache.http.wire -  >> "Accept: */*[\r][\n]"
2018-01-08 23:46:38 [main] DEBUG org.apache.http.wire -  >> "Content-Type: application/json; charset=UTF-8[\r][\n]"
2018-01-08 23:46:38 [main] DEBUG org.apache.http.wire -  >> "Content-Length: 93[\r][\n]"
2018-01-08 23:46:38 [main] DEBUG org.apache.http.wire -  >> "Host: localhost:49184[\r][\n]"
2018-01-08 23:46:38 [main] DEBUG org.apache.http.wire -  >> "Connection: Keep-Alive[\r][\n]"
2018-01-08 23:46:38 [main] DEBUG org.apache.http.wire -  >> "User-Agent: Apache-HttpClient/4.5.2 (Java/1.8.0_144)[\r][\n]"
2018-01-08 23:46:38 [main] DEBUG org.apache.http.wire -  >> "Accept-Encoding: gzip,deflate[\r][\n]"
2018-01-08 23:46:38 [main] DEBUG org.apache.http.wire -  >> "[\r][\n]"
2018-01-08 23:46:38 [main] DEBUG org.apache.http.headers - >> POST /product/ HTTP/1.1
2018-01-08 23:46:38 [main] DEBUG org.apache.http.headers - >> Accept: */*
2018-01-08 23:46:38 [main] DEBUG org.apache.http.headers - >> Content-Type: application/json; charset=UTF-8
2018-01-08 23:46:38 [main] DEBUG org.apache.http.headers - >> Content-Length: 93
2018-01-08 23:46:38 [main] DEBUG org.apache.http.headers - >> Host: localhost:49184
2018-01-08 23:46:38 [main] DEBUG org.apache.http.headers - >> Connection: Keep-Alive
2018-01-08 23:46:38 [main] DEBUG org.apache.http.headers - >> User-Agent: Apache-HttpClient/4.5.2 (Java/1.8.0_144)
2018-01-08 23:46:38 [main] DEBUG org.apache.http.headers - >> Accept-Encoding: gzip,deflate
2018-01-08 23:46:38 [main] DEBUG org.apache.http.wire -  >> "[{"id":"1234","category":"Dairy","imageUrl":"www.abc.com","price":2.2,"title":"testProduct"}]"
2018-01-08 23:46:38 [http-nio-auto-1-exec-3] DEBUG o.s.b.w.f.OrderedRequestContextFilter - Bound request context to thread: org.apache.catalina.connector.RequestFacade@5398eb34
2018-01-08 23:46:38 [http-nio-auto-1-exec-3] DEBUG o.s.b.a.e.mvc.EndpointHandlerMapping - Looking up handler method for path /product/
2018-01-08 23:46:38 [http-nio-auto-1-exec-3] DEBUG o.s.b.a.e.mvc.EndpointHandlerMapping - Did not find handler method for [/product/]
2018-01-08 23:46:38 [http-nio-auto-1-exec-3] DEBUG o.s.b.f.s.DefaultListableBeanFactory - Returning cached instance of singleton bean 'productController'
2018-01-08 23:46:38 [http-nio-auto-1-exec-3] DEBUG o.s.jdbc.core.JdbcTemplate - Executing prepared SQL update
2018-01-08 23:46:38 [http-nio-auto-1-exec-3] DEBUG o.s.jdbc.core.JdbcTemplate - Executing prepared SQL statement [INSERT INTO products (id, category, imageUrl, price, title) values (?, ?, ?, ?, ?)]
2018-01-08 23:46:38 [http-nio-auto-1-exec-3] DEBUG o.s.jdbc.datasource.DataSourceUtils - Fetching JDBC Connection from DataSource
2018-01-08 23:46:38 [http-nio-auto-1-exec-3] DEBUG o.s.jdbc.core.JdbcTemplate - SQL update affected 1 rows
2018-01-08 23:46:38 [http-nio-auto-1-exec-3] DEBUG o.s.jdbc.datasource.DataSourceUtils - Returning JDBC Connection to DataSource
2018-01-08 23:46:38 [http-nio-auto-1-exec-3] DEBUG o.s.b.w.f.OrderedRequestContextFilter - Cleared thread-bound request context: org.apache.catalina.connector.RequestFacade@5398eb34
2018-01-08 23:46:38 [main] DEBUG org.apache.http.wire -  << "HTTP/1.1 200 [\r][\n]"
2018-01-08 23:46:38 [main] DEBUG org.apache.http.wire -  << "X-Application-Context: application:0[\r][\n]"
2018-01-08 23:46:38 [main] DEBUG org.apache.http.wire -  << "Content-Type: application/json;charset=UTF-8[\r][\n]"
2018-01-08 23:46:38 [main] DEBUG org.apache.http.wire -  << "Content-Length: 0[\r][\n]"
2018-01-08 23:46:38 [main] DEBUG org.apache.http.wire -  << "Date: Mon, 08 Jan 2018 12:46:38 GMT[\r][\n]"
2018-01-08 23:46:38 [main] DEBUG org.apache.http.wire -  << "[\r][\n]"
2018-01-08 23:46:38 [main] DEBUG o.a.h.i.conn.DefaultClientConnection - Receiving response: HTTP/1.1 200 
2018-01-08 23:46:38 [main] DEBUG org.apache.http.headers - << HTTP/1.1 200 
2018-01-08 23:46:38 [main] DEBUG org.apache.http.headers - << X-Application-Context: application:0
2018-01-08 23:46:38 [main] DEBUG org.apache.http.headers - << Content-Type: application/json;charset=UTF-8
2018-01-08 23:46:38 [main] DEBUG org.apache.http.headers - << Content-Length: 0
2018-01-08 23:46:38 [main] DEBUG org.apache.http.headers - << Date: Mon, 08 Jan 2018 12:46:38 GMT
2018-01-08 23:46:38 [main] DEBUG o.a.h.impl.client.DefaultHttpClient - Connection can be kept alive indefinitely
2018-01-08 23:46:38 [main] DEBUG o.s.t.c.c.DefaultCacheAwareContextLoaderDelegate - Retrieved ApplicationContext from cache with key [[WebMergedContextConfiguration@473b46c3 testClass = ProductServiceIT, locations = '{}', classes = '{class com.myshop.products.ProductApp, class com.myshop.products.ProductApp}', contextInitializerClasses = '[]', activeProfiles = '{}', propertySourceLocations = '{}', propertySourceProperties = '{org.springframework.boot.test.context.SpringBootTestContextBootstrapper=true, server.port=0}', contextCustomizers = set[org.springframework.boot.test.context.SpringBootTestContextCustomizer@6e6c3152, org.springframework.boot.test.context.filter.ExcludeFilterContextCustomizer@32709393, org.springframework.boot.test.mock.mockito.MockitoContextCustomizer@0, org.springframework.boot.test.autoconfigure.properties.PropertyMappingContextCustomizer@0, org.springframework.boot.test.autoconfigure.web.servlet.WebDriverContextCustomizerFactory$Customizer@10bbd20a], resourceBasePath = 'src/main/webapp', contextLoader = 'org.springframework.boot.test.context.SpringBootContextLoader', parent = [null]]]
2018-01-08 23:46:38 [main] DEBUG o.springframework.test.context.cache - Spring test ApplicationContext cache statistics: [DefaultContextCache@50e5032c size = 1, maxSize = 32, parentContextCount = 0, hitCount = 13, missCount = 1]
2018-01-08 23:46:38 [main] DEBUG o.s.t.c.c.DefaultCacheAwareContextLoaderDelegate - Retrieved ApplicationContext from cache with key [[WebMergedContextConfiguration@473b46c3 testClass = ProductServiceIT, locations = '{}', classes = '{class com.myshop.products.ProductApp, class com.myshop.products.ProductApp}', contextInitializerClasses = '[]', activeProfiles = '{}', propertySourceLocations = '{}', propertySourceProperties = '{org.springframework.boot.test.context.SpringBootTestContextBootstrapper=true, server.port=0}', contextCustomizers = set[org.springframework.boot.test.context.SpringBootTestContextCustomizer@6e6c3152, org.springframework.boot.test.context.filter.ExcludeFilterContextCustomizer@32709393, org.springframework.boot.test.mock.mockito.MockitoContextCustomizer@0, org.springframework.boot.test.autoconfigure.properties.PropertyMappingContextCustomizer@0, org.springframework.boot.test.autoconfigure.web.servlet.WebDriverContextCustomizerFactory$Customizer@10bbd20a], resourceBasePath = 'src/main/webapp', contextLoader = 'org.springframework.boot.test.context.SpringBootContextLoader', parent = [null]]]
2018-01-08 23:46:38 [main] DEBUG o.springframework.test.context.cache - Spring test ApplicationContext cache statistics: [DefaultContextCache@50e5032c size = 1, maxSize = 32, parentContextCount = 0, hitCount = 14, missCount = 1]
2018-01-08 23:46:38 [main] DEBUG o.s.t.c.c.DefaultCacheAwareContextLoaderDelegate - Retrieved ApplicationContext from cache with key [[WebMergedContextConfiguration@473b46c3 testClass = ProductServiceIT, locations = '{}', classes = '{class com.myshop.products.ProductApp, class com.myshop.products.ProductApp}', contextInitializerClasses = '[]', activeProfiles = '{}', propertySourceLocations = '{}', propertySourceProperties = '{org.springframework.boot.test.context.SpringBootTestContextBootstrapper=true, server.port=0}', contextCustomizers = set[org.springframework.boot.test.context.SpringBootTestContextCustomizer@6e6c3152, org.springframework.boot.test.context.filter.ExcludeFilterContextCustomizer@32709393, org.springframework.boot.test.mock.mockito.MockitoContextCustomizer@0, org.springframework.boot.test.autoconfigure.properties.PropertyMappingContextCustomizer@0, org.springframework.boot.test.autoconfigure.web.servlet.WebDriverContextCustomizerFactory$Customizer@10bbd20a], resourceBasePath = 'src/main/webapp', contextLoader = 'org.springframework.boot.test.context.SpringBootContextLoader', parent = [null]]]
2018-01-08 23:46:38 [main] DEBUG o.springframework.test.context.cache - Spring test ApplicationContext cache statistics: [DefaultContextCache@50e5032c size = 1, maxSize = 32, parentContextCount = 0, hitCount = 15, missCount = 1]
2018-01-08 23:46:38 [main] DEBUG o.s.t.c.c.DefaultCacheAwareContextLoaderDelegate - Retrieved ApplicationContext from cache with key [[WebMergedContextConfiguration@473b46c3 testClass = ProductServiceIT, locations = '{}', classes = '{class com.myshop.products.ProductApp, class com.myshop.products.ProductApp}', contextInitializerClasses = '[]', activeProfiles = '{}', propertySourceLocations = '{}', propertySourceProperties = '{org.springframework.boot.test.context.SpringBootTestContextBootstrapper=true, server.port=0}', contextCustomizers = set[org.springframework.boot.test.context.SpringBootTestContextCustomizer@6e6c3152, org.springframework.boot.test.context.filter.ExcludeFilterContextCustomizer@32709393, org.springframework.boot.test.mock.mockito.MockitoContextCustomizer@0, org.springframework.boot.test.autoconfigure.properties.PropertyMappingContextCustomizer@0, org.springframework.boot.test.autoconfigure.web.servlet.WebDriverContextCustomizerFactory$Customizer@10bbd20a], resourceBasePath = 'src/main/webapp', contextLoader = 'org.springframework.boot.test.context.SpringBootContextLoader', parent = [null]]]
2018-01-08 23:46:38 [main] DEBUG o.springframework.test.context.cache - Spring test ApplicationContext cache statistics: [DefaultContextCache@50e5032c size = 1, maxSize = 32, parentContextCount = 0, hitCount = 16, missCount = 1]
2018-01-08 23:46:38 [main] DEBUG o.s.b.f.s.DefaultListableBeanFactory - Returning cached instance of singleton bean 'org.springframework.context.annotation.internalConfigurationAnnotationProcessor'
2018-01-08 23:46:38 [main] DEBUG o.s.b.f.s.DefaultListableBeanFactory - Returning cached instance of singleton bean 'org.springframework.context.annotation.internalAutowiredAnnotationProcessor'
2018-01-08 23:46:38 [main] DEBUG o.s.b.f.s.DefaultListableBeanFactory - Returning cached instance of singleton bean 'org.springframework.context.annotation.internalRequiredAnnotationProcessor'
2018-01-08 23:46:38 [main] DEBUG o.s.b.f.s.DefaultListableBeanFactory - Returning cached instance of singleton bean 'org.springframework.context.annotation.internalCommonAnnotationProcessor'
2018-01-08 23:46:38 [main] DEBUG o.s.b.f.s.DefaultListableBeanFactory - Returning cached instance of singleton bean 'org.springframework.context.event.internalEventListenerProcessor'
2018-01-08 23:46:38 [main] DEBUG o.s.b.f.s.DefaultListableBeanFactory - Returning cached instance of singleton bean 'org.springframework.context.event.internalEventListenerFactory'
2018-01-08 23:46:38 [main] DEBUG o.s.b.f.s.DefaultListableBeanFactory - Returning cached instance of singleton bean 'testRestTemplate'
2018-01-08 23:46:38 [main] DEBUG o.s.b.f.s.DefaultListableBeanFactory - Returning cached instance of singleton bean 'org.springframework.boot.test.mock.mockito.MockitoPostProcessor$SpyPostProcessor'
2018-01-08 23:46:38 [main] DEBUG o.s.b.f.s.DefaultListableBeanFactory - Returning cached instance of singleton bean 'org.springframework.boot.test.mock.mockito.MockitoPostProcessor'
2018-01-08 23:46:38 [main] DEBUG o.s.b.f.s.DefaultListableBeanFactory - Returning cached instance of singleton bean 'productApp'
2018-01-08 23:46:38 [main] DEBUG o.s.b.f.s.DefaultListableBeanFactory - Returning cached instance of singleton bean 'org.springframework.boot.autoconfigure.internalCachingMetadataReaderFactory'
2018-01-08 23:46:38 [main] DEBUG o.s.b.f.s.DefaultListableBeanFactory - Returning cached instance of singleton bean 'org.springframework.context.annotation.ConfigurationClassPostProcessor.importAwareProcessor'
2018-01-08 23:46:38 [main] DEBUG o.s.b.f.s.DefaultListableBeanFactory - Returning cached instance of singleton bean 'org.springframework.context.annotation.ConfigurationClassPostProcessor.enhancedConfigurationProcessor'
2018-01-08 23:46:38 [main] DEBUG o.s.b.f.s.DefaultListableBeanFactory - Returning cached instance of singleton bean 'commonConfig'
2018-01-08 23:46:38 [main] DEBUG o.s.b.f.s.DefaultListableBeanFactory - Returning cached instance of singleton bean 'productController'
2018-01-08 23:46:38 [main] DEBUG o.s.b.f.s.DefaultListableBeanFactory - Returning cached instance of singleton bean 'productDAOImpl'
2018-01-08 23:46:38 [main] DEBUG o.s.b.f.s.DefaultListableBeanFactory - Returning cached instance of singleton bean 'productServiceImpl'
2018-01-08 23:46:38 [main] DEBUG o.s.b.f.s.DefaultListableBeanFactory - Returning cached instance of singleton bean 'myShopControllerAdvice'
2018-01-08 23:46:38 [main] DEBUG o.s.b.f.s.DefaultListableBeanFactory - Returning cached instance of singleton bean 'loggerfilter'
2018-01-08 23:46:38 [main] DEBUG o.s.b.f.s.DefaultListableBeanFactory - Returning cached instance of singleton bean 'servletComponentRegisteringPostProcessor'
2018-01-08 23:46:38 [main] DEBUG o.s.b.f.s.DefaultListableBeanFactory - Returning cached instance of singleton bean 'org.springframework.cloud.config.server.config.ConfigServerConfiguration'
2018-01-08 23:46:38 [main] DEBUG o.s.b.f.s.DefaultListableBeanFactory - Returning cached instance of singleton bean 'enableConfigServerMarker'
2018-01-08 23:46:38 [main] DEBUG o.s.b.f.s.DefaultListableBeanFactory - Returning cached instance of singleton bean 'org.springframework.boot.autoconfigure.AutoConfigurationPackages'
2018-01-08 23:46:38 [main] DEBUG o.s.b.f.s.DefaultListableBeanFactory - Returning cached instance of singleton bean 'org.springframework.boot.autoconfigure.PropertyPlaceholderAutoConfiguration'
2018-01-08 23:46:38 [main] DEBUG o.s.b.f.s.DefaultListableBeanFactory - Returning cached instance of singleton bean 'org.springframework.boot.autoconfigure.condition.BeanTypeRegistry'
2018-01-08 23:46:38 [main] DEBUG o.s.b.f.s.DefaultListableBeanFactory - Returning cached instance of singleton bean 'propertySourcesPlaceholderConfigurer'
2018-01-08 23:46:38 [main] DEBUG o.s.b.f.s.DefaultListableBeanFactory - Returning cached instance of singleton bean 'org.springframework.boot.autoconfigure.jackson.JacksonAutoConfiguration$Jackson2ObjectMapperBuilderCustomizerConfiguration'
2018-01-08 23:46:38 [main] DEBUG o.s.b.f.s.DefaultListableBeanFactory - Returning cached instance of singleton bean 'standardJacksonObjectMapperBuilderCustomizer'
2018-01-08 23:46:38 [main] DEBUG o.s.b.f.s.DefaultListableBeanFactory - Returning cached instance of singleton bean 'spring.jackson-org.springframework.boot.autoconfigure.jackson.JacksonProperties'
2018-01-08 23:46:38 [main] DEBUG o.s.b.f.s.DefaultListableBeanFactory - Returning cached instance of singleton bean 'org.springframework.boot.context.properties.ConfigurationPropertiesBindingPostProcessor'
2018-01-08 23:46:38 [main] DEBUG o.s.b.f.s.DefaultListableBeanFactory - Returning cached instance of singleton bean 'org.springframework.boot.context.properties.ConfigurationPropertiesBindingPostProcessor.store'
2018-01-08 23:46:38 [main] DEBUG o.s.b.f.s.DefaultListableBeanFactory - Returning cached instance of singleton bean 'org.springframework.boot.autoconfigure.jackson.JacksonAutoConfiguration$JacksonObjectMapperBuilderConfiguration'
2018-01-08 23:46:38 [main] DEBUG o.s.b.f.s.DefaultListableBeanFactory - Returning cached instance of singleton bean 'jacksonObjectMapperBuilder'
2018-01-08 23:46:38 [main] DEBUG o.s.b.f.s.DefaultListableBeanFactory - Returning cached instance of singleton bean 'org.springframework.boot.autoconfigure.jackson.JacksonAutoConfiguration$JacksonObjectMapperConfiguration'
2018-01-08 23:46:38 [main] DEBUG o.s.b.f.s.DefaultListableBeanFactory - Returning cached instance of singleton bean 'jacksonObjectMapper'
2018-01-08 23:46:38 [main] DEBUG o.s.b.f.s.DefaultListableBeanFactory - Returning cached instance of singleton bean 'org.springframework.boot.autoconfigure.jackson.JacksonAutoConfiguration'
2018-01-08 23:46:38 [main] DEBUG o.s.b.f.s.DefaultListableBeanFactory - Returning cached instance of singleton bean 'jsonComponentModule'
2018-01-08 23:46:38 [main] DEBUG o.s.b.f.s.DefaultListableBeanFactory - Returning cached instance of singleton bean 'org.springframework.boot.autoconfigure.websocket.WebSocketAutoConfiguration$TomcatWebSocketConfiguration'
2018-01-08 23:46:38 [main] DEBUG o.s.b.f.s.DefaultListableBeanFactory - Returning cached instance of singleton bean 'websocketContainerCustomizer'
2018-01-08 23:46:38 [main] DEBUG o.s.b.f.s.DefaultListableBeanFactory - Returning cached instance of singleton bean 'org.springframework.boot.autoconfigure.websocket.WebSocketAutoConfiguration'
2018-01-08 23:46:38 [main] DEBUG o.s.b.f.s.DefaultListableBeanFactory - Returning cached instance of singleton bean 'org.springframework.boot.autoconfigure.web.EmbeddedServletContainerAutoConfiguration$EmbeddedTomcat'
2018-01-08 23:46:38 [main] DEBUG o.s.b.f.s.DefaultListableBeanFactory - Returning cached instance of singleton bean 'tomcatEmbeddedServletContainerFactory'
2018-01-08 23:46:38 [main] DEBUG o.s.b.f.s.DefaultListableBeanFactory - Returning cached instance of singleton bean 'org.springframework.boot.autoconfigure.web.EmbeddedServletContainerAutoConfiguration'
2018-01-08 23:46:38 [main] DEBUG o.s.b.f.s.DefaultListableBeanFactory - Returning cached instance of singleton bean 'embeddedServletContainerCustomizerBeanPostProcessor'
2018-01-08 23:46:38 [main] DEBUG o.s.b.f.s.DefaultListableBeanFactory - Returning cached instance of singleton bean 'errorPageRegistrarBeanPostProcessor'
2018-01-08 23:46:38 [main] DEBUG o.s.b.f.s.DefaultListableBeanFactory - Returning cached instance of singleton bean 'org.springframework.boot.autoconfigure.web.DispatcherServletAutoConfiguration$DispatcherServletConfiguration'
2018-01-08 23:46:38 [main] DEBUG o.s.b.f.s.DefaultListableBeanFactory - Returning cached instance of singleton bean 'dispatcherServlet'
2018-01-08 23:46:38 [main] DEBUG o.s.b.f.s.DefaultListableBeanFactory - Returning cached instance of singleton bean 'spring.mvc-org.springframework.boot.autoconfigure.web.WebMvcProperties'
2018-01-08 23:46:38 [main] DEBUG o.s.b.f.s.DefaultListableBeanFactory - Returning cached instance of singleton bean 'org.springframework.boot.autoconfigure.web.DispatcherServletAutoConfiguration$DispatcherServletRegistrationConfiguration'
2018-01-08 23:46:38 [main] DEBUG o.s.b.f.s.DefaultListableBeanFactory - Returning cached instance of singleton bean 'dispatcherServletRegistration'
2018-01-08 23:46:38 [main] DEBUG o.s.b.f.s.DefaultListableBeanFactory - Returning cached instance of singleton bean 'org.springframework.boot.autoconfigure.web.DispatcherServletAutoConfiguration'
2018-01-08 23:46:38 [main] DEBUG o.s.b.f.s.DefaultListableBeanFactory - Returning cached instance of singleton bean 'org.springframework.boot.autoconfigure.web.ErrorMvcAutoConfiguration$WhitelabelErrorViewConfiguration'
2018-01-08 23:46:38 [main] DEBUG o.s.b.f.s.DefaultListableBeanFactory - Returning cached instance of singleton bean 'error'
2018-01-08 23:46:38 [main] DEBUG o.s.b.f.s.DefaultListableBeanFactory - Returning cached instance of singleton bean 'beanNameViewResolver'
2018-01-08 23:46:38 [main] DEBUG o.s.b.f.s.DefaultListableBeanFactory - Returning cached instance of singleton bean 'org.springframework.boot.autoconfigure.web.ErrorMvcAutoConfiguration'
2018-01-08 23:46:38 [main] DEBUG o.s.b.f.s.DefaultListableBeanFactory - Returning cached instance of singleton bean 'errorAttributes'
2018-01-08 23:46:38 [main] DEBUG o.s.b.f.s.DefaultListableBeanFactory - Returning cached instance of singleton bean 'basicErrorController'
2018-01-08 23:46:38 [main] DEBUG o.s.b.f.s.DefaultListableBeanFactory - Returning cached instance of singleton bean 'errorPageCustomizer'
2018-01-08 23:46:38 [main] DEBUG o.s.b.f.s.DefaultListableBeanFactory - Returning cached instance of singleton bean 'conventionErrorViewResolver'
2018-01-08 23:46:38 [main] DEBUG o.s.b.f.s.DefaultListableBeanFactory - Returning cached instance of singleton bean 'preserveErrorControllerTargetClassPostProcessor'
2018-01-08 23:46:38 [main] DEBUG o.s.b.f.s.DefaultListableBeanFactory - Returning cached instance of singleton bean 'spring.resources-org.springframework.boot.autoconfigure.web.ResourceProperties'
2018-01-08 23:46:38 [main] DEBUG o.s.b.f.s.DefaultListableBeanFactory - Returning cached instance of singleton bean 'org.springframework.boot.autoconfigure.web.WebMvcAutoConfiguration$EnableWebMvcConfiguration'
2018-01-08 23:46:38 [main] DEBUG o.s.b.f.s.DefaultListableBeanFactory - Returning cached instance of singleton bean 'requestMappingHandlerAdapter'
2018-01-08 23:46:38 [main] DEBUG o.s.b.f.s.DefaultListableBeanFactory - Returning cached instance of singleton bean 'requestMappingHandlerMapping'
2018-01-08 23:46:38 [main] DEBUG o.s.b.f.s.DefaultListableBeanFactory - Returning cached instance of singleton bean 'mvcPathMatcher'
2018-01-08 23:46:38 [main] DEBUG o.s.b.f.s.DefaultListableBeanFactory - Returning cached instance of singleton bean 'mvcUrlPathHelper'
2018-01-08 23:46:38 [main] DEBUG o.s.b.f.s.DefaultListableBeanFactory - Returning cached instance of singleton bean 'mvcContentNegotiationManager'
2018-01-08 23:46:38 [main] DEBUG o.s.b.f.s.DefaultListableBeanFactory - Returning cached instance of singleton bean 'viewControllerHandlerMapping'
2018-01-08 23:46:38 [main] DEBUG o.s.b.f.s.DefaultListableBeanFactory - Returning cached instance of singleton bean 'beanNameHandlerMapping'
2018-01-08 23:46:38 [main] DEBUG o.s.b.f.s.DefaultListableBeanFactory - Returning cached instance of singleton bean 'resourceHandlerMapping'
2018-01-08 23:46:38 [main] DEBUG o.s.b.f.s.DefaultListableBeanFactory - Returning cached instance of singleton bean 'mvcResourceUrlProvider'
2018-01-08 23:46:38 [main] DEBUG o.s.b.f.s.DefaultListableBeanFactory - Returning cached instance of singleton bean 'defaultServletHandlerMapping'
2018-01-08 23:46:38 [main] DEBUG o.s.b.f.s.DefaultListableBeanFactory - Returning cached instance of singleton bean 'mvcConversionService'
2018-01-08 23:46:38 [main] DEBUG o.s.b.f.s.DefaultListableBeanFactory - Returning cached instance of singleton bean 'mvcValidator'
2018-01-08 23:46:38 [main] DEBUG o.s.b.f.s.DefaultListableBeanFactory - Returning cached instance of singleton bean 'mvcUriComponentsContributor'
2018-01-08 23:46:38 [main] DEBUG o.s.b.f.s.DefaultListableBeanFactory - Returning cached instance of singleton bean 'httpRequestHandlerAdapter'
2018-01-08 23:46:38 [main] DEBUG o.s.b.f.s.DefaultListableBeanFactory - Returning cached instance of singleton bean 'simpleControllerHandlerAdapter'
2018-01-08 23:46:38 [main] DEBUG o.s.b.f.s.DefaultListableBeanFactory - Returning cached instance of singleton bean 'handlerExceptionResolver'
2018-01-08 23:46:38 [main] DEBUG o.s.b.f.s.DefaultListableBeanFactory - Returning cached instance of singleton bean 'mvcViewResolver'
2018-01-08 23:46:38 [main] DEBUG o.s.b.f.s.DefaultListableBeanFactory - Returning cached instance of singleton bean 'org.springframework.boot.autoconfigure.web.WebMvcAutoConfiguration$WebMvcAutoConfigurationAdapter$FaviconConfiguration'
2018-01-08 23:46:38 [main] DEBUG o.s.b.f.s.DefaultListableBeanFactory - Returning cached instance of singleton bean 'faviconHandlerMapping'
2018-01-08 23:46:38 [main] DEBUG o.s.b.f.s.DefaultListableBeanFactory - Returning cached instance of singleton bean 'faviconRequestHandler'
2018-01-08 23:46:38 [main] DEBUG o.s.b.f.s.DefaultListableBeanFactory - Returning cached instance of singleton bean 'org.springframework.boot.autoconfigure.web.WebMvcAutoConfiguration$WebMvcAutoConfigurationAdapter'
2018-01-08 23:46:38 [main] DEBUG o.s.b.f.s.DefaultListableBeanFactory - Returning cached instance of singleton bean 'defaultViewResolver'
2018-01-08 23:46:38 [main] DEBUG o.s.b.f.s.DefaultListableBeanFactory - Returning cached instance of singleton bean 'viewResolver'
2018-01-08 23:46:38 [main] DEBUG o.s.b.f.s.DefaultListableBeanFactory - Returning cached instance of singleton bean 'welcomePageHandlerMapping'
2018-01-08 23:46:38 [main] DEBUG o.s.b.f.s.DefaultListableBeanFactory - Returning cached instance of singleton bean 'requestContextFilter'
2018-01-08 23:46:38 [main] DEBUG o.s.b.f.s.DefaultListableBeanFactory - Returning cached instance of singleton bean 'org.springframework.boot.autoconfigure.web.WebMvcAutoConfiguration'
2018-01-08 23:46:38 [main] DEBUG o.s.b.f.s.DefaultListableBeanFactory - Returning cached instance of singleton bean 'hiddenHttpMethodFilter'
2018-01-08 23:46:38 [main] DEBUG o.s.b.f.s.DefaultListableBeanFactory - Returning cached instance of singleton bean 'httpPutFormContentFilter'
2018-01-08 23:46:38 [main] DEBUG o.s.b.f.s.DefaultListableBeanFactory - Returning cached instance of singleton bean 'org.springframework.cloud.commons.util.UtilAutoConfiguration'
2018-01-08 23:46:38 [main] DEBUG o.s.b.f.s.DefaultListableBeanFactory - Returning cached instance of singleton bean 'inetUtilsProperties'
2018-01-08 23:46:38 [main] DEBUG o.s.b.f.s.DefaultListableBeanFactory - Returning cached instance of singleton bean 'inetUtils'
2018-01-08 23:46:38 [main] DEBUG o.s.b.f.s.DefaultListableBeanFactory - Returning cached instance of singleton bean 'org.springframework.boot.actuate.autoconfigure.AuditAutoConfiguration$AuditEventRepositoryConfiguration'
2018-01-08 23:46:38 [main] DEBUG o.s.b.f.s.DefaultListableBeanFactory - Returning cached instance of singleton bean 'auditEventRepository'
2018-01-08 23:46:38 [main] DEBUG o.s.b.f.s.DefaultListableBeanFactory - Returning cached instance of singleton bean 'org.springframework.boot.actuate.autoconfigure.AuditAutoConfiguration'
2018-01-08 23:46:38 [main] DEBUG o.s.b.f.s.DefaultListableBeanFactory - Returning cached instance of singleton bean 'auditListener'
2018-01-08 23:46:38 [main] DEBUG o.s.b.f.s.DefaultListableBeanFactory - Returning cached instance of singleton bean 'org.springframework.boot.autoconfigure.jdbc.DataSourceConfiguration$Tomcat'
2018-01-08 23:46:38 [main] DEBUG o.s.b.f.s.DefaultListableBeanFactory - Returning cached instance of singleton bean 'dataSource'
2018-01-08 23:46:38 [main] DEBUG o.s.b.f.s.DefaultListableBeanFactory - Returning cached instance of singleton bean 'org.springframework.boot.autoconfigure.jdbc.DataSourceAutoConfiguration$PooledDataSourceConfiguration'
2018-01-08 23:46:38 [main] DEBUG o.s.b.f.s.DefaultListableBeanFactory - Returning cached instance of singleton bean 'org.springframework.boot.autoconfigure.jdbc.metadata.DataSourcePoolMetadataProvidersConfiguration$TomcatDataSourcePoolMetadataProviderConfiguration'
2018-01-08 23:46:38 [main] DEBUG o.s.b.f.s.DefaultListableBeanFactory - Returning cached instance of singleton bean 'tomcatPoolDataSourceMetadataProvider'
2018-01-08 23:46:38 [main] DEBUG o.s.b.f.s.DefaultListableBeanFactory - Returning cached instance of singleton bean 'org.springframework.boot.autoconfigure.jdbc.metadata.DataSourcePoolMetadataProvidersConfiguration'
2018-01-08 23:46:38 [main] DEBUG o.s.b.f.s.DefaultListableBeanFactory - Returning cached instance of singleton bean 'org.springframework.boot.autoconfigure.jdbc.DataSourceAutoConfiguration'
2018-01-08 23:46:38 [main] DEBUG o.s.b.f.s.DefaultListableBeanFactory - Returning cached instance of singleton bean 'dataSourceInitializer'
2018-01-08 23:46:38 [main] DEBUG o.s.b.f.s.DefaultListableBeanFactory - Returning cached instance of singleton bean 'spring.datasource-org.springframework.boot.autoconfigure.jdbc.DataSourceProperties'
2018-01-08 23:46:38 [main] DEBUG o.s.b.f.s.DefaultListableBeanFactory - Returning cached instance of singleton bean 'dataSourceInitializerPostProcessor'
2018-01-08 23:46:38 [main] DEBUG o.s.b.f.s.DefaultListableBeanFactory - Returning cached instance of singleton bean 'org.springframework.boot.autoconfigure.info.ProjectInfoAutoConfiguration'
2018-01-08 23:46:38 [main] DEBUG o.s.b.f.s.DefaultListableBeanFactory - Returning cached instance of singleton bean 'spring.info-org.springframework.boot.autoconfigure.info.ProjectInfoProperties'
2018-01-08 23:46:38 [main] DEBUG o.s.b.f.s.DefaultListableBeanFactory - Returning cached instance of singleton bean 'org.springframework.boot.actuate.autoconfigure.InfoContributorAutoConfiguration'
2018-01-08 23:46:38 [main] DEBUG o.s.b.f.s.DefaultListableBeanFactory - Returning cached instance of singleton bean 'envInfoContributor'
2018-01-08 23:46:38 [main] DEBUG o.s.b.f.s.DefaultListableBeanFactory - Returning cached instance of singleton bean 'management.info-org.springframework.boot.actuate.autoconfigure.InfoContributorProperties'
2018-01-08 23:46:38 [main] DEBUG o.s.b.f.s.DefaultListableBeanFactory - Returning cached instance of singleton bean 'org.springframework.boot.actuate.autoconfigure.HealthIndicatorAutoConfiguration$DiskSpaceHealthIndicatorConfiguration'
2018-01-08 23:46:38 [main] DEBUG o.s.b.f.s.DefaultListableBeanFactory - Returning cached instance of singleton bean 'diskSpaceHealthIndicator'
2018-01-08 23:46:38 [main] DEBUG o.s.b.f.s.DefaultListableBeanFactory - Returning cached instance of singleton bean 'diskSpaceHealthIndicatorProperties'
2018-01-08 23:46:38 [main] DEBUG o.s.b.f.s.DefaultListableBeanFactory - Returning cached instance of singleton bean 'org.springframework.boot.actuate.autoconfigure.HealthIndicatorAutoConfiguration$DataSourcesHealthIndicatorConfiguration'
2018-01-08 23:46:38 [main] DEBUG o.s.b.f.s.DefaultListableBeanFactory - Returning cached instance of singleton bean 'dbHealthIndicator'
2018-01-08 23:46:38 [main] DEBUG o.s.b.f.s.DefaultListableBeanFactory - Returning cached instance of singleton bean 'org.springframework.boot.actuate.autoconfigure.HealthIndicatorAutoConfiguration'
2018-01-08 23:46:38 [main] DEBUG o.s.b.f.s.DefaultListableBeanFactory - Returning cached instance of singleton bean 'healthAggregator'
2018-01-08 23:46:38 [main] DEBUG o.s.b.f.s.DefaultListableBeanFactory - Returning cached instance of singleton bean 'management.health.status-org.springframework.boot.actuate.autoconfigure.HealthIndicatorProperties'
2018-01-08 23:46:38 [main] DEBUG o.s.b.f.s.DefaultListableBeanFactory - Returning cached instance of singleton bean 'org.springframework.boot.actuate.autoconfigure.MetricRepositoryAutoConfiguration$FastMetricServicesConfiguration'
2018-01-08 23:46:38 [main] DEBUG o.s.b.f.s.DefaultListableBeanFactory - Returning cached instance of singleton bean 'counterBuffers'
2018-01-08 23:46:38 [main] DEBUG o.s.b.f.s.DefaultListableBeanFactory - Returning cached instance of singleton bean 'gaugeBuffers'
2018-01-08 23:46:38 [main] DEBUG o.s.b.f.s.DefaultListableBeanFactory - Returning cached instance of singleton bean 'actuatorMetricReader'
2018-01-08 23:46:38 [main] DEBUG o.s.b.f.s.DefaultListableBeanFactory - Returning cached instance of singleton bean 'counterService'
2018-01-08 23:46:38 [main] DEBUG o.s.b.f.s.DefaultListableBeanFactory - Returning cached instance of singleton bean 'gaugeService'
2018-01-08 23:46:38 [main] DEBUG o.s.b.f.s.DefaultListableBeanFactory - Returning cached instance of singleton bean 'org.springframework.boot.actuate.autoconfigure.MetricRepositoryAutoConfiguration'
2018-01-08 23:46:38 [main] DEBUG o.s.b.f.s.DefaultListableBeanFactory - Returning cached instance of singleton bean 'org.springframework.boot.actuate.autoconfigure.PublicMetricsAutoConfiguration$TomcatMetricsConfiguration'
2018-01-08 23:46:38 [main] DEBUG o.s.b.f.s.DefaultListableBeanFactory - Returning cached instance of singleton bean 'tomcatPublicMetrics'
2018-01-08 23:46:38 [main] DEBUG o.s.b.f.s.DefaultListableBeanFactory - Returning cached instance of singleton bean 'org.springframework.boot.actuate.autoconfigure.PublicMetricsAutoConfiguration$DataSourceMetricsConfiguration'
2018-01-08 23:46:38 [main] DEBUG o.s.b.f.s.DefaultListableBeanFactory - Returning cached instance of singleton bean 'dataSourcePublicMetrics'
2018-01-08 23:46:38 [main] DEBUG o.s.b.f.s.DefaultListableBeanFactory - Returning cached instance of singleton bean 'org.springframework.boot.actuate.autoconfigure.PublicMetricsAutoConfiguration'
2018-01-08 23:46:38 [main] DEBUG o.s.b.f.s.DefaultListableBeanFactory - Returning cached instance of singleton bean 'systemPublicMetrics'
2018-01-08 23:46:38 [main] DEBUG o.s.b.f.s.DefaultListableBeanFactory - Returning cached instance of singleton bean 'metricReaderPublicMetrics'
2018-01-08 23:46:38 [main] DEBUG o.s.b.f.s.DefaultListableBeanFactory - Returning cached instance of singleton bean 'org.springframework.boot.actuate.autoconfigure.EndpointAutoConfiguration$RequestMappingEndpointConfiguration'
2018-01-08 23:46:38 [main] DEBUG o.s.b.f.s.DefaultListableBeanFactory - Returning cached instance of singleton bean 'requestMappingEndpoint'
2018-01-08 23:46:38 [main] DEBUG o.s.b.f.s.DefaultListableBeanFactory - Returning cached instance of singleton bean 'org.springframework.boot.actuate.autoconfigure.EndpointAutoConfiguration'
2018-01-08 23:46:38 [main] DEBUG o.s.b.f.s.DefaultListableBeanFactory - Returning cached instance of singleton bean 'environmentEndpoint'
2018-01-08 23:46:38 [main] DEBUG o.s.b.f.s.DefaultListableBeanFactory - Returning cached instance of singleton bean 'healthEndpoint'
2018-01-08 23:46:38 [main] DEBUG o.s.b.f.s.DefaultListableBeanFactory - Returning cached instance of singleton bean 'beansEndpoint'
2018-01-08 23:46:38 [main] DEBUG o.s.b.f.s.DefaultListableBeanFactory - Returning cached instance of singleton bean 'infoEndpoint'
2018-01-08 23:46:38 [main] DEBUG o.s.b.f.s.DefaultListableBeanFactory - Returning cached instance of singleton bean 'metricsEndpoint'
2018-01-08 23:46:38 [main] DEBUG o.s.b.f.s.DefaultListableBeanFactory - Returning cached instance of singleton bean 'traceEndpoint'
2018-01-08 23:46:38 [main] DEBUG o.s.b.f.s.DefaultListableBeanFactory - Returning cached instance of singleton bean 'dumpEndpoint'
2018-01-08 23:46:38 [main] DEBUG o.s.b.f.s.DefaultListableBeanFactory - Returning cached instance of singleton bean 'autoConfigurationReportEndpoint'
2018-01-08 23:46:38 [main] DEBUG o.s.b.f.s.DefaultListableBeanFactory - Returning cached instance of singleton bean 'shutdownEndpoint'
2018-01-08 23:46:38 [main] DEBUG o.s.b.f.s.DefaultListableBeanFactory - Returning cached instance of singleton bean 'configurationPropertiesReportEndpoint'
2018-01-08 23:46:38 [main] DEBUG o.s.b.f.s.DefaultListableBeanFactory - Returning cached instance of singleton bean 'endpoints-org.springframework.boot.actuate.endpoint.EndpointProperties'
2018-01-08 23:46:38 [main] DEBUG o.s.b.f.s.DefaultListableBeanFactory - Returning cached instance of singleton bean 'org.springframework.boot.autoconfigure.web.ServerPropertiesAutoConfiguration'
2018-01-08 23:46:38 [main] DEBUG o.s.b.f.s.DefaultListableBeanFactory - Returning cached instance of singleton bean 'serverProperties'
2018-01-08 23:46:38 [main] DEBUG o.s.b.f.s.DefaultListableBeanFactory - Returning cached instance of singleton bean 'duplicateServerPropertiesDetector'
2018-01-08 23:46:38 [main] DEBUG o.s.b.f.s.DefaultListableBeanFactory - Returning cached instance of singleton bean 'org.springframework.boot.actuate.autoconfigure.ManagementServerPropertiesAutoConfiguration'
2018-01-08 23:46:38 [main] DEBUG o.s.b.f.s.DefaultListableBeanFactory - Returning cached instance of singleton bean 'managementServerProperties'
2018-01-08 23:46:38 [main] DEBUG o.s.b.f.s.DefaultListableBeanFactory - Returning cached instance of singleton bean 'org.springframework.boot.autoconfigure.web.HttpMessageConvertersAutoConfiguration$StringHttpMessageConverterConfiguration'
2018-01-08 23:46:38 [main] DEBUG o.s.b.f.s.DefaultListableBeanFactory - Returning cached instance of singleton bean 'stringHttpMessageConverter'
2018-01-08 23:46:38 [main] DEBUG o.s.b.f.s.DefaultListableBeanFactory - Returning cached instance of singleton bean 'spring.http.encoding-org.springframework.boot.autoconfigure.web.HttpEncodingProperties'
2018-01-08 23:46:38 [main] DEBUG o.s.b.f.s.DefaultListableBeanFactory - Returning cached instance of singleton bean 'org.springframework.boot.autoconfigure.web.JacksonHttpMessageConvertersConfiguration$MappingJackson2XmlHttpMessageConverterConfiguration'
2018-01-08 23:46:38 [main] DEBUG o.s.b.f.s.DefaultListableBeanFactory - Returning cached instance of singleton bean 'mappingJackson2XmlHttpMessageConverter'
2018-01-08 23:46:38 [main] DEBUG o.s.b.f.s.DefaultListableBeanFactory - Returning cached instance of singleton bean 'org.springframework.boot.autoconfigure.web.JacksonHttpMessageConvertersConfiguration$MappingJackson2HttpMessageConverterConfiguration'
2018-01-08 23:46:38 [main] DEBUG o.s.b.f.s.DefaultListableBeanFactory - Returning cached instance of singleton bean 'mappingJackson2HttpMessageConverter'
2018-01-08 23:46:38 [main] DEBUG o.s.b.f.s.DefaultListableBeanFactory - Returning cached instance of singleton bean 'org.springframework.boot.autoconfigure.web.JacksonHttpMessageConvertersConfiguration'
2018-01-08 23:46:38 [main] DEBUG o.s.b.f.s.DefaultListableBeanFactory - Returning cached instance of singleton bean 'org.springframework.boot.autoconfigure.web.HttpMessageConvertersAutoConfiguration'
2018-01-08 23:46:38 [main] DEBUG o.s.b.f.s.DefaultListableBeanFactory - Returning cached instance of singleton bean 'messageConverters'
2018-01-08 23:46:38 [main] DEBUG o.s.b.f.s.DefaultListableBeanFactory - Returning cached instance of singleton bean 'org.springframework.boot.actuate.autoconfigure.EndpointWebMvcManagementContextConfiguration'
2018-01-08 23:46:38 [main] DEBUG o.s.b.f.s.DefaultListableBeanFactory - Returning cached instance of singleton bean 'endpointHandlerMapping'
2018-01-08 23:46:38 [main] DEBUG o.s.b.f.s.DefaultListableBeanFactory - Returning cached instance of singleton bean 'mvcEndpoints'
2018-01-08 23:46:38 [main] DEBUG o.s.b.f.s.DefaultListableBeanFactory - Returning cached instance of singleton bean 'environmentMvcEndpoint'
2018-01-08 23:46:38 [main] DEBUG o.s.b.f.s.DefaultListableBeanFactory - Returning cached instance of singleton bean 'heapdumpMvcEndpoint'
2018-01-08 23:46:38 [main] DEBUG o.s.b.f.s.DefaultListableBeanFactory - Returning cached instance of singleton bean 'healthMvcEndpoint'
2018-01-08 23:46:38 [main] DEBUG o.s.b.f.s.DefaultListableBeanFactory - Returning cached instance of singleton bean 'metricsMvcEndpoint'
2018-01-08 23:46:38 [main] DEBUG o.s.b.f.s.DefaultListableBeanFactory - Returning cached instance of singleton bean 'endpoints.health-org.springframework.boot.actuate.autoconfigure.HealthMvcEndpointProperties'
2018-01-08 23:46:38 [main] DEBUG o.s.b.f.s.DefaultListableBeanFactory - Returning cached instance of singleton bean 'endpoints.cors-org.springframework.boot.actuate.autoconfigure.EndpointCorsProperties'
2018-01-08 23:46:38 [main] DEBUG o.s.b.f.s.DefaultListableBeanFactory - Returning cached instance of singleton bean 'org.springframework.boot.actuate.autoconfigure.EndpointWebMvcAutoConfiguration$EndpointWebMvcConfiguration'
2018-01-08 23:46:38 [main] DEBUG o.s.b.f.s.DefaultListableBeanFactory - Returning cached instance of singleton bean 'org.springframework.boot.actuate.autoconfigure.EndpointWebMvcAutoConfiguration$ApplicationContextFilterConfiguration'
2018-01-08 23:46:38 [main] DEBUG o.s.b.f.s.DefaultListableBeanFactory - Returning cached instance of singleton bean 'applicationContextIdFilter'
2018-01-08 23:46:38 [main] DEBUG o.s.b.f.s.DefaultListableBeanFactory - Returning cached instance of singleton bean 'org.springframework.boot.actuate.autoconfigure.EndpointWebMvcAutoConfiguration'
2018-01-08 23:46:38 [main] DEBUG o.s.b.f.s.DefaultListableBeanFactory - Returning cached instance of singleton bean 'managementContextResolver'
2018-01-08 23:46:38 [main] DEBUG o.s.b.f.s.DefaultListableBeanFactory - Returning cached instance of singleton bean 'managementServletContext'
2018-01-08 23:46:38 [main] DEBUG o.s.b.f.s.DefaultListableBeanFactory - Returning cached instance of singleton bean 'org.springframework.boot.actuate.autoconfigure.MetricExportAutoConfiguration$MetricExportPropertiesConfiguration'
2018-01-08 23:46:38 [main] DEBUG o.s.b.f.s.DefaultListableBeanFactory - Returning cached instance of singleton bean 'spring.metrics.export-org.springframework.boot.actuate.metrics.export.MetricExportProperties'
2018-01-08 23:46:38 [main] DEBUG o.s.b.f.s.DefaultListableBeanFactory - Returning cached instance of singleton bean 'org.springframework.boot.actuate.autoconfigure.MetricExportAutoConfiguration$StatsdConfiguration'
2018-01-08 23:46:38 [main] DEBUG o.s.b.f.s.DefaultListableBeanFactory - Returning cached instance of singleton bean 'org.springframework.scheduling.annotation.SchedulingConfiguration'
2018-01-08 23:46:38 [main] DEBUG o.s.b.f.s.DefaultListableBeanFactory - Returning cached instance of singleton bean 'org.springframework.context.annotation.internalScheduledAnnotationProcessor'
2018-01-08 23:46:38 [main] DEBUG o.s.b.f.s.DefaultListableBeanFactory - Returning cached instance of singleton bean 'org.springframework.boot.actuate.autoconfigure.MetricExportAutoConfiguration'
2018-01-08 23:46:38 [main] DEBUG o.s.b.f.s.DefaultListableBeanFactory - Returning cached instance of singleton bean 'metricWritersMetricExporter'
2018-01-08 23:46:38 [main] DEBUG o.s.b.f.s.DefaultListableBeanFactory - Returning cached instance of singleton bean 'org.springframework.boot.actuate.autoconfigure.MetricFilterAutoConfiguration'
2018-01-08 23:46:38 [main] DEBUG o.s.b.f.s.DefaultListableBeanFactory - Returning cached instance of singleton bean 'metricsFilter'
2018-01-08 23:46:38 [main] DEBUG o.s.b.f.s.DefaultListableBeanFactory - Returning cached instance of singleton bean 'endpoints.metrics.filter-org.springframework.boot.actuate.autoconfigure.MetricFilterProperties'
2018-01-08 23:46:38 [main] DEBUG o.s.b.f.s.DefaultListableBeanFactory - Returning cached instance of singleton bean 'org.springframework.boot.actuate.autoconfigure.TraceRepositoryAutoConfiguration'
2018-01-08 23:46:38 [main] DEBUG o.s.b.f.s.DefaultListableBeanFactory - Returning cached instance of singleton bean 'traceRepository'
2018-01-08 23:46:38 [main] DEBUG o.s.b.f.s.DefaultListableBeanFactory - Returning cached instance of singleton bean 'org.springframework.boot.actuate.autoconfigure.TraceWebFilterAutoConfiguration'
2018-01-08 23:46:38 [main] DEBUG o.s.b.f.s.DefaultListableBeanFactory - Returning cached instance of singleton bean 'webRequestLoggingFilter'
2018-01-08 23:46:38 [main] DEBUG o.s.b.f.s.DefaultListableBeanFactory - Returning cached instance of singleton bean 'management.trace-org.springframework.boot.actuate.trace.TraceProperties'
2018-01-08 23:46:38 [main] DEBUG o.s.b.f.s.DefaultListableBeanFactory - Returning cached instance of singleton bean 'org.springframework.boot.autoconfigure.context.ConfigurationPropertiesAutoConfiguration'
2018-01-08 23:46:38 [main] DEBUG o.s.b.f.s.DefaultListableBeanFactory - Returning cached instance of singleton bean 'org.springframework.boot.autoconfigure.dao.PersistenceExceptionTranslationAutoConfiguration'
2018-01-08 23:46:38 [main] DEBUG o.s.b.f.s.DefaultListableBeanFactory - Returning cached instance of singleton bean 'persistenceExceptionTranslationPostProcessor'
2018-01-08 23:46:38 [main] DEBUG o.s.b.f.s.DefaultListableBeanFactory - Returning cached instance of singleton bean 'org.springframework.transaction.annotation.ProxyTransactionManagementConfiguration'
2018-01-08 23:46:38 [main] DEBUG o.s.b.f.s.DefaultListableBeanFactory - Returning cached instance of singleton bean 'org.springframework.transaction.config.internalTransactionAdvisor'
2018-01-08 23:46:38 [main] DEBUG o.s.b.f.s.DefaultListableBeanFactory - Returning cached instance of singleton bean 'transactionAttributeSource'
2018-01-08 23:46:38 [main] DEBUG o.s.b.f.s.DefaultListableBeanFactory - Returning cached instance of singleton bean 'transactionInterceptor'
2018-01-08 23:46:38 [main] DEBUG o.s.b.f.s.DefaultListableBeanFactory - Returning cached instance of singleton bean 'org.springframework.transaction.config.internalTransactionalEventListenerFactory'
2018-01-08 23:46:38 [main] DEBUG o.s.b.f.s.DefaultListableBeanFactory - Returning cached instance of singleton bean 'org.springframework.boot.autoconfigure.jdbc.DataSourceTransactionManagerAutoConfiguration$TransactionManagementConfiguration'
2018-01-08 23:46:38 [main] DEBUG o.s.b.f.s.DefaultListableBeanFactory - Returning cached instance of singleton bean 'org.springframework.aop.config.internalAutoProxyCreator'
2018-01-08 23:46:38 [main] DEBUG o.s.b.f.s.DefaultListableBeanFactory - Returning cached instance of singleton bean 'org.springframework.boot.autoconfigure.jdbc.DataSourceTransactionManagerAutoConfiguration$DataSourceTransactionManagerConfiguration'
2018-01-08 23:46:38 [main] DEBUG o.s.b.f.s.DefaultListableBeanFactory - Returning cached instance of singleton bean 'transactionManager'
2018-01-08 23:46:38 [main] DEBUG o.s.b.f.s.DefaultListableBeanFactory - Returning cached instance of singleton bean 'org.springframework.boot.autoconfigure.jdbc.DataSourceTransactionManagerAutoConfiguration'
2018-01-08 23:46:38 [main] DEBUG o.s.b.f.s.DefaultListableBeanFactory - Returning cached instance of singleton bean 'org.springframework.boot.autoconfigure.jdbc.JdbcTemplateAutoConfiguration'
2018-01-08 23:46:38 [main] DEBUG o.s.b.f.s.DefaultListableBeanFactory - Returning cached instance of singleton bean 'jdbcTemplate'
2018-01-08 23:46:38 [main] DEBUG o.s.b.f.s.DefaultListableBeanFactory - Returning cached instance of singleton bean 'namedParameterJdbcTemplate'
2018-01-08 23:46:38 [main] DEBUG o.s.b.f.s.DefaultListableBeanFactory - Returning cached instance of singleton bean 'org.springframework.boot.autoconfigure.transaction.TransactionAutoConfiguration'
2018-01-08 23:46:38 [main] DEBUG o.s.b.f.s.DefaultListableBeanFactory - Returning cached instance of singleton bean 'transactionTemplate'
2018-01-08 23:46:38 [main] DEBUG o.s.b.f.s.DefaultListableBeanFactory - Returning cached instance of singleton bean 'org.springframework.boot.autoconfigure.web.HttpEncodingAutoConfiguration'
2018-01-08 23:46:38 [main] DEBUG o.s.b.f.s.DefaultListableBeanFactory - Returning cached instance of singleton bean 'characterEncodingFilter'
2018-01-08 23:46:38 [main] DEBUG o.s.b.f.s.DefaultListableBeanFactory - Returning cached instance of singleton bean 'localeCharsetMappingsCustomizer'
2018-01-08 23:46:38 [main] DEBUG o.s.b.f.s.DefaultListableBeanFactory - Returning cached instance of singleton bean 'org.springframework.boot.autoconfigure.web.MultipartAutoConfiguration'
2018-01-08 23:46:38 [main] DEBUG o.s.b.f.s.DefaultListableBeanFactory - Returning cached instance of singleton bean 'multipartConfigElement'
2018-01-08 23:46:38 [main] DEBUG o.s.b.f.s.DefaultListableBeanFactory - Returning cached instance of singleton bean 'multipartResolver'
2018-01-08 23:46:38 [main] DEBUG o.s.b.f.s.DefaultListableBeanFactory - Returning cached instance of singleton bean 'spring.http.multipart-org.springframework.boot.autoconfigure.web.MultipartProperties'
2018-01-08 23:46:38 [main] DEBUG o.s.b.f.s.DefaultListableBeanFactory - Returning cached instance of singleton bean 'org.springframework.boot.autoconfigure.web.WebClientAutoConfiguration$RestTemplateConfiguration'
2018-01-08 23:46:38 [main] DEBUG o.s.b.f.s.DefaultListableBeanFactory - Returning cached instance of singleton bean 'restTemplateBuilder'
2018-01-08 23:46:38 [main] DEBUG o.s.b.f.s.DefaultListableBeanFactory - Returning cached instance of singleton bean 'org.springframework.boot.autoconfigure.web.WebClientAutoConfiguration'
2018-01-08 23:46:38 [main] DEBUG o.s.b.f.s.DefaultListableBeanFactory - Returning cached instance of singleton bean 'org.springframework.cloud.autoconfigure.ConfigurationPropertiesRebinderAutoConfiguration'
2018-01-08 23:46:38 [main] DEBUG o.s.b.f.s.DefaultListableBeanFactory - Returning cached instance of singleton bean 'configurationPropertiesBeans'
2018-01-08 23:46:38 [main] DEBUG o.s.b.f.s.DefaultListableBeanFactory - Returning cached instance of singleton bean 'configurationPropertiesRebinder'
2018-01-08 23:46:38 [main] DEBUG o.s.b.f.s.DefaultListableBeanFactory - Returning cached instance of singleton bean 'org.springframework.cloud.autoconfigure.RefreshEndpointAutoConfiguration$RefreshEndpointConfiguration'
2018-01-08 23:46:38 [main] DEBUG o.s.b.f.s.DefaultListableBeanFactory - Returning cached instance of singleton bean 'refreshEndpoint'
2018-01-08 23:46:38 [main] DEBUG o.s.b.f.s.DefaultListableBeanFactory - Returning cached instance of singleton bean 'refreshEventListener'
2018-01-08 23:46:38 [main] DEBUG o.s.b.f.s.DefaultListableBeanFactory - Returning cached instance of singleton bean 'org.springframework.cloud.autoconfigure.RefreshEndpointAutoConfiguration$RestartEndpointWithoutIntegration'
2018-01-08 23:46:38 [main] DEBUG o.s.b.f.s.DefaultListableBeanFactory - Returning cached instance of singleton bean 'restartEndpoint'
2018-01-08 23:46:38 [main] DEBUG o.s.b.f.s.DefaultListableBeanFactory - Returning cached instance of singleton bean 'org.springframework.cloud.autoconfigure.RefreshEndpointAutoConfiguration'
2018-01-08 23:46:38 [main] DEBUG o.s.b.f.s.DefaultListableBeanFactory - Returning cached instance of singleton bean 'refreshScopeHealthIndicator'
2018-01-08 23:46:38 [main] DEBUG o.s.b.f.s.DefaultListableBeanFactory - Returning cached instance of singleton bean 'pauseEndpoint'
2018-01-08 23:46:38 [main] DEBUG o.s.b.f.s.DefaultListableBeanFactory - Returning cached instance of singleton bean 'resumeEndpoint'
2018-01-08 23:46:38 [main] DEBUG o.s.b.f.s.DefaultListableBeanFactory - Returning cached instance of singleton bean 'org.springframework.cloud.autoconfigure.LifecycleMvcEndpointAutoConfiguration'
2018-01-08 23:46:38 [main] DEBUG o.s.b.f.s.DefaultListableBeanFactory - Returning cached instance of singleton bean 'environmentManagerEndpoint'
2018-01-08 23:46:38 [main] DEBUG o.s.b.f.s.DefaultListableBeanFactory - Returning cached instance of singleton bean 'refreshMvcEndpoint'
2018-01-08 23:46:38 [main] DEBUG o.s.b.f.s.DefaultListableBeanFactory - Returning cached instance of singleton bean 'restartMvcEndpoint'
2018-01-08 23:46:38 [main] DEBUG o.s.b.f.s.DefaultListableBeanFactory - Returning cached instance of singleton bean 'pauseMvcEndpoint'
2018-01-08 23:46:38 [main] DEBUG o.s.b.f.s.DefaultListableBeanFactory - Returning cached instance of singleton bean 'resumeMvcEndpoint'
2018-01-08 23:46:38 [main] DEBUG o.s.b.f.s.DefaultListableBeanFactory - Returning cached instance of singleton bean 'org.springframework.cloud.autoconfigure.RefreshAutoConfiguration$RefreshScopeConfiguration'
2018-01-08 23:46:38 [main] DEBUG o.s.b.f.s.DefaultListableBeanFactory - Returning cached instance of singleton bean 'org.springframework.cloud.autoconfigure.RefreshAutoConfiguration'
2018-01-08 23:46:38 [main] DEBUG o.s.b.f.s.DefaultListableBeanFactory - Returning cached instance of singleton bean 'loggingRebinder'
2018-01-08 23:46:38 [main] DEBUG o.s.b.f.s.DefaultListableBeanFactory - Returning cached instance of singleton bean 'environmentManager'
2018-01-08 23:46:38 [main] DEBUG o.s.b.f.s.DefaultListableBeanFactory - Returning cached instance of singleton bean 'contextRefresher'
2018-01-08 23:46:38 [main] DEBUG o.s.b.f.s.DefaultListableBeanFactory - Returning cached instance of singleton bean 'org.springframework.cloud.client.discovery.noop.NoopDiscoveryClientAutoConfiguration'
2018-01-08 23:46:38 [main] DEBUG o.s.b.f.s.DefaultListableBeanFactory - Returning cached instance of singleton bean 'discoveryClient'
2018-01-08 23:46:38 [main] DEBUG o.s.b.f.s.DefaultListableBeanFactory - Returning cached instance of singleton bean 'org.springframework.cloud.config.client.ConfigClientAutoConfiguration'
2018-01-08 23:46:38 [main] DEBUG o.s.b.f.s.DefaultListableBeanFactory - Returning cached instance of singleton bean 'configClientProperties'
2018-01-08 23:46:38 [main] DEBUG o.s.b.f.s.DefaultListableBeanFactory - Returning cached instance of singleton bean 'configClientHealthProperties'
2018-01-08 23:46:38 [main] DEBUG o.s.b.f.s.DefaultListableBeanFactory - Returning cached instance of singleton bean 'org.springframework.cloud.config.server.config.EnvironmentRepositoryConfiguration$DefaultEnvironmentWatch'
2018-01-08 23:46:38 [main] DEBUG o.s.b.f.s.DefaultListableBeanFactory - Returning cached instance of singleton bean 'environmentWatch'
2018-01-08 23:46:38 [main] DEBUG o.s.b.f.s.DefaultListableBeanFactory - Returning cached instance of singleton bean 'org.springframework.cloud.config.server.config.EnvironmentRepositoryConfiguration$GitRepositoryConfiguration'
2018-01-08 23:46:38 [main] DEBUG o.s.b.f.s.DefaultListableBeanFactory - Returning cached instance of singleton bean 'environmentRepository'
2018-01-08 23:46:38 [main] DEBUG o.s.b.f.s.DefaultListableBeanFactory - Returning cached instance of singleton bean 'org.springframework.cloud.config.server.config.EnvironmentRepositoryConfiguration'
2018-01-08 23:46:38 [main] DEBUG o.s.b.f.s.DefaultListableBeanFactory - Returning cached instance of singleton bean 'configServerHealthIndicator'
2018-01-08 23:46:38 [main] DEBUG o.s.b.f.s.DefaultListableBeanFactory - Returning cached instance of singleton bean 'org.springframework.cloud.config.server.config.ResourceRepositoryConfiguration'
2018-01-08 23:46:38 [main] DEBUG o.s.b.f.s.DefaultListableBeanFactory - Returning cached instance of singleton bean 'resourceRepository'
2018-01-08 23:46:38 [main] DEBUG o.s.b.f.s.DefaultListableBeanFactory - Returning cached instance of singleton bean 'spring.cloud.config.server-org.springframework.cloud.config.server.config.ConfigServerProperties'
2018-01-08 23:46:38 [main] DEBUG o.s.b.f.s.DefaultListableBeanFactory - Returning cached instance of singleton bean 'org.springframework.cloud.config.server.config.ConfigServerEncryptionConfiguration'
2018-01-08 23:46:38 [main] DEBUG o.s.b.f.s.DefaultListableBeanFactory - Returning cached instance of singleton bean 'encryptionController'
2018-01-08 23:46:38 [main] DEBUG o.s.b.f.s.DefaultListableBeanFactory - Returning cached instance of singleton bean 'org.springframework.cloud.config.server.config.ConfigServerMvcConfiguration'
2018-01-08 23:46:38 [main] DEBUG o.s.b.f.s.DefaultListableBeanFactory - Returning cached instance of singleton bean 'environmentController'
2018-01-08 23:46:38 [main] DEBUG o.s.b.f.s.DefaultListableBeanFactory - Returning cached instance of singleton bean 'resourceController'
2018-01-08 23:46:38 [main] DEBUG o.s.b.f.s.DefaultListableBeanFactory - Returning cached instance of singleton bean 'org.springframework.cloud.config.server.config.ConfigServerAutoConfiguration'
2018-01-08 23:46:38 [main] DEBUG o.s.b.f.s.DefaultListableBeanFactory - Returning cached instance of singleton bean 'org.springframework.cloud.config.server.config.EncryptionAutoConfiguration'
2018-01-08 23:46:38 [main] DEBUG o.s.b.f.s.DefaultListableBeanFactory - Returning cached instance of singleton bean 'encrypt-org.springframework.cloud.bootstrap.encrypt.KeyProperties'
2018-01-08 23:46:38 [main] DEBUG o.s.b.f.s.DefaultListableBeanFactory - Returning cached instance of singleton bean 'org.springframework.cloud.config.server.config.SingleEncryptorAutoConfiguration'
2018-01-08 23:46:38 [main] DEBUG o.s.b.f.s.DefaultListableBeanFactory - Returning cached instance of singleton bean 'textEncryptorLocator'
2018-01-08 23:46:38 [main] DEBUG o.s.b.f.s.DefaultListableBeanFactory - Returning cached instance of singleton bean 'refreshScope'
2018-01-08 23:46:38 [main] DEBUG o.s.b.f.s.DefaultListableBeanFactory - Returning cached instance of singleton bean 'com.myshop.products.common.logging.LoggingConfigListener'
2018-01-08 23:46:38 [main] DEBUG o.s.b.f.s.DefaultListableBeanFactory - Returning cached instance of singleton bean 'org.springframework.boot.test.mock.mockito.MockitoBeans'
2018-01-08 23:46:38 [main] DEBUG o.s.b.f.s.DefaultListableBeanFactory - Returning cached instance of singleton bean 'org.springframework.context.annotation.internalConfigurationAnnotationProcessor'
2018-01-08 23:46:38 [main] DEBUG o.s.b.f.s.DefaultListableBeanFactory - Returning cached instance of singleton bean 'org.springframework.context.annotation.internalAutowiredAnnotationProcessor'
2018-01-08 23:46:38 [main] DEBUG o.s.b.f.s.DefaultListableBeanFactory - Returning cached instance of singleton bean 'org.springframework.context.annotation.internalRequiredAnnotationProcessor'
2018-01-08 23:46:38 [main] DEBUG o.s.b.f.s.DefaultListableBeanFactory - Returning cached instance of singleton bean 'org.springframework.context.annotation.internalCommonAnnotationProcessor'
2018-01-08 23:46:38 [main] DEBUG o.s.b.f.s.DefaultListableBeanFactory - Returning cached instance of singleton bean 'org.springframework.context.event.internalEventListenerProcessor'
2018-01-08 23:46:38 [main] DEBUG o.s.b.f.s.DefaultListableBeanFactory - Returning cached instance of singleton bean 'org.springframework.context.event.internalEventListenerFactory'
2018-01-08 23:46:38 [main] DEBUG o.s.b.f.s.DefaultListableBeanFactory - Returning cached instance of singleton bean 'configServerBootstrapConfiguration'
2018-01-08 23:46:38 [main] DEBUG o.s.b.f.s.DefaultListableBeanFactory - Returning cached instance of singleton bean 'configServiceBootstrapConfiguration'
2018-01-08 23:46:38 [main] DEBUG o.s.b.f.s.DefaultListableBeanFactory - Returning cached instance of singleton bean 'propertySourceBootstrapConfiguration'
2018-01-08 23:46:38 [main] DEBUG o.s.b.f.s.DefaultListableBeanFactory - Returning cached instance of singleton bean 'encryptionBootstrapConfiguration'
2018-01-08 23:46:38 [main] DEBUG o.s.b.f.s.DefaultListableBeanFactory - Returning cached instance of singleton bean 'configurationPropertiesRebinderAutoConfiguration'
2018-01-08 23:46:38 [main] DEBUG o.s.b.f.s.DefaultListableBeanFactory - Returning cached instance of singleton bean 'propertyPlaceholderAutoConfiguration'
2018-01-08 23:46:38 [main] DEBUG o.s.b.f.s.DefaultListableBeanFactory - Returning cached instance of singleton bean 'org.springframework.boot.autoconfigure.internalCachingMetadataReaderFactory'
2018-01-08 23:46:38 [main] DEBUG o.s.b.f.s.DefaultListableBeanFactory - Returning cached instance of singleton bean 'org.springframework.context.annotation.ConfigurationClassPostProcessor.importAwareProcessor'
2018-01-08 23:46:38 [main] DEBUG o.s.b.f.s.DefaultListableBeanFactory - Returning cached instance of singleton bean 'org.springframework.context.annotation.ConfigurationClassPostProcessor.enhancedConfigurationProcessor'
2018-01-08 23:46:38 [main] DEBUG o.s.b.f.s.DefaultListableBeanFactory - Returning cached instance of singleton bean 'configClientProperties'
2018-01-08 23:46:38 [main] DEBUG o.s.b.f.s.DefaultListableBeanFactory - Returning cached instance of singleton bean 'org.springframework.boot.context.properties.ConfigurationPropertiesBindingPostProcessor'
2018-01-08 23:46:38 [main] DEBUG o.s.b.f.s.DefaultListableBeanFactory - Returning cached instance of singleton bean 'org.springframework.boot.context.properties.ConfigurationPropertiesBindingPostProcessor.store'
2018-01-08 23:46:38 [main] DEBUG o.s.b.f.s.DefaultListableBeanFactory - Returning cached instance of singleton bean 'spring.cloud.config-org.springframework.cloud.bootstrap.config.PropertySourceBootstrapProperties'
2018-01-08 23:46:38 [main] DEBUG o.s.b.f.s.DefaultListableBeanFactory - Returning cached instance of singleton bean 'org.springframework.cloud.bootstrap.encrypt.EncryptionBootstrapConfiguration$RsaEncryptionConfiguration'
2018-01-08 23:46:38 [main] DEBUG o.s.b.f.s.DefaultListableBeanFactory - Returning cached instance of singleton bean 'org.springframework.boot.autoconfigure.condition.BeanTypeRegistry'
2018-01-08 23:46:38 [main] DEBUG o.s.b.f.s.DefaultListableBeanFactory - Returning cached instance of singleton bean 'textEncryptor'
2018-01-08 23:46:38 [main] DEBUG o.s.b.f.s.DefaultListableBeanFactory - Returning cached instance of singleton bean 'environmentDecryptApplicationListener'
2018-01-08 23:46:38 [main] DEBUG o.s.b.f.s.DefaultListableBeanFactory - Returning cached instance of singleton bean 'encrypt-org.springframework.cloud.bootstrap.encrypt.KeyProperties'
2018-01-08 23:46:38 [main] DEBUG o.s.b.f.s.DefaultListableBeanFactory - Returning cached instance of singleton bean 'configurationPropertiesRebinder'
2018-01-08 23:46:38 [main] DEBUG o.s.b.f.s.DefaultListableBeanFactory - Returning cached instance of singleton bean 'configurationPropertiesBeans'
2018-01-08 23:46:38 [main] DEBUG o.s.b.f.s.DefaultListableBeanFactory - Returning cached instance of singleton bean 'propertySourcesPlaceholderConfigurer'
2018-01-08 23:46:38 [main] DEBUG o.s.t.c.s.AbstractDirtiesContextTestExecutionListener - After test method: context [DefaultTestContext@15d9bc04 testClass = ProductServiceIT, testInstance = com.myshop.products.ProductServiceIT@5423a17, testMethod = testCreateProduct@ProductServiceIT, testException = java.lang.AssertionError: 1 expectation failed.
Response body doesn't match expectation.
Expected: a string containing "success"
  Actual: 
, mergedContextConfiguration = [WebMergedContextConfiguration@473b46c3 testClass = ProductServiceIT, locations = '{}', classes = '{class com.myshop.products.ProductApp, class com.myshop.products.ProductApp}', contextInitializerClasses = '[]', activeProfiles = '{}', propertySourceLocations = '{}', propertySourceProperties = '{org.springframework.boot.test.context.SpringBootTestContextBootstrapper=true, server.port=0}', contextCustomizers = set[org.springframework.boot.test.context.SpringBootTestContextCustomizer@6e6c3152, org.springframework.boot.test.context.filter.ExcludeFilterContextCustomizer@32709393, org.springframework.boot.test.mock.mockito.MockitoContextCustomizer@0, org.springframework.boot.test.autoconfigure.properties.PropertyMappingContextCustomizer@0, org.springframework.boot.test.autoconfigure.web.servlet.WebDriverContextCustomizerFactory$Customizer@10bbd20a], resourceBasePath = 'src/main/webapp', contextLoader = 'org.springframework.boot.test.context.SpringBootContextLoader', parent = [null]]], class annotated with @DirtiesContext [false] with mode [null], method annotated with @DirtiesContext [false] with mode [null].
]]></system-out>
  </testcase>
  <testcase name="testModifyProduct" classname="com.myshop.products.ProductServiceIT" time="0.473">
    <failure message="1 expectation failed.&#10;Response body doesn&apos;t match expectation.&#10;Expected: a string containing &quot;success&quot;&#10;  Actual: &#10;" type="java.lang.AssertionError">java.lang.AssertionError: 1 expectation failed.
Response body doesn't match expectation.
Expected: a string containing "success"
  Actual: 

	at sun.reflect.NativeConstructorAccessorImpl.newInstance0(Native Method)
	at sun.reflect.NativeConstructorAccessorImpl.newInstance(NativeConstructorAccessorImpl.java:62)
	at sun.reflect.DelegatingConstructorAccessorImpl.newInstance(DelegatingConstructorAccessorImpl.java:45)
	at java.lang.reflect.Constructor.newInstance(Constructor.java:423)
	at org.codehaus.groovy.reflection.CachedConstructor.invoke(CachedConstructor.java:83)
	at org.codehaus.groovy.reflection.CachedConstructor.doConstructorInvoke(CachedConstructor.java:77)
	at org.codehaus.groovy.runtime.callsite.ConstructorSite$ConstructorSiteNoUnwrap.callConstructor(ConstructorSite.java:84)
	at org.codehaus.groovy.runtime.callsite.AbstractCallSite.callConstructor(AbstractCallSite.java:247)
	at com.jayway.restassured.internal.ResponseSpecificationImpl$HamcrestAssertionClosure.validate(ResponseSpecificationImpl.groovy:598)
	at com.jayway.restassured.internal.ResponseSpecificationImpl$HamcrestAssertionClosure$validate$1.call(Unknown Source)
	at com.jayway.restassured.internal.ResponseSpecificationImpl.validateResponseIfRequired(ResponseSpecificationImpl.groovy:760)
	at sun.reflect.NativeMethodAccessorImpl.invoke0(Native Method)
	at sun.reflect.NativeMethodAccessorImpl.invoke(NativeMethodAccessorImpl.java:62)
	at sun.reflect.DelegatingMethodAccessorImpl.invoke(DelegatingMethodAccessorImpl.java:43)
	at java.lang.reflect.Method.invoke(Method.java:498)
	at org.codehaus.groovy.runtime.callsite.PogoMetaMethodSite$PogoCachedMethodSiteNoUnwrapNoCoerce.invoke(PogoMetaMethodSite.java:210)
	at org.codehaus.groovy.runtime.callsite.PogoMetaMethodSite.callCurrent(PogoMetaMethodSite.java:59)
	at org.codehaus.groovy.runtime.callsite.AbstractCallSite.callCurrent(AbstractCallSite.java:166)
	at com.jayway.restassured.internal.ResponseSpecificationImpl.content(ResponseSpecificationImpl.groovy:92)
	at com.jayway.restassured.specification.ResponseSpecification$content$1.callCurrent(Unknown Source)
	at com.jayway.restassured.internal.ResponseSpecificationImpl.body(ResponseSpecificationImpl.groovy:230)
	at com.jayway.restassured.internal.ValidatableResponseOptionsImpl.body(ValidatableResponseOptionsImpl.java:258)
	at com.myshop.products.ProductServiceIT.testModifyProduct(ProductServiceIT.java:87)
</failure>
    <system-out><![CDATA[2018-01-08 23:46:38 [main] DEBUG o.s.t.annotation.ProfileValueUtils - Retrieved @ProfileValueSourceConfiguration [null] for test class [com.myshop.products.ProductServiceIT]
2018-01-08 23:46:38 [main] DEBUG o.s.t.annotation.ProfileValueUtils - Retrieved ProfileValueSource type [class org.springframework.test.annotation.SystemProfileValueSource] for class [com.myshop.products.ProductServiceIT]
2018-01-08 23:46:38 [main] DEBUG o.s.t.c.s.DependencyInjectionTestExecutionListener - Performing dependency injection for test context [[DefaultTestContext@15d9bc04 testClass = ProductServiceIT, testInstance = com.myshop.products.ProductServiceIT@6029f2a4, testMethod = [null], testException = [null], mergedContextConfiguration = [WebMergedContextConfiguration@473b46c3 testClass = ProductServiceIT, locations = '{}', classes = '{class com.myshop.products.ProductApp, class com.myshop.products.ProductApp}', contextInitializerClasses = '[]', activeProfiles = '{}', propertySourceLocations = '{}', propertySourceProperties = '{org.springframework.boot.test.context.SpringBootTestContextBootstrapper=true, server.port=0}', contextCustomizers = set[org.springframework.boot.test.context.SpringBootTestContextCustomizer@6e6c3152, org.springframework.boot.test.context.filter.ExcludeFilterContextCustomizer@32709393, org.springframework.boot.test.mock.mockito.MockitoContextCustomizer@0, org.springframework.boot.test.autoconfigure.properties.PropertyMappingContextCustomizer@0, org.springframework.boot.test.autoconfigure.web.servlet.WebDriverContextCustomizerFactory$Customizer@10bbd20a], resourceBasePath = 'src/main/webapp', contextLoader = 'org.springframework.boot.test.context.SpringBootContextLoader', parent = [null]]]].
2018-01-08 23:46:38 [main] DEBUG o.s.t.c.c.DefaultCacheAwareContextLoaderDelegate - Retrieved ApplicationContext from cache with key [[WebMergedContextConfiguration@473b46c3 testClass = ProductServiceIT, locations = '{}', classes = '{class com.myshop.products.ProductApp, class com.myshop.products.ProductApp}', contextInitializerClasses = '[]', activeProfiles = '{}', propertySourceLocations = '{}', propertySourceProperties = '{org.springframework.boot.test.context.SpringBootTestContextBootstrapper=true, server.port=0}', contextCustomizers = set[org.springframework.boot.test.context.SpringBootTestContextCustomizer@6e6c3152, org.springframework.boot.test.context.filter.ExcludeFilterContextCustomizer@32709393, org.springframework.boot.test.mock.mockito.MockitoContextCustomizer@0, org.springframework.boot.test.autoconfigure.properties.PropertyMappingContextCustomizer@0, org.springframework.boot.test.autoconfigure.web.servlet.WebDriverContextCustomizerFactory$Customizer@10bbd20a], resourceBasePath = 'src/main/webapp', contextLoader = 'org.springframework.boot.test.context.SpringBootContextLoader', parent = [null]]]
2018-01-08 23:46:38 [main] DEBUG o.springframework.test.context.cache - Spring test ApplicationContext cache statistics: [DefaultContextCache@50e5032c size = 1, maxSize = 32, parentContextCount = 0, hitCount = 17, missCount = 1]
2018-01-08 23:46:38 [main] DEBUG o.s.b.f.annotation.InjectionMetadata - Processing injected element of bean 'com.myshop.products.ProductServiceIT': AutowiredFieldElement for private int com.myshop.products.ProductServiceIT.port
2018-01-08 23:46:38 [main] DEBUG o.s.c.e.PropertySourcesPropertyResolver - Found key 'local.server.port' in [server.ports] with type [Integer]
2018-01-08 23:46:38 [main] DEBUG o.s.c.e.PropertySourcesPropertyResolver - Found key 'local.server.port' in [environmentProperties] with type [String]
2018-01-08 23:46:38 [main] DEBUG o.s.t.c.s.AbstractDirtiesContextTestExecutionListener - Before test method: context [DefaultTestContext@15d9bc04 testClass = ProductServiceIT, testInstance = com.myshop.products.ProductServiceIT@6029f2a4, testMethod = testModifyProduct@ProductServiceIT, testException = [null], mergedContextConfiguration = [WebMergedContextConfiguration@473b46c3 testClass = ProductServiceIT, locations = '{}', classes = '{class com.myshop.products.ProductApp, class com.myshop.products.ProductApp}', contextInitializerClasses = '[]', activeProfiles = '{}', propertySourceLocations = '{}', propertySourceProperties = '{org.springframework.boot.test.context.SpringBootTestContextBootstrapper=true, server.port=0}', contextCustomizers = set[org.springframework.boot.test.context.SpringBootTestContextCustomizer@6e6c3152, org.springframework.boot.test.context.filter.ExcludeFilterContextCustomizer@32709393, org.springframework.boot.test.mock.mockito.MockitoContextCustomizer@0, org.springframework.boot.test.autoconfigure.properties.PropertyMappingContextCustomizer@0, org.springframework.boot.test.autoconfigure.web.servlet.WebDriverContextCustomizerFactory$Customizer@10bbd20a], resourceBasePath = 'src/main/webapp', contextLoader = 'org.springframework.boot.test.context.SpringBootContextLoader', parent = [null]]], class annotated with @DirtiesContext [false] with mode [null], method annotated with @DirtiesContext [false] with mode [null].
2018-01-08 23:46:38 [main] DEBUG o.s.t.c.c.DefaultCacheAwareContextLoaderDelegate - Retrieved ApplicationContext from cache with key [[WebMergedContextConfiguration@473b46c3 testClass = ProductServiceIT, locations = '{}', classes = '{class com.myshop.products.ProductApp, class com.myshop.products.ProductApp}', contextInitializerClasses = '[]', activeProfiles = '{}', propertySourceLocations = '{}', propertySourceProperties = '{org.springframework.boot.test.context.SpringBootTestContextBootstrapper=true, server.port=0}', contextCustomizers = set[org.springframework.boot.test.context.SpringBootTestContextCustomizer@6e6c3152, org.springframework.boot.test.context.filter.ExcludeFilterContextCustomizer@32709393, org.springframework.boot.test.mock.mockito.MockitoContextCustomizer@0, org.springframework.boot.test.autoconfigure.properties.PropertyMappingContextCustomizer@0, org.springframework.boot.test.autoconfigure.web.servlet.WebDriverContextCustomizerFactory$Customizer@10bbd20a], resourceBasePath = 'src/main/webapp', contextLoader = 'org.springframework.boot.test.context.SpringBootContextLoader', parent = [null]]]
2018-01-08 23:46:38 [main] DEBUG o.springframework.test.context.cache - Spring test ApplicationContext cache statistics: [DefaultContextCache@50e5032c size = 1, maxSize = 32, parentContextCount = 0, hitCount = 18, missCount = 1]
2018-01-08 23:46:38 [main] DEBUG o.s.b.f.s.DefaultListableBeanFactory - Returning cached instance of singleton bean 'org.springframework.context.annotation.internalConfigurationAnnotationProcessor'
2018-01-08 23:46:38 [main] DEBUG o.s.b.f.s.DefaultListableBeanFactory - Returning cached instance of singleton bean 'org.springframework.context.annotation.internalAutowiredAnnotationProcessor'
2018-01-08 23:46:38 [main] DEBUG o.s.b.f.s.DefaultListableBeanFactory - Returning cached instance of singleton bean 'org.springframework.context.annotation.internalRequiredAnnotationProcessor'
2018-01-08 23:46:38 [main] DEBUG o.s.b.f.s.DefaultListableBeanFactory - Returning cached instance of singleton bean 'org.springframework.context.annotation.internalCommonAnnotationProcessor'
2018-01-08 23:46:38 [main] DEBUG o.s.b.f.s.DefaultListableBeanFactory - Returning cached instance of singleton bean 'org.springframework.context.event.internalEventListenerProcessor'
2018-01-08 23:46:38 [main] DEBUG o.s.b.f.s.DefaultListableBeanFactory - Returning cached instance of singleton bean 'org.springframework.context.event.internalEventListenerFactory'
2018-01-08 23:46:38 [main] DEBUG o.s.b.f.s.DefaultListableBeanFactory - Returning cached instance of singleton bean 'testRestTemplate'
2018-01-08 23:46:38 [main] DEBUG o.s.b.f.s.DefaultListableBeanFactory - Returning cached instance of singleton bean 'org.springframework.boot.test.mock.mockito.MockitoPostProcessor$SpyPostProcessor'
2018-01-08 23:46:38 [main] DEBUG o.s.b.f.s.DefaultListableBeanFactory - Returning cached instance of singleton bean 'org.springframework.boot.test.mock.mockito.MockitoPostProcessor'
2018-01-08 23:46:38 [main] DEBUG o.s.b.f.s.DefaultListableBeanFactory - Returning cached instance of singleton bean 'productApp'
2018-01-08 23:46:38 [main] DEBUG o.s.b.f.s.DefaultListableBeanFactory - Returning cached instance of singleton bean 'org.springframework.boot.autoconfigure.internalCachingMetadataReaderFactory'
2018-01-08 23:46:38 [main] DEBUG o.s.b.f.s.DefaultListableBeanFactory - Returning cached instance of singleton bean 'org.springframework.context.annotation.ConfigurationClassPostProcessor.importAwareProcessor'
2018-01-08 23:46:38 [main] DEBUG o.s.b.f.s.DefaultListableBeanFactory - Returning cached instance of singleton bean 'org.springframework.context.annotation.ConfigurationClassPostProcessor.enhancedConfigurationProcessor'
2018-01-08 23:46:38 [main] DEBUG o.s.b.f.s.DefaultListableBeanFactory - Returning cached instance of singleton bean 'commonConfig'
2018-01-08 23:46:38 [main] DEBUG o.s.b.f.s.DefaultListableBeanFactory - Returning cached instance of singleton bean 'productController'
2018-01-08 23:46:38 [main] DEBUG o.s.b.f.s.DefaultListableBeanFactory - Returning cached instance of singleton bean 'productDAOImpl'
2018-01-08 23:46:38 [main] DEBUG o.s.b.f.s.DefaultListableBeanFactory - Returning cached instance of singleton bean 'productServiceImpl'
2018-01-08 23:46:38 [main] DEBUG o.s.b.f.s.DefaultListableBeanFactory - Returning cached instance of singleton bean 'myShopControllerAdvice'
2018-01-08 23:46:38 [main] DEBUG o.s.b.f.s.DefaultListableBeanFactory - Returning cached instance of singleton bean 'loggerfilter'
2018-01-08 23:46:38 [main] DEBUG o.s.b.f.s.DefaultListableBeanFactory - Returning cached instance of singleton bean 'servletComponentRegisteringPostProcessor'
2018-01-08 23:46:38 [main] DEBUG o.s.b.f.s.DefaultListableBeanFactory - Returning cached instance of singleton bean 'org.springframework.cloud.config.server.config.ConfigServerConfiguration'
2018-01-08 23:46:38 [main] DEBUG o.s.b.f.s.DefaultListableBeanFactory - Returning cached instance of singleton bean 'enableConfigServerMarker'
2018-01-08 23:46:38 [main] DEBUG o.s.b.f.s.DefaultListableBeanFactory - Returning cached instance of singleton bean 'org.springframework.boot.autoconfigure.AutoConfigurationPackages'
2018-01-08 23:46:38 [main] DEBUG o.s.b.f.s.DefaultListableBeanFactory - Returning cached instance of singleton bean 'org.springframework.boot.autoconfigure.PropertyPlaceholderAutoConfiguration'
2018-01-08 23:46:38 [main] DEBUG o.s.b.f.s.DefaultListableBeanFactory - Returning cached instance of singleton bean 'org.springframework.boot.autoconfigure.condition.BeanTypeRegistry'
2018-01-08 23:46:38 [main] DEBUG o.s.b.f.s.DefaultListableBeanFactory - Returning cached instance of singleton bean 'propertySourcesPlaceholderConfigurer'
2018-01-08 23:46:38 [main] DEBUG o.s.b.f.s.DefaultListableBeanFactory - Returning cached instance of singleton bean 'org.springframework.boot.autoconfigure.jackson.JacksonAutoConfiguration$Jackson2ObjectMapperBuilderCustomizerConfiguration'
2018-01-08 23:46:38 [main] DEBUG o.s.b.f.s.DefaultListableBeanFactory - Returning cached instance of singleton bean 'standardJacksonObjectMapperBuilderCustomizer'
2018-01-08 23:46:38 [main] DEBUG o.s.b.f.s.DefaultListableBeanFactory - Returning cached instance of singleton bean 'spring.jackson-org.springframework.boot.autoconfigure.jackson.JacksonProperties'
2018-01-08 23:46:38 [main] DEBUG o.s.b.f.s.DefaultListableBeanFactory - Returning cached instance of singleton bean 'org.springframework.boot.context.properties.ConfigurationPropertiesBindingPostProcessor'
2018-01-08 23:46:38 [main] DEBUG o.s.b.f.s.DefaultListableBeanFactory - Returning cached instance of singleton bean 'org.springframework.boot.context.properties.ConfigurationPropertiesBindingPostProcessor.store'
2018-01-08 23:46:38 [main] DEBUG o.s.b.f.s.DefaultListableBeanFactory - Returning cached instance of singleton bean 'org.springframework.boot.autoconfigure.jackson.JacksonAutoConfiguration$JacksonObjectMapperBuilderConfiguration'
2018-01-08 23:46:38 [main] DEBUG o.s.b.f.s.DefaultListableBeanFactory - Returning cached instance of singleton bean 'jacksonObjectMapperBuilder'
2018-01-08 23:46:38 [main] DEBUG o.s.b.f.s.DefaultListableBeanFactory - Returning cached instance of singleton bean 'org.springframework.boot.autoconfigure.jackson.JacksonAutoConfiguration$JacksonObjectMapperConfiguration'
2018-01-08 23:46:38 [main] DEBUG o.s.b.f.s.DefaultListableBeanFactory - Returning cached instance of singleton bean 'jacksonObjectMapper'
2018-01-08 23:46:38 [main] DEBUG o.s.b.f.s.DefaultListableBeanFactory - Returning cached instance of singleton bean 'org.springframework.boot.autoconfigure.jackson.JacksonAutoConfiguration'
2018-01-08 23:46:38 [main] DEBUG o.s.b.f.s.DefaultListableBeanFactory - Returning cached instance of singleton bean 'jsonComponentModule'
2018-01-08 23:46:38 [main] DEBUG o.s.b.f.s.DefaultListableBeanFactory - Returning cached instance of singleton bean 'org.springframework.boot.autoconfigure.websocket.WebSocketAutoConfiguration$TomcatWebSocketConfiguration'
2018-01-08 23:46:38 [main] DEBUG o.s.b.f.s.DefaultListableBeanFactory - Returning cached instance of singleton bean 'websocketContainerCustomizer'
2018-01-08 23:46:38 [main] DEBUG o.s.b.f.s.DefaultListableBeanFactory - Returning cached instance of singleton bean 'org.springframework.boot.autoconfigure.websocket.WebSocketAutoConfiguration'
2018-01-08 23:46:38 [main] DEBUG o.s.b.f.s.DefaultListableBeanFactory - Returning cached instance of singleton bean 'org.springframework.boot.autoconfigure.web.EmbeddedServletContainerAutoConfiguration$EmbeddedTomcat'
2018-01-08 23:46:38 [main] DEBUG o.s.b.f.s.DefaultListableBeanFactory - Returning cached instance of singleton bean 'tomcatEmbeddedServletContainerFactory'
2018-01-08 23:46:38 [main] DEBUG o.s.b.f.s.DefaultListableBeanFactory - Returning cached instance of singleton bean 'org.springframework.boot.autoconfigure.web.EmbeddedServletContainerAutoConfiguration'
2018-01-08 23:46:38 [main] DEBUG o.s.b.f.s.DefaultListableBeanFactory - Returning cached instance of singleton bean 'embeddedServletContainerCustomizerBeanPostProcessor'
2018-01-08 23:46:38 [main] DEBUG o.s.b.f.s.DefaultListableBeanFactory - Returning cached instance of singleton bean 'errorPageRegistrarBeanPostProcessor'
2018-01-08 23:46:38 [main] DEBUG o.s.b.f.s.DefaultListableBeanFactory - Returning cached instance of singleton bean 'org.springframework.boot.autoconfigure.web.DispatcherServletAutoConfiguration$DispatcherServletConfiguration'
2018-01-08 23:46:38 [main] DEBUG o.s.b.f.s.DefaultListableBeanFactory - Returning cached instance of singleton bean 'dispatcherServlet'
2018-01-08 23:46:38 [main] DEBUG o.s.b.f.s.DefaultListableBeanFactory - Returning cached instance of singleton bean 'spring.mvc-org.springframework.boot.autoconfigure.web.WebMvcProperties'
2018-01-08 23:46:38 [main] DEBUG o.s.b.f.s.DefaultListableBeanFactory - Returning cached instance of singleton bean 'org.springframework.boot.autoconfigure.web.DispatcherServletAutoConfiguration$DispatcherServletRegistrationConfiguration'
2018-01-08 23:46:38 [main] DEBUG o.s.b.f.s.DefaultListableBeanFactory - Returning cached instance of singleton bean 'dispatcherServletRegistration'
2018-01-08 23:46:38 [main] DEBUG o.s.b.f.s.DefaultListableBeanFactory - Returning cached instance of singleton bean 'org.springframework.boot.autoconfigure.web.DispatcherServletAutoConfiguration'
2018-01-08 23:46:38 [main] DEBUG o.s.b.f.s.DefaultListableBeanFactory - Returning cached instance of singleton bean 'org.springframework.boot.autoconfigure.web.ErrorMvcAutoConfiguration$WhitelabelErrorViewConfiguration'
2018-01-08 23:46:38 [main] DEBUG o.s.b.f.s.DefaultListableBeanFactory - Returning cached instance of singleton bean 'error'
2018-01-08 23:46:38 [main] DEBUG o.s.b.f.s.DefaultListableBeanFactory - Returning cached instance of singleton bean 'beanNameViewResolver'
2018-01-08 23:46:38 [main] DEBUG o.s.b.f.s.DefaultListableBeanFactory - Returning cached instance of singleton bean 'org.springframework.boot.autoconfigure.web.ErrorMvcAutoConfiguration'
2018-01-08 23:46:38 [main] DEBUG o.s.b.f.s.DefaultListableBeanFactory - Returning cached instance of singleton bean 'errorAttributes'
2018-01-08 23:46:38 [main] DEBUG o.s.b.f.s.DefaultListableBeanFactory - Returning cached instance of singleton bean 'basicErrorController'
2018-01-08 23:46:38 [main] DEBUG o.s.b.f.s.DefaultListableBeanFactory - Returning cached instance of singleton bean 'errorPageCustomizer'
2018-01-08 23:46:38 [main] DEBUG o.s.b.f.s.DefaultListableBeanFactory - Returning cached instance of singleton bean 'conventionErrorViewResolver'
2018-01-08 23:46:38 [main] DEBUG o.s.b.f.s.DefaultListableBeanFactory - Returning cached instance of singleton bean 'preserveErrorControllerTargetClassPostProcessor'
2018-01-08 23:46:38 [main] DEBUG o.s.b.f.s.DefaultListableBeanFactory - Returning cached instance of singleton bean 'spring.resources-org.springframework.boot.autoconfigure.web.ResourceProperties'
2018-01-08 23:46:38 [main] DEBUG o.s.b.f.s.DefaultListableBeanFactory - Returning cached instance of singleton bean 'org.springframework.boot.autoconfigure.web.WebMvcAutoConfiguration$EnableWebMvcConfiguration'
2018-01-08 23:46:38 [main] DEBUG o.s.b.f.s.DefaultListableBeanFactory - Returning cached instance of singleton bean 'requestMappingHandlerAdapter'
2018-01-08 23:46:38 [main] DEBUG o.s.b.f.s.DefaultListableBeanFactory - Returning cached instance of singleton bean 'requestMappingHandlerMapping'
2018-01-08 23:46:38 [main] DEBUG o.s.b.f.s.DefaultListableBeanFactory - Returning cached instance of singleton bean 'mvcPathMatcher'
2018-01-08 23:46:38 [main] DEBUG o.s.b.f.s.DefaultListableBeanFactory - Returning cached instance of singleton bean 'mvcUrlPathHelper'
2018-01-08 23:46:38 [main] DEBUG o.s.b.f.s.DefaultListableBeanFactory - Returning cached instance of singleton bean 'mvcContentNegotiationManager'
2018-01-08 23:46:38 [main] DEBUG o.s.b.f.s.DefaultListableBeanFactory - Returning cached instance of singleton bean 'viewControllerHandlerMapping'
2018-01-08 23:46:38 [main] DEBUG o.s.b.f.s.DefaultListableBeanFactory - Returning cached instance of singleton bean 'beanNameHandlerMapping'
2018-01-08 23:46:38 [main] DEBUG o.s.b.f.s.DefaultListableBeanFactory - Returning cached instance of singleton bean 'resourceHandlerMapping'
2018-01-08 23:46:38 [main] DEBUG o.s.b.f.s.DefaultListableBeanFactory - Returning cached instance of singleton bean 'mvcResourceUrlProvider'
2018-01-08 23:46:38 [main] DEBUG o.s.b.f.s.DefaultListableBeanFactory - Returning cached instance of singleton bean 'defaultServletHandlerMapping'
2018-01-08 23:46:38 [main] DEBUG o.s.b.f.s.DefaultListableBeanFactory - Returning cached instance of singleton bean 'mvcConversionService'
2018-01-08 23:46:38 [main] DEBUG o.s.b.f.s.DefaultListableBeanFactory - Returning cached instance of singleton bean 'mvcValidator'
2018-01-08 23:46:38 [main] DEBUG o.s.b.f.s.DefaultListableBeanFactory - Returning cached instance of singleton bean 'mvcUriComponentsContributor'
2018-01-08 23:46:38 [main] DEBUG o.s.b.f.s.DefaultListableBeanFactory - Returning cached instance of singleton bean 'httpRequestHandlerAdapter'
2018-01-08 23:46:38 [main] DEBUG o.s.b.f.s.DefaultListableBeanFactory - Returning cached instance of singleton bean 'simpleControllerHandlerAdapter'
2018-01-08 23:46:38 [main] DEBUG o.s.b.f.s.DefaultListableBeanFactory - Returning cached instance of singleton bean 'handlerExceptionResolver'
2018-01-08 23:46:38 [main] DEBUG o.s.b.f.s.DefaultListableBeanFactory - Returning cached instance of singleton bean 'mvcViewResolver'
2018-01-08 23:46:38 [main] DEBUG o.s.b.f.s.DefaultListableBeanFactory - Returning cached instance of singleton bean 'org.springframework.boot.autoconfigure.web.WebMvcAutoConfiguration$WebMvcAutoConfigurationAdapter$FaviconConfiguration'
2018-01-08 23:46:38 [main] DEBUG o.s.b.f.s.DefaultListableBeanFactory - Returning cached instance of singleton bean 'faviconHandlerMapping'
2018-01-08 23:46:38 [main] DEBUG o.s.b.f.s.DefaultListableBeanFactory - Returning cached instance of singleton bean 'faviconRequestHandler'
2018-01-08 23:46:38 [main] DEBUG o.s.b.f.s.DefaultListableBeanFactory - Returning cached instance of singleton bean 'org.springframework.boot.autoconfigure.web.WebMvcAutoConfiguration$WebMvcAutoConfigurationAdapter'
2018-01-08 23:46:38 [main] DEBUG o.s.b.f.s.DefaultListableBeanFactory - Returning cached instance of singleton bean 'defaultViewResolver'
2018-01-08 23:46:38 [main] DEBUG o.s.b.f.s.DefaultListableBeanFactory - Returning cached instance of singleton bean 'viewResolver'
2018-01-08 23:46:38 [main] DEBUG o.s.b.f.s.DefaultListableBeanFactory - Returning cached instance of singleton bean 'welcomePageHandlerMapping'
2018-01-08 23:46:38 [main] DEBUG o.s.b.f.s.DefaultListableBeanFactory - Returning cached instance of singleton bean 'requestContextFilter'
2018-01-08 23:46:38 [main] DEBUG o.s.b.f.s.DefaultListableBeanFactory - Returning cached instance of singleton bean 'org.springframework.boot.autoconfigure.web.WebMvcAutoConfiguration'
2018-01-08 23:46:38 [main] DEBUG o.s.b.f.s.DefaultListableBeanFactory - Returning cached instance of singleton bean 'hiddenHttpMethodFilter'
2018-01-08 23:46:38 [main] DEBUG o.s.b.f.s.DefaultListableBeanFactory - Returning cached instance of singleton bean 'httpPutFormContentFilter'
2018-01-08 23:46:38 [main] DEBUG o.s.b.f.s.DefaultListableBeanFactory - Returning cached instance of singleton bean 'org.springframework.cloud.commons.util.UtilAutoConfiguration'
2018-01-08 23:46:38 [main] DEBUG o.s.b.f.s.DefaultListableBeanFactory - Returning cached instance of singleton bean 'inetUtilsProperties'
2018-01-08 23:46:38 [main] DEBUG o.s.b.f.s.DefaultListableBeanFactory - Returning cached instance of singleton bean 'inetUtils'
2018-01-08 23:46:38 [main] DEBUG o.s.b.f.s.DefaultListableBeanFactory - Returning cached instance of singleton bean 'org.springframework.boot.actuate.autoconfigure.AuditAutoConfiguration$AuditEventRepositoryConfiguration'
2018-01-08 23:46:38 [main] DEBUG o.s.b.f.s.DefaultListableBeanFactory - Returning cached instance of singleton bean 'auditEventRepository'
2018-01-08 23:46:38 [main] DEBUG o.s.b.f.s.DefaultListableBeanFactory - Returning cached instance of singleton bean 'org.springframework.boot.actuate.autoconfigure.AuditAutoConfiguration'
2018-01-08 23:46:38 [main] DEBUG o.s.b.f.s.DefaultListableBeanFactory - Returning cached instance of singleton bean 'auditListener'
2018-01-08 23:46:38 [main] DEBUG o.s.b.f.s.DefaultListableBeanFactory - Returning cached instance of singleton bean 'org.springframework.boot.autoconfigure.jdbc.DataSourceConfiguration$Tomcat'
2018-01-08 23:46:38 [main] DEBUG o.s.b.f.s.DefaultListableBeanFactory - Returning cached instance of singleton bean 'dataSource'
2018-01-08 23:46:38 [main] DEBUG o.s.b.f.s.DefaultListableBeanFactory - Returning cached instance of singleton bean 'org.springframework.boot.autoconfigure.jdbc.DataSourceAutoConfiguration$PooledDataSourceConfiguration'
2018-01-08 23:46:38 [main] DEBUG o.s.b.f.s.DefaultListableBeanFactory - Returning cached instance of singleton bean 'org.springframework.boot.autoconfigure.jdbc.metadata.DataSourcePoolMetadataProvidersConfiguration$TomcatDataSourcePoolMetadataProviderConfiguration'
2018-01-08 23:46:38 [main] DEBUG o.s.b.f.s.DefaultListableBeanFactory - Returning cached instance of singleton bean 'tomcatPoolDataSourceMetadataProvider'
2018-01-08 23:46:38 [main] DEBUG o.s.b.f.s.DefaultListableBeanFactory - Returning cached instance of singleton bean 'org.springframework.boot.autoconfigure.jdbc.metadata.DataSourcePoolMetadataProvidersConfiguration'
2018-01-08 23:46:38 [main] DEBUG o.s.b.f.s.DefaultListableBeanFactory - Returning cached instance of singleton bean 'org.springframework.boot.autoconfigure.jdbc.DataSourceAutoConfiguration'
2018-01-08 23:46:38 [main] DEBUG o.s.b.f.s.DefaultListableBeanFactory - Returning cached instance of singleton bean 'dataSourceInitializer'
2018-01-08 23:46:38 [main] DEBUG o.s.b.f.s.DefaultListableBeanFactory - Returning cached instance of singleton bean 'spring.datasource-org.springframework.boot.autoconfigure.jdbc.DataSourceProperties'
2018-01-08 23:46:38 [main] DEBUG o.s.b.f.s.DefaultListableBeanFactory - Returning cached instance of singleton bean 'dataSourceInitializerPostProcessor'
2018-01-08 23:46:38 [main] DEBUG o.s.b.f.s.DefaultListableBeanFactory - Returning cached instance of singleton bean 'org.springframework.boot.autoconfigure.info.ProjectInfoAutoConfiguration'
2018-01-08 23:46:38 [main] DEBUG o.s.b.f.s.DefaultListableBeanFactory - Returning cached instance of singleton bean 'spring.info-org.springframework.boot.autoconfigure.info.ProjectInfoProperties'
2018-01-08 23:46:38 [main] DEBUG o.s.b.f.s.DefaultListableBeanFactory - Returning cached instance of singleton bean 'org.springframework.boot.actuate.autoconfigure.InfoContributorAutoConfiguration'
2018-01-08 23:46:38 [main] DEBUG o.s.b.f.s.DefaultListableBeanFactory - Returning cached instance of singleton bean 'envInfoContributor'
2018-01-08 23:46:38 [main] DEBUG o.s.b.f.s.DefaultListableBeanFactory - Returning cached instance of singleton bean 'management.info-org.springframework.boot.actuate.autoconfigure.InfoContributorProperties'
2018-01-08 23:46:38 [main] DEBUG o.s.b.f.s.DefaultListableBeanFactory - Returning cached instance of singleton bean 'org.springframework.boot.actuate.autoconfigure.HealthIndicatorAutoConfiguration$DiskSpaceHealthIndicatorConfiguration'
2018-01-08 23:46:38 [main] DEBUG o.s.b.f.s.DefaultListableBeanFactory - Returning cached instance of singleton bean 'diskSpaceHealthIndicator'
2018-01-08 23:46:38 [main] DEBUG o.s.b.f.s.DefaultListableBeanFactory - Returning cached instance of singleton bean 'diskSpaceHealthIndicatorProperties'
2018-01-08 23:46:38 [main] DEBUG o.s.b.f.s.DefaultListableBeanFactory - Returning cached instance of singleton bean 'org.springframework.boot.actuate.autoconfigure.HealthIndicatorAutoConfiguration$DataSourcesHealthIndicatorConfiguration'
2018-01-08 23:46:38 [main] DEBUG o.s.b.f.s.DefaultListableBeanFactory - Returning cached instance of singleton bean 'dbHealthIndicator'
2018-01-08 23:46:38 [main] DEBUG o.s.b.f.s.DefaultListableBeanFactory - Returning cached instance of singleton bean 'org.springframework.boot.actuate.autoconfigure.HealthIndicatorAutoConfiguration'
2018-01-08 23:46:38 [main] DEBUG o.s.b.f.s.DefaultListableBeanFactory - Returning cached instance of singleton bean 'healthAggregator'
2018-01-08 23:46:38 [main] DEBUG o.s.b.f.s.DefaultListableBeanFactory - Returning cached instance of singleton bean 'management.health.status-org.springframework.boot.actuate.autoconfigure.HealthIndicatorProperties'
2018-01-08 23:46:38 [main] DEBUG o.s.b.f.s.DefaultListableBeanFactory - Returning cached instance of singleton bean 'org.springframework.boot.actuate.autoconfigure.MetricRepositoryAutoConfiguration$FastMetricServicesConfiguration'
2018-01-08 23:46:38 [main] DEBUG o.s.b.f.s.DefaultListableBeanFactory - Returning cached instance of singleton bean 'counterBuffers'
2018-01-08 23:46:38 [main] DEBUG o.s.b.f.s.DefaultListableBeanFactory - Returning cached instance of singleton bean 'gaugeBuffers'
2018-01-08 23:46:38 [main] DEBUG o.s.b.f.s.DefaultListableBeanFactory - Returning cached instance of singleton bean 'actuatorMetricReader'
2018-01-08 23:46:38 [main] DEBUG o.s.b.f.s.DefaultListableBeanFactory - Returning cached instance of singleton bean 'counterService'
2018-01-08 23:46:38 [main] DEBUG o.s.b.f.s.DefaultListableBeanFactory - Returning cached instance of singleton bean 'gaugeService'
2018-01-08 23:46:38 [main] DEBUG o.s.b.f.s.DefaultListableBeanFactory - Returning cached instance of singleton bean 'org.springframework.boot.actuate.autoconfigure.MetricRepositoryAutoConfiguration'
2018-01-08 23:46:38 [main] DEBUG o.s.b.f.s.DefaultListableBeanFactory - Returning cached instance of singleton bean 'org.springframework.boot.actuate.autoconfigure.PublicMetricsAutoConfiguration$TomcatMetricsConfiguration'
2018-01-08 23:46:38 [main] DEBUG o.s.b.f.s.DefaultListableBeanFactory - Returning cached instance of singleton bean 'tomcatPublicMetrics'
2018-01-08 23:46:38 [main] DEBUG o.s.b.f.s.DefaultListableBeanFactory - Returning cached instance of singleton bean 'org.springframework.boot.actuate.autoconfigure.PublicMetricsAutoConfiguration$DataSourceMetricsConfiguration'
2018-01-08 23:46:38 [main] DEBUG o.s.b.f.s.DefaultListableBeanFactory - Returning cached instance of singleton bean 'dataSourcePublicMetrics'
2018-01-08 23:46:38 [main] DEBUG o.s.b.f.s.DefaultListableBeanFactory - Returning cached instance of singleton bean 'org.springframework.boot.actuate.autoconfigure.PublicMetricsAutoConfiguration'
2018-01-08 23:46:38 [main] DEBUG o.s.b.f.s.DefaultListableBeanFactory - Returning cached instance of singleton bean 'systemPublicMetrics'
2018-01-08 23:46:38 [main] DEBUG o.s.b.f.s.DefaultListableBeanFactory - Returning cached instance of singleton bean 'metricReaderPublicMetrics'
2018-01-08 23:46:38 [main] DEBUG o.s.b.f.s.DefaultListableBeanFactory - Returning cached instance of singleton bean 'org.springframework.boot.actuate.autoconfigure.EndpointAutoConfiguration$RequestMappingEndpointConfiguration'
2018-01-08 23:46:38 [main] DEBUG o.s.b.f.s.DefaultListableBeanFactory - Returning cached instance of singleton bean 'requestMappingEndpoint'
2018-01-08 23:46:38 [main] DEBUG o.s.b.f.s.DefaultListableBeanFactory - Returning cached instance of singleton bean 'org.springframework.boot.actuate.autoconfigure.EndpointAutoConfiguration'
2018-01-08 23:46:38 [main] DEBUG o.s.b.f.s.DefaultListableBeanFactory - Returning cached instance of singleton bean 'environmentEndpoint'
2018-01-08 23:46:38 [main] DEBUG o.s.b.f.s.DefaultListableBeanFactory - Returning cached instance of singleton bean 'healthEndpoint'
2018-01-08 23:46:38 [main] DEBUG o.s.b.f.s.DefaultListableBeanFactory - Returning cached instance of singleton bean 'beansEndpoint'
2018-01-08 23:46:38 [main] DEBUG o.s.b.f.s.DefaultListableBeanFactory - Returning cached instance of singleton bean 'infoEndpoint'
2018-01-08 23:46:38 [main] DEBUG o.s.b.f.s.DefaultListableBeanFactory - Returning cached instance of singleton bean 'metricsEndpoint'
2018-01-08 23:46:38 [main] DEBUG o.s.b.f.s.DefaultListableBeanFactory - Returning cached instance of singleton bean 'traceEndpoint'
2018-01-08 23:46:38 [main] DEBUG o.s.b.f.s.DefaultListableBeanFactory - Returning cached instance of singleton bean 'dumpEndpoint'
2018-01-08 23:46:38 [main] DEBUG o.s.b.f.s.DefaultListableBeanFactory - Returning cached instance of singleton bean 'autoConfigurationReportEndpoint'
2018-01-08 23:46:38 [main] DEBUG o.s.b.f.s.DefaultListableBeanFactory - Returning cached instance of singleton bean 'shutdownEndpoint'
2018-01-08 23:46:38 [main] DEBUG o.s.b.f.s.DefaultListableBeanFactory - Returning cached instance of singleton bean 'configurationPropertiesReportEndpoint'
2018-01-08 23:46:38 [main] DEBUG o.s.b.f.s.DefaultListableBeanFactory - Returning cached instance of singleton bean 'endpoints-org.springframework.boot.actuate.endpoint.EndpointProperties'
2018-01-08 23:46:38 [main] DEBUG o.s.b.f.s.DefaultListableBeanFactory - Returning cached instance of singleton bean 'org.springframework.boot.autoconfigure.web.ServerPropertiesAutoConfiguration'
2018-01-08 23:46:38 [main] DEBUG o.s.b.f.s.DefaultListableBeanFactory - Returning cached instance of singleton bean 'serverProperties'
2018-01-08 23:46:38 [main] DEBUG o.s.b.f.s.DefaultListableBeanFactory - Returning cached instance of singleton bean 'duplicateServerPropertiesDetector'
2018-01-08 23:46:38 [main] DEBUG o.s.b.f.s.DefaultListableBeanFactory - Returning cached instance of singleton bean 'org.springframework.boot.actuate.autoconfigure.ManagementServerPropertiesAutoConfiguration'
2018-01-08 23:46:38 [main] DEBUG o.s.b.f.s.DefaultListableBeanFactory - Returning cached instance of singleton bean 'managementServerProperties'
2018-01-08 23:46:38 [main] DEBUG o.s.b.f.s.DefaultListableBeanFactory - Returning cached instance of singleton bean 'org.springframework.boot.autoconfigure.web.HttpMessageConvertersAutoConfiguration$StringHttpMessageConverterConfiguration'
2018-01-08 23:46:38 [main] DEBUG o.s.b.f.s.DefaultListableBeanFactory - Returning cached instance of singleton bean 'stringHttpMessageConverter'
2018-01-08 23:46:38 [main] DEBUG o.s.b.f.s.DefaultListableBeanFactory - Returning cached instance of singleton bean 'spring.http.encoding-org.springframework.boot.autoconfigure.web.HttpEncodingProperties'
2018-01-08 23:46:38 [main] DEBUG o.s.b.f.s.DefaultListableBeanFactory - Returning cached instance of singleton bean 'org.springframework.boot.autoconfigure.web.JacksonHttpMessageConvertersConfiguration$MappingJackson2XmlHttpMessageConverterConfiguration'
2018-01-08 23:46:38 [main] DEBUG o.s.b.f.s.DefaultListableBeanFactory - Returning cached instance of singleton bean 'mappingJackson2XmlHttpMessageConverter'
2018-01-08 23:46:38 [main] DEBUG o.s.b.f.s.DefaultListableBeanFactory - Returning cached instance of singleton bean 'org.springframework.boot.autoconfigure.web.JacksonHttpMessageConvertersConfiguration$MappingJackson2HttpMessageConverterConfiguration'
2018-01-08 23:46:38 [main] DEBUG o.s.b.f.s.DefaultListableBeanFactory - Returning cached instance of singleton bean 'mappingJackson2HttpMessageConverter'
2018-01-08 23:46:38 [main] DEBUG o.s.b.f.s.DefaultListableBeanFactory - Returning cached instance of singleton bean 'org.springframework.boot.autoconfigure.web.JacksonHttpMessageConvertersConfiguration'
2018-01-08 23:46:38 [main] DEBUG o.s.b.f.s.DefaultListableBeanFactory - Returning cached instance of singleton bean 'org.springframework.boot.autoconfigure.web.HttpMessageConvertersAutoConfiguration'
2018-01-08 23:46:38 [main] DEBUG o.s.b.f.s.DefaultListableBeanFactory - Returning cached instance of singleton bean 'messageConverters'
2018-01-08 23:46:38 [main] DEBUG o.s.b.f.s.DefaultListableBeanFactory - Returning cached instance of singleton bean 'org.springframework.boot.actuate.autoconfigure.EndpointWebMvcManagementContextConfiguration'
2018-01-08 23:46:38 [main] DEBUG o.s.b.f.s.DefaultListableBeanFactory - Returning cached instance of singleton bean 'endpointHandlerMapping'
2018-01-08 23:46:38 [main] DEBUG o.s.b.f.s.DefaultListableBeanFactory - Returning cached instance of singleton bean 'mvcEndpoints'
2018-01-08 23:46:38 [main] DEBUG o.s.b.f.s.DefaultListableBeanFactory - Returning cached instance of singleton bean 'environmentMvcEndpoint'
2018-01-08 23:46:38 [main] DEBUG o.s.b.f.s.DefaultListableBeanFactory - Returning cached instance of singleton bean 'heapdumpMvcEndpoint'
2018-01-08 23:46:38 [main] DEBUG o.s.b.f.s.DefaultListableBeanFactory - Returning cached instance of singleton bean 'healthMvcEndpoint'
2018-01-08 23:46:38 [main] DEBUG o.s.b.f.s.DefaultListableBeanFactory - Returning cached instance of singleton bean 'metricsMvcEndpoint'
2018-01-08 23:46:38 [main] DEBUG o.s.b.f.s.DefaultListableBeanFactory - Returning cached instance of singleton bean 'endpoints.health-org.springframework.boot.actuate.autoconfigure.HealthMvcEndpointProperties'
2018-01-08 23:46:38 [main] DEBUG o.s.b.f.s.DefaultListableBeanFactory - Returning cached instance of singleton bean 'endpoints.cors-org.springframework.boot.actuate.autoconfigure.EndpointCorsProperties'
2018-01-08 23:46:38 [main] DEBUG o.s.b.f.s.DefaultListableBeanFactory - Returning cached instance of singleton bean 'org.springframework.boot.actuate.autoconfigure.EndpointWebMvcAutoConfiguration$EndpointWebMvcConfiguration'
2018-01-08 23:46:38 [main] DEBUG o.s.b.f.s.DefaultListableBeanFactory - Returning cached instance of singleton bean 'org.springframework.boot.actuate.autoconfigure.EndpointWebMvcAutoConfiguration$ApplicationContextFilterConfiguration'
2018-01-08 23:46:38 [main] DEBUG o.s.b.f.s.DefaultListableBeanFactory - Returning cached instance of singleton bean 'applicationContextIdFilter'
2018-01-08 23:46:38 [main] DEBUG o.s.b.f.s.DefaultListableBeanFactory - Returning cached instance of singleton bean 'org.springframework.boot.actuate.autoconfigure.EndpointWebMvcAutoConfiguration'
2018-01-08 23:46:38 [main] DEBUG o.s.b.f.s.DefaultListableBeanFactory - Returning cached instance of singleton bean 'managementContextResolver'
2018-01-08 23:46:38 [main] DEBUG o.s.b.f.s.DefaultListableBeanFactory - Returning cached instance of singleton bean 'managementServletContext'
2018-01-08 23:46:38 [main] DEBUG o.s.b.f.s.DefaultListableBeanFactory - Returning cached instance of singleton bean 'org.springframework.boot.actuate.autoconfigure.MetricExportAutoConfiguration$MetricExportPropertiesConfiguration'
2018-01-08 23:46:38 [main] DEBUG o.s.b.f.s.DefaultListableBeanFactory - Returning cached instance of singleton bean 'spring.metrics.export-org.springframework.boot.actuate.metrics.export.MetricExportProperties'
2018-01-08 23:46:38 [main] DEBUG o.s.b.f.s.DefaultListableBeanFactory - Returning cached instance of singleton bean 'org.springframework.boot.actuate.autoconfigure.MetricExportAutoConfiguration$StatsdConfiguration'
2018-01-08 23:46:38 [main] DEBUG o.s.b.f.s.DefaultListableBeanFactory - Returning cached instance of singleton bean 'org.springframework.scheduling.annotation.SchedulingConfiguration'
2018-01-08 23:46:38 [main] DEBUG o.s.b.f.s.DefaultListableBeanFactory - Returning cached instance of singleton bean 'org.springframework.context.annotation.internalScheduledAnnotationProcessor'
2018-01-08 23:46:38 [main] DEBUG o.s.b.f.s.DefaultListableBeanFactory - Returning cached instance of singleton bean 'org.springframework.boot.actuate.autoconfigure.MetricExportAutoConfiguration'
2018-01-08 23:46:38 [main] DEBUG o.s.b.f.s.DefaultListableBeanFactory - Returning cached instance of singleton bean 'metricWritersMetricExporter'
2018-01-08 23:46:38 [main] DEBUG o.s.b.f.s.DefaultListableBeanFactory - Returning cached instance of singleton bean 'org.springframework.boot.actuate.autoconfigure.MetricFilterAutoConfiguration'
2018-01-08 23:46:38 [main] DEBUG o.s.b.f.s.DefaultListableBeanFactory - Returning cached instance of singleton bean 'metricsFilter'
2018-01-08 23:46:38 [main] DEBUG o.s.b.f.s.DefaultListableBeanFactory - Returning cached instance of singleton bean 'endpoints.metrics.filter-org.springframework.boot.actuate.autoconfigure.MetricFilterProperties'
2018-01-08 23:46:38 [main] DEBUG o.s.b.f.s.DefaultListableBeanFactory - Returning cached instance of singleton bean 'org.springframework.boot.actuate.autoconfigure.TraceRepositoryAutoConfiguration'
2018-01-08 23:46:38 [main] DEBUG o.s.b.f.s.DefaultListableBeanFactory - Returning cached instance of singleton bean 'traceRepository'
2018-01-08 23:46:38 [main] DEBUG o.s.b.f.s.DefaultListableBeanFactory - Returning cached instance of singleton bean 'org.springframework.boot.actuate.autoconfigure.TraceWebFilterAutoConfiguration'
2018-01-08 23:46:38 [main] DEBUG o.s.b.f.s.DefaultListableBeanFactory - Returning cached instance of singleton bean 'webRequestLoggingFilter'
2018-01-08 23:46:38 [main] DEBUG o.s.b.f.s.DefaultListableBeanFactory - Returning cached instance of singleton bean 'management.trace-org.springframework.boot.actuate.trace.TraceProperties'
2018-01-08 23:46:38 [main] DEBUG o.s.b.f.s.DefaultListableBeanFactory - Returning cached instance of singleton bean 'org.springframework.boot.autoconfigure.context.ConfigurationPropertiesAutoConfiguration'
2018-01-08 23:46:38 [main] DEBUG o.s.b.f.s.DefaultListableBeanFactory - Returning cached instance of singleton bean 'org.springframework.boot.autoconfigure.dao.PersistenceExceptionTranslationAutoConfiguration'
2018-01-08 23:46:38 [main] DEBUG o.s.b.f.s.DefaultListableBeanFactory - Returning cached instance of singleton bean 'persistenceExceptionTranslationPostProcessor'
2018-01-08 23:46:38 [main] DEBUG o.s.b.f.s.DefaultListableBeanFactory - Returning cached instance of singleton bean 'org.springframework.transaction.annotation.ProxyTransactionManagementConfiguration'
2018-01-08 23:46:38 [main] DEBUG o.s.b.f.s.DefaultListableBeanFactory - Returning cached instance of singleton bean 'org.springframework.transaction.config.internalTransactionAdvisor'
2018-01-08 23:46:38 [main] DEBUG o.s.b.f.s.DefaultListableBeanFactory - Returning cached instance of singleton bean 'transactionAttributeSource'
2018-01-08 23:46:38 [main] DEBUG o.s.b.f.s.DefaultListableBeanFactory - Returning cached instance of singleton bean 'transactionInterceptor'
2018-01-08 23:46:38 [main] DEBUG o.s.b.f.s.DefaultListableBeanFactory - Returning cached instance of singleton bean 'org.springframework.transaction.config.internalTransactionalEventListenerFactory'
2018-01-08 23:46:38 [main] DEBUG o.s.b.f.s.DefaultListableBeanFactory - Returning cached instance of singleton bean 'org.springframework.boot.autoconfigure.jdbc.DataSourceTransactionManagerAutoConfiguration$TransactionManagementConfiguration'
2018-01-08 23:46:38 [main] DEBUG o.s.b.f.s.DefaultListableBeanFactory - Returning cached instance of singleton bean 'org.springframework.aop.config.internalAutoProxyCreator'
2018-01-08 23:46:38 [main] DEBUG o.s.b.f.s.DefaultListableBeanFactory - Returning cached instance of singleton bean 'org.springframework.boot.autoconfigure.jdbc.DataSourceTransactionManagerAutoConfiguration$DataSourceTransactionManagerConfiguration'
2018-01-08 23:46:38 [main] DEBUG o.s.b.f.s.DefaultListableBeanFactory - Returning cached instance of singleton bean 'transactionManager'
2018-01-08 23:46:38 [main] DEBUG o.s.b.f.s.DefaultListableBeanFactory - Returning cached instance of singleton bean 'org.springframework.boot.autoconfigure.jdbc.DataSourceTransactionManagerAutoConfiguration'
2018-01-08 23:46:38 [main] DEBUG o.s.b.f.s.DefaultListableBeanFactory - Returning cached instance of singleton bean 'org.springframework.boot.autoconfigure.jdbc.JdbcTemplateAutoConfiguration'
2018-01-08 23:46:38 [main] DEBUG o.s.b.f.s.DefaultListableBeanFactory - Returning cached instance of singleton bean 'jdbcTemplate'
2018-01-08 23:46:38 [main] DEBUG o.s.b.f.s.DefaultListableBeanFactory - Returning cached instance of singleton bean 'namedParameterJdbcTemplate'
2018-01-08 23:46:38 [main] DEBUG o.s.b.f.s.DefaultListableBeanFactory - Returning cached instance of singleton bean 'org.springframework.boot.autoconfigure.transaction.TransactionAutoConfiguration'
2018-01-08 23:46:38 [main] DEBUG o.s.b.f.s.DefaultListableBeanFactory - Returning cached instance of singleton bean 'transactionTemplate'
2018-01-08 23:46:38 [main] DEBUG o.s.b.f.s.DefaultListableBeanFactory - Returning cached instance of singleton bean 'org.springframework.boot.autoconfigure.web.HttpEncodingAutoConfiguration'
2018-01-08 23:46:38 [main] DEBUG o.s.b.f.s.DefaultListableBeanFactory - Returning cached instance of singleton bean 'characterEncodingFilter'
2018-01-08 23:46:38 [main] DEBUG o.s.b.f.s.DefaultListableBeanFactory - Returning cached instance of singleton bean 'localeCharsetMappingsCustomizer'
2018-01-08 23:46:38 [main] DEBUG o.s.b.f.s.DefaultListableBeanFactory - Returning cached instance of singleton bean 'org.springframework.boot.autoconfigure.web.MultipartAutoConfiguration'
2018-01-08 23:46:38 [main] DEBUG o.s.b.f.s.DefaultListableBeanFactory - Returning cached instance of singleton bean 'multipartConfigElement'
2018-01-08 23:46:38 [main] DEBUG o.s.b.f.s.DefaultListableBeanFactory - Returning cached instance of singleton bean 'multipartResolver'
2018-01-08 23:46:38 [main] DEBUG o.s.b.f.s.DefaultListableBeanFactory - Returning cached instance of singleton bean 'spring.http.multipart-org.springframework.boot.autoconfigure.web.MultipartProperties'
2018-01-08 23:46:38 [main] DEBUG o.s.b.f.s.DefaultListableBeanFactory - Returning cached instance of singleton bean 'org.springframework.boot.autoconfigure.web.WebClientAutoConfiguration$RestTemplateConfiguration'
2018-01-08 23:46:38 [main] DEBUG o.s.b.f.s.DefaultListableBeanFactory - Returning cached instance of singleton bean 'restTemplateBuilder'
2018-01-08 23:46:38 [main] DEBUG o.s.b.f.s.DefaultListableBeanFactory - Returning cached instance of singleton bean 'org.springframework.boot.autoconfigure.web.WebClientAutoConfiguration'
2018-01-08 23:46:38 [main] DEBUG o.s.b.f.s.DefaultListableBeanFactory - Returning cached instance of singleton bean 'org.springframework.cloud.autoconfigure.ConfigurationPropertiesRebinderAutoConfiguration'
2018-01-08 23:46:38 [main] DEBUG o.s.b.f.s.DefaultListableBeanFactory - Returning cached instance of singleton bean 'configurationPropertiesBeans'
2018-01-08 23:46:38 [main] DEBUG o.s.b.f.s.DefaultListableBeanFactory - Returning cached instance of singleton bean 'configurationPropertiesRebinder'
2018-01-08 23:46:38 [main] DEBUG o.s.b.f.s.DefaultListableBeanFactory - Returning cached instance of singleton bean 'org.springframework.cloud.autoconfigure.RefreshEndpointAutoConfiguration$RefreshEndpointConfiguration'
2018-01-08 23:46:38 [main] DEBUG o.s.b.f.s.DefaultListableBeanFactory - Returning cached instance of singleton bean 'refreshEndpoint'
2018-01-08 23:46:38 [main] DEBUG o.s.b.f.s.DefaultListableBeanFactory - Returning cached instance of singleton bean 'refreshEventListener'
2018-01-08 23:46:38 [main] DEBUG o.s.b.f.s.DefaultListableBeanFactory - Returning cached instance of singleton bean 'org.springframework.cloud.autoconfigure.RefreshEndpointAutoConfiguration$RestartEndpointWithoutIntegration'
2018-01-08 23:46:38 [main] DEBUG o.s.b.f.s.DefaultListableBeanFactory - Returning cached instance of singleton bean 'restartEndpoint'
2018-01-08 23:46:38 [main] DEBUG o.s.b.f.s.DefaultListableBeanFactory - Returning cached instance of singleton bean 'org.springframework.cloud.autoconfigure.RefreshEndpointAutoConfiguration'
2018-01-08 23:46:38 [main] DEBUG o.s.b.f.s.DefaultListableBeanFactory - Returning cached instance of singleton bean 'refreshScopeHealthIndicator'
2018-01-08 23:46:38 [main] DEBUG o.s.b.f.s.DefaultListableBeanFactory - Returning cached instance of singleton bean 'pauseEndpoint'
2018-01-08 23:46:38 [main] DEBUG o.s.b.f.s.DefaultListableBeanFactory - Returning cached instance of singleton bean 'resumeEndpoint'
2018-01-08 23:46:38 [main] DEBUG o.s.b.f.s.DefaultListableBeanFactory - Returning cached instance of singleton bean 'org.springframework.cloud.autoconfigure.LifecycleMvcEndpointAutoConfiguration'
2018-01-08 23:46:38 [main] DEBUG o.s.b.f.s.DefaultListableBeanFactory - Returning cached instance of singleton bean 'environmentManagerEndpoint'
2018-01-08 23:46:38 [main] DEBUG o.s.b.f.s.DefaultListableBeanFactory - Returning cached instance of singleton bean 'refreshMvcEndpoint'
2018-01-08 23:46:38 [main] DEBUG o.s.b.f.s.DefaultListableBeanFactory - Returning cached instance of singleton bean 'restartMvcEndpoint'
2018-01-08 23:46:38 [main] DEBUG o.s.b.f.s.DefaultListableBeanFactory - Returning cached instance of singleton bean 'pauseMvcEndpoint'
2018-01-08 23:46:38 [main] DEBUG o.s.b.f.s.DefaultListableBeanFactory - Returning cached instance of singleton bean 'resumeMvcEndpoint'
2018-01-08 23:46:38 [main] DEBUG o.s.b.f.s.DefaultListableBeanFactory - Returning cached instance of singleton bean 'org.springframework.cloud.autoconfigure.RefreshAutoConfiguration$RefreshScopeConfiguration'
2018-01-08 23:46:38 [main] DEBUG o.s.b.f.s.DefaultListableBeanFactory - Returning cached instance of singleton bean 'org.springframework.cloud.autoconfigure.RefreshAutoConfiguration'
2018-01-08 23:46:38 [main] DEBUG o.s.b.f.s.DefaultListableBeanFactory - Returning cached instance of singleton bean 'loggingRebinder'
2018-01-08 23:46:38 [main] DEBUG o.s.b.f.s.DefaultListableBeanFactory - Returning cached instance of singleton bean 'environmentManager'
2018-01-08 23:46:38 [main] DEBUG o.s.b.f.s.DefaultListableBeanFactory - Returning cached instance of singleton bean 'contextRefresher'
2018-01-08 23:46:38 [main] DEBUG o.s.b.f.s.DefaultListableBeanFactory - Returning cached instance of singleton bean 'org.springframework.cloud.client.discovery.noop.NoopDiscoveryClientAutoConfiguration'
2018-01-08 23:46:38 [main] DEBUG o.s.b.f.s.DefaultListableBeanFactory - Returning cached instance of singleton bean 'discoveryClient'
2018-01-08 23:46:38 [main] DEBUG o.s.b.f.s.DefaultListableBeanFactory - Returning cached instance of singleton bean 'org.springframework.cloud.config.client.ConfigClientAutoConfiguration'
2018-01-08 23:46:38 [main] DEBUG o.s.b.f.s.DefaultListableBeanFactory - Returning cached instance of singleton bean 'configClientProperties'
2018-01-08 23:46:38 [main] DEBUG o.s.b.f.s.DefaultListableBeanFactory - Returning cached instance of singleton bean 'configClientHealthProperties'
2018-01-08 23:46:38 [main] DEBUG o.s.b.f.s.DefaultListableBeanFactory - Returning cached instance of singleton bean 'org.springframework.cloud.config.server.config.EnvironmentRepositoryConfiguration$DefaultEnvironmentWatch'
2018-01-08 23:46:38 [main] DEBUG o.s.b.f.s.DefaultListableBeanFactory - Returning cached instance of singleton bean 'environmentWatch'
2018-01-08 23:46:38 [main] DEBUG o.s.b.f.s.DefaultListableBeanFactory - Returning cached instance of singleton bean 'org.springframework.cloud.config.server.config.EnvironmentRepositoryConfiguration$GitRepositoryConfiguration'
2018-01-08 23:46:38 [main] DEBUG o.s.b.f.s.DefaultListableBeanFactory - Returning cached instance of singleton bean 'environmentRepository'
2018-01-08 23:46:38 [main] DEBUG o.s.b.f.s.DefaultListableBeanFactory - Returning cached instance of singleton bean 'org.springframework.cloud.config.server.config.EnvironmentRepositoryConfiguration'
2018-01-08 23:46:38 [main] DEBUG o.s.b.f.s.DefaultListableBeanFactory - Returning cached instance of singleton bean 'configServerHealthIndicator'
2018-01-08 23:46:38 [main] DEBUG o.s.b.f.s.DefaultListableBeanFactory - Returning cached instance of singleton bean 'org.springframework.cloud.config.server.config.ResourceRepositoryConfiguration'
2018-01-08 23:46:38 [main] DEBUG o.s.b.f.s.DefaultListableBeanFactory - Returning cached instance of singleton bean 'resourceRepository'
2018-01-08 23:46:38 [main] DEBUG o.s.b.f.s.DefaultListableBeanFactory - Returning cached instance of singleton bean 'spring.cloud.config.server-org.springframework.cloud.config.server.config.ConfigServerProperties'
2018-01-08 23:46:38 [main] DEBUG o.s.b.f.s.DefaultListableBeanFactory - Returning cached instance of singleton bean 'org.springframework.cloud.config.server.config.ConfigServerEncryptionConfiguration'
2018-01-08 23:46:38 [main] DEBUG o.s.b.f.s.DefaultListableBeanFactory - Returning cached instance of singleton bean 'encryptionController'
2018-01-08 23:46:38 [main] DEBUG o.s.b.f.s.DefaultListableBeanFactory - Returning cached instance of singleton bean 'org.springframework.cloud.config.server.config.ConfigServerMvcConfiguration'
2018-01-08 23:46:38 [main] DEBUG o.s.b.f.s.DefaultListableBeanFactory - Returning cached instance of singleton bean 'environmentController'
2018-01-08 23:46:38 [main] DEBUG o.s.b.f.s.DefaultListableBeanFactory - Returning cached instance of singleton bean 'resourceController'
2018-01-08 23:46:38 [main] DEBUG o.s.b.f.s.DefaultListableBeanFactory - Returning cached instance of singleton bean 'org.springframework.cloud.config.server.config.ConfigServerAutoConfiguration'
2018-01-08 23:46:38 [main] DEBUG o.s.b.f.s.DefaultListableBeanFactory - Returning cached instance of singleton bean 'org.springframework.cloud.config.server.config.EncryptionAutoConfiguration'
2018-01-08 23:46:38 [main] DEBUG o.s.b.f.s.DefaultListableBeanFactory - Returning cached instance of singleton bean 'encrypt-org.springframework.cloud.bootstrap.encrypt.KeyProperties'
2018-01-08 23:46:38 [main] DEBUG o.s.b.f.s.DefaultListableBeanFactory - Returning cached instance of singleton bean 'org.springframework.cloud.config.server.config.SingleEncryptorAutoConfiguration'
2018-01-08 23:46:38 [main] DEBUG o.s.b.f.s.DefaultListableBeanFactory - Returning cached instance of singleton bean 'textEncryptorLocator'
2018-01-08 23:46:38 [main] DEBUG o.s.b.f.s.DefaultListableBeanFactory - Returning cached instance of singleton bean 'refreshScope'
2018-01-08 23:46:38 [main] DEBUG o.s.b.f.s.DefaultListableBeanFactory - Returning cached instance of singleton bean 'com.myshop.products.common.logging.LoggingConfigListener'
2018-01-08 23:46:38 [main] DEBUG o.s.b.f.s.DefaultListableBeanFactory - Returning cached instance of singleton bean 'org.springframework.boot.test.mock.mockito.MockitoBeans'
2018-01-08 23:46:38 [main] DEBUG o.s.b.f.s.DefaultListableBeanFactory - Returning cached instance of singleton bean 'org.springframework.context.annotation.internalConfigurationAnnotationProcessor'
2018-01-08 23:46:38 [main] DEBUG o.s.b.f.s.DefaultListableBeanFactory - Returning cached instance of singleton bean 'org.springframework.context.annotation.internalAutowiredAnnotationProcessor'
2018-01-08 23:46:38 [main] DEBUG o.s.b.f.s.DefaultListableBeanFactory - Returning cached instance of singleton bean 'org.springframework.context.annotation.internalRequiredAnnotationProcessor'
2018-01-08 23:46:38 [main] DEBUG o.s.b.f.s.DefaultListableBeanFactory - Returning cached instance of singleton bean 'org.springframework.context.annotation.internalCommonAnnotationProcessor'
2018-01-08 23:46:38 [main] DEBUG o.s.b.f.s.DefaultListableBeanFactory - Returning cached instance of singleton bean 'org.springframework.context.event.internalEventListenerProcessor'
2018-01-08 23:46:38 [main] DEBUG o.s.b.f.s.DefaultListableBeanFactory - Returning cached instance of singleton bean 'org.springframework.context.event.internalEventListenerFactory'
2018-01-08 23:46:38 [main] DEBUG o.s.b.f.s.DefaultListableBeanFactory - Returning cached instance of singleton bean 'configServerBootstrapConfiguration'
2018-01-08 23:46:38 [main] DEBUG o.s.b.f.s.DefaultListableBeanFactory - Returning cached instance of singleton bean 'configServiceBootstrapConfiguration'
2018-01-08 23:46:38 [main] DEBUG o.s.b.f.s.DefaultListableBeanFactory - Returning cached instance of singleton bean 'propertySourceBootstrapConfiguration'
2018-01-08 23:46:38 [main] DEBUG o.s.b.f.s.DefaultListableBeanFactory - Returning cached instance of singleton bean 'encryptionBootstrapConfiguration'
2018-01-08 23:46:38 [main] DEBUG o.s.b.f.s.DefaultListableBeanFactory - Returning cached instance of singleton bean 'configurationPropertiesRebinderAutoConfiguration'
2018-01-08 23:46:38 [main] DEBUG o.s.b.f.s.DefaultListableBeanFactory - Returning cached instance of singleton bean 'propertyPlaceholderAutoConfiguration'
2018-01-08 23:46:38 [main] DEBUG o.s.b.f.s.DefaultListableBeanFactory - Returning cached instance of singleton bean 'org.springframework.boot.autoconfigure.internalCachingMetadataReaderFactory'
2018-01-08 23:46:38 [main] DEBUG o.s.b.f.s.DefaultListableBeanFactory - Returning cached instance of singleton bean 'org.springframework.context.annotation.ConfigurationClassPostProcessor.importAwareProcessor'
2018-01-08 23:46:38 [main] DEBUG o.s.b.f.s.DefaultListableBeanFactory - Returning cached instance of singleton bean 'org.springframework.context.annotation.ConfigurationClassPostProcessor.enhancedConfigurationProcessor'
2018-01-08 23:46:38 [main] DEBUG o.s.b.f.s.DefaultListableBeanFactory - Returning cached instance of singleton bean 'configClientProperties'
2018-01-08 23:46:38 [main] DEBUG o.s.b.f.s.DefaultListableBeanFactory - Returning cached instance of singleton bean 'org.springframework.boot.context.properties.ConfigurationPropertiesBindingPostProcessor'
2018-01-08 23:46:38 [main] DEBUG o.s.b.f.s.DefaultListableBeanFactory - Returning cached instance of singleton bean 'org.springframework.boot.context.properties.ConfigurationPropertiesBindingPostProcessor.store'
2018-01-08 23:46:38 [main] DEBUG o.s.b.f.s.DefaultListableBeanFactory - Returning cached instance of singleton bean 'spring.cloud.config-org.springframework.cloud.bootstrap.config.PropertySourceBootstrapProperties'
2018-01-08 23:46:38 [main] DEBUG o.s.b.f.s.DefaultListableBeanFactory - Returning cached instance of singleton bean 'org.springframework.cloud.bootstrap.encrypt.EncryptionBootstrapConfiguration$RsaEncryptionConfiguration'
2018-01-08 23:46:38 [main] DEBUG o.s.b.f.s.DefaultListableBeanFactory - Returning cached instance of singleton bean 'org.springframework.boot.autoconfigure.condition.BeanTypeRegistry'
2018-01-08 23:46:38 [main] DEBUG o.s.b.f.s.DefaultListableBeanFactory - Returning cached instance of singleton bean 'textEncryptor'
2018-01-08 23:46:38 [main] DEBUG o.s.b.f.s.DefaultListableBeanFactory - Returning cached instance of singleton bean 'environmentDecryptApplicationListener'
2018-01-08 23:46:38 [main] DEBUG o.s.b.f.s.DefaultListableBeanFactory - Returning cached instance of singleton bean 'encrypt-org.springframework.cloud.bootstrap.encrypt.KeyProperties'
2018-01-08 23:46:38 [main] DEBUG o.s.b.f.s.DefaultListableBeanFactory - Returning cached instance of singleton bean 'configurationPropertiesRebinder'
2018-01-08 23:46:38 [main] DEBUG o.s.b.f.s.DefaultListableBeanFactory - Returning cached instance of singleton bean 'configurationPropertiesBeans'
2018-01-08 23:46:38 [main] DEBUG o.s.b.f.s.DefaultListableBeanFactory - Returning cached instance of singleton bean 'propertySourcesPlaceholderConfigurer'
2018-01-08 23:46:38 [main] DEBUG o.a.h.i.c.BasicClientConnectionManager - Get connection for route {}->http://localhost:49184
2018-01-08 23:46:38 [main] DEBUG o.a.h.i.c.DefaultClientConnectionOperator - Connecting to localhost:49184
2018-01-08 23:46:38 [main] DEBUG o.a.h.c.protocol.RequestAddCookies - CookieSpec selected: ignoreCookies
2018-01-08 23:46:38 [main] DEBUG o.a.h.c.protocol.RequestAuthCache - Auth cache not set in the context
2018-01-08 23:46:38 [main] DEBUG o.a.h.c.p.RequestTargetAuthentication - Target auth state: UNCHALLENGED
2018-01-08 23:46:38 [main] DEBUG o.a.h.c.p.RequestProxyAuthentication - Proxy auth state: UNCHALLENGED
2018-01-08 23:46:38 [main] DEBUG o.a.h.impl.client.DefaultHttpClient - Attempt 1 to execute request
2018-01-08 23:46:38 [main] DEBUG o.a.h.i.conn.DefaultClientConnection - Sending request: PUT /product/ HTTP/1.1
2018-01-08 23:46:38 [main] DEBUG org.apache.http.wire -  >> "PUT /product/ HTTP/1.1[\r][\n]"
2018-01-08 23:46:38 [main] DEBUG org.apache.http.wire -  >> "Accept: */*[\r][\n]"
2018-01-08 23:46:38 [main] DEBUG org.apache.http.wire -  >> "Content-Type: application/json; charset=UTF-8[\r][\n]"
2018-01-08 23:46:38 [main] DEBUG org.apache.http.wire -  >> "Content-Length: 94[\r][\n]"
2018-01-08 23:46:38 [main] DEBUG org.apache.http.wire -  >> "Host: localhost:49184[\r][\n]"
2018-01-08 23:46:38 [main] DEBUG org.apache.http.wire -  >> "Connection: Keep-Alive[\r][\n]"
2018-01-08 23:46:38 [main] DEBUG org.apache.http.wire -  >> "User-Agent: Apache-HttpClient/4.5.2 (Java/1.8.0_144)[\r][\n]"
2018-01-08 23:46:38 [main] DEBUG org.apache.http.wire -  >> "Accept-Encoding: gzip,deflate[\r][\n]"
2018-01-08 23:46:38 [main] DEBUG org.apache.http.wire -  >> "[\r][\n]"
2018-01-08 23:46:38 [main] DEBUG org.apache.http.headers - >> PUT /product/ HTTP/1.1
2018-01-08 23:46:38 [main] DEBUG org.apache.http.headers - >> Accept: */*
2018-01-08 23:46:38 [main] DEBUG org.apache.http.headers - >> Content-Type: application/json; charset=UTF-8
2018-01-08 23:46:38 [main] DEBUG org.apache.http.headers - >> Content-Length: 94
2018-01-08 23:46:38 [main] DEBUG org.apache.http.headers - >> Host: localhost:49184
2018-01-08 23:46:38 [main] DEBUG org.apache.http.headers - >> Connection: Keep-Alive
2018-01-08 23:46:38 [main] DEBUG org.apache.http.headers - >> User-Agent: Apache-HttpClient/4.5.2 (Java/1.8.0_144)
2018-01-08 23:46:38 [main] DEBUG org.apache.http.headers - >> Accept-Encoding: gzip,deflate
2018-01-08 23:46:38 [main] DEBUG org.apache.http.wire -  >> "[{"id":"1234","category":"Dairy","imageUrl":"www.abc.com","price":2.05,"title":"testProduct"}]"
2018-01-08 23:46:38 [http-nio-auto-1-exec-4] DEBUG o.s.b.w.f.OrderedRequestContextFilter - Bound request context to thread: org.apache.catalina.connector.RequestFacade@5398eb34
2018-01-08 23:46:38 [http-nio-auto-1-exec-4] DEBUG o.s.b.a.e.mvc.EndpointHandlerMapping - Looking up handler method for path /product/
2018-01-08 23:46:38 [http-nio-auto-1-exec-4] DEBUG o.s.b.a.e.mvc.EndpointHandlerMapping - Did not find handler method for [/product/]
2018-01-08 23:46:38 [http-nio-auto-1-exec-4] DEBUG o.s.b.f.s.DefaultListableBeanFactory - Returning cached instance of singleton bean 'productController'
2018-01-08 23:46:38 [http-nio-auto-1-exec-4] DEBUG o.s.jdbc.core.JdbcTemplate - Executing prepared SQL update
2018-01-08 23:46:38 [http-nio-auto-1-exec-4] DEBUG o.s.jdbc.core.JdbcTemplate - Executing prepared SQL statement [UPDATE products SET imageUrl = ?, price = ?, title = ? WHERE id = ?]
2018-01-08 23:46:38 [http-nio-auto-1-exec-4] DEBUG o.s.jdbc.datasource.DataSourceUtils - Fetching JDBC Connection from DataSource
2018-01-08 23:46:38 [http-nio-auto-1-exec-4] DEBUG o.s.jdbc.core.JdbcTemplate - SQL update affected 1 rows
2018-01-08 23:46:38 [http-nio-auto-1-exec-4] DEBUG o.s.jdbc.datasource.DataSourceUtils - Returning JDBC Connection to DataSource
2018-01-08 23:46:38 [http-nio-auto-1-exec-4] DEBUG o.s.b.w.f.OrderedRequestContextFilter - Cleared thread-bound request context: org.apache.catalina.connector.RequestFacade@5398eb34
2018-01-08 23:46:38 [main] DEBUG org.apache.http.wire -  << "HTTP/1.1 200 [\r][\n]"
2018-01-08 23:46:38 [main] DEBUG org.apache.http.wire -  << "X-Application-Context: application:0[\r][\n]"
2018-01-08 23:46:38 [main] DEBUG org.apache.http.wire -  << "Content-Type: application/json;charset=UTF-8[\r][\n]"
2018-01-08 23:46:38 [main] DEBUG org.apache.http.wire -  << "Content-Length: 0[\r][\n]"
2018-01-08 23:46:38 [main] DEBUG org.apache.http.wire -  << "Date: Mon, 08 Jan 2018 12:46:38 GMT[\r][\n]"
2018-01-08 23:46:38 [main] DEBUG org.apache.http.wire -  << "[\r][\n]"
2018-01-08 23:46:38 [main] DEBUG o.a.h.i.conn.DefaultClientConnection - Receiving response: HTTP/1.1 200 
2018-01-08 23:46:38 [main] DEBUG org.apache.http.headers - << HTTP/1.1 200 
2018-01-08 23:46:38 [main] DEBUG org.apache.http.headers - << X-Application-Context: application:0
2018-01-08 23:46:38 [main] DEBUG org.apache.http.headers - << Content-Type: application/json;charset=UTF-8
2018-01-08 23:46:38 [main] DEBUG org.apache.http.headers - << Content-Length: 0
2018-01-08 23:46:38 [main] DEBUG org.apache.http.headers - << Date: Mon, 08 Jan 2018 12:46:38 GMT
2018-01-08 23:46:38 [main] DEBUG o.a.h.impl.client.DefaultHttpClient - Connection can be kept alive indefinitely
2018-01-08 23:46:38 [main] DEBUG o.s.t.c.c.DefaultCacheAwareContextLoaderDelegate - Retrieved ApplicationContext from cache with key [[WebMergedContextConfiguration@473b46c3 testClass = ProductServiceIT, locations = '{}', classes = '{class com.myshop.products.ProductApp, class com.myshop.products.ProductApp}', contextInitializerClasses = '[]', activeProfiles = '{}', propertySourceLocations = '{}', propertySourceProperties = '{org.springframework.boot.test.context.SpringBootTestContextBootstrapper=true, server.port=0}', contextCustomizers = set[org.springframework.boot.test.context.SpringBootTestContextCustomizer@6e6c3152, org.springframework.boot.test.context.filter.ExcludeFilterContextCustomizer@32709393, org.springframework.boot.test.mock.mockito.MockitoContextCustomizer@0, org.springframework.boot.test.autoconfigure.properties.PropertyMappingContextCustomizer@0, org.springframework.boot.test.autoconfigure.web.servlet.WebDriverContextCustomizerFactory$Customizer@10bbd20a], resourceBasePath = 'src/main/webapp', contextLoader = 'org.springframework.boot.test.context.SpringBootContextLoader', parent = [null]]]
2018-01-08 23:46:38 [main] DEBUG o.springframework.test.context.cache - Spring test ApplicationContext cache statistics: [DefaultContextCache@50e5032c size = 1, maxSize = 32, parentContextCount = 0, hitCount = 19, missCount = 1]
2018-01-08 23:46:38 [main] DEBUG o.s.t.c.c.DefaultCacheAwareContextLoaderDelegate - Retrieved ApplicationContext from cache with key [[WebMergedContextConfiguration@473b46c3 testClass = ProductServiceIT, locations = '{}', classes = '{class com.myshop.products.ProductApp, class com.myshop.products.ProductApp}', contextInitializerClasses = '[]', activeProfiles = '{}', propertySourceLocations = '{}', propertySourceProperties = '{org.springframework.boot.test.context.SpringBootTestContextBootstrapper=true, server.port=0}', contextCustomizers = set[org.springframework.boot.test.context.SpringBootTestContextCustomizer@6e6c3152, org.springframework.boot.test.context.filter.ExcludeFilterContextCustomizer@32709393, org.springframework.boot.test.mock.mockito.MockitoContextCustomizer@0, org.springframework.boot.test.autoconfigure.properties.PropertyMappingContextCustomizer@0, org.springframework.boot.test.autoconfigure.web.servlet.WebDriverContextCustomizerFactory$Customizer@10bbd20a], resourceBasePath = 'src/main/webapp', contextLoader = 'org.springframework.boot.test.context.SpringBootContextLoader', parent = [null]]]
2018-01-08 23:46:38 [main] DEBUG o.springframework.test.context.cache - Spring test ApplicationContext cache statistics: [DefaultContextCache@50e5032c size = 1, maxSize = 32, parentContextCount = 0, hitCount = 20, missCount = 1]
2018-01-08 23:46:38 [main] DEBUG o.s.t.c.c.DefaultCacheAwareContextLoaderDelegate - Retrieved ApplicationContext from cache with key [[WebMergedContextConfiguration@473b46c3 testClass = ProductServiceIT, locations = '{}', classes = '{class com.myshop.products.ProductApp, class com.myshop.products.ProductApp}', contextInitializerClasses = '[]', activeProfiles = '{}', propertySourceLocations = '{}', propertySourceProperties = '{org.springframework.boot.test.context.SpringBootTestContextBootstrapper=true, server.port=0}', contextCustomizers = set[org.springframework.boot.test.context.SpringBootTestContextCustomizer@6e6c3152, org.springframework.boot.test.context.filter.ExcludeFilterContextCustomizer@32709393, org.springframework.boot.test.mock.mockito.MockitoContextCustomizer@0, org.springframework.boot.test.autoconfigure.properties.PropertyMappingContextCustomizer@0, org.springframework.boot.test.autoconfigure.web.servlet.WebDriverContextCustomizerFactory$Customizer@10bbd20a], resourceBasePath = 'src/main/webapp', contextLoader = 'org.springframework.boot.test.context.SpringBootContextLoader', parent = [null]]]
2018-01-08 23:46:38 [main] DEBUG o.springframework.test.context.cache - Spring test ApplicationContext cache statistics: [DefaultContextCache@50e5032c size = 1, maxSize = 32, parentContextCount = 0, hitCount = 21, missCount = 1]
2018-01-08 23:46:38 [main] DEBUG o.s.t.c.c.DefaultCacheAwareContextLoaderDelegate - Retrieved ApplicationContext from cache with key [[WebMergedContextConfiguration@473b46c3 testClass = ProductServiceIT, locations = '{}', classes = '{class com.myshop.products.ProductApp, class com.myshop.products.ProductApp}', contextInitializerClasses = '[]', activeProfiles = '{}', propertySourceLocations = '{}', propertySourceProperties = '{org.springframework.boot.test.context.SpringBootTestContextBootstrapper=true, server.port=0}', contextCustomizers = set[org.springframework.boot.test.context.SpringBootTestContextCustomizer@6e6c3152, org.springframework.boot.test.context.filter.ExcludeFilterContextCustomizer@32709393, org.springframework.boot.test.mock.mockito.MockitoContextCustomizer@0, org.springframework.boot.test.autoconfigure.properties.PropertyMappingContextCustomizer@0, org.springframework.boot.test.autoconfigure.web.servlet.WebDriverContextCustomizerFactory$Customizer@10bbd20a], resourceBasePath = 'src/main/webapp', contextLoader = 'org.springframework.boot.test.context.SpringBootContextLoader', parent = [null]]]
2018-01-08 23:46:38 [main] DEBUG o.springframework.test.context.cache - Spring test ApplicationContext cache statistics: [DefaultContextCache@50e5032c size = 1, maxSize = 32, parentContextCount = 0, hitCount = 22, missCount = 1]
2018-01-08 23:46:38 [main] DEBUG o.s.b.f.s.DefaultListableBeanFactory - Returning cached instance of singleton bean 'org.springframework.context.annotation.internalConfigurationAnnotationProcessor'
2018-01-08 23:46:38 [main] DEBUG o.s.b.f.s.DefaultListableBeanFactory - Returning cached instance of singleton bean 'org.springframework.context.annotation.internalAutowiredAnnotationProcessor'
2018-01-08 23:46:38 [main] DEBUG o.s.b.f.s.DefaultListableBeanFactory - Returning cached instance of singleton bean 'org.springframework.context.annotation.internalRequiredAnnotationProcessor'
2018-01-08 23:46:38 [main] DEBUG o.s.b.f.s.DefaultListableBeanFactory - Returning cached instance of singleton bean 'org.springframework.context.annotation.internalCommonAnnotationProcessor'
2018-01-08 23:46:38 [main] DEBUG o.s.b.f.s.DefaultListableBeanFactory - Returning cached instance of singleton bean 'org.springframework.context.event.internalEventListenerProcessor'
2018-01-08 23:46:38 [main] DEBUG o.s.b.f.s.DefaultListableBeanFactory - Returning cached instance of singleton bean 'org.springframework.context.event.internalEventListenerFactory'
2018-01-08 23:46:38 [main] DEBUG o.s.b.f.s.DefaultListableBeanFactory - Returning cached instance of singleton bean 'testRestTemplate'
2018-01-08 23:46:38 [main] DEBUG o.s.b.f.s.DefaultListableBeanFactory - Returning cached instance of singleton bean 'org.springframework.boot.test.mock.mockito.MockitoPostProcessor$SpyPostProcessor'
2018-01-08 23:46:38 [main] DEBUG o.s.b.f.s.DefaultListableBeanFactory - Returning cached instance of singleton bean 'org.springframework.boot.test.mock.mockito.MockitoPostProcessor'
2018-01-08 23:46:38 [main] DEBUG o.s.b.f.s.DefaultListableBeanFactory - Returning cached instance of singleton bean 'productApp'
2018-01-08 23:46:38 [main] DEBUG o.s.b.f.s.DefaultListableBeanFactory - Returning cached instance of singleton bean 'org.springframework.boot.autoconfigure.internalCachingMetadataReaderFactory'
2018-01-08 23:46:38 [main] DEBUG o.s.b.f.s.DefaultListableBeanFactory - Returning cached instance of singleton bean 'org.springframework.context.annotation.ConfigurationClassPostProcessor.importAwareProcessor'
2018-01-08 23:46:38 [main] DEBUG o.s.b.f.s.DefaultListableBeanFactory - Returning cached instance of singleton bean 'org.springframework.context.annotation.ConfigurationClassPostProcessor.enhancedConfigurationProcessor'
2018-01-08 23:46:38 [main] DEBUG o.s.b.f.s.DefaultListableBeanFactory - Returning cached instance of singleton bean 'commonConfig'
2018-01-08 23:46:38 [main] DEBUG o.s.b.f.s.DefaultListableBeanFactory - Returning cached instance of singleton bean 'productController'
2018-01-08 23:46:38 [main] DEBUG o.s.b.f.s.DefaultListableBeanFactory - Returning cached instance of singleton bean 'productDAOImpl'
2018-01-08 23:46:38 [main] DEBUG o.s.b.f.s.DefaultListableBeanFactory - Returning cached instance of singleton bean 'productServiceImpl'
2018-01-08 23:46:38 [main] DEBUG o.s.b.f.s.DefaultListableBeanFactory - Returning cached instance of singleton bean 'myShopControllerAdvice'
2018-01-08 23:46:38 [main] DEBUG o.s.b.f.s.DefaultListableBeanFactory - Returning cached instance of singleton bean 'loggerfilter'
2018-01-08 23:46:38 [main] DEBUG o.s.b.f.s.DefaultListableBeanFactory - Returning cached instance of singleton bean 'servletComponentRegisteringPostProcessor'
2018-01-08 23:46:38 [main] DEBUG o.s.b.f.s.DefaultListableBeanFactory - Returning cached instance of singleton bean 'org.springframework.cloud.config.server.config.ConfigServerConfiguration'
2018-01-08 23:46:38 [main] DEBUG o.s.b.f.s.DefaultListableBeanFactory - Returning cached instance of singleton bean 'enableConfigServerMarker'
2018-01-08 23:46:38 [main] DEBUG o.s.b.f.s.DefaultListableBeanFactory - Returning cached instance of singleton bean 'org.springframework.boot.autoconfigure.AutoConfigurationPackages'
2018-01-08 23:46:38 [main] DEBUG o.s.b.f.s.DefaultListableBeanFactory - Returning cached instance of singleton bean 'org.springframework.boot.autoconfigure.PropertyPlaceholderAutoConfiguration'
2018-01-08 23:46:38 [main] DEBUG o.s.b.f.s.DefaultListableBeanFactory - Returning cached instance of singleton bean 'org.springframework.boot.autoconfigure.condition.BeanTypeRegistry'
2018-01-08 23:46:38 [main] DEBUG o.s.b.f.s.DefaultListableBeanFactory - Returning cached instance of singleton bean 'propertySourcesPlaceholderConfigurer'
2018-01-08 23:46:38 [main] DEBUG o.s.b.f.s.DefaultListableBeanFactory - Returning cached instance of singleton bean 'org.springframework.boot.autoconfigure.jackson.JacksonAutoConfiguration$Jackson2ObjectMapperBuilderCustomizerConfiguration'
2018-01-08 23:46:38 [main] DEBUG o.s.b.f.s.DefaultListableBeanFactory - Returning cached instance of singleton bean 'standardJacksonObjectMapperBuilderCustomizer'
2018-01-08 23:46:38 [main] DEBUG o.s.b.f.s.DefaultListableBeanFactory - Returning cached instance of singleton bean 'spring.jackson-org.springframework.boot.autoconfigure.jackson.JacksonProperties'
2018-01-08 23:46:38 [main] DEBUG o.s.b.f.s.DefaultListableBeanFactory - Returning cached instance of singleton bean 'org.springframework.boot.context.properties.ConfigurationPropertiesBindingPostProcessor'
2018-01-08 23:46:38 [main] DEBUG o.s.b.f.s.DefaultListableBeanFactory - Returning cached instance of singleton bean 'org.springframework.boot.context.properties.ConfigurationPropertiesBindingPostProcessor.store'
2018-01-08 23:46:38 [main] DEBUG o.s.b.f.s.DefaultListableBeanFactory - Returning cached instance of singleton bean 'org.springframework.boot.autoconfigure.jackson.JacksonAutoConfiguration$JacksonObjectMapperBuilderConfiguration'
2018-01-08 23:46:38 [main] DEBUG o.s.b.f.s.DefaultListableBeanFactory - Returning cached instance of singleton bean 'jacksonObjectMapperBuilder'
2018-01-08 23:46:38 [main] DEBUG o.s.b.f.s.DefaultListableBeanFactory - Returning cached instance of singleton bean 'org.springframework.boot.autoconfigure.jackson.JacksonAutoConfiguration$JacksonObjectMapperConfiguration'
2018-01-08 23:46:38 [main] DEBUG o.s.b.f.s.DefaultListableBeanFactory - Returning cached instance of singleton bean 'jacksonObjectMapper'
2018-01-08 23:46:38 [main] DEBUG o.s.b.f.s.DefaultListableBeanFactory - Returning cached instance of singleton bean 'org.springframework.boot.autoconfigure.jackson.JacksonAutoConfiguration'
2018-01-08 23:46:38 [main] DEBUG o.s.b.f.s.DefaultListableBeanFactory - Returning cached instance of singleton bean 'jsonComponentModule'
2018-01-08 23:46:38 [main] DEBUG o.s.b.f.s.DefaultListableBeanFactory - Returning cached instance of singleton bean 'org.springframework.boot.autoconfigure.websocket.WebSocketAutoConfiguration$TomcatWebSocketConfiguration'
2018-01-08 23:46:38 [main] DEBUG o.s.b.f.s.DefaultListableBeanFactory - Returning cached instance of singleton bean 'websocketContainerCustomizer'
2018-01-08 23:46:38 [main] DEBUG o.s.b.f.s.DefaultListableBeanFactory - Returning cached instance of singleton bean 'org.springframework.boot.autoconfigure.websocket.WebSocketAutoConfiguration'
2018-01-08 23:46:38 [main] DEBUG o.s.b.f.s.DefaultListableBeanFactory - Returning cached instance of singleton bean 'org.springframework.boot.autoconfigure.web.EmbeddedServletContainerAutoConfiguration$EmbeddedTomcat'
2018-01-08 23:46:38 [main] DEBUG o.s.b.f.s.DefaultListableBeanFactory - Returning cached instance of singleton bean 'tomcatEmbeddedServletContainerFactory'
2018-01-08 23:46:38 [main] DEBUG o.s.b.f.s.DefaultListableBeanFactory - Returning cached instance of singleton bean 'org.springframework.boot.autoconfigure.web.EmbeddedServletContainerAutoConfiguration'
2018-01-08 23:46:38 [main] DEBUG o.s.b.f.s.DefaultListableBeanFactory - Returning cached instance of singleton bean 'embeddedServletContainerCustomizerBeanPostProcessor'
2018-01-08 23:46:38 [main] DEBUG o.s.b.f.s.DefaultListableBeanFactory - Returning cached instance of singleton bean 'errorPageRegistrarBeanPostProcessor'
2018-01-08 23:46:38 [main] DEBUG o.s.b.f.s.DefaultListableBeanFactory - Returning cached instance of singleton bean 'org.springframework.boot.autoconfigure.web.DispatcherServletAutoConfiguration$DispatcherServletConfiguration'
2018-01-08 23:46:38 [main] DEBUG o.s.b.f.s.DefaultListableBeanFactory - Returning cached instance of singleton bean 'dispatcherServlet'
2018-01-08 23:46:38 [main] DEBUG o.s.b.f.s.DefaultListableBeanFactory - Returning cached instance of singleton bean 'spring.mvc-org.springframework.boot.autoconfigure.web.WebMvcProperties'
2018-01-08 23:46:38 [main] DEBUG o.s.b.f.s.DefaultListableBeanFactory - Returning cached instance of singleton bean 'org.springframework.boot.autoconfigure.web.DispatcherServletAutoConfiguration$DispatcherServletRegistrationConfiguration'
2018-01-08 23:46:38 [main] DEBUG o.s.b.f.s.DefaultListableBeanFactory - Returning cached instance of singleton bean 'dispatcherServletRegistration'
2018-01-08 23:46:38 [main] DEBUG o.s.b.f.s.DefaultListableBeanFactory - Returning cached instance of singleton bean 'org.springframework.boot.autoconfigure.web.DispatcherServletAutoConfiguration'
2018-01-08 23:46:38 [main] DEBUG o.s.b.f.s.DefaultListableBeanFactory - Returning cached instance of singleton bean 'org.springframework.boot.autoconfigure.web.ErrorMvcAutoConfiguration$WhitelabelErrorViewConfiguration'
2018-01-08 23:46:38 [main] DEBUG o.s.b.f.s.DefaultListableBeanFactory - Returning cached instance of singleton bean 'error'
2018-01-08 23:46:38 [main] DEBUG o.s.b.f.s.DefaultListableBeanFactory - Returning cached instance of singleton bean 'beanNameViewResolver'
2018-01-08 23:46:38 [main] DEBUG o.s.b.f.s.DefaultListableBeanFactory - Returning cached instance of singleton bean 'org.springframework.boot.autoconfigure.web.ErrorMvcAutoConfiguration'
2018-01-08 23:46:38 [main] DEBUG o.s.b.f.s.DefaultListableBeanFactory - Returning cached instance of singleton bean 'errorAttributes'
2018-01-08 23:46:38 [main] DEBUG o.s.b.f.s.DefaultListableBeanFactory - Returning cached instance of singleton bean 'basicErrorController'
2018-01-08 23:46:38 [main] DEBUG o.s.b.f.s.DefaultListableBeanFactory - Returning cached instance of singleton bean 'errorPageCustomizer'
2018-01-08 23:46:38 [main] DEBUG o.s.b.f.s.DefaultListableBeanFactory - Returning cached instance of singleton bean 'conventionErrorViewResolver'
2018-01-08 23:46:38 [main] DEBUG o.s.b.f.s.DefaultListableBeanFactory - Returning cached instance of singleton bean 'preserveErrorControllerTargetClassPostProcessor'
2018-01-08 23:46:38 [main] DEBUG o.s.b.f.s.DefaultListableBeanFactory - Returning cached instance of singleton bean 'spring.resources-org.springframework.boot.autoconfigure.web.ResourceProperties'
2018-01-08 23:46:38 [main] DEBUG o.s.b.f.s.DefaultListableBeanFactory - Returning cached instance of singleton bean 'org.springframework.boot.autoconfigure.web.WebMvcAutoConfiguration$EnableWebMvcConfiguration'
2018-01-08 23:46:38 [main] DEBUG o.s.b.f.s.DefaultListableBeanFactory - Returning cached instance of singleton bean 'requestMappingHandlerAdapter'
2018-01-08 23:46:38 [main] DEBUG o.s.b.f.s.DefaultListableBeanFactory - Returning cached instance of singleton bean 'requestMappingHandlerMapping'
2018-01-08 23:46:38 [main] DEBUG o.s.b.f.s.DefaultListableBeanFactory - Returning cached instance of singleton bean 'mvcPathMatcher'
2018-01-08 23:46:38 [main] DEBUG o.s.b.f.s.DefaultListableBeanFactory - Returning cached instance of singleton bean 'mvcUrlPathHelper'
2018-01-08 23:46:38 [main] DEBUG o.s.b.f.s.DefaultListableBeanFactory - Returning cached instance of singleton bean 'mvcContentNegotiationManager'
2018-01-08 23:46:38 [main] DEBUG o.s.b.f.s.DefaultListableBeanFactory - Returning cached instance of singleton bean 'viewControllerHandlerMapping'
2018-01-08 23:46:38 [main] DEBUG o.s.b.f.s.DefaultListableBeanFactory - Returning cached instance of singleton bean 'beanNameHandlerMapping'
2018-01-08 23:46:38 [main] DEBUG o.s.b.f.s.DefaultListableBeanFactory - Returning cached instance of singleton bean 'resourceHandlerMapping'
2018-01-08 23:46:38 [main] DEBUG o.s.b.f.s.DefaultListableBeanFactory - Returning cached instance of singleton bean 'mvcResourceUrlProvider'
2018-01-08 23:46:38 [main] DEBUG o.s.b.f.s.DefaultListableBeanFactory - Returning cached instance of singleton bean 'defaultServletHandlerMapping'
2018-01-08 23:46:38 [main] DEBUG o.s.b.f.s.DefaultListableBeanFactory - Returning cached instance of singleton bean 'mvcConversionService'
2018-01-08 23:46:38 [main] DEBUG o.s.b.f.s.DefaultListableBeanFactory - Returning cached instance of singleton bean 'mvcValidator'
2018-01-08 23:46:38 [main] DEBUG o.s.b.f.s.DefaultListableBeanFactory - Returning cached instance of singleton bean 'mvcUriComponentsContributor'
2018-01-08 23:46:38 [main] DEBUG o.s.b.f.s.DefaultListableBeanFactory - Returning cached instance of singleton bean 'httpRequestHandlerAdapter'
2018-01-08 23:46:38 [main] DEBUG o.s.b.f.s.DefaultListableBeanFactory - Returning cached instance of singleton bean 'simpleControllerHandlerAdapter'
2018-01-08 23:46:38 [main] DEBUG o.s.b.f.s.DefaultListableBeanFactory - Returning cached instance of singleton bean 'handlerExceptionResolver'
2018-01-08 23:46:38 [main] DEBUG o.s.b.f.s.DefaultListableBeanFactory - Returning cached instance of singleton bean 'mvcViewResolver'
2018-01-08 23:46:38 [main] DEBUG o.s.b.f.s.DefaultListableBeanFactory - Returning cached instance of singleton bean 'org.springframework.boot.autoconfigure.web.WebMvcAutoConfiguration$WebMvcAutoConfigurationAdapter$FaviconConfiguration'
2018-01-08 23:46:38 [main] DEBUG o.s.b.f.s.DefaultListableBeanFactory - Returning cached instance of singleton bean 'faviconHandlerMapping'
2018-01-08 23:46:38 [main] DEBUG o.s.b.f.s.DefaultListableBeanFactory - Returning cached instance of singleton bean 'faviconRequestHandler'
2018-01-08 23:46:38 [main] DEBUG o.s.b.f.s.DefaultListableBeanFactory - Returning cached instance of singleton bean 'org.springframework.boot.autoconfigure.web.WebMvcAutoConfiguration$WebMvcAutoConfigurationAdapter'
2018-01-08 23:46:38 [main] DEBUG o.s.b.f.s.DefaultListableBeanFactory - Returning cached instance of singleton bean 'defaultViewResolver'
2018-01-08 23:46:38 [main] DEBUG o.s.b.f.s.DefaultListableBeanFactory - Returning cached instance of singleton bean 'viewResolver'
2018-01-08 23:46:38 [main] DEBUG o.s.b.f.s.DefaultListableBeanFactory - Returning cached instance of singleton bean 'welcomePageHandlerMapping'
2018-01-08 23:46:38 [main] DEBUG o.s.b.f.s.DefaultListableBeanFactory - Returning cached instance of singleton bean 'requestContextFilter'
2018-01-08 23:46:38 [main] DEBUG o.s.b.f.s.DefaultListableBeanFactory - Returning cached instance of singleton bean 'org.springframework.boot.autoconfigure.web.WebMvcAutoConfiguration'
2018-01-08 23:46:38 [main] DEBUG o.s.b.f.s.DefaultListableBeanFactory - Returning cached instance of singleton bean 'hiddenHttpMethodFilter'
2018-01-08 23:46:38 [main] DEBUG o.s.b.f.s.DefaultListableBeanFactory - Returning cached instance of singleton bean 'httpPutFormContentFilter'
2018-01-08 23:46:38 [main] DEBUG o.s.b.f.s.DefaultListableBeanFactory - Returning cached instance of singleton bean 'org.springframework.cloud.commons.util.UtilAutoConfiguration'
2018-01-08 23:46:38 [main] DEBUG o.s.b.f.s.DefaultListableBeanFactory - Returning cached instance of singleton bean 'inetUtilsProperties'
2018-01-08 23:46:38 [main] DEBUG o.s.b.f.s.DefaultListableBeanFactory - Returning cached instance of singleton bean 'inetUtils'
2018-01-08 23:46:38 [main] DEBUG o.s.b.f.s.DefaultListableBeanFactory - Returning cached instance of singleton bean 'org.springframework.boot.actuate.autoconfigure.AuditAutoConfiguration$AuditEventRepositoryConfiguration'
2018-01-08 23:46:38 [main] DEBUG o.s.b.f.s.DefaultListableBeanFactory - Returning cached instance of singleton bean 'auditEventRepository'
2018-01-08 23:46:38 [main] DEBUG o.s.b.f.s.DefaultListableBeanFactory - Returning cached instance of singleton bean 'org.springframework.boot.actuate.autoconfigure.AuditAutoConfiguration'
2018-01-08 23:46:38 [main] DEBUG o.s.b.f.s.DefaultListableBeanFactory - Returning cached instance of singleton bean 'auditListener'
2018-01-08 23:46:38 [main] DEBUG o.s.b.f.s.DefaultListableBeanFactory - Returning cached instance of singleton bean 'org.springframework.boot.autoconfigure.jdbc.DataSourceConfiguration$Tomcat'
2018-01-08 23:46:38 [main] DEBUG o.s.b.f.s.DefaultListableBeanFactory - Returning cached instance of singleton bean 'dataSource'
2018-01-08 23:46:38 [main] DEBUG o.s.b.f.s.DefaultListableBeanFactory - Returning cached instance of singleton bean 'org.springframework.boot.autoconfigure.jdbc.DataSourceAutoConfiguration$PooledDataSourceConfiguration'
2018-01-08 23:46:38 [main] DEBUG o.s.b.f.s.DefaultListableBeanFactory - Returning cached instance of singleton bean 'org.springframework.boot.autoconfigure.jdbc.metadata.DataSourcePoolMetadataProvidersConfiguration$TomcatDataSourcePoolMetadataProviderConfiguration'
2018-01-08 23:46:38 [main] DEBUG o.s.b.f.s.DefaultListableBeanFactory - Returning cached instance of singleton bean 'tomcatPoolDataSourceMetadataProvider'
2018-01-08 23:46:38 [main] DEBUG o.s.b.f.s.DefaultListableBeanFactory - Returning cached instance of singleton bean 'org.springframework.boot.autoconfigure.jdbc.metadata.DataSourcePoolMetadataProvidersConfiguration'
2018-01-08 23:46:38 [main] DEBUG o.s.b.f.s.DefaultListableBeanFactory - Returning cached instance of singleton bean 'org.springframework.boot.autoconfigure.jdbc.DataSourceAutoConfiguration'
2018-01-08 23:46:38 [main] DEBUG o.s.b.f.s.DefaultListableBeanFactory - Returning cached instance of singleton bean 'dataSourceInitializer'
2018-01-08 23:46:38 [main] DEBUG o.s.b.f.s.DefaultListableBeanFactory - Returning cached instance of singleton bean 'spring.datasource-org.springframework.boot.autoconfigure.jdbc.DataSourceProperties'
2018-01-08 23:46:38 [main] DEBUG o.s.b.f.s.DefaultListableBeanFactory - Returning cached instance of singleton bean 'dataSourceInitializerPostProcessor'
2018-01-08 23:46:38 [main] DEBUG o.s.b.f.s.DefaultListableBeanFactory - Returning cached instance of singleton bean 'org.springframework.boot.autoconfigure.info.ProjectInfoAutoConfiguration'
2018-01-08 23:46:38 [main] DEBUG o.s.b.f.s.DefaultListableBeanFactory - Returning cached instance of singleton bean 'spring.info-org.springframework.boot.autoconfigure.info.ProjectInfoProperties'
2018-01-08 23:46:38 [main] DEBUG o.s.b.f.s.DefaultListableBeanFactory - Returning cached instance of singleton bean 'org.springframework.boot.actuate.autoconfigure.InfoContributorAutoConfiguration'
2018-01-08 23:46:38 [main] DEBUG o.s.b.f.s.DefaultListableBeanFactory - Returning cached instance of singleton bean 'envInfoContributor'
2018-01-08 23:46:38 [main] DEBUG o.s.b.f.s.DefaultListableBeanFactory - Returning cached instance of singleton bean 'management.info-org.springframework.boot.actuate.autoconfigure.InfoContributorProperties'
2018-01-08 23:46:38 [main] DEBUG o.s.b.f.s.DefaultListableBeanFactory - Returning cached instance of singleton bean 'org.springframework.boot.actuate.autoconfigure.HealthIndicatorAutoConfiguration$DiskSpaceHealthIndicatorConfiguration'
2018-01-08 23:46:38 [main] DEBUG o.s.b.f.s.DefaultListableBeanFactory - Returning cached instance of singleton bean 'diskSpaceHealthIndicator'
2018-01-08 23:46:38 [main] DEBUG o.s.b.f.s.DefaultListableBeanFactory - Returning cached instance of singleton bean 'diskSpaceHealthIndicatorProperties'
2018-01-08 23:46:38 [main] DEBUG o.s.b.f.s.DefaultListableBeanFactory - Returning cached instance of singleton bean 'org.springframework.boot.actuate.autoconfigure.HealthIndicatorAutoConfiguration$DataSourcesHealthIndicatorConfiguration'
2018-01-08 23:46:38 [main] DEBUG o.s.b.f.s.DefaultListableBeanFactory - Returning cached instance of singleton bean 'dbHealthIndicator'
2018-01-08 23:46:38 [main] DEBUG o.s.b.f.s.DefaultListableBeanFactory - Returning cached instance of singleton bean 'org.springframework.boot.actuate.autoconfigure.HealthIndicatorAutoConfiguration'
2018-01-08 23:46:38 [main] DEBUG o.s.b.f.s.DefaultListableBeanFactory - Returning cached instance of singleton bean 'healthAggregator'
2018-01-08 23:46:38 [main] DEBUG o.s.b.f.s.DefaultListableBeanFactory - Returning cached instance of singleton bean 'management.health.status-org.springframework.boot.actuate.autoconfigure.HealthIndicatorProperties'
2018-01-08 23:46:38 [main] DEBUG o.s.b.f.s.DefaultListableBeanFactory - Returning cached instance of singleton bean 'org.springframework.boot.actuate.autoconfigure.MetricRepositoryAutoConfiguration$FastMetricServicesConfiguration'
2018-01-08 23:46:38 [main] DEBUG o.s.b.f.s.DefaultListableBeanFactory - Returning cached instance of singleton bean 'counterBuffers'
2018-01-08 23:46:38 [main] DEBUG o.s.b.f.s.DefaultListableBeanFactory - Returning cached instance of singleton bean 'gaugeBuffers'
2018-01-08 23:46:38 [main] DEBUG o.s.b.f.s.DefaultListableBeanFactory - Returning cached instance of singleton bean 'actuatorMetricReader'
2018-01-08 23:46:38 [main] DEBUG o.s.b.f.s.DefaultListableBeanFactory - Returning cached instance of singleton bean 'counterService'
2018-01-08 23:46:38 [main] DEBUG o.s.b.f.s.DefaultListableBeanFactory - Returning cached instance of singleton bean 'gaugeService'
2018-01-08 23:46:38 [main] DEBUG o.s.b.f.s.DefaultListableBeanFactory - Returning cached instance of singleton bean 'org.springframework.boot.actuate.autoconfigure.MetricRepositoryAutoConfiguration'
2018-01-08 23:46:38 [main] DEBUG o.s.b.f.s.DefaultListableBeanFactory - Returning cached instance of singleton bean 'org.springframework.boot.actuate.autoconfigure.PublicMetricsAutoConfiguration$TomcatMetricsConfiguration'
2018-01-08 23:46:38 [main] DEBUG o.s.b.f.s.DefaultListableBeanFactory - Returning cached instance of singleton bean 'tomcatPublicMetrics'
2018-01-08 23:46:38 [main] DEBUG o.s.b.f.s.DefaultListableBeanFactory - Returning cached instance of singleton bean 'org.springframework.boot.actuate.autoconfigure.PublicMetricsAutoConfiguration$DataSourceMetricsConfiguration'
2018-01-08 23:46:38 [main] DEBUG o.s.b.f.s.DefaultListableBeanFactory - Returning cached instance of singleton bean 'dataSourcePublicMetrics'
2018-01-08 23:46:38 [main] DEBUG o.s.b.f.s.DefaultListableBeanFactory - Returning cached instance of singleton bean 'org.springframework.boot.actuate.autoconfigure.PublicMetricsAutoConfiguration'
2018-01-08 23:46:38 [main] DEBUG o.s.b.f.s.DefaultListableBeanFactory - Returning cached instance of singleton bean 'systemPublicMetrics'
2018-01-08 23:46:38 [main] DEBUG o.s.b.f.s.DefaultListableBeanFactory - Returning cached instance of singleton bean 'metricReaderPublicMetrics'
2018-01-08 23:46:38 [main] DEBUG o.s.b.f.s.DefaultListableBeanFactory - Returning cached instance of singleton bean 'org.springframework.boot.actuate.autoconfigure.EndpointAutoConfiguration$RequestMappingEndpointConfiguration'
2018-01-08 23:46:38 [main] DEBUG o.s.b.f.s.DefaultListableBeanFactory - Returning cached instance of singleton bean 'requestMappingEndpoint'
2018-01-08 23:46:38 [main] DEBUG o.s.b.f.s.DefaultListableBeanFactory - Returning cached instance of singleton bean 'org.springframework.boot.actuate.autoconfigure.EndpointAutoConfiguration'
2018-01-08 23:46:38 [main] DEBUG o.s.b.f.s.DefaultListableBeanFactory - Returning cached instance of singleton bean 'environmentEndpoint'
2018-01-08 23:46:38 [main] DEBUG o.s.b.f.s.DefaultListableBeanFactory - Returning cached instance of singleton bean 'healthEndpoint'
2018-01-08 23:46:38 [main] DEBUG o.s.b.f.s.DefaultListableBeanFactory - Returning cached instance of singleton bean 'beansEndpoint'
2018-01-08 23:46:38 [main] DEBUG o.s.b.f.s.DefaultListableBeanFactory - Returning cached instance of singleton bean 'infoEndpoint'
2018-01-08 23:46:38 [main] DEBUG o.s.b.f.s.DefaultListableBeanFactory - Returning cached instance of singleton bean 'metricsEndpoint'
2018-01-08 23:46:38 [main] DEBUG o.s.b.f.s.DefaultListableBeanFactory - Returning cached instance of singleton bean 'traceEndpoint'
2018-01-08 23:46:38 [main] DEBUG o.s.b.f.s.DefaultListableBeanFactory - Returning cached instance of singleton bean 'dumpEndpoint'
2018-01-08 23:46:38 [main] DEBUG o.s.b.f.s.DefaultListableBeanFactory - Returning cached instance of singleton bean 'autoConfigurationReportEndpoint'
2018-01-08 23:46:38 [main] DEBUG o.s.b.f.s.DefaultListableBeanFactory - Returning cached instance of singleton bean 'shutdownEndpoint'
2018-01-08 23:46:38 [main] DEBUG o.s.b.f.s.DefaultListableBeanFactory - Returning cached instance of singleton bean 'configurationPropertiesReportEndpoint'
2018-01-08 23:46:38 [main] DEBUG o.s.b.f.s.DefaultListableBeanFactory - Returning cached instance of singleton bean 'endpoints-org.springframework.boot.actuate.endpoint.EndpointProperties'
2018-01-08 23:46:38 [main] DEBUG o.s.b.f.s.DefaultListableBeanFactory - Returning cached instance of singleton bean 'org.springframework.boot.autoconfigure.web.ServerPropertiesAutoConfiguration'
2018-01-08 23:46:38 [main] DEBUG o.s.b.f.s.DefaultListableBeanFactory - Returning cached instance of singleton bean 'serverProperties'
2018-01-08 23:46:38 [main] DEBUG o.s.b.f.s.DefaultListableBeanFactory - Returning cached instance of singleton bean 'duplicateServerPropertiesDetector'
2018-01-08 23:46:38 [main] DEBUG o.s.b.f.s.DefaultListableBeanFactory - Returning cached instance of singleton bean 'org.springframework.boot.actuate.autoconfigure.ManagementServerPropertiesAutoConfiguration'
2018-01-08 23:46:38 [main] DEBUG o.s.b.f.s.DefaultListableBeanFactory - Returning cached instance of singleton bean 'managementServerProperties'
2018-01-08 23:46:38 [main] DEBUG o.s.b.f.s.DefaultListableBeanFactory - Returning cached instance of singleton bean 'org.springframework.boot.autoconfigure.web.HttpMessageConvertersAutoConfiguration$StringHttpMessageConverterConfiguration'
2018-01-08 23:46:38 [main] DEBUG o.s.b.f.s.DefaultListableBeanFactory - Returning cached instance of singleton bean 'stringHttpMessageConverter'
2018-01-08 23:46:38 [main] DEBUG o.s.b.f.s.DefaultListableBeanFactory - Returning cached instance of singleton bean 'spring.http.encoding-org.springframework.boot.autoconfigure.web.HttpEncodingProperties'
2018-01-08 23:46:38 [main] DEBUG o.s.b.f.s.DefaultListableBeanFactory - Returning cached instance of singleton bean 'org.springframework.boot.autoconfigure.web.JacksonHttpMessageConvertersConfiguration$MappingJackson2XmlHttpMessageConverterConfiguration'
2018-01-08 23:46:38 [main] DEBUG o.s.b.f.s.DefaultListableBeanFactory - Returning cached instance of singleton bean 'mappingJackson2XmlHttpMessageConverter'
2018-01-08 23:46:38 [main] DEBUG o.s.b.f.s.DefaultListableBeanFactory - Returning cached instance of singleton bean 'org.springframework.boot.autoconfigure.web.JacksonHttpMessageConvertersConfiguration$MappingJackson2HttpMessageConverterConfiguration'
2018-01-08 23:46:38 [main] DEBUG o.s.b.f.s.DefaultListableBeanFactory - Returning cached instance of singleton bean 'mappingJackson2HttpMessageConverter'
2018-01-08 23:46:38 [main] DEBUG o.s.b.f.s.DefaultListableBeanFactory - Returning cached instance of singleton bean 'org.springframework.boot.autoconfigure.web.JacksonHttpMessageConvertersConfiguration'
2018-01-08 23:46:38 [main] DEBUG o.s.b.f.s.DefaultListableBeanFactory - Returning cached instance of singleton bean 'org.springframework.boot.autoconfigure.web.HttpMessageConvertersAutoConfiguration'
2018-01-08 23:46:38 [main] DEBUG o.s.b.f.s.DefaultListableBeanFactory - Returning cached instance of singleton bean 'messageConverters'
2018-01-08 23:46:38 [main] DEBUG o.s.b.f.s.DefaultListableBeanFactory - Returning cached instance of singleton bean 'org.springframework.boot.actuate.autoconfigure.EndpointWebMvcManagementContextConfiguration'
2018-01-08 23:46:38 [main] DEBUG o.s.b.f.s.DefaultListableBeanFactory - Returning cached instance of singleton bean 'endpointHandlerMapping'
2018-01-08 23:46:38 [main] DEBUG o.s.b.f.s.DefaultListableBeanFactory - Returning cached instance of singleton bean 'mvcEndpoints'
2018-01-08 23:46:38 [main] DEBUG o.s.b.f.s.DefaultListableBeanFactory - Returning cached instance of singleton bean 'environmentMvcEndpoint'
2018-01-08 23:46:38 [main] DEBUG o.s.b.f.s.DefaultListableBeanFactory - Returning cached instance of singleton bean 'heapdumpMvcEndpoint'
2018-01-08 23:46:38 [main] DEBUG o.s.b.f.s.DefaultListableBeanFactory - Returning cached instance of singleton bean 'healthMvcEndpoint'
2018-01-08 23:46:38 [main] DEBUG o.s.b.f.s.DefaultListableBeanFactory - Returning cached instance of singleton bean 'metricsMvcEndpoint'
2018-01-08 23:46:38 [main] DEBUG o.s.b.f.s.DefaultListableBeanFactory - Returning cached instance of singleton bean 'endpoints.health-org.springframework.boot.actuate.autoconfigure.HealthMvcEndpointProperties'
2018-01-08 23:46:38 [main] DEBUG o.s.b.f.s.DefaultListableBeanFactory - Returning cached instance of singleton bean 'endpoints.cors-org.springframework.boot.actuate.autoconfigure.EndpointCorsProperties'
2018-01-08 23:46:38 [main] DEBUG o.s.b.f.s.DefaultListableBeanFactory - Returning cached instance of singleton bean 'org.springframework.boot.actuate.autoconfigure.EndpointWebMvcAutoConfiguration$EndpointWebMvcConfiguration'
2018-01-08 23:46:38 [main] DEBUG o.s.b.f.s.DefaultListableBeanFactory - Returning cached instance of singleton bean 'org.springframework.boot.actuate.autoconfigure.EndpointWebMvcAutoConfiguration$ApplicationContextFilterConfiguration'
2018-01-08 23:46:38 [main] DEBUG o.s.b.f.s.DefaultListableBeanFactory - Returning cached instance of singleton bean 'applicationContextIdFilter'
2018-01-08 23:46:38 [main] DEBUG o.s.b.f.s.DefaultListableBeanFactory - Returning cached instance of singleton bean 'org.springframework.boot.actuate.autoconfigure.EndpointWebMvcAutoConfiguration'
2018-01-08 23:46:38 [main] DEBUG o.s.b.f.s.DefaultListableBeanFactory - Returning cached instance of singleton bean 'managementContextResolver'
2018-01-08 23:46:38 [main] DEBUG o.s.b.f.s.DefaultListableBeanFactory - Returning cached instance of singleton bean 'managementServletContext'
2018-01-08 23:46:38 [main] DEBUG o.s.b.f.s.DefaultListableBeanFactory - Returning cached instance of singleton bean 'org.springframework.boot.actuate.autoconfigure.MetricExportAutoConfiguration$MetricExportPropertiesConfiguration'
2018-01-08 23:46:38 [main] DEBUG o.s.b.f.s.DefaultListableBeanFactory - Returning cached instance of singleton bean 'spring.metrics.export-org.springframework.boot.actuate.metrics.export.MetricExportProperties'
2018-01-08 23:46:38 [main] DEBUG o.s.b.f.s.DefaultListableBeanFactory - Returning cached instance of singleton bean 'org.springframework.boot.actuate.autoconfigure.MetricExportAutoConfiguration$StatsdConfiguration'
2018-01-08 23:46:38 [main] DEBUG o.s.b.f.s.DefaultListableBeanFactory - Returning cached instance of singleton bean 'org.springframework.scheduling.annotation.SchedulingConfiguration'
2018-01-08 23:46:38 [main] DEBUG o.s.b.f.s.DefaultListableBeanFactory - Returning cached instance of singleton bean 'org.springframework.context.annotation.internalScheduledAnnotationProcessor'
2018-01-08 23:46:38 [main] DEBUG o.s.b.f.s.DefaultListableBeanFactory - Returning cached instance of singleton bean 'org.springframework.boot.actuate.autoconfigure.MetricExportAutoConfiguration'
2018-01-08 23:46:38 [main] DEBUG o.s.b.f.s.DefaultListableBeanFactory - Returning cached instance of singleton bean 'metricWritersMetricExporter'
2018-01-08 23:46:38 [main] DEBUG o.s.b.f.s.DefaultListableBeanFactory - Returning cached instance of singleton bean 'org.springframework.boot.actuate.autoconfigure.MetricFilterAutoConfiguration'
2018-01-08 23:46:38 [main] DEBUG o.s.b.f.s.DefaultListableBeanFactory - Returning cached instance of singleton bean 'metricsFilter'
2018-01-08 23:46:38 [main] DEBUG o.s.b.f.s.DefaultListableBeanFactory - Returning cached instance of singleton bean 'endpoints.metrics.filter-org.springframework.boot.actuate.autoconfigure.MetricFilterProperties'
2018-01-08 23:46:38 [main] DEBUG o.s.b.f.s.DefaultListableBeanFactory - Returning cached instance of singleton bean 'org.springframework.boot.actuate.autoconfigure.TraceRepositoryAutoConfiguration'
2018-01-08 23:46:38 [main] DEBUG o.s.b.f.s.DefaultListableBeanFactory - Returning cached instance of singleton bean 'traceRepository'
2018-01-08 23:46:38 [main] DEBUG o.s.b.f.s.DefaultListableBeanFactory - Returning cached instance of singleton bean 'org.springframework.boot.actuate.autoconfigure.TraceWebFilterAutoConfiguration'
2018-01-08 23:46:38 [main] DEBUG o.s.b.f.s.DefaultListableBeanFactory - Returning cached instance of singleton bean 'webRequestLoggingFilter'
2018-01-08 23:46:38 [main] DEBUG o.s.b.f.s.DefaultListableBeanFactory - Returning cached instance of singleton bean 'management.trace-org.springframework.boot.actuate.trace.TraceProperties'
2018-01-08 23:46:38 [main] DEBUG o.s.b.f.s.DefaultListableBeanFactory - Returning cached instance of singleton bean 'org.springframework.boot.autoconfigure.context.ConfigurationPropertiesAutoConfiguration'
2018-01-08 23:46:38 [main] DEBUG o.s.b.f.s.DefaultListableBeanFactory - Returning cached instance of singleton bean 'org.springframework.boot.autoconfigure.dao.PersistenceExceptionTranslationAutoConfiguration'
2018-01-08 23:46:38 [main] DEBUG o.s.b.f.s.DefaultListableBeanFactory - Returning cached instance of singleton bean 'persistenceExceptionTranslationPostProcessor'
2018-01-08 23:46:38 [main] DEBUG o.s.b.f.s.DefaultListableBeanFactory - Returning cached instance of singleton bean 'org.springframework.transaction.annotation.ProxyTransactionManagementConfiguration'
2018-01-08 23:46:38 [main] DEBUG o.s.b.f.s.DefaultListableBeanFactory - Returning cached instance of singleton bean 'org.springframework.transaction.config.internalTransactionAdvisor'
2018-01-08 23:46:38 [main] DEBUG o.s.b.f.s.DefaultListableBeanFactory - Returning cached instance of singleton bean 'transactionAttributeSource'
2018-01-08 23:46:38 [main] DEBUG o.s.b.f.s.DefaultListableBeanFactory - Returning cached instance of singleton bean 'transactionInterceptor'
2018-01-08 23:46:38 [main] DEBUG o.s.b.f.s.DefaultListableBeanFactory - Returning cached instance of singleton bean 'org.springframework.transaction.config.internalTransactionalEventListenerFactory'
2018-01-08 23:46:38 [main] DEBUG o.s.b.f.s.DefaultListableBeanFactory - Returning cached instance of singleton bean 'org.springframework.boot.autoconfigure.jdbc.DataSourceTransactionManagerAutoConfiguration$TransactionManagementConfiguration'
2018-01-08 23:46:38 [main] DEBUG o.s.b.f.s.DefaultListableBeanFactory - Returning cached instance of singleton bean 'org.springframework.aop.config.internalAutoProxyCreator'
2018-01-08 23:46:38 [main] DEBUG o.s.b.f.s.DefaultListableBeanFactory - Returning cached instance of singleton bean 'org.springframework.boot.autoconfigure.jdbc.DataSourceTransactionManagerAutoConfiguration$DataSourceTransactionManagerConfiguration'
2018-01-08 23:46:38 [main] DEBUG o.s.b.f.s.DefaultListableBeanFactory - Returning cached instance of singleton bean 'transactionManager'
2018-01-08 23:46:38 [main] DEBUG o.s.b.f.s.DefaultListableBeanFactory - Returning cached instance of singleton bean 'org.springframework.boot.autoconfigure.jdbc.DataSourceTransactionManagerAutoConfiguration'
2018-01-08 23:46:38 [main] DEBUG o.s.b.f.s.DefaultListableBeanFactory - Returning cached instance of singleton bean 'org.springframework.boot.autoconfigure.jdbc.JdbcTemplateAutoConfiguration'
2018-01-08 23:46:38 [main] DEBUG o.s.b.f.s.DefaultListableBeanFactory - Returning cached instance of singleton bean 'jdbcTemplate'
2018-01-08 23:46:38 [main] DEBUG o.s.b.f.s.DefaultListableBeanFactory - Returning cached instance of singleton bean 'namedParameterJdbcTemplate'
2018-01-08 23:46:38 [main] DEBUG o.s.b.f.s.DefaultListableBeanFactory - Returning cached instance of singleton bean 'org.springframework.boot.autoconfigure.transaction.TransactionAutoConfiguration'
2018-01-08 23:46:38 [main] DEBUG o.s.b.f.s.DefaultListableBeanFactory - Returning cached instance of singleton bean 'transactionTemplate'
2018-01-08 23:46:38 [main] DEBUG o.s.b.f.s.DefaultListableBeanFactory - Returning cached instance of singleton bean 'org.springframework.boot.autoconfigure.web.HttpEncodingAutoConfiguration'
2018-01-08 23:46:38 [main] DEBUG o.s.b.f.s.DefaultListableBeanFactory - Returning cached instance of singleton bean 'characterEncodingFilter'
2018-01-08 23:46:38 [main] DEBUG o.s.b.f.s.DefaultListableBeanFactory - Returning cached instance of singleton bean 'localeCharsetMappingsCustomizer'
2018-01-08 23:46:38 [main] DEBUG o.s.b.f.s.DefaultListableBeanFactory - Returning cached instance of singleton bean 'org.springframework.boot.autoconfigure.web.MultipartAutoConfiguration'
2018-01-08 23:46:38 [main] DEBUG o.s.b.f.s.DefaultListableBeanFactory - Returning cached instance of singleton bean 'multipartConfigElement'
2018-01-08 23:46:38 [main] DEBUG o.s.b.f.s.DefaultListableBeanFactory - Returning cached instance of singleton bean 'multipartResolver'
2018-01-08 23:46:38 [main] DEBUG o.s.b.f.s.DefaultListableBeanFactory - Returning cached instance of singleton bean 'spring.http.multipart-org.springframework.boot.autoconfigure.web.MultipartProperties'
2018-01-08 23:46:38 [main] DEBUG o.s.b.f.s.DefaultListableBeanFactory - Returning cached instance of singleton bean 'org.springframework.boot.autoconfigure.web.WebClientAutoConfiguration$RestTemplateConfiguration'
2018-01-08 23:46:38 [main] DEBUG o.s.b.f.s.DefaultListableBeanFactory - Returning cached instance of singleton bean 'restTemplateBuilder'
2018-01-08 23:46:38 [main] DEBUG o.s.b.f.s.DefaultListableBeanFactory - Returning cached instance of singleton bean 'org.springframework.boot.autoconfigure.web.WebClientAutoConfiguration'
2018-01-08 23:46:38 [main] DEBUG o.s.b.f.s.DefaultListableBeanFactory - Returning cached instance of singleton bean 'org.springframework.cloud.autoconfigure.ConfigurationPropertiesRebinderAutoConfiguration'
2018-01-08 23:46:38 [main] DEBUG o.s.b.f.s.DefaultListableBeanFactory - Returning cached instance of singleton bean 'configurationPropertiesBeans'
2018-01-08 23:46:38 [main] DEBUG o.s.b.f.s.DefaultListableBeanFactory - Returning cached instance of singleton bean 'configurationPropertiesRebinder'
2018-01-08 23:46:38 [main] DEBUG o.s.b.f.s.DefaultListableBeanFactory - Returning cached instance of singleton bean 'org.springframework.cloud.autoconfigure.RefreshEndpointAutoConfiguration$RefreshEndpointConfiguration'
2018-01-08 23:46:38 [main] DEBUG o.s.b.f.s.DefaultListableBeanFactory - Returning cached instance of singleton bean 'refreshEndpoint'
2018-01-08 23:46:38 [main] DEBUG o.s.b.f.s.DefaultListableBeanFactory - Returning cached instance of singleton bean 'refreshEventListener'
2018-01-08 23:46:38 [main] DEBUG o.s.b.f.s.DefaultListableBeanFactory - Returning cached instance of singleton bean 'org.springframework.cloud.autoconfigure.RefreshEndpointAutoConfiguration$RestartEndpointWithoutIntegration'
2018-01-08 23:46:38 [main] DEBUG o.s.b.f.s.DefaultListableBeanFactory - Returning cached instance of singleton bean 'restartEndpoint'
2018-01-08 23:46:38 [main] DEBUG o.s.b.f.s.DefaultListableBeanFactory - Returning cached instance of singleton bean 'org.springframework.cloud.autoconfigure.RefreshEndpointAutoConfiguration'
2018-01-08 23:46:38 [main] DEBUG o.s.b.f.s.DefaultListableBeanFactory - Returning cached instance of singleton bean 'refreshScopeHealthIndicator'
2018-01-08 23:46:38 [main] DEBUG o.s.b.f.s.DefaultListableBeanFactory - Returning cached instance of singleton bean 'pauseEndpoint'
2018-01-08 23:46:38 [main] DEBUG o.s.b.f.s.DefaultListableBeanFactory - Returning cached instance of singleton bean 'resumeEndpoint'
2018-01-08 23:46:38 [main] DEBUG o.s.b.f.s.DefaultListableBeanFactory - Returning cached instance of singleton bean 'org.springframework.cloud.autoconfigure.LifecycleMvcEndpointAutoConfiguration'
2018-01-08 23:46:38 [main] DEBUG o.s.b.f.s.DefaultListableBeanFactory - Returning cached instance of singleton bean 'environmentManagerEndpoint'
2018-01-08 23:46:38 [main] DEBUG o.s.b.f.s.DefaultListableBeanFactory - Returning cached instance of singleton bean 'refreshMvcEndpoint'
2018-01-08 23:46:38 [main] DEBUG o.s.b.f.s.DefaultListableBeanFactory - Returning cached instance of singleton bean 'restartMvcEndpoint'
2018-01-08 23:46:38 [main] DEBUG o.s.b.f.s.DefaultListableBeanFactory - Returning cached instance of singleton bean 'pauseMvcEndpoint'
2018-01-08 23:46:38 [main] DEBUG o.s.b.f.s.DefaultListableBeanFactory - Returning cached instance of singleton bean 'resumeMvcEndpoint'
2018-01-08 23:46:38 [main] DEBUG o.s.b.f.s.DefaultListableBeanFactory - Returning cached instance of singleton bean 'org.springframework.cloud.autoconfigure.RefreshAutoConfiguration$RefreshScopeConfiguration'
2018-01-08 23:46:38 [main] DEBUG o.s.b.f.s.DefaultListableBeanFactory - Returning cached instance of singleton bean 'org.springframework.cloud.autoconfigure.RefreshAutoConfiguration'
2018-01-08 23:46:38 [main] DEBUG o.s.b.f.s.DefaultListableBeanFactory - Returning cached instance of singleton bean 'loggingRebinder'
2018-01-08 23:46:38 [main] DEBUG o.s.b.f.s.DefaultListableBeanFactory - Returning cached instance of singleton bean 'environmentManager'
2018-01-08 23:46:38 [main] DEBUG o.s.b.f.s.DefaultListableBeanFactory - Returning cached instance of singleton bean 'contextRefresher'
2018-01-08 23:46:38 [main] DEBUG o.s.b.f.s.DefaultListableBeanFactory - Returning cached instance of singleton bean 'org.springframework.cloud.client.discovery.noop.NoopDiscoveryClientAutoConfiguration'
2018-01-08 23:46:38 [main] DEBUG o.s.b.f.s.DefaultListableBeanFactory - Returning cached instance of singleton bean 'discoveryClient'
2018-01-08 23:46:38 [main] DEBUG o.s.b.f.s.DefaultListableBeanFactory - Returning cached instance of singleton bean 'org.springframework.cloud.config.client.ConfigClientAutoConfiguration'
2018-01-08 23:46:38 [main] DEBUG o.s.b.f.s.DefaultListableBeanFactory - Returning cached instance of singleton bean 'configClientProperties'
2018-01-08 23:46:38 [main] DEBUG o.s.b.f.s.DefaultListableBeanFactory - Returning cached instance of singleton bean 'configClientHealthProperties'
2018-01-08 23:46:38 [main] DEBUG o.s.b.f.s.DefaultListableBeanFactory - Returning cached instance of singleton bean 'org.springframework.cloud.config.server.config.EnvironmentRepositoryConfiguration$DefaultEnvironmentWatch'
2018-01-08 23:46:38 [main] DEBUG o.s.b.f.s.DefaultListableBeanFactory - Returning cached instance of singleton bean 'environmentWatch'
2018-01-08 23:46:38 [main] DEBUG o.s.b.f.s.DefaultListableBeanFactory - Returning cached instance of singleton bean 'org.springframework.cloud.config.server.config.EnvironmentRepositoryConfiguration$GitRepositoryConfiguration'
2018-01-08 23:46:38 [main] DEBUG o.s.b.f.s.DefaultListableBeanFactory - Returning cached instance of singleton bean 'environmentRepository'
2018-01-08 23:46:38 [main] DEBUG o.s.b.f.s.DefaultListableBeanFactory - Returning cached instance of singleton bean 'org.springframework.cloud.config.server.config.EnvironmentRepositoryConfiguration'
2018-01-08 23:46:38 [main] DEBUG o.s.b.f.s.DefaultListableBeanFactory - Returning cached instance of singleton bean 'configServerHealthIndicator'
2018-01-08 23:46:38 [main] DEBUG o.s.b.f.s.DefaultListableBeanFactory - Returning cached instance of singleton bean 'org.springframework.cloud.config.server.config.ResourceRepositoryConfiguration'
2018-01-08 23:46:38 [main] DEBUG o.s.b.f.s.DefaultListableBeanFactory - Returning cached instance of singleton bean 'resourceRepository'
2018-01-08 23:46:38 [main] DEBUG o.s.b.f.s.DefaultListableBeanFactory - Returning cached instance of singleton bean 'spring.cloud.config.server-org.springframework.cloud.config.server.config.ConfigServerProperties'
2018-01-08 23:46:38 [main] DEBUG o.s.b.f.s.DefaultListableBeanFactory - Returning cached instance of singleton bean 'org.springframework.cloud.config.server.config.ConfigServerEncryptionConfiguration'
2018-01-08 23:46:38 [main] DEBUG o.s.b.f.s.DefaultListableBeanFactory - Returning cached instance of singleton bean 'encryptionController'
2018-01-08 23:46:38 [main] DEBUG o.s.b.f.s.DefaultListableBeanFactory - Returning cached instance of singleton bean 'org.springframework.cloud.config.server.config.ConfigServerMvcConfiguration'
2018-01-08 23:46:38 [main] DEBUG o.s.b.f.s.DefaultListableBeanFactory - Returning cached instance of singleton bean 'environmentController'
2018-01-08 23:46:38 [main] DEBUG o.s.b.f.s.DefaultListableBeanFactory - Returning cached instance of singleton bean 'resourceController'
2018-01-08 23:46:38 [main] DEBUG o.s.b.f.s.DefaultListableBeanFactory - Returning cached instance of singleton bean 'org.springframework.cloud.config.server.config.ConfigServerAutoConfiguration'
2018-01-08 23:46:38 [main] DEBUG o.s.b.f.s.DefaultListableBeanFactory - Returning cached instance of singleton bean 'org.springframework.cloud.config.server.config.EncryptionAutoConfiguration'
2018-01-08 23:46:38 [main] DEBUG o.s.b.f.s.DefaultListableBeanFactory - Returning cached instance of singleton bean 'encrypt-org.springframework.cloud.bootstrap.encrypt.KeyProperties'
2018-01-08 23:46:38 [main] DEBUG o.s.b.f.s.DefaultListableBeanFactory - Returning cached instance of singleton bean 'org.springframework.cloud.config.server.config.SingleEncryptorAutoConfiguration'
2018-01-08 23:46:38 [main] DEBUG o.s.b.f.s.DefaultListableBeanFactory - Returning cached instance of singleton bean 'textEncryptorLocator'
2018-01-08 23:46:38 [main] DEBUG o.s.b.f.s.DefaultListableBeanFactory - Returning cached instance of singleton bean 'refreshScope'
2018-01-08 23:46:38 [main] DEBUG o.s.b.f.s.DefaultListableBeanFactory - Returning cached instance of singleton bean 'com.myshop.products.common.logging.LoggingConfigListener'
2018-01-08 23:46:38 [main] DEBUG o.s.b.f.s.DefaultListableBeanFactory - Returning cached instance of singleton bean 'org.springframework.boot.test.mock.mockito.MockitoBeans'
2018-01-08 23:46:38 [main] DEBUG o.s.b.f.s.DefaultListableBeanFactory - Returning cached instance of singleton bean 'org.springframework.context.annotation.internalConfigurationAnnotationProcessor'
2018-01-08 23:46:38 [main] DEBUG o.s.b.f.s.DefaultListableBeanFactory - Returning cached instance of singleton bean 'org.springframework.context.annotation.internalAutowiredAnnotationProcessor'
2018-01-08 23:46:38 [main] DEBUG o.s.b.f.s.DefaultListableBeanFactory - Returning cached instance of singleton bean 'org.springframework.context.annotation.internalRequiredAnnotationProcessor'
2018-01-08 23:46:38 [main] DEBUG o.s.b.f.s.DefaultListableBeanFactory - Returning cached instance of singleton bean 'org.springframework.context.annotation.internalCommonAnnotationProcessor'
2018-01-08 23:46:38 [main] DEBUG o.s.b.f.s.DefaultListableBeanFactory - Returning cached instance of singleton bean 'org.springframework.context.event.internalEventListenerProcessor'
2018-01-08 23:46:38 [main] DEBUG o.s.b.f.s.DefaultListableBeanFactory - Returning cached instance of singleton bean 'org.springframework.context.event.internalEventListenerFactory'
2018-01-08 23:46:38 [main] DEBUG o.s.b.f.s.DefaultListableBeanFactory - Returning cached instance of singleton bean 'configServerBootstrapConfiguration'
2018-01-08 23:46:38 [main] DEBUG o.s.b.f.s.DefaultListableBeanFactory - Returning cached instance of singleton bean 'configServiceBootstrapConfiguration'
2018-01-08 23:46:38 [main] DEBUG o.s.b.f.s.DefaultListableBeanFactory - Returning cached instance of singleton bean 'propertySourceBootstrapConfiguration'
2018-01-08 23:46:38 [main] DEBUG o.s.b.f.s.DefaultListableBeanFactory - Returning cached instance of singleton bean 'encryptionBootstrapConfiguration'
2018-01-08 23:46:38 [main] DEBUG o.s.b.f.s.DefaultListableBeanFactory - Returning cached instance of singleton bean 'configurationPropertiesRebinderAutoConfiguration'
2018-01-08 23:46:38 [main] DEBUG o.s.b.f.s.DefaultListableBeanFactory - Returning cached instance of singleton bean 'propertyPlaceholderAutoConfiguration'
2018-01-08 23:46:38 [main] DEBUG o.s.b.f.s.DefaultListableBeanFactory - Returning cached instance of singleton bean 'org.springframework.boot.autoconfigure.internalCachingMetadataReaderFactory'
2018-01-08 23:46:38 [main] DEBUG o.s.b.f.s.DefaultListableBeanFactory - Returning cached instance of singleton bean 'org.springframework.context.annotation.ConfigurationClassPostProcessor.importAwareProcessor'
2018-01-08 23:46:38 [main] DEBUG o.s.b.f.s.DefaultListableBeanFactory - Returning cached instance of singleton bean 'org.springframework.context.annotation.ConfigurationClassPostProcessor.enhancedConfigurationProcessor'
2018-01-08 23:46:38 [main] DEBUG o.s.b.f.s.DefaultListableBeanFactory - Returning cached instance of singleton bean 'configClientProperties'
2018-01-08 23:46:38 [main] DEBUG o.s.b.f.s.DefaultListableBeanFactory - Returning cached instance of singleton bean 'org.springframework.boot.context.properties.ConfigurationPropertiesBindingPostProcessor'
2018-01-08 23:46:38 [main] DEBUG o.s.b.f.s.DefaultListableBeanFactory - Returning cached instance of singleton bean 'org.springframework.boot.context.properties.ConfigurationPropertiesBindingPostProcessor.store'
2018-01-08 23:46:38 [main] DEBUG o.s.b.f.s.DefaultListableBeanFactory - Returning cached instance of singleton bean 'spring.cloud.config-org.springframework.cloud.bootstrap.config.PropertySourceBootstrapProperties'
2018-01-08 23:46:38 [main] DEBUG o.s.b.f.s.DefaultListableBeanFactory - Returning cached instance of singleton bean 'org.springframework.cloud.bootstrap.encrypt.EncryptionBootstrapConfiguration$RsaEncryptionConfiguration'
2018-01-08 23:46:38 [main] DEBUG o.s.b.f.s.DefaultListableBeanFactory - Returning cached instance of singleton bean 'org.springframework.boot.autoconfigure.condition.BeanTypeRegistry'
2018-01-08 23:46:38 [main] DEBUG o.s.b.f.s.DefaultListableBeanFactory - Returning cached instance of singleton bean 'textEncryptor'
2018-01-08 23:46:38 [main] DEBUG o.s.b.f.s.DefaultListableBeanFactory - Returning cached instance of singleton bean 'environmentDecryptApplicationListener'
2018-01-08 23:46:38 [main] DEBUG o.s.b.f.s.DefaultListableBeanFactory - Returning cached instance of singleton bean 'encrypt-org.springframework.cloud.bootstrap.encrypt.KeyProperties'
2018-01-08 23:46:38 [main] DEBUG o.s.b.f.s.DefaultListableBeanFactory - Returning cached instance of singleton bean 'configurationPropertiesRebinder'
2018-01-08 23:46:38 [main] DEBUG o.s.b.f.s.DefaultListableBeanFactory - Returning cached instance of singleton bean 'configurationPropertiesBeans'
2018-01-08 23:46:38 [main] DEBUG o.s.b.f.s.DefaultListableBeanFactory - Returning cached instance of singleton bean 'propertySourcesPlaceholderConfigurer'
2018-01-08 23:46:38 [main] DEBUG o.s.t.c.s.AbstractDirtiesContextTestExecutionListener - After test method: context [DefaultTestContext@15d9bc04 testClass = ProductServiceIT, testInstance = com.myshop.products.ProductServiceIT@6029f2a4, testMethod = testModifyProduct@ProductServiceIT, testException = java.lang.AssertionError: 1 expectation failed.
Response body doesn't match expectation.
Expected: a string containing "success"
  Actual: 
, mergedContextConfiguration = [WebMergedContextConfiguration@473b46c3 testClass = ProductServiceIT, locations = '{}', classes = '{class com.myshop.products.ProductApp, class com.myshop.products.ProductApp}', contextInitializerClasses = '[]', activeProfiles = '{}', propertySourceLocations = '{}', propertySourceProperties = '{org.springframework.boot.test.context.SpringBootTestContextBootstrapper=true, server.port=0}', contextCustomizers = set[org.springframework.boot.test.context.SpringBootTestContextCustomizer@6e6c3152, org.springframework.boot.test.context.filter.ExcludeFilterContextCustomizer@32709393, org.springframework.boot.test.mock.mockito.MockitoContextCustomizer@0, org.springframework.boot.test.autoconfigure.properties.PropertyMappingContextCustomizer@0, org.springframework.boot.test.autoconfigure.web.servlet.WebDriverContextCustomizerFactory$Customizer@10bbd20a], resourceBasePath = 'src/main/webapp', contextLoader = 'org.springframework.boot.test.context.SpringBootContextLoader', parent = [null]]], class annotated with @DirtiesContext [false] with mode [null], method annotated with @DirtiesContext [false] with mode [null].
]]></system-out>
  </testcase>
  <testcase name="testDeleteProduct" classname="com.myshop.products.ProductServiceIT" time="0.077">
    <failure message="1 expectation failed.&#10;Response body doesn&apos;t match expectation.&#10;Expected: a string containing &quot;success&quot;&#10;  Actual: &#10;" type="java.lang.AssertionError">java.lang.AssertionError: 1 expectation failed.
Response body doesn't match expectation.
Expected: a string containing "success"
  Actual: 

	at sun.reflect.NativeConstructorAccessorImpl.newInstance0(Native Method)
	at sun.reflect.NativeConstructorAccessorImpl.newInstance(NativeConstructorAccessorImpl.java:62)
	at sun.reflect.DelegatingConstructorAccessorImpl.newInstance(DelegatingConstructorAccessorImpl.java:45)
	at java.lang.reflect.Constructor.newInstance(Constructor.java:423)
	at org.codehaus.groovy.reflection.CachedConstructor.invoke(CachedConstructor.java:83)
	at org.codehaus.groovy.reflection.CachedConstructor.doConstructorInvoke(CachedConstructor.java:77)
	at org.codehaus.groovy.runtime.callsite.ConstructorSite$ConstructorSiteNoUnwrap.callConstructor(ConstructorSite.java:84)
	at org.codehaus.groovy.runtime.callsite.AbstractCallSite.callConstructor(AbstractCallSite.java:247)
	at com.jayway.restassured.internal.ResponseSpecificationImpl$HamcrestAssertionClosure.validate(ResponseSpecificationImpl.groovy:598)
	at com.jayway.restassured.internal.ResponseSpecificationImpl$HamcrestAssertionClosure$validate$1.call(Unknown Source)
	at com.jayway.restassured.internal.ResponseSpecificationImpl.validateResponseIfRequired(ResponseSpecificationImpl.groovy:760)
	at sun.reflect.NativeMethodAccessorImpl.invoke0(Native Method)
	at sun.reflect.NativeMethodAccessorImpl.invoke(NativeMethodAccessorImpl.java:62)
	at sun.reflect.DelegatingMethodAccessorImpl.invoke(DelegatingMethodAccessorImpl.java:43)
	at java.lang.reflect.Method.invoke(Method.java:498)
	at org.codehaus.groovy.runtime.callsite.PogoMetaMethodSite$PogoCachedMethodSiteNoUnwrapNoCoerce.invoke(PogoMetaMethodSite.java:210)
	at org.codehaus.groovy.runtime.callsite.PogoMetaMethodSite.callCurrent(PogoMetaMethodSite.java:59)
	at org.codehaus.groovy.runtime.callsite.AbstractCallSite.callCurrent(AbstractCallSite.java:166)
	at com.jayway.restassured.internal.ResponseSpecificationImpl.content(ResponseSpecificationImpl.groovy:92)
	at com.jayway.restassured.specification.ResponseSpecification$content$1.callCurrent(Unknown Source)
	at com.jayway.restassured.internal.ResponseSpecificationImpl.body(ResponseSpecificationImpl.groovy:230)
	at com.jayway.restassured.internal.ValidatableResponseOptionsImpl.body(ValidatableResponseOptionsImpl.java:258)
	at com.myshop.products.ProductServiceIT.testDeleteProduct(ProductServiceIT.java:98)
</failure>
    <system-out><![CDATA[2018-01-08 23:46:38 [main] DEBUG o.s.t.annotation.ProfileValueUtils - Retrieved @ProfileValueSourceConfiguration [null] for test class [com.myshop.products.ProductServiceIT]
2018-01-08 23:46:38 [main] DEBUG o.s.t.annotation.ProfileValueUtils - Retrieved ProfileValueSource type [class org.springframework.test.annotation.SystemProfileValueSource] for class [com.myshop.products.ProductServiceIT]
2018-01-08 23:46:38 [main] DEBUG o.s.t.c.s.DependencyInjectionTestExecutionListener - Performing dependency injection for test context [[DefaultTestContext@15d9bc04 testClass = ProductServiceIT, testInstance = com.myshop.products.ProductServiceIT@10b87ff6, testMethod = [null], testException = [null], mergedContextConfiguration = [WebMergedContextConfiguration@473b46c3 testClass = ProductServiceIT, locations = '{}', classes = '{class com.myshop.products.ProductApp, class com.myshop.products.ProductApp}', contextInitializerClasses = '[]', activeProfiles = '{}', propertySourceLocations = '{}', propertySourceProperties = '{org.springframework.boot.test.context.SpringBootTestContextBootstrapper=true, server.port=0}', contextCustomizers = set[org.springframework.boot.test.context.SpringBootTestContextCustomizer@6e6c3152, org.springframework.boot.test.context.filter.ExcludeFilterContextCustomizer@32709393, org.springframework.boot.test.mock.mockito.MockitoContextCustomizer@0, org.springframework.boot.test.autoconfigure.properties.PropertyMappingContextCustomizer@0, org.springframework.boot.test.autoconfigure.web.servlet.WebDriverContextCustomizerFactory$Customizer@10bbd20a], resourceBasePath = 'src/main/webapp', contextLoader = 'org.springframework.boot.test.context.SpringBootContextLoader', parent = [null]]]].
2018-01-08 23:46:38 [main] DEBUG o.s.t.c.c.DefaultCacheAwareContextLoaderDelegate - Retrieved ApplicationContext from cache with key [[WebMergedContextConfiguration@473b46c3 testClass = ProductServiceIT, locations = '{}', classes = '{class com.myshop.products.ProductApp, class com.myshop.products.ProductApp}', contextInitializerClasses = '[]', activeProfiles = '{}', propertySourceLocations = '{}', propertySourceProperties = '{org.springframework.boot.test.context.SpringBootTestContextBootstrapper=true, server.port=0}', contextCustomizers = set[org.springframework.boot.test.context.SpringBootTestContextCustomizer@6e6c3152, org.springframework.boot.test.context.filter.ExcludeFilterContextCustomizer@32709393, org.springframework.boot.test.mock.mockito.MockitoContextCustomizer@0, org.springframework.boot.test.autoconfigure.properties.PropertyMappingContextCustomizer@0, org.springframework.boot.test.autoconfigure.web.servlet.WebDriverContextCustomizerFactory$Customizer@10bbd20a], resourceBasePath = 'src/main/webapp', contextLoader = 'org.springframework.boot.test.context.SpringBootContextLoader', parent = [null]]]
2018-01-08 23:46:38 [main] DEBUG o.springframework.test.context.cache - Spring test ApplicationContext cache statistics: [DefaultContextCache@50e5032c size = 1, maxSize = 32, parentContextCount = 0, hitCount = 23, missCount = 1]
2018-01-08 23:46:38 [main] DEBUG o.s.b.f.annotation.InjectionMetadata - Processing injected element of bean 'com.myshop.products.ProductServiceIT': AutowiredFieldElement for private int com.myshop.products.ProductServiceIT.port
2018-01-08 23:46:38 [main] DEBUG o.s.c.e.PropertySourcesPropertyResolver - Found key 'local.server.port' in [server.ports] with type [Integer]
2018-01-08 23:46:38 [main] DEBUG o.s.c.e.PropertySourcesPropertyResolver - Found key 'local.server.port' in [environmentProperties] with type [String]
2018-01-08 23:46:38 [main] DEBUG o.s.t.c.s.AbstractDirtiesContextTestExecutionListener - Before test method: context [DefaultTestContext@15d9bc04 testClass = ProductServiceIT, testInstance = com.myshop.products.ProductServiceIT@10b87ff6, testMethod = testDeleteProduct@ProductServiceIT, testException = [null], mergedContextConfiguration = [WebMergedContextConfiguration@473b46c3 testClass = ProductServiceIT, locations = '{}', classes = '{class com.myshop.products.ProductApp, class com.myshop.products.ProductApp}', contextInitializerClasses = '[]', activeProfiles = '{}', propertySourceLocations = '{}', propertySourceProperties = '{org.springframework.boot.test.context.SpringBootTestContextBootstrapper=true, server.port=0}', contextCustomizers = set[org.springframework.boot.test.context.SpringBootTestContextCustomizer@6e6c3152, org.springframework.boot.test.context.filter.ExcludeFilterContextCustomizer@32709393, org.springframework.boot.test.mock.mockito.MockitoContextCustomizer@0, org.springframework.boot.test.autoconfigure.properties.PropertyMappingContextCustomizer@0, org.springframework.boot.test.autoconfigure.web.servlet.WebDriverContextCustomizerFactory$Customizer@10bbd20a], resourceBasePath = 'src/main/webapp', contextLoader = 'org.springframework.boot.test.context.SpringBootContextLoader', parent = [null]]], class annotated with @DirtiesContext [false] with mode [null], method annotated with @DirtiesContext [false] with mode [null].
2018-01-08 23:46:38 [main] DEBUG o.s.t.c.c.DefaultCacheAwareContextLoaderDelegate - Retrieved ApplicationContext from cache with key [[WebMergedContextConfiguration@473b46c3 testClass = ProductServiceIT, locations = '{}', classes = '{class com.myshop.products.ProductApp, class com.myshop.products.ProductApp}', contextInitializerClasses = '[]', activeProfiles = '{}', propertySourceLocations = '{}', propertySourceProperties = '{org.springframework.boot.test.context.SpringBootTestContextBootstrapper=true, server.port=0}', contextCustomizers = set[org.springframework.boot.test.context.SpringBootTestContextCustomizer@6e6c3152, org.springframework.boot.test.context.filter.ExcludeFilterContextCustomizer@32709393, org.springframework.boot.test.mock.mockito.MockitoContextCustomizer@0, org.springframework.boot.test.autoconfigure.properties.PropertyMappingContextCustomizer@0, org.springframework.boot.test.autoconfigure.web.servlet.WebDriverContextCustomizerFactory$Customizer@10bbd20a], resourceBasePath = 'src/main/webapp', contextLoader = 'org.springframework.boot.test.context.SpringBootContextLoader', parent = [null]]]
2018-01-08 23:46:38 [main] DEBUG o.springframework.test.context.cache - Spring test ApplicationContext cache statistics: [DefaultContextCache@50e5032c size = 1, maxSize = 32, parentContextCount = 0, hitCount = 24, missCount = 1]
2018-01-08 23:46:38 [main] DEBUG o.s.b.f.s.DefaultListableBeanFactory - Returning cached instance of singleton bean 'org.springframework.context.annotation.internalConfigurationAnnotationProcessor'
2018-01-08 23:46:38 [main] DEBUG o.s.b.f.s.DefaultListableBeanFactory - Returning cached instance of singleton bean 'org.springframework.context.annotation.internalAutowiredAnnotationProcessor'
2018-01-08 23:46:38 [main] DEBUG o.s.b.f.s.DefaultListableBeanFactory - Returning cached instance of singleton bean 'org.springframework.context.annotation.internalRequiredAnnotationProcessor'
2018-01-08 23:46:38 [main] DEBUG o.s.b.f.s.DefaultListableBeanFactory - Returning cached instance of singleton bean 'org.springframework.context.annotation.internalCommonAnnotationProcessor'
2018-01-08 23:46:38 [main] DEBUG o.s.b.f.s.DefaultListableBeanFactory - Returning cached instance of singleton bean 'org.springframework.context.event.internalEventListenerProcessor'
2018-01-08 23:46:38 [main] DEBUG o.s.b.f.s.DefaultListableBeanFactory - Returning cached instance of singleton bean 'org.springframework.context.event.internalEventListenerFactory'
2018-01-08 23:46:38 [main] DEBUG o.s.b.f.s.DefaultListableBeanFactory - Returning cached instance of singleton bean 'testRestTemplate'
2018-01-08 23:46:38 [main] DEBUG o.s.b.f.s.DefaultListableBeanFactory - Returning cached instance of singleton bean 'org.springframework.boot.test.mock.mockito.MockitoPostProcessor$SpyPostProcessor'
2018-01-08 23:46:38 [main] DEBUG o.s.b.f.s.DefaultListableBeanFactory - Returning cached instance of singleton bean 'org.springframework.boot.test.mock.mockito.MockitoPostProcessor'
2018-01-08 23:46:38 [main] DEBUG o.s.b.f.s.DefaultListableBeanFactory - Returning cached instance of singleton bean 'productApp'
2018-01-08 23:46:38 [main] DEBUG o.s.b.f.s.DefaultListableBeanFactory - Returning cached instance of singleton bean 'org.springframework.boot.autoconfigure.internalCachingMetadataReaderFactory'
2018-01-08 23:46:38 [main] DEBUG o.s.b.f.s.DefaultListableBeanFactory - Returning cached instance of singleton bean 'org.springframework.context.annotation.ConfigurationClassPostProcessor.importAwareProcessor'
2018-01-08 23:46:38 [main] DEBUG o.s.b.f.s.DefaultListableBeanFactory - Returning cached instance of singleton bean 'org.springframework.context.annotation.ConfigurationClassPostProcessor.enhancedConfigurationProcessor'
2018-01-08 23:46:38 [main] DEBUG o.s.b.f.s.DefaultListableBeanFactory - Returning cached instance of singleton bean 'commonConfig'
2018-01-08 23:46:38 [main] DEBUG o.s.b.f.s.DefaultListableBeanFactory - Returning cached instance of singleton bean 'productController'
2018-01-08 23:46:38 [main] DEBUG o.s.b.f.s.DefaultListableBeanFactory - Returning cached instance of singleton bean 'productDAOImpl'
2018-01-08 23:46:38 [main] DEBUG o.s.b.f.s.DefaultListableBeanFactory - Returning cached instance of singleton bean 'productServiceImpl'
2018-01-08 23:46:38 [main] DEBUG o.s.b.f.s.DefaultListableBeanFactory - Returning cached instance of singleton bean 'myShopControllerAdvice'
2018-01-08 23:46:38 [main] DEBUG o.s.b.f.s.DefaultListableBeanFactory - Returning cached instance of singleton bean 'loggerfilter'
2018-01-08 23:46:38 [main] DEBUG o.s.b.f.s.DefaultListableBeanFactory - Returning cached instance of singleton bean 'servletComponentRegisteringPostProcessor'
2018-01-08 23:46:38 [main] DEBUG o.s.b.f.s.DefaultListableBeanFactory - Returning cached instance of singleton bean 'org.springframework.cloud.config.server.config.ConfigServerConfiguration'
2018-01-08 23:46:38 [main] DEBUG o.s.b.f.s.DefaultListableBeanFactory - Returning cached instance of singleton bean 'enableConfigServerMarker'
2018-01-08 23:46:38 [main] DEBUG o.s.b.f.s.DefaultListableBeanFactory - Returning cached instance of singleton bean 'org.springframework.boot.autoconfigure.AutoConfigurationPackages'
2018-01-08 23:46:38 [main] DEBUG o.s.b.f.s.DefaultListableBeanFactory - Returning cached instance of singleton bean 'org.springframework.boot.autoconfigure.PropertyPlaceholderAutoConfiguration'
2018-01-08 23:46:38 [main] DEBUG o.s.b.f.s.DefaultListableBeanFactory - Returning cached instance of singleton bean 'org.springframework.boot.autoconfigure.condition.BeanTypeRegistry'
2018-01-08 23:46:38 [main] DEBUG o.s.b.f.s.DefaultListableBeanFactory - Returning cached instance of singleton bean 'propertySourcesPlaceholderConfigurer'
2018-01-08 23:46:38 [main] DEBUG o.s.b.f.s.DefaultListableBeanFactory - Returning cached instance of singleton bean 'org.springframework.boot.autoconfigure.jackson.JacksonAutoConfiguration$Jackson2ObjectMapperBuilderCustomizerConfiguration'
2018-01-08 23:46:38 [main] DEBUG o.s.b.f.s.DefaultListableBeanFactory - Returning cached instance of singleton bean 'standardJacksonObjectMapperBuilderCustomizer'
2018-01-08 23:46:38 [main] DEBUG o.s.b.f.s.DefaultListableBeanFactory - Returning cached instance of singleton bean 'spring.jackson-org.springframework.boot.autoconfigure.jackson.JacksonProperties'
2018-01-08 23:46:38 [main] DEBUG o.s.b.f.s.DefaultListableBeanFactory - Returning cached instance of singleton bean 'org.springframework.boot.context.properties.ConfigurationPropertiesBindingPostProcessor'
2018-01-08 23:46:38 [main] DEBUG o.s.b.f.s.DefaultListableBeanFactory - Returning cached instance of singleton bean 'org.springframework.boot.context.properties.ConfigurationPropertiesBindingPostProcessor.store'
2018-01-08 23:46:38 [main] DEBUG o.s.b.f.s.DefaultListableBeanFactory - Returning cached instance of singleton bean 'org.springframework.boot.autoconfigure.jackson.JacksonAutoConfiguration$JacksonObjectMapperBuilderConfiguration'
2018-01-08 23:46:38 [main] DEBUG o.s.b.f.s.DefaultListableBeanFactory - Returning cached instance of singleton bean 'jacksonObjectMapperBuilder'
2018-01-08 23:46:38 [main] DEBUG o.s.b.f.s.DefaultListableBeanFactory - Returning cached instance of singleton bean 'org.springframework.boot.autoconfigure.jackson.JacksonAutoConfiguration$JacksonObjectMapperConfiguration'
2018-01-08 23:46:38 [main] DEBUG o.s.b.f.s.DefaultListableBeanFactory - Returning cached instance of singleton bean 'jacksonObjectMapper'
2018-01-08 23:46:38 [main] DEBUG o.s.b.f.s.DefaultListableBeanFactory - Returning cached instance of singleton bean 'org.springframework.boot.autoconfigure.jackson.JacksonAutoConfiguration'
2018-01-08 23:46:38 [main] DEBUG o.s.b.f.s.DefaultListableBeanFactory - Returning cached instance of singleton bean 'jsonComponentModule'
2018-01-08 23:46:38 [main] DEBUG o.s.b.f.s.DefaultListableBeanFactory - Returning cached instance of singleton bean 'org.springframework.boot.autoconfigure.websocket.WebSocketAutoConfiguration$TomcatWebSocketConfiguration'
2018-01-08 23:46:38 [main] DEBUG o.s.b.f.s.DefaultListableBeanFactory - Returning cached instance of singleton bean 'websocketContainerCustomizer'
2018-01-08 23:46:38 [main] DEBUG o.s.b.f.s.DefaultListableBeanFactory - Returning cached instance of singleton bean 'org.springframework.boot.autoconfigure.websocket.WebSocketAutoConfiguration'
2018-01-08 23:46:38 [main] DEBUG o.s.b.f.s.DefaultListableBeanFactory - Returning cached instance of singleton bean 'org.springframework.boot.autoconfigure.web.EmbeddedServletContainerAutoConfiguration$EmbeddedTomcat'
2018-01-08 23:46:38 [main] DEBUG o.s.b.f.s.DefaultListableBeanFactory - Returning cached instance of singleton bean 'tomcatEmbeddedServletContainerFactory'
2018-01-08 23:46:38 [main] DEBUG o.s.b.f.s.DefaultListableBeanFactory - Returning cached instance of singleton bean 'org.springframework.boot.autoconfigure.web.EmbeddedServletContainerAutoConfiguration'
2018-01-08 23:46:38 [main] DEBUG o.s.b.f.s.DefaultListableBeanFactory - Returning cached instance of singleton bean 'embeddedServletContainerCustomizerBeanPostProcessor'
2018-01-08 23:46:38 [main] DEBUG o.s.b.f.s.DefaultListableBeanFactory - Returning cached instance of singleton bean 'errorPageRegistrarBeanPostProcessor'
2018-01-08 23:46:38 [main] DEBUG o.s.b.f.s.DefaultListableBeanFactory - Returning cached instance of singleton bean 'org.springframework.boot.autoconfigure.web.DispatcherServletAutoConfiguration$DispatcherServletConfiguration'
2018-01-08 23:46:38 [main] DEBUG o.s.b.f.s.DefaultListableBeanFactory - Returning cached instance of singleton bean 'dispatcherServlet'
2018-01-08 23:46:38 [main] DEBUG o.s.b.f.s.DefaultListableBeanFactory - Returning cached instance of singleton bean 'spring.mvc-org.springframework.boot.autoconfigure.web.WebMvcProperties'
2018-01-08 23:46:38 [main] DEBUG o.s.b.f.s.DefaultListableBeanFactory - Returning cached instance of singleton bean 'org.springframework.boot.autoconfigure.web.DispatcherServletAutoConfiguration$DispatcherServletRegistrationConfiguration'
2018-01-08 23:46:38 [main] DEBUG o.s.b.f.s.DefaultListableBeanFactory - Returning cached instance of singleton bean 'dispatcherServletRegistration'
2018-01-08 23:46:38 [main] DEBUG o.s.b.f.s.DefaultListableBeanFactory - Returning cached instance of singleton bean 'org.springframework.boot.autoconfigure.web.DispatcherServletAutoConfiguration'
2018-01-08 23:46:38 [main] DEBUG o.s.b.f.s.DefaultListableBeanFactory - Returning cached instance of singleton bean 'org.springframework.boot.autoconfigure.web.ErrorMvcAutoConfiguration$WhitelabelErrorViewConfiguration'
2018-01-08 23:46:38 [main] DEBUG o.s.b.f.s.DefaultListableBeanFactory - Returning cached instance of singleton bean 'error'
2018-01-08 23:46:38 [main] DEBUG o.s.b.f.s.DefaultListableBeanFactory - Returning cached instance of singleton bean 'beanNameViewResolver'
2018-01-08 23:46:38 [main] DEBUG o.s.b.f.s.DefaultListableBeanFactory - Returning cached instance of singleton bean 'org.springframework.boot.autoconfigure.web.ErrorMvcAutoConfiguration'
2018-01-08 23:46:38 [main] DEBUG o.s.b.f.s.DefaultListableBeanFactory - Returning cached instance of singleton bean 'errorAttributes'
2018-01-08 23:46:38 [main] DEBUG o.s.b.f.s.DefaultListableBeanFactory - Returning cached instance of singleton bean 'basicErrorController'
2018-01-08 23:46:38 [main] DEBUG o.s.b.f.s.DefaultListableBeanFactory - Returning cached instance of singleton bean 'errorPageCustomizer'
2018-01-08 23:46:38 [main] DEBUG o.s.b.f.s.DefaultListableBeanFactory - Returning cached instance of singleton bean 'conventionErrorViewResolver'
2018-01-08 23:46:38 [main] DEBUG o.s.b.f.s.DefaultListableBeanFactory - Returning cached instance of singleton bean 'preserveErrorControllerTargetClassPostProcessor'
2018-01-08 23:46:38 [main] DEBUG o.s.b.f.s.DefaultListableBeanFactory - Returning cached instance of singleton bean 'spring.resources-org.springframework.boot.autoconfigure.web.ResourceProperties'
2018-01-08 23:46:38 [main] DEBUG o.s.b.f.s.DefaultListableBeanFactory - Returning cached instance of singleton bean 'org.springframework.boot.autoconfigure.web.WebMvcAutoConfiguration$EnableWebMvcConfiguration'
2018-01-08 23:46:38 [main] DEBUG o.s.b.f.s.DefaultListableBeanFactory - Returning cached instance of singleton bean 'requestMappingHandlerAdapter'
2018-01-08 23:46:38 [main] DEBUG o.s.b.f.s.DefaultListableBeanFactory - Returning cached instance of singleton bean 'requestMappingHandlerMapping'
2018-01-08 23:46:38 [main] DEBUG o.s.b.f.s.DefaultListableBeanFactory - Returning cached instance of singleton bean 'mvcPathMatcher'
2018-01-08 23:46:38 [main] DEBUG o.s.b.f.s.DefaultListableBeanFactory - Returning cached instance of singleton bean 'mvcUrlPathHelper'
2018-01-08 23:46:38 [main] DEBUG o.s.b.f.s.DefaultListableBeanFactory - Returning cached instance of singleton bean 'mvcContentNegotiationManager'
2018-01-08 23:46:38 [main] DEBUG o.s.b.f.s.DefaultListableBeanFactory - Returning cached instance of singleton bean 'viewControllerHandlerMapping'
2018-01-08 23:46:38 [main] DEBUG o.s.b.f.s.DefaultListableBeanFactory - Returning cached instance of singleton bean 'beanNameHandlerMapping'
2018-01-08 23:46:38 [main] DEBUG o.s.b.f.s.DefaultListableBeanFactory - Returning cached instance of singleton bean 'resourceHandlerMapping'
2018-01-08 23:46:38 [main] DEBUG o.s.b.f.s.DefaultListableBeanFactory - Returning cached instance of singleton bean 'mvcResourceUrlProvider'
2018-01-08 23:46:38 [main] DEBUG o.s.b.f.s.DefaultListableBeanFactory - Returning cached instance of singleton bean 'defaultServletHandlerMapping'
2018-01-08 23:46:38 [main] DEBUG o.s.b.f.s.DefaultListableBeanFactory - Returning cached instance of singleton bean 'mvcConversionService'
2018-01-08 23:46:38 [main] DEBUG o.s.b.f.s.DefaultListableBeanFactory - Returning cached instance of singleton bean 'mvcValidator'
2018-01-08 23:46:38 [main] DEBUG o.s.b.f.s.DefaultListableBeanFactory - Returning cached instance of singleton bean 'mvcUriComponentsContributor'
2018-01-08 23:46:38 [main] DEBUG o.s.b.f.s.DefaultListableBeanFactory - Returning cached instance of singleton bean 'httpRequestHandlerAdapter'
2018-01-08 23:46:38 [main] DEBUG o.s.b.f.s.DefaultListableBeanFactory - Returning cached instance of singleton bean 'simpleControllerHandlerAdapter'
2018-01-08 23:46:38 [main] DEBUG o.s.b.f.s.DefaultListableBeanFactory - Returning cached instance of singleton bean 'handlerExceptionResolver'
2018-01-08 23:46:38 [main] DEBUG o.s.b.f.s.DefaultListableBeanFactory - Returning cached instance of singleton bean 'mvcViewResolver'
2018-01-08 23:46:38 [main] DEBUG o.s.b.f.s.DefaultListableBeanFactory - Returning cached instance of singleton bean 'org.springframework.boot.autoconfigure.web.WebMvcAutoConfiguration$WebMvcAutoConfigurationAdapter$FaviconConfiguration'
2018-01-08 23:46:38 [main] DEBUG o.s.b.f.s.DefaultListableBeanFactory - Returning cached instance of singleton bean 'faviconHandlerMapping'
2018-01-08 23:46:38 [main] DEBUG o.s.b.f.s.DefaultListableBeanFactory - Returning cached instance of singleton bean 'faviconRequestHandler'
2018-01-08 23:46:38 [main] DEBUG o.s.b.f.s.DefaultListableBeanFactory - Returning cached instance of singleton bean 'org.springframework.boot.autoconfigure.web.WebMvcAutoConfiguration$WebMvcAutoConfigurationAdapter'
2018-01-08 23:46:38 [main] DEBUG o.s.b.f.s.DefaultListableBeanFactory - Returning cached instance of singleton bean 'defaultViewResolver'
2018-01-08 23:46:38 [main] DEBUG o.s.b.f.s.DefaultListableBeanFactory - Returning cached instance of singleton bean 'viewResolver'
2018-01-08 23:46:38 [main] DEBUG o.s.b.f.s.DefaultListableBeanFactory - Returning cached instance of singleton bean 'welcomePageHandlerMapping'
2018-01-08 23:46:38 [main] DEBUG o.s.b.f.s.DefaultListableBeanFactory - Returning cached instance of singleton bean 'requestContextFilter'
2018-01-08 23:46:38 [main] DEBUG o.s.b.f.s.DefaultListableBeanFactory - Returning cached instance of singleton bean 'org.springframework.boot.autoconfigure.web.WebMvcAutoConfiguration'
2018-01-08 23:46:38 [main] DEBUG o.s.b.f.s.DefaultListableBeanFactory - Returning cached instance of singleton bean 'hiddenHttpMethodFilter'
2018-01-08 23:46:38 [main] DEBUG o.s.b.f.s.DefaultListableBeanFactory - Returning cached instance of singleton bean 'httpPutFormContentFilter'
2018-01-08 23:46:38 [main] DEBUG o.s.b.f.s.DefaultListableBeanFactory - Returning cached instance of singleton bean 'org.springframework.cloud.commons.util.UtilAutoConfiguration'
2018-01-08 23:46:38 [main] DEBUG o.s.b.f.s.DefaultListableBeanFactory - Returning cached instance of singleton bean 'inetUtilsProperties'
2018-01-08 23:46:38 [main] DEBUG o.s.b.f.s.DefaultListableBeanFactory - Returning cached instance of singleton bean 'inetUtils'
2018-01-08 23:46:38 [main] DEBUG o.s.b.f.s.DefaultListableBeanFactory - Returning cached instance of singleton bean 'org.springframework.boot.actuate.autoconfigure.AuditAutoConfiguration$AuditEventRepositoryConfiguration'
2018-01-08 23:46:38 [main] DEBUG o.s.b.f.s.DefaultListableBeanFactory - Returning cached instance of singleton bean 'auditEventRepository'
2018-01-08 23:46:38 [main] DEBUG o.s.b.f.s.DefaultListableBeanFactory - Returning cached instance of singleton bean 'org.springframework.boot.actuate.autoconfigure.AuditAutoConfiguration'
2018-01-08 23:46:38 [main] DEBUG o.s.b.f.s.DefaultListableBeanFactory - Returning cached instance of singleton bean 'auditListener'
2018-01-08 23:46:38 [main] DEBUG o.s.b.f.s.DefaultListableBeanFactory - Returning cached instance of singleton bean 'org.springframework.boot.autoconfigure.jdbc.DataSourceConfiguration$Tomcat'
2018-01-08 23:46:38 [main] DEBUG o.s.b.f.s.DefaultListableBeanFactory - Returning cached instance of singleton bean 'dataSource'
2018-01-08 23:46:38 [main] DEBUG o.s.b.f.s.DefaultListableBeanFactory - Returning cached instance of singleton bean 'org.springframework.boot.autoconfigure.jdbc.DataSourceAutoConfiguration$PooledDataSourceConfiguration'
2018-01-08 23:46:38 [main] DEBUG o.s.b.f.s.DefaultListableBeanFactory - Returning cached instance of singleton bean 'org.springframework.boot.autoconfigure.jdbc.metadata.DataSourcePoolMetadataProvidersConfiguration$TomcatDataSourcePoolMetadataProviderConfiguration'
2018-01-08 23:46:38 [main] DEBUG o.s.b.f.s.DefaultListableBeanFactory - Returning cached instance of singleton bean 'tomcatPoolDataSourceMetadataProvider'
2018-01-08 23:46:38 [main] DEBUG o.s.b.f.s.DefaultListableBeanFactory - Returning cached instance of singleton bean 'org.springframework.boot.autoconfigure.jdbc.metadata.DataSourcePoolMetadataProvidersConfiguration'
2018-01-08 23:46:38 [main] DEBUG o.s.b.f.s.DefaultListableBeanFactory - Returning cached instance of singleton bean 'org.springframework.boot.autoconfigure.jdbc.DataSourceAutoConfiguration'
2018-01-08 23:46:38 [main] DEBUG o.s.b.f.s.DefaultListableBeanFactory - Returning cached instance of singleton bean 'dataSourceInitializer'
2018-01-08 23:46:38 [main] DEBUG o.s.b.f.s.DefaultListableBeanFactory - Returning cached instance of singleton bean 'spring.datasource-org.springframework.boot.autoconfigure.jdbc.DataSourceProperties'
2018-01-08 23:46:38 [main] DEBUG o.s.b.f.s.DefaultListableBeanFactory - Returning cached instance of singleton bean 'dataSourceInitializerPostProcessor'
2018-01-08 23:46:38 [main] DEBUG o.s.b.f.s.DefaultListableBeanFactory - Returning cached instance of singleton bean 'org.springframework.boot.autoconfigure.info.ProjectInfoAutoConfiguration'
2018-01-08 23:46:38 [main] DEBUG o.s.b.f.s.DefaultListableBeanFactory - Returning cached instance of singleton bean 'spring.info-org.springframework.boot.autoconfigure.info.ProjectInfoProperties'
2018-01-08 23:46:38 [main] DEBUG o.s.b.f.s.DefaultListableBeanFactory - Returning cached instance of singleton bean 'org.springframework.boot.actuate.autoconfigure.InfoContributorAutoConfiguration'
2018-01-08 23:46:38 [main] DEBUG o.s.b.f.s.DefaultListableBeanFactory - Returning cached instance of singleton bean 'envInfoContributor'
2018-01-08 23:46:38 [main] DEBUG o.s.b.f.s.DefaultListableBeanFactory - Returning cached instance of singleton bean 'management.info-org.springframework.boot.actuate.autoconfigure.InfoContributorProperties'
2018-01-08 23:46:38 [main] DEBUG o.s.b.f.s.DefaultListableBeanFactory - Returning cached instance of singleton bean 'org.springframework.boot.actuate.autoconfigure.HealthIndicatorAutoConfiguration$DiskSpaceHealthIndicatorConfiguration'
2018-01-08 23:46:38 [main] DEBUG o.s.b.f.s.DefaultListableBeanFactory - Returning cached instance of singleton bean 'diskSpaceHealthIndicator'
2018-01-08 23:46:38 [main] DEBUG o.s.b.f.s.DefaultListableBeanFactory - Returning cached instance of singleton bean 'diskSpaceHealthIndicatorProperties'
2018-01-08 23:46:38 [main] DEBUG o.s.b.f.s.DefaultListableBeanFactory - Returning cached instance of singleton bean 'org.springframework.boot.actuate.autoconfigure.HealthIndicatorAutoConfiguration$DataSourcesHealthIndicatorConfiguration'
2018-01-08 23:46:38 [main] DEBUG o.s.b.f.s.DefaultListableBeanFactory - Returning cached instance of singleton bean 'dbHealthIndicator'
2018-01-08 23:46:38 [main] DEBUG o.s.b.f.s.DefaultListableBeanFactory - Returning cached instance of singleton bean 'org.springframework.boot.actuate.autoconfigure.HealthIndicatorAutoConfiguration'
2018-01-08 23:46:38 [main] DEBUG o.s.b.f.s.DefaultListableBeanFactory - Returning cached instance of singleton bean 'healthAggregator'
2018-01-08 23:46:38 [main] DEBUG o.s.b.f.s.DefaultListableBeanFactory - Returning cached instance of singleton bean 'management.health.status-org.springframework.boot.actuate.autoconfigure.HealthIndicatorProperties'
2018-01-08 23:46:38 [main] DEBUG o.s.b.f.s.DefaultListableBeanFactory - Returning cached instance of singleton bean 'org.springframework.boot.actuate.autoconfigure.MetricRepositoryAutoConfiguration$FastMetricServicesConfiguration'
2018-01-08 23:46:38 [main] DEBUG o.s.b.f.s.DefaultListableBeanFactory - Returning cached instance of singleton bean 'counterBuffers'
2018-01-08 23:46:38 [main] DEBUG o.s.b.f.s.DefaultListableBeanFactory - Returning cached instance of singleton bean 'gaugeBuffers'
2018-01-08 23:46:38 [main] DEBUG o.s.b.f.s.DefaultListableBeanFactory - Returning cached instance of singleton bean 'actuatorMetricReader'
2018-01-08 23:46:38 [main] DEBUG o.s.b.f.s.DefaultListableBeanFactory - Returning cached instance of singleton bean 'counterService'
2018-01-08 23:46:38 [main] DEBUG o.s.b.f.s.DefaultListableBeanFactory - Returning cached instance of singleton bean 'gaugeService'
2018-01-08 23:46:38 [main] DEBUG o.s.b.f.s.DefaultListableBeanFactory - Returning cached instance of singleton bean 'org.springframework.boot.actuate.autoconfigure.MetricRepositoryAutoConfiguration'
2018-01-08 23:46:38 [main] DEBUG o.s.b.f.s.DefaultListableBeanFactory - Returning cached instance of singleton bean 'org.springframework.boot.actuate.autoconfigure.PublicMetricsAutoConfiguration$TomcatMetricsConfiguration'
2018-01-08 23:46:38 [main] DEBUG o.s.b.f.s.DefaultListableBeanFactory - Returning cached instance of singleton bean 'tomcatPublicMetrics'
2018-01-08 23:46:38 [main] DEBUG o.s.b.f.s.DefaultListableBeanFactory - Returning cached instance of singleton bean 'org.springframework.boot.actuate.autoconfigure.PublicMetricsAutoConfiguration$DataSourceMetricsConfiguration'
2018-01-08 23:46:38 [main] DEBUG o.s.b.f.s.DefaultListableBeanFactory - Returning cached instance of singleton bean 'dataSourcePublicMetrics'
2018-01-08 23:46:38 [main] DEBUG o.s.b.f.s.DefaultListableBeanFactory - Returning cached instance of singleton bean 'org.springframework.boot.actuate.autoconfigure.PublicMetricsAutoConfiguration'
2018-01-08 23:46:38 [main] DEBUG o.s.b.f.s.DefaultListableBeanFactory - Returning cached instance of singleton bean 'systemPublicMetrics'
2018-01-08 23:46:38 [main] DEBUG o.s.b.f.s.DefaultListableBeanFactory - Returning cached instance of singleton bean 'metricReaderPublicMetrics'
2018-01-08 23:46:38 [main] DEBUG o.s.b.f.s.DefaultListableBeanFactory - Returning cached instance of singleton bean 'org.springframework.boot.actuate.autoconfigure.EndpointAutoConfiguration$RequestMappingEndpointConfiguration'
2018-01-08 23:46:38 [main] DEBUG o.s.b.f.s.DefaultListableBeanFactory - Returning cached instance of singleton bean 'requestMappingEndpoint'
2018-01-08 23:46:38 [main] DEBUG o.s.b.f.s.DefaultListableBeanFactory - Returning cached instance of singleton bean 'org.springframework.boot.actuate.autoconfigure.EndpointAutoConfiguration'
2018-01-08 23:46:38 [main] DEBUG o.s.b.f.s.DefaultListableBeanFactory - Returning cached instance of singleton bean 'environmentEndpoint'
2018-01-08 23:46:38 [main] DEBUG o.s.b.f.s.DefaultListableBeanFactory - Returning cached instance of singleton bean 'healthEndpoint'
2018-01-08 23:46:38 [main] DEBUG o.s.b.f.s.DefaultListableBeanFactory - Returning cached instance of singleton bean 'beansEndpoint'
2018-01-08 23:46:38 [main] DEBUG o.s.b.f.s.DefaultListableBeanFactory - Returning cached instance of singleton bean 'infoEndpoint'
2018-01-08 23:46:38 [main] DEBUG o.s.b.f.s.DefaultListableBeanFactory - Returning cached instance of singleton bean 'metricsEndpoint'
2018-01-08 23:46:38 [main] DEBUG o.s.b.f.s.DefaultListableBeanFactory - Returning cached instance of singleton bean 'traceEndpoint'
2018-01-08 23:46:38 [main] DEBUG o.s.b.f.s.DefaultListableBeanFactory - Returning cached instance of singleton bean 'dumpEndpoint'
2018-01-08 23:46:38 [main] DEBUG o.s.b.f.s.DefaultListableBeanFactory - Returning cached instance of singleton bean 'autoConfigurationReportEndpoint'
2018-01-08 23:46:38 [main] DEBUG o.s.b.f.s.DefaultListableBeanFactory - Returning cached instance of singleton bean 'shutdownEndpoint'
2018-01-08 23:46:38 [main] DEBUG o.s.b.f.s.DefaultListableBeanFactory - Returning cached instance of singleton bean 'configurationPropertiesReportEndpoint'
2018-01-08 23:46:38 [main] DEBUG o.s.b.f.s.DefaultListableBeanFactory - Returning cached instance of singleton bean 'endpoints-org.springframework.boot.actuate.endpoint.EndpointProperties'
2018-01-08 23:46:38 [main] DEBUG o.s.b.f.s.DefaultListableBeanFactory - Returning cached instance of singleton bean 'org.springframework.boot.autoconfigure.web.ServerPropertiesAutoConfiguration'
2018-01-08 23:46:38 [main] DEBUG o.s.b.f.s.DefaultListableBeanFactory - Returning cached instance of singleton bean 'serverProperties'
2018-01-08 23:46:38 [main] DEBUG o.s.b.f.s.DefaultListableBeanFactory - Returning cached instance of singleton bean 'duplicateServerPropertiesDetector'
2018-01-08 23:46:38 [main] DEBUG o.s.b.f.s.DefaultListableBeanFactory - Returning cached instance of singleton bean 'org.springframework.boot.actuate.autoconfigure.ManagementServerPropertiesAutoConfiguration'
2018-01-08 23:46:38 [main] DEBUG o.s.b.f.s.DefaultListableBeanFactory - Returning cached instance of singleton bean 'managementServerProperties'
2018-01-08 23:46:38 [main] DEBUG o.s.b.f.s.DefaultListableBeanFactory - Returning cached instance of singleton bean 'org.springframework.boot.autoconfigure.web.HttpMessageConvertersAutoConfiguration$StringHttpMessageConverterConfiguration'
2018-01-08 23:46:38 [main] DEBUG o.s.b.f.s.DefaultListableBeanFactory - Returning cached instance of singleton bean 'stringHttpMessageConverter'
2018-01-08 23:46:38 [main] DEBUG o.s.b.f.s.DefaultListableBeanFactory - Returning cached instance of singleton bean 'spring.http.encoding-org.springframework.boot.autoconfigure.web.HttpEncodingProperties'
2018-01-08 23:46:38 [main] DEBUG o.s.b.f.s.DefaultListableBeanFactory - Returning cached instance of singleton bean 'org.springframework.boot.autoconfigure.web.JacksonHttpMessageConvertersConfiguration$MappingJackson2XmlHttpMessageConverterConfiguration'
2018-01-08 23:46:38 [main] DEBUG o.s.b.f.s.DefaultListableBeanFactory - Returning cached instance of singleton bean 'mappingJackson2XmlHttpMessageConverter'
2018-01-08 23:46:38 [main] DEBUG o.s.b.f.s.DefaultListableBeanFactory - Returning cached instance of singleton bean 'org.springframework.boot.autoconfigure.web.JacksonHttpMessageConvertersConfiguration$MappingJackson2HttpMessageConverterConfiguration'
2018-01-08 23:46:38 [main] DEBUG o.s.b.f.s.DefaultListableBeanFactory - Returning cached instance of singleton bean 'mappingJackson2HttpMessageConverter'
2018-01-08 23:46:38 [main] DEBUG o.s.b.f.s.DefaultListableBeanFactory - Returning cached instance of singleton bean 'org.springframework.boot.autoconfigure.web.JacksonHttpMessageConvertersConfiguration'
2018-01-08 23:46:38 [main] DEBUG o.s.b.f.s.DefaultListableBeanFactory - Returning cached instance of singleton bean 'org.springframework.boot.autoconfigure.web.HttpMessageConvertersAutoConfiguration'
2018-01-08 23:46:38 [main] DEBUG o.s.b.f.s.DefaultListableBeanFactory - Returning cached instance of singleton bean 'messageConverters'
2018-01-08 23:46:38 [main] DEBUG o.s.b.f.s.DefaultListableBeanFactory - Returning cached instance of singleton bean 'org.springframework.boot.actuate.autoconfigure.EndpointWebMvcManagementContextConfiguration'
2018-01-08 23:46:38 [main] DEBUG o.s.b.f.s.DefaultListableBeanFactory - Returning cached instance of singleton bean 'endpointHandlerMapping'
2018-01-08 23:46:38 [main] DEBUG o.s.b.f.s.DefaultListableBeanFactory - Returning cached instance of singleton bean 'mvcEndpoints'
2018-01-08 23:46:38 [main] DEBUG o.s.b.f.s.DefaultListableBeanFactory - Returning cached instance of singleton bean 'environmentMvcEndpoint'
2018-01-08 23:46:38 [main] DEBUG o.s.b.f.s.DefaultListableBeanFactory - Returning cached instance of singleton bean 'heapdumpMvcEndpoint'
2018-01-08 23:46:38 [main] DEBUG o.s.b.f.s.DefaultListableBeanFactory - Returning cached instance of singleton bean 'healthMvcEndpoint'
2018-01-08 23:46:38 [main] DEBUG o.s.b.f.s.DefaultListableBeanFactory - Returning cached instance of singleton bean 'metricsMvcEndpoint'
2018-01-08 23:46:38 [main] DEBUG o.s.b.f.s.DefaultListableBeanFactory - Returning cached instance of singleton bean 'endpoints.health-org.springframework.boot.actuate.autoconfigure.HealthMvcEndpointProperties'
2018-01-08 23:46:38 [main] DEBUG o.s.b.f.s.DefaultListableBeanFactory - Returning cached instance of singleton bean 'endpoints.cors-org.springframework.boot.actuate.autoconfigure.EndpointCorsProperties'
2018-01-08 23:46:38 [main] DEBUG o.s.b.f.s.DefaultListableBeanFactory - Returning cached instance of singleton bean 'org.springframework.boot.actuate.autoconfigure.EndpointWebMvcAutoConfiguration$EndpointWebMvcConfiguration'
2018-01-08 23:46:38 [main] DEBUG o.s.b.f.s.DefaultListableBeanFactory - Returning cached instance of singleton bean 'org.springframework.boot.actuate.autoconfigure.EndpointWebMvcAutoConfiguration$ApplicationContextFilterConfiguration'
2018-01-08 23:46:38 [main] DEBUG o.s.b.f.s.DefaultListableBeanFactory - Returning cached instance of singleton bean 'applicationContextIdFilter'
2018-01-08 23:46:38 [main] DEBUG o.s.b.f.s.DefaultListableBeanFactory - Returning cached instance of singleton bean 'org.springframework.boot.actuate.autoconfigure.EndpointWebMvcAutoConfiguration'
2018-01-08 23:46:38 [main] DEBUG o.s.b.f.s.DefaultListableBeanFactory - Returning cached instance of singleton bean 'managementContextResolver'
2018-01-08 23:46:38 [main] DEBUG o.s.b.f.s.DefaultListableBeanFactory - Returning cached instance of singleton bean 'managementServletContext'
2018-01-08 23:46:38 [main] DEBUG o.s.b.f.s.DefaultListableBeanFactory - Returning cached instance of singleton bean 'org.springframework.boot.actuate.autoconfigure.MetricExportAutoConfiguration$MetricExportPropertiesConfiguration'
2018-01-08 23:46:38 [main] DEBUG o.s.b.f.s.DefaultListableBeanFactory - Returning cached instance of singleton bean 'spring.metrics.export-org.springframework.boot.actuate.metrics.export.MetricExportProperties'
2018-01-08 23:46:38 [main] DEBUG o.s.b.f.s.DefaultListableBeanFactory - Returning cached instance of singleton bean 'org.springframework.boot.actuate.autoconfigure.MetricExportAutoConfiguration$StatsdConfiguration'
2018-01-08 23:46:38 [main] DEBUG o.s.b.f.s.DefaultListableBeanFactory - Returning cached instance of singleton bean 'org.springframework.scheduling.annotation.SchedulingConfiguration'
2018-01-08 23:46:38 [main] DEBUG o.s.b.f.s.DefaultListableBeanFactory - Returning cached instance of singleton bean 'org.springframework.context.annotation.internalScheduledAnnotationProcessor'
2018-01-08 23:46:38 [main] DEBUG o.s.b.f.s.DefaultListableBeanFactory - Returning cached instance of singleton bean 'org.springframework.boot.actuate.autoconfigure.MetricExportAutoConfiguration'
2018-01-08 23:46:38 [main] DEBUG o.s.b.f.s.DefaultListableBeanFactory - Returning cached instance of singleton bean 'metricWritersMetricExporter'
2018-01-08 23:46:38 [main] DEBUG o.s.b.f.s.DefaultListableBeanFactory - Returning cached instance of singleton bean 'org.springframework.boot.actuate.autoconfigure.MetricFilterAutoConfiguration'
2018-01-08 23:46:38 [main] DEBUG o.s.b.f.s.DefaultListableBeanFactory - Returning cached instance of singleton bean 'metricsFilter'
2018-01-08 23:46:38 [main] DEBUG o.s.b.f.s.DefaultListableBeanFactory - Returning cached instance of singleton bean 'endpoints.metrics.filter-org.springframework.boot.actuate.autoconfigure.MetricFilterProperties'
2018-01-08 23:46:38 [main] DEBUG o.s.b.f.s.DefaultListableBeanFactory - Returning cached instance of singleton bean 'org.springframework.boot.actuate.autoconfigure.TraceRepositoryAutoConfiguration'
2018-01-08 23:46:38 [main] DEBUG o.s.b.f.s.DefaultListableBeanFactory - Returning cached instance of singleton bean 'traceRepository'
2018-01-08 23:46:38 [main] DEBUG o.s.b.f.s.DefaultListableBeanFactory - Returning cached instance of singleton bean 'org.springframework.boot.actuate.autoconfigure.TraceWebFilterAutoConfiguration'
2018-01-08 23:46:38 [main] DEBUG o.s.b.f.s.DefaultListableBeanFactory - Returning cached instance of singleton bean 'webRequestLoggingFilter'
2018-01-08 23:46:38 [main] DEBUG o.s.b.f.s.DefaultListableBeanFactory - Returning cached instance of singleton bean 'management.trace-org.springframework.boot.actuate.trace.TraceProperties'
2018-01-08 23:46:38 [main] DEBUG o.s.b.f.s.DefaultListableBeanFactory - Returning cached instance of singleton bean 'org.springframework.boot.autoconfigure.context.ConfigurationPropertiesAutoConfiguration'
2018-01-08 23:46:38 [main] DEBUG o.s.b.f.s.DefaultListableBeanFactory - Returning cached instance of singleton bean 'org.springframework.boot.autoconfigure.dao.PersistenceExceptionTranslationAutoConfiguration'
2018-01-08 23:46:38 [main] DEBUG o.s.b.f.s.DefaultListableBeanFactory - Returning cached instance of singleton bean 'persistenceExceptionTranslationPostProcessor'
2018-01-08 23:46:38 [main] DEBUG o.s.b.f.s.DefaultListableBeanFactory - Returning cached instance of singleton bean 'org.springframework.transaction.annotation.ProxyTransactionManagementConfiguration'
2018-01-08 23:46:38 [main] DEBUG o.s.b.f.s.DefaultListableBeanFactory - Returning cached instance of singleton bean 'org.springframework.transaction.config.internalTransactionAdvisor'
2018-01-08 23:46:38 [main] DEBUG o.s.b.f.s.DefaultListableBeanFactory - Returning cached instance of singleton bean 'transactionAttributeSource'
2018-01-08 23:46:38 [main] DEBUG o.s.b.f.s.DefaultListableBeanFactory - Returning cached instance of singleton bean 'transactionInterceptor'
2018-01-08 23:46:38 [main] DEBUG o.s.b.f.s.DefaultListableBeanFactory - Returning cached instance of singleton bean 'org.springframework.transaction.config.internalTransactionalEventListenerFactory'
2018-01-08 23:46:38 [main] DEBUG o.s.b.f.s.DefaultListableBeanFactory - Returning cached instance of singleton bean 'org.springframework.boot.autoconfigure.jdbc.DataSourceTransactionManagerAutoConfiguration$TransactionManagementConfiguration'
2018-01-08 23:46:38 [main] DEBUG o.s.b.f.s.DefaultListableBeanFactory - Returning cached instance of singleton bean 'org.springframework.aop.config.internalAutoProxyCreator'
2018-01-08 23:46:38 [main] DEBUG o.s.b.f.s.DefaultListableBeanFactory - Returning cached instance of singleton bean 'org.springframework.boot.autoconfigure.jdbc.DataSourceTransactionManagerAutoConfiguration$DataSourceTransactionManagerConfiguration'
2018-01-08 23:46:38 [main] DEBUG o.s.b.f.s.DefaultListableBeanFactory - Returning cached instance of singleton bean 'transactionManager'
2018-01-08 23:46:38 [main] DEBUG o.s.b.f.s.DefaultListableBeanFactory - Returning cached instance of singleton bean 'org.springframework.boot.autoconfigure.jdbc.DataSourceTransactionManagerAutoConfiguration'
2018-01-08 23:46:38 [main] DEBUG o.s.b.f.s.DefaultListableBeanFactory - Returning cached instance of singleton bean 'org.springframework.boot.autoconfigure.jdbc.JdbcTemplateAutoConfiguration'
2018-01-08 23:46:38 [main] DEBUG o.s.b.f.s.DefaultListableBeanFactory - Returning cached instance of singleton bean 'jdbcTemplate'
2018-01-08 23:46:38 [main] DEBUG o.s.b.f.s.DefaultListableBeanFactory - Returning cached instance of singleton bean 'namedParameterJdbcTemplate'
2018-01-08 23:46:38 [main] DEBUG o.s.b.f.s.DefaultListableBeanFactory - Returning cached instance of singleton bean 'org.springframework.boot.autoconfigure.transaction.TransactionAutoConfiguration'
2018-01-08 23:46:38 [main] DEBUG o.s.b.f.s.DefaultListableBeanFactory - Returning cached instance of singleton bean 'transactionTemplate'
2018-01-08 23:46:38 [main] DEBUG o.s.b.f.s.DefaultListableBeanFactory - Returning cached instance of singleton bean 'org.springframework.boot.autoconfigure.web.HttpEncodingAutoConfiguration'
2018-01-08 23:46:38 [main] DEBUG o.s.b.f.s.DefaultListableBeanFactory - Returning cached instance of singleton bean 'characterEncodingFilter'
2018-01-08 23:46:38 [main] DEBUG o.s.b.f.s.DefaultListableBeanFactory - Returning cached instance of singleton bean 'localeCharsetMappingsCustomizer'
2018-01-08 23:46:38 [main] DEBUG o.s.b.f.s.DefaultListableBeanFactory - Returning cached instance of singleton bean 'org.springframework.boot.autoconfigure.web.MultipartAutoConfiguration'
2018-01-08 23:46:38 [main] DEBUG o.s.b.f.s.DefaultListableBeanFactory - Returning cached instance of singleton bean 'multipartConfigElement'
2018-01-08 23:46:38 [main] DEBUG o.s.b.f.s.DefaultListableBeanFactory - Returning cached instance of singleton bean 'multipartResolver'
2018-01-08 23:46:38 [main] DEBUG o.s.b.f.s.DefaultListableBeanFactory - Returning cached instance of singleton bean 'spring.http.multipart-org.springframework.boot.autoconfigure.web.MultipartProperties'
2018-01-08 23:46:38 [main] DEBUG o.s.b.f.s.DefaultListableBeanFactory - Returning cached instance of singleton bean 'org.springframework.boot.autoconfigure.web.WebClientAutoConfiguration$RestTemplateConfiguration'
2018-01-08 23:46:38 [main] DEBUG o.s.b.f.s.DefaultListableBeanFactory - Returning cached instance of singleton bean 'restTemplateBuilder'
2018-01-08 23:46:38 [main] DEBUG o.s.b.f.s.DefaultListableBeanFactory - Returning cached instance of singleton bean 'org.springframework.boot.autoconfigure.web.WebClientAutoConfiguration'
2018-01-08 23:46:38 [main] DEBUG o.s.b.f.s.DefaultListableBeanFactory - Returning cached instance of singleton bean 'org.springframework.cloud.autoconfigure.ConfigurationPropertiesRebinderAutoConfiguration'
2018-01-08 23:46:38 [main] DEBUG o.s.b.f.s.DefaultListableBeanFactory - Returning cached instance of singleton bean 'configurationPropertiesBeans'
2018-01-08 23:46:38 [main] DEBUG o.s.b.f.s.DefaultListableBeanFactory - Returning cached instance of singleton bean 'configurationPropertiesRebinder'
2018-01-08 23:46:38 [main] DEBUG o.s.b.f.s.DefaultListableBeanFactory - Returning cached instance of singleton bean 'org.springframework.cloud.autoconfigure.RefreshEndpointAutoConfiguration$RefreshEndpointConfiguration'
2018-01-08 23:46:38 [main] DEBUG o.s.b.f.s.DefaultListableBeanFactory - Returning cached instance of singleton bean 'refreshEndpoint'
2018-01-08 23:46:38 [main] DEBUG o.s.b.f.s.DefaultListableBeanFactory - Returning cached instance of singleton bean 'refreshEventListener'
2018-01-08 23:46:38 [main] DEBUG o.s.b.f.s.DefaultListableBeanFactory - Returning cached instance of singleton bean 'org.springframework.cloud.autoconfigure.RefreshEndpointAutoConfiguration$RestartEndpointWithoutIntegration'
2018-01-08 23:46:38 [main] DEBUG o.s.b.f.s.DefaultListableBeanFactory - Returning cached instance of singleton bean 'restartEndpoint'
2018-01-08 23:46:38 [main] DEBUG o.s.b.f.s.DefaultListableBeanFactory - Returning cached instance of singleton bean 'org.springframework.cloud.autoconfigure.RefreshEndpointAutoConfiguration'
2018-01-08 23:46:38 [main] DEBUG o.s.b.f.s.DefaultListableBeanFactory - Returning cached instance of singleton bean 'refreshScopeHealthIndicator'
2018-01-08 23:46:38 [main] DEBUG o.s.b.f.s.DefaultListableBeanFactory - Returning cached instance of singleton bean 'pauseEndpoint'
2018-01-08 23:46:38 [main] DEBUG o.s.b.f.s.DefaultListableBeanFactory - Returning cached instance of singleton bean 'resumeEndpoint'
2018-01-08 23:46:38 [main] DEBUG o.s.b.f.s.DefaultListableBeanFactory - Returning cached instance of singleton bean 'org.springframework.cloud.autoconfigure.LifecycleMvcEndpointAutoConfiguration'
2018-01-08 23:46:38 [main] DEBUG o.s.b.f.s.DefaultListableBeanFactory - Returning cached instance of singleton bean 'environmentManagerEndpoint'
2018-01-08 23:46:38 [main] DEBUG o.s.b.f.s.DefaultListableBeanFactory - Returning cached instance of singleton bean 'refreshMvcEndpoint'
2018-01-08 23:46:38 [main] DEBUG o.s.b.f.s.DefaultListableBeanFactory - Returning cached instance of singleton bean 'restartMvcEndpoint'
2018-01-08 23:46:38 [main] DEBUG o.s.b.f.s.DefaultListableBeanFactory - Returning cached instance of singleton bean 'pauseMvcEndpoint'
2018-01-08 23:46:38 [main] DEBUG o.s.b.f.s.DefaultListableBeanFactory - Returning cached instance of singleton bean 'resumeMvcEndpoint'
2018-01-08 23:46:38 [main] DEBUG o.s.b.f.s.DefaultListableBeanFactory - Returning cached instance of singleton bean 'org.springframework.cloud.autoconfigure.RefreshAutoConfiguration$RefreshScopeConfiguration'
2018-01-08 23:46:38 [main] DEBUG o.s.b.f.s.DefaultListableBeanFactory - Returning cached instance of singleton bean 'org.springframework.cloud.autoconfigure.RefreshAutoConfiguration'
2018-01-08 23:46:38 [main] DEBUG o.s.b.f.s.DefaultListableBeanFactory - Returning cached instance of singleton bean 'loggingRebinder'
2018-01-08 23:46:38 [main] DEBUG o.s.b.f.s.DefaultListableBeanFactory - Returning cached instance of singleton bean 'environmentManager'
2018-01-08 23:46:38 [main] DEBUG o.s.b.f.s.DefaultListableBeanFactory - Returning cached instance of singleton bean 'contextRefresher'
2018-01-08 23:46:38 [main] DEBUG o.s.b.f.s.DefaultListableBeanFactory - Returning cached instance of singleton bean 'org.springframework.cloud.client.discovery.noop.NoopDiscoveryClientAutoConfiguration'
2018-01-08 23:46:38 [main] DEBUG o.s.b.f.s.DefaultListableBeanFactory - Returning cached instance of singleton bean 'discoveryClient'
2018-01-08 23:46:38 [main] DEBUG o.s.b.f.s.DefaultListableBeanFactory - Returning cached instance of singleton bean 'org.springframework.cloud.config.client.ConfigClientAutoConfiguration'
2018-01-08 23:46:38 [main] DEBUG o.s.b.f.s.DefaultListableBeanFactory - Returning cached instance of singleton bean 'configClientProperties'
2018-01-08 23:46:38 [main] DEBUG o.s.b.f.s.DefaultListableBeanFactory - Returning cached instance of singleton bean 'configClientHealthProperties'
2018-01-08 23:46:38 [main] DEBUG o.s.b.f.s.DefaultListableBeanFactory - Returning cached instance of singleton bean 'org.springframework.cloud.config.server.config.EnvironmentRepositoryConfiguration$DefaultEnvironmentWatch'
2018-01-08 23:46:38 [main] DEBUG o.s.b.f.s.DefaultListableBeanFactory - Returning cached instance of singleton bean 'environmentWatch'
2018-01-08 23:46:38 [main] DEBUG o.s.b.f.s.DefaultListableBeanFactory - Returning cached instance of singleton bean 'org.springframework.cloud.config.server.config.EnvironmentRepositoryConfiguration$GitRepositoryConfiguration'
2018-01-08 23:46:38 [main] DEBUG o.s.b.f.s.DefaultListableBeanFactory - Returning cached instance of singleton bean 'environmentRepository'
2018-01-08 23:46:38 [main] DEBUG o.s.b.f.s.DefaultListableBeanFactory - Returning cached instance of singleton bean 'org.springframework.cloud.config.server.config.EnvironmentRepositoryConfiguration'
2018-01-08 23:46:38 [main] DEBUG o.s.b.f.s.DefaultListableBeanFactory - Returning cached instance of singleton bean 'configServerHealthIndicator'
2018-01-08 23:46:38 [main] DEBUG o.s.b.f.s.DefaultListableBeanFactory - Returning cached instance of singleton bean 'org.springframework.cloud.config.server.config.ResourceRepositoryConfiguration'
2018-01-08 23:46:38 [main] DEBUG o.s.b.f.s.DefaultListableBeanFactory - Returning cached instance of singleton bean 'resourceRepository'
2018-01-08 23:46:38 [main] DEBUG o.s.b.f.s.DefaultListableBeanFactory - Returning cached instance of singleton bean 'spring.cloud.config.server-org.springframework.cloud.config.server.config.ConfigServerProperties'
2018-01-08 23:46:38 [main] DEBUG o.s.b.f.s.DefaultListableBeanFactory - Returning cached instance of singleton bean 'org.springframework.cloud.config.server.config.ConfigServerEncryptionConfiguration'
2018-01-08 23:46:38 [main] DEBUG o.s.b.f.s.DefaultListableBeanFactory - Returning cached instance of singleton bean 'encryptionController'
2018-01-08 23:46:38 [main] DEBUG o.s.b.f.s.DefaultListableBeanFactory - Returning cached instance of singleton bean 'org.springframework.cloud.config.server.config.ConfigServerMvcConfiguration'
2018-01-08 23:46:38 [main] DEBUG o.s.b.f.s.DefaultListableBeanFactory - Returning cached instance of singleton bean 'environmentController'
2018-01-08 23:46:38 [main] DEBUG o.s.b.f.s.DefaultListableBeanFactory - Returning cached instance of singleton bean 'resourceController'
2018-01-08 23:46:38 [main] DEBUG o.s.b.f.s.DefaultListableBeanFactory - Returning cached instance of singleton bean 'org.springframework.cloud.config.server.config.ConfigServerAutoConfiguration'
2018-01-08 23:46:38 [main] DEBUG o.s.b.f.s.DefaultListableBeanFactory - Returning cached instance of singleton bean 'org.springframework.cloud.config.server.config.EncryptionAutoConfiguration'
2018-01-08 23:46:38 [main] DEBUG o.s.b.f.s.DefaultListableBeanFactory - Returning cached instance of singleton bean 'encrypt-org.springframework.cloud.bootstrap.encrypt.KeyProperties'
2018-01-08 23:46:38 [main] DEBUG o.s.b.f.s.DefaultListableBeanFactory - Returning cached instance of singleton bean 'org.springframework.cloud.config.server.config.SingleEncryptorAutoConfiguration'
2018-01-08 23:46:38 [main] DEBUG o.s.b.f.s.DefaultListableBeanFactory - Returning cached instance of singleton bean 'textEncryptorLocator'
2018-01-08 23:46:38 [main] DEBUG o.s.b.f.s.DefaultListableBeanFactory - Returning cached instance of singleton bean 'refreshScope'
2018-01-08 23:46:38 [main] DEBUG o.s.b.f.s.DefaultListableBeanFactory - Returning cached instance of singleton bean 'com.myshop.products.common.logging.LoggingConfigListener'
2018-01-08 23:46:38 [main] DEBUG o.s.b.f.s.DefaultListableBeanFactory - Returning cached instance of singleton bean 'org.springframework.boot.test.mock.mockito.MockitoBeans'
2018-01-08 23:46:38 [main] DEBUG o.s.b.f.s.DefaultListableBeanFactory - Returning cached instance of singleton bean 'org.springframework.context.annotation.internalConfigurationAnnotationProcessor'
2018-01-08 23:46:38 [main] DEBUG o.s.b.f.s.DefaultListableBeanFactory - Returning cached instance of singleton bean 'org.springframework.context.annotation.internalAutowiredAnnotationProcessor'
2018-01-08 23:46:38 [main] DEBUG o.s.b.f.s.DefaultListableBeanFactory - Returning cached instance of singleton bean 'org.springframework.context.annotation.internalRequiredAnnotationProcessor'
2018-01-08 23:46:38 [main] DEBUG o.s.b.f.s.DefaultListableBeanFactory - Returning cached instance of singleton bean 'org.springframework.context.annotation.internalCommonAnnotationProcessor'
2018-01-08 23:46:38 [main] DEBUG o.s.b.f.s.DefaultListableBeanFactory - Returning cached instance of singleton bean 'org.springframework.context.event.internalEventListenerProcessor'
2018-01-08 23:46:38 [main] DEBUG o.s.b.f.s.DefaultListableBeanFactory - Returning cached instance of singleton bean 'org.springframework.context.event.internalEventListenerFactory'
2018-01-08 23:46:38 [main] DEBUG o.s.b.f.s.DefaultListableBeanFactory - Returning cached instance of singleton bean 'configServerBootstrapConfiguration'
2018-01-08 23:46:38 [main] DEBUG o.s.b.f.s.DefaultListableBeanFactory - Returning cached instance of singleton bean 'configServiceBootstrapConfiguration'
2018-01-08 23:46:38 [main] DEBUG o.s.b.f.s.DefaultListableBeanFactory - Returning cached instance of singleton bean 'propertySourceBootstrapConfiguration'
2018-01-08 23:46:38 [main] DEBUG o.s.b.f.s.DefaultListableBeanFactory - Returning cached instance of singleton bean 'encryptionBootstrapConfiguration'
2018-01-08 23:46:38 [main] DEBUG o.s.b.f.s.DefaultListableBeanFactory - Returning cached instance of singleton bean 'configurationPropertiesRebinderAutoConfiguration'
2018-01-08 23:46:38 [main] DEBUG o.s.b.f.s.DefaultListableBeanFactory - Returning cached instance of singleton bean 'propertyPlaceholderAutoConfiguration'
2018-01-08 23:46:38 [main] DEBUG o.s.b.f.s.DefaultListableBeanFactory - Returning cached instance of singleton bean 'org.springframework.boot.autoconfigure.internalCachingMetadataReaderFactory'
2018-01-08 23:46:38 [main] DEBUG o.s.b.f.s.DefaultListableBeanFactory - Returning cached instance of singleton bean 'org.springframework.context.annotation.ConfigurationClassPostProcessor.importAwareProcessor'
2018-01-08 23:46:38 [main] DEBUG o.s.b.f.s.DefaultListableBeanFactory - Returning cached instance of singleton bean 'org.springframework.context.annotation.ConfigurationClassPostProcessor.enhancedConfigurationProcessor'
2018-01-08 23:46:38 [main] DEBUG o.s.b.f.s.DefaultListableBeanFactory - Returning cached instance of singleton bean 'configClientProperties'
2018-01-08 23:46:38 [main] DEBUG o.s.b.f.s.DefaultListableBeanFactory - Returning cached instance of singleton bean 'org.springframework.boot.context.properties.ConfigurationPropertiesBindingPostProcessor'
2018-01-08 23:46:38 [main] DEBUG o.s.b.f.s.DefaultListableBeanFactory - Returning cached instance of singleton bean 'org.springframework.boot.context.properties.ConfigurationPropertiesBindingPostProcessor.store'
2018-01-08 23:46:38 [main] DEBUG o.s.b.f.s.DefaultListableBeanFactory - Returning cached instance of singleton bean 'spring.cloud.config-org.springframework.cloud.bootstrap.config.PropertySourceBootstrapProperties'
2018-01-08 23:46:38 [main] DEBUG o.s.b.f.s.DefaultListableBeanFactory - Returning cached instance of singleton bean 'org.springframework.cloud.bootstrap.encrypt.EncryptionBootstrapConfiguration$RsaEncryptionConfiguration'
2018-01-08 23:46:38 [main] DEBUG o.s.b.f.s.DefaultListableBeanFactory - Returning cached instance of singleton bean 'org.springframework.boot.autoconfigure.condition.BeanTypeRegistry'
2018-01-08 23:46:38 [main] DEBUG o.s.b.f.s.DefaultListableBeanFactory - Returning cached instance of singleton bean 'textEncryptor'
2018-01-08 23:46:38 [main] DEBUG o.s.b.f.s.DefaultListableBeanFactory - Returning cached instance of singleton bean 'environmentDecryptApplicationListener'
2018-01-08 23:46:38 [main] DEBUG o.s.b.f.s.DefaultListableBeanFactory - Returning cached instance of singleton bean 'encrypt-org.springframework.cloud.bootstrap.encrypt.KeyProperties'
2018-01-08 23:46:38 [main] DEBUG o.s.b.f.s.DefaultListableBeanFactory - Returning cached instance of singleton bean 'configurationPropertiesRebinder'
2018-01-08 23:46:38 [main] DEBUG o.s.b.f.s.DefaultListableBeanFactory - Returning cached instance of singleton bean 'configurationPropertiesBeans'
2018-01-08 23:46:38 [main] DEBUG o.s.b.f.s.DefaultListableBeanFactory - Returning cached instance of singleton bean 'propertySourcesPlaceholderConfigurer'
2018-01-08 23:46:38 [main] DEBUG o.a.h.i.c.BasicClientConnectionManager - Get connection for route {}->http://localhost:49184
2018-01-08 23:46:38 [main] DEBUG o.a.h.i.c.DefaultClientConnectionOperator - Connecting to localhost:49184
2018-01-08 23:46:38 [main] DEBUG o.a.h.c.protocol.RequestAddCookies - CookieSpec selected: ignoreCookies
2018-01-08 23:46:38 [main] DEBUG o.a.h.c.protocol.RequestAuthCache - Auth cache not set in the context
2018-01-08 23:46:38 [main] DEBUG o.a.h.c.p.RequestTargetAuthentication - Target auth state: UNCHALLENGED
2018-01-08 23:46:38 [main] DEBUG o.a.h.c.p.RequestProxyAuthentication - Proxy auth state: UNCHALLENGED
2018-01-08 23:46:38 [main] DEBUG o.a.h.impl.client.DefaultHttpClient - Attempt 1 to execute request
2018-01-08 23:46:38 [main] DEBUG o.a.h.i.conn.DefaultClientConnection - Sending request: DELETE /product/1234 HTTP/1.1
2018-01-08 23:46:38 [main] DEBUG org.apache.http.wire -  >> "DELETE /product/1234 HTTP/1.1[\r][\n]"
2018-01-08 23:46:38 [main] DEBUG org.apache.http.wire -  >> "Accept: */*[\r][\n]"
2018-01-08 23:46:38 [main] DEBUG org.apache.http.wire -  >> "Content-Length: 0[\r][\n]"
2018-01-08 23:46:38 [main] DEBUG org.apache.http.wire -  >> "Host: localhost:49184[\r][\n]"
2018-01-08 23:46:38 [main] DEBUG org.apache.http.wire -  >> "Connection: Keep-Alive[\r][\n]"
2018-01-08 23:46:38 [main] DEBUG org.apache.http.wire -  >> "User-Agent: Apache-HttpClient/4.5.2 (Java/1.8.0_144)[\r][\n]"
2018-01-08 23:46:38 [main] DEBUG org.apache.http.wire -  >> "Accept-Encoding: gzip,deflate[\r][\n]"
2018-01-08 23:46:38 [main] DEBUG org.apache.http.wire -  >> "[\r][\n]"
2018-01-08 23:46:38 [main] DEBUG org.apache.http.headers - >> DELETE /product/1234 HTTP/1.1
2018-01-08 23:46:38 [main] DEBUG org.apache.http.headers - >> Accept: */*
2018-01-08 23:46:38 [main] DEBUG org.apache.http.headers - >> Content-Length: 0
2018-01-08 23:46:38 [main] DEBUG org.apache.http.headers - >> Host: localhost:49184
2018-01-08 23:46:38 [main] DEBUG org.apache.http.headers - >> Connection: Keep-Alive
2018-01-08 23:46:38 [main] DEBUG org.apache.http.headers - >> User-Agent: Apache-HttpClient/4.5.2 (Java/1.8.0_144)
2018-01-08 23:46:38 [main] DEBUG org.apache.http.headers - >> Accept-Encoding: gzip,deflate
2018-01-08 23:46:38 [http-nio-auto-1-exec-7] DEBUG o.s.b.w.f.OrderedRequestContextFilter - Bound request context to thread: org.apache.catalina.connector.RequestFacade@5398eb34
2018-01-08 23:46:38 [Finalizer] DEBUG o.a.h.i.conn.DefaultClientConnection - Connection 0.0.0.0:49232<->127.0.0.1:49184 closed
2018-01-08 23:46:38 [Finalizer] DEBUG o.a.h.i.conn.DefaultClientConnection - Connection 0.0.0.0:49233<->127.0.0.1:49184 closed
2018-01-08 23:46:38 [Finalizer] DEBUG o.a.h.i.conn.DefaultClientConnection - Connection 0.0.0.0:49234<->127.0.0.1:49184 closed
2018-01-08 23:46:38 [Finalizer] DEBUG o.a.h.i.conn.DefaultClientConnection - Connection 0.0.0.0:49202<->127.0.0.1:49184 closed
2018-01-08 23:46:38 [http-nio-auto-1-exec-7] DEBUG o.s.b.a.e.mvc.EndpointHandlerMapping - Looking up handler method for path /product/1234
2018-01-08 23:46:38 [http-nio-auto-1-exec-7] DEBUG o.s.b.a.e.mvc.EndpointHandlerMapping - Did not find handler method for [/product/1234]
2018-01-08 23:46:38 [http-nio-auto-1-exec-7] DEBUG o.s.b.f.s.DefaultListableBeanFactory - Returning cached instance of singleton bean 'productController'
2018-01-08 23:46:38 [http-nio-auto-1-exec-7] DEBUG o.s.jdbc.core.JdbcTemplate - Executing prepared SQL update
2018-01-08 23:46:38 [http-nio-auto-1-exec-7] DEBUG o.s.jdbc.core.JdbcTemplate - Executing prepared SQL statement [DELETE FROM products WHERE id = ?]
2018-01-08 23:46:38 [http-nio-auto-1-exec-7] DEBUG o.s.jdbc.datasource.DataSourceUtils - Fetching JDBC Connection from DataSource
2018-01-08 23:46:38 [http-nio-auto-1-exec-7] DEBUG o.s.jdbc.core.JdbcTemplate - SQL update affected 1 rows
2018-01-08 23:46:38 [http-nio-auto-1-exec-7] DEBUG o.s.jdbc.datasource.DataSourceUtils - Returning JDBC Connection to DataSource
2018-01-08 23:46:38 [http-nio-auto-1-exec-7] DEBUG o.s.b.w.f.OrderedRequestContextFilter - Cleared thread-bound request context: org.apache.catalina.connector.RequestFacade@5398eb34
2018-01-08 23:46:38 [main] DEBUG org.apache.http.wire -  << "HTTP/1.1 200 [\r][\n]"
2018-01-08 23:46:38 [main] DEBUG org.apache.http.wire -  << "X-Application-Context: application:0[\r][\n]"
2018-01-08 23:46:38 [main] DEBUG org.apache.http.wire -  << "Content-Type: application/json;charset=UTF-8[\r][\n]"
2018-01-08 23:46:38 [main] DEBUG org.apache.http.wire -  << "Content-Length: 0[\r][\n]"
2018-01-08 23:46:38 [main] DEBUG org.apache.http.wire -  << "Date: Mon, 08 Jan 2018 12:46:38 GMT[\r][\n]"
2018-01-08 23:46:38 [main] DEBUG org.apache.http.wire -  << "[\r][\n]"
2018-01-08 23:46:38 [main] DEBUG o.a.h.i.conn.DefaultClientConnection - Receiving response: HTTP/1.1 200 
2018-01-08 23:46:38 [main] DEBUG org.apache.http.headers - << HTTP/1.1 200 
2018-01-08 23:46:38 [main] DEBUG org.apache.http.headers - << X-Application-Context: application:0
2018-01-08 23:46:38 [main] DEBUG org.apache.http.headers - << Content-Type: application/json;charset=UTF-8
2018-01-08 23:46:38 [main] DEBUG org.apache.http.headers - << Content-Length: 0
2018-01-08 23:46:38 [main] DEBUG org.apache.http.headers - << Date: Mon, 08 Jan 2018 12:46:38 GMT
2018-01-08 23:46:38 [main] DEBUG o.a.h.impl.client.DefaultHttpClient - Connection can be kept alive indefinitely
2018-01-08 23:46:39 [main] DEBUG o.s.t.c.c.DefaultCacheAwareContextLoaderDelegate - Retrieved ApplicationContext from cache with key [[WebMergedContextConfiguration@473b46c3 testClass = ProductServiceIT, locations = '{}', classes = '{class com.myshop.products.ProductApp, class com.myshop.products.ProductApp}', contextInitializerClasses = '[]', activeProfiles = '{}', propertySourceLocations = '{}', propertySourceProperties = '{org.springframework.boot.test.context.SpringBootTestContextBootstrapper=true, server.port=0}', contextCustomizers = set[org.springframework.boot.test.context.SpringBootTestContextCustomizer@6e6c3152, org.springframework.boot.test.context.filter.ExcludeFilterContextCustomizer@32709393, org.springframework.boot.test.mock.mockito.MockitoContextCustomizer@0, org.springframework.boot.test.autoconfigure.properties.PropertyMappingContextCustomizer@0, org.springframework.boot.test.autoconfigure.web.servlet.WebDriverContextCustomizerFactory$Customizer@10bbd20a], resourceBasePath = 'src/main/webapp', contextLoader = 'org.springframework.boot.test.context.SpringBootContextLoader', parent = [null]]]
2018-01-08 23:46:39 [main] DEBUG o.springframework.test.context.cache - Spring test ApplicationContext cache statistics: [DefaultContextCache@50e5032c size = 1, maxSize = 32, parentContextCount = 0, hitCount = 25, missCount = 1]
2018-01-08 23:46:39 [main] DEBUG o.s.t.c.c.DefaultCacheAwareContextLoaderDelegate - Retrieved ApplicationContext from cache with key [[WebMergedContextConfiguration@473b46c3 testClass = ProductServiceIT, locations = '{}', classes = '{class com.myshop.products.ProductApp, class com.myshop.products.ProductApp}', contextInitializerClasses = '[]', activeProfiles = '{}', propertySourceLocations = '{}', propertySourceProperties = '{org.springframework.boot.test.context.SpringBootTestContextBootstrapper=true, server.port=0}', contextCustomizers = set[org.springframework.boot.test.context.SpringBootTestContextCustomizer@6e6c3152, org.springframework.boot.test.context.filter.ExcludeFilterContextCustomizer@32709393, org.springframework.boot.test.mock.mockito.MockitoContextCustomizer@0, org.springframework.boot.test.autoconfigure.properties.PropertyMappingContextCustomizer@0, org.springframework.boot.test.autoconfigure.web.servlet.WebDriverContextCustomizerFactory$Customizer@10bbd20a], resourceBasePath = 'src/main/webapp', contextLoader = 'org.springframework.boot.test.context.SpringBootContextLoader', parent = [null]]]
2018-01-08 23:46:39 [main] DEBUG o.springframework.test.context.cache - Spring test ApplicationContext cache statistics: [DefaultContextCache@50e5032c size = 1, maxSize = 32, parentContextCount = 0, hitCount = 26, missCount = 1]
2018-01-08 23:46:39 [main] DEBUG o.s.t.c.c.DefaultCacheAwareContextLoaderDelegate - Retrieved ApplicationContext from cache with key [[WebMergedContextConfiguration@473b46c3 testClass = ProductServiceIT, locations = '{}', classes = '{class com.myshop.products.ProductApp, class com.myshop.products.ProductApp}', contextInitializerClasses = '[]', activeProfiles = '{}', propertySourceLocations = '{}', propertySourceProperties = '{org.springframework.boot.test.context.SpringBootTestContextBootstrapper=true, server.port=0}', contextCustomizers = set[org.springframework.boot.test.context.SpringBootTestContextCustomizer@6e6c3152, org.springframework.boot.test.context.filter.ExcludeFilterContextCustomizer@32709393, org.springframework.boot.test.mock.mockito.MockitoContextCustomizer@0, org.springframework.boot.test.autoconfigure.properties.PropertyMappingContextCustomizer@0, org.springframework.boot.test.autoconfigure.web.servlet.WebDriverContextCustomizerFactory$Customizer@10bbd20a], resourceBasePath = 'src/main/webapp', contextLoader = 'org.springframework.boot.test.context.SpringBootContextLoader', parent = [null]]]
2018-01-08 23:46:39 [main] DEBUG o.springframework.test.context.cache - Spring test ApplicationContext cache statistics: [DefaultContextCache@50e5032c size = 1, maxSize = 32, parentContextCount = 0, hitCount = 27, missCount = 1]
2018-01-08 23:46:39 [main] DEBUG o.s.t.c.c.DefaultCacheAwareContextLoaderDelegate - Retrieved ApplicationContext from cache with key [[WebMergedContextConfiguration@473b46c3 testClass = ProductServiceIT, locations = '{}', classes = '{class com.myshop.products.ProductApp, class com.myshop.products.ProductApp}', contextInitializerClasses = '[]', activeProfiles = '{}', propertySourceLocations = '{}', propertySourceProperties = '{org.springframework.boot.test.context.SpringBootTestContextBootstrapper=true, server.port=0}', contextCustomizers = set[org.springframework.boot.test.context.SpringBootTestContextCustomizer@6e6c3152, org.springframework.boot.test.context.filter.ExcludeFilterContextCustomizer@32709393, org.springframework.boot.test.mock.mockito.MockitoContextCustomizer@0, org.springframework.boot.test.autoconfigure.properties.PropertyMappingContextCustomizer@0, org.springframework.boot.test.autoconfigure.web.servlet.WebDriverContextCustomizerFactory$Customizer@10bbd20a], resourceBasePath = 'src/main/webapp', contextLoader = 'org.springframework.boot.test.context.SpringBootContextLoader', parent = [null]]]
2018-01-08 23:46:39 [main] DEBUG o.springframework.test.context.cache - Spring test ApplicationContext cache statistics: [DefaultContextCache@50e5032c size = 1, maxSize = 32, parentContextCount = 0, hitCount = 28, missCount = 1]
2018-01-08 23:46:39 [main] DEBUG o.s.b.f.s.DefaultListableBeanFactory - Returning cached instance of singleton bean 'org.springframework.context.annotation.internalConfigurationAnnotationProcessor'
2018-01-08 23:46:39 [main] DEBUG o.s.b.f.s.DefaultListableBeanFactory - Returning cached instance of singleton bean 'org.springframework.context.annotation.internalAutowiredAnnotationProcessor'
2018-01-08 23:46:39 [main] DEBUG o.s.b.f.s.DefaultListableBeanFactory - Returning cached instance of singleton bean 'org.springframework.context.annotation.internalRequiredAnnotationProcessor'
2018-01-08 23:46:39 [main] DEBUG o.s.b.f.s.DefaultListableBeanFactory - Returning cached instance of singleton bean 'org.springframework.context.annotation.internalCommonAnnotationProcessor'
2018-01-08 23:46:39 [main] DEBUG o.s.b.f.s.DefaultListableBeanFactory - Returning cached instance of singleton bean 'org.springframework.context.event.internalEventListenerProcessor'
2018-01-08 23:46:39 [main] DEBUG o.s.b.f.s.DefaultListableBeanFactory - Returning cached instance of singleton bean 'org.springframework.context.event.internalEventListenerFactory'
2018-01-08 23:46:39 [main] DEBUG o.s.b.f.s.DefaultListableBeanFactory - Returning cached instance of singleton bean 'testRestTemplate'
2018-01-08 23:46:39 [main] DEBUG o.s.b.f.s.DefaultListableBeanFactory - Returning cached instance of singleton bean 'org.springframework.boot.test.mock.mockito.MockitoPostProcessor$SpyPostProcessor'
2018-01-08 23:46:39 [main] DEBUG o.s.b.f.s.DefaultListableBeanFactory - Returning cached instance of singleton bean 'org.springframework.boot.test.mock.mockito.MockitoPostProcessor'
2018-01-08 23:46:39 [main] DEBUG o.s.b.f.s.DefaultListableBeanFactory - Returning cached instance of singleton bean 'productApp'
2018-01-08 23:46:39 [main] DEBUG o.s.b.f.s.DefaultListableBeanFactory - Returning cached instance of singleton bean 'org.springframework.boot.autoconfigure.internalCachingMetadataReaderFactory'
2018-01-08 23:46:39 [main] DEBUG o.s.b.f.s.DefaultListableBeanFactory - Returning cached instance of singleton bean 'org.springframework.context.annotation.ConfigurationClassPostProcessor.importAwareProcessor'
2018-01-08 23:46:39 [main] DEBUG o.s.b.f.s.DefaultListableBeanFactory - Returning cached instance of singleton bean 'org.springframework.context.annotation.ConfigurationClassPostProcessor.enhancedConfigurationProcessor'
2018-01-08 23:46:39 [main] DEBUG o.s.b.f.s.DefaultListableBeanFactory - Returning cached instance of singleton bean 'commonConfig'
2018-01-08 23:46:39 [main] DEBUG o.s.b.f.s.DefaultListableBeanFactory - Returning cached instance of singleton bean 'productController'
2018-01-08 23:46:39 [main] DEBUG o.s.b.f.s.DefaultListableBeanFactory - Returning cached instance of singleton bean 'productDAOImpl'
2018-01-08 23:46:39 [main] DEBUG o.s.b.f.s.DefaultListableBeanFactory - Returning cached instance of singleton bean 'productServiceImpl'
2018-01-08 23:46:39 [main] DEBUG o.s.b.f.s.DefaultListableBeanFactory - Returning cached instance of singleton bean 'myShopControllerAdvice'
2018-01-08 23:46:39 [main] DEBUG o.s.b.f.s.DefaultListableBeanFactory - Returning cached instance of singleton bean 'loggerfilter'
2018-01-08 23:46:39 [main] DEBUG o.s.b.f.s.DefaultListableBeanFactory - Returning cached instance of singleton bean 'servletComponentRegisteringPostProcessor'
2018-01-08 23:46:39 [main] DEBUG o.s.b.f.s.DefaultListableBeanFactory - Returning cached instance of singleton bean 'org.springframework.cloud.config.server.config.ConfigServerConfiguration'
2018-01-08 23:46:39 [main] DEBUG o.s.b.f.s.DefaultListableBeanFactory - Returning cached instance of singleton bean 'enableConfigServerMarker'
2018-01-08 23:46:39 [main] DEBUG o.s.b.f.s.DefaultListableBeanFactory - Returning cached instance of singleton bean 'org.springframework.boot.autoconfigure.AutoConfigurationPackages'
2018-01-08 23:46:39 [main] DEBUG o.s.b.f.s.DefaultListableBeanFactory - Returning cached instance of singleton bean 'org.springframework.boot.autoconfigure.PropertyPlaceholderAutoConfiguration'
2018-01-08 23:46:39 [main] DEBUG o.s.b.f.s.DefaultListableBeanFactory - Returning cached instance of singleton bean 'org.springframework.boot.autoconfigure.condition.BeanTypeRegistry'
2018-01-08 23:46:39 [main] DEBUG o.s.b.f.s.DefaultListableBeanFactory - Returning cached instance of singleton bean 'propertySourcesPlaceholderConfigurer'
2018-01-08 23:46:39 [main] DEBUG o.s.b.f.s.DefaultListableBeanFactory - Returning cached instance of singleton bean 'org.springframework.boot.autoconfigure.jackson.JacksonAutoConfiguration$Jackson2ObjectMapperBuilderCustomizerConfiguration'
2018-01-08 23:46:39 [main] DEBUG o.s.b.f.s.DefaultListableBeanFactory - Returning cached instance of singleton bean 'standardJacksonObjectMapperBuilderCustomizer'
2018-01-08 23:46:39 [main] DEBUG o.s.b.f.s.DefaultListableBeanFactory - Returning cached instance of singleton bean 'spring.jackson-org.springframework.boot.autoconfigure.jackson.JacksonProperties'
2018-01-08 23:46:39 [main] DEBUG o.s.b.f.s.DefaultListableBeanFactory - Returning cached instance of singleton bean 'org.springframework.boot.context.properties.ConfigurationPropertiesBindingPostProcessor'
2018-01-08 23:46:39 [main] DEBUG o.s.b.f.s.DefaultListableBeanFactory - Returning cached instance of singleton bean 'org.springframework.boot.context.properties.ConfigurationPropertiesBindingPostProcessor.store'
2018-01-08 23:46:39 [main] DEBUG o.s.b.f.s.DefaultListableBeanFactory - Returning cached instance of singleton bean 'org.springframework.boot.autoconfigure.jackson.JacksonAutoConfiguration$JacksonObjectMapperBuilderConfiguration'
2018-01-08 23:46:39 [main] DEBUG o.s.b.f.s.DefaultListableBeanFactory - Returning cached instance of singleton bean 'jacksonObjectMapperBuilder'
2018-01-08 23:46:39 [main] DEBUG o.s.b.f.s.DefaultListableBeanFactory - Returning cached instance of singleton bean 'org.springframework.boot.autoconfigure.jackson.JacksonAutoConfiguration$JacksonObjectMapperConfiguration'
2018-01-08 23:46:39 [main] DEBUG o.s.b.f.s.DefaultListableBeanFactory - Returning cached instance of singleton bean 'jacksonObjectMapper'
2018-01-08 23:46:39 [main] DEBUG o.s.b.f.s.DefaultListableBeanFactory - Returning cached instance of singleton bean 'org.springframework.boot.autoconfigure.jackson.JacksonAutoConfiguration'
2018-01-08 23:46:39 [main] DEBUG o.s.b.f.s.DefaultListableBeanFactory - Returning cached instance of singleton bean 'jsonComponentModule'
2018-01-08 23:46:39 [main] DEBUG o.s.b.f.s.DefaultListableBeanFactory - Returning cached instance of singleton bean 'org.springframework.boot.autoconfigure.websocket.WebSocketAutoConfiguration$TomcatWebSocketConfiguration'
2018-01-08 23:46:39 [main] DEBUG o.s.b.f.s.DefaultListableBeanFactory - Returning cached instance of singleton bean 'websocketContainerCustomizer'
2018-01-08 23:46:39 [main] DEBUG o.s.b.f.s.DefaultListableBeanFactory - Returning cached instance of singleton bean 'org.springframework.boot.autoconfigure.websocket.WebSocketAutoConfiguration'
2018-01-08 23:46:39 [main] DEBUG o.s.b.f.s.DefaultListableBeanFactory - Returning cached instance of singleton bean 'org.springframework.boot.autoconfigure.web.EmbeddedServletContainerAutoConfiguration$EmbeddedTomcat'
2018-01-08 23:46:39 [main] DEBUG o.s.b.f.s.DefaultListableBeanFactory - Returning cached instance of singleton bean 'tomcatEmbeddedServletContainerFactory'
2018-01-08 23:46:39 [main] DEBUG o.s.b.f.s.DefaultListableBeanFactory - Returning cached instance of singleton bean 'org.springframework.boot.autoconfigure.web.EmbeddedServletContainerAutoConfiguration'
2018-01-08 23:46:39 [main] DEBUG o.s.b.f.s.DefaultListableBeanFactory - Returning cached instance of singleton bean 'embeddedServletContainerCustomizerBeanPostProcessor'
2018-01-08 23:46:39 [main] DEBUG o.s.b.f.s.DefaultListableBeanFactory - Returning cached instance of singleton bean 'errorPageRegistrarBeanPostProcessor'
2018-01-08 23:46:39 [main] DEBUG o.s.b.f.s.DefaultListableBeanFactory - Returning cached instance of singleton bean 'org.springframework.boot.autoconfigure.web.DispatcherServletAutoConfiguration$DispatcherServletConfiguration'
2018-01-08 23:46:39 [main] DEBUG o.s.b.f.s.DefaultListableBeanFactory - Returning cached instance of singleton bean 'dispatcherServlet'
2018-01-08 23:46:39 [main] DEBUG o.s.b.f.s.DefaultListableBeanFactory - Returning cached instance of singleton bean 'spring.mvc-org.springframework.boot.autoconfigure.web.WebMvcProperties'
2018-01-08 23:46:39 [main] DEBUG o.s.b.f.s.DefaultListableBeanFactory - Returning cached instance of singleton bean 'org.springframework.boot.autoconfigure.web.DispatcherServletAutoConfiguration$DispatcherServletRegistrationConfiguration'
2018-01-08 23:46:39 [main] DEBUG o.s.b.f.s.DefaultListableBeanFactory - Returning cached instance of singleton bean 'dispatcherServletRegistration'
2018-01-08 23:46:39 [main] DEBUG o.s.b.f.s.DefaultListableBeanFactory - Returning cached instance of singleton bean 'org.springframework.boot.autoconfigure.web.DispatcherServletAutoConfiguration'
2018-01-08 23:46:39 [main] DEBUG o.s.b.f.s.DefaultListableBeanFactory - Returning cached instance of singleton bean 'org.springframework.boot.autoconfigure.web.ErrorMvcAutoConfiguration$WhitelabelErrorViewConfiguration'
2018-01-08 23:46:39 [main] DEBUG o.s.b.f.s.DefaultListableBeanFactory - Returning cached instance of singleton bean 'error'
2018-01-08 23:46:39 [main] DEBUG o.s.b.f.s.DefaultListableBeanFactory - Returning cached instance of singleton bean 'beanNameViewResolver'
2018-01-08 23:46:39 [main] DEBUG o.s.b.f.s.DefaultListableBeanFactory - Returning cached instance of singleton bean 'org.springframework.boot.autoconfigure.web.ErrorMvcAutoConfiguration'
2018-01-08 23:46:39 [main] DEBUG o.s.b.f.s.DefaultListableBeanFactory - Returning cached instance of singleton bean 'errorAttributes'
2018-01-08 23:46:39 [main] DEBUG o.s.b.f.s.DefaultListableBeanFactory - Returning cached instance of singleton bean 'basicErrorController'
2018-01-08 23:46:39 [main] DEBUG o.s.b.f.s.DefaultListableBeanFactory - Returning cached instance of singleton bean 'errorPageCustomizer'
2018-01-08 23:46:39 [main] DEBUG o.s.b.f.s.DefaultListableBeanFactory - Returning cached instance of singleton bean 'conventionErrorViewResolver'
2018-01-08 23:46:39 [main] DEBUG o.s.b.f.s.DefaultListableBeanFactory - Returning cached instance of singleton bean 'preserveErrorControllerTargetClassPostProcessor'
2018-01-08 23:46:39 [main] DEBUG o.s.b.f.s.DefaultListableBeanFactory - Returning cached instance of singleton bean 'spring.resources-org.springframework.boot.autoconfigure.web.ResourceProperties'
2018-01-08 23:46:39 [main] DEBUG o.s.b.f.s.DefaultListableBeanFactory - Returning cached instance of singleton bean 'org.springframework.boot.autoconfigure.web.WebMvcAutoConfiguration$EnableWebMvcConfiguration'
2018-01-08 23:46:39 [main] DEBUG o.s.b.f.s.DefaultListableBeanFactory - Returning cached instance of singleton bean 'requestMappingHandlerAdapter'
2018-01-08 23:46:39 [main] DEBUG o.s.b.f.s.DefaultListableBeanFactory - Returning cached instance of singleton bean 'requestMappingHandlerMapping'
2018-01-08 23:46:39 [main] DEBUG o.s.b.f.s.DefaultListableBeanFactory - Returning cached instance of singleton bean 'mvcPathMatcher'
2018-01-08 23:46:39 [main] DEBUG o.s.b.f.s.DefaultListableBeanFactory - Returning cached instance of singleton bean 'mvcUrlPathHelper'
2018-01-08 23:46:39 [main] DEBUG o.s.b.f.s.DefaultListableBeanFactory - Returning cached instance of singleton bean 'mvcContentNegotiationManager'
2018-01-08 23:46:39 [main] DEBUG o.s.b.f.s.DefaultListableBeanFactory - Returning cached instance of singleton bean 'viewControllerHandlerMapping'
2018-01-08 23:46:39 [main] DEBUG o.s.b.f.s.DefaultListableBeanFactory - Returning cached instance of singleton bean 'beanNameHandlerMapping'
2018-01-08 23:46:39 [main] DEBUG o.s.b.f.s.DefaultListableBeanFactory - Returning cached instance of singleton bean 'resourceHandlerMapping'
2018-01-08 23:46:39 [main] DEBUG o.s.b.f.s.DefaultListableBeanFactory - Returning cached instance of singleton bean 'mvcResourceUrlProvider'
2018-01-08 23:46:39 [main] DEBUG o.s.b.f.s.DefaultListableBeanFactory - Returning cached instance of singleton bean 'defaultServletHandlerMapping'
2018-01-08 23:46:39 [main] DEBUG o.s.b.f.s.DefaultListableBeanFactory - Returning cached instance of singleton bean 'mvcConversionService'
2018-01-08 23:46:39 [main] DEBUG o.s.b.f.s.DefaultListableBeanFactory - Returning cached instance of singleton bean 'mvcValidator'
2018-01-08 23:46:39 [main] DEBUG o.s.b.f.s.DefaultListableBeanFactory - Returning cached instance of singleton bean 'mvcUriComponentsContributor'
2018-01-08 23:46:39 [main] DEBUG o.s.b.f.s.DefaultListableBeanFactory - Returning cached instance of singleton bean 'httpRequestHandlerAdapter'
2018-01-08 23:46:39 [main] DEBUG o.s.b.f.s.DefaultListableBeanFactory - Returning cached instance of singleton bean 'simpleControllerHandlerAdapter'
2018-01-08 23:46:39 [main] DEBUG o.s.b.f.s.DefaultListableBeanFactory - Returning cached instance of singleton bean 'handlerExceptionResolver'
2018-01-08 23:46:39 [main] DEBUG o.s.b.f.s.DefaultListableBeanFactory - Returning cached instance of singleton bean 'mvcViewResolver'
2018-01-08 23:46:39 [main] DEBUG o.s.b.f.s.DefaultListableBeanFactory - Returning cached instance of singleton bean 'org.springframework.boot.autoconfigure.web.WebMvcAutoConfiguration$WebMvcAutoConfigurationAdapter$FaviconConfiguration'
2018-01-08 23:46:39 [main] DEBUG o.s.b.f.s.DefaultListableBeanFactory - Returning cached instance of singleton bean 'faviconHandlerMapping'
2018-01-08 23:46:39 [main] DEBUG o.s.b.f.s.DefaultListableBeanFactory - Returning cached instance of singleton bean 'faviconRequestHandler'
2018-01-08 23:46:39 [main] DEBUG o.s.b.f.s.DefaultListableBeanFactory - Returning cached instance of singleton bean 'org.springframework.boot.autoconfigure.web.WebMvcAutoConfiguration$WebMvcAutoConfigurationAdapter'
2018-01-08 23:46:39 [main] DEBUG o.s.b.f.s.DefaultListableBeanFactory - Returning cached instance of singleton bean 'defaultViewResolver'
2018-01-08 23:46:39 [main] DEBUG o.s.b.f.s.DefaultListableBeanFactory - Returning cached instance of singleton bean 'viewResolver'
2018-01-08 23:46:39 [main] DEBUG o.s.b.f.s.DefaultListableBeanFactory - Returning cached instance of singleton bean 'welcomePageHandlerMapping'
2018-01-08 23:46:39 [main] DEBUG o.s.b.f.s.DefaultListableBeanFactory - Returning cached instance of singleton bean 'requestContextFilter'
2018-01-08 23:46:39 [main] DEBUG o.s.b.f.s.DefaultListableBeanFactory - Returning cached instance of singleton bean 'org.springframework.boot.autoconfigure.web.WebMvcAutoConfiguration'
2018-01-08 23:46:39 [main] DEBUG o.s.b.f.s.DefaultListableBeanFactory - Returning cached instance of singleton bean 'hiddenHttpMethodFilter'
2018-01-08 23:46:39 [main] DEBUG o.s.b.f.s.DefaultListableBeanFactory - Returning cached instance of singleton bean 'httpPutFormContentFilter'
2018-01-08 23:46:39 [main] DEBUG o.s.b.f.s.DefaultListableBeanFactory - Returning cached instance of singleton bean 'org.springframework.cloud.commons.util.UtilAutoConfiguration'
2018-01-08 23:46:39 [main] DEBUG o.s.b.f.s.DefaultListableBeanFactory - Returning cached instance of singleton bean 'inetUtilsProperties'
2018-01-08 23:46:39 [main] DEBUG o.s.b.f.s.DefaultListableBeanFactory - Returning cached instance of singleton bean 'inetUtils'
2018-01-08 23:46:39 [main] DEBUG o.s.b.f.s.DefaultListableBeanFactory - Returning cached instance of singleton bean 'org.springframework.boot.actuate.autoconfigure.AuditAutoConfiguration$AuditEventRepositoryConfiguration'
2018-01-08 23:46:39 [main] DEBUG o.s.b.f.s.DefaultListableBeanFactory - Returning cached instance of singleton bean 'auditEventRepository'
2018-01-08 23:46:39 [main] DEBUG o.s.b.f.s.DefaultListableBeanFactory - Returning cached instance of singleton bean 'org.springframework.boot.actuate.autoconfigure.AuditAutoConfiguration'
2018-01-08 23:46:39 [main] DEBUG o.s.b.f.s.DefaultListableBeanFactory - Returning cached instance of singleton bean 'auditListener'
2018-01-08 23:46:39 [main] DEBUG o.s.b.f.s.DefaultListableBeanFactory - Returning cached instance of singleton bean 'org.springframework.boot.autoconfigure.jdbc.DataSourceConfiguration$Tomcat'
2018-01-08 23:46:39 [main] DEBUG o.s.b.f.s.DefaultListableBeanFactory - Returning cached instance of singleton bean 'dataSource'
2018-01-08 23:46:39 [main] DEBUG o.s.b.f.s.DefaultListableBeanFactory - Returning cached instance of singleton bean 'org.springframework.boot.autoconfigure.jdbc.DataSourceAutoConfiguration$PooledDataSourceConfiguration'
2018-01-08 23:46:39 [main] DEBUG o.s.b.f.s.DefaultListableBeanFactory - Returning cached instance of singleton bean 'org.springframework.boot.autoconfigure.jdbc.metadata.DataSourcePoolMetadataProvidersConfiguration$TomcatDataSourcePoolMetadataProviderConfiguration'
2018-01-08 23:46:39 [main] DEBUG o.s.b.f.s.DefaultListableBeanFactory - Returning cached instance of singleton bean 'tomcatPoolDataSourceMetadataProvider'
2018-01-08 23:46:39 [main] DEBUG o.s.b.f.s.DefaultListableBeanFactory - Returning cached instance of singleton bean 'org.springframework.boot.autoconfigure.jdbc.metadata.DataSourcePoolMetadataProvidersConfiguration'
2018-01-08 23:46:39 [main] DEBUG o.s.b.f.s.DefaultListableBeanFactory - Returning cached instance of singleton bean 'org.springframework.boot.autoconfigure.jdbc.DataSourceAutoConfiguration'
2018-01-08 23:46:39 [main] DEBUG o.s.b.f.s.DefaultListableBeanFactory - Returning cached instance of singleton bean 'dataSourceInitializer'
2018-01-08 23:46:39 [main] DEBUG o.s.b.f.s.DefaultListableBeanFactory - Returning cached instance of singleton bean 'spring.datasource-org.springframework.boot.autoconfigure.jdbc.DataSourceProperties'
2018-01-08 23:46:39 [main] DEBUG o.s.b.f.s.DefaultListableBeanFactory - Returning cached instance of singleton bean 'dataSourceInitializerPostProcessor'
2018-01-08 23:46:39 [main] DEBUG o.s.b.f.s.DefaultListableBeanFactory - Returning cached instance of singleton bean 'org.springframework.boot.autoconfigure.info.ProjectInfoAutoConfiguration'
2018-01-08 23:46:39 [main] DEBUG o.s.b.f.s.DefaultListableBeanFactory - Returning cached instance of singleton bean 'spring.info-org.springframework.boot.autoconfigure.info.ProjectInfoProperties'
2018-01-08 23:46:39 [main] DEBUG o.s.b.f.s.DefaultListableBeanFactory - Returning cached instance of singleton bean 'org.springframework.boot.actuate.autoconfigure.InfoContributorAutoConfiguration'
2018-01-08 23:46:39 [main] DEBUG o.s.b.f.s.DefaultListableBeanFactory - Returning cached instance of singleton bean 'envInfoContributor'
2018-01-08 23:46:39 [main] DEBUG o.s.b.f.s.DefaultListableBeanFactory - Returning cached instance of singleton bean 'management.info-org.springframework.boot.actuate.autoconfigure.InfoContributorProperties'
2018-01-08 23:46:39 [main] DEBUG o.s.b.f.s.DefaultListableBeanFactory - Returning cached instance of singleton bean 'org.springframework.boot.actuate.autoconfigure.HealthIndicatorAutoConfiguration$DiskSpaceHealthIndicatorConfiguration'
2018-01-08 23:46:39 [main] DEBUG o.s.b.f.s.DefaultListableBeanFactory - Returning cached instance of singleton bean 'diskSpaceHealthIndicator'
2018-01-08 23:46:39 [main] DEBUG o.s.b.f.s.DefaultListableBeanFactory - Returning cached instance of singleton bean 'diskSpaceHealthIndicatorProperties'
2018-01-08 23:46:39 [main] DEBUG o.s.b.f.s.DefaultListableBeanFactory - Returning cached instance of singleton bean 'org.springframework.boot.actuate.autoconfigure.HealthIndicatorAutoConfiguration$DataSourcesHealthIndicatorConfiguration'
2018-01-08 23:46:39 [main] DEBUG o.s.b.f.s.DefaultListableBeanFactory - Returning cached instance of singleton bean 'dbHealthIndicator'
2018-01-08 23:46:39 [main] DEBUG o.s.b.f.s.DefaultListableBeanFactory - Returning cached instance of singleton bean 'org.springframework.boot.actuate.autoconfigure.HealthIndicatorAutoConfiguration'
2018-01-08 23:46:39 [main] DEBUG o.s.b.f.s.DefaultListableBeanFactory - Returning cached instance of singleton bean 'healthAggregator'
2018-01-08 23:46:39 [main] DEBUG o.s.b.f.s.DefaultListableBeanFactory - Returning cached instance of singleton bean 'management.health.status-org.springframework.boot.actuate.autoconfigure.HealthIndicatorProperties'
2018-01-08 23:46:39 [main] DEBUG o.s.b.f.s.DefaultListableBeanFactory - Returning cached instance of singleton bean 'org.springframework.boot.actuate.autoconfigure.MetricRepositoryAutoConfiguration$FastMetricServicesConfiguration'
2018-01-08 23:46:39 [main] DEBUG o.s.b.f.s.DefaultListableBeanFactory - Returning cached instance of singleton bean 'counterBuffers'
2018-01-08 23:46:39 [main] DEBUG o.s.b.f.s.DefaultListableBeanFactory - Returning cached instance of singleton bean 'gaugeBuffers'
2018-01-08 23:46:39 [main] DEBUG o.s.b.f.s.DefaultListableBeanFactory - Returning cached instance of singleton bean 'actuatorMetricReader'
2018-01-08 23:46:39 [main] DEBUG o.s.b.f.s.DefaultListableBeanFactory - Returning cached instance of singleton bean 'counterService'
2018-01-08 23:46:39 [main] DEBUG o.s.b.f.s.DefaultListableBeanFactory - Returning cached instance of singleton bean 'gaugeService'
2018-01-08 23:46:39 [main] DEBUG o.s.b.f.s.DefaultListableBeanFactory - Returning cached instance of singleton bean 'org.springframework.boot.actuate.autoconfigure.MetricRepositoryAutoConfiguration'
2018-01-08 23:46:39 [main] DEBUG o.s.b.f.s.DefaultListableBeanFactory - Returning cached instance of singleton bean 'org.springframework.boot.actuate.autoconfigure.PublicMetricsAutoConfiguration$TomcatMetricsConfiguration'
2018-01-08 23:46:39 [main] DEBUG o.s.b.f.s.DefaultListableBeanFactory - Returning cached instance of singleton bean 'tomcatPublicMetrics'
2018-01-08 23:46:39 [main] DEBUG o.s.b.f.s.DefaultListableBeanFactory - Returning cached instance of singleton bean 'org.springframework.boot.actuate.autoconfigure.PublicMetricsAutoConfiguration$DataSourceMetricsConfiguration'
2018-01-08 23:46:39 [main] DEBUG o.s.b.f.s.DefaultListableBeanFactory - Returning cached instance of singleton bean 'dataSourcePublicMetrics'
2018-01-08 23:46:39 [main] DEBUG o.s.b.f.s.DefaultListableBeanFactory - Returning cached instance of singleton bean 'org.springframework.boot.actuate.autoconfigure.PublicMetricsAutoConfiguration'
2018-01-08 23:46:39 [main] DEBUG o.s.b.f.s.DefaultListableBeanFactory - Returning cached instance of singleton bean 'systemPublicMetrics'
2018-01-08 23:46:39 [main] DEBUG o.s.b.f.s.DefaultListableBeanFactory - Returning cached instance of singleton bean 'metricReaderPublicMetrics'
2018-01-08 23:46:39 [main] DEBUG o.s.b.f.s.DefaultListableBeanFactory - Returning cached instance of singleton bean 'org.springframework.boot.actuate.autoconfigure.EndpointAutoConfiguration$RequestMappingEndpointConfiguration'
2018-01-08 23:46:39 [main] DEBUG o.s.b.f.s.DefaultListableBeanFactory - Returning cached instance of singleton bean 'requestMappingEndpoint'
2018-01-08 23:46:39 [main] DEBUG o.s.b.f.s.DefaultListableBeanFactory - Returning cached instance of singleton bean 'org.springframework.boot.actuate.autoconfigure.EndpointAutoConfiguration'
2018-01-08 23:46:39 [main] DEBUG o.s.b.f.s.DefaultListableBeanFactory - Returning cached instance of singleton bean 'environmentEndpoint'
2018-01-08 23:46:39 [main] DEBUG o.s.b.f.s.DefaultListableBeanFactory - Returning cached instance of singleton bean 'healthEndpoint'
2018-01-08 23:46:39 [main] DEBUG o.s.b.f.s.DefaultListableBeanFactory - Returning cached instance of singleton bean 'beansEndpoint'
2018-01-08 23:46:39 [main] DEBUG o.s.b.f.s.DefaultListableBeanFactory - Returning cached instance of singleton bean 'infoEndpoint'
2018-01-08 23:46:39 [main] DEBUG o.s.b.f.s.DefaultListableBeanFactory - Returning cached instance of singleton bean 'metricsEndpoint'
2018-01-08 23:46:39 [main] DEBUG o.s.b.f.s.DefaultListableBeanFactory - Returning cached instance of singleton bean 'traceEndpoint'
2018-01-08 23:46:39 [main] DEBUG o.s.b.f.s.DefaultListableBeanFactory - Returning cached instance of singleton bean 'dumpEndpoint'
2018-01-08 23:46:39 [main] DEBUG o.s.b.f.s.DefaultListableBeanFactory - Returning cached instance of singleton bean 'autoConfigurationReportEndpoint'
2018-01-08 23:46:39 [main] DEBUG o.s.b.f.s.DefaultListableBeanFactory - Returning cached instance of singleton bean 'shutdownEndpoint'
2018-01-08 23:46:39 [main] DEBUG o.s.b.f.s.DefaultListableBeanFactory - Returning cached instance of singleton bean 'configurationPropertiesReportEndpoint'
2018-01-08 23:46:39 [main] DEBUG o.s.b.f.s.DefaultListableBeanFactory - Returning cached instance of singleton bean 'endpoints-org.springframework.boot.actuate.endpoint.EndpointProperties'
2018-01-08 23:46:39 [main] DEBUG o.s.b.f.s.DefaultListableBeanFactory - Returning cached instance of singleton bean 'org.springframework.boot.autoconfigure.web.ServerPropertiesAutoConfiguration'
2018-01-08 23:46:39 [main] DEBUG o.s.b.f.s.DefaultListableBeanFactory - Returning cached instance of singleton bean 'serverProperties'
2018-01-08 23:46:39 [main] DEBUG o.s.b.f.s.DefaultListableBeanFactory - Returning cached instance of singleton bean 'duplicateServerPropertiesDetector'
2018-01-08 23:46:39 [main] DEBUG o.s.b.f.s.DefaultListableBeanFactory - Returning cached instance of singleton bean 'org.springframework.boot.actuate.autoconfigure.ManagementServerPropertiesAutoConfiguration'
2018-01-08 23:46:39 [main] DEBUG o.s.b.f.s.DefaultListableBeanFactory - Returning cached instance of singleton bean 'managementServerProperties'
2018-01-08 23:46:39 [main] DEBUG o.s.b.f.s.DefaultListableBeanFactory - Returning cached instance of singleton bean 'org.springframework.boot.autoconfigure.web.HttpMessageConvertersAutoConfiguration$StringHttpMessageConverterConfiguration'
2018-01-08 23:46:39 [main] DEBUG o.s.b.f.s.DefaultListableBeanFactory - Returning cached instance of singleton bean 'stringHttpMessageConverter'
2018-01-08 23:46:39 [main] DEBUG o.s.b.f.s.DefaultListableBeanFactory - Returning cached instance of singleton bean 'spring.http.encoding-org.springframework.boot.autoconfigure.web.HttpEncodingProperties'
2018-01-08 23:46:39 [main] DEBUG o.s.b.f.s.DefaultListableBeanFactory - Returning cached instance of singleton bean 'org.springframework.boot.autoconfigure.web.JacksonHttpMessageConvertersConfiguration$MappingJackson2XmlHttpMessageConverterConfiguration'
2018-01-08 23:46:39 [main] DEBUG o.s.b.f.s.DefaultListableBeanFactory - Returning cached instance of singleton bean 'mappingJackson2XmlHttpMessageConverter'
2018-01-08 23:46:39 [main] DEBUG o.s.b.f.s.DefaultListableBeanFactory - Returning cached instance of singleton bean 'org.springframework.boot.autoconfigure.web.JacksonHttpMessageConvertersConfiguration$MappingJackson2HttpMessageConverterConfiguration'
2018-01-08 23:46:39 [main] DEBUG o.s.b.f.s.DefaultListableBeanFactory - Returning cached instance of singleton bean 'mappingJackson2HttpMessageConverter'
2018-01-08 23:46:39 [main] DEBUG o.s.b.f.s.DefaultListableBeanFactory - Returning cached instance of singleton bean 'org.springframework.boot.autoconfigure.web.JacksonHttpMessageConvertersConfiguration'
2018-01-08 23:46:39 [main] DEBUG o.s.b.f.s.DefaultListableBeanFactory - Returning cached instance of singleton bean 'org.springframework.boot.autoconfigure.web.HttpMessageConvertersAutoConfiguration'
2018-01-08 23:46:39 [main] DEBUG o.s.b.f.s.DefaultListableBeanFactory - Returning cached instance of singleton bean 'messageConverters'
2018-01-08 23:46:39 [main] DEBUG o.s.b.f.s.DefaultListableBeanFactory - Returning cached instance of singleton bean 'org.springframework.boot.actuate.autoconfigure.EndpointWebMvcManagementContextConfiguration'
2018-01-08 23:46:39 [main] DEBUG o.s.b.f.s.DefaultListableBeanFactory - Returning cached instance of singleton bean 'endpointHandlerMapping'
2018-01-08 23:46:39 [main] DEBUG o.s.b.f.s.DefaultListableBeanFactory - Returning cached instance of singleton bean 'mvcEndpoints'
2018-01-08 23:46:39 [main] DEBUG o.s.b.f.s.DefaultListableBeanFactory - Returning cached instance of singleton bean 'environmentMvcEndpoint'
2018-01-08 23:46:39 [main] DEBUG o.s.b.f.s.DefaultListableBeanFactory - Returning cached instance of singleton bean 'heapdumpMvcEndpoint'
2018-01-08 23:46:39 [main] DEBUG o.s.b.f.s.DefaultListableBeanFactory - Returning cached instance of singleton bean 'healthMvcEndpoint'
2018-01-08 23:46:39 [main] DEBUG o.s.b.f.s.DefaultListableBeanFactory - Returning cached instance of singleton bean 'metricsMvcEndpoint'
2018-01-08 23:46:39 [main] DEBUG o.s.b.f.s.DefaultListableBeanFactory - Returning cached instance of singleton bean 'endpoints.health-org.springframework.boot.actuate.autoconfigure.HealthMvcEndpointProperties'
2018-01-08 23:46:39 [main] DEBUG o.s.b.f.s.DefaultListableBeanFactory - Returning cached instance of singleton bean 'endpoints.cors-org.springframework.boot.actuate.autoconfigure.EndpointCorsProperties'
2018-01-08 23:46:39 [main] DEBUG o.s.b.f.s.DefaultListableBeanFactory - Returning cached instance of singleton bean 'org.springframework.boot.actuate.autoconfigure.EndpointWebMvcAutoConfiguration$EndpointWebMvcConfiguration'
2018-01-08 23:46:39 [main] DEBUG o.s.b.f.s.DefaultListableBeanFactory - Returning cached instance of singleton bean 'org.springframework.boot.actuate.autoconfigure.EndpointWebMvcAutoConfiguration$ApplicationContextFilterConfiguration'
2018-01-08 23:46:39 [main] DEBUG o.s.b.f.s.DefaultListableBeanFactory - Returning cached instance of singleton bean 'applicationContextIdFilter'
2018-01-08 23:46:39 [main] DEBUG o.s.b.f.s.DefaultListableBeanFactory - Returning cached instance of singleton bean 'org.springframework.boot.actuate.autoconfigure.EndpointWebMvcAutoConfiguration'
2018-01-08 23:46:39 [main] DEBUG o.s.b.f.s.DefaultListableBeanFactory - Returning cached instance of singleton bean 'managementContextResolver'
2018-01-08 23:46:39 [main] DEBUG o.s.b.f.s.DefaultListableBeanFactory - Returning cached instance of singleton bean 'managementServletContext'
2018-01-08 23:46:39 [main] DEBUG o.s.b.f.s.DefaultListableBeanFactory - Returning cached instance of singleton bean 'org.springframework.boot.actuate.autoconfigure.MetricExportAutoConfiguration$MetricExportPropertiesConfiguration'
2018-01-08 23:46:39 [main] DEBUG o.s.b.f.s.DefaultListableBeanFactory - Returning cached instance of singleton bean 'spring.metrics.export-org.springframework.boot.actuate.metrics.export.MetricExportProperties'
2018-01-08 23:46:39 [main] DEBUG o.s.b.f.s.DefaultListableBeanFactory - Returning cached instance of singleton bean 'org.springframework.boot.actuate.autoconfigure.MetricExportAutoConfiguration$StatsdConfiguration'
2018-01-08 23:46:39 [main] DEBUG o.s.b.f.s.DefaultListableBeanFactory - Returning cached instance of singleton bean 'org.springframework.scheduling.annotation.SchedulingConfiguration'
2018-01-08 23:46:39 [main] DEBUG o.s.b.f.s.DefaultListableBeanFactory - Returning cached instance of singleton bean 'org.springframework.context.annotation.internalScheduledAnnotationProcessor'
2018-01-08 23:46:39 [main] DEBUG o.s.b.f.s.DefaultListableBeanFactory - Returning cached instance of singleton bean 'org.springframework.boot.actuate.autoconfigure.MetricExportAutoConfiguration'
2018-01-08 23:46:39 [main] DEBUG o.s.b.f.s.DefaultListableBeanFactory - Returning cached instance of singleton bean 'metricWritersMetricExporter'
2018-01-08 23:46:39 [main] DEBUG o.s.b.f.s.DefaultListableBeanFactory - Returning cached instance of singleton bean 'org.springframework.boot.actuate.autoconfigure.MetricFilterAutoConfiguration'
2018-01-08 23:46:39 [main] DEBUG o.s.b.f.s.DefaultListableBeanFactory - Returning cached instance of singleton bean 'metricsFilter'
2018-01-08 23:46:39 [main] DEBUG o.s.b.f.s.DefaultListableBeanFactory - Returning cached instance of singleton bean 'endpoints.metrics.filter-org.springframework.boot.actuate.autoconfigure.MetricFilterProperties'
2018-01-08 23:46:39 [main] DEBUG o.s.b.f.s.DefaultListableBeanFactory - Returning cached instance of singleton bean 'org.springframework.boot.actuate.autoconfigure.TraceRepositoryAutoConfiguration'
2018-01-08 23:46:39 [main] DEBUG o.s.b.f.s.DefaultListableBeanFactory - Returning cached instance of singleton bean 'traceRepository'
2018-01-08 23:46:39 [main] DEBUG o.s.b.f.s.DefaultListableBeanFactory - Returning cached instance of singleton bean 'org.springframework.boot.actuate.autoconfigure.TraceWebFilterAutoConfiguration'
2018-01-08 23:46:39 [main] DEBUG o.s.b.f.s.DefaultListableBeanFactory - Returning cached instance of singleton bean 'webRequestLoggingFilter'
2018-01-08 23:46:39 [main] DEBUG o.s.b.f.s.DefaultListableBeanFactory - Returning cached instance of singleton bean 'management.trace-org.springframework.boot.actuate.trace.TraceProperties'
2018-01-08 23:46:39 [main] DEBUG o.s.b.f.s.DefaultListableBeanFactory - Returning cached instance of singleton bean 'org.springframework.boot.autoconfigure.context.ConfigurationPropertiesAutoConfiguration'
2018-01-08 23:46:39 [main] DEBUG o.s.b.f.s.DefaultListableBeanFactory - Returning cached instance of singleton bean 'org.springframework.boot.autoconfigure.dao.PersistenceExceptionTranslationAutoConfiguration'
2018-01-08 23:46:39 [main] DEBUG o.s.b.f.s.DefaultListableBeanFactory - Returning cached instance of singleton bean 'persistenceExceptionTranslationPostProcessor'
2018-01-08 23:46:39 [main] DEBUG o.s.b.f.s.DefaultListableBeanFactory - Returning cached instance of singleton bean 'org.springframework.transaction.annotation.ProxyTransactionManagementConfiguration'
2018-01-08 23:46:39 [main] DEBUG o.s.b.f.s.DefaultListableBeanFactory - Returning cached instance of singleton bean 'org.springframework.transaction.config.internalTransactionAdvisor'
2018-01-08 23:46:39 [main] DEBUG o.s.b.f.s.DefaultListableBeanFactory - Returning cached instance of singleton bean 'transactionAttributeSource'
2018-01-08 23:46:39 [main] DEBUG o.s.b.f.s.DefaultListableBeanFactory - Returning cached instance of singleton bean 'transactionInterceptor'
2018-01-08 23:46:39 [main] DEBUG o.s.b.f.s.DefaultListableBeanFactory - Returning cached instance of singleton bean 'org.springframework.transaction.config.internalTransactionalEventListenerFactory'
2018-01-08 23:46:39 [main] DEBUG o.s.b.f.s.DefaultListableBeanFactory - Returning cached instance of singleton bean 'org.springframework.boot.autoconfigure.jdbc.DataSourceTransactionManagerAutoConfiguration$TransactionManagementConfiguration'
2018-01-08 23:46:39 [main] DEBUG o.s.b.f.s.DefaultListableBeanFactory - Returning cached instance of singleton bean 'org.springframework.aop.config.internalAutoProxyCreator'
2018-01-08 23:46:39 [main] DEBUG o.s.b.f.s.DefaultListableBeanFactory - Returning cached instance of singleton bean 'org.springframework.boot.autoconfigure.jdbc.DataSourceTransactionManagerAutoConfiguration$DataSourceTransactionManagerConfiguration'
2018-01-08 23:46:39 [main] DEBUG o.s.b.f.s.DefaultListableBeanFactory - Returning cached instance of singleton bean 'transactionManager'
2018-01-08 23:46:39 [main] DEBUG o.s.b.f.s.DefaultListableBeanFactory - Returning cached instance of singleton bean 'org.springframework.boot.autoconfigure.jdbc.DataSourceTransactionManagerAutoConfiguration'
2018-01-08 23:46:39 [main] DEBUG o.s.b.f.s.DefaultListableBeanFactory - Returning cached instance of singleton bean 'org.springframework.boot.autoconfigure.jdbc.JdbcTemplateAutoConfiguration'
2018-01-08 23:46:39 [main] DEBUG o.s.b.f.s.DefaultListableBeanFactory - Returning cached instance of singleton bean 'jdbcTemplate'
2018-01-08 23:46:39 [main] DEBUG o.s.b.f.s.DefaultListableBeanFactory - Returning cached instance of singleton bean 'namedParameterJdbcTemplate'
2018-01-08 23:46:39 [main] DEBUG o.s.b.f.s.DefaultListableBeanFactory - Returning cached instance of singleton bean 'org.springframework.boot.autoconfigure.transaction.TransactionAutoConfiguration'
2018-01-08 23:46:39 [main] DEBUG o.s.b.f.s.DefaultListableBeanFactory - Returning cached instance of singleton bean 'transactionTemplate'
2018-01-08 23:46:39 [main] DEBUG o.s.b.f.s.DefaultListableBeanFactory - Returning cached instance of singleton bean 'org.springframework.boot.autoconfigure.web.HttpEncodingAutoConfiguration'
2018-01-08 23:46:39 [main] DEBUG o.s.b.f.s.DefaultListableBeanFactory - Returning cached instance of singleton bean 'characterEncodingFilter'
2018-01-08 23:46:39 [main] DEBUG o.s.b.f.s.DefaultListableBeanFactory - Returning cached instance of singleton bean 'localeCharsetMappingsCustomizer'
2018-01-08 23:46:39 [main] DEBUG o.s.b.f.s.DefaultListableBeanFactory - Returning cached instance of singleton bean 'org.springframework.boot.autoconfigure.web.MultipartAutoConfiguration'
2018-01-08 23:46:39 [main] DEBUG o.s.b.f.s.DefaultListableBeanFactory - Returning cached instance of singleton bean 'multipartConfigElement'
2018-01-08 23:46:39 [main] DEBUG o.s.b.f.s.DefaultListableBeanFactory - Returning cached instance of singleton bean 'multipartResolver'
2018-01-08 23:46:39 [main] DEBUG o.s.b.f.s.DefaultListableBeanFactory - Returning cached instance of singleton bean 'spring.http.multipart-org.springframework.boot.autoconfigure.web.MultipartProperties'
2018-01-08 23:46:39 [main] DEBUG o.s.b.f.s.DefaultListableBeanFactory - Returning cached instance of singleton bean 'org.springframework.boot.autoconfigure.web.WebClientAutoConfiguration$RestTemplateConfiguration'
2018-01-08 23:46:39 [main] DEBUG o.s.b.f.s.DefaultListableBeanFactory - Returning cached instance of singleton bean 'restTemplateBuilder'
2018-01-08 23:46:39 [main] DEBUG o.s.b.f.s.DefaultListableBeanFactory - Returning cached instance of singleton bean 'org.springframework.boot.autoconfigure.web.WebClientAutoConfiguration'
2018-01-08 23:46:39 [main] DEBUG o.s.b.f.s.DefaultListableBeanFactory - Returning cached instance of singleton bean 'org.springframework.cloud.autoconfigure.ConfigurationPropertiesRebinderAutoConfiguration'
2018-01-08 23:46:39 [main] DEBUG o.s.b.f.s.DefaultListableBeanFactory - Returning cached instance of singleton bean 'configurationPropertiesBeans'
2018-01-08 23:46:39 [main] DEBUG o.s.b.f.s.DefaultListableBeanFactory - Returning cached instance of singleton bean 'configurationPropertiesRebinder'
2018-01-08 23:46:39 [main] DEBUG o.s.b.f.s.DefaultListableBeanFactory - Returning cached instance of singleton bean 'org.springframework.cloud.autoconfigure.RefreshEndpointAutoConfiguration$RefreshEndpointConfiguration'
2018-01-08 23:46:39 [main] DEBUG o.s.b.f.s.DefaultListableBeanFactory - Returning cached instance of singleton bean 'refreshEndpoint'
2018-01-08 23:46:39 [main] DEBUG o.s.b.f.s.DefaultListableBeanFactory - Returning cached instance of singleton bean 'refreshEventListener'
2018-01-08 23:46:39 [main] DEBUG o.s.b.f.s.DefaultListableBeanFactory - Returning cached instance of singleton bean 'org.springframework.cloud.autoconfigure.RefreshEndpointAutoConfiguration$RestartEndpointWithoutIntegration'
2018-01-08 23:46:39 [main] DEBUG o.s.b.f.s.DefaultListableBeanFactory - Returning cached instance of singleton bean 'restartEndpoint'
2018-01-08 23:46:39 [main] DEBUG o.s.b.f.s.DefaultListableBeanFactory - Returning cached instance of singleton bean 'org.springframework.cloud.autoconfigure.RefreshEndpointAutoConfiguration'
2018-01-08 23:46:39 [main] DEBUG o.s.b.f.s.DefaultListableBeanFactory - Returning cached instance of singleton bean 'refreshScopeHealthIndicator'
2018-01-08 23:46:39 [main] DEBUG o.s.b.f.s.DefaultListableBeanFactory - Returning cached instance of singleton bean 'pauseEndpoint'
2018-01-08 23:46:39 [main] DEBUG o.s.b.f.s.DefaultListableBeanFactory - Returning cached instance of singleton bean 'resumeEndpoint'
2018-01-08 23:46:39 [main] DEBUG o.s.b.f.s.DefaultListableBeanFactory - Returning cached instance of singleton bean 'org.springframework.cloud.autoconfigure.LifecycleMvcEndpointAutoConfiguration'
2018-01-08 23:46:39 [main] DEBUG o.s.b.f.s.DefaultListableBeanFactory - Returning cached instance of singleton bean 'environmentManagerEndpoint'
2018-01-08 23:46:39 [main] DEBUG o.s.b.f.s.DefaultListableBeanFactory - Returning cached instance of singleton bean 'refreshMvcEndpoint'
2018-01-08 23:46:39 [main] DEBUG o.s.b.f.s.DefaultListableBeanFactory - Returning cached instance of singleton bean 'restartMvcEndpoint'
2018-01-08 23:46:39 [main] DEBUG o.s.b.f.s.DefaultListableBeanFactory - Returning cached instance of singleton bean 'pauseMvcEndpoint'
2018-01-08 23:46:39 [main] DEBUG o.s.b.f.s.DefaultListableBeanFactory - Returning cached instance of singleton bean 'resumeMvcEndpoint'
2018-01-08 23:46:39 [main] DEBUG o.s.b.f.s.DefaultListableBeanFactory - Returning cached instance of singleton bean 'org.springframework.cloud.autoconfigure.RefreshAutoConfiguration$RefreshScopeConfiguration'
2018-01-08 23:46:39 [main] DEBUG o.s.b.f.s.DefaultListableBeanFactory - Returning cached instance of singleton bean 'org.springframework.cloud.autoconfigure.RefreshAutoConfiguration'
2018-01-08 23:46:39 [main] DEBUG o.s.b.f.s.DefaultListableBeanFactory - Returning cached instance of singleton bean 'loggingRebinder'
2018-01-08 23:46:39 [main] DEBUG o.s.b.f.s.DefaultListableBeanFactory - Returning cached instance of singleton bean 'environmentManager'
2018-01-08 23:46:39 [main] DEBUG o.s.b.f.s.DefaultListableBeanFactory - Returning cached instance of singleton bean 'contextRefresher'
2018-01-08 23:46:39 [main] DEBUG o.s.b.f.s.DefaultListableBeanFactory - Returning cached instance of singleton bean 'org.springframework.cloud.client.discovery.noop.NoopDiscoveryClientAutoConfiguration'
2018-01-08 23:46:39 [main] DEBUG o.s.b.f.s.DefaultListableBeanFactory - Returning cached instance of singleton bean 'discoveryClient'
2018-01-08 23:46:39 [main] DEBUG o.s.b.f.s.DefaultListableBeanFactory - Returning cached instance of singleton bean 'org.springframework.cloud.config.client.ConfigClientAutoConfiguration'
2018-01-08 23:46:39 [main] DEBUG o.s.b.f.s.DefaultListableBeanFactory - Returning cached instance of singleton bean 'configClientProperties'
2018-01-08 23:46:39 [main] DEBUG o.s.b.f.s.DefaultListableBeanFactory - Returning cached instance of singleton bean 'configClientHealthProperties'
2018-01-08 23:46:39 [main] DEBUG o.s.b.f.s.DefaultListableBeanFactory - Returning cached instance of singleton bean 'org.springframework.cloud.config.server.config.EnvironmentRepositoryConfiguration$DefaultEnvironmentWatch'
2018-01-08 23:46:39 [main] DEBUG o.s.b.f.s.DefaultListableBeanFactory - Returning cached instance of singleton bean 'environmentWatch'
2018-01-08 23:46:39 [main] DEBUG o.s.b.f.s.DefaultListableBeanFactory - Returning cached instance of singleton bean 'org.springframework.cloud.config.server.config.EnvironmentRepositoryConfiguration$GitRepositoryConfiguration'
2018-01-08 23:46:39 [main] DEBUG o.s.b.f.s.DefaultListableBeanFactory - Returning cached instance of singleton bean 'environmentRepository'
2018-01-08 23:46:39 [main] DEBUG o.s.b.f.s.DefaultListableBeanFactory - Returning cached instance of singleton bean 'org.springframework.cloud.config.server.config.EnvironmentRepositoryConfiguration'
2018-01-08 23:46:39 [main] DEBUG o.s.b.f.s.DefaultListableBeanFactory - Returning cached instance of singleton bean 'configServerHealthIndicator'
2018-01-08 23:46:39 [main] DEBUG o.s.b.f.s.DefaultListableBeanFactory - Returning cached instance of singleton bean 'org.springframework.cloud.config.server.config.ResourceRepositoryConfiguration'
2018-01-08 23:46:39 [main] DEBUG o.s.b.f.s.DefaultListableBeanFactory - Returning cached instance of singleton bean 'resourceRepository'
2018-01-08 23:46:39 [main] DEBUG o.s.b.f.s.DefaultListableBeanFactory - Returning cached instance of singleton bean 'spring.cloud.config.server-org.springframework.cloud.config.server.config.ConfigServerProperties'
2018-01-08 23:46:39 [main] DEBUG o.s.b.f.s.DefaultListableBeanFactory - Returning cached instance of singleton bean 'org.springframework.cloud.config.server.config.ConfigServerEncryptionConfiguration'
2018-01-08 23:46:39 [main] DEBUG o.s.b.f.s.DefaultListableBeanFactory - Returning cached instance of singleton bean 'encryptionController'
2018-01-08 23:46:39 [main] DEBUG o.s.b.f.s.DefaultListableBeanFactory - Returning cached instance of singleton bean 'org.springframework.cloud.config.server.config.ConfigServerMvcConfiguration'
2018-01-08 23:46:39 [main] DEBUG o.s.b.f.s.DefaultListableBeanFactory - Returning cached instance of singleton bean 'environmentController'
2018-01-08 23:46:39 [main] DEBUG o.s.b.f.s.DefaultListableBeanFactory - Returning cached instance of singleton bean 'resourceController'
2018-01-08 23:46:39 [main] DEBUG o.s.b.f.s.DefaultListableBeanFactory - Returning cached instance of singleton bean 'org.springframework.cloud.config.server.config.ConfigServerAutoConfiguration'
2018-01-08 23:46:39 [main] DEBUG o.s.b.f.s.DefaultListableBeanFactory - Returning cached instance of singleton bean 'org.springframework.cloud.config.server.config.EncryptionAutoConfiguration'
2018-01-08 23:46:39 [main] DEBUG o.s.b.f.s.DefaultListableBeanFactory - Returning cached instance of singleton bean 'encrypt-org.springframework.cloud.bootstrap.encrypt.KeyProperties'
2018-01-08 23:46:39 [main] DEBUG o.s.b.f.s.DefaultListableBeanFactory - Returning cached instance of singleton bean 'org.springframework.cloud.config.server.config.SingleEncryptorAutoConfiguration'
2018-01-08 23:46:39 [main] DEBUG o.s.b.f.s.DefaultListableBeanFactory - Returning cached instance of singleton bean 'textEncryptorLocator'
2018-01-08 23:46:39 [main] DEBUG o.s.b.f.s.DefaultListableBeanFactory - Returning cached instance of singleton bean 'refreshScope'
2018-01-08 23:46:39 [main] DEBUG o.s.b.f.s.DefaultListableBeanFactory - Returning cached instance of singleton bean 'com.myshop.products.common.logging.LoggingConfigListener'
2018-01-08 23:46:39 [main] DEBUG o.s.b.f.s.DefaultListableBeanFactory - Returning cached instance of singleton bean 'org.springframework.boot.test.mock.mockito.MockitoBeans'
2018-01-08 23:46:39 [main] DEBUG o.s.b.f.s.DefaultListableBeanFactory - Returning cached instance of singleton bean 'org.springframework.context.annotation.internalConfigurationAnnotationProcessor'
2018-01-08 23:46:39 [main] DEBUG o.s.b.f.s.DefaultListableBeanFactory - Returning cached instance of singleton bean 'org.springframework.context.annotation.internalAutowiredAnnotationProcessor'
2018-01-08 23:46:39 [main] DEBUG o.s.b.f.s.DefaultListableBeanFactory - Returning cached instance of singleton bean 'org.springframework.context.annotation.internalRequiredAnnotationProcessor'
2018-01-08 23:46:39 [main] DEBUG o.s.b.f.s.DefaultListableBeanFactory - Returning cached instance of singleton bean 'org.springframework.context.annotation.internalCommonAnnotationProcessor'
2018-01-08 23:46:39 [main] DEBUG o.s.b.f.s.DefaultListableBeanFactory - Returning cached instance of singleton bean 'org.springframework.context.event.internalEventListenerProcessor'
2018-01-08 23:46:39 [main] DEBUG o.s.b.f.s.DefaultListableBeanFactory - Returning cached instance of singleton bean 'org.springframework.context.event.internalEventListenerFactory'
2018-01-08 23:46:39 [main] DEBUG o.s.b.f.s.DefaultListableBeanFactory - Returning cached instance of singleton bean 'configServerBootstrapConfiguration'
2018-01-08 23:46:39 [main] DEBUG o.s.b.f.s.DefaultListableBeanFactory - Returning cached instance of singleton bean 'configServiceBootstrapConfiguration'
2018-01-08 23:46:39 [main] DEBUG o.s.b.f.s.DefaultListableBeanFactory - Returning cached instance of singleton bean 'propertySourceBootstrapConfiguration'
2018-01-08 23:46:39 [main] DEBUG o.s.b.f.s.DefaultListableBeanFactory - Returning cached instance of singleton bean 'encryptionBootstrapConfiguration'
2018-01-08 23:46:39 [main] DEBUG o.s.b.f.s.DefaultListableBeanFactory - Returning cached instance of singleton bean 'configurationPropertiesRebinderAutoConfiguration'
2018-01-08 23:46:39 [main] DEBUG o.s.b.f.s.DefaultListableBeanFactory - Returning cached instance of singleton bean 'propertyPlaceholderAutoConfiguration'
2018-01-08 23:46:39 [main] DEBUG o.s.b.f.s.DefaultListableBeanFactory - Returning cached instance of singleton bean 'org.springframework.boot.autoconfigure.internalCachingMetadataReaderFactory'
2018-01-08 23:46:39 [main] DEBUG o.s.b.f.s.DefaultListableBeanFactory - Returning cached instance of singleton bean 'org.springframework.context.annotation.ConfigurationClassPostProcessor.importAwareProcessor'
2018-01-08 23:46:39 [main] DEBUG o.s.b.f.s.DefaultListableBeanFactory - Returning cached instance of singleton bean 'org.springframework.context.annotation.ConfigurationClassPostProcessor.enhancedConfigurationProcessor'
2018-01-08 23:46:39 [main] DEBUG o.s.b.f.s.DefaultListableBeanFactory - Returning cached instance of singleton bean 'configClientProperties'
2018-01-08 23:46:39 [main] DEBUG o.s.b.f.s.DefaultListableBeanFactory - Returning cached instance of singleton bean 'org.springframework.boot.context.properties.ConfigurationPropertiesBindingPostProcessor'
2018-01-08 23:46:39 [main] DEBUG o.s.b.f.s.DefaultListableBeanFactory - Returning cached instance of singleton bean 'org.springframework.boot.context.properties.ConfigurationPropertiesBindingPostProcessor.store'
2018-01-08 23:46:39 [main] DEBUG o.s.b.f.s.DefaultListableBeanFactory - Returning cached instance of singleton bean 'spring.cloud.config-org.springframework.cloud.bootstrap.config.PropertySourceBootstrapProperties'
2018-01-08 23:46:39 [main] DEBUG o.s.b.f.s.DefaultListableBeanFactory - Returning cached instance of singleton bean 'org.springframework.cloud.bootstrap.encrypt.EncryptionBootstrapConfiguration$RsaEncryptionConfiguration'
2018-01-08 23:46:39 [main] DEBUG o.s.b.f.s.DefaultListableBeanFactory - Returning cached instance of singleton bean 'org.springframework.boot.autoconfigure.condition.BeanTypeRegistry'
2018-01-08 23:46:39 [main] DEBUG o.s.b.f.s.DefaultListableBeanFactory - Returning cached instance of singleton bean 'textEncryptor'
2018-01-08 23:46:39 [main] DEBUG o.s.b.f.s.DefaultListableBeanFactory - Returning cached instance of singleton bean 'environmentDecryptApplicationListener'
2018-01-08 23:46:39 [main] DEBUG o.s.b.f.s.DefaultListableBeanFactory - Returning cached instance of singleton bean 'encrypt-org.springframework.cloud.bootstrap.encrypt.KeyProperties'
2018-01-08 23:46:39 [main] DEBUG o.s.b.f.s.DefaultListableBeanFactory - Returning cached instance of singleton bean 'configurationPropertiesRebinder'
2018-01-08 23:46:39 [main] DEBUG o.s.b.f.s.DefaultListableBeanFactory - Returning cached instance of singleton bean 'configurationPropertiesBeans'
2018-01-08 23:46:39 [main] DEBUG o.s.b.f.s.DefaultListableBeanFactory - Returning cached instance of singleton bean 'propertySourcesPlaceholderConfigurer'
2018-01-08 23:46:39 [main] DEBUG o.s.t.c.s.AbstractDirtiesContextTestExecutionListener - After test method: context [DefaultTestContext@15d9bc04 testClass = ProductServiceIT, testInstance = com.myshop.products.ProductServiceIT@10b87ff6, testMethod = testDeleteProduct@ProductServiceIT, testException = java.lang.AssertionError: 1 expectation failed.
Response body doesn't match expectation.
Expected: a string containing "success"
  Actual: 
, mergedContextConfiguration = [WebMergedContextConfiguration@473b46c3 testClass = ProductServiceIT, locations = '{}', classes = '{class com.myshop.products.ProductApp, class com.myshop.products.ProductApp}', contextInitializerClasses = '[]', activeProfiles = '{}', propertySourceLocations = '{}', propertySourceProperties = '{org.springframework.boot.test.context.SpringBootTestContextBootstrapper=true, server.port=0}', contextCustomizers = set[org.springframework.boot.test.context.SpringBootTestContextCustomizer@6e6c3152, org.springframework.boot.test.context.filter.ExcludeFilterContextCustomizer@32709393, org.springframework.boot.test.mock.mockito.MockitoContextCustomizer@0, org.springframework.boot.test.autoconfigure.properties.PropertyMappingContextCustomizer@0, org.springframework.boot.test.autoconfigure.web.servlet.WebDriverContextCustomizerFactory$Customizer@10bbd20a], resourceBasePath = 'src/main/webapp', contextLoader = 'org.springframework.boot.test.context.SpringBootContextLoader', parent = [null]]], class annotated with @DirtiesContext [false] with mode [null], method annotated with @DirtiesContext [false] with mode [null].
]]></system-out>
  </testcase>
</testsuite>